RepeatModeler Version 2.0.1
===========================
Search Engine = rmblast 2.9.0+
Dependencies: TRF 4.09, RECON , RepeatScout 1.0.6, RepeatMasker 
LTR Structural Analysis: Disabled [use -LTRStruct to enable]
Random Number Seed: 1597790694
Database = Amore1 .
  - Sequences = 32
  - Bases = 28632928
Using output directory = /work/yk158/pmiEndo/repeatmodeler/RM_33694.TueAug181844552020
Storage Throughput = fair ( 434.87 MB/s )

Ready to start the sampling process.
INFO: The runtime of RepeatModeler heavily depends on the quality of the assembly
      and the repetitive content of the sequences.  It is not imperative
      that RepeatModeler completes all rounds in order to obtain useful
      results.  At the completion of each round, the files ( consensi.fa, and
      families.stk ) found in:
      /work/yk158/pmiEndo/repeatmodeler/RM_33694.TueAug181844552020/ 
      will contain all results produced thus far. These files may be 
      manually copied and run through RepeatClassifier should the program
      be terminated early.


RepeatModeler Round # 1
========================
Searching for Repeats
 -- Sampling from the database...
   - Gathering up to 40000000 bp
   - Final Sample Size = 28632832 bp ( 28460005 non ambiguous )
   - Num Contigs Represented = 32
   - Sequence extraction : 00:00:03 (hh:mm:ss) Elapsed Time
 -- Running RepeatScout on the sequences...
   - RepeatScout: Running build_lmer_table ( l = 14 )..
   - RepeatScout: Running RepeatScout.. : 142 raw families identified
   - RepeatScout: Running filtering stage.. 124 families remaining
   - RepeatScout: 00:06:23 (hh:mm:ss) Elapsed Time
   - Large Satellite Filtering.. : 2 found in 00:00:14 (hh:mm:ss) Elapsed Time
   - Collecting repeat instances...
 -- Refining Family R=41 / 0 ( RS Elements: 748, Using 100 )
 -- Refining Family R=1 / 1 ( RS Elements: 656, Using 100 )
 -- Refining Family R=13 / 2 ( RS Elements: 574, Using 100 )
 -- Refining Family R=5 / 3 ( RS Elements: 467, Using 100 )
 -- Refining Family R=19 / 4 ( RS Elements: 461, Using 100 )
 -- Refining Family R=96 / 5 ( RS Elements: 408, Using 100 )
 -- Refining Family R=93 / 6 ( RS Elements: 323, Using 100 )
 -- Refining Family R=26 / 7 ( RS Elements: 320, Using 100 )
 -- Refining Family R=14 / 8 ( RS Elements: 308, Using 100 )
 -- Refining Family R=7 / 9 ( RS Elements: 272, Using 100 )
 -- Refining Family R=22 / 10 ( RS Elements: 197, Using 100 )
 -- Refining Family R=11 / 11 ( RS Elements: 187, Using 100 )
 -- Refining Family R=64 / 12 ( RS Elements: 183, Using 100 )
 -- Refining Family R=21 / 13 ( RS Elements: 159, Using 100 )
 -- Refining Family R=17 / 14 ( RS Elements: 157, Using 100 )
 -- Refining Family R=12 / 15 ( RS Elements: 135, Using 100 )
 -- Refining Family R=8 / 16 ( RS Elements: 120, Using 100 )
 -- Refining Family R=48 / 17 ( RS Elements: 90, Using 90 )
 -- Refining Family R=23 / 18 ( RS Elements: 83, Using 83 )
 -- Refining Family R=4 / 19 ( RS Elements: 79, Using 79 )
 -- Refining Family R=15 / 20 ( RS Elements: 77, Using 77 )
 -- Refining Family R=20 / 21 ( RS Elements: 76, Using 76 )
 -- Refining Family R=16 / 22 ( RS Elements: 73, Using 73 )
 -- Refining Family R=9 / 23 ( RS Elements: 71, Using 71 )
 -- Refining Family R=25 / 24 ( RS Elements: 69, Using 69 )
 -- Refining Family R=122 / 25 ( RS Elements: 63, Using 63 )
 -- Refining Family R=127 / 26 ( RS Elements: 47, Using 47 )
 -- Refining Family R=89 / 27 ( RS Elements: 46, Using 46 )
 -- Refining Family R=38 / 28 ( RS Elements: 42, Using 42 )
 -- Refining Family R=37 / 29 ( RS Elements: 41, Using 41 )
 -- Refining Family R=31 / 30 ( RS Elements: 40, Using 40 )
 -- Refining Family R=59 / 31 ( RS Elements: 35, Using 35 )
 -- Refining Family R=18 / 32 ( RS Elements: 35, Using 35 )
 -- Refining Family R=56 / 33 ( RS Elements: 33, Using 33 )
 -- Refining Family R=30 / 34 ( RS Elements: 31, Using 31 )
 -- Refining Family R=92 / 35 ( RS Elements: 30, Using 30 )
 -- Refining Family R=86 / 36 ( RS Elements: 30, Using 30 )
 -- Refining Family R=73 / 37 ( RS Elements: 30, Using 30 )
 -- Refining Family R=34 / 38 ( RS Elements: 30, Using 30 )
 -- Refining Family R=76 / 39 ( RS Elements: 29, Using 29 )
 -- Refining Family R=42 / 40 ( RS Elements: 27, Using 27 )
 -- Refining Family R=83 / 41 ( RS Elements: 26, Using 26 )
 -- Refining Family R=107 / 42 ( RS Elements: 26, Using 26 )
 -- Refining Family R=35 / 43 ( RS Elements: 26, Using 26 )
 -- Refining Family R=131 / 44 ( RS Elements: 25, Using 25 )
 -- Refining Family R=62 / 45 ( RS Elements: 24, Using 24 )
 -- Refining Family R=69 / 46 ( RS Elements: 24, Using 24 )
 -- Refining Family R=28 / 47 ( RS Elements: 23, Using 23 )
 -- Refining Family R=74 / 48 ( RS Elements: 22, Using 22 )
 -- Refining Family R=32 / 49 ( RS Elements: 21, Using 21 )
 -- Refining Family R=98 / 50 ( RS Elements: 21, Using 21 )
 -- Refining Family R=114 / 51 ( RS Elements: 21, Using 21 )
 -- Refining Family R=49 / 52 ( RS Elements: 20, Using 20 )
 -- Refining Family R=80 / 53 ( RS Elements: 20, Using 20 )
 -- Refining Family R=40 / 54 ( RS Elements: 19, Using 19 )
 -- Refining Family R=46 / 55 ( RS Elements: 18, Using 18 )
 -- Refining Family R=136 / 56 ( RS Elements: 18, Using 18 )
 -- Refining Family R=128 / 57 ( RS Elements: 18, Using 18 )
 -- Refining Family R=100 / 58 ( RS Elements: 17, Using 17 )
 -- Refining Family R=45 / 59 ( RS Elements: 17, Using 17 )
Family Refinement: 01:46:37 (hh:mm:ss) Elapsed Time


RepeatModeler Round # 2
========================
Searching for Repeats
 -- Sampling from the database...
   - Gathering up to 3000000 bp
   - Sequence extraction : 00:00:01 (hh:mm:ss) Elapsed Time
 -- Running TRFMask on the sequence...
       251 Tandem Repeats Masked
   - TRFMask time 00:00:05 (hh:mm:ss) Elapsed Time
 -- Masking repeats from the previous rounds...
  - Masking 1 - 5 of 76
  - Masking 16 - 30 of 76
  - Masking 41 - 65 of 76
  - Masking 76 - 76 of 76
   - TE Masking time 00:00:12 (hh:mm:ss) Elapsed Time
 -- Sample Stats:
       Sample Size 3025238 bp
       Num Contigs Represented = 15
       Non ambiguous bp:
             Initial: 3014618 bp
             After Masking: 2882361 bp
             Masked: 4.39 % 
 -- Input Database Coverage: 3025238 bp out of 28632928 bp ( 10.57 % )
Sampling Time: 00:00:19 (hh:mm:ss) Elapsed Time
Running all-by-other comparisons...
        2% completed,  00:3:45 (hh:mm:ss) est. time remaining.
        5% completed,  00:1:48 (hh:mm:ss) est. time remaining.
        7% completed,  00:2:10 (hh:mm:ss) est. time remaining.
       10% completed,  00:1:44 (hh:mm:ss) est. time remaining.
       12% completed,  00:1:55 (hh:mm:ss) est. time remaining.
       15% completed,  00:1:39 (hh:mm:ss) est. time remaining.
       17% completed,  00:1:42 (hh:mm:ss) est. time remaining.
       20% completed,  00:1:43 (hh:mm:ss) est. time remaining.
       22% completed,  00:1:36 (hh:mm:ss) est. time remaining.
       24% completed,  00:1:31 (hh:mm:ss) est. time remaining.
       27% completed,  00:1:29 (hh:mm:ss) est. time remaining.
       29% completed,  00:1:27 (hh:mm:ss) est. time remaining.
       31% completed,  00:1:24 (hh:mm:ss) est. time remaining.
       33% completed,  00:1:30 (hh:mm:ss) est. time remaining.
       35% completed,  00:1:35 (hh:mm:ss) est. time remaining.
       37% completed,  00:1:32 (hh:mm:ss) est. time remaining.
       39% completed,  00:1:29 (hh:mm:ss) est. time remaining.
       42% completed,  00:1:21 (hh:mm:ss) est. time remaining.
       44% completed,  00:1:18 (hh:mm:ss) est. time remaining.
       45% completed,  00:1:15 (hh:mm:ss) est. time remaining.
       47% completed,  00:1:12 (hh:mm:ss) est. time remaining.
       49% completed,  00:1:09 (hh:mm:ss) est. time remaining.
       51% completed,  00:1:06 (hh:mm:ss) est. time remaining.
       53% completed,  00:1:01 (hh:mm:ss) est. time remaining.
       55% completed,  00:1:00 (hh:mm:ss) est. time remaining.
       57% completed,  00:0:56 (hh:mm:ss) est. time remaining.
       58% completed,  00:0:54 (hh:mm:ss) est. time remaining.
       60% completed,  00:0:52 (hh:mm:ss) est. time remaining.
       62% completed,  00:0:49 (hh:mm:ss) est. time remaining.
       63% completed,  00:0:47 (hh:mm:ss) est. time remaining.
       65% completed,  00:0:45 (hh:mm:ss) est. time remaining.
       66% completed,  00:0:42 (hh:mm:ss) est. time remaining.
       68% completed,  00:0:40 (hh:mm:ss) est. time remaining.
       69% completed,  00:0:38 (hh:mm:ss) est. time remaining.
       71% completed,  00:0:36 (hh:mm:ss) est. time remaining.
       72% completed,  00:0:35 (hh:mm:ss) est. time remaining.
       74% completed,  00:0:33 (hh:mm:ss) est. time remaining.
       75% completed,  00:0:31 (hh:mm:ss) est. time remaining.
       76% completed,  00:0:29 (hh:mm:ss) est. time remaining.
       77% completed,  00:0:28 (hh:mm:ss) est. time remaining.
       79% completed,  00:0:26 (hh:mm:ss) est. time remaining.
       80% completed,  00:0:25 (hh:mm:ss) est. time remaining.
       81% completed,  00:0:23 (hh:mm:ss) est. time remaining.
       82% completed,  00:0:22 (hh:mm:ss) est. time remaining.
       83% completed,  00:0:20 (hh:mm:ss) est. time remaining.
       84% completed,  00:0:19 (hh:mm:ss) est. time remaining.
       85% completed,  00:0:18 (hh:mm:ss) est. time remaining.
       86% completed,  00:0:16 (hh:mm:ss) est. time remaining.
       87% completed,  00:0:15 (hh:mm:ss) est. time remaining.
       88% completed,  00:0:14 (hh:mm:ss) est. time remaining.
       89% completed,  00:0:13 (hh:mm:ss) est. time remaining.
       90% completed,  00:0:12 (hh:mm:ss) est. time remaining.
       91% completed,  00:0:11 (hh:mm:ss) est. time remaining.
       91% completed,  00:0:10 (hh:mm:ss) est. time remaining.
       92% completed,  00:0:09 (hh:mm:ss) est. time remaining.
       93% completed,  00:0:08 (hh:mm:ss) est. time remaining.
       94% completed,  00:0:07 (hh:mm:ss) est. time remaining.
       94% completed,  00:0:06 (hh:mm:ss) est. time remaining.
       95% completed,  00:0:06 (hh:mm:ss) est. time remaining.
       95% completed,  00:0:05 (hh:mm:ss) est. time remaining.
       96% completed,  00:0:04 (hh:mm:ss) est. time remaining.
       96% completed,  00:0:04 (hh:mm:ss) est. time remaining.
       97% completed,  00:0:03 (hh:mm:ss) est. time remaining.
       97% completed,  00:0:02 (hh:mm:ss) est. time remaining.
       98% completed,  00:0:02 (hh:mm:ss) est. time remaining.
       98% completed,  00:0:02 (hh:mm:ss) est. time remaining.
       98% completed,  00:0:01 (hh:mm:ss) est. time remaining.
       99% completed,  00:0:01 (hh:mm:ss) est. time remaining.
       99% completed,  00:0:00 (hh:mm:ss) est. time remaining.
       99% completed,  00:0:00 (hh:mm:ss) est. time remaining.
       99% completed,  00:0:00 (hh:mm:ss) est. time remaining.
       99% completed,  00:0:00 (hh:mm:ss) est. time remaining.
       99% completed,  00:0:00 (hh:mm:ss) est. time remaining.
       99% completed,  00:0:00 (hh:mm:ss) est. time remaining.
      100% completed,  00:0:00 (hh:mm:ss) est. time remaining.
Comparison Time: 00:02:12 (hh:mm:ss) Elapsed Time, 716 HSPs Collected
  - RECON: Running imagespread..
RECON Elapsed: 00:00:00 (hh:mm:ss) Elapsed Time
  - RECON: Running initial definition of elements ( eledef )..
RECON Elapsed: 00:00:01 (hh:mm:ss) Elapsed Time
  - RECON: Running re-definition of elements ( eleredef )..
RECON Elapsed: 00:00:01 (hh:mm:ss) Elapsed Time
  - RECON: Running re-definition of edges ( edgeredef )..
RECON Elapsed: 00:00:01 (hh:mm:ss) Elapsed Time
  - RECON: Running family definition ( famdef )..
RECON Elapsed: 00:00:01 (hh:mm:ss) Elapsed Time
  - Obtaining element sequences
Number of families returned by RECON: 105
Processing families with greater than 15 elements
Family Refinement: 00:00:00 (hh:mm:ss) Elapsed Time
Round Time: 00:02:36 (hh:mm:ss) Elapsed Time


RepeatModeler Round # 3
========================
Searching for Repeats
 -- Sampling from the database...
   - Gathering up to 9000000 bp
   - Sequence extraction : 00:00:01 (hh:mm:ss) Elapsed Time
 -- Running TRFMask on the sequence...
       950 Tandem Repeats Masked
   - TRFMask time 00:00:16 (hh:mm:ss) Elapsed Time
 -- Masking repeats from the previous rounds...
  - Masking 1 - 5 of 236
  - Masking 16 - 30 of 236
  - Masking 41 - 65 of 236
  - Masking 76 - 110 of 236
  - Masking 121 - 165 of 236
  - Masking 176 - 230 of 236
   - TE Masking time 00:00:55 (hh:mm:ss) Elapsed Time
 -- Sample Stats:
       Sample Size 9092884 bp
       Num Contigs Represented = 22
       Non ambiguous bp:
             Initial: 9024430 bp
             After Masking: 8306167 bp
             Masked: 7.96 % 
 -- Input Database Coverage: 12118122 bp out of 28632928 bp ( 42.32 % )
Sampling Time: 00:01:13 (hh:mm:ss) Elapsed Time
Running all-by-other comparisons...
        0% completed,  -- (hh:mm:ss) est. time remaining.
        1% completed,  00:5:49 (hh:mm:ss) est. time remaining.
        2% completed,  00:5:08 (hh:mm:ss) est. time remaining.
        3% completed,  00:10:31 (hh:mm:ss) est. time remaining.
        4% completed,  00:8:44 (hh:mm:ss) est. time remaining.
        5% completed,  00:11:00 (hh:mm:ss) est. time remaining.
        5% completed,  00:10:43 (hh:mm:ss) est. time remaining.
        6% completed,  00:13:16 (hh:mm:ss) est. time remaining.
        7% completed,  00:14:23 (hh:mm:ss) est. time remaining.
        8% completed,  00:13:25 (hh:mm:ss) est. time remaining.
        9% completed,  00:13:46 (hh:mm:ss) est. time remaining.
        9% completed,  00:13:18 (hh:mm:ss) est. time remaining.
       10% completed,  00:14:58 (hh:mm:ss) est. time remaining.
       11% completed,  00:13:48 (hh:mm:ss) est. time remaining.
       12% completed,  00:14:27 (hh:mm:ss) est. time remaining.
       13% completed,  00:13:27 (hh:mm:ss) est. time remaining.
       13% completed,  00:14:01 (hh:mm:ss) est. time remaining.
       14% completed,  00:13:14 (hh:mm:ss) est. time remaining.
       15% completed,  00:13:00 (hh:mm:ss) est. time remaining.
       16% completed,  00:13:02 (hh:mm:ss) est. time remaining.
       17% completed,  00:12:44 (hh:mm:ss) est. time remaining.
       17% completed,  00:12:46 (hh:mm:ss) est. time remaining.
       18% completed,  00:12:25 (hh:mm:ss) est. time remaining.
       19% completed,  00:12:34 (hh:mm:ss) est. time remaining.
       20% completed,  00:12:07 (hh:mm:ss) est. time remaining.
       20% completed,  00:11:37 (hh:mm:ss) est. time remaining.
       21% completed,  00:11:54 (hh:mm:ss) est. time remaining.
       22% completed,  00:11:30 (hh:mm:ss) est. time remaining.
       23% completed,  00:11:11 (hh:mm:ss) est. time remaining.
       23% completed,  00:11:16 (hh:mm:ss) est. time remaining.
       24% completed,  00:11:02 (hh:mm:ss) est. time remaining.
       25% completed,  00:11:21 (hh:mm:ss) est. time remaining.
       26% completed,  00:11:01 (hh:mm:ss) est. time remaining.
       26% completed,  00:11:01 (hh:mm:ss) est. time remaining.
       27% completed,  00:10:50 (hh:mm:ss) est. time remaining.
       28% completed,  00:10:50 (hh:mm:ss) est. time remaining.
       28% completed,  00:10:35 (hh:mm:ss) est. time remaining.
       29% completed,  00:10:35 (hh:mm:ss) est. time remaining.
       30% completed,  00:10:25 (hh:mm:ss) est. time remaining.
       31% completed,  00:10:40 (hh:mm:ss) est. time remaining.
       31% completed,  00:10:46 (hh:mm:ss) est. time remaining.
       32% completed,  00:10:27 (hh:mm:ss) est. time remaining.
       33% completed,  00:10:22 (hh:mm:ss) est. time remaining.
       33% completed,  00:10:16 (hh:mm:ss) est. time remaining.
       34% completed,  00:10:09 (hh:mm:ss) est. time remaining.
       35% completed,  00:9:58 (hh:mm:ss) est. time remaining.
       35% completed,  00:10:00 (hh:mm:ss) est. time remaining.
       36% completed,  00:9:46 (hh:mm:ss) est. time remaining.
       37% completed,  00:9:52 (hh:mm:ss) est. time remaining.
       37% completed,  00:9:35 (hh:mm:ss) est. time remaining.
       38% completed,  00:9:38 (hh:mm:ss) est. time remaining.
       39% completed,  00:9:25 (hh:mm:ss) est. time remaining.
       39% completed,  00:9:28 (hh:mm:ss) est. time remaining.
       40% completed,  00:9:14 (hh:mm:ss) est. time remaining.
       41% completed,  00:9:09 (hh:mm:ss) est. time remaining.
       41% completed,  00:9:02 (hh:mm:ss) est. time remaining.
       42% completed,  00:9:00 (hh:mm:ss) est. time remaining.
       43% completed,  00:8:50 (hh:mm:ss) est. time remaining.
       43% completed,  00:8:37 (hh:mm:ss) est. time remaining.
       44% completed,  00:8:32 (hh:mm:ss) est. time remaining.
       45% completed,  00:8:30 (hh:mm:ss) est. time remaining.
       45% completed,  00:8:22 (hh:mm:ss) est. time remaining.
       46% completed,  00:8:22 (hh:mm:ss) est. time remaining.
       46% completed,  00:8:15 (hh:mm:ss) est. time remaining.
       47% completed,  00:8:06 (hh:mm:ss) est. time remaining.
       48% completed,  00:7:59 (hh:mm:ss) est. time remaining.
       48% completed,  00:7:56 (hh:mm:ss) est. time remaining.
       49% completed,  00:7:54 (hh:mm:ss) est. time remaining.
       50% completed,  00:7:46 (hh:mm:ss) est. time remaining.
       50% completed,  00:7:45 (hh:mm:ss) est. time remaining.
       51% completed,  00:7:39 (hh:mm:ss) est. time remaining.
       51% completed,  00:7:41 (hh:mm:ss) est. time remaining.
       52% completed,  00:7:38 (hh:mm:ss) est. time remaining.
       52% completed,  00:7:32 (hh:mm:ss) est. time remaining.
       53% completed,  00:7:24 (hh:mm:ss) est. time remaining.
       54% completed,  00:7:23 (hh:mm:ss) est. time remaining.
       54% completed,  00:7:15 (hh:mm:ss) est. time remaining.
       55% completed,  00:7:14 (hh:mm:ss) est. time remaining.
       55% completed,  00:7:06 (hh:mm:ss) est. time remaining.
       56% completed,  00:7:02 (hh:mm:ss) est. time remaining.
       56% completed,  00:6:57 (hh:mm:ss) est. time remaining.
       57% completed,  00:6:53 (hh:mm:ss) est. time remaining.
       58% completed,  00:6:47 (hh:mm:ss) est. time remaining.
       58% completed,  00:6:42 (hh:mm:ss) est. time remaining.
       59% completed,  00:6:34 (hh:mm:ss) est. time remaining.
       59% completed,  00:6:33 (hh:mm:ss) est. time remaining.
       60% completed,  00:6:25 (hh:mm:ss) est. time remaining.
       60% completed,  00:6:21 (hh:mm:ss) est. time remaining.
       61% completed,  00:6:14 (hh:mm:ss) est. time remaining.
       61% completed,  00:6:09 (hh:mm:ss) est. time remaining.
       62% completed,  00:6:04 (hh:mm:ss) est. time remaining.
       62% completed,  00:6:00 (hh:mm:ss) est. time remaining.
       63% completed,  00:5:53 (hh:mm:ss) est. time remaining.
       63% completed,  00:5:49 (hh:mm:ss) est. time remaining.
       64% completed,  00:5:43 (hh:mm:ss) est. time remaining.
       64% completed,  00:5:39 (hh:mm:ss) est. time remaining.
       65% completed,  00:5:33 (hh:mm:ss) est. time remaining.
       65% completed,  00:5:28 (hh:mm:ss) est. time remaining.
       66% completed,  00:5:23 (hh:mm:ss) est. time remaining.
       66% completed,  00:5:18 (hh:mm:ss) est. time remaining.
       67% completed,  00:5:13 (hh:mm:ss) est. time remaining.
       67% completed,  00:5:07 (hh:mm:ss) est. time remaining.
       68% completed,  00:5:03 (hh:mm:ss) est. time remaining.
       68% completed,  00:4:58 (hh:mm:ss) est. time remaining.
       69% completed,  00:4:53 (hh:mm:ss) est. time remaining.
       69% completed,  00:4:49 (hh:mm:ss) est. time remaining.
       70% completed,  00:4:45 (hh:mm:ss) est. time remaining.
       70% completed,  00:4:40 (hh:mm:ss) est. time remaining.
       71% completed,  00:4:36 (hh:mm:ss) est. time remaining.
       71% completed,  00:4:31 (hh:mm:ss) est. time remaining.
       72% completed,  00:4:28 (hh:mm:ss) est. time remaining.
       72% completed,  00:4:25 (hh:mm:ss) est. time remaining.
       72% completed,  00:4:21 (hh:mm:ss) est. time remaining.
       73% completed,  00:4:16 (hh:mm:ss) est. time remaining.
       73% completed,  00:4:12 (hh:mm:ss) est. time remaining.
       74% completed,  00:4:08 (hh:mm:ss) est. time remaining.
       74% completed,  00:4:04 (hh:mm:ss) est. time remaining.
       75% completed,  00:4:02 (hh:mm:ss) est. time remaining.
       75% completed,  00:3:57 (hh:mm:ss) est. time remaining.
       75% completed,  00:3:52 (hh:mm:ss) est. time remaining.
       76% completed,  00:3:49 (hh:mm:ss) est. time remaining.
       76% completed,  00:3:44 (hh:mm:ss) est. time remaining.
       77% completed,  00:3:40 (hh:mm:ss) est. time remaining.
       77% completed,  00:3:35 (hh:mm:ss) est. time remaining.
       77% completed,  00:3:31 (hh:mm:ss) est. time remaining.
       78% completed,  00:3:27 (hh:mm:ss) est. time remaining.
       78% completed,  00:3:23 (hh:mm:ss) est. time remaining.
       79% completed,  00:3:20 (hh:mm:ss) est. time remaining.
       79% completed,  00:3:16 (hh:mm:ss) est. time remaining.
       79% completed,  00:3:12 (hh:mm:ss) est. time remaining.
       80% completed,  00:3:08 (hh:mm:ss) est. time remaining.
       80% completed,  00:3:04 (hh:mm:ss) est. time remaining.
       81% completed,  00:3:01 (hh:mm:ss) est. time remaining.
       81% completed,  00:2:57 (hh:mm:ss) est. time remaining.
       81% completed,  00:2:54 (hh:mm:ss) est. time remaining.
       82% completed,  00:2:50 (hh:mm:ss) est. time remaining.
       82% completed,  00:2:47 (hh:mm:ss) est. time remaining.
       82% completed,  00:2:43 (hh:mm:ss) est. time remaining.
       83% completed,  00:2:40 (hh:mm:ss) est. time remaining.
       83% completed,  00:2:37 (hh:mm:ss) est. time remaining.
       83% completed,  00:2:33 (hh:mm:ss) est. time remaining.
       84% completed,  00:2:30 (hh:mm:ss) est. time remaining.
       84% completed,  00:2:27 (hh:mm:ss) est. time remaining.
       84% completed,  00:2:24 (hh:mm:ss) est. time remaining.
       85% completed,  00:2:20 (hh:mm:ss) est. time remaining.
       85% completed,  00:2:18 (hh:mm:ss) est. time remaining.
       85% completed,  00:2:14 (hh:mm:ss) est. time remaining.
       86% completed,  00:2:11 (hh:mm:ss) est. time remaining.
       86% completed,  00:2:08 (hh:mm:ss) est. time remaining.
       86% completed,  00:2:05 (hh:mm:ss) est. time remaining.
       87% completed,  00:2:02 (hh:mm:ss) est. time remaining.
       87% completed,  00:1:59 (hh:mm:ss) est. time remaining.
       87% completed,  00:1:57 (hh:mm:ss) est. time remaining.
       88% completed,  00:1:53 (hh:mm:ss) est. time remaining.
       88% completed,  00:1:51 (hh:mm:ss) est. time remaining.
       88% completed,  00:1:48 (hh:mm:ss) est. time remaining.
       88% completed,  00:1:45 (hh:mm:ss) est. time remaining.
       89% completed,  00:1:42 (hh:mm:ss) est. time remaining.
       89% completed,  00:1:40 (hh:mm:ss) est. time remaining.
       89% completed,  00:1:37 (hh:mm:ss) est. time remaining.
       89% completed,  00:1:34 (hh:mm:ss) est. time remaining.
       90% completed,  00:1:32 (hh:mm:ss) est. time remaining.
       90% completed,  00:1:29 (hh:mm:ss) est. time remaining.
       90% completed,  00:1:27 (hh:mm:ss) est. time remaining.
       91% completed,  00:1:24 (hh:mm:ss) est. time remaining.
       91% completed,  00:1:22 (hh:mm:ss) est. time remaining.
       91% completed,  00:1:20 (hh:mm:ss) est. time remaining.
       91% completed,  00:1:18 (hh:mm:ss) est. time remaining.
       92% completed,  00:1:15 (hh:mm:ss) est. time remaining.
       92% completed,  00:1:13 (hh:mm:ss) est. time remaining.
       92% completed,  00:1:11 (hh:mm:ss) est. time remaining.
       92% completed,  00:1:09 (hh:mm:ss) est. time remaining.
       92% completed,  00:1:07 (hh:mm:ss) est. time remaining.
       93% completed,  00:1:04 (hh:mm:ss) est. time remaining.
       93% completed,  00:1:02 (hh:mm:ss) est. time remaining.
       93% completed,  00:1:00 (hh:mm:ss) est. time remaining.
       93% completed,  00:0:58 (hh:mm:ss) est. time remaining.
       94% completed,  00:0:56 (hh:mm:ss) est. time remaining.
       94% completed,  00:0:54 (hh:mm:ss) est. time remaining.
       94% completed,  00:0:52 (hh:mm:ss) est. time remaining.
       94% completed,  00:0:51 (hh:mm:ss) est. time remaining.
       94% completed,  00:0:49 (hh:mm:ss) est. time remaining.
       95% completed,  00:0:47 (hh:mm:ss) est. time remaining.
       95% completed,  00:0:45 (hh:mm:ss) est. time remaining.
       95% completed,  00:0:43 (hh:mm:ss) est. time remaining.
       95% completed,  00:0:42 (hh:mm:ss) est. time remaining.
       95% completed,  00:0:40 (hh:mm:ss) est. time remaining.
       95% completed,  00:0:38 (hh:mm:ss) est. time remaining.
       96% completed,  00:0:37 (hh:mm:ss) est. time remaining.
       96% completed,  00:0:35 (hh:mm:ss) est. time remaining.
       96% completed,  00:0:34 (hh:mm:ss) est. time remaining.
       96% completed,  00:0:32 (hh:mm:ss) est. time remaining.
       96% completed,  00:0:31 (hh:mm:ss) est. time remaining.
       96% completed,  00:0:29 (hh:mm:ss) est. time remaining.
       97% completed,  00:0:28 (hh:mm:ss) est. time remaining.
       97% completed,  00:0:26 (hh:mm:ss) est. time remaining.
       97% completed,  00:0:25 (hh:mm:ss) est. time remaining.
       97% completed,  00:0:24 (hh:mm:ss) est. time remaining.
       97% completed,  00:0:22 (hh:mm:ss) est. time remaining.
       97% completed,  00:0:21 (hh:mm:ss) est. time remaining.
       97% completed,  00:0:20 (hh:mm:ss) est. time remaining.
       97% completed,  00:0:19 (hh:mm:ss) est. time remaining.
       98% completed,  00:0:18 (hh:mm:ss) est. time remaining.
       98% completed,  00:0:17 (hh:mm:ss) est. time remaining.
       98% completed,  00:0:15 (hh:mm:ss) est. time remaining.
       98% completed,  00:0:14 (hh:mm:ss) est. time remaining.
       98% completed,  00:0:13 (hh:mm:ss) est. time remaining.
       98% completed,  00:0:12 (hh:mm:ss) est. time remaining.
       98% completed,  00:0:12 (hh:mm:ss) est. time remaining.
       98% completed,  00:0:11 (hh:mm:ss) est. time remaining.
       98% completed,  00:0:10 (hh:mm:ss) est. time remaining.
       99% completed,  00:0:09 (hh:mm:ss) est. time remaining.
       99% completed,  00:0:08 (hh:mm:ss) est. time remaining.
       99% completed,  00:0:07 (hh:mm:ss) est. time remaining.
       99% completed,  00:0:07 (hh:mm:ss) est. time remaining.
       99% completed,  00:0:06 (hh:mm:ss) est. time remaining.
       99% completed,  00:0:05 (hh:mm:ss) est. time remaining.
       99% completed,  00:0:05 (hh:mm:ss) est. time remaining.
       99% completed,  00:0:04 (hh:mm:ss) est. time remaining.
       99% completed,  00:0:04 (hh:mm:ss) est. time remaining.
       99% completed,  00:0:03 (hh:mm:ss) est. time remaining.
       99% completed,  00:0:03 (hh:mm:ss) est. time remaining.
       99% completed,  00:0:02 (hh:mm:ss) est. time remaining.
       99% completed,  00:0:02 (hh:mm:ss) est. time remaining.
       99% completed,  00:0:01 (hh:mm:ss) est. time remaining.
       99% completed,  00:0:01 (hh:mm:ss) est. time remaining.
       99% completed,  00:0:01 (hh:mm:ss) est. time remaining.
       99% completed,  00:0:00 (hh:mm:ss) est. time remaining.
       99% completed,  00:0:00 (hh:mm:ss) est. time remaining.
       99% completed,  00:0:00 (hh:mm:ss) est. time remaining.
       99% completed,  00:0:00 (hh:mm:ss) est. time remaining.
       99% completed,  00:0:00 (hh:mm:ss) est. time remaining.
       99% completed,  00:0:00 (hh:mm:ss) est. time remaining.
       99% completed,  00:0:00 (hh:mm:ss) est. time remaining.
      100% completed,  00:0:00 (hh:mm:ss) est. time remaining.
Comparison Time: 00:15:56 (hh:mm:ss) Elapsed Time, 4771 HSPs Collected
  - RECON: Running imagespread..
RECON Elapsed: 00:00:00 (hh:mm:ss) Elapsed Time
  - RECON: Running initial definition of elements ( eledef )..
RECON Elapsed: 00:00:04 (hh:mm:ss) Elapsed Time
  - RECON: Running re-definition of elements ( eleredef )..
RECON Elapsed: 00:00:08 (hh:mm:ss) Elapsed Time
  - RECON: Running re-definition of edges ( edgeredef )..
RECON Elapsed: 00:00:12 (hh:mm:ss) Elapsed Time
  - RECON: Running family definition ( famdef )..
RECON Elapsed: 00:00:00 (hh:mm:ss) Elapsed Time
  - Obtaining element sequences
Number of families returned by RECON: 476
Processing families with greater than 15 elements

Processing RECON family: 11
  - Saving 35 elements
  - Refining family-11 model...

Processing RECON family: 101
  - Saving 16 elements
  - Refining family-101 model...
Family Refinement: 00:04:31 (hh:mm:ss) Elapsed Time
Round Time: 00:22:09 (hh:mm:ss) Elapsed Time


RepeatModeler Round # 4
========================
Searching for Repeats
 -- Sampling from the database...
   - Gathering up to 27000000 bp
   - Sequence extraction : 00:00:03 (hh:mm:ss) Elapsed Time
 -- Running TRFMask on the sequence...
       1542 Tandem Repeats Masked
   - TRFMask time 00:00:30 (hh:mm:ss) Elapsed Time
 -- Masking repeats from the previous rounds...
  - Masking 1 - 5 of 427
  - Masking 16 - 30 of 427
  - Masking 41 - 65 of 427
  - Masking 76 - 110 of 427
  - Masking 121 - 165 of 427
  - Masking 176 - 230 of 427
  - Masking 241 - 305 of 427
  - Masking 316 - 390 of 427
  - Masking 401 - 427 of 427
   - TE Masking time 00:02:12 (hh:mm:ss) Elapsed Time
 -- Sample Stats:
       Sample Size 16514550 bp
       Num Contigs Represented = 25
       Non ambiguous bp:
             Initial: 16420797 bp
             After Masking: 14833174 bp
             Masked: 9.67 % 
 -- Input Database Coverage: 28632672 bp out of 28632928 bp ( 100.00 % )
Sampling Time: 00:02:47 (hh:mm:ss) Elapsed Time
Running all-by-other comparisons...
        0% completed,  01:49:47 (hh:mm:ss) est. time remaining.
        0% completed,  00:54:42 (hh:mm:ss) est. time remaining.
        1% completed,  01:12:40 (hh:mm:ss) est. time remaining.
        1% completed,  00:55:11 (hh:mm:ss) est. time remaining.
        2% completed,  00:46:05 (hh:mm:ss) est. time remaining.
        2% completed,  00:54:30 (hh:mm:ss) est. time remaining.
        3% completed,  00:48:03 (hh:mm:ss) est. time remaining.
        3% completed,  00:42:44 (hh:mm:ss) est. time remaining.
        4% completed,  00:49:20 (hh:mm:ss) est. time remaining.
        4% completed,  00:45:57 (hh:mm:ss) est. time remaining.
        5% completed,  00:43:30 (hh:mm:ss) est. time remaining.
        5% completed,  00:45:23 (hh:mm:ss) est. time remaining.
        6% completed,  00:45:40 (hh:mm:ss) est. time remaining.
        6% completed,  00:46:35 (hh:mm:ss) est. time remaining.
        6% completed,  00:47:08 (hh:mm:ss) est. time remaining.
        7% completed,  00:48:01 (hh:mm:ss) est. time remaining.
        7% completed,  00:47:59 (hh:mm:ss) est. time remaining.
        8% completed,  00:48:17 (hh:mm:ss) est. time remaining.
        8% completed,  00:48:12 (hh:mm:ss) est. time remaining.
        9% completed,  00:48:45 (hh:mm:ss) est. time remaining.
        9% completed,  00:48:28 (hh:mm:ss) est. time remaining.
       10% completed,  00:48:37 (hh:mm:ss) est. time remaining.
       10% completed,  00:48:02 (hh:mm:ss) est. time remaining.
       10% completed,  00:48:26 (hh:mm:ss) est. time remaining.
       11% completed,  00:46:59 (hh:mm:ss) est. time remaining.
       11% completed,  00:45:45 (hh:mm:ss) est. time remaining.
       12% completed,  00:46:38 (hh:mm:ss) est. time remaining.
       12% completed,  00:45:36 (hh:mm:ss) est. time remaining.
       13% completed,  00:47:03 (hh:mm:ss) est. time remaining.
       13% completed,  00:45:50 (hh:mm:ss) est. time remaining.
       14% completed,  00:47:34 (hh:mm:ss) est. time remaining.
       14% completed,  00:48:34 (hh:mm:ss) est. time remaining.
       14% completed,  00:47:12 (hh:mm:ss) est. time remaining.
       15% completed,  00:47:56 (hh:mm:ss) est. time remaining.
       15% completed,  00:48:10 (hh:mm:ss) est. time remaining.
       16% completed,  00:47:47 (hh:mm:ss) est. time remaining.
       16% completed,  00:47:54 (hh:mm:ss) est. time remaining.
       17% completed,  00:47:40 (hh:mm:ss) est. time remaining.
       17% completed,  00:47:13 (hh:mm:ss) est. time remaining.
       17% completed,  00:47:05 (hh:mm:ss) est. time remaining.
       18% completed,  00:46:16 (hh:mm:ss) est. time remaining.
       18% completed,  00:45:25 (hh:mm:ss) est. time remaining.
       19% completed,  00:44:53 (hh:mm:ss) est. time remaining.
       19% completed,  00:45:20 (hh:mm:ss) est. time remaining.
       19% completed,  00:44:25 (hh:mm:ss) est. time remaining.
       20% completed,  00:45:06 (hh:mm:ss) est. time remaining.
       20% completed,  00:44:13 (hh:mm:ss) est. time remaining.
       21% completed,  00:44:51 (hh:mm:ss) est. time remaining.
       21% completed,  00:43:56 (hh:mm:ss) est. time remaining.
       22% completed,  00:42:57 (hh:mm:ss) est. time remaining.
       22% completed,  00:42:07 (hh:mm:ss) est. time remaining.
       22% completed,  00:42:28 (hh:mm:ss) est. time remaining.
       23% completed,  00:41:53 (hh:mm:ss) est. time remaining.
       23% completed,  00:42:23 (hh:mm:ss) est. time remaining.
       24% completed,  00:41:33 (hh:mm:ss) est. time remaining.
       24% completed,  00:42:08 (hh:mm:ss) est. time remaining.
       24% completed,  00:41:13 (hh:mm:ss) est. time remaining.
       25% completed,  00:41:46 (hh:mm:ss) est. time remaining.
       25% completed,  00:40:56 (hh:mm:ss) est. time remaining.
       26% completed,  00:41:18 (hh:mm:ss) est. time remaining.
       26% completed,  00:40:33 (hh:mm:ss) est. time remaining.
       26% completed,  00:40:11 (hh:mm:ss) est. time remaining.
       27% completed,  00:39:46 (hh:mm:ss) est. time remaining.
       27% completed,  00:39:51 (hh:mm:ss) est. time remaining.
       28% completed,  00:39:27 (hh:mm:ss) est. time remaining.
       28% completed,  00:39:41 (hh:mm:ss) est. time remaining.
       28% completed,  00:39:11 (hh:mm:ss) est. time remaining.
       29% completed,  00:39:21 (hh:mm:ss) est. time remaining.
       29% completed,  00:38:56 (hh:mm:ss) est. time remaining.
       30% completed,  00:39:06 (hh:mm:ss) est. time remaining.
       30% completed,  00:38:30 (hh:mm:ss) est. time remaining.
       30% completed,  00:37:48 (hh:mm:ss) est. time remaining.
       31% completed,  00:38:13 (hh:mm:ss) est. time remaining.
       31% completed,  00:37:32 (hh:mm:ss) est. time remaining.
       32% completed,  00:37:49 (hh:mm:ss) est. time remaining.
       32% completed,  00:37:10 (hh:mm:ss) est. time remaining.
       32% completed,  00:37:30 (hh:mm:ss) est. time remaining.
       33% completed,  00:36:52 (hh:mm:ss) est. time remaining.
       33% completed,  00:36:20 (hh:mm:ss) est. time remaining.
       33% completed,  00:36:30 (hh:mm:ss) est. time remaining.
       34% completed,  00:35:59 (hh:mm:ss) est. time remaining.
       34% completed,  00:35:23 (hh:mm:ss) est. time remaining.
       35% completed,  00:35:12 (hh:mm:ss) est. time remaining.
       35% completed,  00:35:01 (hh:mm:ss) est. time remaining.
       35% completed,  00:34:51 (hh:mm:ss) est. time remaining.
       36% completed,  00:34:37 (hh:mm:ss) est. time remaining.
       36% completed,  00:34:06 (hh:mm:ss) est. time remaining.
       37% completed,  00:34:04 (hh:mm:ss) est. time remaining.
       37% completed,  00:33:40 (hh:mm:ss) est. time remaining.
       37% completed,  00:33:39 (hh:mm:ss) est. time remaining.
       38% completed,  00:33:14 (hh:mm:ss) est. time remaining.
       38% completed,  00:33:12 (hh:mm:ss) est. time remaining.
       38% completed,  00:32:48 (hh:mm:ss) est. time remaining.
       39% completed,  00:32:51 (hh:mm:ss) est. time remaining.
       39% completed,  00:32:30 (hh:mm:ss) est. time remaining.
       39% completed,  00:32:26 (hh:mm:ss) est. time remaining.
       40% completed,  00:31:57 (hh:mm:ss) est. time remaining.
       40% completed,  00:32:03 (hh:mm:ss) est. time remaining.
       41% completed,  00:31:35 (hh:mm:ss) est. time remaining.
       41% completed,  00:31:25 (hh:mm:ss) est. time remaining.
       41% completed,  00:31:02 (hh:mm:ss) est. time remaining.
       42% completed,  00:30:37 (hh:mm:ss) est. time remaining.
       42% completed,  00:30:45 (hh:mm:ss) est. time remaining.
       42% completed,  00:30:21 (hh:mm:ss) est. time remaining.
       43% completed,  00:30:25 (hh:mm:ss) est. time remaining.
       43% completed,  00:30:01 (hh:mm:ss) est. time remaining.
       43% completed,  00:30:10 (hh:mm:ss) est. time remaining.
       44% completed,  00:29:51 (hh:mm:ss) est. time remaining.
       44% completed,  00:29:52 (hh:mm:ss) est. time remaining.
       44% completed,  00:29:31 (hh:mm:ss) est. time remaining.
       45% completed,  00:29:30 (hh:mm:ss) est. time remaining.
       45% completed,  00:29:08 (hh:mm:ss) est. time remaining.
       45% completed,  00:29:12 (hh:mm:ss) est. time remaining.
       46% completed,  00:28:50 (hh:mm:ss) est. time remaining.
       46% completed,  00:28:52 (hh:mm:ss) est. time remaining.
       46% completed,  00:28:30 (hh:mm:ss) est. time remaining.
       47% completed,  00:28:07 (hh:mm:ss) est. time remaining.
       47% completed,  00:28:13 (hh:mm:ss) est. time remaining.
       48% completed,  00:27:51 (hh:mm:ss) est. time remaining.
       48% completed,  00:27:52 (hh:mm:ss) est. time remaining.
       48% completed,  00:27:30 (hh:mm:ss) est. time remaining.
       49% completed,  00:27:32 (hh:mm:ss) est. time remaining.
       49% completed,  00:27:11 (hh:mm:ss) est. time remaining.
       49% completed,  00:27:13 (hh:mm:ss) est. time remaining.
       50% completed,  00:26:53 (hh:mm:ss) est. time remaining.
       50% completed,  00:26:58 (hh:mm:ss) est. time remaining.
       50% completed,  00:26:37 (hh:mm:ss) est. time remaining.
       51% completed,  00:26:39 (hh:mm:ss) est. time remaining.
       51% completed,  00:26:19 (hh:mm:ss) est. time remaining.
       51% completed,  00:26:19 (hh:mm:ss) est. time remaining.
       51% completed,  00:26:00 (hh:mm:ss) est. time remaining.
       52% completed,  00:25:41 (hh:mm:ss) est. time remaining.
       52% completed,  00:25:40 (hh:mm:ss) est. time remaining.
       52% completed,  00:25:23 (hh:mm:ss) est. time remaining.
       53% completed,  00:25:19 (hh:mm:ss) est. time remaining.
       53% completed,  00:25:04 (hh:mm:ss) est. time remaining.
       53% completed,  00:24:54 (hh:mm:ss) est. time remaining.
       54% completed,  00:24:36 (hh:mm:ss) est. time remaining.
       54% completed,  00:24:34 (hh:mm:ss) est. time remaining.
       54% completed,  00:24:19 (hh:mm:ss) est. time remaining.
       55% completed,  00:24:16 (hh:mm:ss) est. time remaining.
       55% completed,  00:24:03 (hh:mm:ss) est. time remaining.
       55% completed,  00:23:57 (hh:mm:ss) est. time remaining.
       56% completed,  00:23:42 (hh:mm:ss) est. time remaining.
       56% completed,  00:23:38 (hh:mm:ss) est. time remaining.
       56% completed,  00:23:21 (hh:mm:ss) est. time remaining.
       57% completed,  00:23:17 (hh:mm:ss) est. time remaining.
       57% completed,  00:23:01 (hh:mm:ss) est. time remaining.
       57% completed,  00:22:54 (hh:mm:ss) est. time remaining.
       57% completed,  00:22:37 (hh:mm:ss) est. time remaining.
       58% completed,  00:22:35 (hh:mm:ss) est. time remaining.
       58% completed,  00:22:18 (hh:mm:ss) est. time remaining.
       58% completed,  00:22:20 (hh:mm:ss) est. time remaining.
       59% completed,  00:22:04 (hh:mm:ss) est. time remaining.
       59% completed,  00:22:03 (hh:mm:ss) est. time remaining.
       59% completed,  00:21:47 (hh:mm:ss) est. time remaining.
       60% completed,  00:21:39 (hh:mm:ss) est. time remaining.
       60% completed,  00:21:28 (hh:mm:ss) est. time remaining.
       60% completed,  00:21:18 (hh:mm:ss) est. time remaining.
       60% completed,  00:21:11 (hh:mm:ss) est. time remaining.
       61% completed,  00:20:56 (hh:mm:ss) est. time remaining.
       61% completed,  00:20:53 (hh:mm:ss) est. time remaining.
       61% completed,  00:20:38 (hh:mm:ss) est. time remaining.
       62% completed,  00:20:34 (hh:mm:ss) est. time remaining.
       62% completed,  00:20:20 (hh:mm:ss) est. time remaining.
       62% completed,  00:20:18 (hh:mm:ss) est. time remaining.
       62% completed,  00:20:06 (hh:mm:ss) est. time remaining.
       63% completed,  00:20:04 (hh:mm:ss) est. time remaining.
       63% completed,  00:20:02 (hh:mm:ss) est. time remaining.
       63% completed,  00:19:55 (hh:mm:ss) est. time remaining.
       64% completed,  00:19:42 (hh:mm:ss) est. time remaining.
       64% completed,  00:19:35 (hh:mm:ss) est. time remaining.
       64% completed,  00:19:25 (hh:mm:ss) est. time remaining.
       64% completed,  00:19:15 (hh:mm:ss) est. time remaining.
       65% completed,  00:19:11 (hh:mm:ss) est. time remaining.
       65% completed,  00:19:00 (hh:mm:ss) est. time remaining.
       65% completed,  00:18:49 (hh:mm:ss) est. time remaining.
       66% completed,  00:18:40 (hh:mm:ss) est. time remaining.
       66% completed,  00:18:31 (hh:mm:ss) est. time remaining.
       66% completed,  00:18:21 (hh:mm:ss) est. time remaining.
       66% completed,  00:18:12 (hh:mm:ss) est. time remaining.
       67% completed,  00:18:03 (hh:mm:ss) est. time remaining.
       67% completed,  00:17:54 (hh:mm:ss) est. time remaining.
       67% completed,  00:17:45 (hh:mm:ss) est. time remaining.
       67% completed,  00:17:36 (hh:mm:ss) est. time remaining.
       68% completed,  00:17:24 (hh:mm:ss) est. time remaining.
       68% completed,  00:17:20 (hh:mm:ss) est. time remaining.
       68% completed,  00:17:08 (hh:mm:ss) est. time remaining.
       68% completed,  00:17:02 (hh:mm:ss) est. time remaining.
       69% completed,  00:16:51 (hh:mm:ss) est. time remaining.
       69% completed,  00:16:44 (hh:mm:ss) est. time remaining.
       69% completed,  00:16:32 (hh:mm:ss) est. time remaining.
       70% completed,  00:16:26 (hh:mm:ss) est. time remaining.
       70% completed,  00:16:16 (hh:mm:ss) est. time remaining.
       70% completed,  00:16:09 (hh:mm:ss) est. time remaining.
       70% completed,  00:15:58 (hh:mm:ss) est. time remaining.
       71% completed,  00:15:52 (hh:mm:ss) est. time remaining.
       71% completed,  00:15:41 (hh:mm:ss) est. time remaining.
       71% completed,  00:15:33 (hh:mm:ss) est. time remaining.
       71% completed,  00:15:24 (hh:mm:ss) est. time remaining.
       72% completed,  00:15:16 (hh:mm:ss) est. time remaining.
       72% completed,  00:15:08 (hh:mm:ss) est. time remaining.
       72% completed,  00:15:00 (hh:mm:ss) est. time remaining.
       72% completed,  00:14:51 (hh:mm:ss) est. time remaining.
       73% completed,  00:14:40 (hh:mm:ss) est. time remaining.
       73% completed,  00:14:35 (hh:mm:ss) est. time remaining.
       73% completed,  00:14:25 (hh:mm:ss) est. time remaining.
       73% completed,  00:14:19 (hh:mm:ss) est. time remaining.
       73% completed,  00:14:09 (hh:mm:ss) est. time remaining.
       74% completed,  00:14:00 (hh:mm:ss) est. time remaining.
       74% completed,  00:13:50 (hh:mm:ss) est. time remaining.
       74% completed,  00:13:41 (hh:mm:ss) est. time remaining.
       74% completed,  00:13:34 (hh:mm:ss) est. time remaining.
       75% completed,  00:13:27 (hh:mm:ss) est. time remaining.
       75% completed,  00:13:17 (hh:mm:ss) est. time remaining.
       75% completed,  00:13:11 (hh:mm:ss) est. time remaining.
       75% completed,  00:13:03 (hh:mm:ss) est. time remaining.
       76% completed,  00:12:54 (hh:mm:ss) est. time remaining.
       76% completed,  00:12:46 (hh:mm:ss) est. time remaining.
       76% completed,  00:12:39 (hh:mm:ss) est. time remaining.
       76% completed,  00:12:32 (hh:mm:ss) est. time remaining.
       77% completed,  00:12:23 (hh:mm:ss) est. time remaining.
       77% completed,  00:12:18 (hh:mm:ss) est. time remaining.
       77% completed,  00:12:08 (hh:mm:ss) est. time remaining.
       77% completed,  00:12:01 (hh:mm:ss) est. time remaining.
       77% completed,  00:11:54 (hh:mm:ss) est. time remaining.
       78% completed,  00:11:45 (hh:mm:ss) est. time remaining.
       78% completed,  00:11:39 (hh:mm:ss) est. time remaining.
       78% completed,  00:11:31 (hh:mm:ss) est. time remaining.
       78% completed,  00:11:24 (hh:mm:ss) est. time remaining.
       78% completed,  00:11:17 (hh:mm:ss) est. time remaining.
       79% completed,  00:11:11 (hh:mm:ss) est. time remaining.
       79% completed,  00:11:06 (hh:mm:ss) est. time remaining.
       79% completed,  00:10:59 (hh:mm:ss) est. time remaining.
       79% completed,  00:10:51 (hh:mm:ss) est. time remaining.
       80% completed,  00:10:45 (hh:mm:ss) est. time remaining.
       80% completed,  00:10:38 (hh:mm:ss) est. time remaining.
       80% completed,  00:10:32 (hh:mm:ss) est. time remaining.
       80% completed,  00:10:26 (hh:mm:ss) est. time remaining.
       80% completed,  00:10:21 (hh:mm:ss) est. time remaining.
       81% completed,  00:10:14 (hh:mm:ss) est. time remaining.
       81% completed,  00:10:07 (hh:mm:ss) est. time remaining.
       81% completed,  00:10:01 (hh:mm:ss) est. time remaining.
       81% completed,  00:9:54 (hh:mm:ss) est. time remaining.
       81% completed,  00:9:48 (hh:mm:ss) est. time remaining.
       82% completed,  00:9:41 (hh:mm:ss) est. time remaining.
       82% completed,  00:9:35 (hh:mm:ss) est. time remaining.
       82% completed,  00:9:28 (hh:mm:ss) est. time remaining.
       82% completed,  00:9:22 (hh:mm:ss) est. time remaining.
       82% completed,  00:9:15 (hh:mm:ss) est. time remaining.
       83% completed,  00:9:09 (hh:mm:ss) est. time remaining.
       83% completed,  00:9:02 (hh:mm:ss) est. time remaining.
       83% completed,  00:8:56 (hh:mm:ss) est. time remaining.
       83% completed,  00:8:49 (hh:mm:ss) est. time remaining.
       83% completed,  00:8:43 (hh:mm:ss) est. time remaining.
       84% completed,  00:8:36 (hh:mm:ss) est. time remaining.
       84% completed,  00:8:31 (hh:mm:ss) est. time remaining.
       84% completed,  00:8:24 (hh:mm:ss) est. time remaining.
       84% completed,  00:8:19 (hh:mm:ss) est. time remaining.
       84% completed,  00:8:12 (hh:mm:ss) est. time remaining.
       84% completed,  00:8:06 (hh:mm:ss) est. time remaining.
       85% completed,  00:8:00 (hh:mm:ss) est. time remaining.
       85% completed,  00:7:54 (hh:mm:ss) est. time remaining.
       85% completed,  00:7:49 (hh:mm:ss) est. time remaining.
       85% completed,  00:7:42 (hh:mm:ss) est. time remaining.
       85% completed,  00:7:37 (hh:mm:ss) est. time remaining.
       86% completed,  00:7:31 (hh:mm:ss) est. time remaining.
       86% completed,  00:7:24 (hh:mm:ss) est. time remaining.
       86% completed,  00:7:20 (hh:mm:ss) est. time remaining.
       86% completed,  00:7:14 (hh:mm:ss) est. time remaining.
       86% completed,  00:7:07 (hh:mm:ss) est. time remaining.
       86% completed,  00:7:02 (hh:mm:ss) est. time remaining.
       87% completed,  00:6:57 (hh:mm:ss) est. time remaining.
       87% completed,  00:6:52 (hh:mm:ss) est. time remaining.
       87% completed,  00:6:46 (hh:mm:ss) est. time remaining.
       87% completed,  00:6:41 (hh:mm:ss) est. time remaining.
       87% completed,  00:6:36 (hh:mm:ss) est. time remaining.
       87% completed,  00:6:30 (hh:mm:ss) est. time remaining.
       88% completed,  00:6:25 (hh:mm:ss) est. time remaining.
       88% completed,  00:6:20 (hh:mm:ss) est. time remaining.
       88% completed,  00:6:16 (hh:mm:ss) est. time remaining.
       88% completed,  00:6:10 (hh:mm:ss) est. time remaining.
       88% completed,  00:6:05 (hh:mm:ss) est. time remaining.
       88% completed,  00:5:59 (hh:mm:ss) est. time remaining.
       88% completed,  00:5:55 (hh:mm:ss) est. time remaining.
       89% completed,  00:5:49 (hh:mm:ss) est. time remaining.
       89% completed,  00:5:44 (hh:mm:ss) est. time remaining.
       89% completed,  00:5:40 (hh:mm:ss) est. time remaining.
       89% completed,  00:5:35 (hh:mm:ss) est. time remaining.
       89% completed,  00:5:29 (hh:mm:ss) est. time remaining.
       89% completed,  00:5:25 (hh:mm:ss) est. time remaining.
       90% completed,  00:5:20 (hh:mm:ss) est. time remaining.
       90% completed,  00:5:15 (hh:mm:ss) est. time remaining.
       90% completed,  00:5:10 (hh:mm:ss) est. time remaining.
       90% completed,  00:5:06 (hh:mm:ss) est. time remaining.
       90% completed,  00:5:01 (hh:mm:ss) est. time remaining.
       90% completed,  00:4:57 (hh:mm:ss) est. time remaining.
       90% completed,  00:4:52 (hh:mm:ss) est. time remaining.
       91% completed,  00:4:48 (hh:mm:ss) est. time remaining.
       91% completed,  00:4:43 (hh:mm:ss) est. time remaining.
       91% completed,  00:4:38 (hh:mm:ss) est. time remaining.
       91% completed,  00:4:34 (hh:mm:ss) est. time remaining.
       91% completed,  00:4:29 (hh:mm:ss) est. time remaining.
       91% completed,  00:4:25 (hh:mm:ss) est. time remaining.
       91% completed,  00:4:21 (hh:mm:ss) est. time remaining.
       92% completed,  00:4:17 (hh:mm:ss) est. time remaining.
       92% completed,  00:4:12 (hh:mm:ss) est. time remaining.
       92% completed,  00:4:08 (hh:mm:ss) est. time remaining.
       92% completed,  00:4:04 (hh:mm:ss) est. time remaining.
       92% completed,  00:4:00 (hh:mm:ss) est. time remaining.
       92% completed,  00:3:56 (hh:mm:ss) est. time remaining.
       92% completed,  00:3:51 (hh:mm:ss) est. time remaining.
       92% completed,  00:3:48 (hh:mm:ss) est. time remaining.
       93% completed,  00:3:43 (hh:mm:ss) est. time remaining.
       93% completed,  00:3:40 (hh:mm:ss) est. time remaining.
       93% completed,  00:3:36 (hh:mm:ss) est. time remaining.
       93% completed,  00:3:32 (hh:mm:ss) est. time remaining.
       93% completed,  00:3:28 (hh:mm:ss) est. time remaining.
       93% completed,  00:3:24 (hh:mm:ss) est. time remaining.
       93% completed,  00:3:20 (hh:mm:ss) est. time remaining.
       93% completed,  00:3:16 (hh:mm:ss) est. time remaining.
       93% completed,  00:3:13 (hh:mm:ss) est. time remaining.
       94% completed,  00:3:09 (hh:mm:ss) est. time remaining.
       94% completed,  00:3:05 (hh:mm:ss) est. time remaining.
       94% completed,  00:3:02 (hh:mm:ss) est. time remaining.
       94% completed,  00:2:58 (hh:mm:ss) est. time remaining.
       94% completed,  00:2:54 (hh:mm:ss) est. time remaining.
       94% completed,  00:2:51 (hh:mm:ss) est. time remaining.
       94% completed,  00:2:47 (hh:mm:ss) est. time remaining.
       94% completed,  00:2:44 (hh:mm:ss) est. time remaining.
       94% completed,  00:2:41 (hh:mm:ss) est. time remaining.
       95% completed,  00:2:37 (hh:mm:ss) est. time remaining.
       95% completed,  00:2:34 (hh:mm:ss) est. time remaining.
       95% completed,  00:2:30 (hh:mm:ss) est. time remaining.
       95% completed,  00:2:28 (hh:mm:ss) est. time remaining.
       95% completed,  00:2:24 (hh:mm:ss) est. time remaining.
       95% completed,  00:2:21 (hh:mm:ss) est. time remaining.
       95% completed,  00:2:18 (hh:mm:ss) est. time remaining.
       95% completed,  00:2:15 (hh:mm:ss) est. time remaining.
       95% completed,  00:2:12 (hh:mm:ss) est. time remaining.
       95% completed,  00:2:09 (hh:mm:ss) est. time remaining.
       96% completed,  00:2:05 (hh:mm:ss) est. time remaining.
       96% completed,  00:2:03 (hh:mm:ss) est. time remaining.
       96% completed,  00:2:00 (hh:mm:ss) est. time remaining.
       96% completed,  00:1:57 (hh:mm:ss) est. time remaining.
       96% completed,  00:1:54 (hh:mm:ss) est. time remaining.
       96% completed,  00:1:51 (hh:mm:ss) est. time remaining.
       96% completed,  00:1:48 (hh:mm:ss) est. time remaining.
       96% completed,  00:1:45 (hh:mm:ss) est. time remaining.
       96% completed,  00:1:43 (hh:mm:ss) est. time remaining.
       96% completed,  00:1:40 (hh:mm:ss) est. time remaining.
       96% completed,  00:1:37 (hh:mm:ss) est. time remaining.
       97% completed,  00:1:35 (hh:mm:ss) est. time remaining.
       97% completed,  00:1:32 (hh:mm:ss) est. time remaining.
       97% completed,  00:1:30 (hh:mm:ss) est. time remaining.
       97% completed,  00:1:27 (hh:mm:ss) est. time remaining.
       97% completed,  00:1:25 (hh:mm:ss) est. time remaining.
       97% completed,  00:1:22 (hh:mm:ss) est. time remaining.
       97% completed,  00:1:20 (hh:mm:ss) est. time remaining.
       97% completed,  00:1:18 (hh:mm:ss) est. time remaining.
       97% completed,  00:1:15 (hh:mm:ss) est. time remaining.
       97% completed,  00:1:13 (hh:mm:ss) est. time remaining.
       97% completed,  00:1:11 (hh:mm:ss) est. time remaining.
       97% completed,  00:1:08 (hh:mm:ss) est. time remaining.
       97% completed,  00:1:06 (hh:mm:ss) est. time remaining.
       97% completed,  00:1:04 (hh:mm:ss) est. time remaining.
       98% completed,  00:1:02 (hh:mm:ss) est. time remaining.
       98% completed,  00:1:00 (hh:mm:ss) est. time remaining.
       98% completed,  00:0:58 (hh:mm:ss) est. time remaining.
       98% completed,  00:0:56 (hh:mm:ss) est. time remaining.
       98% completed,  00:0:54 (hh:mm:ss) est. time remaining.
       98% completed,  00:0:52 (hh:mm:ss) est. time remaining.
       98% completed,  00:0:50 (hh:mm:ss) est. time remaining.
       98% completed,  00:0:48 (hh:mm:ss) est. time remaining.
       98% completed,  00:0:46 (hh:mm:ss) est. time remaining.
       98% completed,  00:0:45 (hh:mm:ss) est. time remaining.
       98% completed,  00:0:43 (hh:mm:ss) est. time remaining.
       98% completed,  00:0:41 (hh:mm:ss) est. time remaining.
       98% completed,  00:0:39 (hh:mm:ss) est. time remaining.
       98% completed,  00:0:38 (hh:mm:ss) est. time remaining.
       98% completed,  00:0:36 (hh:mm:ss) est. time remaining.
       98% completed,  00:0:34 (hh:mm:ss) est. time remaining.
       98% completed,  00:0:33 (hh:mm:ss) est. time remaining.
       99% completed,  00:0:31 (hh:mm:ss) est. time remaining.
       99% completed,  00:0:30 (hh:mm:ss) est. time remaining.
       99% completed,  00:0:28 (hh:mm:ss) est. time remaining.
       99% completed,  00:0:27 (hh:mm:ss) est. time remaining.
       99% completed,  00:0:26 (hh:mm:ss) est. time remaining.
       99% completed,  00:0:24 (hh:mm:ss) est. time remaining.
       99% completed,  00:0:23 (hh:mm:ss) est. time remaining.
       99% completed,  00:0:22 (hh:mm:ss) est. time remaining.
       99% completed,  00:0:21 (hh:mm:ss) est. time remaining.
       99% completed,  00:0:19 (hh:mm:ss) est. time remaining.
       99% completed,  00:0:18 (hh:mm:ss) est. time remaining.
       99% completed,  00:0:17 (hh:mm:ss) est. time remaining.
       99% completed,  00:0:16 (hh:mm:ss) est. time remaining.
       99% completed,  00:0:15 (hh:mm:ss) est. time remaining.
       99% completed,  00:0:14 (hh:mm:ss) est. time remaining.
       99% completed,  00:0:13 (hh:mm:ss) est. time remaining.
       99% completed,  00:0:12 (hh:mm:ss) est. time remaining.
       99% completed,  00:0:11 (hh:mm:ss) est. time remaining.
       99% completed,  00:0:10 (hh:mm:ss) est. time remaining.
       99% completed,  00:0:09 (hh:mm:ss) est. time remaining.
       99% completed,  00:0:08 (hh:mm:ss) est. time remaining.
       99% completed,  00:0:08 (hh:mm:ss) est. time remaining.
       99% completed,  00:0:07 (hh:mm:ss) est. time remaining.
       99% completed,  00:0:06 (hh:mm:ss) est. time remaining.
       99% completed,  00:0:06 (hh:mm:ss) est. time remaining.
       99% completed,  00:0:05 (hh:mm:ss) est. time remaining.
       99% completed,  00:0:04 (hh:mm:ss) est. time remaining.
       99% completed,  00:0:04 (hh:mm:ss) est. time remaining.
       99% completed,  00:0:03 (hh:mm:ss) est. time remaining.
       99% completed,  00:0:03 (hh:mm:ss) est. time remaining.
       99% completed,  00:0:02 (hh:mm:ss) est. time remaining.
       99% completed,  00:0:02 (hh:mm:ss) est. time remaining.
       99% completed,  00:0:01 (hh:mm:ss) est. time remaining.
       99% completed,  00:0:01 (hh:mm:ss) est. time remaining.
       99% completed,  00:0:01 (hh:mm:ss) est. time remaining.
       99% completed,  00:0:00 (hh:mm:ss) est. time remaining.
       99% completed,  00:0:00 (hh:mm:ss) est. time remaining.
       99% completed,  00:0:00 (hh:mm:ss) est. time remaining.
       99% completed,  00:0:00 (hh:mm:ss) est. time remaining.
       99% completed,  00:0:00 (hh:mm:ss) est. time remaining.
       99% completed,  00:0:00 (hh:mm:ss) est. time remaining.
       99% completed,  00:0:00 (hh:mm:ss) est. time remaining.
      100% completed,  00:0:00 (hh:mm:ss) est. time remaining.
Comparison Time: 00:53:45 (hh:mm:ss) Elapsed Time, 5652 HSPs Collected
  - RECON: Running imagespread..
RECON Elapsed: 00:00:00 (hh:mm:ss) Elapsed Time
  - RECON: Running initial definition of elements ( eledef )..
RECON Elapsed: 00:00:07 (hh:mm:ss) Elapsed Time
  - RECON: Running re-definition of elements ( eleredef )..
RECON Elapsed: 00:00:19 (hh:mm:ss) Elapsed Time
  - RECON: Running re-definition of edges ( edgeredef )..
RECON Elapsed: 00:00:19 (hh:mm:ss) Elapsed Time
  - RECON: Running family definition ( famdef )..
RECON Elapsed: 00:00:02 (hh:mm:ss) Elapsed Time
  - Obtaining element sequences
Number of families returned by RECON: 1187
Processing families with greater than 15 elements

Processing RECON family: 202
  - Saving 27 elements
  - Refining family-202 model...

Processing RECON family: 38
  - Saving 22 elements
  - Refining family-38 model...

Processing RECON family: 113
  - Saving 18 elements
  - Refining family-113 model...

Processing RECON family: 118
  - Saving 17 elements
  - Refining family-118 model...

Processing RECON family: 226
  - Saving 16 elements
  - Refining family-226 model...
Family Refinement: 00:08:16 (hh:mm:ss) Elapsed Time
Round Time: 01:05:50 (hh:mm:ss) Elapsed Time

RepeatScout/RECON discovery complete: 65 families found


RepeatClassifier Version 2.0.1
======================================
Search Engine = rmblast
  - Looking for Simple and Low Complexity sequences..
  - Looking for similarity to known repeat proteins..
Missing /hpc/group/vilgalyslab/yk158/miniconda3/envs/repeatmasker/share/RepeatMasker/Libraries/RepeatMasker.lib.nsq!
Please rerun the configure program in the RepeatModeler directory
before running this script.
  - Looking for similarity to known repeat consensi..
Classification Time: 00:02:25 (hh:mm:ss) Elapsed Time


Program Time: 03:31:02 (hh:mm:ss) Elapsed Time
Working directory:  /work/yk158/pmiEndo/repeatmodeler/RM_33694.TueAug181844552020
may be deleted unless there were problems with the run.

The results have been saved to:
  Amore1-families.fa  - Consensus sequences for each family identified.
  Amore1-families.stk - Seed alignments for each family identified.

The RepeatModeler stockholm file is formatted so that it can
easily be submitted to the Dfam database.  Please consider contributing
curated families to this open database and be a part of this growing
community resource.  For more information contact help@dfam.org.


