RepeatModeler Version 2.0.1
===========================
Search Engine = rmblast 2.9.0+
Dependencies: TRF 4.09, RECON , RepeatScout 1.0.6, RepeatMasker 
LTR Structural Analysis: Disabled [use -LTRStruct to enable]
Random Number Seed: 1597790761
Database = Ampqui1 .
  - Sequences = 73
  - Bases = 36811257
Using output directory = /work/yk158/pmiEndo/repeatmodeler/RM_128465.TueAug181846042020
Storage Throughput = poor ( 163.48 MB/s )
  - NOTE: Poor storage througput will have a large impact on RepeatModeler
          performance.  The low throughput observed above may be due to
          transient usage patterns on the system and may not reflect the
          actual system performance. Whenever possible run RepeatModeler
          in a directory stored on a fast local disk and not over a
          network filesytem.

Ready to start the sampling process.
INFO: The runtime of RepeatModeler heavily depends on the quality of the assembly
      and the repetitive content of the sequences.  It is not imperative
      that RepeatModeler completes all rounds in order to obtain useful
      results.  At the completion of each round, the files ( consensi.fa, and
      families.stk ) found in:
      /work/yk158/pmiEndo/repeatmodeler/RM_128465.TueAug181846042020/ 
      will contain all results produced thus far. These files may be 
      manually copied and run through RepeatClassifier should the program
      be terminated early.


RepeatModeler Round # 1
========================
Searching for Repeats
 -- Sampling from the database...
   - Gathering up to 40000000 bp
   - Final Sample Size = 36811103 bp ( 36451422 non ambiguous )
   - Num Contigs Represented = 73
   - Sequence extraction : 00:00:08 (hh:mm:ss) Elapsed Time
 -- Running RepeatScout on the sequences...
   - RepeatScout: Running build_lmer_table ( l = 14 )..
   - RepeatScout: Running RepeatScout.. : 213 raw families identified
   - RepeatScout: Running filtering stage.. 200 families remaining
   - RepeatScout: 00:12:01 (hh:mm:ss) Elapsed Time
   - Large Satellite Filtering.. : 7 found in 00:03:34 (hh:mm:ss) Elapsed Time
   - Collecting repeat instances...
 -- Refining Family R=123 / 0 ( RS Elements: 1300, Using 100 )
 -- Refining Family R=31 / 1 ( RS Elements: 1296, Using 100 )
 -- Refining Family R=14 / 2 ( RS Elements: 938, Using 100 )
 -- Refining Family R=47 / 3 ( RS Elements: 927, Using 100 )
 -- Refining Family R=5 / 4 ( RS Elements: 740, Using 100 )
 -- Refining Family R=18 / 5 ( RS Elements: 629, Using 100 )
 -- Refining Family R=21 / 6 ( RS Elements: 614, Using 100 )
 -- Refining Family R=3 / 7 ( RS Elements: 603, Using 100 )
 -- Refining Family R=25 / 8 ( RS Elements: 599, Using 100 )
 -- Refining Family R=4 / 9 ( RS Elements: 561, Using 100 )
 -- Refining Family R=75 / 10 ( RS Elements: 501, Using 100 )
 -- Refining Family R=13 / 11 ( RS Elements: 499, Using 100 )
 -- Refining Family R=48 / 12 ( RS Elements: 490, Using 100 )
 -- Refining Family R=101 / 13 ( RS Elements: 477, Using 100 )
 -- Refining Family R=122 / 14 ( RS Elements: 436, Using 100 )
 -- Refining Family R=118 / 15 ( RS Elements: 434, Using 100 )
 -- Refining Family R=9 / 16 ( RS Elements: 430, Using 100 )
 -- Refining Family R=28 / 17 ( RS Elements: 327, Using 100 )
 -- Refining Family R=11 / 18 ( RS Elements: 317, Using 100 )
 -- Refining Family R=65 / 19 ( RS Elements: 310, Using 100 )
 -- Refining Family R=95 / 20 ( RS Elements: 304, Using 100 )
 -- Refining Family R=24 / 21 ( RS Elements: 289, Using 100 )
 -- Refining Family R=112 / 22 ( RS Elements: 247, Using 100 )
 -- Refining Family R=184 / 23 ( RS Elements: 220, Using 100 )
 -- Refining Family R=164 / 24 ( RS Elements: 196, Using 100 )
 -- Refining Family R=12 / 25 ( RS Elements: 165, Using 100 )
 -- Refining Family R=49 / 26 ( RS Elements: 153, Using 100 )
 -- Refining Family R=161 / 27 ( RS Elements: 125, Using 100 )
 -- Refining Family R=16 / 28 ( RS Elements: 125, Using 100 )
 -- Refining Family R=10 / 29 ( RS Elements: 122, Using 100 )
 -- Refining Family R=67 / 30 ( RS Elements: 119, Using 100 )
 -- Refining Family R=60 / 31 ( RS Elements: 109, Using 100 )
 -- Refining Family R=171 / 32 ( RS Elements: 108, Using 100 )
 -- Refining Family R=83 / 33 ( RS Elements: 101, Using 100 )
 -- Refining Family R=23 / 34 ( RS Elements: 98, Using 98 )
 -- Refining Family R=19 / 35 ( RS Elements: 96, Using 96 )
 -- Refining Family R=22 / 36 ( RS Elements: 93, Using 93 )
 -- Refining Family R=85 / 37 ( RS Elements: 92, Using 92 )
 -- Refining Family R=17 / 38 ( RS Elements: 92, Using 92 )
 -- Refining Family R=135 / 39 ( RS Elements: 92, Using 92 )
 -- Refining Family R=39 / 40 ( RS Elements: 88, Using 88 )
 -- Refining Family R=15 / 41 ( RS Elements: 87, Using 87 )
 -- Refining Family R=69 / 42 ( RS Elements: 85, Using 85 )
 -- Refining Family R=52 / 43 ( RS Elements: 84, Using 84 )
 -- Refining Family R=162 / 44 ( RS Elements: 84, Using 84 )
 -- Refining Family R=121 / 45 ( RS Elements: 83, Using 83 )
 -- Refining Family R=140 / 46 ( RS Elements: 81, Using 81 )
 -- Refining Family R=55 / 47 ( RS Elements: 79, Using 79 )
 -- Refining Family R=105 / 48 ( RS Elements: 78, Using 78 )
 -- Refining Family R=158 / 49 ( RS Elements: 76, Using 76 )
 -- Refining Family R=27 / 50 ( RS Elements: 74, Using 74 )
 -- Refining Family R=45 / 51 ( RS Elements: 70, Using 70 )
 -- Refining Family R=38 / 52 ( RS Elements: 70, Using 70 )
 -- Refining Family R=62 / 53 ( RS Elements: 69, Using 69 )
 -- Refining Family R=34 / 54 ( RS Elements: 69, Using 69 )
 -- Refining Family R=99 / 55 ( RS Elements: 68, Using 68 )
 -- Refining Family R=109 / 56 ( RS Elements: 68, Using 68 )
 -- Refining Family R=116 / 57 ( RS Elements: 65, Using 65 )
 -- Refining Family R=36 / 58 ( RS Elements: 65, Using 65 )
 -- Refining Family R=73 / 59 ( RS Elements: 65, Using 65 )
 -- Refining Family R=84 / 60 ( RS Elements: 60, Using 60 )
 -- Refining Family R=26 / 61 ( RS Elements: 57, Using 57 )
 -- Refining Family R=87 / 62 ( RS Elements: 55, Using 55 )
 -- Refining Family R=198 / 63 ( RS Elements: 55, Using 55 )
 -- Refining Family R=148 / 64 ( RS Elements: 54, Using 54 )
 -- Refining Family R=103 / 65 ( RS Elements: 52, Using 52 )
 -- Refining Family R=51 / 66 ( RS Elements: 51, Using 51 )
 -- Refining Family R=169 / 67 ( RS Elements: 51, Using 51 )
 -- Refining Family R=145 / 68 ( RS Elements: 51, Using 51 )
 -- Refining Family R=88 / 69 ( RS Elements: 50, Using 50 )
 -- Refining Family R=30 / 70 ( RS Elements: 49, Using 49 )
 -- Refining Family R=191 / 71 ( RS Elements: 49, Using 49 )
 -- Refining Family R=43 / 72 ( RS Elements: 46, Using 46 )
 -- Refining Family R=35 / 73 ( RS Elements: 46, Using 46 )
 -- Refining Family R=50 / 74 ( RS Elements: 46, Using 46 )
 -- Refining Family R=20 / 75 ( RS Elements: 46, Using 46 )
 -- Refining Family R=33 / 76 ( RS Elements: 45, Using 45 )
 -- Refining Family R=136 / 77 ( RS Elements: 45, Using 45 )
 -- Refining Family R=124 / 78 ( RS Elements: 44, Using 44 )
 -- Refining Family R=92 / 79 ( RS Elements: 43, Using 43 )
 -- Refining Family R=72 / 80 ( RS Elements: 42, Using 42 )
 -- Refining Family R=146 / 81 ( RS Elements: 42, Using 42 )
 -- Refining Family R=53 / 82 ( RS Elements: 42, Using 42 )
 -- Refining Family R=167 / 83 ( RS Elements: 41, Using 41 )
 -- Refining Family R=57 / 84 ( RS Elements: 41, Using 41 )
 -- Refining Family R=108 / 85 ( RS Elements: 40, Using 40 )
 -- Refining Family R=71 / 86 ( RS Elements: 39, Using 39 )
 -- Refining Family R=128 / 87 ( RS Elements: 39, Using 39 )
 -- Refining Family R=126 / 88 ( RS Elements: 38, Using 38 )
 -- Refining Family R=46 / 89 ( RS Elements: 34, Using 34 )
 -- Refining Family R=172 / 90 ( RS Elements: 34, Using 34 )
 -- Refining Family R=32 / 91 ( RS Elements: 34, Using 34 )
 -- Refining Family R=86 / 92 ( RS Elements: 33, Using 33 )
 -- Refining Family R=40 / 93 ( RS Elements: 32, Using 32 )
 -- Refining Family R=141 / 94 ( RS Elements: 32, Using 32 )
 -- Refining Family R=114 / 95 ( RS Elements: 32, Using 32 )
 -- Refining Family R=58 / 96 ( RS Elements: 31, Using 31 )
 -- Refining Family R=201 / 97 ( RS Elements: 30, Using 30 )
 -- Refining Family R=155 / 98 ( RS Elements: 29, Using 29 )
 -- Refining Family R=96 / 99 ( RS Elements: 28, Using 28 )
 -- Refining Family R=144 / 100 ( RS Elements: 28, Using 28 )
 -- Refining Family R=211 / 101 ( RS Elements: 27, Using 27 )
 -- Refining Family R=115 / 102 ( RS Elements: 26, Using 26 )
 -- Refining Family R=170 / 103 ( RS Elements: 26, Using 26 )
 -- Refining Family R=44 / 104 ( RS Elements: 26, Using 26 )
 -- Refining Family R=97 / 105 ( RS Elements: 25, Using 25 )
 -- Refining Family R=54 / 106 ( RS Elements: 25, Using 25 )
 -- Refining Family R=59 / 107 ( RS Elements: 25, Using 25 )
 -- Refining Family R=139 / 108 ( RS Elements: 24, Using 24 )
 -- Refining Family R=61 / 109 ( RS Elements: 24, Using 24 )
 -- Refining Family R=74 / 110 ( RS Elements: 23, Using 23 )
 -- Refining Family R=151 / 111 ( RS Elements: 23, Using 23 )
 -- Refining Family R=182 / 112 ( RS Elements: 23, Using 23 )
 -- Refining Family R=42 / 113 ( RS Elements: 22, Using 22 )
 -- Refining Family R=68 / 114 ( RS Elements: 22, Using 22 )
 -- Refining Family R=63 / 115 ( RS Elements: 22, Using 22 )
 -- Refining Family R=78 / 116 ( RS Elements: 21, Using 21 )
 -- Refining Family R=119 / 117 ( RS Elements: 21, Using 21 )
 -- Refining Family R=70 / 118 ( RS Elements: 21, Using 21 )
 -- Refining Family R=111 / 119 ( RS Elements: 20, Using 20 )
 -- Refining Family R=93 / 120 ( RS Elements: 20, Using 20 )
 -- Refining Family R=77 / 121 ( RS Elements: 20, Using 20 )
 -- Refining Family R=79 / 122 ( RS Elements: 20, Using 20 )
 -- Refining Family R=106 / 123 ( RS Elements: 20, Using 20 )
 -- Refining Family R=80 / 124 ( RS Elements: 19, Using 19 )
 -- Refining Family R=107 / 125 ( RS Elements: 19, Using 19 )
 -- Refining Family R=187 / 126 ( RS Elements: 18, Using 18 )
 -- Refining Family R=199 / 127 ( RS Elements: 18, Using 18 )
 -- Refining Family R=102 / 128 ( RS Elements: 18, Using 18 )
 -- Refining Family R=56 / 129 ( RS Elements: 18, Using 18 )
 -- Refining Family R=133 / 130 ( RS Elements: 17, Using 17 )
 -- Refining Family R=132 / 131 ( RS Elements: 17, Using 17 )
 -- Refining Family R=200 / 132 ( RS Elements: 17, Using 17 )
 -- Refining Family R=173 / 133 ( RS Elements: 16, Using 16 )
 -- Refining Family R=137 / 134 ( RS Elements: 16, Using 16 )
 -- Refining Family R=168 / 135 ( RS Elements: 16, Using 16 )
 -- Refining Family R=195 / 136 ( RS Elements: 16, Using 16 )
Family Refinement: 18:19:55 (hh:mm:ss) Elapsed Time


RepeatModeler Round # 2
========================
Searching for Repeats
 -- Sampling from the database...
   - Gathering up to 3000000 bp
   - Sequence extraction : 00:00:01 (hh:mm:ss) Elapsed Time
 -- Running TRFMask on the sequence...
       131 Tandem Repeats Masked
   - TRFMask time 00:00:07 (hh:mm:ss) Elapsed Time
 -- Masking repeats from the previous rounds...
  - Masking 1 - 5 of 81
  - Masking 16 - 30 of 81
  - Masking 41 - 65 of 81
  - Masking 76 - 81 of 81
   - TE Masking time 00:02:51 (hh:mm:ss) Elapsed Time
 -- Sample Stats:
       Sample Size 3032817 bp
       Num Contigs Represented = 21
       Non ambiguous bp:
             Initial: 3010025 bp
             After Masking: 2628232 bp
             Masked: 12.68 % 
 -- Input Database Coverage: 3032817 bp out of 36811257 bp ( 8.24 % )
Sampling Time: 00:02:59 (hh:mm:ss) Elapsed Time
Running all-by-other comparisons...
        2% completed,  00:5:16 (hh:mm:ss) est. time remaining.
        4% completed,  00:3:52 (hh:mm:ss) est. time remaining.
        7% completed,  00:2:57 (hh:mm:ss) est. time remaining.
        9% completed,  00:2:47 (hh:mm:ss) est. time remaining.
       12% completed,  00:2:26 (hh:mm:ss) est. time remaining.
       14% completed,  00:2:23 (hh:mm:ss) est. time remaining.
       16% completed,  00:2:50 (hh:mm:ss) est. time remaining.
       18% completed,  00:2:30 (hh:mm:ss) est. time remaining.
       21% completed,  00:2:48 (hh:mm:ss) est. time remaining.
       23% completed,  00:2:58 (hh:mm:ss) est. time remaining.
       25% completed,  00:3:01 (hh:mm:ss) est. time remaining.
       27% completed,  00:3:06 (hh:mm:ss) est. time remaining.
       29% completed,  00:3:14 (hh:mm:ss) est. time remaining.
       31% completed,  00:3:05 (hh:mm:ss) est. time remaining.
       33% completed,  00:2:53 (hh:mm:ss) est. time remaining.
       35% completed,  00:2:46 (hh:mm:ss) est. time remaining.
       37% completed,  00:2:34 (hh:mm:ss) est. time remaining.
       39% completed,  00:2:37 (hh:mm:ss) est. time remaining.
       41% completed,  00:2:28 (hh:mm:ss) est. time remaining.
       43% completed,  00:2:20 (hh:mm:ss) est. time remaining.
       45% completed,  00:2:17 (hh:mm:ss) est. time remaining.
       47% completed,  00:2:07 (hh:mm:ss) est. time remaining.
       48% completed,  00:2:03 (hh:mm:ss) est. time remaining.
       50% completed,  00:1:55 (hh:mm:ss) est. time remaining.
       52% completed,  00:1:50 (hh:mm:ss) est. time remaining.
       54% completed,  00:1:48 (hh:mm:ss) est. time remaining.
       55% completed,  00:1:44 (hh:mm:ss) est. time remaining.
       57% completed,  00:1:39 (hh:mm:ss) est. time remaining.
       59% completed,  00:1:33 (hh:mm:ss) est. time remaining.
       60% completed,  00:1:30 (hh:mm:ss) est. time remaining.
       62% completed,  00:1:25 (hh:mm:ss) est. time remaining.
       63% completed,  00:2:14 (hh:mm:ss) est. time remaining.
       65% completed,  00:2:08 (hh:mm:ss) est. time remaining.
       66% completed,  00:2:03 (hh:mm:ss) est. time remaining.
       68% completed,  00:1:57 (hh:mm:ss) est. time remaining.
       69% completed,  00:1:52 (hh:mm:ss) est. time remaining.
       70% completed,  00:1:47 (hh:mm:ss) est. time remaining.
       72% completed,  00:1:41 (hh:mm:ss) est. time remaining.
       73% completed,  00:1:35 (hh:mm:ss) est. time remaining.
       74% completed,  00:1:30 (hh:mm:ss) est. time remaining.
       75% completed,  00:1:24 (hh:mm:ss) est. time remaining.
       77% completed,  00:1:20 (hh:mm:ss) est. time remaining.
       78% completed,  00:1:15 (hh:mm:ss) est. time remaining.
       79% completed,  00:1:12 (hh:mm:ss) est. time remaining.
       80% completed,  00:1:08 (hh:mm:ss) est. time remaining.
       81% completed,  00:1:04 (hh:mm:ss) est. time remaining.
       82% completed,  00:0:59 (hh:mm:ss) est. time remaining.
       83% completed,  00:0:56 (hh:mm:ss) est. time remaining.
       84% completed,  00:0:52 (hh:mm:ss) est. time remaining.
       85% completed,  00:0:48 (hh:mm:ss) est. time remaining.
       86% completed,  00:0:45 (hh:mm:ss) est. time remaining.
       87% completed,  00:0:42 (hh:mm:ss) est. time remaining.
       88% completed,  00:0:39 (hh:mm:ss) est. time remaining.
       89% completed,  00:0:36 (hh:mm:ss) est. time remaining.
       89% completed,  00:0:33 (hh:mm:ss) est. time remaining.
       90% completed,  00:0:30 (hh:mm:ss) est. time remaining.
       91% completed,  00:0:28 (hh:mm:ss) est. time remaining.
       92% completed,  00:0:25 (hh:mm:ss) est. time remaining.
       92% completed,  00:0:23 (hh:mm:ss) est. time remaining.
       93% completed,  00:0:21 (hh:mm:ss) est. time remaining.
       94% completed,  00:0:19 (hh:mm:ss) est. time remaining.
       94% completed,  00:0:17 (hh:mm:ss) est. time remaining.
       95% completed,  00:0:15 (hh:mm:ss) est. time remaining.
       95% completed,  00:0:13 (hh:mm:ss) est. time remaining.
       96% completed,  00:0:11 (hh:mm:ss) est. time remaining.
       96% completed,  00:0:10 (hh:mm:ss) est. time remaining.
       97% completed,  00:0:09 (hh:mm:ss) est. time remaining.
       97% completed,  00:0:07 (hh:mm:ss) est. time remaining.
       97% completed,  00:0:06 (hh:mm:ss) est. time remaining.
       98% completed,  00:0:05 (hh:mm:ss) est. time remaining.
       98% completed,  00:0:04 (hh:mm:ss) est. time remaining.
       98% completed,  00:0:03 (hh:mm:ss) est. time remaining.
       99% completed,  00:0:02 (hh:mm:ss) est. time remaining.
       99% completed,  00:0:02 (hh:mm:ss) est. time remaining.
       99% completed,  00:0:01 (hh:mm:ss) est. time remaining.
       99% completed,  00:0:01 (hh:mm:ss) est. time remaining.
       99% completed,  00:0:00 (hh:mm:ss) est. time remaining.
       99% completed,  00:0:00 (hh:mm:ss) est. time remaining.
       99% completed,  00:0:00 (hh:mm:ss) est. time remaining.
      100% completed,  00:0:00 (hh:mm:ss) est. time remaining.
Comparison Time: 00:05:32 (hh:mm:ss) Elapsed Time, 1378 HSPs Collected
  - RECON: Running imagespread..
RECON Elapsed: 00:00:00 (hh:mm:ss) Elapsed Time
  - RECON: Running initial definition of elements ( eledef )..
RECON Elapsed: 00:00:02 (hh:mm:ss) Elapsed Time
  - RECON: Running re-definition of elements ( eleredef )..
RECON Elapsed: 00:00:04 (hh:mm:ss) Elapsed Time
  - RECON: Running re-definition of edges ( edgeredef )..
RECON Elapsed: 00:00:03 (hh:mm:ss) Elapsed Time
  - RECON: Running family definition ( famdef )..
RECON Elapsed: 00:00:00 (hh:mm:ss) Elapsed Time
  - Obtaining element sequences
Number of families returned by RECON: 99
Processing families with greater than 15 elements

Processing RECON family: 31
  - Saving 33 elements
  - Refining family-31 model...
Family Refinement: 00:00:48 (hh:mm:ss) Elapsed Time
Round Time: 00:09:29 (hh:mm:ss) Elapsed Time


RepeatModeler Round # 3
========================
Searching for Repeats
 -- Sampling from the database...
   - Gathering up to 9000000 bp
   - Sequence extraction : 00:00:03 (hh:mm:ss) Elapsed Time
 -- Running TRFMask on the sequence...
       305 Tandem Repeats Masked
   - TRFMask time 00:00:23 (hh:mm:ss) Elapsed Time
 -- Masking repeats from the previous rounds...
  - Masking 1 - 5 of 235
  - Masking 16 - 30 of 235
  - Masking 41 - 65 of 235
  - Masking 76 - 110 of 235
  - Masking 121 - 165 of 235
  - Masking 176 - 230 of 235
   - TE Masking time 00:09:10 (hh:mm:ss) Elapsed Time
 -- Sample Stats:
       Sample Size 9085480 bp
       Num Contigs Represented = 24
       Non ambiguous bp:
             Initial: 9035166 bp
             After Masking: 7639950 bp
             Masked: 15.44 % 
 -- Input Database Coverage: 12118297 bp out of 36811257 bp ( 32.92 % )
Sampling Time: 00:09:38 (hh:mm:ss) Elapsed Time
Running all-by-other comparisons...
        0% completed,  00:44:51 (hh:mm:ss) est. time remaining.
        1% completed,  00:22:11 (hh:mm:ss) est. time remaining.
        2% completed,  00:29:23 (hh:mm:ss) est. time remaining.
        3% completed,  00:24:45 (hh:mm:ss) est. time remaining.
        4% completed,  00:24:58 (hh:mm:ss) est. time remaining.
        5% completed,  00:22:52 (hh:mm:ss) est. time remaining.
        5% completed,  00:26:25 (hh:mm:ss) est. time remaining.
        6% completed,  00:29:00 (hh:mm:ss) est. time remaining.
        7% completed,  00:31:46 (hh:mm:ss) est. time remaining.
        8% completed,  00:30:59 (hh:mm:ss) est. time remaining.
        9% completed,  00:29:44 (hh:mm:ss) est. time remaining.
        9% completed,  00:27:13 (hh:mm:ss) est. time remaining.
       10% completed,  00:28:09 (hh:mm:ss) est. time remaining.
       11% completed,  00:25:57 (hh:mm:ss) est. time remaining.
       12% completed,  00:26:32 (hh:mm:ss) est. time remaining.
       13% completed,  00:26:41 (hh:mm:ss) est. time remaining.
       13% completed,  00:25:22 (hh:mm:ss) est. time remaining.
       14% completed,  00:24:15 (hh:mm:ss) est. time remaining.
       15% completed,  00:23:43 (hh:mm:ss) est. time remaining.
       16% completed,  00:23:03 (hh:mm:ss) est. time remaining.
       17% completed,  00:22:36 (hh:mm:ss) est. time remaining.
       17% completed,  00:22:07 (hh:mm:ss) est. time remaining.
       18% completed,  00:21:56 (hh:mm:ss) est. time remaining.
       19% completed,  00:21:22 (hh:mm:ss) est. time remaining.
       20% completed,  00:21:36 (hh:mm:ss) est. time remaining.
       20% completed,  00:20:37 (hh:mm:ss) est. time remaining.
       21% completed,  00:20:59 (hh:mm:ss) est. time remaining.
       22% completed,  00:20:15 (hh:mm:ss) est. time remaining.
       23% completed,  00:20:34 (hh:mm:ss) est. time remaining.
       23% completed,  00:19:44 (hh:mm:ss) est. time remaining.
       24% completed,  00:19:55 (hh:mm:ss) est. time remaining.
       25% completed,  00:19:09 (hh:mm:ss) est. time remaining.
       26% completed,  00:19:22 (hh:mm:ss) est. time remaining.
       26% completed,  00:18:39 (hh:mm:ss) est. time remaining.
       27% completed,  00:18:57 (hh:mm:ss) est. time remaining.
       28% completed,  00:19:02 (hh:mm:ss) est. time remaining.
       29% completed,  00:18:32 (hh:mm:ss) est. time remaining.
       29% completed,  00:18:42 (hh:mm:ss) est. time remaining.
       30% completed,  00:18:07 (hh:mm:ss) est. time remaining.
       31% completed,  00:17:44 (hh:mm:ss) est. time remaining.
       31% completed,  00:17:29 (hh:mm:ss) est. time remaining.
       32% completed,  00:17:13 (hh:mm:ss) est. time remaining.
       33% completed,  00:16:40 (hh:mm:ss) est. time remaining.
       34% completed,  00:16:39 (hh:mm:ss) est. time remaining.
       34% completed,  00:16:16 (hh:mm:ss) est. time remaining.
       35% completed,  00:16:13 (hh:mm:ss) est. time remaining.
       36% completed,  00:15:50 (hh:mm:ss) est. time remaining.
       36% completed,  00:15:38 (hh:mm:ss) est. time remaining.
       37% completed,  00:15:11 (hh:mm:ss) est. time remaining.
       38% completed,  00:15:13 (hh:mm:ss) est. time remaining.
       38% completed,  00:14:50 (hh:mm:ss) est. time remaining.
       39% completed,  00:14:44 (hh:mm:ss) est. time remaining.
       40% completed,  00:14:20 (hh:mm:ss) est. time remaining.
       40% completed,  00:14:17 (hh:mm:ss) est. time remaining.
       41% completed,  00:14:01 (hh:mm:ss) est. time remaining.
       42% completed,  00:13:50 (hh:mm:ss) est. time remaining.
       42% completed,  00:13:31 (hh:mm:ss) est. time remaining.
       43% completed,  00:13:18 (hh:mm:ss) est. time remaining.
       43% completed,  00:12:57 (hh:mm:ss) est. time remaining.
       44% completed,  00:12:43 (hh:mm:ss) est. time remaining.
       45% completed,  00:12:26 (hh:mm:ss) est. time remaining.
       45% completed,  00:12:13 (hh:mm:ss) est. time remaining.
       46% completed,  00:11:58 (hh:mm:ss) est. time remaining.
       47% completed,  00:11:45 (hh:mm:ss) est. time remaining.
       47% completed,  00:11:31 (hh:mm:ss) est. time remaining.
       48% completed,  00:11:29 (hh:mm:ss) est. time remaining.
       48% completed,  00:11:16 (hh:mm:ss) est. time remaining.
       49% completed,  00:11:13 (hh:mm:ss) est. time remaining.
       50% completed,  00:11:14 (hh:mm:ss) est. time remaining.
       50% completed,  00:11:04 (hh:mm:ss) est. time remaining.
       51% completed,  00:10:56 (hh:mm:ss) est. time remaining.
       51% completed,  00:10:50 (hh:mm:ss) est. time remaining.
       52% completed,  00:10:41 (hh:mm:ss) est. time remaining.
       53% completed,  00:11:03 (hh:mm:ss) est. time remaining.
       53% completed,  00:11:04 (hh:mm:ss) est. time remaining.
       54% completed,  00:11:00 (hh:mm:ss) est. time remaining.
       54% completed,  00:10:54 (hh:mm:ss) est. time remaining.
       55% completed,  00:10:40 (hh:mm:ss) est. time remaining.
       56% completed,  00:10:28 (hh:mm:ss) est. time remaining.
       56% completed,  00:10:22 (hh:mm:ss) est. time remaining.
       57% completed,  00:10:11 (hh:mm:ss) est. time remaining.
       57% completed,  00:10:00 (hh:mm:ss) est. time remaining.
       58% completed,  00:9:54 (hh:mm:ss) est. time remaining.
       58% completed,  00:9:44 (hh:mm:ss) est. time remaining.
       59% completed,  00:9:37 (hh:mm:ss) est. time remaining.
       59% completed,  00:9:29 (hh:mm:ss) est. time remaining.
       60% completed,  00:9:21 (hh:mm:ss) est. time remaining.
       60% completed,  00:9:08 (hh:mm:ss) est. time remaining.
       61% completed,  00:8:57 (hh:mm:ss) est. time remaining.
       62% completed,  00:8:51 (hh:mm:ss) est. time remaining.
       62% completed,  00:8:45 (hh:mm:ss) est. time remaining.
       63% completed,  00:8:35 (hh:mm:ss) est. time remaining.
       63% completed,  00:8:27 (hh:mm:ss) est. time remaining.
       64% completed,  00:8:21 (hh:mm:ss) est. time remaining.
       64% completed,  00:8:13 (hh:mm:ss) est. time remaining.
       65% completed,  00:8:05 (hh:mm:ss) est. time remaining.
       65% completed,  00:7:59 (hh:mm:ss) est. time remaining.
       66% completed,  00:7:51 (hh:mm:ss) est. time remaining.
       66% completed,  00:7:46 (hh:mm:ss) est. time remaining.
       67% completed,  00:7:36 (hh:mm:ss) est. time remaining.
       67% completed,  00:7:31 (hh:mm:ss) est. time remaining.
       68% completed,  00:7:23 (hh:mm:ss) est. time remaining.
       68% completed,  00:7:15 (hh:mm:ss) est. time remaining.
       69% completed,  00:7:09 (hh:mm:ss) est. time remaining.
       69% completed,  00:7:01 (hh:mm:ss) est. time remaining.
       69% completed,  00:6:56 (hh:mm:ss) est. time remaining.
       70% completed,  00:6:48 (hh:mm:ss) est. time remaining.
       70% completed,  00:6:42 (hh:mm:ss) est. time remaining.
       71% completed,  00:6:36 (hh:mm:ss) est. time remaining.
       71% completed,  00:6:32 (hh:mm:ss) est. time remaining.
       72% completed,  00:6:23 (hh:mm:ss) est. time remaining.
       72% completed,  00:6:19 (hh:mm:ss) est. time remaining.
       73% completed,  00:6:13 (hh:mm:ss) est. time remaining.
       73% completed,  00:6:08 (hh:mm:ss) est. time remaining.
       74% completed,  00:6:03 (hh:mm:ss) est. time remaining.
       74% completed,  00:5:55 (hh:mm:ss) est. time remaining.
       74% completed,  00:5:50 (hh:mm:ss) est. time remaining.
       75% completed,  00:5:43 (hh:mm:ss) est. time remaining.
       75% completed,  00:5:38 (hh:mm:ss) est. time remaining.
       76% completed,  00:5:31 (hh:mm:ss) est. time remaining.
       76% completed,  00:5:24 (hh:mm:ss) est. time remaining.
       76% completed,  00:5:19 (hh:mm:ss) est. time remaining.
       77% completed,  00:5:13 (hh:mm:ss) est. time remaining.
       77% completed,  00:5:06 (hh:mm:ss) est. time remaining.
       78% completed,  00:5:01 (hh:mm:ss) est. time remaining.
       78% completed,  00:4:55 (hh:mm:ss) est. time remaining.
       78% completed,  00:4:50 (hh:mm:ss) est. time remaining.
       79% completed,  00:4:44 (hh:mm:ss) est. time remaining.
       79% completed,  00:4:39 (hh:mm:ss) est. time remaining.
       80% completed,  00:4:33 (hh:mm:ss) est. time remaining.
       80% completed,  00:4:28 (hh:mm:ss) est. time remaining.
       80% completed,  00:4:22 (hh:mm:ss) est. time remaining.
       81% completed,  00:4:16 (hh:mm:ss) est. time remaining.
       81% completed,  00:4:11 (hh:mm:ss) est. time remaining.
       81% completed,  00:4:06 (hh:mm:ss) est. time remaining.
       82% completed,  00:4:01 (hh:mm:ss) est. time remaining.
       82% completed,  00:3:56 (hh:mm:ss) est. time remaining.
       83% completed,  00:3:51 (hh:mm:ss) est. time remaining.
       83% completed,  00:3:46 (hh:mm:ss) est. time remaining.
       83% completed,  00:3:41 (hh:mm:ss) est. time remaining.
       84% completed,  00:3:36 (hh:mm:ss) est. time remaining.
       84% completed,  00:3:31 (hh:mm:ss) est. time remaining.
       84% completed,  00:3:26 (hh:mm:ss) est. time remaining.
       85% completed,  00:3:22 (hh:mm:ss) est. time remaining.
       85% completed,  00:3:16 (hh:mm:ss) est. time remaining.
       85% completed,  00:3:12 (hh:mm:ss) est. time remaining.
       86% completed,  00:3:07 (hh:mm:ss) est. time remaining.
       86% completed,  00:3:02 (hh:mm:ss) est. time remaining.
       86% completed,  00:2:58 (hh:mm:ss) est. time remaining.
       87% completed,  00:2:54 (hh:mm:ss) est. time remaining.
       87% completed,  00:2:49 (hh:mm:ss) est. time remaining.
       87% completed,  00:2:45 (hh:mm:ss) est. time remaining.
       87% completed,  00:2:41 (hh:mm:ss) est. time remaining.
       88% completed,  00:2:37 (hh:mm:ss) est. time remaining.
       88% completed,  00:2:33 (hh:mm:ss) est. time remaining.
       88% completed,  00:2:29 (hh:mm:ss) est. time remaining.
       89% completed,  00:2:25 (hh:mm:ss) est. time remaining.
       89% completed,  00:2:21 (hh:mm:ss) est. time remaining.
       89% completed,  00:2:18 (hh:mm:ss) est. time remaining.
       89% completed,  00:2:14 (hh:mm:ss) est. time remaining.
       90% completed,  00:2:10 (hh:mm:ss) est. time remaining.
       90% completed,  00:2:07 (hh:mm:ss) est. time remaining.
       90% completed,  00:2:03 (hh:mm:ss) est. time remaining.
       90% completed,  00:2:00 (hh:mm:ss) est. time remaining.
       91% completed,  00:1:56 (hh:mm:ss) est. time remaining.
       91% completed,  00:1:54 (hh:mm:ss) est. time remaining.
       91% completed,  00:1:51 (hh:mm:ss) est. time remaining.
       91% completed,  00:1:47 (hh:mm:ss) est. time remaining.
       92% completed,  00:1:45 (hh:mm:ss) est. time remaining.
       92% completed,  00:1:41 (hh:mm:ss) est. time remaining.
       92% completed,  00:1:38 (hh:mm:ss) est. time remaining.
       92% completed,  00:1:35 (hh:mm:ss) est. time remaining.
       93% completed,  00:1:32 (hh:mm:ss) est. time remaining.
       93% completed,  00:1:29 (hh:mm:ss) est. time remaining.
       93% completed,  00:1:26 (hh:mm:ss) est. time remaining.
       93% completed,  00:1:23 (hh:mm:ss) est. time remaining.
       93% completed,  00:1:20 (hh:mm:ss) est. time remaining.
       94% completed,  00:1:18 (hh:mm:ss) est. time remaining.
       94% completed,  00:1:15 (hh:mm:ss) est. time remaining.
       94% completed,  00:1:12 (hh:mm:ss) est. time remaining.
       94% completed,  00:1:10 (hh:mm:ss) est. time remaining.
       94% completed,  00:1:07 (hh:mm:ss) est. time remaining.
       95% completed,  00:1:04 (hh:mm:ss) est. time remaining.
       95% completed,  00:1:02 (hh:mm:ss) est. time remaining.
       95% completed,  00:0:59 (hh:mm:ss) est. time remaining.
       95% completed,  00:0:57 (hh:mm:ss) est. time remaining.
       95% completed,  00:0:55 (hh:mm:ss) est. time remaining.
       96% completed,  00:0:52 (hh:mm:ss) est. time remaining.
       96% completed,  00:0:50 (hh:mm:ss) est. time remaining.
       96% completed,  00:0:48 (hh:mm:ss) est. time remaining.
       96% completed,  00:0:46 (hh:mm:ss) est. time remaining.
       96% completed,  00:0:44 (hh:mm:ss) est. time remaining.
       96% completed,  00:0:42 (hh:mm:ss) est. time remaining.
       97% completed,  00:0:39 (hh:mm:ss) est. time remaining.
       97% completed,  00:0:38 (hh:mm:ss) est. time remaining.
       97% completed,  00:0:36 (hh:mm:ss) est. time remaining.
       97% completed,  00:0:34 (hh:mm:ss) est. time remaining.
       97% completed,  00:0:32 (hh:mm:ss) est. time remaining.
       97% completed,  00:0:30 (hh:mm:ss) est. time remaining.
       97% completed,  00:0:28 (hh:mm:ss) est. time remaining.
       97% completed,  00:0:27 (hh:mm:ss) est. time remaining.
       98% completed,  00:0:25 (hh:mm:ss) est. time remaining.
       98% completed,  00:0:24 (hh:mm:ss) est. time remaining.
       98% completed,  00:0:22 (hh:mm:ss) est. time remaining.
       98% completed,  00:0:21 (hh:mm:ss) est. time remaining.
       98% completed,  00:0:19 (hh:mm:ss) est. time remaining.
       98% completed,  00:0:18 (hh:mm:ss) est. time remaining.
       98% completed,  00:0:17 (hh:mm:ss) est. time remaining.
       98% completed,  00:0:15 (hh:mm:ss) est. time remaining.
       98% completed,  00:0:14 (hh:mm:ss) est. time remaining.
       98% completed,  00:0:13 (hh:mm:ss) est. time remaining.
       99% completed,  00:0:12 (hh:mm:ss) est. time remaining.
       99% completed,  00:0:11 (hh:mm:ss) est. time remaining.
       99% completed,  00:0:10 (hh:mm:ss) est. time remaining.
       99% completed,  00:0:09 (hh:mm:ss) est. time remaining.
       99% completed,  00:0:08 (hh:mm:ss) est. time remaining.
       99% completed,  00:0:07 (hh:mm:ss) est. time remaining.
       99% completed,  00:0:06 (hh:mm:ss) est. time remaining.
       99% completed,  00:0:05 (hh:mm:ss) est. time remaining.
       99% completed,  00:0:05 (hh:mm:ss) est. time remaining.
       99% completed,  00:0:04 (hh:mm:ss) est. time remaining.
       99% completed,  00:0:03 (hh:mm:ss) est. time remaining.
       99% completed,  00:0:03 (hh:mm:ss) est. time remaining.
       99% completed,  00:0:02 (hh:mm:ss) est. time remaining.
       99% completed,  00:0:02 (hh:mm:ss) est. time remaining.
       99% completed,  00:0:01 (hh:mm:ss) est. time remaining.
       99% completed,  00:0:01 (hh:mm:ss) est. time remaining.
       99% completed,  00:0:01 (hh:mm:ss) est. time remaining.
       99% completed,  00:0:00 (hh:mm:ss) est. time remaining.
       99% completed,  00:0:00 (hh:mm:ss) est. time remaining.
       99% completed,  00:0:00 (hh:mm:ss) est. time remaining.
       99% completed,  00:0:00 (hh:mm:ss) est. time remaining.
       99% completed,  00:0:00 (hh:mm:ss) est. time remaining.
      100% completed,  00:0:00 (hh:mm:ss) est. time remaining.
Comparison Time: 00:22:22 (hh:mm:ss) Elapsed Time, 8205 HSPs Collected
  - RECON: Running imagespread..
RECON Elapsed: 00:00:00 (hh:mm:ss) Elapsed Time
  - RECON: Running initial definition of elements ( eledef )..
RECON Elapsed: 00:00:04 (hh:mm:ss) Elapsed Time
  - RECON: Running re-definition of elements ( eleredef )..
RECON Elapsed: 00:00:11 (hh:mm:ss) Elapsed Time
  - RECON: Running re-definition of edges ( edgeredef )..
RECON Elapsed: 00:00:18 (hh:mm:ss) Elapsed Time
  - RECON: Running family definition ( famdef )..
RECON Elapsed: 00:00:00 (hh:mm:ss) Elapsed Time
  - Obtaining element sequences
Number of families returned by RECON: 415
Processing families with greater than 15 elements

Processing RECON family: 35
  - Saving 27 elements
  - Refining family-35 model...

Processing RECON family: 24
  - Saving 24 elements
  - Refining family-24 model...

Processing RECON family: 80
  - Saving 24 elements
  - Refining family-80 model...

Processing RECON family: 28
  - Saving 22 elements
  - Refining family-28 model...

Processing RECON family: 34
  - Saving 22 elements
  - Refining family-34 model...

Processing RECON family: 14
  - Saving 18 elements
  - Refining family-14 model...

Processing RECON family: 15
  - Saving 18 elements
  - Refining family-15 model...

Processing RECON family: 66
  - Saving 17 elements
  - Refining family-66 model...
Family Refinement: 00:13:51 (hh:mm:ss) Elapsed Time
Round Time: 00:46:31 (hh:mm:ss) Elapsed Time


RepeatModeler Round # 4
========================
Searching for Repeats
 -- Sampling from the database...
   - Gathering up to 27000000 bp
   - Sequence extraction : 00:00:05 (hh:mm:ss) Elapsed Time
 -- Running TRFMask on the sequence...
       975 Tandem Repeats Masked
   - TRFMask time 00:01:07 (hh:mm:ss) Elapsed Time
 -- Masking repeats from the previous rounds...
  - Masking 1 - 5 of 659
  - Masking 16 - 30 of 659
  - Masking 41 - 65 of 659
  - Masking 76 - 110 of 659
  - Masking 121 - 165 of 659
  - Masking 176 - 230 of 659
  - Masking 241 - 305 of 659
  - Masking 316 - 390 of 659
  - Masking 401 - 485 of 659
  - Masking 496 - 590 of 659
  - Masking 596 - 659 of 659
   - TE Masking time 00:33:30 (hh:mm:ss) Elapsed Time
 -- Sample Stats:
       Sample Size 24692646 bp
       Num Contigs Represented = 61
       Non ambiguous bp:
             Initial: 24406071 bp
             After Masking: 18689820 bp
             Masked: 23.42 % 
 -- Input Database Coverage: 36810943 bp out of 36811257 bp ( 100.00 % )
Sampling Time: 00:34:44 (hh:mm:ss) Elapsed Time
Running all-by-other comparisons...
        0% completed,  05:23:01 (hh:mm:ss) est. time remaining.
        0% completed,  02:41:08 (hh:mm:ss) est. time remaining.
        0% completed,  01:49:00 (hh:mm:ss) est. time remaining.
        1% completed,  02:30:53 (hh:mm:ss) est. time remaining.
        1% completed,  02:16:42 (hh:mm:ss) est. time remaining.
        1% completed,  02:35:09 (hh:mm:ss) est. time remaining.
        2% completed,  02:21:10 (hh:mm:ss) est. time remaining.
        2% completed,  02:45:42 (hh:mm:ss) est. time remaining.
        2% completed,  02:38:52 (hh:mm:ss) est. time remaining.
        3% completed,  03:52:12 (hh:mm:ss) est. time remaining.
        3% completed,  03:52:02 (hh:mm:ss) est. time remaining.
        3% completed,  03:37:04 (hh:mm:ss) est. time remaining.
        3% completed,  03:42:26 (hh:mm:ss) est. time remaining.
        4% completed,  03:27:14 (hh:mm:ss) est. time remaining.
        4% completed,  03:34:54 (hh:mm:ss) est. time remaining.
        4% completed,  03:42:10 (hh:mm:ss) est. time remaining.
        5% completed,  03:31:25 (hh:mm:ss) est. time remaining.
        5% completed,  03:38:32 (hh:mm:ss) est. time remaining.
        5% completed,  03:34:01 (hh:mm:ss) est. time remaining.
        5% completed,  03:28:45 (hh:mm:ss) est. time remaining.
        6% completed,  03:20:35 (hh:mm:ss) est. time remaining.
        6% completed,  03:20:44 (hh:mm:ss) est. time remaining.
        6% completed,  03:15:51 (hh:mm:ss) est. time remaining.
        7% completed,  03:9:51 (hh:mm:ss) est. time remaining.
        7% completed,  03:3:40 (hh:mm:ss) est. time remaining.
        7% completed,  02:57:35 (hh:mm:ss) est. time remaining.
        8% completed,  02:51:23 (hh:mm:ss) est. time remaining.
        8% completed,  02:47:36 (hh:mm:ss) est. time remaining.
        8% completed,  02:42:09 (hh:mm:ss) est. time remaining.
        8% completed,  02:42:19 (hh:mm:ss) est. time remaining.
        9% completed,  02:46:05 (hh:mm:ss) est. time remaining.
        9% completed,  02:40:40 (hh:mm:ss) est. time remaining.
        9% completed,  02:45:35 (hh:mm:ss) est. time remaining.
       10% completed,  02:40:46 (hh:mm:ss) est. time remaining.
       10% completed,  02:35:48 (hh:mm:ss) est. time remaining.
       10% completed,  02:39:14 (hh:mm:ss) est. time remaining.
       10% completed,  02:34:33 (hh:mm:ss) est. time remaining.
       11% completed,  02:30:15 (hh:mm:ss) est. time remaining.
       11% completed,  02:34:15 (hh:mm:ss) est. time remaining.
       11% completed,  02:30:01 (hh:mm:ss) est. time remaining.
       12% completed,  02:26:08 (hh:mm:ss) est. time remaining.
       12% completed,  02:28:13 (hh:mm:ss) est. time remaining.
       12% completed,  02:24:52 (hh:mm:ss) est. time remaining.
       12% completed,  02:21:47 (hh:mm:ss) est. time remaining.
       13% completed,  02:19:57 (hh:mm:ss) est. time remaining.
       13% completed,  02:19:59 (hh:mm:ss) est. time remaining.
       13% completed,  02:17:18 (hh:mm:ss) est. time remaining.
       14% completed,  02:14:06 (hh:mm:ss) est. time remaining.
       14% completed,  02:16:31 (hh:mm:ss) est. time remaining.
       14% completed,  02:13:50 (hh:mm:ss) est. time remaining.
       14% completed,  02:15:50 (hh:mm:ss) est. time remaining.
       15% completed,  02:13:16 (hh:mm:ss) est. time remaining.
       15% completed,  02:13:05 (hh:mm:ss) est. time remaining.
       15% completed,  02:12:09 (hh:mm:ss) est. time remaining.
       16% completed,  02:12:19 (hh:mm:ss) est. time remaining.
       16% completed,  02:11:41 (hh:mm:ss) est. time remaining.
       16% completed,  02:12:04 (hh:mm:ss) est. time remaining.
       16% completed,  02:10:56 (hh:mm:ss) est. time remaining.
       17% completed,  02:10:49 (hh:mm:ss) est. time remaining.
       17% completed,  02:10:36 (hh:mm:ss) est. time remaining.
       17% completed,  02:10:23 (hh:mm:ss) est. time remaining.
       17% completed,  02:10:05 (hh:mm:ss) est. time remaining.
       18% completed,  02:8:22 (hh:mm:ss) est. time remaining.
       18% completed,  02:7:09 (hh:mm:ss) est. time remaining.
       18% completed,  02:7:58 (hh:mm:ss) est. time remaining.
       19% completed,  02:6:25 (hh:mm:ss) est. time remaining.
       19% completed,  02:5:28 (hh:mm:ss) est. time remaining.
       19% completed,  02:7:16 (hh:mm:ss) est. time remaining.
       19% completed,  02:7:11 (hh:mm:ss) est. time remaining.
       20% completed,  02:5:58 (hh:mm:ss) est. time remaining.
       20% completed,  02:6:28 (hh:mm:ss) est. time remaining.
       20% completed,  02:5:13 (hh:mm:ss) est. time remaining.
       20% completed,  02:5:57 (hh:mm:ss) est. time remaining.
       21% completed,  02:4:25 (hh:mm:ss) est. time remaining.
       21% completed,  02:5:14 (hh:mm:ss) est. time remaining.
       21% completed,  02:3:41 (hh:mm:ss) est. time remaining.
       22% completed,  02:2:14 (hh:mm:ss) est. time remaining.
       22% completed,  02:2:47 (hh:mm:ss) est. time remaining.
       22% completed,  02:1:02 (hh:mm:ss) est. time remaining.
       22% completed,  01:59:26 (hh:mm:ss) est. time remaining.
       23% completed,  02:0:28 (hh:mm:ss) est. time remaining.
       23% completed,  01:58:44 (hh:mm:ss) est. time remaining.
       23% completed,  01:57:32 (hh:mm:ss) est. time remaining.
       23% completed,  01:57:54 (hh:mm:ss) est. time remaining.
       24% completed,  01:57:09 (hh:mm:ss) est. time remaining.
       24% completed,  01:56:18 (hh:mm:ss) est. time remaining.
       24% completed,  01:56:26 (hh:mm:ss) est. time remaining.
       24% completed,  01:55:45 (hh:mm:ss) est. time remaining.
       25% completed,  01:55:44 (hh:mm:ss) est. time remaining.
       25% completed,  01:54:11 (hh:mm:ss) est. time remaining.
       25% completed,  01:55:02 (hh:mm:ss) est. time remaining.
       25% completed,  01:53:34 (hh:mm:ss) est. time remaining.
       26% completed,  01:54:23 (hh:mm:ss) est. time remaining.
       26% completed,  01:53:02 (hh:mm:ss) est. time remaining.
       26% completed,  01:52:19 (hh:mm:ss) est. time remaining.
       27% completed,  01:51:50 (hh:mm:ss) est. time remaining.
       27% completed,  01:51:43 (hh:mm:ss) est. time remaining.
       27% completed,  01:51:14 (hh:mm:ss) est. time remaining.
       27% completed,  01:51:04 (hh:mm:ss) est. time remaining.
       28% completed,  01:49:47 (hh:mm:ss) est. time remaining.
       28% completed,  01:49:11 (hh:mm:ss) est. time remaining.
       28% completed,  01:48:29 (hh:mm:ss) est. time remaining.
       28% completed,  01:48:42 (hh:mm:ss) est. time remaining.
       29% completed,  01:47:51 (hh:mm:ss) est. time remaining.
       29% completed,  01:48:12 (hh:mm:ss) est. time remaining.
       29% completed,  01:47:12 (hh:mm:ss) est. time remaining.
       29% completed,  01:46:04 (hh:mm:ss) est. time remaining.
       30% completed,  01:46:29 (hh:mm:ss) est. time remaining.
       30% completed,  01:45:24 (hh:mm:ss) est. time remaining.
       30% completed,  01:44:14 (hh:mm:ss) est. time remaining.
       30% completed,  01:45:03 (hh:mm:ss) est. time remaining.
       31% completed,  01:44:05 (hh:mm:ss) est. time remaining.
       31% completed,  01:46:22 (hh:mm:ss) est. time remaining.
       31% completed,  01:46:26 (hh:mm:ss) est. time remaining.
       31% completed,  01:45:14 (hh:mm:ss) est. time remaining.
       32% completed,  01:46:28 (hh:mm:ss) est. time remaining.
       32% completed,  01:47:04 (hh:mm:ss) est. time remaining.
       32% completed,  01:46:55 (hh:mm:ss) est. time remaining.
       32% completed,  01:45:45 (hh:mm:ss) est. time remaining.
       33% completed,  01:45:02 (hh:mm:ss) est. time remaining.
       33% completed,  01:44:36 (hh:mm:ss) est. time remaining.
       33% completed,  01:44:20 (hh:mm:ss) est. time remaining.
       33% completed,  01:43:58 (hh:mm:ss) est. time remaining.
       34% completed,  01:43:32 (hh:mm:ss) est. time remaining.
       34% completed,  01:42:57 (hh:mm:ss) est. time remaining.
       34% completed,  01:42:51 (hh:mm:ss) est. time remaining.
       34% completed,  01:42:18 (hh:mm:ss) est. time remaining.
       35% completed,  01:41:20 (hh:mm:ss) est. time remaining.
       35% completed,  01:41:02 (hh:mm:ss) est. time remaining.
       35% completed,  01:40:20 (hh:mm:ss) est. time remaining.
       35% completed,  01:39:32 (hh:mm:ss) est. time remaining.
       36% completed,  01:39:32 (hh:mm:ss) est. time remaining.
       36% completed,  01:38:36 (hh:mm:ss) est. time remaining.
       36% completed,  01:38:49 (hh:mm:ss) est. time remaining.
       36% completed,  01:37:57 (hh:mm:ss) est. time remaining.
       37% completed,  01:36:58 (hh:mm:ss) est. time remaining.
       37% completed,  01:36:00 (hh:mm:ss) est. time remaining.
       37% completed,  01:35:29 (hh:mm:ss) est. time remaining.
       37% completed,  01:35:22 (hh:mm:ss) est. time remaining.
       38% completed,  01:34:54 (hh:mm:ss) est. time remaining.
       38% completed,  01:34:49 (hh:mm:ss) est. time remaining.
       38% completed,  01:33:54 (hh:mm:ss) est. time remaining.
       38% completed,  01:33:06 (hh:mm:ss) est. time remaining.
       38% completed,  01:32:15 (hh:mm:ss) est. time remaining.
       39% completed,  01:31:49 (hh:mm:ss) est. time remaining.
       39% completed,  01:31:01 (hh:mm:ss) est. time remaining.
       39% completed,  01:31:14 (hh:mm:ss) est. time remaining.
       39% completed,  01:30:22 (hh:mm:ss) est. time remaining.
       40% completed,  01:29:55 (hh:mm:ss) est. time remaining.
       40% completed,  01:29:24 (hh:mm:ss) est. time remaining.
       40% completed,  01:29:18 (hh:mm:ss) est. time remaining.
       40% completed,  01:28:31 (hh:mm:ss) est. time remaining.
       41% completed,  01:28:00 (hh:mm:ss) est. time remaining.
       41% completed,  01:27:29 (hh:mm:ss) est. time remaining.
       41% completed,  01:26:59 (hh:mm:ss) est. time remaining.
       41% completed,  01:26:37 (hh:mm:ss) est. time remaining.
       41% completed,  01:25:57 (hh:mm:ss) est. time remaining.
       42% completed,  01:26:03 (hh:mm:ss) est. time remaining.
       42% completed,  01:25:24 (hh:mm:ss) est. time remaining.
       42% completed,  01:24:51 (hh:mm:ss) est. time remaining.
       42% completed,  01:24:51 (hh:mm:ss) est. time remaining.
       43% completed,  01:24:16 (hh:mm:ss) est. time remaining.
       43% completed,  01:23:50 (hh:mm:ss) est. time remaining.
       43% completed,  01:23:19 (hh:mm:ss) est. time remaining.
       43% completed,  01:23:20 (hh:mm:ss) est. time remaining.
       44% completed,  01:22:48 (hh:mm:ss) est. time remaining.
       44% completed,  01:22:48 (hh:mm:ss) est. time remaining.
       44% completed,  01:23:24 (hh:mm:ss) est. time remaining.
       44% completed,  01:23:33 (hh:mm:ss) est. time remaining.
       44% completed,  01:22:52 (hh:mm:ss) est. time remaining.
       45% completed,  01:23:02 (hh:mm:ss) est. time remaining.
       45% completed,  01:23:17 (hh:mm:ss) est. time remaining.
       45% completed,  01:23:25 (hh:mm:ss) est. time remaining.
       45% completed,  01:23:29 (hh:mm:ss) est. time remaining.
       46% completed,  01:23:39 (hh:mm:ss) est. time remaining.
       46% completed,  01:23:04 (hh:mm:ss) est. time remaining.
       46% completed,  01:22:28 (hh:mm:ss) est. time remaining.
       46% completed,  01:22:40 (hh:mm:ss) est. time remaining.
       47% completed,  01:21:17 (hh:mm:ss) est. time remaining.
       47% completed,  01:20:34 (hh:mm:ss) est. time remaining.
       47% completed,  01:20:34 (hh:mm:ss) est. time remaining.
       47% completed,  01:19:53 (hh:mm:ss) est. time remaining.
       48% completed,  01:19:58 (hh:mm:ss) est. time remaining.
       48% completed,  01:19:18 (hh:mm:ss) est. time remaining.
       48% completed,  01:19:19 (hh:mm:ss) est. time remaining.
       48% completed,  01:18:42 (hh:mm:ss) est. time remaining.
       48% completed,  01:18:09 (hh:mm:ss) est. time remaining.
       49% completed,  01:18:06 (hh:mm:ss) est. time remaining.
       49% completed,  01:17:29 (hh:mm:ss) est. time remaining.
       49% completed,  01:16:50 (hh:mm:ss) est. time remaining.
       49% completed,  01:16:51 (hh:mm:ss) est. time remaining.
       50% completed,  01:16:13 (hh:mm:ss) est. time remaining.
       50% completed,  01:16:06 (hh:mm:ss) est. time remaining.
       50% completed,  01:15:36 (hh:mm:ss) est. time remaining.
       50% completed,  01:15:09 (hh:mm:ss) est. time remaining.
       50% completed,  01:14:35 (hh:mm:ss) est. time remaining.
       51% completed,  01:14:34 (hh:mm:ss) est. time remaining.
       51% completed,  01:13:59 (hh:mm:ss) est. time remaining.
       51% completed,  01:13:59 (hh:mm:ss) est. time remaining.
       51% completed,  01:13:24 (hh:mm:ss) est. time remaining.
       51% completed,  01:12:47 (hh:mm:ss) est. time remaining.
       52% completed,  01:12:10 (hh:mm:ss) est. time remaining.
       52% completed,  01:11:37 (hh:mm:ss) est. time remaining.
       52% completed,  01:11:02 (hh:mm:ss) est. time remaining.
       52% completed,  01:10:27 (hh:mm:ss) est. time remaining.
       52% completed,  01:10:31 (hh:mm:ss) est. time remaining.
       53% completed,  01:9:55 (hh:mm:ss) est. time remaining.
       53% completed,  01:9:21 (hh:mm:ss) est. time remaining.
       53% completed,  01:9:14 (hh:mm:ss) est. time remaining.
       53% completed,  01:8:59 (hh:mm:ss) est. time remaining.
       54% completed,  01:8:38 (hh:mm:ss) est. time remaining.
       54% completed,  01:8:21 (hh:mm:ss) est. time remaining.
       54% completed,  01:7:48 (hh:mm:ss) est. time remaining.
       54% completed,  01:7:49 (hh:mm:ss) est. time remaining.
       54% completed,  01:7:17 (hh:mm:ss) est. time remaining.
       55% completed,  01:7:15 (hh:mm:ss) est. time remaining.
       55% completed,  01:6:45 (hh:mm:ss) est. time remaining.
       55% completed,  01:6:34 (hh:mm:ss) est. time remaining.
       55% completed,  01:6:06 (hh:mm:ss) est. time remaining.
       55% completed,  01:5:37 (hh:mm:ss) est. time remaining.
       56% completed,  01:5:04 (hh:mm:ss) est. time remaining.
       56% completed,  01:4:52 (hh:mm:ss) est. time remaining.
       56% completed,  01:4:33 (hh:mm:ss) est. time remaining.
       56% completed,  01:4:21 (hh:mm:ss) est. time remaining.
       56% completed,  01:4:01 (hh:mm:ss) est. time remaining.
       57% completed,  01:3:30 (hh:mm:ss) est. time remaining.
       57% completed,  01:3:29 (hh:mm:ss) est. time remaining.
       57% completed,  01:3:00 (hh:mm:ss) est. time remaining.
       57% completed,  01:2:57 (hh:mm:ss) est. time remaining.
       57% completed,  01:2:31 (hh:mm:ss) est. time remaining.
       58% completed,  01:2:32 (hh:mm:ss) est. time remaining.
       58% completed,  01:2:09 (hh:mm:ss) est. time remaining.
       58% completed,  01:1:57 (hh:mm:ss) est. time remaining.
       58% completed,  01:1:37 (hh:mm:ss) est. time remaining.
       58% completed,  01:1:24 (hh:mm:ss) est. time remaining.
       59% completed,  01:1:06 (hh:mm:ss) est. time remaining.
       59% completed,  01:0:59 (hh:mm:ss) est. time remaining.
       59% completed,  01:0:36 (hh:mm:ss) est. time remaining.
       59% completed,  01:0:32 (hh:mm:ss) est. time remaining.
       59% completed,  01:0:11 (hh:mm:ss) est. time remaining.
       59% completed,  00:59:42 (hh:mm:ss) est. time remaining.
       60% completed,  00:59:20 (hh:mm:ss) est. time remaining.
       60% completed,  00:58:58 (hh:mm:ss) est. time remaining.
       60% completed,  00:58:49 (hh:mm:ss) est. time remaining.
       60% completed,  00:58:23 (hh:mm:ss) est. time remaining.
       60% completed,  00:57:57 (hh:mm:ss) est. time remaining.
       61% completed,  00:57:31 (hh:mm:ss) est. time remaining.
       61% completed,  00:57:21 (hh:mm:ss) est. time remaining.
       61% completed,  00:56:56 (hh:mm:ss) est. time remaining.
       61% completed,  00:56:31 (hh:mm:ss) est. time remaining.
       61% completed,  00:56:08 (hh:mm:ss) est. time remaining.
       62% completed,  00:55:46 (hh:mm:ss) est. time remaining.
       62% completed,  00:55:31 (hh:mm:ss) est. time remaining.
       62% completed,  00:55:07 (hh:mm:ss) est. time remaining.
       62% completed,  00:54:43 (hh:mm:ss) est. time remaining.
       62% completed,  00:54:21 (hh:mm:ss) est. time remaining.
       63% completed,  00:53:57 (hh:mm:ss) est. time remaining.
       63% completed,  00:53:35 (hh:mm:ss) est. time remaining.
       63% completed,  00:53:11 (hh:mm:ss) est. time remaining.
       63% completed,  00:53:00 (hh:mm:ss) est. time remaining.
       63% completed,  00:52:40 (hh:mm:ss) est. time remaining.
       63% completed,  00:52:18 (hh:mm:ss) est. time remaining.
       64% completed,  00:52:03 (hh:mm:ss) est. time remaining.
       64% completed,  00:51:40 (hh:mm:ss) est. time remaining.
       64% completed,  00:51:32 (hh:mm:ss) est. time remaining.
       64% completed,  00:51:09 (hh:mm:ss) est. time remaining.
       64% completed,  00:50:59 (hh:mm:ss) est. time remaining.
       65% completed,  00:50:38 (hh:mm:ss) est. time remaining.
       65% completed,  00:50:34 (hh:mm:ss) est. time remaining.
       65% completed,  00:50:11 (hh:mm:ss) est. time remaining.
       65% completed,  00:49:47 (hh:mm:ss) est. time remaining.
       65% completed,  00:49:26 (hh:mm:ss) est. time remaining.
       65% completed,  00:49:06 (hh:mm:ss) est. time remaining.
       66% completed,  00:48:54 (hh:mm:ss) est. time remaining.
       66% completed,  00:48:38 (hh:mm:ss) est. time remaining.
       66% completed,  00:48:25 (hh:mm:ss) est. time remaining.
       66% completed,  00:48:02 (hh:mm:ss) est. time remaining.
       66% completed,  00:47:44 (hh:mm:ss) est. time remaining.
       66% completed,  00:47:35 (hh:mm:ss) est. time remaining.
       67% completed,  00:47:17 (hh:mm:ss) est. time remaining.
       67% completed,  00:46:57 (hh:mm:ss) est. time remaining.
       67% completed,  00:46:42 (hh:mm:ss) est. time remaining.
       67% completed,  00:46:29 (hh:mm:ss) est. time remaining.
       67% completed,  00:46:07 (hh:mm:ss) est. time remaining.
       68% completed,  00:45:59 (hh:mm:ss) est. time remaining.
       68% completed,  00:45:39 (hh:mm:ss) est. time remaining.
       68% completed,  00:45:31 (hh:mm:ss) est. time remaining.
       68% completed,  00:45:12 (hh:mm:ss) est. time remaining.
       68% completed,  00:44:57 (hh:mm:ss) est. time remaining.
       68% completed,  00:44:46 (hh:mm:ss) est. time remaining.
       69% completed,  00:44:30 (hh:mm:ss) est. time remaining.
       69% completed,  00:44:10 (hh:mm:ss) est. time remaining.
       69% completed,  00:43:57 (hh:mm:ss) est. time remaining.
       69% completed,  00:43:43 (hh:mm:ss) est. time remaining.
       69% completed,  00:43:24 (hh:mm:ss) est. time remaining.
       69% completed,  00:43:09 (hh:mm:ss) est. time remaining.
       70% completed,  00:42:53 (hh:mm:ss) est. time remaining.
       70% completed,  00:42:35 (hh:mm:ss) est. time remaining.
       70% completed,  00:42:20 (hh:mm:ss) est. time remaining.
       70% completed,  00:42:08 (hh:mm:ss) est. time remaining.
       70% completed,  00:41:50 (hh:mm:ss) est. time remaining.
       70% completed,  00:41:43 (hh:mm:ss) est. time remaining.
       71% completed,  00:41:24 (hh:mm:ss) est. time remaining.
       71% completed,  00:41:05 (hh:mm:ss) est. time remaining.
       71% completed,  00:40:58 (hh:mm:ss) est. time remaining.
       71% completed,  00:40:54 (hh:mm:ss) est. time remaining.
       71% completed,  00:40:36 (hh:mm:ss) est. time remaining.
       71% completed,  00:40:32 (hh:mm:ss) est. time remaining.
       71% completed,  00:40:17 (hh:mm:ss) est. time remaining.
       72% completed,  00:40:09 (hh:mm:ss) est. time remaining.
       72% completed,  00:39:51 (hh:mm:ss) est. time remaining.
       72% completed,  00:39:49 (hh:mm:ss) est. time remaining.
       72% completed,  00:39:39 (hh:mm:ss) est. time remaining.
       72% completed,  00:39:21 (hh:mm:ss) est. time remaining.
       72% completed,  00:39:13 (hh:mm:ss) est. time remaining.
       73% completed,  00:38:55 (hh:mm:ss) est. time remaining.
       73% completed,  00:38:40 (hh:mm:ss) est. time remaining.
       73% completed,  00:38:22 (hh:mm:ss) est. time remaining.
       73% completed,  00:38:11 (hh:mm:ss) est. time remaining.
       73% completed,  00:37:55 (hh:mm:ss) est. time remaining.
       73% completed,  00:37:46 (hh:mm:ss) est. time remaining.
       74% completed,  00:37:29 (hh:mm:ss) est. time remaining.
       74% completed,  00:37:13 (hh:mm:ss) est. time remaining.
       74% completed,  00:37:03 (hh:mm:ss) est. time remaining.
       74% completed,  00:36:46 (hh:mm:ss) est. time remaining.
       74% completed,  00:36:29 (hh:mm:ss) est. time remaining.
       74% completed,  00:36:19 (hh:mm:ss) est. time remaining.
       74% completed,  00:36:05 (hh:mm:ss) est. time remaining.
       75% completed,  00:35:55 (hh:mm:ss) est. time remaining.
       75% completed,  00:35:40 (hh:mm:ss) est. time remaining.
       75% completed,  00:35:23 (hh:mm:ss) est. time remaining.
       75% completed,  00:35:11 (hh:mm:ss) est. time remaining.
       75% completed,  00:34:58 (hh:mm:ss) est. time remaining.
       75% completed,  00:34:47 (hh:mm:ss) est. time remaining.
       76% completed,  00:34:33 (hh:mm:ss) est. time remaining.
       76% completed,  00:34:17 (hh:mm:ss) est. time remaining.
       76% completed,  00:34:01 (hh:mm:ss) est. time remaining.
       76% completed,  00:33:52 (hh:mm:ss) est. time remaining.
       76% completed,  00:33:37 (hh:mm:ss) est. time remaining.
       76% completed,  00:33:27 (hh:mm:ss) est. time remaining.
       76% completed,  00:33:13 (hh:mm:ss) est. time remaining.
       77% completed,  00:33:00 (hh:mm:ss) est. time remaining.
       77% completed,  00:32:46 (hh:mm:ss) est. time remaining.
       77% completed,  00:32:31 (hh:mm:ss) est. time remaining.
       77% completed,  00:32:16 (hh:mm:ss) est. time remaining.
       77% completed,  00:32:03 (hh:mm:ss) est. time remaining.
       77% completed,  00:31:48 (hh:mm:ss) est. time remaining.
       77% completed,  00:31:39 (hh:mm:ss) est. time remaining.
       78% completed,  00:31:25 (hh:mm:ss) est. time remaining.
       78% completed,  00:31:16 (hh:mm:ss) est. time remaining.
       78% completed,  00:31:02 (hh:mm:ss) est. time remaining.
       78% completed,  00:30:53 (hh:mm:ss) est. time remaining.
       78% completed,  00:30:39 (hh:mm:ss) est. time remaining.
       78% completed,  00:30:31 (hh:mm:ss) est. time remaining.
       78% completed,  00:30:16 (hh:mm:ss) est. time remaining.
       79% completed,  00:30:01 (hh:mm:ss) est. time remaining.
       79% completed,  00:29:54 (hh:mm:ss) est. time remaining.
       79% completed,  00:29:39 (hh:mm:ss) est. time remaining.
       79% completed,  00:29:31 (hh:mm:ss) est. time remaining.
       79% completed,  00:29:16 (hh:mm:ss) est. time remaining.
       79% completed,  00:29:02 (hh:mm:ss) est. time remaining.
       79% completed,  00:28:54 (hh:mm:ss) est. time remaining.
       79% completed,  00:28:39 (hh:mm:ss) est. time remaining.
       80% completed,  00:28:25 (hh:mm:ss) est. time remaining.
       80% completed,  00:28:16 (hh:mm:ss) est. time remaining.
       80% completed,  00:28:03 (hh:mm:ss) est. time remaining.
       80% completed,  00:27:49 (hh:mm:ss) est. time remaining.
       80% completed,  00:27:41 (hh:mm:ss) est. time remaining.
       80% completed,  00:27:27 (hh:mm:ss) est. time remaining.
       80% completed,  00:27:13 (hh:mm:ss) est. time remaining.
       81% completed,  00:27:03 (hh:mm:ss) est. time remaining.
       81% completed,  00:26:50 (hh:mm:ss) est. time remaining.
       81% completed,  00:26:36 (hh:mm:ss) est. time remaining.
       81% completed,  00:26:29 (hh:mm:ss) est. time remaining.
       81% completed,  00:26:15 (hh:mm:ss) est. time remaining.
       81% completed,  00:26:02 (hh:mm:ss) est. time remaining.
       81% completed,  00:25:53 (hh:mm:ss) est. time remaining.
       81% completed,  00:25:41 (hh:mm:ss) est. time remaining.
       82% completed,  00:25:32 (hh:mm:ss) est. time remaining.
       82% completed,  00:25:20 (hh:mm:ss) est. time remaining.
       82% completed,  00:25:07 (hh:mm:ss) est. time remaining.
       82% completed,  00:24:55 (hh:mm:ss) est. time remaining.
       82% completed,  00:24:42 (hh:mm:ss) est. time remaining.
       82% completed,  00:24:29 (hh:mm:ss) est. time remaining.
       82% completed,  00:24:17 (hh:mm:ss) est. time remaining.
       83% completed,  00:24:05 (hh:mm:ss) est. time remaining.
       83% completed,  00:23:55 (hh:mm:ss) est. time remaining.
       83% completed,  00:23:45 (hh:mm:ss) est. time remaining.
       83% completed,  00:23:35 (hh:mm:ss) est. time remaining.
       83% completed,  00:23:24 (hh:mm:ss) est. time remaining.
       83% completed,  00:23:17 (hh:mm:ss) est. time remaining.
       83% completed,  00:23:06 (hh:mm:ss) est. time remaining.
       83% completed,  00:22:57 (hh:mm:ss) est. time remaining.
       83% completed,  00:22:46 (hh:mm:ss) est. time remaining.
       84% completed,  00:22:37 (hh:mm:ss) est. time remaining.
       84% completed,  00:22:31 (hh:mm:ss) est. time remaining.
       84% completed,  00:22:18 (hh:mm:ss) est. time remaining.
       84% completed,  00:22:14 (hh:mm:ss) est. time remaining.
       84% completed,  00:22:01 (hh:mm:ss) est. time remaining.
       84% completed,  00:21:50 (hh:mm:ss) est. time remaining.
       84% completed,  00:21:41 (hh:mm:ss) est. time remaining.
       84% completed,  00:21:29 (hh:mm:ss) est. time remaining.
       85% completed,  00:21:22 (hh:mm:ss) est. time remaining.
       85% completed,  00:21:10 (hh:mm:ss) est. time remaining.
       85% completed,  00:21:00 (hh:mm:ss) est. time remaining.
       85% completed,  00:20:49 (hh:mm:ss) est. time remaining.
       85% completed,  00:20:38 (hh:mm:ss) est. time remaining.
       85% completed,  00:20:26 (hh:mm:ss) est. time remaining.
       85% completed,  00:20:19 (hh:mm:ss) est. time remaining.
       85% completed,  00:20:08 (hh:mm:ss) est. time remaining.
       85% completed,  00:19:59 (hh:mm:ss) est. time remaining.
       86% completed,  00:19:47 (hh:mm:ss) est. time remaining.
       86% completed,  00:19:38 (hh:mm:ss) est. time remaining.
       86% completed,  00:19:29 (hh:mm:ss) est. time remaining.
       86% completed,  00:19:19 (hh:mm:ss) est. time remaining.
       86% completed,  00:19:08 (hh:mm:ss) est. time remaining.
       86% completed,  00:18:58 (hh:mm:ss) est. time remaining.
       86% completed,  00:18:48 (hh:mm:ss) est. time remaining.
       86% completed,  00:18:37 (hh:mm:ss) est. time remaining.
       86% completed,  00:18:29 (hh:mm:ss) est. time remaining.
       87% completed,  00:18:18 (hh:mm:ss) est. time remaining.
       87% completed,  00:18:11 (hh:mm:ss) est. time remaining.
       87% completed,  00:18:00 (hh:mm:ss) est. time remaining.
       87% completed,  00:17:51 (hh:mm:ss) est. time remaining.
       87% completed,  00:17:42 (hh:mm:ss) est. time remaining.
       87% completed,  00:17:33 (hh:mm:ss) est. time remaining.
       87% completed,  00:17:23 (hh:mm:ss) est. time remaining.
       87% completed,  00:17:12 (hh:mm:ss) est. time remaining.
       87% completed,  00:17:03 (hh:mm:ss) est. time remaining.
       88% completed,  00:16:55 (hh:mm:ss) est. time remaining.
       88% completed,  00:16:45 (hh:mm:ss) est. time remaining.
       88% completed,  00:16:35 (hh:mm:ss) est. time remaining.
       88% completed,  00:16:27 (hh:mm:ss) est. time remaining.
       88% completed,  00:16:18 (hh:mm:ss) est. time remaining.
       88% completed,  00:16:10 (hh:mm:ss) est. time remaining.
       88% completed,  00:16:01 (hh:mm:ss) est. time remaining.
       88% completed,  00:15:53 (hh:mm:ss) est. time remaining.
       88% completed,  00:15:43 (hh:mm:ss) est. time remaining.
       88% completed,  00:15:35 (hh:mm:ss) est. time remaining.
       89% completed,  00:15:26 (hh:mm:ss) est. time remaining.
       89% completed,  00:15:19 (hh:mm:ss) est. time remaining.
       89% completed,  00:15:09 (hh:mm:ss) est. time remaining.
       89% completed,  00:15:02 (hh:mm:ss) est. time remaining.
       89% completed,  00:14:53 (hh:mm:ss) est. time remaining.
       89% completed,  00:14:44 (hh:mm:ss) est. time remaining.
       89% completed,  00:14:36 (hh:mm:ss) est. time remaining.
       89% completed,  00:14:27 (hh:mm:ss) est. time remaining.
       89% completed,  00:14:18 (hh:mm:ss) est. time remaining.
       89% completed,  00:14:10 (hh:mm:ss) est. time remaining.
       90% completed,  00:14:01 (hh:mm:ss) est. time remaining.
       90% completed,  00:13:53 (hh:mm:ss) est. time remaining.
       90% completed,  00:13:45 (hh:mm:ss) est. time remaining.
       90% completed,  00:13:37 (hh:mm:ss) est. time remaining.
       90% completed,  00:13:28 (hh:mm:ss) est. time remaining.
       90% completed,  00:13:21 (hh:mm:ss) est. time remaining.
       90% completed,  00:13:12 (hh:mm:ss) est. time remaining.
       90% completed,  00:13:05 (hh:mm:ss) est. time remaining.
       90% completed,  00:12:57 (hh:mm:ss) est. time remaining.
       90% completed,  00:12:50 (hh:mm:ss) est. time remaining.
       91% completed,  00:12:42 (hh:mm:ss) est. time remaining.
       91% completed,  00:12:34 (hh:mm:ss) est. time remaining.
       91% completed,  00:12:26 (hh:mm:ss) est. time remaining.
       91% completed,  00:12:18 (hh:mm:ss) est. time remaining.
       91% completed,  00:12:10 (hh:mm:ss) est. time remaining.
       91% completed,  00:12:02 (hh:mm:ss) est. time remaining.
       91% completed,  00:11:54 (hh:mm:ss) est. time remaining.
       91% completed,  00:11:47 (hh:mm:ss) est. time remaining.
       91% completed,  00:11:39 (hh:mm:ss) est. time remaining.
       91% completed,  00:11:32 (hh:mm:ss) est. time remaining.
       91% completed,  00:11:24 (hh:mm:ss) est. time remaining.
       91% completed,  00:11:17 (hh:mm:ss) est. time remaining.
       92% completed,  00:11:09 (hh:mm:ss) est. time remaining.
       92% completed,  00:11:02 (hh:mm:ss) est. time remaining.
       92% completed,  00:10:55 (hh:mm:ss) est. time remaining.
       92% completed,  00:10:48 (hh:mm:ss) est. time remaining.
       92% completed,  00:10:41 (hh:mm:ss) est. time remaining.
       92% completed,  00:10:34 (hh:mm:ss) est. time remaining.
       92% completed,  00:10:27 (hh:mm:ss) est. time remaining.
       92% completed,  00:10:20 (hh:mm:ss) est. time remaining.
       92% completed,  00:10:12 (hh:mm:ss) est. time remaining.
       92% completed,  00:10:05 (hh:mm:ss) est. time remaining.
       92% completed,  00:9:58 (hh:mm:ss) est. time remaining.
       92% completed,  00:9:50 (hh:mm:ss) est. time remaining.
       93% completed,  00:9:44 (hh:mm:ss) est. time remaining.
       93% completed,  00:9:38 (hh:mm:ss) est. time remaining.
       93% completed,  00:9:31 (hh:mm:ss) est. time remaining.
       93% completed,  00:9:25 (hh:mm:ss) est. time remaining.
       93% completed,  00:9:18 (hh:mm:ss) est. time remaining.
       93% completed,  00:9:12 (hh:mm:ss) est. time remaining.
       93% completed,  00:9:06 (hh:mm:ss) est. time remaining.
       93% completed,  00:8:59 (hh:mm:ss) est. time remaining.
       93% completed,  00:8:53 (hh:mm:ss) est. time remaining.
       93% completed,  00:8:47 (hh:mm:ss) est. time remaining.
       93% completed,  00:8:40 (hh:mm:ss) est. time remaining.
       93% completed,  00:8:34 (hh:mm:ss) est. time remaining.
       93% completed,  00:8:27 (hh:mm:ss) est. time remaining.
       94% completed,  00:8:21 (hh:mm:ss) est. time remaining.
       94% completed,  00:8:15 (hh:mm:ss) est. time remaining.
       94% completed,  00:8:08 (hh:mm:ss) est. time remaining.
       94% completed,  00:8:03 (hh:mm:ss) est. time remaining.
       94% completed,  00:7:56 (hh:mm:ss) est. time remaining.
       94% completed,  00:7:50 (hh:mm:ss) est. time remaining.
       94% completed,  00:7:44 (hh:mm:ss) est. time remaining.
       94% completed,  00:7:38 (hh:mm:ss) est. time remaining.
       94% completed,  00:7:32 (hh:mm:ss) est. time remaining.
       94% completed,  00:7:26 (hh:mm:ss) est. time remaining.
       94% completed,  00:7:20 (hh:mm:ss) est. time remaining.
       94% completed,  00:7:15 (hh:mm:ss) est. time remaining.
       94% completed,  00:7:09 (hh:mm:ss) est. time remaining.
       94% completed,  00:7:03 (hh:mm:ss) est. time remaining.
       95% completed,  00:6:58 (hh:mm:ss) est. time remaining.
       95% completed,  00:6:52 (hh:mm:ss) est. time remaining.
       95% completed,  00:6:46 (hh:mm:ss) est. time remaining.
       95% completed,  00:6:40 (hh:mm:ss) est. time remaining.
       95% completed,  00:6:35 (hh:mm:ss) est. time remaining.
       95% completed,  00:6:29 (hh:mm:ss) est. time remaining.
       95% completed,  00:6:24 (hh:mm:ss) est. time remaining.
       95% completed,  00:6:18 (hh:mm:ss) est. time remaining.
       95% completed,  00:6:13 (hh:mm:ss) est. time remaining.
       95% completed,  00:6:07 (hh:mm:ss) est. time remaining.
       95% completed,  00:6:02 (hh:mm:ss) est. time remaining.
       95% completed,  00:5:56 (hh:mm:ss) est. time remaining.
       95% completed,  00:5:51 (hh:mm:ss) est. time remaining.
       95% completed,  00:5:46 (hh:mm:ss) est. time remaining.
       95% completed,  00:5:40 (hh:mm:ss) est. time remaining.
       96% completed,  00:5:35 (hh:mm:ss) est. time remaining.
       96% completed,  00:5:30 (hh:mm:ss) est. time remaining.
       96% completed,  00:5:25 (hh:mm:ss) est. time remaining.
       96% completed,  00:5:20 (hh:mm:ss) est. time remaining.
       96% completed,  00:5:14 (hh:mm:ss) est. time remaining.
       96% completed,  00:5:10 (hh:mm:ss) est. time remaining.
       96% completed,  00:5:05 (hh:mm:ss) est. time remaining.
       96% completed,  00:5:00 (hh:mm:ss) est. time remaining.
       96% completed,  00:4:55 (hh:mm:ss) est. time remaining.
       96% completed,  00:4:50 (hh:mm:ss) est. time remaining.
       96% completed,  00:4:45 (hh:mm:ss) est. time remaining.
       96% completed,  00:4:40 (hh:mm:ss) est. time remaining.
       96% completed,  00:4:36 (hh:mm:ss) est. time remaining.
       96% completed,  00:4:31 (hh:mm:ss) est. time remaining.
       96% completed,  00:4:27 (hh:mm:ss) est. time remaining.
       96% completed,  00:4:22 (hh:mm:ss) est. time remaining.
       96% completed,  00:4:18 (hh:mm:ss) est. time remaining.
       96% completed,  00:4:13 (hh:mm:ss) est. time remaining.
       97% completed,  00:4:09 (hh:mm:ss) est. time remaining.
       97% completed,  00:4:05 (hh:mm:ss) est. time remaining.
       97% completed,  00:4:00 (hh:mm:ss) est. time remaining.
       97% completed,  00:3:56 (hh:mm:ss) est. time remaining.
       97% completed,  00:3:51 (hh:mm:ss) est. time remaining.
       97% completed,  00:3:47 (hh:mm:ss) est. time remaining.
       97% completed,  00:3:43 (hh:mm:ss) est. time remaining.
       97% completed,  00:3:39 (hh:mm:ss) est. time remaining.
       97% completed,  00:3:35 (hh:mm:ss) est. time remaining.
       97% completed,  00:3:31 (hh:mm:ss) est. time remaining.
       97% completed,  00:3:27 (hh:mm:ss) est. time remaining.
       97% completed,  00:3:23 (hh:mm:ss) est. time remaining.
       97% completed,  00:3:19 (hh:mm:ss) est. time remaining.
       97% completed,  00:3:15 (hh:mm:ss) est. time remaining.
       97% completed,  00:3:11 (hh:mm:ss) est. time remaining.
       97% completed,  00:3:07 (hh:mm:ss) est. time remaining.
       97% completed,  00:3:03 (hh:mm:ss) est. time remaining.
       97% completed,  00:3:00 (hh:mm:ss) est. time remaining.
       97% completed,  00:2:56 (hh:mm:ss) est. time remaining.
       97% completed,  00:2:52 (hh:mm:ss) est. time remaining.
       97% completed,  00:2:49 (hh:mm:ss) est. time remaining.
       98% completed,  00:2:45 (hh:mm:ss) est. time remaining.
       98% completed,  00:2:42 (hh:mm:ss) est. time remaining.
       98% completed,  00:2:38 (hh:mm:ss) est. time remaining.
       98% completed,  00:2:35 (hh:mm:ss) est. time remaining.
       98% completed,  00:2:31 (hh:mm:ss) est. time remaining.
       98% completed,  00:2:28 (hh:mm:ss) est. time remaining.
       98% completed,  00:2:24 (hh:mm:ss) est. time remaining.
       98% completed,  00:2:21 (hh:mm:ss) est. time remaining.
       98% completed,  00:2:18 (hh:mm:ss) est. time remaining.
       98% completed,  00:2:14 (hh:mm:ss) est. time remaining.
       98% completed,  00:2:11 (hh:mm:ss) est. time remaining.
       98% completed,  00:2:08 (hh:mm:ss) est. time remaining.
       98% completed,  00:2:05 (hh:mm:ss) est. time remaining.
       98% completed,  00:2:02 (hh:mm:ss) est. time remaining.
       98% completed,  00:1:59 (hh:mm:ss) est. time remaining.
       98% completed,  00:1:56 (hh:mm:ss) est. time remaining.
       98% completed,  00:1:53 (hh:mm:ss) est. time remaining.
       98% completed,  00:1:50 (hh:mm:ss) est. time remaining.
       98% completed,  00:1:47 (hh:mm:ss) est. time remaining.
       98% completed,  00:1:44 (hh:mm:ss) est. time remaining.
       98% completed,  00:1:41 (hh:mm:ss) est. time remaining.
       98% completed,  00:1:38 (hh:mm:ss) est. time remaining.
       98% completed,  00:1:36 (hh:mm:ss) est. time remaining.
       98% completed,  00:1:33 (hh:mm:ss) est. time remaining.
       98% completed,  00:1:30 (hh:mm:ss) est. time remaining.
       98% completed,  00:1:28 (hh:mm:ss) est. time remaining.
       98% completed,  00:1:25 (hh:mm:ss) est. time remaining.
       99% completed,  00:1:22 (hh:mm:ss) est. time remaining.
       99% completed,  00:1:20 (hh:mm:ss) est. time remaining.
       99% completed,  00:1:17 (hh:mm:ss) est. time remaining.
       99% completed,  00:1:15 (hh:mm:ss) est. time remaining.
       99% completed,  00:1:13 (hh:mm:ss) est. time remaining.
       99% completed,  00:1:10 (hh:mm:ss) est. time remaining.
       99% completed,  00:1:08 (hh:mm:ss) est. time remaining.
       99% completed,  00:1:06 (hh:mm:ss) est. time remaining.
       99% completed,  00:1:03 (hh:mm:ss) est. time remaining.
       99% completed,  00:1:01 (hh:mm:ss) est. time remaining.
       99% completed,  00:0:59 (hh:mm:ss) est. time remaining.
       99% completed,  00:0:57 (hh:mm:ss) est. time remaining.
       99% completed,  00:0:55 (hh:mm:ss) est. time remaining.
       99% completed,  00:0:53 (hh:mm:ss) est. time remaining.
       99% completed,  00:0:51 (hh:mm:ss) est. time remaining.
       99% completed,  00:0:49 (hh:mm:ss) est. time remaining.
       99% completed,  00:0:47 (hh:mm:ss) est. time remaining.
       99% completed,  00:0:45 (hh:mm:ss) est. time remaining.
       99% completed,  00:0:43 (hh:mm:ss) est. time remaining.
       99% completed,  00:0:41 (hh:mm:ss) est. time remaining.
       99% completed,  00:0:40 (hh:mm:ss) est. time remaining.
       99% completed,  00:0:38 (hh:mm:ss) est. time remaining.
       99% completed,  00:0:36 (hh:mm:ss) est. time remaining.
       99% completed,  00:0:34 (hh:mm:ss) est. time remaining.
       99% completed,  00:0:33 (hh:mm:ss) est. time remaining.
       99% completed,  00:0:31 (hh:mm:ss) est. time remaining.
       99% completed,  00:0:30 (hh:mm:ss) est. time remaining.
       99% completed,  00:0:28 (hh:mm:ss) est. time remaining.
       99% completed,  00:0:27 (hh:mm:ss) est. time remaining.
       99% completed,  00:0:25 (hh:mm:ss) est. time remaining.
       99% completed,  00:0:24 (hh:mm:ss) est. time remaining.
       99% completed,  00:0:23 (hh:mm:ss) est. time remaining.
       99% completed,  00:0:21 (hh:mm:ss) est. time remaining.
       99% completed,  00:0:20 (hh:mm:ss) est. time remaining.
       99% completed,  00:0:19 (hh:mm:ss) est. time remaining.
       99% completed,  00:0:17 (hh:mm:ss) est. time remaining.
       99% completed,  00:0:16 (hh:mm:ss) est. time remaining.
       99% completed,  00:0:15 (hh:mm:ss) est. time remaining.
       99% completed,  00:0:14 (hh:mm:ss) est. time remaining.
       99% completed,  00:0:13 (hh:mm:ss) est. time remaining.
       99% completed,  00:0:12 (hh:mm:ss) est. time remaining.
       99% completed,  00:0:11 (hh:mm:ss) est. time remaining.
       99% completed,  00:0:10 (hh:mm:ss) est. time remaining.
       99% completed,  00:0:09 (hh:mm:ss) est. time remaining.
       99% completed,  00:0:08 (hh:mm:ss) est. time remaining.
       99% completed,  00:0:08 (hh:mm:ss) est. time remaining.
       99% completed,  00:0:07 (hh:mm:ss) est. time remaining.
       99% completed,  00:0:06 (hh:mm:ss) est. time remaining.
       99% completed,  00:0:05 (hh:mm:ss) est. time remaining.
       99% completed,  00:0:05 (hh:mm:ss) est. time remaining.
       99% completed,  00:0:04 (hh:mm:ss) est. time remaining.
       99% completed,  00:0:04 (hh:mm:ss) est. time remaining.
       99% completed,  00:0:03 (hh:mm:ss) est. time remaining.
       99% completed,  00:0:03 (hh:mm:ss) est. time remaining.
       99% completed,  00:0:02 (hh:mm:ss) est. time remaining.
       99% completed,  00:0:02 (hh:mm:ss) est. time remaining.
       99% completed,  00:0:01 (hh:mm:ss) est. time remaining.
       99% completed,  00:0:01 (hh:mm:ss) est. time remaining.
       99% completed,  00:0:01 (hh:mm:ss) est. time remaining.
       99% completed,  00:0:00 (hh:mm:ss) est. time remaining.
       99% completed,  00:0:00 (hh:mm:ss) est. time remaining.
       99% completed,  00:0:00 (hh:mm:ss) est. time remaining.
       99% completed,  00:0:00 (hh:mm:ss) est. time remaining.
       99% completed,  00:0:00 (hh:mm:ss) est. time remaining.
       99% completed,  00:0:00 (hh:mm:ss) est. time remaining.
      100% completed,  00:0:00 (hh:mm:ss) est. time remaining.
Comparison Time: 02:19:49 (hh:mm:ss) Elapsed Time, 12069 HSPs Collected
  - RECON: Running imagespread..
RECON Elapsed: 00:00:00 (hh:mm:ss) Elapsed Time
  - RECON: Running initial definition of elements ( eledef )..
RECON Elapsed: 00:00:12 (hh:mm:ss) Elapsed Time
  - RECON: Running re-definition of elements ( eleredef )..
RECON Elapsed: 00:00:28 (hh:mm:ss) Elapsed Time
  - RECON: Running re-definition of edges ( edgeredef )..
RECON Elapsed: 00:00:36 (hh:mm:ss) Elapsed Time
  - RECON: Running family definition ( famdef )..
RECON Elapsed: 00:00:01 (hh:mm:ss) Elapsed Time
  - Obtaining element sequences
Number of families returned by RECON: 1438
Processing families with greater than 15 elements

Processing RECON family: 86
  - Saving 96 elements
  - Refining family-86 model...

Processing RECON family: 30
  - Saving 31 elements
  - Refining family-30 model...

Processing RECON family: 270
  - Saving 27 elements
  - Refining family-270 model...

Processing RECON family: 90
  - Saving 26 elements
  - Refining family-90 model...

Processing RECON family: 95
  - Saving 25 elements
  - Refining family-95 model...

Processing RECON family: 205
  - Saving 23 elements
  - Refining family-205 model...

Processing RECON family: 494
  - Saving 22 elements
  - Refining family-494 model...

Processing RECON family: 128
  - Saving 22 elements
  - Refining family-128 model...

Processing RECON family: 32
  - Saving 21 elements
  - Refining family-32 model...

Processing RECON family: 534
  - Saving 19 elements
  - Refining family-534 model...

Processing RECON family: 368
  - Saving 19 elements
  - Refining family-368 model...

Processing RECON family: 7
  - Saving 16 elements
  - Refining family-7 model...

Processing RECON family: 135
  - Saving 16 elements
  - Refining family-135 model...

Processing RECON family: 55
  - Saving 16 elements
  - Refining family-55 model...

Processing RECON family: 805
  - Saving 16 elements
  - Refining family-805 model...

Processing RECON family: 87
  - Saving 16 elements
  - Refining family-87 model...
Family Refinement: 00:21:01 (hh:mm:ss) Elapsed Time
Round Time: 03:17:13 (hh:mm:ss) Elapsed Time

RepeatScout/RECON discovery complete: 159 families found


RepeatClassifier Version 2.0.1
======================================
Search Engine = rmblast
  - Looking for Simple and Low Complexity sequences..
  - Looking for similarity to known repeat proteins..
Missing /hpc/group/vilgalyslab/yk158/miniconda3/envs/repeatmasker/share/RepeatMasker/Libraries/RepeatMasker.lib.nsq!
Please rerun the configure program in the RepeatModeler directory
before running this script.
  - Looking for similarity to known repeat consensi..
Classification Time: 00:09:26 (hh:mm:ss) Elapsed Time


Program Time: 24:04:16 (hh:mm:ss) Elapsed Time
Working directory:  /work/yk158/pmiEndo/repeatmodeler/RM_128465.TueAug181846042020
may be deleted unless there were problems with the run.

The results have been saved to:
  Ampqui1-families.fa  - Consensus sequences for each family identified.
  Ampqui1-families.stk - Seed alignments for each family identified.

The RepeatModeler stockholm file is formatted so that it can
easily be submitted to the Dfam database.  Please consider contributing
curated families to this open database and be a part of this growing
community resource.  For more information contact help@dfam.org.


