RepeatModeler Version 2.0.1
===========================
Search Engine = rmblast 2.9.0+
Dependencies: TRF 4.09, RECON , RepeatScout 1.0.6, RepeatMasker 
LTR Structural Analysis: Disabled [use -LTRStruct to enable]
Random Number Seed: 1597790761
Database = Atrpi1 .
  - Sequences = 31
  - Bases = 43942509
Using output directory = /work/yk158/pmiEndo/repeatmodeler/RM_43891.TueAug181846032020
Storage Throughput = poor ( 173.84 MB/s )
  - NOTE: Poor storage througput will have a large impact on RepeatModeler
          performance.  The low throughput observed above may be due to
          transient usage patterns on the system and may not reflect the
          actual system performance. Whenever possible run RepeatModeler
          in a directory stored on a fast local disk and not over a
          network filesytem.

Ready to start the sampling process.
INFO: The runtime of RepeatModeler heavily depends on the quality of the assembly
      and the repetitive content of the sequences.  It is not imperative
      that RepeatModeler completes all rounds in order to obtain useful
      results.  At the completion of each round, the files ( consensi.fa, and
      families.stk ) found in:
      /work/yk158/pmiEndo/repeatmodeler/RM_43891.TueAug181846032020/ 
      will contain all results produced thus far. These files may be 
      manually copied and run through RepeatClassifier should the program
      be terminated early.


RepeatModeler Round # 1
========================
Searching for Repeats
 -- Sampling from the database...
   - Gathering up to 40000000 bp
   - Final Sample Size = 40005800 bp ( 40005800 non ambiguous )
   - Num Contigs Represented = 31
   - Sequence extraction : 00:00:03 (hh:mm:ss) Elapsed Time
 -- Running RepeatScout on the sequences...
   - RepeatScout: Running build_lmer_table ( l = 14 )..
   - RepeatScout: Running RepeatScout.. : 188 raw families identified
   - RepeatScout: Running filtering stage.. 150 families remaining
   - RepeatScout: 00:10:18 (hh:mm:ss) Elapsed Time
   - Large Satellite Filtering.. : 2 found in 00:00:02 (hh:mm:ss) Elapsed Time
   - Collecting repeat instances...
 -- Refining Family R=119 / 0 ( RS Elements: 346, Using 100 )
 -- Refining Family R=23 / 1 ( RS Elements: 335, Using 100 )
 -- Refining Family R=2 / 2 ( RS Elements: 266, Using 100 )
 -- Refining Family R=1 / 3 ( RS Elements: 245, Using 100 )
 -- Refining Family R=5 / 4 ( RS Elements: 165, Using 100 )
 -- Refining Family R=6 / 5 ( RS Elements: 163, Using 100 )
 -- Refining Family R=58 / 6 ( RS Elements: 118, Using 100 )
 -- Refining Family R=18 / 7 ( RS Elements: 115, Using 100 )
 -- Refining Family R=48 / 8 ( RS Elements: 107, Using 100 )
 -- Refining Family R=7 / 9 ( RS Elements: 97, Using 97 )
 -- Refining Family R=40 / 10 ( RS Elements: 97, Using 97 )
 -- Refining Family R=25 / 11 ( RS Elements: 96, Using 96 )
 -- Refining Family R=84 / 12 ( RS Elements: 94, Using 94 )
 -- Refining Family R=124 / 13 ( RS Elements: 93, Using 93 )
 -- Refining Family R=4 / 14 ( RS Elements: 91, Using 91 )
 -- Refining Family R=158 / 15 ( RS Elements: 84, Using 84 )
 -- Refining Family R=52 / 16 ( RS Elements: 82, Using 82 )
 -- Refining Family R=163 / 17 ( RS Elements: 80, Using 80 )
 -- Refining Family R=30 / 18 ( RS Elements: 77, Using 77 )
 -- Refining Family R=115 / 19 ( RS Elements: 72, Using 72 )
 -- Refining Family R=3 / 20 ( RS Elements: 69, Using 69 )
 -- Refining Family R=16 / 21 ( RS Elements: 69, Using 69 )
 -- Refining Family R=131 / 22 ( RS Elements: 68, Using 68 )
 -- Refining Family R=12 / 23 ( RS Elements: 66, Using 66 )
 -- Refining Family R=102 / 24 ( RS Elements: 62, Using 62 )
 -- Refining Family R=109 / 25 ( RS Elements: 61, Using 61 )
 -- Refining Family R=22 / 26 ( RS Elements: 60, Using 60 )
 -- Refining Family R=43 / 27 ( RS Elements: 60, Using 60 )
 -- Refining Family R=92 / 28 ( RS Elements: 59, Using 59 )
 -- Refining Family R=62 / 29 ( RS Elements: 58, Using 58 )
 -- Refining Family R=66 / 30 ( RS Elements: 56, Using 56 )
 -- Refining Family R=14 / 31 ( RS Elements: 56, Using 56 )
 -- Refining Family R=88 / 32 ( RS Elements: 54, Using 54 )
 -- Refining Family R=67 / 33 ( RS Elements: 54, Using 54 )
 -- Refining Family R=47 / 34 ( RS Elements: 53, Using 53 )
 -- Refining Family R=110 / 35 ( RS Elements: 51, Using 51 )
 -- Refining Family R=130 / 36 ( RS Elements: 48, Using 48 )
 -- Refining Family R=33 / 37 ( RS Elements: 47, Using 47 )
 -- Refining Family R=39 / 38 ( RS Elements: 47, Using 47 )
 -- Refining Family R=112 / 39 ( RS Elements: 46, Using 46 )
 -- Refining Family R=36 / 40 ( RS Elements: 46, Using 46 )
 -- Refining Family R=19 / 41 ( RS Elements: 45, Using 45 )
 -- Refining Family R=117 / 42 ( RS Elements: 41, Using 41 )
 -- Refining Family R=71 / 43 ( RS Elements: 41, Using 41 )
 -- Refining Family R=98 / 44 ( RS Elements: 40, Using 40 )
 -- Refining Family R=59 / 45 ( RS Elements: 40, Using 40 )
 -- Refining Family R=132 / 46 ( RS Elements: 40, Using 40 )
 -- Refining Family R=26 / 47 ( RS Elements: 40, Using 40 )
 -- Refining Family R=144 / 48 ( RS Elements: 39, Using 39 )
 -- Refining Family R=46 / 49 ( RS Elements: 37, Using 37 )
 -- Refining Family R=164 / 50 ( RS Elements: 35, Using 35 )
 -- Refining Family R=61 / 51 ( RS Elements: 34, Using 34 )
 -- Refining Family R=21 / 52 ( RS Elements: 34, Using 34 )
 -- Refining Family R=57 / 53 ( RS Elements: 32, Using 32 )
 -- Refining Family R=24 / 54 ( RS Elements: 32, Using 32 )
 -- Refining Family R=136 / 55 ( RS Elements: 31, Using 31 )
 -- Refining Family R=83 / 56 ( RS Elements: 31, Using 31 )
 -- Refining Family R=75 / 57 ( RS Elements: 29, Using 29 )
 -- Refining Family R=37 / 58 ( RS Elements: 28, Using 28 )
 -- Refining Family R=68 / 59 ( RS Elements: 26, Using 26 )
 -- Refining Family R=38 / 60 ( RS Elements: 26, Using 26 )
 -- Refining Family R=80 / 61 ( RS Elements: 26, Using 26 )
 -- Refining Family R=65 / 62 ( RS Elements: 25, Using 25 )
 -- Refining Family R=63 / 63 ( RS Elements: 25, Using 25 )
 -- Refining Family R=122 / 64 ( RS Elements: 24, Using 24 )
 -- Refining Family R=160 / 65 ( RS Elements: 23, Using 23 )
 -- Refining Family R=148 / 66 ( RS Elements: 22, Using 22 )
 -- Refining Family R=162 / 67 ( RS Elements: 22, Using 22 )
 -- Refining Family R=104 / 68 ( RS Elements: 21, Using 21 )
 -- Refining Family R=41 / 69 ( RS Elements: 20, Using 20 )
 -- Refining Family R=123 / 70 ( RS Elements: 20, Using 20 )
 -- Refining Family R=156 / 71 ( RS Elements: 20, Using 20 )
 -- Refining Family R=96 / 72 ( RS Elements: 20, Using 20 )
 -- Refining Family R=183 / 73 ( RS Elements: 19, Using 19 )
 -- Refining Family R=82 / 74 ( RS Elements: 19, Using 19 )
 -- Refining Family R=45 / 75 ( RS Elements: 18, Using 18 )
 -- Refining Family R=60 / 76 ( RS Elements: 17, Using 17 )
 -- Refining Family R=101 / 77 ( RS Elements: 17, Using 17 )
 -- Refining Family R=44 / 78 ( RS Elements: 17, Using 17 )
 -- Refining Family R=87 / 79 ( RS Elements: 16, Using 16 )
Family Refinement: 00:28:05 (hh:mm:ss) Elapsed Time


RepeatModeler Round # 2
========================
Searching for Repeats
 -- Sampling from the database...
   - Gathering up to 3000000 bp
   - Sequence extraction : 00:00:00 (hh:mm:ss) Elapsed Time
 -- Running TRFMask on the sequence...
       126 Tandem Repeats Masked
   - TRFMask time 00:00:06 (hh:mm:ss) Elapsed Time
 -- Masking repeats from the previous rounds...
  - Masking 1 - 5 of 76
  - Masking 16 - 30 of 76
  - Masking 41 - 65 of 76
  - Masking 76 - 76 of 76
   - TE Masking time 00:00:07 (hh:mm:ss) Elapsed Time
 -- Sample Stats:
       Sample Size 3004732 bp
       Num Contigs Represented = 26
       Non ambiguous bp:
             Initial: 3004732 bp
             After Masking: 2945969 bp
             Masked: 1.96 % 
 -- Input Database Coverage: 3004732 bp out of 43942509 bp ( 6.84 % )
Sampling Time: 00:00:13 (hh:mm:ss) Elapsed Time
Running all-by-other comparisons...
        2% completed,  00:3:07 (hh:mm:ss) est. time remaining.
        5% completed,  00:1:30 (hh:mm:ss) est. time remaining.
        7% completed,  00:1:11 (hh:mm:ss) est. time remaining.
       10% completed,  00:1:18 (hh:mm:ss) est. time remaining.
       12% completed,  00:1:21 (hh:mm:ss) est. time remaining.
       15% completed,  00:1:12 (hh:mm:ss) est. time remaining.
       17% completed,  00:1:19 (hh:mm:ss) est. time remaining.
       20% completed,  00:1:11 (hh:mm:ss) est. time remaining.
       22% completed,  00:1:16 (hh:mm:ss) est. time remaining.
       24% completed,  00:1:09 (hh:mm:ss) est. time remaining.
       26% completed,  00:1:15 (hh:mm:ss) est. time remaining.
       29% completed,  00:1:15 (hh:mm:ss) est. time remaining.
       31% completed,  00:1:16 (hh:mm:ss) est. time remaining.
       33% completed,  00:1:23 (hh:mm:ss) est. time remaining.
       35% completed,  00:1:26 (hh:mm:ss) est. time remaining.
       37% completed,  00:1:27 (hh:mm:ss) est. time remaining.
       39% completed,  00:1:24 (hh:mm:ss) est. time remaining.
       41% completed,  00:1:22 (hh:mm:ss) est. time remaining.
       43% completed,  00:1:18 (hh:mm:ss) est. time remaining.
       45% completed,  00:1:16 (hh:mm:ss) est. time remaining.
       47% completed,  00:1:11 (hh:mm:ss) est. time remaining.
       49% completed,  00:1:07 (hh:mm:ss) est. time remaining.
       51% completed,  00:1:04 (hh:mm:ss) est. time remaining.
       53% completed,  00:1:00 (hh:mm:ss) est. time remaining.
       55% completed,  00:0:58 (hh:mm:ss) est. time remaining.
       57% completed,  00:0:56 (hh:mm:ss) est. time remaining.
       58% completed,  00:0:53 (hh:mm:ss) est. time remaining.
       60% completed,  00:0:51 (hh:mm:ss) est. time remaining.
       62% completed,  00:0:48 (hh:mm:ss) est. time remaining.
       63% completed,  00:0:46 (hh:mm:ss) est. time remaining.
       65% completed,  00:0:43 (hh:mm:ss) est. time remaining.
       66% completed,  00:0:42 (hh:mm:ss) est. time remaining.
       68% completed,  00:0:39 (hh:mm:ss) est. time remaining.
       69% completed,  00:0:38 (hh:mm:ss) est. time remaining.
       71% completed,  00:0:35 (hh:mm:ss) est. time remaining.
       72% completed,  00:0:34 (hh:mm:ss) est. time remaining.
       74% completed,  00:0:31 (hh:mm:ss) est. time remaining.
       75% completed,  00:0:30 (hh:mm:ss) est. time remaining.
       76% completed,  00:0:28 (hh:mm:ss) est. time remaining.
       77% completed,  00:0:27 (hh:mm:ss) est. time remaining.
       79% completed,  00:0:25 (hh:mm:ss) est. time remaining.
       80% completed,  00:0:24 (hh:mm:ss) est. time remaining.
       81% completed,  00:0:22 (hh:mm:ss) est. time remaining.
       82% completed,  00:0:21 (hh:mm:ss) est. time remaining.
       83% completed,  00:0:19 (hh:mm:ss) est. time remaining.
       84% completed,  00:0:18 (hh:mm:ss) est. time remaining.
       85% completed,  00:0:17 (hh:mm:ss) est. time remaining.
       86% completed,  00:0:16 (hh:mm:ss) est. time remaining.
       87% completed,  00:0:14 (hh:mm:ss) est. time remaining.
       88% completed,  00:0:13 (hh:mm:ss) est. time remaining.
       89% completed,  00:0:12 (hh:mm:ss) est. time remaining.
       90% completed,  00:0:11 (hh:mm:ss) est. time remaining.
       91% completed,  00:0:10 (hh:mm:ss) est. time remaining.
       91% completed,  00:0:09 (hh:mm:ss) est. time remaining.
       92% completed,  00:0:08 (hh:mm:ss) est. time remaining.
       93% completed,  00:0:08 (hh:mm:ss) est. time remaining.
       94% completed,  00:0:07 (hh:mm:ss) est. time remaining.
       94% completed,  00:0:06 (hh:mm:ss) est. time remaining.
       95% completed,  00:0:05 (hh:mm:ss) est. time remaining.
       95% completed,  00:0:05 (hh:mm:ss) est. time remaining.
       96% completed,  00:0:04 (hh:mm:ss) est. time remaining.
       96% completed,  00:0:04 (hh:mm:ss) est. time remaining.
       97% completed,  00:0:03 (hh:mm:ss) est. time remaining.
       97% completed,  00:0:03 (hh:mm:ss) est. time remaining.
       97% completed,  00:0:02 (hh:mm:ss) est. time remaining.
       98% completed,  00:0:02 (hh:mm:ss) est. time remaining.
       98% completed,  00:0:02 (hh:mm:ss) est. time remaining.
       98% completed,  00:0:01 (hh:mm:ss) est. time remaining.
       98% completed,  00:0:01 (hh:mm:ss) est. time remaining.
       99% completed,  00:0:01 (hh:mm:ss) est. time remaining.
       99% completed,  00:0:01 (hh:mm:ss) est. time remaining.
       99% completed,  00:0:00 (hh:mm:ss) est. time remaining.
       99% completed,  00:0:00 (hh:mm:ss) est. time remaining.
       99% completed,  00:0:00 (hh:mm:ss) est. time remaining.
      100% completed,  00:0:00 (hh:mm:ss) est. time remaining.
Comparison Time: 00:02:22 (hh:mm:ss) Elapsed Time, 281 HSPs Collected
  - RECON: Running imagespread..
RECON Elapsed: 00:00:00 (hh:mm:ss) Elapsed Time
  - RECON: Running initial definition of elements ( eledef )..
RECON Elapsed: 00:00:01 (hh:mm:ss) Elapsed Time
  - RECON: Running re-definition of elements ( eleredef )..
RECON Elapsed: 00:00:01 (hh:mm:ss) Elapsed Time
  - RECON: Running re-definition of edges ( edgeredef )..
RECON Elapsed: 00:00:02 (hh:mm:ss) Elapsed Time
  - RECON: Running family definition ( famdef )..
RECON Elapsed: 00:00:00 (hh:mm:ss) Elapsed Time
  - Obtaining element sequences
Number of families returned by RECON: 116
Processing families with greater than 15 elements
Family Refinement: 00:00:00 (hh:mm:ss) Elapsed Time
Round Time: 00:02:40 (hh:mm:ss) Elapsed Time


RepeatModeler Round # 3
========================
Searching for Repeats
 -- Sampling from the database...
   - Gathering up to 9000000 bp
   - Sequence extraction : 00:00:01 (hh:mm:ss) Elapsed Time
 -- Running TRFMask on the sequence...
       265 Tandem Repeats Masked
   - TRFMask time 00:00:17 (hh:mm:ss) Elapsed Time
 -- Masking repeats from the previous rounds...
  - Masking 1 - 5 of 228
  - Masking 16 - 30 of 228
  - Masking 41 - 65 of 228
  - Masking 76 - 110 of 228
  - Masking 121 - 165 of 228
  - Masking 176 - 228 of 228
   - TE Masking time 00:00:23 (hh:mm:ss) Elapsed Time
 -- Sample Stats:
       Sample Size 9032850 bp
       Num Contigs Represented = 28
       Non ambiguous bp:
             Initial: 9032850 bp
             After Masking: 8707650 bp
             Masked: 3.60 % 
 -- Input Database Coverage: 12037582 bp out of 43942509 bp ( 27.39 % )
Sampling Time: 00:00:42 (hh:mm:ss) Elapsed Time
Running all-by-other comparisons...
        0% completed,  00:28:22 (hh:mm:ss) est. time remaining.
        1% completed,  00:14:01 (hh:mm:ss) est. time remaining.
        2% completed,  00:19:12 (hh:mm:ss) est. time remaining.
        3% completed,  00:14:18 (hh:mm:ss) est. time remaining.
        4% completed,  00:16:53 (hh:mm:ss) est. time remaining.
        5% completed,  00:13:57 (hh:mm:ss) est. time remaining.
        6% completed,  00:15:45 (hh:mm:ss) est. time remaining.
        6% completed,  00:13:41 (hh:mm:ss) est. time remaining.
        7% completed,  00:14:52 (hh:mm:ss) est. time remaining.
        8% completed,  00:13:27 (hh:mm:ss) est. time remaining.
        9% completed,  00:14:14 (hh:mm:ss) est. time remaining.
       10% completed,  00:13:58 (hh:mm:ss) est. time remaining.
       11% completed,  00:13:44 (hh:mm:ss) est. time remaining.
       11% completed,  00:13:39 (hh:mm:ss) est. time remaining.
       12% completed,  00:13:20 (hh:mm:ss) est. time remaining.
       13% completed,  00:13:22 (hh:mm:ss) est. time remaining.
       14% completed,  00:12:59 (hh:mm:ss) est. time remaining.
       15% completed,  00:13:01 (hh:mm:ss) est. time remaining.
       16% completed,  00:12:40 (hh:mm:ss) est. time remaining.
       16% completed,  00:12:47 (hh:mm:ss) est. time remaining.
       17% completed,  00:12:23 (hh:mm:ss) est. time remaining.
       18% completed,  00:12:29 (hh:mm:ss) est. time remaining.
       19% completed,  00:12:08 (hh:mm:ss) est. time remaining.
       19% completed,  00:12:12 (hh:mm:ss) est. time remaining.
       20% completed,  00:11:53 (hh:mm:ss) est. time remaining.
       21% completed,  00:12:11 (hh:mm:ss) est. time remaining.
       22% completed,  00:12:38 (hh:mm:ss) est. time remaining.
       23% completed,  00:12:59 (hh:mm:ss) est. time remaining.
       23% completed,  00:13:02 (hh:mm:ss) est. time remaining.
       24% completed,  00:13:03 (hh:mm:ss) est. time remaining.
       25% completed,  00:12:43 (hh:mm:ss) est. time remaining.
       26% completed,  00:12:36 (hh:mm:ss) est. time remaining.
       26% completed,  00:12:24 (hh:mm:ss) est. time remaining.
       27% completed,  00:15:10 (hh:mm:ss) est. time remaining.
       28% completed,  00:14:57 (hh:mm:ss) est. time remaining.
       29% completed,  00:14:45 (hh:mm:ss) est. time remaining.
       29% completed,  00:14:33 (hh:mm:ss) est. time remaining.
       30% completed,  00:14:21 (hh:mm:ss) est. time remaining.
       31% completed,  00:14:10 (hh:mm:ss) est. time remaining.
       32% completed,  00:13:41 (hh:mm:ss) est. time remaining.
       32% completed,  00:13:29 (hh:mm:ss) est. time remaining.
       33% completed,  00:13:15 (hh:mm:ss) est. time remaining.
       34% completed,  00:13:02 (hh:mm:ss) est. time remaining.
       34% completed,  00:12:48 (hh:mm:ss) est. time remaining.
       35% completed,  00:12:50 (hh:mm:ss) est. time remaining.
       36% completed,  00:12:50 (hh:mm:ss) est. time remaining.
       37% completed,  00:12:46 (hh:mm:ss) est. time remaining.
       37% completed,  00:12:39 (hh:mm:ss) est. time remaining.
       38% completed,  00:12:28 (hh:mm:ss) est. time remaining.
       39% completed,  00:12:12 (hh:mm:ss) est. time remaining.
       39% completed,  00:11:59 (hh:mm:ss) est. time remaining.
       40% completed,  00:11:49 (hh:mm:ss) est. time remaining.
       41% completed,  00:11:41 (hh:mm:ss) est. time remaining.
       41% completed,  00:11:25 (hh:mm:ss) est. time remaining.
       42% completed,  00:11:20 (hh:mm:ss) est. time remaining.
       43% completed,  00:11:04 (hh:mm:ss) est. time remaining.
       43% completed,  00:10:58 (hh:mm:ss) est. time remaining.
       44% completed,  00:10:43 (hh:mm:ss) est. time remaining.
       45% completed,  00:10:39 (hh:mm:ss) est. time remaining.
       45% completed,  00:10:23 (hh:mm:ss) est. time remaining.
       46% completed,  00:10:18 (hh:mm:ss) est. time remaining.
       47% completed,  00:10:03 (hh:mm:ss) est. time remaining.
       47% completed,  00:9:57 (hh:mm:ss) est. time remaining.
       48% completed,  00:9:47 (hh:mm:ss) est. time remaining.
       48% completed,  00:9:47 (hh:mm:ss) est. time remaining.
       49% completed,  00:9:44 (hh:mm:ss) est. time remaining.
       50% completed,  00:9:41 (hh:mm:ss) est. time remaining.
       50% completed,  00:9:39 (hh:mm:ss) est. time remaining.
       51% completed,  00:9:34 (hh:mm:ss) est. time remaining.
       52% completed,  00:9:28 (hh:mm:ss) est. time remaining.
       52% completed,  00:9:20 (hh:mm:ss) est. time remaining.
       53% completed,  00:9:13 (hh:mm:ss) est. time remaining.
       53% completed,  00:9:01 (hh:mm:ss) est. time remaining.
       54% completed,  00:8:54 (hh:mm:ss) est. time remaining.
       55% completed,  00:8:52 (hh:mm:ss) est. time remaining.
       55% completed,  00:8:42 (hh:mm:ss) est. time remaining.
       56% completed,  00:8:34 (hh:mm:ss) est. time remaining.
       56% completed,  00:8:23 (hh:mm:ss) est. time remaining.
       57% completed,  00:8:12 (hh:mm:ss) est. time remaining.
       57% completed,  00:8:08 (hh:mm:ss) est. time remaining.
       58% completed,  00:7:58 (hh:mm:ss) est. time remaining.
       59% completed,  00:7:52 (hh:mm:ss) est. time remaining.
       59% completed,  00:7:42 (hh:mm:ss) est. time remaining.
       60% completed,  00:7:37 (hh:mm:ss) est. time remaining.
       60% completed,  00:7:28 (hh:mm:ss) est. time remaining.
       61% completed,  00:7:23 (hh:mm:ss) est. time remaining.
       61% completed,  00:7:13 (hh:mm:ss) est. time remaining.
       62% completed,  00:7:09 (hh:mm:ss) est. time remaining.
       62% completed,  00:6:59 (hh:mm:ss) est. time remaining.
       63% completed,  00:6:55 (hh:mm:ss) est. time remaining.
       64% completed,  00:6:46 (hh:mm:ss) est. time remaining.
       64% completed,  00:6:41 (hh:mm:ss) est. time remaining.
       65% completed,  00:6:33 (hh:mm:ss) est. time remaining.
       65% completed,  00:6:27 (hh:mm:ss) est. time remaining.
       66% completed,  00:6:22 (hh:mm:ss) est. time remaining.
       66% completed,  00:6:13 (hh:mm:ss) est. time remaining.
       67% completed,  00:6:08 (hh:mm:ss) est. time remaining.
       67% completed,  00:6:01 (hh:mm:ss) est. time remaining.
       68% completed,  00:5:58 (hh:mm:ss) est. time remaining.
       68% completed,  00:5:49 (hh:mm:ss) est. time remaining.
       69% completed,  00:5:44 (hh:mm:ss) est. time remaining.
       69% completed,  00:5:38 (hh:mm:ss) est. time remaining.
       70% completed,  00:5:33 (hh:mm:ss) est. time remaining.
       70% completed,  00:5:26 (hh:mm:ss) est. time remaining.
       71% completed,  00:5:21 (hh:mm:ss) est. time remaining.
       71% completed,  00:5:15 (hh:mm:ss) est. time remaining.
       71% completed,  00:5:09 (hh:mm:ss) est. time remaining.
       72% completed,  00:5:04 (hh:mm:ss) est. time remaining.
       72% completed,  00:4:58 (hh:mm:ss) est. time remaining.
       73% completed,  00:4:52 (hh:mm:ss) est. time remaining.
       73% completed,  00:4:46 (hh:mm:ss) est. time remaining.
       74% completed,  00:4:42 (hh:mm:ss) est. time remaining.
       74% completed,  00:4:36 (hh:mm:ss) est. time remaining.
       75% completed,  00:4:32 (hh:mm:ss) est. time remaining.
       75% completed,  00:4:26 (hh:mm:ss) est. time remaining.
       75% completed,  00:4:22 (hh:mm:ss) est. time remaining.
       76% completed,  00:4:16 (hh:mm:ss) est. time remaining.
       76% completed,  00:4:12 (hh:mm:ss) est. time remaining.
       77% completed,  00:4:06 (hh:mm:ss) est. time remaining.
       77% completed,  00:4:03 (hh:mm:ss) est. time remaining.
       78% completed,  00:3:57 (hh:mm:ss) est. time remaining.
       78% completed,  00:3:53 (hh:mm:ss) est. time remaining.
       78% completed,  00:3:48 (hh:mm:ss) est. time remaining.
       79% completed,  00:3:44 (hh:mm:ss) est. time remaining.
       79% completed,  00:3:39 (hh:mm:ss) est. time remaining.
       80% completed,  00:3:35 (hh:mm:ss) est. time remaining.
       80% completed,  00:3:30 (hh:mm:ss) est. time remaining.
       80% completed,  00:3:26 (hh:mm:ss) est. time remaining.
       81% completed,  00:3:21 (hh:mm:ss) est. time remaining.
       81% completed,  00:3:17 (hh:mm:ss) est. time remaining.
       82% completed,  00:3:13 (hh:mm:ss) est. time remaining.
       82% completed,  00:3:09 (hh:mm:ss) est. time remaining.
       82% completed,  00:3:05 (hh:mm:ss) est. time remaining.
       83% completed,  00:3:00 (hh:mm:ss) est. time remaining.
       83% completed,  00:2:57 (hh:mm:ss) est. time remaining.
       83% completed,  00:2:54 (hh:mm:ss) est. time remaining.
       84% completed,  00:2:49 (hh:mm:ss) est. time remaining.
       84% completed,  00:2:46 (hh:mm:ss) est. time remaining.
       84% completed,  00:2:41 (hh:mm:ss) est. time remaining.
       85% completed,  00:2:38 (hh:mm:ss) est. time remaining.
       85% completed,  00:2:34 (hh:mm:ss) est. time remaining.
       85% completed,  00:2:31 (hh:mm:ss) est. time remaining.
       86% completed,  00:2:27 (hh:mm:ss) est. time remaining.
       86% completed,  00:2:24 (hh:mm:ss) est. time remaining.
       86% completed,  00:2:20 (hh:mm:ss) est. time remaining.
       87% completed,  00:2:17 (hh:mm:ss) est. time remaining.
       87% completed,  00:2:13 (hh:mm:ss) est. time remaining.
       87% completed,  00:2:10 (hh:mm:ss) est. time remaining.
       88% completed,  00:2:07 (hh:mm:ss) est. time remaining.
       88% completed,  00:2:03 (hh:mm:ss) est. time remaining.
       88% completed,  00:2:00 (hh:mm:ss) est. time remaining.
       88% completed,  00:1:57 (hh:mm:ss) est. time remaining.
       89% completed,  00:1:54 (hh:mm:ss) est. time remaining.
       89% completed,  00:1:51 (hh:mm:ss) est. time remaining.
       89% completed,  00:1:48 (hh:mm:ss) est. time remaining.
       90% completed,  00:1:45 (hh:mm:ss) est. time remaining.
       90% completed,  00:1:42 (hh:mm:ss) est. time remaining.
       90% completed,  00:1:39 (hh:mm:ss) est. time remaining.
       90% completed,  00:1:36 (hh:mm:ss) est. time remaining.
       91% completed,  00:1:33 (hh:mm:ss) est. time remaining.
       91% completed,  00:1:31 (hh:mm:ss) est. time remaining.
       91% completed,  00:1:28 (hh:mm:ss) est. time remaining.
       91% completed,  00:1:25 (hh:mm:ss) est. time remaining.
       92% completed,  00:1:22 (hh:mm:ss) est. time remaining.
       92% completed,  00:1:20 (hh:mm:ss) est. time remaining.
       92% completed,  00:1:17 (hh:mm:ss) est. time remaining.
       92% completed,  00:1:15 (hh:mm:ss) est. time remaining.
       93% completed,  00:1:12 (hh:mm:ss) est. time remaining.
       93% completed,  00:1:10 (hh:mm:ss) est. time remaining.
       93% completed,  00:1:07 (hh:mm:ss) est. time remaining.
       93% completed,  00:1:05 (hh:mm:ss) est. time remaining.
       94% completed,  00:1:03 (hh:mm:ss) est. time remaining.
       94% completed,  00:1:00 (hh:mm:ss) est. time remaining.
       94% completed,  00:0:58 (hh:mm:ss) est. time remaining.
       94% completed,  00:0:56 (hh:mm:ss) est. time remaining.
       94% completed,  00:0:54 (hh:mm:ss) est. time remaining.
       95% completed,  00:0:52 (hh:mm:ss) est. time remaining.
       95% completed,  00:0:50 (hh:mm:ss) est. time remaining.
       95% completed,  00:0:48 (hh:mm:ss) est. time remaining.
       95% completed,  00:0:46 (hh:mm:ss) est. time remaining.
       95% completed,  00:0:44 (hh:mm:ss) est. time remaining.
       95% completed,  00:0:42 (hh:mm:ss) est. time remaining.
       96% completed,  00:0:40 (hh:mm:ss) est. time remaining.
       96% completed,  00:0:38 (hh:mm:ss) est. time remaining.
       96% completed,  00:0:36 (hh:mm:ss) est. time remaining.
       96% completed,  00:0:35 (hh:mm:ss) est. time remaining.
       96% completed,  00:0:33 (hh:mm:ss) est. time remaining.
       96% completed,  00:0:31 (hh:mm:ss) est. time remaining.
       97% completed,  00:0:30 (hh:mm:ss) est. time remaining.
       97% completed,  00:0:28 (hh:mm:ss) est. time remaining.
       97% completed,  00:0:27 (hh:mm:ss) est. time remaining.
       97% completed,  00:0:25 (hh:mm:ss) est. time remaining.
       97% completed,  00:0:24 (hh:mm:ss) est. time remaining.
       97% completed,  00:0:22 (hh:mm:ss) est. time remaining.
       97% completed,  00:0:21 (hh:mm:ss) est. time remaining.
       98% completed,  00:0:20 (hh:mm:ss) est. time remaining.
       98% completed,  00:0:18 (hh:mm:ss) est. time remaining.
       98% completed,  00:0:17 (hh:mm:ss) est. time remaining.
       98% completed,  00:0:16 (hh:mm:ss) est. time remaining.
       98% completed,  00:0:15 (hh:mm:ss) est. time remaining.
       98% completed,  00:0:14 (hh:mm:ss) est. time remaining.
       98% completed,  00:0:13 (hh:mm:ss) est. time remaining.
       98% completed,  00:0:12 (hh:mm:ss) est. time remaining.
       98% completed,  00:0:11 (hh:mm:ss) est. time remaining.
       99% completed,  00:0:10 (hh:mm:ss) est. time remaining.
       99% completed,  00:0:09 (hh:mm:ss) est. time remaining.
       99% completed,  00:0:08 (hh:mm:ss) est. time remaining.
       99% completed,  00:0:07 (hh:mm:ss) est. time remaining.
       99% completed,  00:0:06 (hh:mm:ss) est. time remaining.
       99% completed,  00:0:06 (hh:mm:ss) est. time remaining.
       99% completed,  00:0:05 (hh:mm:ss) est. time remaining.
       99% completed,  00:0:04 (hh:mm:ss) est. time remaining.
       99% completed,  00:0:04 (hh:mm:ss) est. time remaining.
       99% completed,  00:0:03 (hh:mm:ss) est. time remaining.
       99% completed,  00:0:03 (hh:mm:ss) est. time remaining.
       99% completed,  00:0:02 (hh:mm:ss) est. time remaining.
       99% completed,  00:0:02 (hh:mm:ss) est. time remaining.
       99% completed,  00:0:01 (hh:mm:ss) est. time remaining.
       99% completed,  00:0:01 (hh:mm:ss) est. time remaining.
       99% completed,  00:0:01 (hh:mm:ss) est. time remaining.
       99% completed,  00:0:00 (hh:mm:ss) est. time remaining.
       99% completed,  00:0:00 (hh:mm:ss) est. time remaining.
       99% completed,  00:0:00 (hh:mm:ss) est. time remaining.
       99% completed,  00:0:00 (hh:mm:ss) est. time remaining.
       99% completed,  00:0:00 (hh:mm:ss) est. time remaining.
       99% completed,  00:0:00 (hh:mm:ss) est. time remaining.
      100% completed,  00:0:00 (hh:mm:ss) est. time remaining.
Comparison Time: 00:17:38 (hh:mm:ss) Elapsed Time, 2137 HSPs Collected
  - RECON: Running imagespread..
RECON Elapsed: 00:00:00 (hh:mm:ss) Elapsed Time
  - RECON: Running initial definition of elements ( eledef )..
RECON Elapsed: 00:00:03 (hh:mm:ss) Elapsed Time
  - RECON: Running re-definition of elements ( eleredef )..
RECON Elapsed: 00:00:04 (hh:mm:ss) Elapsed Time
  - RECON: Running re-definition of edges ( edgeredef )..
RECON Elapsed: 00:00:08 (hh:mm:ss) Elapsed Time
  - RECON: Running family definition ( famdef )..
RECON Elapsed: 00:00:01 (hh:mm:ss) Elapsed Time
  - Obtaining element sequences
Number of families returned by RECON: 477
Processing families with greater than 15 elements

Processing RECON family: 69
  - Saving 56 elements
  - Refining family-69 model...

Processing RECON family: 71
  - Saving 18 elements
  - Refining family-71 model...

Processing RECON family: 8
  - Saving 16 elements
  - Refining family-8 model...
Family Refinement: 00:00:29 (hh:mm:ss) Elapsed Time
Round Time: 00:19:11 (hh:mm:ss) Elapsed Time


RepeatModeler Round # 4
========================
Searching for Repeats
 -- Sampling from the database...
   - Gathering up to 27000000 bp
   - Sequence extraction : 00:00:02 (hh:mm:ss) Elapsed Time
 -- Running TRFMask on the sequence...
       910 Tandem Repeats Masked
   - TRFMask time 00:00:51 (hh:mm:ss) Elapsed Time
 -- Masking repeats from the previous rounds...
  - Masking 1 - 5 of 686
  - Masking 16 - 30 of 686
  - Masking 41 - 65 of 686
  - Masking 76 - 110 of 686
  - Masking 121 - 165 of 686
  - Masking 176 - 230 of 686
  - Masking 241 - 305 of 686
  - Masking 316 - 390 of 686
  - Masking 401 - 485 of 686
  - Masking 496 - 590 of 686
  - Masking 596 - 686 of 686
   - TE Masking time 00:01:07 (hh:mm:ss) Elapsed Time
 -- Sample Stats:
       Sample Size 27005020 bp
       Num Contigs Represented = 31
       Non ambiguous bp:
             Initial: 27005020 bp
             After Masking: 26125621 bp
             Masked: 3.26 % 
 -- Input Database Coverage: 39042602 bp out of 43942509 bp ( 88.85 % )
Sampling Time: 00:02:02 (hh:mm:ss) Elapsed Time
Running all-by-other comparisons...
        0% completed,  04:10:48 (hh:mm:ss) est. time remaining.
        0% completed,  02:5:07 (hh:mm:ss) est. time remaining.
        0% completed,  02:31:24 (hh:mm:ss) est. time remaining.
        1% completed,  02:54:15 (hh:mm:ss) est. time remaining.
        1% completed,  02:37:04 (hh:mm:ss) est. time remaining.
        1% completed,  02:33:09 (hh:mm:ss) est. time remaining.
        2% completed,  02:47:10 (hh:mm:ss) est. time remaining.
        2% completed,  02:54:45 (hh:mm:ss) est. time remaining.
        2% completed,  02:44:16 (hh:mm:ss) est. time remaining.
        2% completed,  02:38:41 (hh:mm:ss) est. time remaining.
        3% completed,  02:36:37 (hh:mm:ss) est. time remaining.
        3% completed,  02:32:58 (hh:mm:ss) est. time remaining.
        3% completed,  02:30:43 (hh:mm:ss) est. time remaining.
        4% completed,  02:37:51 (hh:mm:ss) est. time remaining.
        4% completed,  02:43:35 (hh:mm:ss) est. time remaining.
        4% completed,  02:48:53 (hh:mm:ss) est. time remaining.
        4% completed,  02:53:30 (hh:mm:ss) est. time remaining.
        5% completed,  02:55:42 (hh:mm:ss) est. time remaining.
        5% completed,  02:59:38 (hh:mm:ss) est. time remaining.
        5% completed,  03:2:51 (hh:mm:ss) est. time remaining.
        6% completed,  03:3:53 (hh:mm:ss) est. time remaining.
        6% completed,  03:5:47 (hh:mm:ss) est. time remaining.
        6% completed,  03:6:02 (hh:mm:ss) est. time remaining.
        6% completed,  03:6:01 (hh:mm:ss) est. time remaining.
        7% completed,  03:5:32 (hh:mm:ss) est. time remaining.
        7% completed,  03:4:50 (hh:mm:ss) est. time remaining.
        7% completed,  03:2:46 (hh:mm:ss) est. time remaining.
        7% completed,  03:0:50 (hh:mm:ss) est. time remaining.
        8% completed,  02:58:49 (hh:mm:ss) est. time remaining.
        8% completed,  02:57:06 (hh:mm:ss) est. time remaining.
        8% completed,  02:54:06 (hh:mm:ss) est. time remaining.
        9% completed,  02:49:56 (hh:mm:ss) est. time remaining.
        9% completed,  02:49:52 (hh:mm:ss) est. time remaining.
        9% completed,  02:45:53 (hh:mm:ss) est. time remaining.
        9% completed,  02:45:54 (hh:mm:ss) est. time remaining.
       10% completed,  02:42:23 (hh:mm:ss) est. time remaining.
       10% completed,  02:42:10 (hh:mm:ss) est. time remaining.
       10% completed,  02:39:19 (hh:mm:ss) est. time remaining.
       11% completed,  02:39:02 (hh:mm:ss) est. time remaining.
       11% completed,  02:40:42 (hh:mm:ss) est. time remaining.
       11% completed,  02:41:53 (hh:mm:ss) est. time remaining.
       11% completed,  02:43:13 (hh:mm:ss) est. time remaining.
       12% completed,  02:42:17 (hh:mm:ss) est. time remaining.
       12% completed,  02:38:20 (hh:mm:ss) est. time remaining.
       12% completed,  02:39:09 (hh:mm:ss) est. time remaining.
       12% completed,  02:35:26 (hh:mm:ss) est. time remaining.
       13% completed,  02:36:15 (hh:mm:ss) est. time remaining.
       13% completed,  02:32:50 (hh:mm:ss) est. time remaining.
       13% completed,  02:33:38 (hh:mm:ss) est. time remaining.
       14% completed,  02:30:12 (hh:mm:ss) est. time remaining.
       14% completed,  02:31:30 (hh:mm:ss) est. time remaining.
       14% completed,  02:29:35 (hh:mm:ss) est. time remaining.
       15% completed,  02:25:47 (hh:mm:ss) est. time remaining.
       15% completed,  02:24:32 (hh:mm:ss) est. time remaining.
       15% completed,  02:21:47 (hh:mm:ss) est. time remaining.
       15% completed,  02:20:43 (hh:mm:ss) est. time remaining.
       16% completed,  02:20:02 (hh:mm:ss) est. time remaining.
       16% completed,  02:18:56 (hh:mm:ss) est. time remaining.
       16% completed,  02:18:06 (hh:mm:ss) est. time remaining.
       17% completed,  02:17:03 (hh:mm:ss) est. time remaining.
       17% completed,  02:16:21 (hh:mm:ss) est. time remaining.
       17% completed,  02:15:21 (hh:mm:ss) est. time remaining.
       17% completed,  02:14:31 (hh:mm:ss) est. time remaining.
       18% completed,  02:13:43 (hh:mm:ss) est. time remaining.
       18% completed,  02:13:00 (hh:mm:ss) est. time remaining.
       18% completed,  02:12:09 (hh:mm:ss) est. time remaining.
       18% completed,  02:11:32 (hh:mm:ss) est. time remaining.
       19% completed,  02:10:39 (hh:mm:ss) est. time remaining.
       19% completed,  02:10:16 (hh:mm:ss) est. time remaining.
       19% completed,  02:9:16 (hh:mm:ss) est. time remaining.
       19% completed,  02:8:34 (hh:mm:ss) est. time remaining.
       20% completed,  02:7:53 (hh:mm:ss) est. time remaining.
       20% completed,  02:6:56 (hh:mm:ss) est. time remaining.
       20% completed,  02:6:43 (hh:mm:ss) est. time remaining.
       20% completed,  02:5:26 (hh:mm:ss) est. time remaining.
       21% completed,  02:5:25 (hh:mm:ss) est. time remaining.
       21% completed,  02:4:03 (hh:mm:ss) est. time remaining.
       21% completed,  02:3:54 (hh:mm:ss) est. time remaining.
       21% completed,  02:2:49 (hh:mm:ss) est. time remaining.
       22% completed,  02:2:17 (hh:mm:ss) est. time remaining.
       22% completed,  02:1:48 (hh:mm:ss) est. time remaining.
       22% completed,  02:0:59 (hh:mm:ss) est. time remaining.
       23% completed,  02:0:35 (hh:mm:ss) est. time remaining.
       23% completed,  01:59:41 (hh:mm:ss) est. time remaining.
       23% completed,  02:0:13 (hh:mm:ss) est. time remaining.
       23% completed,  01:59:04 (hh:mm:ss) est. time remaining.
       24% completed,  01:58:56 (hh:mm:ss) est. time remaining.
       24% completed,  01:58:05 (hh:mm:ss) est. time remaining.
       24% completed,  01:57:42 (hh:mm:ss) est. time remaining.
       24% completed,  01:56:55 (hh:mm:ss) est. time remaining.
       25% completed,  01:56:29 (hh:mm:ss) est. time remaining.
       25% completed,  01:55:49 (hh:mm:ss) est. time remaining.
       25% completed,  01:55:22 (hh:mm:ss) est. time remaining.
       25% completed,  01:54:40 (hh:mm:ss) est. time remaining.
       26% completed,  01:54:19 (hh:mm:ss) est. time remaining.
       26% completed,  01:53:32 (hh:mm:ss) est. time remaining.
       26% completed,  01:53:59 (hh:mm:ss) est. time remaining.
       26% completed,  01:53:32 (hh:mm:ss) est. time remaining.
       27% completed,  01:52:39 (hh:mm:ss) est. time remaining.
       27% completed,  01:52:31 (hh:mm:ss) est. time remaining.
       27% completed,  01:51:21 (hh:mm:ss) est. time remaining.
       27% completed,  01:51:42 (hh:mm:ss) est. time remaining.
       28% completed,  01:50:26 (hh:mm:ss) est. time remaining.
       28% completed,  01:51:35 (hh:mm:ss) est. time remaining.
       28% completed,  01:53:02 (hh:mm:ss) est. time remaining.
       28% completed,  01:52:12 (hh:mm:ss) est. time remaining.
       29% completed,  01:51:34 (hh:mm:ss) est. time remaining.
       29% completed,  01:51:10 (hh:mm:ss) est. time remaining.
       29% completed,  01:50:28 (hh:mm:ss) est. time remaining.
       29% completed,  01:50:05 (hh:mm:ss) est. time remaining.
       30% completed,  01:49:23 (hh:mm:ss) est. time remaining.
       30% completed,  01:49:03 (hh:mm:ss) est. time remaining.
       30% completed,  01:48:18 (hh:mm:ss) est. time remaining.
       30% completed,  01:47:58 (hh:mm:ss) est. time remaining.
       30% completed,  01:47:18 (hh:mm:ss) est. time remaining.
       31% completed,  01:47:01 (hh:mm:ss) est. time remaining.
       31% completed,  01:46:19 (hh:mm:ss) est. time remaining.
       31% completed,  01:45:58 (hh:mm:ss) est. time remaining.
       31% completed,  01:45:20 (hh:mm:ss) est. time remaining.
       32% completed,  01:44:59 (hh:mm:ss) est. time remaining.
       32% completed,  01:44:21 (hh:mm:ss) est. time remaining.
       32% completed,  01:44:01 (hh:mm:ss) est. time remaining.
       32% completed,  01:43:18 (hh:mm:ss) est. time remaining.
       33% completed,  01:43:02 (hh:mm:ss) est. time remaining.
       33% completed,  01:42:22 (hh:mm:ss) est. time remaining.
       33% completed,  01:42:00 (hh:mm:ss) est. time remaining.
       33% completed,  01:41:25 (hh:mm:ss) est. time remaining.
       34% completed,  01:41:03 (hh:mm:ss) est. time remaining.
       34% completed,  01:40:23 (hh:mm:ss) est. time remaining.
       34% completed,  01:40:11 (hh:mm:ss) est. time remaining.
       34% completed,  01:39:26 (hh:mm:ss) est. time remaining.
       35% completed,  01:39:18 (hh:mm:ss) est. time remaining.
       35% completed,  01:38:30 (hh:mm:ss) est. time remaining.
       35% completed,  01:38:22 (hh:mm:ss) est. time remaining.
       35% completed,  01:37:38 (hh:mm:ss) est. time remaining.
       35% completed,  01:37:29 (hh:mm:ss) est. time remaining.
       36% completed,  01:36:46 (hh:mm:ss) est. time remaining.
       36% completed,  01:36:28 (hh:mm:ss) est. time remaining.
       36% completed,  01:35:48 (hh:mm:ss) est. time remaining.
       36% completed,  01:35:31 (hh:mm:ss) est. time remaining.
       37% completed,  01:34:59 (hh:mm:ss) est. time remaining.
       37% completed,  01:34:39 (hh:mm:ss) est. time remaining.
       37% completed,  01:34:10 (hh:mm:ss) est. time remaining.
       37% completed,  01:33:46 (hh:mm:ss) est. time remaining.
       38% completed,  01:33:19 (hh:mm:ss) est. time remaining.
       38% completed,  01:32:57 (hh:mm:ss) est. time remaining.
       38% completed,  01:32:26 (hh:mm:ss) est. time remaining.
       38% completed,  01:32:08 (hh:mm:ss) est. time remaining.
       38% completed,  01:31:37 (hh:mm:ss) est. time remaining.
       39% completed,  01:31:17 (hh:mm:ss) est. time remaining.
       39% completed,  01:30:47 (hh:mm:ss) est. time remaining.
       39% completed,  01:30:29 (hh:mm:ss) est. time remaining.
       39% completed,  01:29:57 (hh:mm:ss) est. time remaining.
       40% completed,  01:29:33 (hh:mm:ss) est. time remaining.
       40% completed,  01:29:14 (hh:mm:ss) est. time remaining.
       40% completed,  01:28:46 (hh:mm:ss) est. time remaining.
       40% completed,  01:28:26 (hh:mm:ss) est. time remaining.
       41% completed,  01:27:57 (hh:mm:ss) est. time remaining.
       41% completed,  01:27:44 (hh:mm:ss) est. time remaining.
       41% completed,  01:27:07 (hh:mm:ss) est. time remaining.
       41% completed,  01:27:00 (hh:mm:ss) est. time remaining.
       41% completed,  01:26:13 (hh:mm:ss) est. time remaining.
       42% completed,  01:26:11 (hh:mm:ss) est. time remaining.
       42% completed,  01:25:55 (hh:mm:ss) est. time remaining.
       42% completed,  01:25:12 (hh:mm:ss) est. time remaining.
       42% completed,  01:24:30 (hh:mm:ss) est. time remaining.
       43% completed,  01:24:19 (hh:mm:ss) est. time remaining.
       43% completed,  01:23:45 (hh:mm:ss) est. time remaining.
       43% completed,  01:23:36 (hh:mm:ss) est. time remaining.
       43% completed,  01:23:02 (hh:mm:ss) est. time remaining.
       43% completed,  01:22:51 (hh:mm:ss) est. time remaining.
       44% completed,  01:22:17 (hh:mm:ss) est. time remaining.
       44% completed,  01:22:09 (hh:mm:ss) est. time remaining.
       44% completed,  01:21:33 (hh:mm:ss) est. time remaining.
       44% completed,  01:21:25 (hh:mm:ss) est. time remaining.
       44% completed,  01:20:49 (hh:mm:ss) est. time remaining.
       45% completed,  01:20:38 (hh:mm:ss) est. time remaining.
       45% completed,  01:20:08 (hh:mm:ss) est. time remaining.
       45% completed,  01:19:55 (hh:mm:ss) est. time remaining.
       45% completed,  01:19:23 (hh:mm:ss) est. time remaining.
       46% completed,  01:19:22 (hh:mm:ss) est. time remaining.
       46% completed,  01:18:42 (hh:mm:ss) est. time remaining.
       46% completed,  01:18:36 (hh:mm:ss) est. time remaining.
       46% completed,  01:18:03 (hh:mm:ss) est. time remaining.
       46% completed,  01:17:49 (hh:mm:ss) est. time remaining.
       47% completed,  01:17:24 (hh:mm:ss) est. time remaining.
       47% completed,  01:17:01 (hh:mm:ss) est. time remaining.
       47% completed,  01:16:58 (hh:mm:ss) est. time remaining.
       47% completed,  01:16:43 (hh:mm:ss) est. time remaining.
       47% completed,  01:16:12 (hh:mm:ss) est. time remaining.
       48% completed,  01:15:59 (hh:mm:ss) est. time remaining.
       48% completed,  01:15:33 (hh:mm:ss) est. time remaining.
       48% completed,  01:15:14 (hh:mm:ss) est. time remaining.
       48% completed,  01:14:51 (hh:mm:ss) est. time remaining.
       49% completed,  01:14:30 (hh:mm:ss) est. time remaining.
       49% completed,  01:14:11 (hh:mm:ss) est. time remaining.
       49% completed,  01:13:48 (hh:mm:ss) est. time remaining.
       49% completed,  01:13:45 (hh:mm:ss) est. time remaining.
       49% completed,  01:13:31 (hh:mm:ss) est. time remaining.
       50% completed,  01:13:29 (hh:mm:ss) est. time remaining.
       50% completed,  01:13:25 (hh:mm:ss) est. time remaining.
       50% completed,  01:13:22 (hh:mm:ss) est. time remaining.
       50% completed,  01:13:19 (hh:mm:ss) est. time remaining.
       50% completed,  01:12:44 (hh:mm:ss) est. time remaining.
       51% completed,  01:12:38 (hh:mm:ss) est. time remaining.
       51% completed,  01:12:29 (hh:mm:ss) est. time remaining.
       51% completed,  01:12:19 (hh:mm:ss) est. time remaining.
       51% completed,  01:12:08 (hh:mm:ss) est. time remaining.
       51% completed,  01:12:00 (hh:mm:ss) est. time remaining.
       52% completed,  01:11:50 (hh:mm:ss) est. time remaining.
       52% completed,  01:11:40 (hh:mm:ss) est. time remaining.
       52% completed,  01:11:26 (hh:mm:ss) est. time remaining.
       52% completed,  01:11:09 (hh:mm:ss) est. time remaining.
       52% completed,  01:10:45 (hh:mm:ss) est. time remaining.
       53% completed,  01:10:13 (hh:mm:ss) est. time remaining.
       53% completed,  01:9:58 (hh:mm:ss) est. time remaining.
       53% completed,  01:9:35 (hh:mm:ss) est. time remaining.
       53% completed,  01:9:17 (hh:mm:ss) est. time remaining.
       53% completed,  01:9:11 (hh:mm:ss) est. time remaining.
       54% completed,  01:8:56 (hh:mm:ss) est. time remaining.
       54% completed,  01:8:25 (hh:mm:ss) est. time remaining.
       54% completed,  01:8:16 (hh:mm:ss) est. time remaining.
       54% completed,  01:7:46 (hh:mm:ss) est. time remaining.
       54% completed,  01:7:37 (hh:mm:ss) est. time remaining.
       55% completed,  01:7:08 (hh:mm:ss) est. time remaining.
       55% completed,  01:6:38 (hh:mm:ss) est. time remaining.
       55% completed,  01:6:26 (hh:mm:ss) est. time remaining.
       55% completed,  01:5:58 (hh:mm:ss) est. time remaining.
       55% completed,  01:5:47 (hh:mm:ss) est. time remaining.
       56% completed,  01:5:22 (hh:mm:ss) est. time remaining.
       56% completed,  01:5:12 (hh:mm:ss) est. time remaining.
       56% completed,  01:4:43 (hh:mm:ss) est. time remaining.
       56% completed,  01:4:33 (hh:mm:ss) est. time remaining.
       56% completed,  01:5:01 (hh:mm:ss) est. time remaining.
       57% completed,  01:4:56 (hh:mm:ss) est. time remaining.
       57% completed,  01:4:36 (hh:mm:ss) est. time remaining.
       57% completed,  01:4:30 (hh:mm:ss) est. time remaining.
       57% completed,  01:6:30 (hh:mm:ss) est. time remaining.
       57% completed,  01:6:13 (hh:mm:ss) est. time remaining.
       57% completed,  01:5:55 (hh:mm:ss) est. time remaining.
       58% completed,  01:5:37 (hh:mm:ss) est. time remaining.
       58% completed,  01:5:07 (hh:mm:ss) est. time remaining.
       58% completed,  01:4:57 (hh:mm:ss) est. time remaining.
       58% completed,  01:4:27 (hh:mm:ss) est. time remaining.
       58% completed,  01:4:18 (hh:mm:ss) est. time remaining.
       59% completed,  01:3:50 (hh:mm:ss) est. time remaining.
       59% completed,  01:3:39 (hh:mm:ss) est. time remaining.
       59% completed,  01:3:11 (hh:mm:ss) est. time remaining.
       59% completed,  01:3:01 (hh:mm:ss) est. time remaining.
       59% completed,  01:2:32 (hh:mm:ss) est. time remaining.
       60% completed,  01:2:23 (hh:mm:ss) est. time remaining.
       60% completed,  01:1:54 (hh:mm:ss) est. time remaining.
       60% completed,  01:1:44 (hh:mm:ss) est. time remaining.
       60% completed,  01:1:16 (hh:mm:ss) est. time remaining.
       60% completed,  01:1:04 (hh:mm:ss) est. time remaining.
       60% completed,  01:0:40 (hh:mm:ss) est. time remaining.
       61% completed,  01:0:26 (hh:mm:ss) est. time remaining.
       61% completed,  01:0:02 (hh:mm:ss) est. time remaining.
       61% completed,  00:59:49 (hh:mm:ss) est. time remaining.
       61% completed,  00:59:25 (hh:mm:ss) est. time remaining.
       61% completed,  00:59:11 (hh:mm:ss) est. time remaining.
       62% completed,  00:58:49 (hh:mm:ss) est. time remaining.
       62% completed,  00:58:34 (hh:mm:ss) est. time remaining.
       62% completed,  00:58:13 (hh:mm:ss) est. time remaining.
       62% completed,  00:57:59 (hh:mm:ss) est. time remaining.
       62% completed,  00:57:36 (hh:mm:ss) est. time remaining.
       62% completed,  00:57:23 (hh:mm:ss) est. time remaining.
       63% completed,  00:56:58 (hh:mm:ss) est. time remaining.
       63% completed,  00:56:47 (hh:mm:ss) est. time remaining.
       63% completed,  00:56:23 (hh:mm:ss) est. time remaining.
       63% completed,  00:56:11 (hh:mm:ss) est. time remaining.
       63% completed,  00:55:46 (hh:mm:ss) est. time remaining.
       63% completed,  00:55:37 (hh:mm:ss) est. time remaining.
       64% completed,  00:55:12 (hh:mm:ss) est. time remaining.
       64% completed,  00:55:00 (hh:mm:ss) est. time remaining.
       64% completed,  00:54:38 (hh:mm:ss) est. time remaining.
       64% completed,  00:54:23 (hh:mm:ss) est. time remaining.
       64% completed,  00:54:05 (hh:mm:ss) est. time remaining.
       65% completed,  00:53:47 (hh:mm:ss) est. time remaining.
       65% completed,  00:53:32 (hh:mm:ss) est. time remaining.
       65% completed,  00:53:12 (hh:mm:ss) est. time remaining.
       65% completed,  00:52:58 (hh:mm:ss) est. time remaining.
       65% completed,  00:52:39 (hh:mm:ss) est. time remaining.
       65% completed,  00:52:24 (hh:mm:ss) est. time remaining.
       66% completed,  00:52:01 (hh:mm:ss) est. time remaining.
       66% completed,  00:51:50 (hh:mm:ss) est. time remaining.
       66% completed,  00:51:28 (hh:mm:ss) est. time remaining.
       66% completed,  00:51:16 (hh:mm:ss) est. time remaining.
       66% completed,  00:50:56 (hh:mm:ss) est. time remaining.
       66% completed,  00:50:42 (hh:mm:ss) est. time remaining.
       67% completed,  00:50:22 (hh:mm:ss) est. time remaining.
       67% completed,  00:50:09 (hh:mm:ss) est. time remaining.
       67% completed,  00:49:50 (hh:mm:ss) est. time remaining.
       67% completed,  00:49:36 (hh:mm:ss) est. time remaining.
       67% completed,  00:49:16 (hh:mm:ss) est. time remaining.
       67% completed,  00:49:03 (hh:mm:ss) est. time remaining.
       68% completed,  00:48:45 (hh:mm:ss) est. time remaining.
       68% completed,  00:48:30 (hh:mm:ss) est. time remaining.
       68% completed,  00:48:12 (hh:mm:ss) est. time remaining.
       68% completed,  00:47:59 (hh:mm:ss) est. time remaining.
       68% completed,  00:47:40 (hh:mm:ss) est. time remaining.
       68% completed,  00:47:27 (hh:mm:ss) est. time remaining.
       69% completed,  00:47:09 (hh:mm:ss) est. time remaining.
       69% completed,  00:46:55 (hh:mm:ss) est. time remaining.
       69% completed,  00:46:45 (hh:mm:ss) est. time remaining.
       69% completed,  00:46:35 (hh:mm:ss) est. time remaining.
       69% completed,  00:46:26 (hh:mm:ss) est. time remaining.
       69% completed,  00:46:17 (hh:mm:ss) est. time remaining.
       69% completed,  00:46:07 (hh:mm:ss) est. time remaining.
       70% completed,  00:46:18 (hh:mm:ss) est. time remaining.
       70% completed,  00:46:07 (hh:mm:ss) est. time remaining.
       70% completed,  00:45:53 (hh:mm:ss) est. time remaining.
       70% completed,  00:45:39 (hh:mm:ss) est. time remaining.
       70% completed,  00:45:25 (hh:mm:ss) est. time remaining.
       70% completed,  00:45:10 (hh:mm:ss) est. time remaining.
       71% completed,  00:44:56 (hh:mm:ss) est. time remaining.
       71% completed,  00:44:42 (hh:mm:ss) est. time remaining.
       71% completed,  00:44:27 (hh:mm:ss) est. time remaining.
       71% completed,  00:44:12 (hh:mm:ss) est. time remaining.
       71% completed,  00:43:58 (hh:mm:ss) est. time remaining.
       71% completed,  00:43:41 (hh:mm:ss) est. time remaining.
       72% completed,  00:43:24 (hh:mm:ss) est. time remaining.
       72% completed,  00:43:11 (hh:mm:ss) est. time remaining.
       72% completed,  00:42:54 (hh:mm:ss) est. time remaining.
       72% completed,  00:42:36 (hh:mm:ss) est. time remaining.
       72% completed,  00:42:25 (hh:mm:ss) est. time remaining.
       72% completed,  00:42:06 (hh:mm:ss) est. time remaining.
       72% completed,  00:41:55 (hh:mm:ss) est. time remaining.
       73% completed,  00:41:36 (hh:mm:ss) est. time remaining.
       73% completed,  00:41:25 (hh:mm:ss) est. time remaining.
       73% completed,  00:41:07 (hh:mm:ss) est. time remaining.
       73% completed,  00:40:55 (hh:mm:ss) est. time remaining.
       73% completed,  00:40:37 (hh:mm:ss) est. time remaining.
       73% completed,  00:40:26 (hh:mm:ss) est. time remaining.
       74% completed,  00:40:08 (hh:mm:ss) est. time remaining.
       74% completed,  00:39:57 (hh:mm:ss) est. time remaining.
       74% completed,  00:39:39 (hh:mm:ss) est. time remaining.
       74% completed,  00:39:28 (hh:mm:ss) est. time remaining.
       74% completed,  00:39:10 (hh:mm:ss) est. time remaining.
       74% completed,  00:38:59 (hh:mm:ss) est. time remaining.
       74% completed,  00:38:42 (hh:mm:ss) est. time remaining.
       75% completed,  00:38:30 (hh:mm:ss) est. time remaining.
       75% completed,  00:38:14 (hh:mm:ss) est. time remaining.
       75% completed,  00:38:02 (hh:mm:ss) est. time remaining.
       75% completed,  00:37:46 (hh:mm:ss) est. time remaining.
       75% completed,  00:37:34 (hh:mm:ss) est. time remaining.
       75% completed,  00:37:18 (hh:mm:ss) est. time remaining.
       75% completed,  00:37:07 (hh:mm:ss) est. time remaining.
       76% completed,  00:36:50 (hh:mm:ss) est. time remaining.
       76% completed,  00:36:39 (hh:mm:ss) est. time remaining.
       76% completed,  00:36:22 (hh:mm:ss) est. time remaining.
       76% completed,  00:36:12 (hh:mm:ss) est. time remaining.
       76% completed,  00:35:55 (hh:mm:ss) est. time remaining.
       76% completed,  00:35:45 (hh:mm:ss) est. time remaining.
       76% completed,  00:35:28 (hh:mm:ss) est. time remaining.
       77% completed,  00:35:17 (hh:mm:ss) est. time remaining.
       77% completed,  00:35:01 (hh:mm:ss) est. time remaining.
       77% completed,  00:34:51 (hh:mm:ss) est. time remaining.
       77% completed,  00:34:34 (hh:mm:ss) est. time remaining.
       77% completed,  00:34:24 (hh:mm:ss) est. time remaining.
       77% completed,  00:34:08 (hh:mm:ss) est. time remaining.
       77% completed,  00:33:54 (hh:mm:ss) est. time remaining.
       78% completed,  00:33:41 (hh:mm:ss) est. time remaining.
       78% completed,  00:33:28 (hh:mm:ss) est. time remaining.
       78% completed,  00:33:13 (hh:mm:ss) est. time remaining.
       78% completed,  00:33:01 (hh:mm:ss) est. time remaining.
       78% completed,  00:32:47 (hh:mm:ss) est. time remaining.
       78% completed,  00:32:36 (hh:mm:ss) est. time remaining.
       78% completed,  00:32:21 (hh:mm:ss) est. time remaining.
       78% completed,  00:32:10 (hh:mm:ss) est. time remaining.
       79% completed,  00:31:56 (hh:mm:ss) est. time remaining.
       79% completed,  00:31:45 (hh:mm:ss) est. time remaining.
       79% completed,  00:31:30 (hh:mm:ss) est. time remaining.
       79% completed,  00:31:19 (hh:mm:ss) est. time remaining.
       79% completed,  00:31:05 (hh:mm:ss) est. time remaining.
       79% completed,  00:30:55 (hh:mm:ss) est. time remaining.
       79% completed,  00:30:40 (hh:mm:ss) est. time remaining.
       80% completed,  00:30:28 (hh:mm:ss) est. time remaining.
       80% completed,  00:30:14 (hh:mm:ss) est. time remaining.
       80% completed,  00:30:04 (hh:mm:ss) est. time remaining.
       80% completed,  00:29:49 (hh:mm:ss) est. time remaining.
       80% completed,  00:29:39 (hh:mm:ss) est. time remaining.
       80% completed,  00:29:25 (hh:mm:ss) est. time remaining.
       80% completed,  00:29:15 (hh:mm:ss) est. time remaining.
       80% completed,  00:29:01 (hh:mm:ss) est. time remaining.
       81% completed,  00:28:50 (hh:mm:ss) est. time remaining.
       81% completed,  00:28:38 (hh:mm:ss) est. time remaining.
       81% completed,  00:28:26 (hh:mm:ss) est. time remaining.
       81% completed,  00:28:13 (hh:mm:ss) est. time remaining.
       81% completed,  00:28:03 (hh:mm:ss) est. time remaining.
       81% completed,  00:27:50 (hh:mm:ss) est. time remaining.
       81% completed,  00:27:40 (hh:mm:ss) est. time remaining.
       81% completed,  00:27:26 (hh:mm:ss) est. time remaining.
       82% completed,  00:27:16 (hh:mm:ss) est. time remaining.
       82% completed,  00:27:03 (hh:mm:ss) est. time remaining.
       82% completed,  00:26:53 (hh:mm:ss) est. time remaining.
       82% completed,  00:26:42 (hh:mm:ss) est. time remaining.
       82% completed,  00:26:29 (hh:mm:ss) est. time remaining.
       82% completed,  00:26:20 (hh:mm:ss) est. time remaining.
       82% completed,  00:26:11 (hh:mm:ss) est. time remaining.
       82% completed,  00:26:02 (hh:mm:ss) est. time remaining.
       83% completed,  00:25:53 (hh:mm:ss) est. time remaining.
       83% completed,  00:25:44 (hh:mm:ss) est. time remaining.
       83% completed,  00:25:35 (hh:mm:ss) est. time remaining.
       83% completed,  00:25:26 (hh:mm:ss) est. time remaining.
       83% completed,  00:25:17 (hh:mm:ss) est. time remaining.
       83% completed,  00:25:07 (hh:mm:ss) est. time remaining.
       83% completed,  00:24:57 (hh:mm:ss) est. time remaining.
       83% completed,  00:24:45 (hh:mm:ss) est. time remaining.
       83% completed,  00:24:32 (hh:mm:ss) est. time remaining.
       84% completed,  00:24:23 (hh:mm:ss) est. time remaining.
       84% completed,  00:24:10 (hh:mm:ss) est. time remaining.
       84% completed,  00:24:01 (hh:mm:ss) est. time remaining.
       84% completed,  00:23:48 (hh:mm:ss) est. time remaining.
       84% completed,  00:23:39 (hh:mm:ss) est. time remaining.
       84% completed,  00:23:27 (hh:mm:ss) est. time remaining.
       84% completed,  00:23:18 (hh:mm:ss) est. time remaining.
       84% completed,  00:23:06 (hh:mm:ss) est. time remaining.
       84% completed,  00:22:56 (hh:mm:ss) est. time remaining.
       85% completed,  00:22:45 (hh:mm:ss) est. time remaining.
       85% completed,  00:22:35 (hh:mm:ss) est. time remaining.
       85% completed,  00:22:24 (hh:mm:ss) est. time remaining.
       85% completed,  00:22:13 (hh:mm:ss) est. time remaining.
       85% completed,  00:22:03 (hh:mm:ss) est. time remaining.
       85% completed,  00:21:52 (hh:mm:ss) est. time remaining.
       85% completed,  00:21:43 (hh:mm:ss) est. time remaining.
       85% completed,  00:21:34 (hh:mm:ss) est. time remaining.
       85% completed,  00:21:24 (hh:mm:ss) est. time remaining.
       86% completed,  00:21:14 (hh:mm:ss) est. time remaining.
       86% completed,  00:21:04 (hh:mm:ss) est. time remaining.
       86% completed,  00:20:53 (hh:mm:ss) est. time remaining.
       86% completed,  00:20:44 (hh:mm:ss) est. time remaining.
       86% completed,  00:20:33 (hh:mm:ss) est. time remaining.
       86% completed,  00:20:24 (hh:mm:ss) est. time remaining.
       86% completed,  00:20:14 (hh:mm:ss) est. time remaining.
       86% completed,  00:20:04 (hh:mm:ss) est. time remaining.
       86% completed,  00:19:54 (hh:mm:ss) est. time remaining.
       87% completed,  00:19:44 (hh:mm:ss) est. time remaining.
       87% completed,  00:19:35 (hh:mm:ss) est. time remaining.
       87% completed,  00:19:24 (hh:mm:ss) est. time remaining.
       87% completed,  00:19:15 (hh:mm:ss) est. time remaining.
       87% completed,  00:19:05 (hh:mm:ss) est. time remaining.
       87% completed,  00:18:56 (hh:mm:ss) est. time remaining.
       87% completed,  00:18:46 (hh:mm:ss) est. time remaining.
       87% completed,  00:18:37 (hh:mm:ss) est. time remaining.
       87% completed,  00:18:26 (hh:mm:ss) est. time remaining.
       87% completed,  00:18:18 (hh:mm:ss) est. time remaining.
       88% completed,  00:18:08 (hh:mm:ss) est. time remaining.
       88% completed,  00:17:59 (hh:mm:ss) est. time remaining.
       88% completed,  00:17:49 (hh:mm:ss) est. time remaining.
       88% completed,  00:17:40 (hh:mm:ss) est. time remaining.
       88% completed,  00:17:30 (hh:mm:ss) est. time remaining.
       88% completed,  00:17:21 (hh:mm:ss) est. time remaining.
       88% completed,  00:17:12 (hh:mm:ss) est. time remaining.
       88% completed,  00:17:03 (hh:mm:ss) est. time remaining.
       88% completed,  00:16:54 (hh:mm:ss) est. time remaining.
       88% completed,  00:16:45 (hh:mm:ss) est. time remaining.
       89% completed,  00:16:36 (hh:mm:ss) est. time remaining.
       89% completed,  00:16:27 (hh:mm:ss) est. time remaining.
       89% completed,  00:16:18 (hh:mm:ss) est. time remaining.
       89% completed,  00:16:09 (hh:mm:ss) est. time remaining.
       89% completed,  00:16:00 (hh:mm:ss) est. time remaining.
       89% completed,  00:15:52 (hh:mm:ss) est. time remaining.
       89% completed,  00:15:43 (hh:mm:ss) est. time remaining.
       89% completed,  00:15:34 (hh:mm:ss) est. time remaining.
       89% completed,  00:15:25 (hh:mm:ss) est. time remaining.
       89% completed,  00:15:17 (hh:mm:ss) est. time remaining.
       90% completed,  00:15:08 (hh:mm:ss) est. time remaining.
       90% completed,  00:14:59 (hh:mm:ss) est. time remaining.
       90% completed,  00:14:51 (hh:mm:ss) est. time remaining.
       90% completed,  00:14:42 (hh:mm:ss) est. time remaining.
       90% completed,  00:14:33 (hh:mm:ss) est. time remaining.
       90% completed,  00:14:25 (hh:mm:ss) est. time remaining.
       90% completed,  00:14:17 (hh:mm:ss) est. time remaining.
       90% completed,  00:14:09 (hh:mm:ss) est. time remaining.
       90% completed,  00:14:01 (hh:mm:ss) est. time remaining.
       90% completed,  00:13:52 (hh:mm:ss) est. time remaining.
       90% completed,  00:13:45 (hh:mm:ss) est. time remaining.
       91% completed,  00:13:36 (hh:mm:ss) est. time remaining.
       91% completed,  00:13:29 (hh:mm:ss) est. time remaining.
       91% completed,  00:13:20 (hh:mm:ss) est. time remaining.
       91% completed,  00:13:13 (hh:mm:ss) est. time remaining.
       91% completed,  00:13:04 (hh:mm:ss) est. time remaining.
       91% completed,  00:12:57 (hh:mm:ss) est. time remaining.
       91% completed,  00:12:49 (hh:mm:ss) est. time remaining.
       91% completed,  00:12:41 (hh:mm:ss) est. time remaining.
       91% completed,  00:12:33 (hh:mm:ss) est. time remaining.
       91% completed,  00:12:26 (hh:mm:ss) est. time remaining.
       91% completed,  00:12:19 (hh:mm:ss) est. time remaining.
       91% completed,  00:12:11 (hh:mm:ss) est. time remaining.
       92% completed,  00:12:03 (hh:mm:ss) est. time remaining.
       92% completed,  00:11:56 (hh:mm:ss) est. time remaining.
       92% completed,  00:11:48 (hh:mm:ss) est. time remaining.
       92% completed,  00:11:41 (hh:mm:ss) est. time remaining.
       92% completed,  00:11:26 (hh:mm:ss) est. time remaining.
       92% completed,  00:11:19 (hh:mm:ss) est. time remaining.
       92% completed,  00:11:11 (hh:mm:ss) est. time remaining.
       92% completed,  00:11:04 (hh:mm:ss) est. time remaining.
       92% completed,  00:10:57 (hh:mm:ss) est. time remaining.
       92% completed,  00:10:49 (hh:mm:ss) est. time remaining.
       92% completed,  00:10:42 (hh:mm:ss) est. time remaining.
       92% completed,  00:10:35 (hh:mm:ss) est. time remaining.
       93% completed,  00:10:28 (hh:mm:ss) est. time remaining.
       93% completed,  00:10:21 (hh:mm:ss) est. time remaining.
       93% completed,  00:10:14 (hh:mm:ss) est. time remaining.
       93% completed,  00:10:07 (hh:mm:ss) est. time remaining.
       93% completed,  00:10:01 (hh:mm:ss) est. time remaining.
       93% completed,  00:9:54 (hh:mm:ss) est. time remaining.
       93% completed,  00:9:47 (hh:mm:ss) est. time remaining.
       93% completed,  00:9:41 (hh:mm:ss) est. time remaining.
       93% completed,  00:9:33 (hh:mm:ss) est. time remaining.
       93% completed,  00:9:27 (hh:mm:ss) est. time remaining.
       93% completed,  00:9:20 (hh:mm:ss) est. time remaining.
       93% completed,  00:9:14 (hh:mm:ss) est. time remaining.
       93% completed,  00:9:07 (hh:mm:ss) est. time remaining.
       94% completed,  00:9:00 (hh:mm:ss) est. time remaining.
       94% completed,  00:8:54 (hh:mm:ss) est. time remaining.
       94% completed,  00:8:48 (hh:mm:ss) est. time remaining.
       94% completed,  00:8:41 (hh:mm:ss) est. time remaining.
       94% completed,  00:8:35 (hh:mm:ss) est. time remaining.
       94% completed,  00:8:28 (hh:mm:ss) est. time remaining.
       94% completed,  00:8:22 (hh:mm:ss) est. time remaining.
       94% completed,  00:8:16 (hh:mm:ss) est. time remaining.
       94% completed,  00:8:10 (hh:mm:ss) est. time remaining.
       94% completed,  00:8:04 (hh:mm:ss) est. time remaining.
       94% completed,  00:7:57 (hh:mm:ss) est. time remaining.
       94% completed,  00:7:51 (hh:mm:ss) est. time remaining.
       94% completed,  00:7:45 (hh:mm:ss) est. time remaining.
       94% completed,  00:7:39 (hh:mm:ss) est. time remaining.
       94% completed,  00:7:33 (hh:mm:ss) est. time remaining.
       95% completed,  00:7:27 (hh:mm:ss) est. time remaining.
       95% completed,  00:7:21 (hh:mm:ss) est. time remaining.
       95% completed,  00:7:15 (hh:mm:ss) est. time remaining.
       95% completed,  00:7:09 (hh:mm:ss) est. time remaining.
       95% completed,  00:7:04 (hh:mm:ss) est. time remaining.
       95% completed,  00:6:58 (hh:mm:ss) est. time remaining.
       95% completed,  00:6:52 (hh:mm:ss) est. time remaining.
       95% completed,  00:6:46 (hh:mm:ss) est. time remaining.
       95% completed,  00:6:41 (hh:mm:ss) est. time remaining.
       95% completed,  00:6:35 (hh:mm:ss) est. time remaining.
       95% completed,  00:6:30 (hh:mm:ss) est. time remaining.
       95% completed,  00:6:25 (hh:mm:ss) est. time remaining.
       95% completed,  00:6:19 (hh:mm:ss) est. time remaining.
       95% completed,  00:6:13 (hh:mm:ss) est. time remaining.
       95% completed,  00:6:08 (hh:mm:ss) est. time remaining.
       95% completed,  00:6:03 (hh:mm:ss) est. time remaining.
       96% completed,  00:5:58 (hh:mm:ss) est. time remaining.
       96% completed,  00:5:52 (hh:mm:ss) est. time remaining.
       96% completed,  00:5:47 (hh:mm:ss) est. time remaining.
       96% completed,  00:5:42 (hh:mm:ss) est. time remaining.
       96% completed,  00:5:37 (hh:mm:ss) est. time remaining.
       96% completed,  00:5:32 (hh:mm:ss) est. time remaining.
       96% completed,  00:5:27 (hh:mm:ss) est. time remaining.
       96% completed,  00:5:22 (hh:mm:ss) est. time remaining.
       96% completed,  00:5:17 (hh:mm:ss) est. time remaining.
       96% completed,  00:5:12 (hh:mm:ss) est. time remaining.
       96% completed,  00:5:07 (hh:mm:ss) est. time remaining.
       96% completed,  00:5:02 (hh:mm:ss) est. time remaining.
       96% completed,  00:4:57 (hh:mm:ss) est. time remaining.
       96% completed,  00:4:53 (hh:mm:ss) est. time remaining.
       96% completed,  00:4:48 (hh:mm:ss) est. time remaining.
       96% completed,  00:4:43 (hh:mm:ss) est. time remaining.
       96% completed,  00:4:38 (hh:mm:ss) est. time remaining.
       96% completed,  00:4:34 (hh:mm:ss) est. time remaining.
       97% completed,  00:4:29 (hh:mm:ss) est. time remaining.
       97% completed,  00:4:25 (hh:mm:ss) est. time remaining.
       97% completed,  00:4:20 (hh:mm:ss) est. time remaining.
       97% completed,  00:4:16 (hh:mm:ss) est. time remaining.
       97% completed,  00:4:11 (hh:mm:ss) est. time remaining.
       97% completed,  00:4:07 (hh:mm:ss) est. time remaining.
       97% completed,  00:4:02 (hh:mm:ss) est. time remaining.
       97% completed,  00:3:58 (hh:mm:ss) est. time remaining.
       97% completed,  00:3:54 (hh:mm:ss) est. time remaining.
       97% completed,  00:3:50 (hh:mm:ss) est. time remaining.
       97% completed,  00:3:45 (hh:mm:ss) est. time remaining.
       97% completed,  00:3:41 (hh:mm:ss) est. time remaining.
       97% completed,  00:3:37 (hh:mm:ss) est. time remaining.
       97% completed,  00:3:33 (hh:mm:ss) est. time remaining.
       97% completed,  00:3:29 (hh:mm:ss) est. time remaining.
       97% completed,  00:3:25 (hh:mm:ss) est. time remaining.
       97% completed,  00:3:21 (hh:mm:ss) est. time remaining.
       97% completed,  00:3:17 (hh:mm:ss) est. time remaining.
       97% completed,  00:3:13 (hh:mm:ss) est. time remaining.
       97% completed,  00:3:09 (hh:mm:ss) est. time remaining.
       97% completed,  00:3:06 (hh:mm:ss) est. time remaining.
       97% completed,  00:3:02 (hh:mm:ss) est. time remaining.
       98% completed,  00:2:58 (hh:mm:ss) est. time remaining.
       98% completed,  00:2:54 (hh:mm:ss) est. time remaining.
       98% completed,  00:2:51 (hh:mm:ss) est. time remaining.
       98% completed,  00:2:47 (hh:mm:ss) est. time remaining.
       98% completed,  00:2:44 (hh:mm:ss) est. time remaining.
       98% completed,  00:2:40 (hh:mm:ss) est. time remaining.
       98% completed,  00:2:37 (hh:mm:ss) est. time remaining.
       98% completed,  00:2:33 (hh:mm:ss) est. time remaining.
       98% completed,  00:2:30 (hh:mm:ss) est. time remaining.
       98% completed,  00:2:26 (hh:mm:ss) est. time remaining.
       98% completed,  00:2:23 (hh:mm:ss) est. time remaining.
       98% completed,  00:2:20 (hh:mm:ss) est. time remaining.
       98% completed,  00:2:16 (hh:mm:ss) est. time remaining.
       98% completed,  00:2:13 (hh:mm:ss) est. time remaining.
       98% completed,  00:2:10 (hh:mm:ss) est. time remaining.
       98% completed,  00:2:07 (hh:mm:ss) est. time remaining.
       98% completed,  00:2:04 (hh:mm:ss) est. time remaining.
       98% completed,  00:2:01 (hh:mm:ss) est. time remaining.
       98% completed,  00:1:58 (hh:mm:ss) est. time remaining.
       98% completed,  00:1:55 (hh:mm:ss) est. time remaining.
       98% completed,  00:1:52 (hh:mm:ss) est. time remaining.
       98% completed,  00:1:49 (hh:mm:ss) est. time remaining.
       98% completed,  00:1:46 (hh:mm:ss) est. time remaining.
       98% completed,  00:1:43 (hh:mm:ss) est. time remaining.
       98% completed,  00:1:40 (hh:mm:ss) est. time remaining.
       98% completed,  00:1:38 (hh:mm:ss) est. time remaining.
       98% completed,  00:1:35 (hh:mm:ss) est. time remaining.
       98% completed,  00:1:32 (hh:mm:ss) est. time remaining.
       99% completed,  00:1:29 (hh:mm:ss) est. time remaining.
       99% completed,  00:1:27 (hh:mm:ss) est. time remaining.
       99% completed,  00:1:24 (hh:mm:ss) est. time remaining.
       99% completed,  00:1:22 (hh:mm:ss) est. time remaining.
       99% completed,  00:1:19 (hh:mm:ss) est. time remaining.
       99% completed,  00:1:17 (hh:mm:ss) est. time remaining.
       99% completed,  00:1:14 (hh:mm:ss) est. time remaining.
       99% completed,  00:1:12 (hh:mm:ss) est. time remaining.
       99% completed,  00:1:10 (hh:mm:ss) est. time remaining.
       99% completed,  00:1:07 (hh:mm:ss) est. time remaining.
       99% completed,  00:1:05 (hh:mm:ss) est. time remaining.
       99% completed,  00:1:03 (hh:mm:ss) est. time remaining.
       99% completed,  00:1:01 (hh:mm:ss) est. time remaining.
       99% completed,  00:0:59 (hh:mm:ss) est. time remaining.
       99% completed,  00:0:56 (hh:mm:ss) est. time remaining.
       99% completed,  00:0:54 (hh:mm:ss) est. time remaining.
       99% completed,  00:0:52 (hh:mm:ss) est. time remaining.
       99% completed,  00:0:50 (hh:mm:ss) est. time remaining.
       99% completed,  00:0:48 (hh:mm:ss) est. time remaining.
       99% completed,  00:0:46 (hh:mm:ss) est. time remaining.
       99% completed,  00:0:45 (hh:mm:ss) est. time remaining.
       99% completed,  00:0:43 (hh:mm:ss) est. time remaining.
       99% completed,  00:0:41 (hh:mm:ss) est. time remaining.
       99% completed,  00:0:39 (hh:mm:ss) est. time remaining.
       99% completed,  00:0:37 (hh:mm:ss) est. time remaining.
       99% completed,  00:0:36 (hh:mm:ss) est. time remaining.
       99% completed,  00:0:34 (hh:mm:ss) est. time remaining.
       99% completed,  00:0:32 (hh:mm:ss) est. time remaining.
       99% completed,  00:0:31 (hh:mm:ss) est. time remaining.
       99% completed,  00:0:29 (hh:mm:ss) est. time remaining.
       99% completed,  00:0:28 (hh:mm:ss) est. time remaining.
       99% completed,  00:0:26 (hh:mm:ss) est. time remaining.
       99% completed,  00:0:25 (hh:mm:ss) est. time remaining.
       99% completed,  00:0:24 (hh:mm:ss) est. time remaining.
       99% completed,  00:0:22 (hh:mm:ss) est. time remaining.
       99% completed,  00:0:21 (hh:mm:ss) est. time remaining.
       99% completed,  00:0:20 (hh:mm:ss) est. time remaining.
       99% completed,  00:0:19 (hh:mm:ss) est. time remaining.
       99% completed,  00:0:17 (hh:mm:ss) est. time remaining.
       99% completed,  00:0:16 (hh:mm:ss) est. time remaining.
       99% completed,  00:0:15 (hh:mm:ss) est. time remaining.
       99% completed,  00:0:14 (hh:mm:ss) est. time remaining.
       99% completed,  00:0:13 (hh:mm:ss) est. time remaining.
       99% completed,  00:0:12 (hh:mm:ss) est. time remaining.
       99% completed,  00:0:11 (hh:mm:ss) est. time remaining.
       99% completed,  00:0:10 (hh:mm:ss) est. time remaining.
       99% completed,  00:0:09 (hh:mm:ss) est. time remaining.
       99% completed,  00:0:08 (hh:mm:ss) est. time remaining.
       99% completed,  00:0:08 (hh:mm:ss) est. time remaining.
       99% completed,  00:0:07 (hh:mm:ss) est. time remaining.
       99% completed,  00:0:06 (hh:mm:ss) est. time remaining.
       99% completed,  00:0:05 (hh:mm:ss) est. time remaining.
       99% completed,  00:0:05 (hh:mm:ss) est. time remaining.
       99% completed,  00:0:04 (hh:mm:ss) est. time remaining.
       99% completed,  00:0:04 (hh:mm:ss) est. time remaining.
       99% completed,  00:0:03 (hh:mm:ss) est. time remaining.
       99% completed,  00:0:02 (hh:mm:ss) est. time remaining.
       99% completed,  00:0:02 (hh:mm:ss) est. time remaining.
       99% completed,  00:0:02 (hh:mm:ss) est. time remaining.
       99% completed,  00:0:01 (hh:mm:ss) est. time remaining.
       99% completed,  00:0:01 (hh:mm:ss) est. time remaining.
       99% completed,  00:0:01 (hh:mm:ss) est. time remaining.
       99% completed,  00:0:00 (hh:mm:ss) est. time remaining.
       99% completed,  00:0:00 (hh:mm:ss) est. time remaining.
       99% completed,  00:0:00 (hh:mm:ss) est. time remaining.
       99% completed,  00:0:00 (hh:mm:ss) est. time remaining.
       99% completed,  00:0:00 (hh:mm:ss) est. time remaining.
       99% completed,  00:0:00 (hh:mm:ss) est. time remaining.
      100% completed,  00:0:00 (hh:mm:ss) est. time remaining.
Comparison Time: 02:30:03 (hh:mm:ss) Elapsed Time, 13370 HSPs Collected
  - RECON: Running imagespread..
RECON Elapsed: 00:00:00 (hh:mm:ss) Elapsed Time
  - RECON: Running initial definition of elements ( eledef )..
RECON Elapsed: 00:00:18 (hh:mm:ss) Elapsed Time
  - RECON: Running re-definition of elements ( eleredef )..
RECON Elapsed: 00:00:51 (hh:mm:ss) Elapsed Time
  - RECON: Running re-definition of edges ( edgeredef )..
RECON Elapsed: 00:00:57 (hh:mm:ss) Elapsed Time
  - RECON: Running family definition ( famdef )..
RECON Elapsed: 00:00:02 (hh:mm:ss) Elapsed Time
  - Obtaining element sequences
Number of families returned by RECON: 2775
Processing families with greater than 15 elements

Processing RECON family: 294
  - Saving 69 elements
  - Refining family-294 model...

Processing RECON family: 23
  - Saving 41 elements
  - Refining family-23 model...

Processing RECON family: 284
  - Saving 27 elements
  - Refining family-284 model...

Processing RECON family: 773
  - Saving 26 elements
  - Refining family-773 model...

Processing RECON family: 81
  - Saving 26 elements
  - Refining family-81 model...

Processing RECON family: 328
  - Saving 25 elements
  - Refining family-328 model...

Processing RECON family: 88
  - Saving 24 elements
  - Refining family-88 model...

Processing RECON family: 1173
  - Saving 23 elements
  - Refining family-1173 model...

Processing RECON family: 79
  - Saving 23 elements
  - Refining family-79 model...

Processing RECON family: 72
  - Saving 22 elements
  - Refining family-72 model...

Processing RECON family: 443
  - Saving 21 elements
  - Refining family-443 model...

Processing RECON family: 649
  - Saving 21 elements
  - Refining family-649 model...

Processing RECON family: 108
  - Saving 19 elements
  - Refining family-108 model...

Processing RECON family: 348
  - Saving 19 elements
  - Refining family-348 model...

Processing RECON family: 505
  - Saving 19 elements
  - Refining family-505 model...

Processing RECON family: 781
  - Saving 19 elements
  - Refining family-781 model...

Processing RECON family: 411
  - Saving 18 elements
  - Refining family-411 model...

Processing RECON family: 749
  - Saving 18 elements
  - Refining family-749 model...

Processing RECON family: 363
  - Saving 17 elements
  - Refining family-363 model...

Processing RECON family: 82
  - Saving 16 elements
  - Refining family-82 model...

Processing RECON family: 243
  - Saving 16 elements
  - Refining family-243 model...
Family Refinement: 00:53:55 (hh:mm:ss) Elapsed Time
Round Time: 03:28:45 (hh:mm:ss) Elapsed Time
   - Increasing sample size to include end piece now = 85904927


RepeatModeler Round # 5
========================
Searching for Repeats
 -- Sampling from the database...
   - Gathering up to 85904927 bp
   - Sequence extraction : 00:00:01 (hh:mm:ss) Elapsed Time
 -- Running TRFMask on the sequence...
       185 Tandem Repeats Masked
   - TRFMask time 00:00:09 (hh:mm:ss) Elapsed Time
 -- Masking repeats from the previous rounds...
  - Masking 1 - 5 of 125
  - Masking 16 - 30 of 125
  - Masking 41 - 65 of 125
  - Masking 76 - 110 of 125
  - Masking 121 - 125 of 125
   - TE Masking time 00:00:33 (hh:mm:ss) Elapsed Time
 -- Sample Stats:
       Sample Size 4899629 bp
       Num Contigs Represented = 25
       Non ambiguous bp:
             Initial: 4899629 bp
             After Masking: 4669787 bp
             Masked: 4.69 % 
 -- Input Database Coverage: 43942231 bp out of 43942509 bp ( 100.00 % )
Sampling Time: 00:00:44 (hh:mm:ss) Elapsed Time
Running all-by-other comparisons...
        1% completed,  00:8:16 (hh:mm:ss) est. time remaining.
        3% completed,  00:4:03 (hh:mm:ss) est. time remaining.
        4% completed,  00:5:20 (hh:mm:ss) est. time remaining.
        6% completed,  00:5:26 (hh:mm:ss) est. time remaining.
        7% completed,  00:4:40 (hh:mm:ss) est. time remaining.
        9% completed,  00:4:29 (hh:mm:ss) est. time remaining.
       10% completed,  00:4:20 (hh:mm:ss) est. time remaining.
       12% completed,  00:4:41 (hh:mm:ss) est. time remaining.
       13% completed,  00:4:44 (hh:mm:ss) est. time remaining.
       15% completed,  00:4:40 (hh:mm:ss) est. time remaining.
       16% completed,  00:4:15 (hh:mm:ss) est. time remaining.
       18% completed,  00:4:18 (hh:mm:ss) est. time remaining.
       19% completed,  00:4:07 (hh:mm:ss) est. time remaining.
       21% completed,  00:3:57 (hh:mm:ss) est. time remaining.
       22% completed,  00:3:55 (hh:mm:ss) est. time remaining.
       24% completed,  00:3:47 (hh:mm:ss) est. time remaining.
       25% completed,  00:3:42 (hh:mm:ss) est. time remaining.
       26% completed,  00:3:35 (hh:mm:ss) est. time remaining.
       28% completed,  00:3:31 (hh:mm:ss) est. time remaining.
       29% completed,  00:3:25 (hh:mm:ss) est. time remaining.
       30% completed,  00:3:16 (hh:mm:ss) est. time remaining.
       32% completed,  00:3:15 (hh:mm:ss) est. time remaining.
       33% completed,  00:3:06 (hh:mm:ss) est. time remaining.
       34% completed,  00:3:07 (hh:mm:ss) est. time remaining.
       36% completed,  00:3:07 (hh:mm:ss) est. time remaining.
       37% completed,  00:3:05 (hh:mm:ss) est. time remaining.
       38% completed,  00:3:04 (hh:mm:ss) est. time remaining.
       39% completed,  00:3:00 (hh:mm:ss) est. time remaining.
       41% completed,  00:2:51 (hh:mm:ss) est. time remaining.
       42% completed,  00:2:51 (hh:mm:ss) est. time remaining.
       43% completed,  00:2:50 (hh:mm:ss) est. time remaining.
       44% completed,  00:2:46 (hh:mm:ss) est. time remaining.
       45% completed,  00:2:39 (hh:mm:ss) est. time remaining.
       47% completed,  00:2:35 (hh:mm:ss) est. time remaining.
       48% completed,  00:2:32 (hh:mm:ss) est. time remaining.
       49% completed,  00:2:29 (hh:mm:ss) est. time remaining.
       50% completed,  00:2:25 (hh:mm:ss) est. time remaining.
       51% completed,  00:2:21 (hh:mm:ss) est. time remaining.
       52% completed,  00:2:18 (hh:mm:ss) est. time remaining.
       53% completed,  00:2:14 (hh:mm:ss) est. time remaining.
       55% completed,  00:2:11 (hh:mm:ss) est. time remaining.
       56% completed,  00:2:07 (hh:mm:ss) est. time remaining.
       57% completed,  00:2:05 (hh:mm:ss) est. time remaining.
       58% completed,  00:2:00 (hh:mm:ss) est. time remaining.
       59% completed,  00:1:55 (hh:mm:ss) est. time remaining.
       60% completed,  00:1:54 (hh:mm:ss) est. time remaining.
       61% completed,  00:1:52 (hh:mm:ss) est. time remaining.
       62% completed,  00:1:49 (hh:mm:ss) est. time remaining.
       63% completed,  00:1:47 (hh:mm:ss) est. time remaining.
       64% completed,  00:1:44 (hh:mm:ss) est. time remaining.
       65% completed,  00:1:41 (hh:mm:ss) est. time remaining.
       66% completed,  00:1:39 (hh:mm:ss) est. time remaining.
       66% completed,  00:1:36 (hh:mm:ss) est. time remaining.
       67% completed,  00:1:34 (hh:mm:ss) est. time remaining.
       68% completed,  00:1:31 (hh:mm:ss) est. time remaining.
       69% completed,  00:1:28 (hh:mm:ss) est. time remaining.
       70% completed,  00:1:25 (hh:mm:ss) est. time remaining.
       71% completed,  00:1:23 (hh:mm:ss) est. time remaining.
       72% completed,  00:1:19 (hh:mm:ss) est. time remaining.
       73% completed,  00:1:18 (hh:mm:ss) est. time remaining.
       73% completed,  00:1:15 (hh:mm:ss) est. time remaining.
       74% completed,  00:1:12 (hh:mm:ss) est. time remaining.
       75% completed,  00:1:10 (hh:mm:ss) est. time remaining.
       76% completed,  00:1:08 (hh:mm:ss) est. time remaining.
       77% completed,  00:1:06 (hh:mm:ss) est. time remaining.
       77% completed,  00:1:03 (hh:mm:ss) est. time remaining.
       78% completed,  00:1:01 (hh:mm:ss) est. time remaining.
       79% completed,  00:0:59 (hh:mm:ss) est. time remaining.
       80% completed,  00:0:57 (hh:mm:ss) est. time remaining.
       80% completed,  00:0:55 (hh:mm:ss) est. time remaining.
       81% completed,  00:0:52 (hh:mm:ss) est. time remaining.
       82% completed,  00:0:51 (hh:mm:ss) est. time remaining.
       82% completed,  00:0:49 (hh:mm:ss) est. time remaining.
       83% completed,  00:0:47 (hh:mm:ss) est. time remaining.
       84% completed,  00:0:45 (hh:mm:ss) est. time remaining.
       84% completed,  00:0:43 (hh:mm:ss) est. time remaining.
       85% completed,  00:0:41 (hh:mm:ss) est. time remaining.
       86% completed,  00:0:39 (hh:mm:ss) est. time remaining.
       86% completed,  00:0:38 (hh:mm:ss) est. time remaining.
       87% completed,  00:0:36 (hh:mm:ss) est. time remaining.
       87% completed,  00:0:34 (hh:mm:ss) est. time remaining.
       88% completed,  00:0:33 (hh:mm:ss) est. time remaining.
       88% completed,  00:0:31 (hh:mm:ss) est. time remaining.
       89% completed,  00:0:30 (hh:mm:ss) est. time remaining.
       89% completed,  00:0:28 (hh:mm:ss) est. time remaining.
       90% completed,  00:0:27 (hh:mm:ss) est. time remaining.
       90% completed,  00:0:25 (hh:mm:ss) est. time remaining.
       91% completed,  00:0:24 (hh:mm:ss) est. time remaining.
       91% completed,  00:0:23 (hh:mm:ss) est. time remaining.
       92% completed,  00:0:21 (hh:mm:ss) est. time remaining.
       92% completed,  00:0:20 (hh:mm:ss) est. time remaining.
       93% completed,  00:0:19 (hh:mm:ss) est. time remaining.
       93% completed,  00:0:18 (hh:mm:ss) est. time remaining.
       94% completed,  00:0:17 (hh:mm:ss) est. time remaining.
       94% completed,  00:0:15 (hh:mm:ss) est. time remaining.
       94% completed,  00:0:14 (hh:mm:ss) est. time remaining.
       95% completed,  00:0:13 (hh:mm:ss) est. time remaining.
       95% completed,  00:0:12 (hh:mm:ss) est. time remaining.
       95% completed,  00:0:11 (hh:mm:ss) est. time remaining.
       96% completed,  00:0:10 (hh:mm:ss) est. time remaining.
       96% completed,  00:0:10 (hh:mm:ss) est. time remaining.
       96% completed,  00:0:09 (hh:mm:ss) est. time remaining.
       97% completed,  00:0:08 (hh:mm:ss) est. time remaining.
       97% completed,  00:0:07 (hh:mm:ss) est. time remaining.
       97% completed,  00:0:06 (hh:mm:ss) est. time remaining.
       97% completed,  00:0:06 (hh:mm:ss) est. time remaining.
       98% completed,  00:0:05 (hh:mm:ss) est. time remaining.
       98% completed,  00:0:04 (hh:mm:ss) est. time remaining.
       98% completed,  00:0:04 (hh:mm:ss) est. time remaining.
       98% completed,  00:0:03 (hh:mm:ss) est. time remaining.
       98% completed,  00:0:03 (hh:mm:ss) est. time remaining.
       98% completed,  00:0:02 (hh:mm:ss) est. time remaining.
       99% completed,  00:0:02 (hh:mm:ss) est. time remaining.
       99% completed,  00:0:01 (hh:mm:ss) est. time remaining.
       99% completed,  00:0:01 (hh:mm:ss) est. time remaining.
       99% completed,  00:0:01 (hh:mm:ss) est. time remaining.
       99% completed,  00:0:01 (hh:mm:ss) est. time remaining.
       99% completed,  00:0:00 (hh:mm:ss) est. time remaining.
       99% completed,  00:0:00 (hh:mm:ss) est. time remaining.
       99% completed,  00:0:00 (hh:mm:ss) est. time remaining.
       99% completed,  00:0:00 (hh:mm:ss) est. time remaining.
       99% completed,  00:0:00 (hh:mm:ss) est. time remaining.
       99% completed,  00:0:00 (hh:mm:ss) est. time remaining.
      100% completed,  00:0:00 (hh:mm:ss) est. time remaining.
Comparison Time: 00:04:42 (hh:mm:ss) Elapsed Time, 489 HSPs Collected
  - RECON: Running imagespread..
RECON Elapsed: 00:00:00 (hh:mm:ss) Elapsed Time
  - RECON: Running initial definition of elements ( eledef )..
RECON Elapsed: 00:00:01 (hh:mm:ss) Elapsed Time
  - RECON: Running re-definition of elements ( eleredef )..
RECON Elapsed: 00:00:02 (hh:mm:ss) Elapsed Time
  - RECON: Running re-definition of edges ( edgeredef )..
RECON Elapsed: 00:00:03 (hh:mm:ss) Elapsed Time
  - RECON: Running family definition ( famdef )..
RECON Elapsed: 00:00:00 (hh:mm:ss) Elapsed Time
  - Obtaining element sequences
Number of families returned by RECON: 228
Processing families with greater than 15 elements
Family Refinement: 00:00:00 (hh:mm:ss) Elapsed Time
Round Time: 00:05:35 (hh:mm:ss) Elapsed Time

RepeatScout/RECON discovery complete: 99 families found


RepeatClassifier Version 2.0.1
======================================
Search Engine = rmblast
  - Looking for Simple and Low Complexity sequences..
  - Looking for similarity to known repeat proteins..
Missing /hpc/group/vilgalyslab/yk158/miniconda3/envs/repeatmasker/share/RepeatMasker/Libraries/RepeatMasker.lib.nsq!
Please rerun the configure program in the RepeatModeler directory
before running this script.
  - Looking for similarity to known repeat consensi..
Classification Time: 00:02:55 (hh:mm:ss) Elapsed Time


Program Time: 04:39:31 (hh:mm:ss) Elapsed Time
Working directory:  /work/yk158/pmiEndo/repeatmodeler/RM_43891.TueAug181846032020
may be deleted unless there were problems with the run.

The results have been saved to:
  Atrpi1-families.fa  - Consensus sequences for each family identified.
  Atrpi1-families.stk - Seed alignments for each family identified.

The RepeatModeler stockholm file is formatted so that it can
easily be submitted to the Dfam database.  Please consider contributing
curated families to this open database and be a part of this growing
community resource.  For more information contact help@dfam.org.


