RepeatModeler Version 2.0.1
===========================
Search Engine = rmblast 2.9.0+
Dependencies: TRF 4.09, RECON , RepeatScout 1.0.6, RepeatMasker 
LTR Structural Analysis: Disabled [use -LTRStruct to enable]
Random Number Seed: 1597790594
Database = Chagl_1 .
  - Sequences = 37
  - Bases = 34886939
Using output directory = /work/yk158/pmiEndo/repeatmodeler/RM_51008.TueAug181843162020
Storage Throughput = poor ( 275.21 MB/s )
  - NOTE: Poor storage througput will have a large impact on RepeatModeler
          performance.  The low throughput observed above may be due to
          transient usage patterns on the system and may not reflect the
          actual system performance. Whenever possible run RepeatModeler
          in a directory stored on a fast local disk and not over a
          network filesytem.

Ready to start the sampling process.
INFO: The runtime of RepeatModeler heavily depends on the quality of the assembly
      and the repetitive content of the sequences.  It is not imperative
      that RepeatModeler completes all rounds in order to obtain useful
      results.  At the completion of each round, the files ( consensi.fa, and
      families.stk ) found in:
      /work/yk158/pmiEndo/repeatmodeler/RM_51008.TueAug181843162020/ 
      will contain all results produced thus far. These files may be 
      manually copied and run through RepeatClassifier should the program
      be terminated early.


RepeatModeler Round # 1
========================
Searching for Repeats
 -- Sampling from the database...
   - Gathering up to 40000000 bp
   - Final Sample Size = 34886815 bp ( 34336738 non ambiguous )
   - Num Contigs Represented = 37
   - Sequence extraction : 00:00:10 (hh:mm:ss) Elapsed Time
 -- Running RepeatScout on the sequences...
   - RepeatScout: Running build_lmer_table ( l = 14 )..
   - RepeatScout: Running RepeatScout.. : 559 raw families identified
   - RepeatScout: Running filtering stage.. 542 families remaining
   - RepeatScout: 00:12:29 (hh:mm:ss) Elapsed Time
   - Large Satellite Filtering.. : 1 found in 00:00:19 (hh:mm:ss) Elapsed Time
   - Collecting repeat instances...
 -- Refining Family R=0 / 0 ( RS Elements: 412, Using 100 )
 -- Refining Family R=7 / 1 ( RS Elements: 394, Using 100 )
 -- Refining Family R=210 / 2 ( RS Elements: 349, Using 100 )
 -- Refining Family R=12 / 3 ( RS Elements: 341, Using 100 )
 -- Refining Family R=24 / 4 ( RS Elements: 323, Using 100 )
 -- Refining Family R=18 / 5 ( RS Elements: 321, Using 100 )
 -- Refining Family R=379 / 6 ( RS Elements: 313, Using 100 )
 -- Refining Family R=46 / 7 ( RS Elements: 292, Using 100 )
 -- Refining Family R=387 / 8 ( RS Elements: 290, Using 100 )
 -- Refining Family R=250 / 9 ( RS Elements: 277, Using 100 )
 -- Refining Family R=2 / 10 ( RS Elements: 277, Using 100 )
 -- Refining Family R=75 / 11 ( RS Elements: 274, Using 100 )
 -- Refining Family R=168 / 12 ( RS Elements: 273, Using 100 )
 -- Refining Family R=10 / 13 ( RS Elements: 268, Using 100 )
 -- Refining Family R=13 / 14 ( RS Elements: 254, Using 100 )
 -- Refining Family R=270 / 15 ( RS Elements: 252, Using 100 )
 -- Refining Family R=43 / 16 ( RS Elements: 251, Using 100 )
 -- Refining Family R=123 / 17 ( RS Elements: 244, Using 100 )
 -- Refining Family R=256 / 18 ( RS Elements: 242, Using 100 )
 -- Refining Family R=375 / 19 ( RS Elements: 238, Using 100 )
 -- Refining Family R=111 / 20 ( RS Elements: 237, Using 100 )
 -- Refining Family R=205 / 21 ( RS Elements: 236, Using 100 )
 -- Refining Family R=136 / 22 ( RS Elements: 231, Using 100 )
 -- Refining Family R=29 / 23 ( RS Elements: 228, Using 100 )
 -- Refining Family R=141 / 24 ( RS Elements: 227, Using 100 )
 -- Refining Family R=1 / 25 ( RS Elements: 227, Using 100 )
 -- Refining Family R=329 / 26 ( RS Elements: 227, Using 100 )
 -- Refining Family R=16 / 27 ( RS Elements: 226, Using 100 )
 -- Refining Family R=493 / 28 ( RS Elements: 212, Using 100 )
 -- Refining Family R=88 / 29 ( RS Elements: 210, Using 100 )
 -- Refining Family R=5 / 30 ( RS Elements: 207, Using 100 )
 -- Refining Family R=344 / 31 ( RS Elements: 196, Using 100 )
 -- Refining Family R=139 / 32 ( RS Elements: 189, Using 100 )
 -- Refining Family R=11 / 33 ( RS Elements: 186, Using 100 )
 -- Refining Family R=337 / 34 ( RS Elements: 184, Using 100 )
 -- Refining Family R=45 / 35 ( RS Elements: 180, Using 100 )
 -- Refining Family R=131 / 36 ( RS Elements: 177, Using 100 )
 -- Refining Family R=106 / 37 ( RS Elements: 174, Using 100 )
 -- Refining Family R=551 / 38 ( RS Elements: 171, Using 100 )
 -- Refining Family R=19 / 39 ( RS Elements: 168, Using 100 )
 -- Refining Family R=78 / 40 ( RS Elements: 160, Using 100 )
 -- Refining Family R=151 / 41 ( RS Elements: 159, Using 100 )
 -- Refining Family R=192 / 42 ( RS Elements: 151, Using 100 )
 -- Refining Family R=535 / 43 ( RS Elements: 141, Using 100 )
 -- Refining Family R=208 / 44 ( RS Elements: 141, Using 100 )
 -- Refining Family R=300 / 45 ( RS Elements: 137, Using 100 )
 -- Refining Family R=155 / 46 ( RS Elements: 123, Using 100 )
 -- Refining Family R=432 / 47 ( RS Elements: 122, Using 100 )
 -- Refining Family R=240 / 48 ( RS Elements: 120, Using 100 )
 -- Refining Family R=20 / 49 ( RS Elements: 119, Using 100 )
 -- Refining Family R=236 / 50 ( RS Elements: 111, Using 100 )
 -- Refining Family R=302 / 51 ( RS Elements: 108, Using 100 )
 -- Refining Family R=350 / 52 ( RS Elements: 105, Using 100 )
 -- Refining Family R=127 / 53 ( RS Elements: 105, Using 100 )
 -- Refining Family R=142 / 54 ( RS Elements: 97, Using 97 )
 -- Refining Family R=358 / 55 ( RS Elements: 97, Using 97 )
 -- Refining Family R=317 / 56 ( RS Elements: 96, Using 96 )
 -- Refining Family R=8 / 57 ( RS Elements: 92, Using 92 )
 -- Refining Family R=415 / 58 ( RS Elements: 90, Using 90 )
 -- Refining Family R=248 / 59 ( RS Elements: 88, Using 88 )
 -- Refining Family R=167 / 60 ( RS Elements: 87, Using 87 )
 -- Refining Family R=134 / 61 ( RS Elements: 85, Using 85 )
 -- Refining Family R=79 / 62 ( RS Elements: 84, Using 84 )
 -- Refining Family R=144 / 63 ( RS Elements: 83, Using 83 )
 -- Refining Family R=103 / 64 ( RS Elements: 81, Using 81 )
 -- Refining Family R=28 / 65 ( RS Elements: 81, Using 81 )
 -- Refining Family R=274 / 66 ( RS Elements: 80, Using 80 )
 -- Refining Family R=259 / 67 ( RS Elements: 79, Using 79 )
 -- Refining Family R=58 / 68 ( RS Elements: 76, Using 76 )
 -- Refining Family R=97 / 69 ( RS Elements: 76, Using 76 )
 -- Refining Family R=154 / 70 ( RS Elements: 75, Using 75 )
 -- Refining Family R=225 / 71 ( RS Elements: 75, Using 75 )
 -- Refining Family R=109 / 72 ( RS Elements: 75, Using 75 )
 -- Refining Family R=357 / 73 ( RS Elements: 75, Using 75 )
 -- Refining Family R=278 / 74 ( RS Elements: 74, Using 74 )
 -- Refining Family R=33 / 75 ( RS Elements: 71, Using 71 )
 -- Refining Family R=293 / 76 ( RS Elements: 71, Using 71 )
 -- Refining Family R=260 / 77 ( RS Elements: 70, Using 70 )
 -- Refining Family R=391 / 78 ( RS Elements: 70, Using 70 )
 -- Refining Family R=116 / 79 ( RS Elements: 70, Using 70 )
 -- Refining Family R=56 / 80 ( RS Elements: 68, Using 68 )
 -- Refining Family R=87 / 81 ( RS Elements: 66, Using 66 )
 -- Refining Family R=100 / 82 ( RS Elements: 66, Using 66 )
 -- Refining Family R=221 / 83 ( RS Elements: 66, Using 66 )
 -- Refining Family R=96 / 84 ( RS Elements: 65, Using 65 )
 -- Refining Family R=214 / 85 ( RS Elements: 65, Using 65 )
 -- Refining Family R=113 / 86 ( RS Elements: 64, Using 64 )
 -- Refining Family R=14 / 87 ( RS Elements: 63, Using 63 )
 -- Refining Family R=213 / 88 ( RS Elements: 61, Using 61 )
 -- Refining Family R=219 / 89 ( RS Elements: 61, Using 61 )
 -- Refining Family R=169 / 90 ( RS Elements: 61, Using 61 )
 -- Refining Family R=209 / 91 ( RS Elements: 60, Using 60 )
 -- Refining Family R=220 / 92 ( RS Elements: 59, Using 59 )
 -- Refining Family R=137 / 93 ( RS Elements: 59, Using 59 )
 -- Refining Family R=40 / 94 ( RS Elements: 59, Using 59 )
 -- Refining Family R=122 / 95 ( RS Elements: 59, Using 59 )
 -- Refining Family R=22 / 96 ( RS Elements: 58, Using 58 )
 -- Refining Family R=162 / 97 ( RS Elements: 57, Using 57 )
 -- Refining Family R=32 / 98 ( RS Elements: 56, Using 56 )
 -- Refining Family R=21 / 99 ( RS Elements: 55, Using 55 )
 -- Refining Family R=202 / 100 ( RS Elements: 54, Using 54 )
 -- Refining Family R=26 / 101 ( RS Elements: 53, Using 53 )
 -- Refining Family R=322 / 102 ( RS Elements: 52, Using 52 )
 -- Refining Family R=269 / 103 ( RS Elements: 52, Using 52 )
 -- Refining Family R=267 / 104 ( RS Elements: 52, Using 52 )
 -- Refining Family R=92 / 105 ( RS Elements: 51, Using 51 )
 -- Refining Family R=360 / 106 ( RS Elements: 50, Using 50 )
 -- Refining Family R=50 / 107 ( RS Elements: 50, Using 50 )
 -- Refining Family R=301 / 108 ( RS Elements: 49, Using 49 )
 -- Refining Family R=258 / 109 ( RS Elements: 49, Using 49 )
 -- Refining Family R=156 / 110 ( RS Elements: 48, Using 48 )
 -- Refining Family R=273 / 111 ( RS Elements: 48, Using 48 )
 -- Refining Family R=86 / 112 ( RS Elements: 47, Using 47 )
 -- Refining Family R=15 / 113 ( RS Elements: 47, Using 47 )
 -- Refining Family R=9 / 114 ( RS Elements: 45, Using 45 )
 -- Refining Family R=51 / 115 ( RS Elements: 45, Using 45 )
 -- Refining Family R=370 / 116 ( RS Elements: 44, Using 44 )
 -- Refining Family R=348 / 117 ( RS Elements: 44, Using 44 )
 -- Refining Family R=23 / 118 ( RS Elements: 44, Using 44 )
 -- Refining Family R=48 / 119 ( RS Elements: 43, Using 43 )
 -- Refining Family R=34 / 120 ( RS Elements: 43, Using 43 )
 -- Refining Family R=41 / 121 ( RS Elements: 42, Using 42 )
 -- Refining Family R=230 / 122 ( RS Elements: 42, Using 42 )
 -- Refining Family R=412 / 123 ( RS Elements: 41, Using 41 )
 -- Refining Family R=36 / 124 ( RS Elements: 41, Using 41 )
 -- Refining Family R=130 / 125 ( RS Elements: 40, Using 40 )
 -- Refining Family R=104 / 126 ( RS Elements: 40, Using 40 )
 -- Refining Family R=71 / 127 ( RS Elements: 40, Using 40 )
 -- Refining Family R=57 / 128 ( RS Elements: 40, Using 40 )
 -- Refining Family R=311 / 129 ( RS Elements: 40, Using 40 )
 -- Refining Family R=194 / 130 ( RS Elements: 40, Using 40 )
 -- Refining Family R=217 / 131 ( RS Elements: 38, Using 38 )
 -- Refining Family R=149 / 132 ( RS Elements: 38, Using 38 )
 -- Refining Family R=403 / 133 ( RS Elements: 38, Using 38 )
 -- Refining Family R=101 / 134 ( RS Elements: 38, Using 38 )
 -- Refining Family R=135 / 135 ( RS Elements: 38, Using 38 )
 -- Refining Family R=339 / 136 ( RS Elements: 38, Using 38 )
 -- Refining Family R=62 / 137 ( RS Elements: 38, Using 38 )
 -- Refining Family R=39 / 138 ( RS Elements: 37, Using 37 )
 -- Refining Family R=160 / 139 ( RS Elements: 37, Using 37 )
 -- Refining Family R=304 / 140 ( RS Elements: 37, Using 37 )
 -- Refining Family R=287 / 141 ( RS Elements: 37, Using 37 )
 -- Refining Family R=188 / 142 ( RS Elements: 37, Using 37 )
 -- Refining Family R=364 / 143 ( RS Elements: 36, Using 36 )
 -- Refining Family R=235 / 144 ( RS Elements: 36, Using 36 )
 -- Refining Family R=183 / 145 ( RS Elements: 36, Using 36 )
 -- Refining Family R=47 / 146 ( RS Elements: 35, Using 35 )
 -- Refining Family R=129 / 147 ( RS Elements: 35, Using 35 )
 -- Refining Family R=163 / 148 ( RS Elements: 35, Using 35 )
 -- Refining Family R=67 / 149 ( RS Elements: 34, Using 34 )
 -- Refining Family R=84 / 150 ( RS Elements: 34, Using 34 )
 -- Refining Family R=55 / 151 ( RS Elements: 34, Using 34 )
 -- Refining Family R=439 / 152 ( RS Elements: 34, Using 34 )
 -- Refining Family R=146 / 153 ( RS Elements: 33, Using 33 )
 -- Refining Family R=305 / 154 ( RS Elements: 33, Using 33 )
 -- Refining Family R=473 / 155 ( RS Elements: 33, Using 33 )
 -- Refining Family R=233 / 156 ( RS Elements: 32, Using 32 )
 -- Refining Family R=98 / 157 ( RS Elements: 32, Using 32 )
 -- Refining Family R=133 / 158 ( RS Elements: 32, Using 32 )
 -- Refining Family R=27 / 159 ( RS Elements: 32, Using 32 )
 -- Refining Family R=30 / 160 ( RS Elements: 31, Using 31 )
 -- Refining Family R=120 / 161 ( RS Elements: 31, Using 31 )
 -- Refining Family R=200 / 162 ( RS Elements: 31, Using 31 )
 -- Refining Family R=351 / 163 ( RS Elements: 31, Using 31 )
 -- Refining Family R=117 / 164 ( RS Elements: 31, Using 31 )
 -- Refining Family R=54 / 165 ( RS Elements: 31, Using 31 )
 -- Refining Family R=229 / 166 ( RS Elements: 31, Using 31 )
 -- Refining Family R=437 / 167 ( RS Elements: 31, Using 31 )
 -- Refining Family R=180 / 168 ( RS Elements: 30, Using 30 )
 -- Refining Family R=224 / 169 ( RS Elements: 30, Using 30 )
 -- Refining Family R=31 / 170 ( RS Elements: 29, Using 29 )
 -- Refining Family R=179 / 171 ( RS Elements: 29, Using 29 )
 -- Refining Family R=197 / 172 ( RS Elements: 29, Using 29 )
 -- Refining Family R=335 / 173 ( RS Elements: 28, Using 28 )
 -- Refining Family R=72 / 174 ( RS Elements: 28, Using 28 )
 -- Refining Family R=63 / 175 ( RS Elements: 28, Using 28 )
 -- Refining Family R=306 / 176 ( RS Elements: 28, Using 28 )
 -- Refining Family R=38 / 177 ( RS Elements: 27, Using 27 )
 -- Refining Family R=284 / 178 ( RS Elements: 27, Using 27 )
 -- Refining Family R=42 / 179 ( RS Elements: 27, Using 27 )
 -- Refining Family R=297 / 180 ( RS Elements: 27, Using 27 )
 -- Refining Family R=373 / 181 ( RS Elements: 26, Using 26 )
 -- Refining Family R=77 / 182 ( RS Elements: 26, Using 26 )
 -- Refining Family R=64 / 183 ( RS Elements: 26, Using 26 )
 -- Refining Family R=264 / 184 ( RS Elements: 25, Using 25 )
 -- Refining Family R=91 / 185 ( RS Elements: 25, Using 25 )
 -- Refining Family R=35 / 186 ( RS Elements: 24, Using 24 )
 -- Refining Family R=44 / 187 ( RS Elements: 24, Using 24 )
 -- Refining Family R=143 / 188 ( RS Elements: 24, Using 24 )
 -- Refining Family R=189 / 189 ( RS Elements: 24, Using 24 )
 -- Refining Family R=175 / 190 ( RS Elements: 24, Using 24 )
 -- Refining Family R=90 / 191 ( RS Elements: 24, Using 24 )
 -- Refining Family R=60 / 192 ( RS Elements: 24, Using 24 )
 -- Refining Family R=390 / 193 ( RS Elements: 23, Using 23 )
 -- Refining Family R=326 / 194 ( RS Elements: 23, Using 23 )
 -- Refining Family R=282 / 195 ( RS Elements: 22, Using 22 )
 -- Refining Family R=253 / 196 ( RS Elements: 22, Using 22 )
 -- Refining Family R=80 / 197 ( RS Elements: 22, Using 22 )
 -- Refining Family R=228 / 198 ( RS Elements: 22, Using 22 )
 -- Refining Family R=68 / 199 ( RS Elements: 22, Using 22 )
 -- Refining Family R=247 / 200 ( RS Elements: 22, Using 22 )
 -- Refining Family R=239 / 201 ( RS Elements: 21, Using 21 )
 -- Refining Family R=279 / 202 ( RS Elements: 21, Using 21 )
 -- Refining Family R=361 / 203 ( RS Elements: 21, Using 21 )
 -- Refining Family R=176 / 204 ( RS Elements: 21, Using 21 )
 -- Refining Family R=514 / 205 ( RS Elements: 21, Using 21 )
 -- Refining Family R=145 / 206 ( RS Elements: 20, Using 20 )
 -- Refining Family R=281 / 207 ( RS Elements: 20, Using 20 )
 -- Refining Family R=66 / 208 ( RS Elements: 20, Using 20 )
 -- Refining Family R=382 / 209 ( RS Elements: 20, Using 20 )
 -- Refining Family R=241 / 210 ( RS Elements: 20, Using 20 )
 -- Refining Family R=59 / 211 ( RS Elements: 19, Using 19 )
 -- Refining Family R=114 / 212 ( RS Elements: 19, Using 19 )
 -- Refining Family R=110 / 213 ( RS Elements: 19, Using 19 )
 -- Refining Family R=76 / 214 ( RS Elements: 19, Using 19 )
 -- Refining Family R=150 / 215 ( RS Elements: 18, Using 18 )
 -- Refining Family R=52 / 216 ( RS Elements: 18, Using 18 )
 -- Refining Family R=366 / 217 ( RS Elements: 17, Using 17 )
 -- Refining Family R=53 / 218 ( RS Elements: 17, Using 17 )
 -- Refining Family R=126 / 219 ( RS Elements: 17, Using 17 )
 -- Refining Family R=436 / 220 ( RS Elements: 17, Using 17 )
 -- Refining Family R=81 / 221 ( RS Elements: 17, Using 17 )
 -- Refining Family R=95 / 222 ( RS Elements: 17, Using 17 )
 -- Refining Family R=196 / 223 ( RS Elements: 17, Using 17 )
 -- Refining Family R=393 / 224 ( RS Elements: 16, Using 16 )
 -- Refining Family R=99 / 225 ( RS Elements: 16, Using 16 )
 -- Refining Family R=49 / 226 ( RS Elements: 16, Using 16 )
 -- Refining Family R=124 / 227 ( RS Elements: 16, Using 16 )
 -- Refining Family R=174 / 228 ( RS Elements: 16, Using 16 )
Family Refinement: 01:24:17 (hh:mm:ss) Elapsed Time


RepeatModeler Round # 2
========================
Searching for Repeats
 -- Sampling from the database...
   - Gathering up to 3000000 bp
   - Sequence extraction : 00:00:01 (hh:mm:ss) Elapsed Time
 -- Running TRFMask on the sequence...
       167 Tandem Repeats Masked
   - TRFMask time 00:00:08 (hh:mm:ss) Elapsed Time
 -- Masking repeats from the previous rounds...
  - Masking 1 - 5 of 81
  - Masking 16 - 30 of 81
  - Masking 41 - 65 of 81
  - Masking 76 - 81 of 81
   - TE Masking time 00:00:35 (hh:mm:ss) Elapsed Time
 -- Sample Stats:
       Sample Size 3095542 bp
       Num Contigs Represented = 11
       Non ambiguous bp:
             Initial: 3006836 bp
             After Masking: 2818788 bp
             Masked: 6.25 % 
 -- Input Database Coverage: 3095542 bp out of 34886939 bp ( 8.87 % )
Sampling Time: 00:00:45 (hh:mm:ss) Elapsed Time
Running all-by-other comparisons...
        2% completed,  00:3:20 (hh:mm:ss) est. time remaining.
        4% completed,  00:2:54 (hh:mm:ss) est. time remaining.
        7% completed,  00:2:44 (hh:mm:ss) est. time remaining.
        9% completed,  00:2:47 (hh:mm:ss) est. time remaining.
       12% completed,  00:2:48 (hh:mm:ss) est. time remaining.
       14% completed,  00:2:35 (hh:mm:ss) est. time remaining.
       16% completed,  00:2:45 (hh:mm:ss) est. time remaining.
       18% completed,  00:2:30 (hh:mm:ss) est. time remaining.
       21% completed,  00:2:36 (hh:mm:ss) est. time remaining.
       23% completed,  00:2:24 (hh:mm:ss) est. time remaining.
       25% completed,  00:2:08 (hh:mm:ss) est. time remaining.
       27% completed,  00:1:58 (hh:mm:ss) est. time remaining.
       29% completed,  00:2:03 (hh:mm:ss) est. time remaining.
       31% completed,  00:1:56 (hh:mm:ss) est. time remaining.
       33% completed,  00:1:55 (hh:mm:ss) est. time remaining.
       35% completed,  00:1:51 (hh:mm:ss) est. time remaining.
       37% completed,  00:1:48 (hh:mm:ss) est. time remaining.
       39% completed,  00:1:43 (hh:mm:ss) est. time remaining.
       41% completed,  00:1:35 (hh:mm:ss) est. time remaining.
       43% completed,  00:1:34 (hh:mm:ss) est. time remaining.
       45% completed,  00:1:35 (hh:mm:ss) est. time remaining.
       47% completed,  00:1:35 (hh:mm:ss) est. time remaining.
       48% completed,  00:1:34 (hh:mm:ss) est. time remaining.
       50% completed,  00:1:31 (hh:mm:ss) est. time remaining.
       52% completed,  00:1:31 (hh:mm:ss) est. time remaining.
       54% completed,  00:1:27 (hh:mm:ss) est. time remaining.
       55% completed,  00:1:26 (hh:mm:ss) est. time remaining.
       57% completed,  00:1:24 (hh:mm:ss) est. time remaining.
       59% completed,  00:1:21 (hh:mm:ss) est. time remaining.
       60% completed,  00:1:20 (hh:mm:ss) est. time remaining.
       62% completed,  00:1:17 (hh:mm:ss) est. time remaining.
       63% completed,  00:1:14 (hh:mm:ss) est. time remaining.
       65% completed,  00:1:12 (hh:mm:ss) est. time remaining.
       66% completed,  00:1:11 (hh:mm:ss) est. time remaining.
       68% completed,  00:1:08 (hh:mm:ss) est. time remaining.
       69% completed,  00:1:06 (hh:mm:ss) est. time remaining.
       70% completed,  00:1:03 (hh:mm:ss) est. time remaining.
       72% completed,  00:1:02 (hh:mm:ss) est. time remaining.
       73% completed,  00:0:59 (hh:mm:ss) est. time remaining.
       74% completed,  00:0:57 (hh:mm:ss) est. time remaining.
       75% completed,  00:0:55 (hh:mm:ss) est. time remaining.
       77% completed,  00:0:53 (hh:mm:ss) est. time remaining.
       78% completed,  00:0:50 (hh:mm:ss) est. time remaining.
       79% completed,  00:0:47 (hh:mm:ss) est. time remaining.
       80% completed,  00:0:45 (hh:mm:ss) est. time remaining.
       81% completed,  00:0:42 (hh:mm:ss) est. time remaining.
       82% completed,  00:0:40 (hh:mm:ss) est. time remaining.
       83% completed,  00:0:38 (hh:mm:ss) est. time remaining.
       84% completed,  00:0:36 (hh:mm:ss) est. time remaining.
       85% completed,  00:0:34 (hh:mm:ss) est. time remaining.
       86% completed,  00:0:32 (hh:mm:ss) est. time remaining.
       87% completed,  00:0:30 (hh:mm:ss) est. time remaining.
       88% completed,  00:0:28 (hh:mm:ss) est. time remaining.
       89% completed,  00:0:26 (hh:mm:ss) est. time remaining.
       89% completed,  00:0:24 (hh:mm:ss) est. time remaining.
       90% completed,  00:0:22 (hh:mm:ss) est. time remaining.
       91% completed,  00:0:20 (hh:mm:ss) est. time remaining.
       92% completed,  00:0:19 (hh:mm:ss) est. time remaining.
       92% completed,  00:0:17 (hh:mm:ss) est. time remaining.
       93% completed,  00:0:16 (hh:mm:ss) est. time remaining.
       94% completed,  00:0:14 (hh:mm:ss) est. time remaining.
       94% completed,  00:0:13 (hh:mm:ss) est. time remaining.
       95% completed,  00:0:11 (hh:mm:ss) est. time remaining.
       95% completed,  00:0:10 (hh:mm:ss) est. time remaining.
       96% completed,  00:0:09 (hh:mm:ss) est. time remaining.
       96% completed,  00:0:08 (hh:mm:ss) est. time remaining.
       97% completed,  00:0:06 (hh:mm:ss) est. time remaining.
       97% completed,  00:0:06 (hh:mm:ss) est. time remaining.
       97% completed,  00:0:05 (hh:mm:ss) est. time remaining.
       98% completed,  00:0:04 (hh:mm:ss) est. time remaining.
       98% completed,  00:0:03 (hh:mm:ss) est. time remaining.
       98% completed,  00:0:02 (hh:mm:ss) est. time remaining.
       99% completed,  00:0:02 (hh:mm:ss) est. time remaining.
       99% completed,  00:0:01 (hh:mm:ss) est. time remaining.
       99% completed,  00:0:01 (hh:mm:ss) est. time remaining.
       99% completed,  00:0:00 (hh:mm:ss) est. time remaining.
       99% completed,  00:0:00 (hh:mm:ss) est. time remaining.
       99% completed,  00:0:00 (hh:mm:ss) est. time remaining.
       99% completed,  00:0:00 (hh:mm:ss) est. time remaining.
      100% completed,  00:0:00 (hh:mm:ss) est. time remaining.
Comparison Time: 00:04:16 (hh:mm:ss) Elapsed Time, 243 HSPs Collected
  - RECON: Running imagespread..
RECON Elapsed: 00:00:00 (hh:mm:ss) Elapsed Time
  - RECON: Running initial definition of elements ( eledef )..
RECON Elapsed: 00:00:02 (hh:mm:ss) Elapsed Time
  - RECON: Running re-definition of elements ( eleredef )..
RECON Elapsed: 00:00:02 (hh:mm:ss) Elapsed Time
  - RECON: Running re-definition of edges ( edgeredef )..
RECON Elapsed: 00:00:03 (hh:mm:ss) Elapsed Time
  - RECON: Running family definition ( famdef )..
RECON Elapsed: 00:00:00 (hh:mm:ss) Elapsed Time
  - Obtaining element sequences
Number of families returned by RECON: 111
Processing families with greater than 15 elements
Family Refinement: 00:00:00 (hh:mm:ss) Elapsed Time
Round Time: 00:05:10 (hh:mm:ss) Elapsed Time


RepeatModeler Round # 3
========================
Searching for Repeats
 -- Sampling from the database...
   - Gathering up to 9000000 bp
   - Sequence extraction : 00:00:04 (hh:mm:ss) Elapsed Time
 -- Running TRFMask on the sequence...
       443 Tandem Repeats Masked
   - TRFMask time 00:00:23 (hh:mm:ss) Elapsed Time
 -- Masking repeats from the previous rounds...
  - Masking 1 - 5 of 237
  - Masking 16 - 30 of 237
  - Masking 41 - 65 of 237
  - Masking 76 - 110 of 237
  - Masking 121 - 165 of 237
  - Masking 176 - 230 of 237
   - TE Masking time 00:02:00 (hh:mm:ss) Elapsed Time
 -- Sample Stats:
       Sample Size 9159814 bp
       Num Contigs Represented = 20
       Non ambiguous bp:
             Initial: 9030001 bp
             After Masking: 8469811 bp
             Masked: 6.20 % 
 -- Input Database Coverage: 12255356 bp out of 34886939 bp ( 35.13 % )
Sampling Time: 00:02:29 (hh:mm:ss) Elapsed Time
Running all-by-other comparisons...
        0% completed,  01:4:54 (hh:mm:ss) est. time remaining.
        1% completed,  00:47:40 (hh:mm:ss) est. time remaining.
        2% completed,  00:54:08 (hh:mm:ss) est. time remaining.
        3% completed,  00:41:46 (hh:mm:ss) est. time remaining.
        4% completed,  00:42:22 (hh:mm:ss) est. time remaining.
        5% completed,  00:40:08 (hh:mm:ss) est. time remaining.
        5% completed,  00:44:08 (hh:mm:ss) est. time remaining.
        6% completed,  00:39:17 (hh:mm:ss) est. time remaining.
        7% completed,  00:40:53 (hh:mm:ss) est. time remaining.
        8% completed,  00:38:46 (hh:mm:ss) est. time remaining.
        9% completed,  00:39:01 (hh:mm:ss) est. time remaining.
        9% completed,  00:37:30 (hh:mm:ss) est. time remaining.
       10% completed,  00:39:32 (hh:mm:ss) est. time remaining.
       11% completed,  00:36:43 (hh:mm:ss) est. time remaining.
       12% completed,  00:39:23 (hh:mm:ss) est. time remaining.
       13% completed,  00:36:47 (hh:mm:ss) est. time remaining.
       13% completed,  00:37:55 (hh:mm:ss) est. time remaining.
       14% completed,  00:35:51 (hh:mm:ss) est. time remaining.
       15% completed,  00:36:50 (hh:mm:ss) est. time remaining.
       16% completed,  00:34:50 (hh:mm:ss) est. time remaining.
       16% completed,  00:35:28 (hh:mm:ss) est. time remaining.
       17% completed,  00:33:41 (hh:mm:ss) est. time remaining.
       18% completed,  00:35:05 (hh:mm:ss) est. time remaining.
       19% completed,  00:33:23 (hh:mm:ss) est. time remaining.
       20% completed,  00:34:21 (hh:mm:ss) est. time remaining.
       20% completed,  00:32:58 (hh:mm:ss) est. time remaining.
       21% completed,  00:33:46 (hh:mm:ss) est. time remaining.
       22% completed,  00:32:37 (hh:mm:ss) est. time remaining.
       23% completed,  00:32:13 (hh:mm:ss) est. time remaining.
       23% completed,  00:31:17 (hh:mm:ss) est. time remaining.
       24% completed,  00:31:26 (hh:mm:ss) est. time remaining.
       25% completed,  00:30:46 (hh:mm:ss) est. time remaining.
       25% completed,  00:30:48 (hh:mm:ss) est. time remaining.
       26% completed,  00:30:15 (hh:mm:ss) est. time remaining.
       27% completed,  00:29:55 (hh:mm:ss) est. time remaining.
       28% completed,  00:29:23 (hh:mm:ss) est. time remaining.
       28% completed,  00:29:04 (hh:mm:ss) est. time remaining.
       29% completed,  00:28:33 (hh:mm:ss) est. time remaining.
       30% completed,  00:28:36 (hh:mm:ss) est. time remaining.
       30% completed,  00:27:47 (hh:mm:ss) est. time remaining.
       31% completed,  00:28:11 (hh:mm:ss) est. time remaining.
       32% completed,  00:27:20 (hh:mm:ss) est. time remaining.
       33% completed,  00:27:18 (hh:mm:ss) est. time remaining.
       33% completed,  00:26:41 (hh:mm:ss) est. time remaining.
       34% completed,  00:26:47 (hh:mm:ss) est. time remaining.
       35% completed,  00:26:04 (hh:mm:ss) est. time remaining.
       35% completed,  00:26:07 (hh:mm:ss) est. time remaining.
       36% completed,  00:25:31 (hh:mm:ss) est. time remaining.
       37% completed,  00:25:36 (hh:mm:ss) est. time remaining.
       37% completed,  00:24:54 (hh:mm:ss) est. time remaining.
       38% completed,  00:24:59 (hh:mm:ss) est. time remaining.
       39% completed,  00:24:20 (hh:mm:ss) est. time remaining.
       39% completed,  00:24:18 (hh:mm:ss) est. time remaining.
       40% completed,  00:23:52 (hh:mm:ss) est. time remaining.
       41% completed,  00:23:39 (hh:mm:ss) est. time remaining.
       41% completed,  00:23:09 (hh:mm:ss) est. time remaining.
       42% completed,  00:23:12 (hh:mm:ss) est. time remaining.
       43% completed,  00:22:42 (hh:mm:ss) est. time remaining.
       43% completed,  00:22:48 (hh:mm:ss) est. time remaining.
       44% completed,  00:22:18 (hh:mm:ss) est. time remaining.
       44% completed,  00:22:03 (hh:mm:ss) est. time remaining.
       45% completed,  00:21:40 (hh:mm:ss) est. time remaining.
       46% completed,  00:21:38 (hh:mm:ss) est. time remaining.
       46% completed,  00:21:07 (hh:mm:ss) est. time remaining.
       47% completed,  00:20:42 (hh:mm:ss) est. time remaining.
       48% completed,  00:20:21 (hh:mm:ss) est. time remaining.
       48% completed,  00:19:57 (hh:mm:ss) est. time remaining.
       49% completed,  00:19:36 (hh:mm:ss) est. time remaining.
       49% completed,  00:19:21 (hh:mm:ss) est. time remaining.
       50% completed,  00:19:12 (hh:mm:ss) est. time remaining.
       51% completed,  00:19:01 (hh:mm:ss) est. time remaining.
       51% completed,  00:18:41 (hh:mm:ss) est. time remaining.
       52% completed,  00:18:17 (hh:mm:ss) est. time remaining.
       52% completed,  00:18:15 (hh:mm:ss) est. time remaining.
       53% completed,  00:17:51 (hh:mm:ss) est. time remaining.
       53% completed,  00:17:50 (hh:mm:ss) est. time remaining.
       54% completed,  00:17:26 (hh:mm:ss) est. time remaining.
       55% completed,  00:17:03 (hh:mm:ss) est. time remaining.
       55% completed,  00:16:56 (hh:mm:ss) est. time remaining.
       56% completed,  00:16:35 (hh:mm:ss) est. time remaining.
       56% completed,  00:16:31 (hh:mm:ss) est. time remaining.
       57% completed,  00:16:10 (hh:mm:ss) est. time remaining.
       57% completed,  00:16:01 (hh:mm:ss) est. time remaining.
       58% completed,  00:15:40 (hh:mm:ss) est. time remaining.
       58% completed,  00:15:33 (hh:mm:ss) est. time remaining.
       59% completed,  00:15:15 (hh:mm:ss) est. time remaining.
       60% completed,  00:15:09 (hh:mm:ss) est. time remaining.
       60% completed,  00:14:51 (hh:mm:ss) est. time remaining.
       61% completed,  00:14:45 (hh:mm:ss) est. time remaining.
       61% completed,  00:14:26 (hh:mm:ss) est. time remaining.
       62% completed,  00:14:21 (hh:mm:ss) est. time remaining.
       62% completed,  00:14:05 (hh:mm:ss) est. time remaining.
       63% completed,  00:13:57 (hh:mm:ss) est. time remaining.
       63% completed,  00:13:43 (hh:mm:ss) est. time remaining.
       64% completed,  00:13:29 (hh:mm:ss) est. time remaining.
       64% completed,  00:13:16 (hh:mm:ss) est. time remaining.
       65% completed,  00:13:07 (hh:mm:ss) est. time remaining.
       65% completed,  00:12:54 (hh:mm:ss) est. time remaining.
       66% completed,  00:12:47 (hh:mm:ss) est. time remaining.
       66% completed,  00:12:31 (hh:mm:ss) est. time remaining.
       67% completed,  00:12:27 (hh:mm:ss) est. time remaining.
       67% completed,  00:12:11 (hh:mm:ss) est. time remaining.
       68% completed,  00:12:03 (hh:mm:ss) est. time remaining.
       68% completed,  00:11:52 (hh:mm:ss) est. time remaining.
       69% completed,  00:11:43 (hh:mm:ss) est. time remaining.
       69% completed,  00:11:34 (hh:mm:ss) est. time remaining.
       70% completed,  00:11:23 (hh:mm:ss) est. time remaining.
       70% completed,  00:11:11 (hh:mm:ss) est. time remaining.
       70% completed,  00:10:59 (hh:mm:ss) est. time remaining.
       71% completed,  00:10:51 (hh:mm:ss) est. time remaining.
       71% completed,  00:10:41 (hh:mm:ss) est. time remaining.
       72% completed,  00:10:31 (hh:mm:ss) est. time remaining.
       72% completed,  00:10:20 (hh:mm:ss) est. time remaining.
       73% completed,  00:10:07 (hh:mm:ss) est. time remaining.
       73% completed,  00:10:00 (hh:mm:ss) est. time remaining.
       74% completed,  00:9:49 (hh:mm:ss) est. time remaining.
       74% completed,  00:9:40 (hh:mm:ss) est. time remaining.
       74% completed,  00:9:33 (hh:mm:ss) est. time remaining.
       75% completed,  00:9:22 (hh:mm:ss) est. time remaining.
       75% completed,  00:9:15 (hh:mm:ss) est. time remaining.
       76% completed,  00:9:05 (hh:mm:ss) est. time remaining.
       76% completed,  00:8:57 (hh:mm:ss) est. time remaining.
       76% completed,  00:8:47 (hh:mm:ss) est. time remaining.
       77% completed,  00:8:41 (hh:mm:ss) est. time remaining.
       77% completed,  00:8:30 (hh:mm:ss) est. time remaining.
       78% completed,  00:8:24 (hh:mm:ss) est. time remaining.
       78% completed,  00:8:13 (hh:mm:ss) est. time remaining.
       78% completed,  00:8:06 (hh:mm:ss) est. time remaining.
       79% completed,  00:7:56 (hh:mm:ss) est. time remaining.
       79% completed,  00:7:45 (hh:mm:ss) est. time remaining.
       80% completed,  00:7:39 (hh:mm:ss) est. time remaining.
       80% completed,  00:7:29 (hh:mm:ss) est. time remaining.
       80% completed,  00:7:22 (hh:mm:ss) est. time remaining.
       81% completed,  00:7:12 (hh:mm:ss) est. time remaining.
       81% completed,  00:7:06 (hh:mm:ss) est. time remaining.
       81% completed,  00:6:57 (hh:mm:ss) est. time remaining.
       82% completed,  00:6:50 (hh:mm:ss) est. time remaining.
       82% completed,  00:6:42 (hh:mm:ss) est. time remaining.
       83% completed,  00:6:34 (hh:mm:ss) est. time remaining.
       83% completed,  00:6:27 (hh:mm:ss) est. time remaining.
       83% completed,  00:6:19 (hh:mm:ss) est. time remaining.
       84% completed,  00:6:10 (hh:mm:ss) est. time remaining.
       84% completed,  00:6:03 (hh:mm:ss) est. time remaining.
       84% completed,  00:5:54 (hh:mm:ss) est. time remaining.
       85% completed,  00:5:47 (hh:mm:ss) est. time remaining.
       85% completed,  00:5:39 (hh:mm:ss) est. time remaining.
       85% completed,  00:5:33 (hh:mm:ss) est. time remaining.
       85% completed,  00:5:25 (hh:mm:ss) est. time remaining.
       86% completed,  00:5:18 (hh:mm:ss) est. time remaining.
       86% completed,  00:5:10 (hh:mm:ss) est. time remaining.
       86% completed,  00:5:04 (hh:mm:ss) est. time remaining.
       87% completed,  00:4:56 (hh:mm:ss) est. time remaining.
       87% completed,  00:4:50 (hh:mm:ss) est. time remaining.
       87% completed,  00:4:43 (hh:mm:ss) est. time remaining.
       88% completed,  00:4:37 (hh:mm:ss) est. time remaining.
       88% completed,  00:4:30 (hh:mm:ss) est. time remaining.
       88% completed,  00:4:24 (hh:mm:ss) est. time remaining.
       88% completed,  00:4:17 (hh:mm:ss) est. time remaining.
       89% completed,  00:4:12 (hh:mm:ss) est. time remaining.
       89% completed,  00:4:05 (hh:mm:ss) est. time remaining.
       89% completed,  00:4:00 (hh:mm:ss) est. time remaining.
       90% completed,  00:3:53 (hh:mm:ss) est. time remaining.
       90% completed,  00:3:48 (hh:mm:ss) est. time remaining.
       90% completed,  00:3:41 (hh:mm:ss) est. time remaining.
       90% completed,  00:3:36 (hh:mm:ss) est. time remaining.
       91% completed,  00:3:30 (hh:mm:ss) est. time remaining.
       91% completed,  00:3:24 (hh:mm:ss) est. time remaining.
       91% completed,  00:3:18 (hh:mm:ss) est. time remaining.
       91% completed,  00:3:13 (hh:mm:ss) est. time remaining.
       92% completed,  00:3:07 (hh:mm:ss) est. time remaining.
       92% completed,  00:3:01 (hh:mm:ss) est. time remaining.
       92% completed,  00:2:56 (hh:mm:ss) est. time remaining.
       92% completed,  00:2:50 (hh:mm:ss) est. time remaining.
       93% completed,  00:2:45 (hh:mm:ss) est. time remaining.
       93% completed,  00:2:40 (hh:mm:ss) est. time remaining.
       93% completed,  00:2:35 (hh:mm:ss) est. time remaining.
       93% completed,  00:2:29 (hh:mm:ss) est. time remaining.
       93% completed,  00:2:24 (hh:mm:ss) est. time remaining.
       94% completed,  00:2:20 (hh:mm:ss) est. time remaining.
       94% completed,  00:2:15 (hh:mm:ss) est. time remaining.
       94% completed,  00:2:10 (hh:mm:ss) est. time remaining.
       94% completed,  00:2:05 (hh:mm:ss) est. time remaining.
       94% completed,  00:2:01 (hh:mm:ss) est. time remaining.
       95% completed,  00:1:56 (hh:mm:ss) est. time remaining.
       95% completed,  00:1:52 (hh:mm:ss) est. time remaining.
       95% completed,  00:1:48 (hh:mm:ss) est. time remaining.
       95% completed,  00:1:43 (hh:mm:ss) est. time remaining.
       95% completed,  00:1:39 (hh:mm:ss) est. time remaining.
       95% completed,  00:1:35 (hh:mm:ss) est. time remaining.
       96% completed,  00:1:31 (hh:mm:ss) est. time remaining.
       96% completed,  00:1:27 (hh:mm:ss) est. time remaining.
       96% completed,  00:1:23 (hh:mm:ss) est. time remaining.
       96% completed,  00:1:20 (hh:mm:ss) est. time remaining.
       96% completed,  00:1:16 (hh:mm:ss) est. time remaining.
       96% completed,  00:1:13 (hh:mm:ss) est. time remaining.
       97% completed,  00:1:09 (hh:mm:ss) est. time remaining.
       97% completed,  00:1:06 (hh:mm:ss) est. time remaining.
       97% completed,  00:1:02 (hh:mm:ss) est. time remaining.
       97% completed,  00:0:59 (hh:mm:ss) est. time remaining.
       97% completed,  00:0:56 (hh:mm:ss) est. time remaining.
       97% completed,  00:0:53 (hh:mm:ss) est. time remaining.
       97% completed,  00:0:50 (hh:mm:ss) est. time remaining.
       97% completed,  00:0:47 (hh:mm:ss) est. time remaining.
       98% completed,  00:0:44 (hh:mm:ss) est. time remaining.
       98% completed,  00:0:42 (hh:mm:ss) est. time remaining.
       98% completed,  00:0:39 (hh:mm:ss) est. time remaining.
       98% completed,  00:0:36 (hh:mm:ss) est. time remaining.
       98% completed,  00:0:34 (hh:mm:ss) est. time remaining.
       98% completed,  00:0:32 (hh:mm:ss) est. time remaining.
       98% completed,  00:0:29 (hh:mm:ss) est. time remaining.
       98% completed,  00:0:27 (hh:mm:ss) est. time remaining.
       98% completed,  00:0:25 (hh:mm:ss) est. time remaining.
       99% completed,  00:0:23 (hh:mm:ss) est. time remaining.
       99% completed,  00:0:21 (hh:mm:ss) est. time remaining.
       99% completed,  00:0:19 (hh:mm:ss) est. time remaining.
       99% completed,  00:0:17 (hh:mm:ss) est. time remaining.
       99% completed,  00:0:16 (hh:mm:ss) est. time remaining.
       99% completed,  00:0:14 (hh:mm:ss) est. time remaining.
       99% completed,  00:0:12 (hh:mm:ss) est. time remaining.
       99% completed,  00:0:11 (hh:mm:ss) est. time remaining.
       99% completed,  00:0:10 (hh:mm:ss) est. time remaining.
       99% completed,  00:0:08 (hh:mm:ss) est. time remaining.
       99% completed,  00:0:07 (hh:mm:ss) est. time remaining.
       99% completed,  00:0:06 (hh:mm:ss) est. time remaining.
       99% completed,  00:0:05 (hh:mm:ss) est. time remaining.
       99% completed,  00:0:04 (hh:mm:ss) est. time remaining.
       99% completed,  00:0:03 (hh:mm:ss) est. time remaining.
       99% completed,  00:0:03 (hh:mm:ss) est. time remaining.
       99% completed,  00:0:02 (hh:mm:ss) est. time remaining.
       99% completed,  00:0:01 (hh:mm:ss) est. time remaining.
       99% completed,  00:0:01 (hh:mm:ss) est. time remaining.
       99% completed,  00:0:00 (hh:mm:ss) est. time remaining.
       99% completed,  00:0:00 (hh:mm:ss) est. time remaining.
       99% completed,  00:0:00 (hh:mm:ss) est. time remaining.
       99% completed,  00:0:00 (hh:mm:ss) est. time remaining.
      100% completed,  00:0:00 (hh:mm:ss) est. time remaining.
Comparison Time: 00:39:41 (hh:mm:ss) Elapsed Time, 2102 HSPs Collected
  - RECON: Running imagespread..
RECON Elapsed: 00:00:00 (hh:mm:ss) Elapsed Time
  - RECON: Running initial definition of elements ( eledef )..
RECON Elapsed: 00:00:06 (hh:mm:ss) Elapsed Time
  - RECON: Running re-definition of elements ( eleredef )..
RECON Elapsed: 00:00:17 (hh:mm:ss) Elapsed Time
  - RECON: Running re-definition of edges ( edgeredef )..
RECON Elapsed: 00:00:18 (hh:mm:ss) Elapsed Time
  - RECON: Running family definition ( famdef )..
RECON Elapsed: 00:00:01 (hh:mm:ss) Elapsed Time
  - Obtaining element sequences
Number of families returned by RECON: 551
Processing families with greater than 15 elements

Processing RECON family: 1
  - Saving 114 elements
  - Refining family-1 model...

Processing RECON family: 24
  - Saving 61 elements
  - Refining family-24 model...
Family Refinement: 00:03:20 (hh:mm:ss) Elapsed Time
Round Time: 00:46:23 (hh:mm:ss) Elapsed Time


RepeatModeler Round # 4
========================
Searching for Repeats
 -- Sampling from the database...
   - Gathering up to 27000000 bp
   - Sequence extraction : 00:00:09 (hh:mm:ss) Elapsed Time
 -- Running TRFMask on the sequence...
       1043 Tandem Repeats Masked
   - TRFMask time 00:01:01 (hh:mm:ss) Elapsed Time
 -- Masking repeats from the previous rounds...
  - Masking 1 - 5 of 580
  - Masking 16 - 30 of 580
  - Masking 41 - 65 of 580
  - Masking 76 - 110 of 580
  - Masking 121 - 165 of 580
  - Masking 176 - 230 of 580
  - Masking 241 - 305 of 580
  - Masking 316 - 390 of 580
  - Masking 401 - 485 of 580
  - Masking 496 - 580 of 580
   - TE Masking time 00:03:22 (hh:mm:ss) Elapsed Time
 -- Sample Stats:
       Sample Size 22631359 bp
       Num Contigs Represented = 24
       Non ambiguous bp:
             Initial: 22299801 bp
             After Masking: 20892385 bp
             Masked: 6.31 % 
 -- Input Database Coverage: 34886715 bp out of 34886939 bp ( 100.00 % )
Sampling Time: 00:04:34 (hh:mm:ss) Elapsed Time
Running all-by-other comparisons...
        0% completed,  04:0:50 (hh:mm:ss) est. time remaining.
        0% completed,  02:19:19 (hh:mm:ss) est. time remaining.
        1% completed,  03:16:27 (hh:mm:ss) est. time remaining.
        1% completed,  02:48:28 (hh:mm:ss) est. time remaining.
        1% completed,  03:36:24 (hh:mm:ss) est. time remaining.
        2% completed,  03:41:52 (hh:mm:ss) est. time remaining.
        2% completed,  03:38:07 (hh:mm:ss) est. time remaining.
        2% completed,  03:45:14 (hh:mm:ss) est. time remaining.
        3% completed,  03:43:16 (hh:mm:ss) est. time remaining.
        3% completed,  03:41:34 (hh:mm:ss) est. time remaining.
        3% completed,  03:54:10 (hh:mm:ss) est. time remaining.
        4% completed,  03:50:05 (hh:mm:ss) est. time remaining.
        4% completed,  03:58:01 (hh:mm:ss) est. time remaining.
        4% completed,  04:0:23 (hh:mm:ss) est. time remaining.
        5% completed,  03:56:08 (hh:mm:ss) est. time remaining.
        5% completed,  03:59:36 (hh:mm:ss) est. time remaining.
        5% completed,  03:56:51 (hh:mm:ss) est. time remaining.
        6% completed,  04:0:30 (hh:mm:ss) est. time remaining.
        6% completed,  04:1:15 (hh:mm:ss) est. time remaining.
        6% completed,  03:57:30 (hh:mm:ss) est. time remaining.
        7% completed,  03:50:09 (hh:mm:ss) est. time remaining.
        7% completed,  03:54:12 (hh:mm:ss) est. time remaining.
        7% completed,  03:50:20 (hh:mm:ss) est. time remaining.
        8% completed,  03:51:05 (hh:mm:ss) est. time remaining.
        8% completed,  03:49:33 (hh:mm:ss) est. time remaining.
        8% completed,  03:49:50 (hh:mm:ss) est. time remaining.
        9% completed,  03:44:43 (hh:mm:ss) est. time remaining.
        9% completed,  03:47:56 (hh:mm:ss) est. time remaining.
        9% completed,  03:39:56 (hh:mm:ss) est. time remaining.
       10% completed,  03:45:42 (hh:mm:ss) est. time remaining.
       10% completed,  03:38:14 (hh:mm:ss) est. time remaining.
       10% completed,  03:42:45 (hh:mm:ss) est. time remaining.
       11% completed,  03:38:05 (hh:mm:ss) est. time remaining.
       11% completed,  03:40:10 (hh:mm:ss) est. time remaining.
       11% completed,  03:37:17 (hh:mm:ss) est. time remaining.
       12% completed,  03:37:51 (hh:mm:ss) est. time remaining.
       12% completed,  03:35:23 (hh:mm:ss) est. time remaining.
       12% completed,  03:37:44 (hh:mm:ss) est. time remaining.
       13% completed,  03:35:41 (hh:mm:ss) est. time remaining.
       13% completed,  03:40:39 (hh:mm:ss) est. time remaining.
       13% completed,  03:35:11 (hh:mm:ss) est. time remaining.
       13% completed,  03:32:21 (hh:mm:ss) est. time remaining.
       14% completed,  03:33:55 (hh:mm:ss) est. time remaining.
       14% completed,  03:29:32 (hh:mm:ss) est. time remaining.
       14% completed,  03:33:54 (hh:mm:ss) est. time remaining.
       15% completed,  03:29:57 (hh:mm:ss) est. time remaining.
       15% completed,  03:35:07 (hh:mm:ss) est. time remaining.
       15% completed,  03:30:02 (hh:mm:ss) est. time remaining.
       16% completed,  03:33:06 (hh:mm:ss) est. time remaining.
       16% completed,  03:28:29 (hh:mm:ss) est. time remaining.
       16% completed,  03:31:13 (hh:mm:ss) est. time remaining.
       17% completed,  03:26:58 (hh:mm:ss) est. time remaining.
       17% completed,  03:29:34 (hh:mm:ss) est. time remaining.
       17% completed,  03:25:10 (hh:mm:ss) est. time remaining.
       18% completed,  03:25:14 (hh:mm:ss) est. time remaining.
       18% completed,  03:21:30 (hh:mm:ss) est. time remaining.
       18% completed,  03:22:14 (hh:mm:ss) est. time remaining.
       19% completed,  03:18:19 (hh:mm:ss) est. time remaining.
       19% completed,  03:19:03 (hh:mm:ss) est. time remaining.
       19% completed,  03:18:01 (hh:mm:ss) est. time remaining.
       19% completed,  03:14:36 (hh:mm:ss) est. time remaining.
       20% completed,  03:12:44 (hh:mm:ss) est. time remaining.
       20% completed,  03:13:06 (hh:mm:ss) est. time remaining.
       20% completed,  03:13:11 (hh:mm:ss) est. time remaining.
       21% completed,  03:13:23 (hh:mm:ss) est. time remaining.
       21% completed,  03:12:34 (hh:mm:ss) est. time remaining.
       21% completed,  03:13:26 (hh:mm:ss) est. time remaining.
       22% completed,  03:10:22 (hh:mm:ss) est. time remaining.
       22% completed,  03:11:57 (hh:mm:ss) est. time remaining.
       22% completed,  03:11:16 (hh:mm:ss) est. time remaining.
       23% completed,  03:10:51 (hh:mm:ss) est. time remaining.
       23% completed,  03:9:49 (hh:mm:ss) est. time remaining.
       23% completed,  03:9:44 (hh:mm:ss) est. time remaining.
       23% completed,  03:9:18 (hh:mm:ss) est. time remaining.
       24% completed,  03:8:15 (hh:mm:ss) est. time remaining.
       24% completed,  03:7:15 (hh:mm:ss) est. time remaining.
       24% completed,  03:7:06 (hh:mm:ss) est. time remaining.
       25% completed,  03:4:14 (hh:mm:ss) est. time remaining.
       25% completed,  03:4:58 (hh:mm:ss) est. time remaining.
       25% completed,  03:3:09 (hh:mm:ss) est. time remaining.
       26% completed,  03:3:13 (hh:mm:ss) est. time remaining.
       26% completed,  03:1:33 (hh:mm:ss) est. time remaining.
       26% completed,  03:1:20 (hh:mm:ss) est. time remaining.
       26% completed,  02:59:29 (hh:mm:ss) est. time remaining.
       27% completed,  02:59:41 (hh:mm:ss) est. time remaining.
       27% completed,  02:57:34 (hh:mm:ss) est. time remaining.
       27% completed,  02:58:53 (hh:mm:ss) est. time remaining.
       28% completed,  02:56:20 (hh:mm:ss) est. time remaining.
       28% completed,  02:57:19 (hh:mm:ss) est. time remaining.
       28% completed,  02:55:09 (hh:mm:ss) est. time remaining.
       28% completed,  02:54:19 (hh:mm:ss) est. time remaining.
       29% completed,  02:53:47 (hh:mm:ss) est. time remaining.
       29% completed,  02:51:27 (hh:mm:ss) est. time remaining.
       29% completed,  02:51:48 (hh:mm:ss) est. time remaining.
       30% completed,  02:49:43 (hh:mm:ss) est. time remaining.
       30% completed,  02:50:08 (hh:mm:ss) est. time remaining.
       30% completed,  02:48:15 (hh:mm:ss) est. time remaining.
       30% completed,  02:48:22 (hh:mm:ss) est. time remaining.
       31% completed,  02:46:52 (hh:mm:ss) est. time remaining.
       31% completed,  02:47:17 (hh:mm:ss) est. time remaining.
       31% completed,  02:45:27 (hh:mm:ss) est. time remaining.
       32% completed,  02:44:36 (hh:mm:ss) est. time remaining.
       32% completed,  02:44:27 (hh:mm:ss) est. time remaining.
       32% completed,  02:42:53 (hh:mm:ss) est. time remaining.
       32% completed,  02:43:01 (hh:mm:ss) est. time remaining.
       33% completed,  02:41:19 (hh:mm:ss) est. time remaining.
       33% completed,  02:41:48 (hh:mm:ss) est. time remaining.
       33% completed,  02:40:08 (hh:mm:ss) est. time remaining.
       34% completed,  02:40:11 (hh:mm:ss) est. time remaining.
       34% completed,  02:39:00 (hh:mm:ss) est. time remaining.
       34% completed,  02:38:22 (hh:mm:ss) est. time remaining.
       34% completed,  02:36:37 (hh:mm:ss) est. time remaining.
       35% completed,  02:35:49 (hh:mm:ss) est. time remaining.
       35% completed,  02:34:03 (hh:mm:ss) est. time remaining.
       35% completed,  02:34:22 (hh:mm:ss) est. time remaining.
       36% completed,  02:33:16 (hh:mm:ss) est. time remaining.
       36% completed,  02:33:03 (hh:mm:ss) est. time remaining.
       36% completed,  02:31:58 (hh:mm:ss) est. time remaining.
       36% completed,  02:31:53 (hh:mm:ss) est. time remaining.
       37% completed,  02:30:39 (hh:mm:ss) est. time remaining.
       37% completed,  02:30:23 (hh:mm:ss) est. time remaining.
       37% completed,  02:29:41 (hh:mm:ss) est. time remaining.
       37% completed,  02:29:16 (hh:mm:ss) est. time remaining.
       38% completed,  02:28:40 (hh:mm:ss) est. time remaining.
       38% completed,  02:28:10 (hh:mm:ss) est. time remaining.
       38% completed,  02:27:20 (hh:mm:ss) est. time remaining.
       39% completed,  02:26:35 (hh:mm:ss) est. time remaining.
       39% completed,  02:26:29 (hh:mm:ss) est. time remaining.
       39% completed,  02:25:03 (hh:mm:ss) est. time remaining.
       39% completed,  02:25:24 (hh:mm:ss) est. time remaining.
       40% completed,  02:24:03 (hh:mm:ss) est. time remaining.
       40% completed,  02:23:52 (hh:mm:ss) est. time remaining.
       40% completed,  02:22:41 (hh:mm:ss) est. time remaining.
       40% completed,  02:22:30 (hh:mm:ss) est. time remaining.
       41% completed,  02:21:35 (hh:mm:ss) est. time remaining.
       41% completed,  02:21:36 (hh:mm:ss) est. time remaining.
       41% completed,  02:20:27 (hh:mm:ss) est. time remaining.
       41% completed,  02:20:08 (hh:mm:ss) est. time remaining.
       42% completed,  02:18:57 (hh:mm:ss) est. time remaining.
       42% completed,  02:18:59 (hh:mm:ss) est. time remaining.
       42% completed,  02:17:46 (hh:mm:ss) est. time remaining.
       43% completed,  02:17:14 (hh:mm:ss) est. time remaining.
       43% completed,  02:16:50 (hh:mm:ss) est. time remaining.
       43% completed,  02:16:00 (hh:mm:ss) est. time remaining.
       43% completed,  02:15:17 (hh:mm:ss) est. time remaining.
       44% completed,  02:14:38 (hh:mm:ss) est. time remaining.
       44% completed,  02:14:12 (hh:mm:ss) est. time remaining.
       44% completed,  02:13:34 (hh:mm:ss) est. time remaining.
       44% completed,  02:12:46 (hh:mm:ss) est. time remaining.
       45% completed,  02:12:36 (hh:mm:ss) est. time remaining.
       45% completed,  02:11:41 (hh:mm:ss) est. time remaining.
       45% completed,  02:11:09 (hh:mm:ss) est. time remaining.
       45% completed,  02:9:52 (hh:mm:ss) est. time remaining.
       46% completed,  02:9:30 (hh:mm:ss) est. time remaining.
       46% completed,  02:8:31 (hh:mm:ss) est. time remaining.
       46% completed,  02:7:56 (hh:mm:ss) est. time remaining.
       46% completed,  02:7:04 (hh:mm:ss) est. time remaining.
       47% completed,  02:6:56 (hh:mm:ss) est. time remaining.
       47% completed,  02:5:55 (hh:mm:ss) est. time remaining.
       47% completed,  02:5:29 (hh:mm:ss) est. time remaining.
       47% completed,  02:4:52 (hh:mm:ss) est. time remaining.
       48% completed,  02:4:14 (hh:mm:ss) est. time remaining.
       48% completed,  02:3:41 (hh:mm:ss) est. time remaining.
       48% completed,  02:3:01 (hh:mm:ss) est. time remaining.
       48% completed,  02:2:00 (hh:mm:ss) est. time remaining.
       49% completed,  02:1:50 (hh:mm:ss) est. time remaining.
       49% completed,  02:0:44 (hh:mm:ss) est. time remaining.
       49% completed,  02:0:26 (hh:mm:ss) est. time remaining.
       49% completed,  01:59:31 (hh:mm:ss) est. time remaining.
       50% completed,  01:58:28 (hh:mm:ss) est. time remaining.
       50% completed,  01:57:58 (hh:mm:ss) est. time remaining.
       50% completed,  01:57:14 (hh:mm:ss) est. time remaining.
       50% completed,  01:56:46 (hh:mm:ss) est. time remaining.
       51% completed,  01:55:53 (hh:mm:ss) est. time remaining.
       51% completed,  01:55:06 (hh:mm:ss) est. time remaining.
       51% completed,  01:54:27 (hh:mm:ss) est. time remaining.
       51% completed,  01:54:01 (hh:mm:ss) est. time remaining.
       51% completed,  01:53:20 (hh:mm:ss) est. time remaining.
       52% completed,  01:53:03 (hh:mm:ss) est. time remaining.
       52% completed,  01:52:26 (hh:mm:ss) est. time remaining.
       52% completed,  01:51:48 (hh:mm:ss) est. time remaining.
       52% completed,  01:51:15 (hh:mm:ss) est. time remaining.
       53% completed,  01:50:44 (hh:mm:ss) est. time remaining.
       53% completed,  01:50:06 (hh:mm:ss) est. time remaining.
       53% completed,  01:49:24 (hh:mm:ss) est. time remaining.
       53% completed,  01:49:15 (hh:mm:ss) est. time remaining.
       54% completed,  01:48:25 (hh:mm:ss) est. time remaining.
       54% completed,  01:48:11 (hh:mm:ss) est. time remaining.
       54% completed,  01:47:22 (hh:mm:ss) est. time remaining.
       54% completed,  01:47:03 (hh:mm:ss) est. time remaining.
       55% completed,  01:46:05 (hh:mm:ss) est. time remaining.
       55% completed,  01:45:53 (hh:mm:ss) est. time remaining.
       55% completed,  01:45:04 (hh:mm:ss) est. time remaining.
       55% completed,  01:44:44 (hh:mm:ss) est. time remaining.
       55% completed,  01:43:51 (hh:mm:ss) est. time remaining.
       56% completed,  01:42:59 (hh:mm:ss) est. time remaining.
       56% completed,  01:42:15 (hh:mm:ss) est. time remaining.
       56% completed,  01:41:43 (hh:mm:ss) est. time remaining.
       56% completed,  01:41:06 (hh:mm:ss) est. time remaining.
       57% completed,  01:40:28 (hh:mm:ss) est. time remaining.
       57% completed,  01:39:59 (hh:mm:ss) est. time remaining.
       57% completed,  01:39:28 (hh:mm:ss) est. time remaining.
       57% completed,  01:38:59 (hh:mm:ss) est. time remaining.
       58% completed,  01:38:22 (hh:mm:ss) est. time remaining.
       58% completed,  01:37:46 (hh:mm:ss) est. time remaining.
       58% completed,  01:37:16 (hh:mm:ss) est. time remaining.
       58% completed,  01:36:35 (hh:mm:ss) est. time remaining.
       58% completed,  01:36:10 (hh:mm:ss) est. time remaining.
       59% completed,  01:35:21 (hh:mm:ss) est. time remaining.
       59% completed,  01:35:08 (hh:mm:ss) est. time remaining.
       59% completed,  01:34:16 (hh:mm:ss) est. time remaining.
       59% completed,  01:34:07 (hh:mm:ss) est. time remaining.
       60% completed,  01:33:18 (hh:mm:ss) est. time remaining.
       60% completed,  01:32:56 (hh:mm:ss) est. time remaining.
       60% completed,  01:32:18 (hh:mm:ss) est. time remaining.
       60% completed,  01:31:51 (hh:mm:ss) est. time remaining.
       60% completed,  01:31:13 (hh:mm:ss) est. time remaining.
       61% completed,  01:30:44 (hh:mm:ss) est. time remaining.
       61% completed,  01:30:09 (hh:mm:ss) est. time remaining.
       61% completed,  01:29:35 (hh:mm:ss) est. time remaining.
       61% completed,  01:29:03 (hh:mm:ss) est. time remaining.
       61% completed,  01:28:37 (hh:mm:ss) est. time remaining.
       62% completed,  01:28:05 (hh:mm:ss) est. time remaining.
       62% completed,  01:27:36 (hh:mm:ss) est. time remaining.
       62% completed,  01:27:08 (hh:mm:ss) est. time remaining.
       62% completed,  01:26:24 (hh:mm:ss) est. time remaining.
       62% completed,  01:26:04 (hh:mm:ss) est. time remaining.
       63% completed,  01:25:18 (hh:mm:ss) est. time remaining.
       63% completed,  01:24:48 (hh:mm:ss) est. time remaining.
       63% completed,  01:24:16 (hh:mm:ss) est. time remaining.
       63% completed,  01:23:59 (hh:mm:ss) est. time remaining.
       64% completed,  01:23:15 (hh:mm:ss) est. time remaining.
       64% completed,  01:23:07 (hh:mm:ss) est. time remaining.
       64% completed,  01:22:24 (hh:mm:ss) est. time remaining.
       64% completed,  01:21:50 (hh:mm:ss) est. time remaining.
       64% completed,  01:21:26 (hh:mm:ss) est. time remaining.
       65% completed,  01:20:52 (hh:mm:ss) est. time remaining.
       65% completed,  01:20:29 (hh:mm:ss) est. time remaining.
       65% completed,  01:19:55 (hh:mm:ss) est. time remaining.
       65% completed,  01:19:33 (hh:mm:ss) est. time remaining.
       65% completed,  01:18:51 (hh:mm:ss) est. time remaining.
       66% completed,  01:18:36 (hh:mm:ss) est. time remaining.
       66% completed,  01:17:55 (hh:mm:ss) est. time remaining.
       66% completed,  01:17:38 (hh:mm:ss) est. time remaining.
       66% completed,  01:16:57 (hh:mm:ss) est. time remaining.
       66% completed,  01:16:41 (hh:mm:ss) est. time remaining.
       67% completed,  01:16:02 (hh:mm:ss) est. time remaining.
       67% completed,  01:15:44 (hh:mm:ss) est. time remaining.
       67% completed,  01:15:06 (hh:mm:ss) est. time remaining.
       67% completed,  01:14:48 (hh:mm:ss) est. time remaining.
       67% completed,  01:14:10 (hh:mm:ss) est. time remaining.
       68% completed,  01:13:41 (hh:mm:ss) est. time remaining.
       68% completed,  01:13:06 (hh:mm:ss) est. time remaining.
       68% completed,  01:12:49 (hh:mm:ss) est. time remaining.
       68% completed,  01:12:11 (hh:mm:ss) est. time remaining.
       68% completed,  01:11:56 (hh:mm:ss) est. time remaining.
       69% completed,  01:11:22 (hh:mm:ss) est. time remaining.
       69% completed,  01:11:01 (hh:mm:ss) est. time remaining.
       69% completed,  01:10:28 (hh:mm:ss) est. time remaining.
       69% completed,  01:10:07 (hh:mm:ss) est. time remaining.
       69% completed,  01:9:31 (hh:mm:ss) est. time remaining.
       69% completed,  01:9:14 (hh:mm:ss) est. time remaining.
       70% completed,  01:8:37 (hh:mm:ss) est. time remaining.
       70% completed,  01:8:25 (hh:mm:ss) est. time remaining.
       70% completed,  01:7:48 (hh:mm:ss) est. time remaining.
       70% completed,  01:7:31 (hh:mm:ss) est. time remaining.
       70% completed,  01:6:55 (hh:mm:ss) est. time remaining.
       71% completed,  01:6:20 (hh:mm:ss) est. time remaining.
       71% completed,  01:6:03 (hh:mm:ss) est. time remaining.
       71% completed,  01:5:30 (hh:mm:ss) est. time remaining.
       71% completed,  01:5:12 (hh:mm:ss) est. time remaining.
       71% completed,  01:4:38 (hh:mm:ss) est. time remaining.
       72% completed,  01:4:21 (hh:mm:ss) est. time remaining.
       72% completed,  01:3:46 (hh:mm:ss) est. time remaining.
       72% completed,  01:3:34 (hh:mm:ss) est. time remaining.
       72% completed,  01:3:00 (hh:mm:ss) est. time remaining.
       72% completed,  01:2:41 (hh:mm:ss) est. time remaining.
       72% completed,  01:2:08 (hh:mm:ss) est. time remaining.
       73% completed,  01:1:49 (hh:mm:ss) est. time remaining.
       73% completed,  01:1:18 (hh:mm:ss) est. time remaining.
       73% completed,  01:0:54 (hh:mm:ss) est. time remaining.
       73% completed,  01:0:24 (hh:mm:ss) est. time remaining.
       73% completed,  01:0:05 (hh:mm:ss) est. time remaining.
       73% completed,  00:59:36 (hh:mm:ss) est. time remaining.
       74% completed,  00:59:17 (hh:mm:ss) est. time remaining.
       74% completed,  00:58:48 (hh:mm:ss) est. time remaining.
       74% completed,  00:58:27 (hh:mm:ss) est. time remaining.
       74% completed,  00:57:56 (hh:mm:ss) est. time remaining.
       74% completed,  00:57:27 (hh:mm:ss) est. time remaining.
       75% completed,  00:57:09 (hh:mm:ss) est. time remaining.
       75% completed,  00:56:38 (hh:mm:ss) est. time remaining.
       75% completed,  00:56:21 (hh:mm:ss) est. time remaining.
       75% completed,  00:55:51 (hh:mm:ss) est. time remaining.
       75% completed,  00:55:34 (hh:mm:ss) est. time remaining.
       75% completed,  00:55:08 (hh:mm:ss) est. time remaining.
       76% completed,  00:54:47 (hh:mm:ss) est. time remaining.
       76% completed,  00:54:24 (hh:mm:ss) est. time remaining.
       76% completed,  00:53:56 (hh:mm:ss) est. time remaining.
       76% completed,  00:53:30 (hh:mm:ss) est. time remaining.
       76% completed,  00:53:09 (hh:mm:ss) est. time remaining.
       76% completed,  00:52:49 (hh:mm:ss) est. time remaining.
       77% completed,  00:52:24 (hh:mm:ss) est. time remaining.
       77% completed,  00:52:01 (hh:mm:ss) est. time remaining.
       77% completed,  00:51:39 (hh:mm:ss) est. time remaining.
       77% completed,  00:51:14 (hh:mm:ss) est. time remaining.
       77% completed,  00:50:45 (hh:mm:ss) est. time remaining.
       77% completed,  00:50:30 (hh:mm:ss) est. time remaining.
       78% completed,  00:50:02 (hh:mm:ss) est. time remaining.
       78% completed,  00:49:48 (hh:mm:ss) est. time remaining.
       78% completed,  00:49:21 (hh:mm:ss) est. time remaining.
       78% completed,  00:49:05 (hh:mm:ss) est. time remaining.
       78% completed,  00:48:38 (hh:mm:ss) est. time remaining.
       78% completed,  00:48:18 (hh:mm:ss) est. time remaining.
       79% completed,  00:47:55 (hh:mm:ss) est. time remaining.
       79% completed,  00:47:37 (hh:mm:ss) est. time remaining.
       79% completed,  00:47:10 (hh:mm:ss) est. time remaining.
       79% completed,  00:46:54 (hh:mm:ss) est. time remaining.
       79% completed,  00:46:27 (hh:mm:ss) est. time remaining.
       79% completed,  00:46:11 (hh:mm:ss) est. time remaining.
       79% completed,  00:45:45 (hh:mm:ss) est. time remaining.
       80% completed,  00:45:25 (hh:mm:ss) est. time remaining.
       80% completed,  00:45:02 (hh:mm:ss) est. time remaining.
       80% completed,  00:44:43 (hh:mm:ss) est. time remaining.
       80% completed,  00:44:20 (hh:mm:ss) est. time remaining.
       80% completed,  00:43:59 (hh:mm:ss) est. time remaining.
       80% completed,  00:43:40 (hh:mm:ss) est. time remaining.
       81% completed,  00:43:16 (hh:mm:ss) est. time remaining.
       81% completed,  00:42:59 (hh:mm:ss) est. time remaining.
       81% completed,  00:42:34 (hh:mm:ss) est. time remaining.
       81% completed,  00:42:16 (hh:mm:ss) est. time remaining.
       81% completed,  00:41:54 (hh:mm:ss) est. time remaining.
       81% completed,  00:41:35 (hh:mm:ss) est. time remaining.
       81% completed,  00:41:13 (hh:mm:ss) est. time remaining.
       82% completed,  00:40:56 (hh:mm:ss) est. time remaining.
       82% completed,  00:40:32 (hh:mm:ss) est. time remaining.
       82% completed,  00:40:17 (hh:mm:ss) est. time remaining.
       82% completed,  00:39:53 (hh:mm:ss) est. time remaining.
       82% completed,  00:39:35 (hh:mm:ss) est. time remaining.
       82% completed,  00:39:14 (hh:mm:ss) est. time remaining.
       82% completed,  00:38:57 (hh:mm:ss) est. time remaining.
       83% completed,  00:38:35 (hh:mm:ss) est. time remaining.
       83% completed,  00:38:19 (hh:mm:ss) est. time remaining.
       83% completed,  00:37:57 (hh:mm:ss) est. time remaining.
       83% completed,  00:37:40 (hh:mm:ss) est. time remaining.
       83% completed,  00:37:18 (hh:mm:ss) est. time remaining.
       83% completed,  00:37:01 (hh:mm:ss) est. time remaining.
       83% completed,  00:36:41 (hh:mm:ss) est. time remaining.
       84% completed,  00:36:25 (hh:mm:ss) est. time remaining.
       84% completed,  00:36:03 (hh:mm:ss) est. time remaining.
       84% completed,  00:35:46 (hh:mm:ss) est. time remaining.
       84% completed,  00:35:26 (hh:mm:ss) est. time remaining.
       84% completed,  00:35:08 (hh:mm:ss) est. time remaining.
       84% completed,  00:34:49 (hh:mm:ss) est. time remaining.
       84% completed,  00:34:31 (hh:mm:ss) est. time remaining.
       84% completed,  00:34:12 (hh:mm:ss) est. time remaining.
       85% completed,  00:33:53 (hh:mm:ss) est. time remaining.
       85% completed,  00:33:34 (hh:mm:ss) est. time remaining.
       85% completed,  00:33:18 (hh:mm:ss) est. time remaining.
       85% completed,  00:32:58 (hh:mm:ss) est. time remaining.
       85% completed,  00:32:41 (hh:mm:ss) est. time remaining.
       85% completed,  00:32:21 (hh:mm:ss) est. time remaining.
       85% completed,  00:32:04 (hh:mm:ss) est. time remaining.
       86% completed,  00:31:47 (hh:mm:ss) est. time remaining.
       86% completed,  00:31:27 (hh:mm:ss) est. time remaining.
       86% completed,  00:31:11 (hh:mm:ss) est. time remaining.
       86% completed,  00:30:53 (hh:mm:ss) est. time remaining.
       86% completed,  00:30:35 (hh:mm:ss) est. time remaining.
       86% completed,  00:30:16 (hh:mm:ss) est. time remaining.
       86% completed,  00:29:57 (hh:mm:ss) est. time remaining.
       86% completed,  00:29:38 (hh:mm:ss) est. time remaining.
       87% completed,  00:29:22 (hh:mm:ss) est. time remaining.
       87% completed,  00:29:04 (hh:mm:ss) est. time remaining.
       87% completed,  00:28:47 (hh:mm:ss) est. time remaining.
       87% completed,  00:28:30 (hh:mm:ss) est. time remaining.
       87% completed,  00:28:14 (hh:mm:ss) est. time remaining.
       87% completed,  00:27:57 (hh:mm:ss) est. time remaining.
       87% completed,  00:27:41 (hh:mm:ss) est. time remaining.
       87% completed,  00:27:24 (hh:mm:ss) est. time remaining.
       88% completed,  00:27:08 (hh:mm:ss) est. time remaining.
       88% completed,  00:26:51 (hh:mm:ss) est. time remaining.
       88% completed,  00:26:36 (hh:mm:ss) est. time remaining.
       88% completed,  00:26:19 (hh:mm:ss) est. time remaining.
       88% completed,  00:26:03 (hh:mm:ss) est. time remaining.
       88% completed,  00:25:47 (hh:mm:ss) est. time remaining.
       88% completed,  00:25:32 (hh:mm:ss) est. time remaining.
       88% completed,  00:25:15 (hh:mm:ss) est. time remaining.
       88% completed,  00:25:01 (hh:mm:ss) est. time remaining.
       89% completed,  00:24:44 (hh:mm:ss) est. time remaining.
       89% completed,  00:24:29 (hh:mm:ss) est. time remaining.
       89% completed,  00:24:12 (hh:mm:ss) est. time remaining.
       89% completed,  00:23:59 (hh:mm:ss) est. time remaining.
       89% completed,  00:23:43 (hh:mm:ss) est. time remaining.
       89% completed,  00:23:28 (hh:mm:ss) est. time remaining.
       89% completed,  00:23:13 (hh:mm:ss) est. time remaining.
       89% completed,  00:22:57 (hh:mm:ss) est. time remaining.
       89% completed,  00:22:42 (hh:mm:ss) est. time remaining.
       90% completed,  00:22:27 (hh:mm:ss) est. time remaining.
       90% completed,  00:22:13 (hh:mm:ss) est. time remaining.
       90% completed,  00:21:57 (hh:mm:ss) est. time remaining.
       90% completed,  00:21:44 (hh:mm:ss) est. time remaining.
       90% completed,  00:21:28 (hh:mm:ss) est. time remaining.
       90% completed,  00:21:15 (hh:mm:ss) est. time remaining.
       90% completed,  00:21:00 (hh:mm:ss) est. time remaining.
       90% completed,  00:20:46 (hh:mm:ss) est. time remaining.
       90% completed,  00:20:31 (hh:mm:ss) est. time remaining.
       91% completed,  00:20:17 (hh:mm:ss) est. time remaining.
       91% completed,  00:20:03 (hh:mm:ss) est. time remaining.
       91% completed,  00:19:49 (hh:mm:ss) est. time remaining.
       91% completed,  00:19:36 (hh:mm:ss) est. time remaining.
       91% completed,  00:19:21 (hh:mm:ss) est. time remaining.
       91% completed,  00:19:06 (hh:mm:ss) est. time remaining.
       91% completed,  00:18:53 (hh:mm:ss) est. time remaining.
       91% completed,  00:18:39 (hh:mm:ss) est. time remaining.
       91% completed,  00:18:26 (hh:mm:ss) est. time remaining.
       91% completed,  00:18:12 (hh:mm:ss) est. time remaining.
       92% completed,  00:18:00 (hh:mm:ss) est. time remaining.
       92% completed,  00:17:46 (hh:mm:ss) est. time remaining.
       92% completed,  00:17:33 (hh:mm:ss) est. time remaining.
       92% completed,  00:17:19 (hh:mm:ss) est. time remaining.
       92% completed,  00:17:06 (hh:mm:ss) est. time remaining.
       92% completed,  00:16:53 (hh:mm:ss) est. time remaining.
       92% completed,  00:16:40 (hh:mm:ss) est. time remaining.
       92% completed,  00:16:27 (hh:mm:ss) est. time remaining.
       92% completed,  00:16:15 (hh:mm:ss) est. time remaining.
       92% completed,  00:16:02 (hh:mm:ss) est. time remaining.
       92% completed,  00:15:49 (hh:mm:ss) est. time remaining.
       93% completed,  00:15:37 (hh:mm:ss) est. time remaining.
       93% completed,  00:15:24 (hh:mm:ss) est. time remaining.
       93% completed,  00:15:12 (hh:mm:ss) est. time remaining.
       93% completed,  00:15:00 (hh:mm:ss) est. time remaining.
       93% completed,  00:14:47 (hh:mm:ss) est. time remaining.
       93% completed,  00:14:35 (hh:mm:ss) est. time remaining.
       93% completed,  00:14:23 (hh:mm:ss) est. time remaining.
       93% completed,  00:14:11 (hh:mm:ss) est. time remaining.
       93% completed,  00:14:00 (hh:mm:ss) est. time remaining.
       93% completed,  00:13:48 (hh:mm:ss) est. time remaining.
       93% completed,  00:13:36 (hh:mm:ss) est. time remaining.
       94% completed,  00:13:24 (hh:mm:ss) est. time remaining.
       94% completed,  00:13:13 (hh:mm:ss) est. time remaining.
       94% completed,  00:13:02 (hh:mm:ss) est. time remaining.
       94% completed,  00:12:51 (hh:mm:ss) est. time remaining.
       94% completed,  00:12:39 (hh:mm:ss) est. time remaining.
       94% completed,  00:12:28 (hh:mm:ss) est. time remaining.
       94% completed,  00:12:17 (hh:mm:ss) est. time remaining.
       94% completed,  00:12:07 (hh:mm:ss) est. time remaining.
       94% completed,  00:11:56 (hh:mm:ss) est. time remaining.
       94% completed,  00:11:45 (hh:mm:ss) est. time remaining.
       94% completed,  00:11:34 (hh:mm:ss) est. time remaining.
       94% completed,  00:11:24 (hh:mm:ss) est. time remaining.
       95% completed,  00:11:13 (hh:mm:ss) est. time remaining.
       95% completed,  00:11:03 (hh:mm:ss) est. time remaining.
       95% completed,  00:10:53 (hh:mm:ss) est. time remaining.
       95% completed,  00:10:42 (hh:mm:ss) est. time remaining.
       95% completed,  00:10:32 (hh:mm:ss) est. time remaining.
       95% completed,  00:10:22 (hh:mm:ss) est. time remaining.
       95% completed,  00:10:12 (hh:mm:ss) est. time remaining.
       95% completed,  00:10:02 (hh:mm:ss) est. time remaining.
       95% completed,  00:9:53 (hh:mm:ss) est. time remaining.
       95% completed,  00:9:43 (hh:mm:ss) est. time remaining.
       95% completed,  00:9:33 (hh:mm:ss) est. time remaining.
       95% completed,  00:9:24 (hh:mm:ss) est. time remaining.
       95% completed,  00:9:14 (hh:mm:ss) est. time remaining.
       95% completed,  00:9:05 (hh:mm:ss) est. time remaining.
       96% completed,  00:8:55 (hh:mm:ss) est. time remaining.
       96% completed,  00:8:46 (hh:mm:ss) est. time remaining.
       96% completed,  00:8:37 (hh:mm:ss) est. time remaining.
       96% completed,  00:8:28 (hh:mm:ss) est. time remaining.
       96% completed,  00:8:18 (hh:mm:ss) est. time remaining.
       96% completed,  00:8:09 (hh:mm:ss) est. time remaining.
       96% completed,  00:8:00 (hh:mm:ss) est. time remaining.
       96% completed,  00:7:52 (hh:mm:ss) est. time remaining.
       96% completed,  00:7:43 (hh:mm:ss) est. time remaining.
       96% completed,  00:7:35 (hh:mm:ss) est. time remaining.
       96% completed,  00:7:26 (hh:mm:ss) est. time remaining.
       96% completed,  00:7:18 (hh:mm:ss) est. time remaining.
       96% completed,  00:7:09 (hh:mm:ss) est. time remaining.
       96% completed,  00:7:01 (hh:mm:ss) est. time remaining.
       96% completed,  00:6:53 (hh:mm:ss) est. time remaining.
       96% completed,  00:6:45 (hh:mm:ss) est. time remaining.
       97% completed,  00:6:37 (hh:mm:ss) est. time remaining.
       97% completed,  00:6:29 (hh:mm:ss) est. time remaining.
       97% completed,  00:6:21 (hh:mm:ss) est. time remaining.
       97% completed,  00:6:13 (hh:mm:ss) est. time remaining.
       97% completed,  00:6:05 (hh:mm:ss) est. time remaining.
       97% completed,  00:5:58 (hh:mm:ss) est. time remaining.
       97% completed,  00:5:50 (hh:mm:ss) est. time remaining.
       97% completed,  00:5:43 (hh:mm:ss) est. time remaining.
       97% completed,  00:5:35 (hh:mm:ss) est. time remaining.
       97% completed,  00:5:28 (hh:mm:ss) est. time remaining.
       97% completed,  00:5:21 (hh:mm:ss) est. time remaining.
       97% completed,  00:5:14 (hh:mm:ss) est. time remaining.
       97% completed,  00:5:07 (hh:mm:ss) est. time remaining.
       97% completed,  00:5:00 (hh:mm:ss) est. time remaining.
       97% completed,  00:4:53 (hh:mm:ss) est. time remaining.
       97% completed,  00:4:46 (hh:mm:ss) est. time remaining.
       97% completed,  00:4:39 (hh:mm:ss) est. time remaining.
       97% completed,  00:4:33 (hh:mm:ss) est. time remaining.
       98% completed,  00:4:26 (hh:mm:ss) est. time remaining.
       98% completed,  00:4:19 (hh:mm:ss) est. time remaining.
       98% completed,  00:4:13 (hh:mm:ss) est. time remaining.
       98% completed,  00:4:07 (hh:mm:ss) est. time remaining.
       98% completed,  00:4:01 (hh:mm:ss) est. time remaining.
       98% completed,  00:3:54 (hh:mm:ss) est. time remaining.
       98% completed,  00:3:48 (hh:mm:ss) est. time remaining.
       98% completed,  00:3:42 (hh:mm:ss) est. time remaining.
       98% completed,  00:3:36 (hh:mm:ss) est. time remaining.
       98% completed,  00:3:30 (hh:mm:ss) est. time remaining.
       98% completed,  00:3:25 (hh:mm:ss) est. time remaining.
       98% completed,  00:3:19 (hh:mm:ss) est. time remaining.
       98% completed,  00:3:13 (hh:mm:ss) est. time remaining.
       98% completed,  00:3:08 (hh:mm:ss) est. time remaining.
       98% completed,  00:3:02 (hh:mm:ss) est. time remaining.
       98% completed,  00:2:57 (hh:mm:ss) est. time remaining.
       98% completed,  00:2:52 (hh:mm:ss) est. time remaining.
       98% completed,  00:2:46 (hh:mm:ss) est. time remaining.
       98% completed,  00:2:41 (hh:mm:ss) est. time remaining.
       98% completed,  00:2:36 (hh:mm:ss) est. time remaining.
       98% completed,  00:2:31 (hh:mm:ss) est. time remaining.
       98% completed,  00:2:26 (hh:mm:ss) est. time remaining.
       98% completed,  00:2:22 (hh:mm:ss) est. time remaining.
       98% completed,  00:2:17 (hh:mm:ss) est. time remaining.
       99% completed,  00:2:12 (hh:mm:ss) est. time remaining.
       99% completed,  00:2:08 (hh:mm:ss) est. time remaining.
       99% completed,  00:2:03 (hh:mm:ss) est. time remaining.
       99% completed,  00:1:59 (hh:mm:ss) est. time remaining.
       99% completed,  00:1:54 (hh:mm:ss) est. time remaining.
       99% completed,  00:1:50 (hh:mm:ss) est. time remaining.
       99% completed,  00:1:46 (hh:mm:ss) est. time remaining.
       99% completed,  00:1:42 (hh:mm:ss) est. time remaining.
       99% completed,  00:1:38 (hh:mm:ss) est. time remaining.
       99% completed,  00:1:34 (hh:mm:ss) est. time remaining.
       99% completed,  00:1:30 (hh:mm:ss) est. time remaining.
       99% completed,  00:1:26 (hh:mm:ss) est. time remaining.
       99% completed,  00:1:23 (hh:mm:ss) est. time remaining.
       99% completed,  00:1:19 (hh:mm:ss) est. time remaining.
       99% completed,  00:1:15 (hh:mm:ss) est. time remaining.
       99% completed,  00:1:12 (hh:mm:ss) est. time remaining.
       99% completed,  00:1:09 (hh:mm:ss) est. time remaining.
       99% completed,  00:1:05 (hh:mm:ss) est. time remaining.
       99% completed,  00:1:02 (hh:mm:ss) est. time remaining.
       99% completed,  00:0:59 (hh:mm:ss) est. time remaining.
       99% completed,  00:0:56 (hh:mm:ss) est. time remaining.
       99% completed,  00:0:53 (hh:mm:ss) est. time remaining.
       99% completed,  00:0:50 (hh:mm:ss) est. time remaining.
       99% completed,  00:0:47 (hh:mm:ss) est. time remaining.
       99% completed,  00:0:45 (hh:mm:ss) est. time remaining.
       99% completed,  00:0:42 (hh:mm:ss) est. time remaining.
       99% completed,  00:0:39 (hh:mm:ss) est. time remaining.
       99% completed,  00:0:37 (hh:mm:ss) est. time remaining.
       99% completed,  00:0:34 (hh:mm:ss) est. time remaining.
       99% completed,  00:0:32 (hh:mm:ss) est. time remaining.
       99% completed,  00:0:30 (hh:mm:ss) est. time remaining.
       99% completed,  00:0:28 (hh:mm:ss) est. time remaining.
       99% completed,  00:0:26 (hh:mm:ss) est. time remaining.
       99% completed,  00:0:24 (hh:mm:ss) est. time remaining.
       99% completed,  00:0:22 (hh:mm:ss) est. time remaining.
       99% completed,  00:0:20 (hh:mm:ss) est. time remaining.
       99% completed,  00:0:18 (hh:mm:ss) est. time remaining.
       99% completed,  00:0:16 (hh:mm:ss) est. time remaining.
       99% completed,  00:0:15 (hh:mm:ss) est. time remaining.
       99% completed,  00:0:13 (hh:mm:ss) est. time remaining.
       99% completed,  00:0:12 (hh:mm:ss) est. time remaining.
       99% completed,  00:0:10 (hh:mm:ss) est. time remaining.
       99% completed,  00:0:09 (hh:mm:ss) est. time remaining.
       99% completed,  00:0:08 (hh:mm:ss) est. time remaining.
       99% completed,  00:0:07 (hh:mm:ss) est. time remaining.
       99% completed,  00:0:06 (hh:mm:ss) est. time remaining.
       99% completed,  00:0:05 (hh:mm:ss) est. time remaining.
       99% completed,  00:0:04 (hh:mm:ss) est. time remaining.
       99% completed,  00:0:03 (hh:mm:ss) est. time remaining.
       99% completed,  00:0:02 (hh:mm:ss) est. time remaining.
       99% completed,  00:0:02 (hh:mm:ss) est. time remaining.
       99% completed,  00:0:01 (hh:mm:ss) est. time remaining.
       99% completed,  00:0:01 (hh:mm:ss) est. time remaining.
       99% completed,  00:0:00 (hh:mm:ss) est. time remaining.
       99% completed,  00:0:00 (hh:mm:ss) est. time remaining.
       99% completed,  00:0:00 (hh:mm:ss) est. time remaining.
       99% completed,  00:0:00 (hh:mm:ss) est. time remaining.
      100% completed,  00:0:00 (hh:mm:ss) est. time remaining.
Comparison Time: 03:44:33 (hh:mm:ss) Elapsed Time, 8858 HSPs Collected
  - RECON: Running imagespread..
RECON Elapsed: 00:00:00 (hh:mm:ss) Elapsed Time
  - RECON: Running initial definition of elements ( eledef )..
RECON Elapsed: 00:00:23 (hh:mm:ss) Elapsed Time
  - RECON: Running re-definition of elements ( eleredef )..
RECON Elapsed: 00:01:03 (hh:mm:ss) Elapsed Time
  - RECON: Running re-definition of edges ( edgeredef )..
RECON Elapsed: 00:01:14 (hh:mm:ss) Elapsed Time
  - RECON: Running family definition ( famdef )..
RECON Elapsed: 00:00:02 (hh:mm:ss) Elapsed Time
  - Obtaining element sequences
Number of families returned by RECON: 2131
Processing families with greater than 15 elements

Processing RECON family: 68
  - Saving 202 elements
  - Refining family-68 model...

Processing RECON family: 107
  - Saving 58 elements
  - Refining family-107 model...

Processing RECON family: 51
  - Saving 51 elements
  - Refining family-51 model...

Processing RECON family: 385
  - Saving 37 elements
  - Refining family-385 model...

Processing RECON family: 978
  - Saving 29 elements
  - Refining family-978 model...

Processing RECON family: 413
  - Saving 22 elements
  - Refining family-413 model...

Processing RECON family: 228
  - Saving 17 elements
  - Refining family-228 model...

Processing RECON family: 1237
  - Saving 16 elements
  - Refining family-1237 model...
Family Refinement: 00:06:09 (hh:mm:ss) Elapsed Time
Round Time: 03:58:52 (hh:mm:ss) Elapsed Time

RepeatScout/RECON discovery complete: 237 families found


RepeatClassifier Version 2.0.1
======================================
Search Engine = rmblast
  - Looking for Simple and Low Complexity sequences..
  - Looking for similarity to known repeat proteins..
Missing /hpc/group/vilgalyslab/yk158/miniconda3/envs/repeatmasker/share/RepeatMasker/Libraries/RepeatMasker.lib.nsq!
Please rerun the configure program in the RepeatModeler directory
before running this script.
  - Looking for similarity to known repeat consensi..
Classification Time: 00:14:48 (hh:mm:ss) Elapsed Time


Program Time: 06:50:59 (hh:mm:ss) Elapsed Time
Working directory:  /work/yk158/pmiEndo/repeatmodeler/RM_51008.TueAug181843162020
may be deleted unless there were problems with the run.

The results have been saved to:
  Chagl_1-families.fa  - Consensus sequences for each family identified.
  Chagl_1-families.stk - Seed alignments for each family identified.

The RepeatModeler stockholm file is formatted so that it can
easily be submitted to the Dfam database.  Please consider contributing
curated families to this open database and be a part of this growing
community resource.  For more information contact help@dfam.org.


