RepeatModeler Version 2.0.1
===========================
Search Engine = rmblast 2.9.0+
Dependencies: TRF 4.09, RECON , RepeatScout 1.0.6, RepeatMasker 
LTR Structural Analysis: Disabled [use -LTRStruct to enable]
Random Number Seed: 1597790594
Database = CodFL1790_1 .
  - Sequences = 51
  - Bases = 49247973
Using output directory = /work/yk158/pmiEndo/repeatmodeler/RM_23586.TueAug181843162020
Storage Throughput = fair ( 389.84 MB/s )

Ready to start the sampling process.
INFO: The runtime of RepeatModeler heavily depends on the quality of the assembly
      and the repetitive content of the sequences.  It is not imperative
      that RepeatModeler completes all rounds in order to obtain useful
      results.  At the completion of each round, the files ( consensi.fa, and
      families.stk ) found in:
      /work/yk158/pmiEndo/repeatmodeler/RM_23586.TueAug181843162020/ 
      will contain all results produced thus far. These files may be 
      manually copied and run through RepeatClassifier should the program
      be terminated early.


RepeatModeler Round # 1
========================
Searching for Repeats
 -- Sampling from the database...
   - Gathering up to 40000000 bp
   - Final Sample Size = 40016002 bp ( 40016002 non ambiguous )
   - Num Contigs Represented = 48
   - Sequence extraction : 00:00:03 (hh:mm:ss) Elapsed Time
 -- Running RepeatScout on the sequences...
   - RepeatScout: Running build_lmer_table ( l = 14 )..
   - RepeatScout: Running RepeatScout.. : 117 raw families identified
   - RepeatScout: Running filtering stage.. 114 families remaining
   - RepeatScout: 00:10:03 (hh:mm:ss) Elapsed Time
   - Large Satellite Filtering.. : 3 found in 00:00:03 (hh:mm:ss) Elapsed Time
   - Collecting repeat instances...
 -- Refining Family R=18 / 0 ( RS Elements: 339, Using 100 )
 -- Refining Family R=2 / 1 ( RS Elements: 299, Using 100 )
 -- Refining Family R=5 / 2 ( RS Elements: 294, Using 100 )
 -- Refining Family R=30 / 3 ( RS Elements: 232, Using 100 )
 -- Refining Family R=13 / 4 ( RS Elements: 218, Using 100 )
 -- Refining Family R=15 / 5 ( RS Elements: 131, Using 100 )
 -- Refining Family R=97 / 6 ( RS Elements: 127, Using 100 )
 -- Refining Family R=31 / 7 ( RS Elements: 115, Using 100 )
 -- Refining Family R=26 / 8 ( RS Elements: 110, Using 100 )
 -- Refining Family R=0 / 9 ( RS Elements: 108, Using 100 )
 -- Refining Family R=1 / 10 ( RS Elements: 108, Using 100 )
 -- Refining Family R=4 / 11 ( RS Elements: 105, Using 100 )
 -- Refining Family R=92 / 12 ( RS Elements: 105, Using 100 )
 -- Refining Family R=52 / 13 ( RS Elements: 103, Using 100 )
 -- Refining Family R=61 / 14 ( RS Elements: 101, Using 100 )
 -- Refining Family R=3 / 15 ( RS Elements: 89, Using 89 )
 -- Refining Family R=89 / 16 ( RS Elements: 87, Using 87 )
 -- Refining Family R=6 / 17 ( RS Elements: 77, Using 77 )
 -- Refining Family R=38 / 18 ( RS Elements: 62, Using 62 )
 -- Refining Family R=65 / 19 ( RS Elements: 61, Using 61 )
 -- Refining Family R=83 / 20 ( RS Elements: 52, Using 52 )
 -- Refining Family R=81 / 21 ( RS Elements: 51, Using 51 )
 -- Refining Family R=8 / 22 ( RS Elements: 50, Using 50 )
 -- Refining Family R=11 / 23 ( RS Elements: 49, Using 49 )
 -- Refining Family R=34 / 24 ( RS Elements: 47, Using 47 )
 -- Refining Family R=58 / 25 ( RS Elements: 46, Using 46 )
 -- Refining Family R=14 / 26 ( RS Elements: 44, Using 44 )
 -- Refining Family R=10 / 27 ( RS Elements: 44, Using 44 )
 -- Refining Family R=43 / 28 ( RS Elements: 43, Using 43 )
 -- Refining Family R=87 / 29 ( RS Elements: 43, Using 43 )
 -- Refining Family R=48 / 30 ( RS Elements: 41, Using 41 )
 -- Refining Family R=37 / 31 ( RS Elements: 40, Using 40 )
 -- Refining Family R=49 / 32 ( RS Elements: 40, Using 40 )
 -- Refining Family R=12 / 33 ( RS Elements: 40, Using 40 )
 -- Refining Family R=22 / 34 ( RS Elements: 40, Using 40 )
 -- Refining Family R=94 / 35 ( RS Elements: 38, Using 38 )
 -- Refining Family R=32 / 36 ( RS Elements: 38, Using 38 )
 -- Refining Family R=36 / 37 ( RS Elements: 37, Using 37 )
 -- Refining Family R=17 / 38 ( RS Elements: 34, Using 34 )
 -- Refining Family R=16 / 39 ( RS Elements: 33, Using 33 )
 -- Refining Family R=35 / 40 ( RS Elements: 31, Using 31 )
 -- Refining Family R=20 / 41 ( RS Elements: 30, Using 30 )
 -- Refining Family R=23 / 42 ( RS Elements: 28, Using 28 )
 -- Refining Family R=50 / 43 ( RS Elements: 28, Using 28 )
 -- Refining Family R=24 / 44 ( RS Elements: 27, Using 27 )
 -- Refining Family R=63 / 45 ( RS Elements: 26, Using 26 )
 -- Refining Family R=19 / 46 ( RS Elements: 25, Using 25 )
 -- Refining Family R=53 / 47 ( RS Elements: 25, Using 25 )
 -- Refining Family R=69 / 48 ( RS Elements: 25, Using 25 )
 -- Refining Family R=72 / 49 ( RS Elements: 24, Using 24 )
 -- Refining Family R=28 / 50 ( RS Elements: 22, Using 22 )
 -- Refining Family R=51 / 51 ( RS Elements: 21, Using 21 )
 -- Refining Family R=25 / 52 ( RS Elements: 19, Using 19 )
 -- Refining Family R=27 / 53 ( RS Elements: 19, Using 19 )
 -- Refining Family R=44 / 54 ( RS Elements: 18, Using 18 )
 -- Refining Family R=71 / 55 ( RS Elements: 16, Using 16 )
 -- Refining Family R=57 / 56 ( RS Elements: 16, Using 16 )
 -- Refining Family R=84 / 57 ( RS Elements: 16, Using 16 )
Family Refinement: 00:13:22 (hh:mm:ss) Elapsed Time


RepeatModeler Round # 2
========================
Searching for Repeats
 -- Sampling from the database...
   - Gathering up to 3000000 bp
   - Sequence extraction : 00:00:00 (hh:mm:ss) Elapsed Time
 -- Running TRFMask on the sequence...
       61 Tandem Repeats Masked
   - TRFMask time 00:00:03 (hh:mm:ss) Elapsed Time
 -- Masking repeats from the previous rounds...
  - Masking 1 - 5 of 77
  - Masking 16 - 30 of 77
  - Masking 41 - 65 of 77
  - Masking 76 - 77 of 77
   - TE Masking time 00:00:04 (hh:mm:ss) Elapsed Time
 -- Sample Stats:
       Sample Size 3020268 bp
       Num Contigs Represented = 22
       Non ambiguous bp:
             Initial: 3020268 bp
             After Masking: 2953646 bp
             Masked: 2.21 % 
 -- Input Database Coverage: 3020268 bp out of 49247973 bp ( 6.13 % )
Sampling Time: 00:00:08 (hh:mm:ss) Elapsed Time
Running all-by-other comparisons...
        2% completed,  00:3:10 (hh:mm:ss) est. time remaining.
        5% completed,  00:1:31 (hh:mm:ss) est. time remaining.
        7% completed,  00:2:00 (hh:mm:ss) est. time remaining.
       10% completed,  00:1:28 (hh:mm:ss) est. time remaining.
       12% completed,  00:1:43 (hh:mm:ss) est. time remaining.
       15% completed,  00:1:24 (hh:mm:ss) est. time remaining.
       17% completed,  00:1:29 (hh:mm:ss) est. time remaining.
       19% completed,  00:1:20 (hh:mm:ss) est. time remaining.
       22% completed,  00:1:20 (hh:mm:ss) est. time remaining.
       24% completed,  00:1:14 (hh:mm:ss) est. time remaining.
       26% completed,  00:1:14 (hh:mm:ss) est. time remaining.
       28% completed,  00:1:11 (hh:mm:ss) est. time remaining.
       31% completed,  00:1:08 (hh:mm:ss) est. time remaining.
       33% completed,  00:1:06 (hh:mm:ss) est. time remaining.
       35% completed,  00:1:03 (hh:mm:ss) est. time remaining.
       37% completed,  00:1:03 (hh:mm:ss) est. time remaining.
       39% completed,  00:0:59 (hh:mm:ss) est. time remaining.
       41% completed,  00:0:57 (hh:mm:ss) est. time remaining.
       43% completed,  00:0:55 (hh:mm:ss) est. time remaining.
       45% completed,  00:0:54 (hh:mm:ss) est. time remaining.
       47% completed,  00:0:52 (hh:mm:ss) est. time remaining.
       49% completed,  00:0:50 (hh:mm:ss) est. time remaining.
       51% completed,  00:0:46 (hh:mm:ss) est. time remaining.
       52% completed,  00:0:46 (hh:mm:ss) est. time remaining.
       54% completed,  00:0:43 (hh:mm:ss) est. time remaining.
       56% completed,  00:0:42 (hh:mm:ss) est. time remaining.
       58% completed,  00:0:40 (hh:mm:ss) est. time remaining.
       59% completed,  00:0:38 (hh:mm:ss) est. time remaining.
       61% completed,  00:0:37 (hh:mm:ss) est. time remaining.
       63% completed,  00:0:35 (hh:mm:ss) est. time remaining.
       64% completed,  00:0:33 (hh:mm:ss) est. time remaining.
       66% completed,  00:0:32 (hh:mm:ss) est. time remaining.
       67% completed,  00:0:31 (hh:mm:ss) est. time remaining.
       69% completed,  00:0:29 (hh:mm:ss) est. time remaining.
       70% completed,  00:0:28 (hh:mm:ss) est. time remaining.
       71% completed,  00:0:27 (hh:mm:ss) est. time remaining.
       73% completed,  00:0:25 (hh:mm:ss) est. time remaining.
       74% completed,  00:0:24 (hh:mm:ss) est. time remaining.
       75% completed,  00:0:23 (hh:mm:ss) est. time remaining.
       77% completed,  00:0:22 (hh:mm:ss) est. time remaining.
       78% completed,  00:0:20 (hh:mm:ss) est. time remaining.
       79% completed,  00:0:19 (hh:mm:ss) est. time remaining.
       80% completed,  00:0:18 (hh:mm:ss) est. time remaining.
       81% completed,  00:0:17 (hh:mm:ss) est. time remaining.
       83% completed,  00:0:16 (hh:mm:ss) est. time remaining.
       84% completed,  00:0:15 (hh:mm:ss) est. time remaining.
       85% completed,  00:0:14 (hh:mm:ss) est. time remaining.
       86% completed,  00:0:13 (hh:mm:ss) est. time remaining.
       87% completed,  00:0:12 (hh:mm:ss) est. time remaining.
       88% completed,  00:0:11 (hh:mm:ss) est. time remaining.
       88% completed,  00:0:10 (hh:mm:ss) est. time remaining.
       89% completed,  00:0:10 (hh:mm:ss) est. time remaining.
       90% completed,  00:0:09 (hh:mm:ss) est. time remaining.
       91% completed,  00:0:08 (hh:mm:ss) est. time remaining.
       92% completed,  00:0:07 (hh:mm:ss) est. time remaining.
       92% completed,  00:0:07 (hh:mm:ss) est. time remaining.
       93% completed,  00:0:06 (hh:mm:ss) est. time remaining.
       94% completed,  00:0:05 (hh:mm:ss) est. time remaining.
       94% completed,  00:0:05 (hh:mm:ss) est. time remaining.
       95% completed,  00:0:04 (hh:mm:ss) est. time remaining.
       95% completed,  00:0:04 (hh:mm:ss) est. time remaining.
       96% completed,  00:0:03 (hh:mm:ss) est. time remaining.
       96% completed,  00:0:03 (hh:mm:ss) est. time remaining.
       97% completed,  00:0:02 (hh:mm:ss) est. time remaining.
       97% completed,  00:0:02 (hh:mm:ss) est. time remaining.
       98% completed,  00:0:01 (hh:mm:ss) est. time remaining.
       98% completed,  00:0:01 (hh:mm:ss) est. time remaining.
       98% completed,  00:0:01 (hh:mm:ss) est. time remaining.
       99% completed,  00:0:00 (hh:mm:ss) est. time remaining.
       99% completed,  00:0:00 (hh:mm:ss) est. time remaining.
       99% completed,  00:0:00 (hh:mm:ss) est. time remaining.
       99% completed,  00:0:00 (hh:mm:ss) est. time remaining.
       99% completed,  00:0:00 (hh:mm:ss) est. time remaining.
       99% completed,  00:0:00 (hh:mm:ss) est. time remaining.
       99% completed,  00:0:00 (hh:mm:ss) est. time remaining.
      100% completed,  00:0:00 (hh:mm:ss) est. time remaining.
Comparison Time: 00:01:40 (hh:mm:ss) Elapsed Time, 197 HSPs Collected
  - RECON: Running imagespread..
RECON Elapsed: 00:00:00 (hh:mm:ss) Elapsed Time
  - RECON: Running initial definition of elements ( eledef )..
RECON Elapsed: 00:00:01 (hh:mm:ss) Elapsed Time
  - RECON: Running re-definition of elements ( eleredef )..
RECON Elapsed: 00:00:01 (hh:mm:ss) Elapsed Time
  - RECON: Running re-definition of edges ( edgeredef )..
RECON Elapsed: 00:00:01 (hh:mm:ss) Elapsed Time
  - RECON: Running family definition ( famdef )..
RECON Elapsed: 00:00:00 (hh:mm:ss) Elapsed Time
  - Obtaining element sequences
Number of families returned by RECON: 100
Processing families with greater than 15 elements
Family Refinement: 00:00:00 (hh:mm:ss) Elapsed Time
Round Time: 00:01:52 (hh:mm:ss) Elapsed Time


RepeatModeler Round # 3
========================
Searching for Repeats
 -- Sampling from the database...
   - Gathering up to 9000000 bp
   - Sequence extraction : 00:00:01 (hh:mm:ss) Elapsed Time
 -- Running TRFMask on the sequence...
       195 Tandem Repeats Masked
   - TRFMask time 00:00:09 (hh:mm:ss) Elapsed Time
 -- Masking repeats from the previous rounds...
  - Masking 1 - 5 of 233
  - Masking 16 - 30 of 233
  - Masking 41 - 65 of 233
  - Masking 76 - 110 of 233
  - Masking 121 - 165 of 233
  - Masking 176 - 230 of 233
   - TE Masking time 00:00:14 (hh:mm:ss) Elapsed Time
 -- Sample Stats:
       Sample Size 9031944 bp
       Num Contigs Represented = 33
       Non ambiguous bp:
             Initial: 9031944 bp
             After Masking: 8829267 bp
             Masked: 2.24 % 
 -- Input Database Coverage: 12052212 bp out of 49247973 bp ( 24.47 % )
Sampling Time: 00:00:24 (hh:mm:ss) Elapsed Time
Running all-by-other comparisons...
        0% completed,  00:28:52 (hh:mm:ss) est. time remaining.
        1% completed,  00:15:18 (hh:mm:ss) est. time remaining.
        2% completed,  00:19:00 (hh:mm:ss) est. time remaining.
        3% completed,  00:14:37 (hh:mm:ss) est. time remaining.
        4% completed,  00:17:15 (hh:mm:ss) est. time remaining.
        5% completed,  00:14:16 (hh:mm:ss) est. time remaining.
        5% completed,  00:15:35 (hh:mm:ss) est. time remaining.
        6% completed,  00:13:47 (hh:mm:ss) est. time remaining.
        7% completed,  00:14:24 (hh:mm:ss) est. time remaining.
        8% completed,  00:13:03 (hh:mm:ss) est. time remaining.
        9% completed,  00:13:45 (hh:mm:ss) est. time remaining.
       10% completed,  00:12:49 (hh:mm:ss) est. time remaining.
       10% completed,  00:13:15 (hh:mm:ss) est. time remaining.
       11% completed,  00:12:51 (hh:mm:ss) est. time remaining.
       12% completed,  00:12:50 (hh:mm:ss) est. time remaining.
       13% completed,  00:12:36 (hh:mm:ss) est. time remaining.
       14% completed,  00:12:42 (hh:mm:ss) est. time remaining.
       14% completed,  00:12:23 (hh:mm:ss) est. time remaining.
       15% completed,  00:12:33 (hh:mm:ss) est. time remaining.
       16% completed,  00:12:10 (hh:mm:ss) est. time remaining.
       17% completed,  00:12:14 (hh:mm:ss) est. time remaining.
       18% completed,  00:11:58 (hh:mm:ss) est. time remaining.
       18% completed,  00:12:00 (hh:mm:ss) est. time remaining.
       19% completed,  00:11:42 (hh:mm:ss) est. time remaining.
       20% completed,  00:11:44 (hh:mm:ss) est. time remaining.
       21% completed,  00:11:19 (hh:mm:ss) est. time remaining.
       21% completed,  00:11:25 (hh:mm:ss) est. time remaining.
       22% completed,  00:11:06 (hh:mm:ss) est. time remaining.
       23% completed,  00:11:11 (hh:mm:ss) est. time remaining.
       24% completed,  00:10:56 (hh:mm:ss) est. time remaining.
       24% completed,  00:10:57 (hh:mm:ss) est. time remaining.
       25% completed,  00:10:44 (hh:mm:ss) est. time remaining.
       26% completed,  00:10:47 (hh:mm:ss) est. time remaining.
       27% completed,  00:10:31 (hh:mm:ss) est. time remaining.
       27% completed,  00:10:32 (hh:mm:ss) est. time remaining.
       28% completed,  00:10:17 (hh:mm:ss) est. time remaining.
       29% completed,  00:10:17 (hh:mm:ss) est. time remaining.
       30% completed,  00:10:03 (hh:mm:ss) est. time remaining.
       30% completed,  00:10:08 (hh:mm:ss) est. time remaining.
       31% completed,  00:9:57 (hh:mm:ss) est. time remaining.
       32% completed,  00:9:48 (hh:mm:ss) est. time remaining.
       32% completed,  00:9:44 (hh:mm:ss) est. time remaining.
       33% completed,  00:9:37 (hh:mm:ss) est. time remaining.
       34% completed,  00:9:29 (hh:mm:ss) est. time remaining.
       34% completed,  00:9:25 (hh:mm:ss) est. time remaining.
       35% completed,  00:9:17 (hh:mm:ss) est. time remaining.
       36% completed,  00:9:13 (hh:mm:ss) est. time remaining.
       37% completed,  00:9:02 (hh:mm:ss) est. time remaining.
       37% completed,  00:9:03 (hh:mm:ss) est. time remaining.
       38% completed,  00:8:51 (hh:mm:ss) est. time remaining.
       39% completed,  00:8:48 (hh:mm:ss) est. time remaining.
       39% completed,  00:8:41 (hh:mm:ss) est. time remaining.
       40% completed,  00:8:36 (hh:mm:ss) est. time remaining.
       41% completed,  00:8:31 (hh:mm:ss) est. time remaining.
       41% completed,  00:8:25 (hh:mm:ss) est. time remaining.
       42% completed,  00:8:19 (hh:mm:ss) est. time remaining.
       43% completed,  00:8:13 (hh:mm:ss) est. time remaining.
       43% completed,  00:8:07 (hh:mm:ss) est. time remaining.
       44% completed,  00:8:01 (hh:mm:ss) est. time remaining.
       44% completed,  00:7:52 (hh:mm:ss) est. time remaining.
       46% completed,  00:7:32 (hh:mm:ss) est. time remaining.
       46% completed,  00:7:31 (hh:mm:ss) est. time remaining.
       47% completed,  00:7:21 (hh:mm:ss) est. time remaining.
       48% completed,  00:7:21 (hh:mm:ss) est. time remaining.
       48% completed,  00:7:11 (hh:mm:ss) est. time remaining.
       49% completed,  00:7:11 (hh:mm:ss) est. time remaining.
       49% completed,  00:7:03 (hh:mm:ss) est. time remaining.
       50% completed,  00:7:00 (hh:mm:ss) est. time remaining.
       51% completed,  00:6:52 (hh:mm:ss) est. time remaining.
       51% completed,  00:6:51 (hh:mm:ss) est. time remaining.
       52% completed,  00:6:42 (hh:mm:ss) est. time remaining.
       52% completed,  00:6:41 (hh:mm:ss) est. time remaining.
       53% completed,  00:6:33 (hh:mm:ss) est. time remaining.
       54% completed,  00:6:32 (hh:mm:ss) est. time remaining.
       54% completed,  00:6:23 (hh:mm:ss) est. time remaining.
       55% completed,  00:6:17 (hh:mm:ss) est. time remaining.
       55% completed,  00:6:11 (hh:mm:ss) est. time remaining.
       56% completed,  00:6:08 (hh:mm:ss) est. time remaining.
       56% completed,  00:6:01 (hh:mm:ss) est. time remaining.
       57% completed,  00:6:00 (hh:mm:ss) est. time remaining.
       58% completed,  00:5:52 (hh:mm:ss) est. time remaining.
       58% completed,  00:5:49 (hh:mm:ss) est. time remaining.
       59% completed,  00:5:43 (hh:mm:ss) est. time remaining.
       59% completed,  00:5:41 (hh:mm:ss) est. time remaining.
       60% completed,  00:5:34 (hh:mm:ss) est. time remaining.
       60% completed,  00:5:27 (hh:mm:ss) est. time remaining.
       61% completed,  00:5:26 (hh:mm:ss) est. time remaining.
       61% completed,  00:5:18 (hh:mm:ss) est. time remaining.
       62% completed,  00:5:16 (hh:mm:ss) est. time remaining.
       62% completed,  00:5:10 (hh:mm:ss) est. time remaining.
       63% completed,  00:5:08 (hh:mm:ss) est. time remaining.
       64% completed,  00:5:02 (hh:mm:ss) est. time remaining.
       64% completed,  00:4:59 (hh:mm:ss) est. time remaining.
       65% completed,  00:4:53 (hh:mm:ss) est. time remaining.
       65% completed,  00:4:50 (hh:mm:ss) est. time remaining.
       66% completed,  00:4:45 (hh:mm:ss) est. time remaining.
       66% completed,  00:4:42 (hh:mm:ss) est. time remaining.
       67% completed,  00:4:36 (hh:mm:ss) est. time remaining.
       67% completed,  00:4:33 (hh:mm:ss) est. time remaining.
       68% completed,  00:4:29 (hh:mm:ss) est. time remaining.
       68% completed,  00:4:26 (hh:mm:ss) est. time remaining.
       68% completed,  00:4:20 (hh:mm:ss) est. time remaining.
       69% completed,  00:4:17 (hh:mm:ss) est. time remaining.
       69% completed,  00:4:12 (hh:mm:ss) est. time remaining.
       70% completed,  00:4:10 (hh:mm:ss) est. time remaining.
       70% completed,  00:4:05 (hh:mm:ss) est. time remaining.
       71% completed,  00:4:01 (hh:mm:ss) est. time remaining.
       71% completed,  00:3:57 (hh:mm:ss) est. time remaining.
       72% completed,  00:3:54 (hh:mm:ss) est. time remaining.
       72% completed,  00:3:49 (hh:mm:ss) est. time remaining.
       73% completed,  00:3:46 (hh:mm:ss) est. time remaining.
       73% completed,  00:3:42 (hh:mm:ss) est. time remaining.
       74% completed,  00:3:38 (hh:mm:ss) est. time remaining.
       74% completed,  00:3:35 (hh:mm:ss) est. time remaining.
       74% completed,  00:3:31 (hh:mm:ss) est. time remaining.
       75% completed,  00:3:28 (hh:mm:ss) est. time remaining.
       75% completed,  00:3:24 (hh:mm:ss) est. time remaining.
       76% completed,  00:3:20 (hh:mm:ss) est. time remaining.
       76% completed,  00:3:17 (hh:mm:ss) est. time remaining.
       77% completed,  00:3:13 (hh:mm:ss) est. time remaining.
       77% completed,  00:3:10 (hh:mm:ss) est. time remaining.
       77% completed,  00:3:06 (hh:mm:ss) est. time remaining.
       78% completed,  00:3:03 (hh:mm:ss) est. time remaining.
       78% completed,  00:3:00 (hh:mm:ss) est. time remaining.
       79% completed,  00:2:57 (hh:mm:ss) est. time remaining.
       79% completed,  00:2:53 (hh:mm:ss) est. time remaining.
       79% completed,  00:2:50 (hh:mm:ss) est. time remaining.
       80% completed,  00:2:47 (hh:mm:ss) est. time remaining.
       80% completed,  00:2:43 (hh:mm:ss) est. time remaining.
       80% completed,  00:2:40 (hh:mm:ss) est. time remaining.
       81% completed,  00:2:37 (hh:mm:ss) est. time remaining.
       81% completed,  00:2:34 (hh:mm:ss) est. time remaining.
       82% completed,  00:2:31 (hh:mm:ss) est. time remaining.
       82% completed,  00:2:28 (hh:mm:ss) est. time remaining.
       82% completed,  00:2:25 (hh:mm:ss) est. time remaining.
       83% completed,  00:2:22 (hh:mm:ss) est. time remaining.
       83% completed,  00:2:19 (hh:mm:ss) est. time remaining.
       83% completed,  00:2:16 (hh:mm:ss) est. time remaining.
       84% completed,  00:2:13 (hh:mm:ss) est. time remaining.
       84% completed,  00:2:10 (hh:mm:ss) est. time remaining.
       84% completed,  00:2:07 (hh:mm:ss) est. time remaining.
       85% completed,  00:2:05 (hh:mm:ss) est. time remaining.
       85% completed,  00:2:02 (hh:mm:ss) est. time remaining.
       85% completed,  00:1:59 (hh:mm:ss) est. time remaining.
       86% completed,  00:1:56 (hh:mm:ss) est. time remaining.
       86% completed,  00:1:54 (hh:mm:ss) est. time remaining.
       86% completed,  00:1:51 (hh:mm:ss) est. time remaining.
       87% completed,  00:1:48 (hh:mm:ss) est. time remaining.
       87% completed,  00:1:46 (hh:mm:ss) est. time remaining.
       87% completed,  00:1:43 (hh:mm:ss) est. time remaining.
       88% completed,  00:1:41 (hh:mm:ss) est. time remaining.
       88% completed,  00:1:38 (hh:mm:ss) est. time remaining.
       88% completed,  00:1:36 (hh:mm:ss) est. time remaining.
       88% completed,  00:1:33 (hh:mm:ss) est. time remaining.
       89% completed,  00:1:31 (hh:mm:ss) est. time remaining.
       89% completed,  00:1:29 (hh:mm:ss) est. time remaining.
       89% completed,  00:1:26 (hh:mm:ss) est. time remaining.
       90% completed,  00:1:24 (hh:mm:ss) est. time remaining.
       90% completed,  00:1:22 (hh:mm:ss) est. time remaining.
       90% completed,  00:1:19 (hh:mm:ss) est. time remaining.
       90% completed,  00:1:17 (hh:mm:ss) est. time remaining.
       91% completed,  00:1:15 (hh:mm:ss) est. time remaining.
       91% completed,  00:1:13 (hh:mm:ss) est. time remaining.
       91% completed,  00:1:11 (hh:mm:ss) est. time remaining.
       91% completed,  00:1:09 (hh:mm:ss) est. time remaining.
       92% completed,  00:1:06 (hh:mm:ss) est. time remaining.
       92% completed,  00:1:05 (hh:mm:ss) est. time remaining.
       92% completed,  00:1:02 (hh:mm:ss) est. time remaining.
       92% completed,  00:1:01 (hh:mm:ss) est. time remaining.
       93% completed,  00:0:59 (hh:mm:ss) est. time remaining.
       93% completed,  00:0:57 (hh:mm:ss) est. time remaining.
       93% completed,  00:0:55 (hh:mm:ss) est. time remaining.
       93% completed,  00:0:53 (hh:mm:ss) est. time remaining.
       93% completed,  00:0:51 (hh:mm:ss) est. time remaining.
       94% completed,  00:0:49 (hh:mm:ss) est. time remaining.
       94% completed,  00:0:48 (hh:mm:ss) est. time remaining.
       94% completed,  00:0:46 (hh:mm:ss) est. time remaining.
       94% completed,  00:0:44 (hh:mm:ss) est. time remaining.
       94% completed,  00:0:43 (hh:mm:ss) est. time remaining.
       95% completed,  00:0:41 (hh:mm:ss) est. time remaining.
       95% completed,  00:0:39 (hh:mm:ss) est. time remaining.
       95% completed,  00:0:38 (hh:mm:ss) est. time remaining.
       95% completed,  00:0:36 (hh:mm:ss) est. time remaining.
       95% completed,  00:0:35 (hh:mm:ss) est. time remaining.
       96% completed,  00:0:33 (hh:mm:ss) est. time remaining.
       96% completed,  00:0:32 (hh:mm:ss) est. time remaining.
       96% completed,  00:0:30 (hh:mm:ss) est. time remaining.
       96% completed,  00:0:29 (hh:mm:ss) est. time remaining.
       96% completed,  00:0:28 (hh:mm:ss) est. time remaining.
       96% completed,  00:0:26 (hh:mm:ss) est. time remaining.
       96% completed,  00:0:25 (hh:mm:ss) est. time remaining.
       97% completed,  00:0:24 (hh:mm:ss) est. time remaining.
       97% completed,  00:0:23 (hh:mm:ss) est. time remaining.
       97% completed,  00:0:21 (hh:mm:ss) est. time remaining.
       97% completed,  00:0:20 (hh:mm:ss) est. time remaining.
       97% completed,  00:0:19 (hh:mm:ss) est. time remaining.
       97% completed,  00:0:18 (hh:mm:ss) est. time remaining.
       97% completed,  00:0:17 (hh:mm:ss) est. time remaining.
       98% completed,  00:0:16 (hh:mm:ss) est. time remaining.
       98% completed,  00:0:15 (hh:mm:ss) est. time remaining.
       98% completed,  00:0:14 (hh:mm:ss) est. time remaining.
       98% completed,  00:0:13 (hh:mm:ss) est. time remaining.
       98% completed,  00:0:12 (hh:mm:ss) est. time remaining.
       98% completed,  00:0:11 (hh:mm:ss) est. time remaining.
       98% completed,  00:0:11 (hh:mm:ss) est. time remaining.
       98% completed,  00:0:10 (hh:mm:ss) est. time remaining.
       98% completed,  00:0:09 (hh:mm:ss) est. time remaining.
       98% completed,  00:0:08 (hh:mm:ss) est. time remaining.
       99% completed,  00:0:07 (hh:mm:ss) est. time remaining.
       99% completed,  00:0:07 (hh:mm:ss) est. time remaining.
       99% completed,  00:0:06 (hh:mm:ss) est. time remaining.
       99% completed,  00:0:05 (hh:mm:ss) est. time remaining.
       99% completed,  00:0:05 (hh:mm:ss) est. time remaining.
       99% completed,  00:0:04 (hh:mm:ss) est. time remaining.
       99% completed,  00:0:04 (hh:mm:ss) est. time remaining.
       99% completed,  00:0:03 (hh:mm:ss) est. time remaining.
       99% completed,  00:0:03 (hh:mm:ss) est. time remaining.
       99% completed,  00:0:02 (hh:mm:ss) est. time remaining.
       99% completed,  00:0:02 (hh:mm:ss) est. time remaining.
       99% completed,  00:0:02 (hh:mm:ss) est. time remaining.
       99% completed,  00:0:01 (hh:mm:ss) est. time remaining.
       99% completed,  00:0:01 (hh:mm:ss) est. time remaining.
       99% completed,  00:0:01 (hh:mm:ss) est. time remaining.
       99% completed,  00:0:00 (hh:mm:ss) est. time remaining.
       99% completed,  00:0:00 (hh:mm:ss) est. time remaining.
       99% completed,  00:0:00 (hh:mm:ss) est. time remaining.
       99% completed,  00:0:00 (hh:mm:ss) est. time remaining.
       99% completed,  00:0:00 (hh:mm:ss) est. time remaining.
      100% completed,  00:0:00 (hh:mm:ss) est. time remaining.
Comparison Time: 00:14:05 (hh:mm:ss) Elapsed Time, 1446 HSPs Collected
  - RECON: Running imagespread..
RECON Elapsed: 00:00:00 (hh:mm:ss) Elapsed Time
  - RECON: Running initial definition of elements ( eledef )..
RECON Elapsed: 00:00:03 (hh:mm:ss) Elapsed Time
  - RECON: Running re-definition of elements ( eleredef )..
RECON Elapsed: 00:00:04 (hh:mm:ss) Elapsed Time
  - RECON: Running re-definition of edges ( edgeredef )..
RECON Elapsed: 00:00:07 (hh:mm:ss) Elapsed Time
  - RECON: Running family definition ( famdef )..
RECON Elapsed: 00:00:00 (hh:mm:ss) Elapsed Time
  - Obtaining element sequences
Number of families returned by RECON: 569
Processing families with greater than 15 elements
Family Refinement: 00:00:00 (hh:mm:ss) Elapsed Time
Round Time: 00:14:49 (hh:mm:ss) Elapsed Time


RepeatModeler Round # 4
========================
Searching for Repeats
 -- Sampling from the database...
   - Gathering up to 27000000 bp
   - Sequence extraction : 00:00:02 (hh:mm:ss) Elapsed Time
 -- Running TRFMask on the sequence...
       532 Tandem Repeats Masked
   - TRFMask time 00:00:26 (hh:mm:ss) Elapsed Time
 -- Masking repeats from the previous rounds...
  - Masking 1 - 5 of 693
  - Masking 16 - 30 of 693
  - Masking 41 - 65 of 693
  - Masking 76 - 110 of 693
  - Masking 121 - 165 of 693
  - Masking 176 - 230 of 693
  - Masking 241 - 305 of 693
  - Masking 316 - 390 of 693
  - Masking 401 - 485 of 693
  - Masking 496 - 590 of 693
  - Masking 596 - 693 of 693
   - TE Masking time 00:00:39 (hh:mm:ss) Elapsed Time
 -- Sample Stats:
       Sample Size 27007364 bp
       Num Contigs Represented = 39
       Non ambiguous bp:
             Initial: 27007364 bp
             After Masking: 26429072 bp
             Masked: 2.14 % 
 -- Input Database Coverage: 39059576 bp out of 49247973 bp ( 79.31 % )
Sampling Time: 00:01:09 (hh:mm:ss) Elapsed Time
Running all-by-other comparisons...
        0% completed,  04:13:22 (hh:mm:ss) est. time remaining.
        0% completed,  02:9:16 (hh:mm:ss) est. time remaining.
        0% completed,  02:46:16 (hh:mm:ss) est. time remaining.
        1% completed,  02:4:25 (hh:mm:ss) est. time remaining.
        1% completed,  02:27:16 (hh:mm:ss) est. time remaining.
        1% completed,  02:4:21 (hh:mm:ss) est. time remaining.
        2% completed,  02:21:16 (hh:mm:ss) est. time remaining.
        2% completed,  02:4:45 (hh:mm:ss) est. time remaining.
        2% completed,  02:16:26 (hh:mm:ss) est. time remaining.
        2% completed,  02:3:05 (hh:mm:ss) est. time remaining.
        3% completed,  02:2:25 (hh:mm:ss) est. time remaining.
        3% completed,  01:58:59 (hh:mm:ss) est. time remaining.
        3% completed,  02:2:31 (hh:mm:ss) est. time remaining.
        4% completed,  01:57:31 (hh:mm:ss) est. time remaining.
        4% completed,  02:2:28 (hh:mm:ss) est. time remaining.
        4% completed,  01:58:23 (hh:mm:ss) est. time remaining.
        4% completed,  02:1:19 (hh:mm:ss) est. time remaining.
        5% completed,  01:57:24 (hh:mm:ss) est. time remaining.
        5% completed,  02:1:10 (hh:mm:ss) est. time remaining.
        5% completed,  01:57:37 (hh:mm:ss) est. time remaining.
        5% completed,  02:0:09 (hh:mm:ss) est. time remaining.
        6% completed,  01:56:26 (hh:mm:ss) est. time remaining.
        6% completed,  01:58:31 (hh:mm:ss) est. time remaining.
        6% completed,  01:57:39 (hh:mm:ss) est. time remaining.
        7% completed,  01:57:56 (hh:mm:ss) est. time remaining.
        7% completed,  01:57:07 (hh:mm:ss) est. time remaining.
        7% completed,  01:57:22 (hh:mm:ss) est. time remaining.
        7% completed,  01:53:41 (hh:mm:ss) est. time remaining.
        8% completed,  01:56:48 (hh:mm:ss) est. time remaining.
        8% completed,  01:53:11 (hh:mm:ss) est. time remaining.
        8% completed,  01:49:59 (hh:mm:ss) est. time remaining.
        9% completed,  01:52:20 (hh:mm:ss) est. time remaining.
        9% completed,  01:49:30 (hh:mm:ss) est. time remaining.
        9% completed,  01:51:23 (hh:mm:ss) est. time remaining.
        9% completed,  01:48:52 (hh:mm:ss) est. time remaining.
       10% completed,  01:50:56 (hh:mm:ss) est. time remaining.
       10% completed,  01:48:15 (hh:mm:ss) est. time remaining.
       10% completed,  01:50:53 (hh:mm:ss) est. time remaining.
       10% completed,  01:47:55 (hh:mm:ss) est. time remaining.
       11% completed,  01:50:31 (hh:mm:ss) est. time remaining.
       11% completed,  01:47:50 (hh:mm:ss) est. time remaining.
       11% completed,  01:49:46 (hh:mm:ss) est. time remaining.
       12% completed,  01:47:20 (hh:mm:ss) est. time remaining.
       12% completed,  01:49:17 (hh:mm:ss) est. time remaining.
       12% completed,  01:46:50 (hh:mm:ss) est. time remaining.
       12% completed,  01:47:40 (hh:mm:ss) est. time remaining.
       13% completed,  01:46:00 (hh:mm:ss) est. time remaining.
       13% completed,  01:47:20 (hh:mm:ss) est. time remaining.
       13% completed,  01:45:19 (hh:mm:ss) est. time remaining.
       13% completed,  01:46:46 (hh:mm:ss) est. time remaining.
       14% completed,  01:45:02 (hh:mm:ss) est. time remaining.
       14% completed,  01:46:08 (hh:mm:ss) est. time remaining.
       14% completed,  01:44:39 (hh:mm:ss) est. time remaining.
       14% completed,  01:45:18 (hh:mm:ss) est. time remaining.
       15% completed,  01:44:21 (hh:mm:ss) est. time remaining.
       15% completed,  01:44:41 (hh:mm:ss) est. time remaining.
       15% completed,  01:44:12 (hh:mm:ss) est. time remaining.
       16% completed,  01:44:15 (hh:mm:ss) est. time remaining.
       16% completed,  01:43:42 (hh:mm:ss) est. time remaining.
       16% completed,  01:43:39 (hh:mm:ss) est. time remaining.
       16% completed,  01:43:16 (hh:mm:ss) est. time remaining.
       17% completed,  01:43:03 (hh:mm:ss) est. time remaining.
       17% completed,  01:43:00 (hh:mm:ss) est. time remaining.
       17% completed,  01:42:28 (hh:mm:ss) est. time remaining.
       17% completed,  01:42:20 (hh:mm:ss) est. time remaining.
       18% completed,  01:41:40 (hh:mm:ss) est. time remaining.
       18% completed,  01:41:58 (hh:mm:ss) est. time remaining.
       18% completed,  01:41:14 (hh:mm:ss) est. time remaining.
       18% completed,  01:41:23 (hh:mm:ss) est. time remaining.
       19% completed,  01:40:32 (hh:mm:ss) est. time remaining.
       19% completed,  01:40:48 (hh:mm:ss) est. time remaining.
       19% completed,  01:39:50 (hh:mm:ss) est. time remaining.
       19% completed,  01:40:14 (hh:mm:ss) est. time remaining.
       20% completed,  01:39:26 (hh:mm:ss) est. time remaining.
       20% completed,  01:39:32 (hh:mm:ss) est. time remaining.
       20% completed,  01:38:37 (hh:mm:ss) est. time remaining.
       21% completed,  01:38:48 (hh:mm:ss) est. time remaining.
       21% completed,  01:38:05 (hh:mm:ss) est. time remaining.
       21% completed,  01:37:56 (hh:mm:ss) est. time remaining.
       21% completed,  01:37:15 (hh:mm:ss) est. time remaining.
       22% completed,  01:37:21 (hh:mm:ss) est. time remaining.
       22% completed,  01:36:41 (hh:mm:ss) est. time remaining.
       22% completed,  01:36:53 (hh:mm:ss) est. time remaining.
       22% completed,  01:36:03 (hh:mm:ss) est. time remaining.
       23% completed,  01:36:14 (hh:mm:ss) est. time remaining.
       23% completed,  01:34:59 (hh:mm:ss) est. time remaining.
       23% completed,  01:34:05 (hh:mm:ss) est. time remaining.
       23% completed,  01:34:36 (hh:mm:ss) est. time remaining.
       24% completed,  01:33:40 (hh:mm:ss) est. time remaining.
       24% completed,  01:34:00 (hh:mm:ss) est. time remaining.
       24% completed,  01:32:59 (hh:mm:ss) est. time remaining.
       24% completed,  01:33:15 (hh:mm:ss) est. time remaining.
       25% completed,  01:32:19 (hh:mm:ss) est. time remaining.
       25% completed,  01:32:46 (hh:mm:ss) est. time remaining.
       25% completed,  01:31:40 (hh:mm:ss) est. time remaining.
       25% completed,  01:31:23 (hh:mm:ss) est. time remaining.
       26% completed,  01:30:58 (hh:mm:ss) est. time remaining.
       26% completed,  01:30:44 (hh:mm:ss) est. time remaining.
       26% completed,  01:30:22 (hh:mm:ss) est. time remaining.
       26% completed,  01:29:14 (hh:mm:ss) est. time remaining.
       27% completed,  01:29:39 (hh:mm:ss) est. time remaining.
       27% completed,  01:28:35 (hh:mm:ss) est. time remaining.
       27% completed,  01:29:07 (hh:mm:ss) est. time remaining.
       27% completed,  01:28:05 (hh:mm:ss) est. time remaining.
       28% completed,  01:28:23 (hh:mm:ss) est. time remaining.
       28% completed,  01:27:26 (hh:mm:ss) est. time remaining.
       28% completed,  01:27:39 (hh:mm:ss) est. time remaining.
       28% completed,  01:26:51 (hh:mm:ss) est. time remaining.
       29% completed,  01:26:24 (hh:mm:ss) est. time remaining.
       29% completed,  01:25:26 (hh:mm:ss) est. time remaining.
       29% completed,  01:25:14 (hh:mm:ss) est. time remaining.
       29% completed,  01:25:00 (hh:mm:ss) est. time remaining.
       29% completed,  01:24:41 (hh:mm:ss) est. time remaining.
       30% completed,  01:24:29 (hh:mm:ss) est. time remaining.
       30% completed,  01:24:13 (hh:mm:ss) est. time remaining.
       30% completed,  01:23:52 (hh:mm:ss) est. time remaining.
       30% completed,  01:23:40 (hh:mm:ss) est. time remaining.
       31% completed,  01:23:24 (hh:mm:ss) est. time remaining.
       31% completed,  01:23:12 (hh:mm:ss) est. time remaining.
       31% completed,  01:22:22 (hh:mm:ss) est. time remaining.
       31% completed,  01:21:55 (hh:mm:ss) est. time remaining.
       32% completed,  01:21:06 (hh:mm:ss) est. time remaining.
       32% completed,  01:21:22 (hh:mm:ss) est. time remaining.
       32% completed,  01:20:34 (hh:mm:ss) est. time remaining.
       32% completed,  01:20:52 (hh:mm:ss) est. time remaining.
       33% completed,  01:20:04 (hh:mm:ss) est. time remaining.
       33% completed,  01:20:27 (hh:mm:ss) est. time remaining.
       33% completed,  01:19:39 (hh:mm:ss) est. time remaining.
       33% completed,  01:19:59 (hh:mm:ss) est. time remaining.
       34% completed,  01:19:11 (hh:mm:ss) est. time remaining.
       34% completed,  01:19:21 (hh:mm:ss) est. time remaining.
       34% completed,  01:18:42 (hh:mm:ss) est. time remaining.
       34% completed,  01:18:51 (hh:mm:ss) est. time remaining.
       34% completed,  01:18:18 (hh:mm:ss) est. time remaining.
       35% completed,  01:18:23 (hh:mm:ss) est. time remaining.
       35% completed,  01:17:47 (hh:mm:ss) est. time remaining.
       35% completed,  01:17:38 (hh:mm:ss) est. time remaining.
       35% completed,  01:17:20 (hh:mm:ss) est. time remaining.
       36% completed,  01:16:47 (hh:mm:ss) est. time remaining.
       36% completed,  01:16:52 (hh:mm:ss) est. time remaining.
       36% completed,  01:16:17 (hh:mm:ss) est. time remaining.
       36% completed,  01:16:25 (hh:mm:ss) est. time remaining.
       37% completed,  01:15:51 (hh:mm:ss) est. time remaining.
       37% completed,  01:15:57 (hh:mm:ss) est. time remaining.
       37% completed,  01:15:18 (hh:mm:ss) est. time remaining.
       37% completed,  01:15:27 (hh:mm:ss) est. time remaining.
       37% completed,  01:14:50 (hh:mm:ss) est. time remaining.
       38% completed,  01:14:57 (hh:mm:ss) est. time remaining.
       38% completed,  01:14:22 (hh:mm:ss) est. time remaining.
       38% completed,  01:14:27 (hh:mm:ss) est. time remaining.
       38% completed,  01:13:54 (hh:mm:ss) est. time remaining.
       39% completed,  01:13:56 (hh:mm:ss) est. time remaining.
       39% completed,  01:13:20 (hh:mm:ss) est. time remaining.
       39% completed,  01:13:26 (hh:mm:ss) est. time remaining.
       39% completed,  01:12:54 (hh:mm:ss) est. time remaining.
       39% completed,  01:12:24 (hh:mm:ss) est. time remaining.
       40% completed,  01:12:26 (hh:mm:ss) est. time remaining.
       40% completed,  01:11:57 (hh:mm:ss) est. time remaining.
       40% completed,  01:11:54 (hh:mm:ss) est. time remaining.
       40% completed,  01:11:25 (hh:mm:ss) est. time remaining.
       41% completed,  01:11:27 (hh:mm:ss) est. time remaining.
       41% completed,  01:10:54 (hh:mm:ss) est. time remaining.
       41% completed,  01:10:57 (hh:mm:ss) est. time remaining.
       41% completed,  01:10:23 (hh:mm:ss) est. time remaining.
       41% completed,  01:10:20 (hh:mm:ss) est. time remaining.
       42% completed,  01:9:50 (hh:mm:ss) est. time remaining.
       42% completed,  01:9:51 (hh:mm:ss) est. time remaining.
       42% completed,  01:9:19 (hh:mm:ss) est. time remaining.
       42% completed,  01:9:22 (hh:mm:ss) est. time remaining.
       43% completed,  01:8:50 (hh:mm:ss) est. time remaining.
       43% completed,  01:8:50 (hh:mm:ss) est. time remaining.
       43% completed,  01:8:19 (hh:mm:ss) est. time remaining.
       43% completed,  01:8:22 (hh:mm:ss) est. time remaining.
       43% completed,  01:7:50 (hh:mm:ss) est. time remaining.
       44% completed,  01:7:53 (hh:mm:ss) est. time remaining.
       44% completed,  01:7:22 (hh:mm:ss) est. time remaining.
       44% completed,  01:7:24 (hh:mm:ss) est. time remaining.
       44% completed,  01:6:52 (hh:mm:ss) est. time remaining.
       45% completed,  01:6:57 (hh:mm:ss) est. time remaining.
       45% completed,  01:6:22 (hh:mm:ss) est. time remaining.
       45% completed,  01:6:30 (hh:mm:ss) est. time remaining.
       45% completed,  01:5:56 (hh:mm:ss) est. time remaining.
       45% completed,  01:5:58 (hh:mm:ss) est. time remaining.
       46% completed,  01:5:29 (hh:mm:ss) est. time remaining.
       46% completed,  01:5:27 (hh:mm:ss) est. time remaining.
       46% completed,  01:5:03 (hh:mm:ss) est. time remaining.
       46% completed,  01:4:58 (hh:mm:ss) est. time remaining.
       46% completed,  01:4:31 (hh:mm:ss) est. time remaining.
       47% completed,  01:4:07 (hh:mm:ss) est. time remaining.
       47% completed,  01:4:04 (hh:mm:ss) est. time remaining.
       47% completed,  01:3:40 (hh:mm:ss) est. time remaining.
       47% completed,  01:3:37 (hh:mm:ss) est. time remaining.
       47% completed,  01:3:09 (hh:mm:ss) est. time remaining.
       48% completed,  01:3:07 (hh:mm:ss) est. time remaining.
       48% completed,  01:2:39 (hh:mm:ss) est. time remaining.
       48% completed,  01:2:37 (hh:mm:ss) est. time remaining.
       48% completed,  01:2:11 (hh:mm:ss) est. time remaining.
       49% completed,  01:1:44 (hh:mm:ss) est. time remaining.
       49% completed,  01:1:34 (hh:mm:ss) est. time remaining.
       49% completed,  01:1:14 (hh:mm:ss) est. time remaining.
       49% completed,  01:1:02 (hh:mm:ss) est. time remaining.
       49% completed,  01:0:46 (hh:mm:ss) est. time remaining.
       50% completed,  01:0:31 (hh:mm:ss) est. time remaining.
       50% completed,  01:0:18 (hh:mm:ss) est. time remaining.
       50% completed,  01:0:01 (hh:mm:ss) est. time remaining.
       50% completed,  00:59:49 (hh:mm:ss) est. time remaining.
       50% completed,  00:59:34 (hh:mm:ss) est. time remaining.
       51% completed,  00:59:21 (hh:mm:ss) est. time remaining.
       51% completed,  00:58:55 (hh:mm:ss) est. time remaining.
       51% completed,  00:58:54 (hh:mm:ss) est. time remaining.
       51% completed,  00:58:28 (hh:mm:ss) est. time remaining.
       51% completed,  00:58:25 (hh:mm:ss) est. time remaining.
       52% completed,  00:58:00 (hh:mm:ss) est. time remaining.
       52% completed,  00:57:56 (hh:mm:ss) est. time remaining.
       52% completed,  00:57:32 (hh:mm:ss) est. time remaining.
       52% completed,  00:57:28 (hh:mm:ss) est. time remaining.
       52% completed,  00:57:05 (hh:mm:ss) est. time remaining.
       53% completed,  00:57:01 (hh:mm:ss) est. time remaining.
       53% completed,  00:56:37 (hh:mm:ss) est. time remaining.
       53% completed,  00:56:20 (hh:mm:ss) est. time remaining.
       53% completed,  00:56:11 (hh:mm:ss) est. time remaining.
       53% completed,  00:55:52 (hh:mm:ss) est. time remaining.
       54% completed,  00:55:45 (hh:mm:ss) est. time remaining.
       54% completed,  00:55:26 (hh:mm:ss) est. time remaining.
       54% completed,  00:55:17 (hh:mm:ss) est. time remaining.
       54% completed,  00:54:58 (hh:mm:ss) est. time remaining.
       54% completed,  00:54:52 (hh:mm:ss) est. time remaining.
       55% completed,  00:54:31 (hh:mm:ss) est. time remaining.
       55% completed,  00:54:25 (hh:mm:ss) est. time remaining.
       55% completed,  00:54:04 (hh:mm:ss) est. time remaining.
       55% completed,  00:54:00 (hh:mm:ss) est. time remaining.
       55% completed,  00:53:37 (hh:mm:ss) est. time remaining.
       55% completed,  00:53:33 (hh:mm:ss) est. time remaining.
       56% completed,  00:53:09 (hh:mm:ss) est. time remaining.
       56% completed,  00:53:02 (hh:mm:ss) est. time remaining.
       56% completed,  00:52:44 (hh:mm:ss) est. time remaining.
       56% completed,  00:52:34 (hh:mm:ss) est. time remaining.
       56% completed,  00:52:18 (hh:mm:ss) est. time remaining.
       57% completed,  00:52:07 (hh:mm:ss) est. time remaining.
       57% completed,  00:51:50 (hh:mm:ss) est. time remaining.
       57% completed,  00:51:40 (hh:mm:ss) est. time remaining.
       57% completed,  00:51:26 (hh:mm:ss) est. time remaining.
       57% completed,  00:51:12 (hh:mm:ss) est. time remaining.
       58% completed,  00:51:00 (hh:mm:ss) est. time remaining.
       58% completed,  00:50:48 (hh:mm:ss) est. time remaining.
       58% completed,  00:50:33 (hh:mm:ss) est. time remaining.
       58% completed,  00:50:20 (hh:mm:ss) est. time remaining.
       58% completed,  00:50:08 (hh:mm:ss) est. time remaining.
       58% completed,  00:49:53 (hh:mm:ss) est. time remaining.
       59% completed,  00:49:27 (hh:mm:ss) est. time remaining.
       59% completed,  00:49:06 (hh:mm:ss) est. time remaining.
       59% completed,  00:48:50 (hh:mm:ss) est. time remaining.
       59% completed,  00:48:36 (hh:mm:ss) est. time remaining.
       60% completed,  00:48:26 (hh:mm:ss) est. time remaining.
       60% completed,  00:48:09 (hh:mm:ss) est. time remaining.
       60% completed,  00:48:01 (hh:mm:ss) est. time remaining.
       60% completed,  00:47:44 (hh:mm:ss) est. time remaining.
       60% completed,  00:47:34 (hh:mm:ss) est. time remaining.
       60% completed,  00:47:18 (hh:mm:ss) est. time remaining.
       61% completed,  00:47:10 (hh:mm:ss) est. time remaining.
       61% completed,  00:46:52 (hh:mm:ss) est. time remaining.
       61% completed,  00:46:43 (hh:mm:ss) est. time remaining.
       61% completed,  00:46:26 (hh:mm:ss) est. time remaining.
       61% completed,  00:46:17 (hh:mm:ss) est. time remaining.
       62% completed,  00:46:02 (hh:mm:ss) est. time remaining.
       62% completed,  00:45:50 (hh:mm:ss) est. time remaining.
       62% completed,  00:45:38 (hh:mm:ss) est. time remaining.
       62% completed,  00:45:26 (hh:mm:ss) est. time remaining.
       62% completed,  00:45:12 (hh:mm:ss) est. time remaining.
       62% completed,  00:45:00 (hh:mm:ss) est. time remaining.
       63% completed,  00:44:49 (hh:mm:ss) est. time remaining.
       63% completed,  00:44:35 (hh:mm:ss) est. time remaining.
       63% completed,  00:44:23 (hh:mm:ss) est. time remaining.
       63% completed,  00:44:10 (hh:mm:ss) est. time remaining.
       63% completed,  00:43:59 (hh:mm:ss) est. time remaining.
       64% completed,  00:43:46 (hh:mm:ss) est. time remaining.
       64% completed,  00:43:35 (hh:mm:ss) est. time remaining.
       64% completed,  00:43:22 (hh:mm:ss) est. time remaining.
       64% completed,  00:43:09 (hh:mm:ss) est. time remaining.
       64% completed,  00:42:57 (hh:mm:ss) est. time remaining.
       64% completed,  00:42:45 (hh:mm:ss) est. time remaining.
       65% completed,  00:42:31 (hh:mm:ss) est. time remaining.
       65% completed,  00:42:22 (hh:mm:ss) est. time remaining.
       65% completed,  00:42:07 (hh:mm:ss) est. time remaining.
       65% completed,  00:41:57 (hh:mm:ss) est. time remaining.
       65% completed,  00:41:44 (hh:mm:ss) est. time remaining.
       65% completed,  00:41:32 (hh:mm:ss) est. time remaining.
       66% completed,  00:41:19 (hh:mm:ss) est. time remaining.
       66% completed,  00:41:07 (hh:mm:ss) est. time remaining.
       66% completed,  00:40:55 (hh:mm:ss) est. time remaining.
       66% completed,  00:40:39 (hh:mm:ss) est. time remaining.
       66% completed,  00:40:32 (hh:mm:ss) est. time remaining.
       66% completed,  00:40:16 (hh:mm:ss) est. time remaining.
       67% completed,  00:40:08 (hh:mm:ss) est. time remaining.
       67% completed,  00:39:53 (hh:mm:ss) est. time remaining.
       67% completed,  00:39:45 (hh:mm:ss) est. time remaining.
       67% completed,  00:39:30 (hh:mm:ss) est. time remaining.
       67% completed,  00:39:22 (hh:mm:ss) est. time remaining.
       67% completed,  00:39:06 (hh:mm:ss) est. time remaining.
       68% completed,  00:38:58 (hh:mm:ss) est. time remaining.
       68% completed,  00:38:42 (hh:mm:ss) est. time remaining.
       68% completed,  00:38:34 (hh:mm:ss) est. time remaining.
       68% completed,  00:38:20 (hh:mm:ss) est. time remaining.
       68% completed,  00:38:10 (hh:mm:ss) est. time remaining.
       68% completed,  00:37:56 (hh:mm:ss) est. time remaining.
       69% completed,  00:37:47 (hh:mm:ss) est. time remaining.
       69% completed,  00:37:32 (hh:mm:ss) est. time remaining.
       69% completed,  00:37:24 (hh:mm:ss) est. time remaining.
       69% completed,  00:37:09 (hh:mm:ss) est. time remaining.
       69% completed,  00:37:02 (hh:mm:ss) est. time remaining.
       69% completed,  00:36:47 (hh:mm:ss) est. time remaining.
       69% completed,  00:36:38 (hh:mm:ss) est. time remaining.
       70% completed,  00:36:25 (hh:mm:ss) est. time remaining.
       70% completed,  00:36:16 (hh:mm:ss) est. time remaining.
       70% completed,  00:36:02 (hh:mm:ss) est. time remaining.
       70% completed,  00:35:54 (hh:mm:ss) est. time remaining.
       70% completed,  00:35:39 (hh:mm:ss) est. time remaining.
       70% completed,  00:35:31 (hh:mm:ss) est. time remaining.
       71% completed,  00:35:17 (hh:mm:ss) est. time remaining.
       71% completed,  00:35:09 (hh:mm:ss) est. time remaining.
       71% completed,  00:34:55 (hh:mm:ss) est. time remaining.
       71% completed,  00:34:47 (hh:mm:ss) est. time remaining.
       71% completed,  00:34:32 (hh:mm:ss) est. time remaining.
       71% completed,  00:34:25 (hh:mm:ss) est. time remaining.
       71% completed,  00:34:11 (hh:mm:ss) est. time remaining.
       72% completed,  00:34:02 (hh:mm:ss) est. time remaining.
       72% completed,  00:33:48 (hh:mm:ss) est. time remaining.
       72% completed,  00:33:41 (hh:mm:ss) est. time remaining.
       72% completed,  00:33:26 (hh:mm:ss) est. time remaining.
       72% completed,  00:33:18 (hh:mm:ss) est. time remaining.
       72% completed,  00:33:04 (hh:mm:ss) est. time remaining.
       73% completed,  00:32:57 (hh:mm:ss) est. time remaining.
       73% completed,  00:32:43 (hh:mm:ss) est. time remaining.
       73% completed,  00:32:28 (hh:mm:ss) est. time remaining.
       73% completed,  00:32:22 (hh:mm:ss) est. time remaining.
       73% completed,  00:32:07 (hh:mm:ss) est. time remaining.
       73% completed,  00:31:59 (hh:mm:ss) est. time remaining.
       73% completed,  00:31:46 (hh:mm:ss) est. time remaining.
       74% completed,  00:31:39 (hh:mm:ss) est. time remaining.
       74% completed,  00:31:26 (hh:mm:ss) est. time remaining.
       74% completed,  00:31:18 (hh:mm:ss) est. time remaining.
       74% completed,  00:31:05 (hh:mm:ss) est. time remaining.
       74% completed,  00:30:51 (hh:mm:ss) est. time remaining.
       74% completed,  00:30:42 (hh:mm:ss) est. time remaining.
       74% completed,  00:30:31 (hh:mm:ss) est. time remaining.
       75% completed,  00:30:21 (hh:mm:ss) est. time remaining.
       75% completed,  00:30:11 (hh:mm:ss) est. time remaining.
       75% completed,  00:29:57 (hh:mm:ss) est. time remaining.
       75% completed,  00:29:50 (hh:mm:ss) est. time remaining.
       75% completed,  00:29:36 (hh:mm:ss) est. time remaining.
       75% completed,  00:29:29 (hh:mm:ss) est. time remaining.
       75% completed,  00:29:16 (hh:mm:ss) est. time remaining.
       76% completed,  00:29:08 (hh:mm:ss) est. time remaining.
       76% completed,  00:28:56 (hh:mm:ss) est. time remaining.
       76% completed,  00:28:48 (hh:mm:ss) est. time remaining.
       76% completed,  00:28:36 (hh:mm:ss) est. time remaining.
       76% completed,  00:28:27 (hh:mm:ss) est. time remaining.
       76% completed,  00:28:15 (hh:mm:ss) est. time remaining.
       76% completed,  00:28:08 (hh:mm:ss) est. time remaining.
       77% completed,  00:27:55 (hh:mm:ss) est. time remaining.
       77% completed,  00:27:48 (hh:mm:ss) est. time remaining.
       77% completed,  00:27:35 (hh:mm:ss) est. time remaining.
       77% completed,  00:27:28 (hh:mm:ss) est. time remaining.
       77% completed,  00:27:16 (hh:mm:ss) est. time remaining.
       77% completed,  00:27:07 (hh:mm:ss) est. time remaining.
       77% completed,  00:26:56 (hh:mm:ss) est. time remaining.
       78% completed,  00:26:47 (hh:mm:ss) est. time remaining.
       78% completed,  00:26:37 (hh:mm:ss) est. time remaining.
       78% completed,  00:26:26 (hh:mm:ss) est. time remaining.
       78% completed,  00:26:18 (hh:mm:ss) est. time remaining.
       78% completed,  00:26:07 (hh:mm:ss) est. time remaining.
       78% completed,  00:25:59 (hh:mm:ss) est. time remaining.
       78% completed,  00:25:48 (hh:mm:ss) est. time remaining.
       78% completed,  00:25:39 (hh:mm:ss) est. time remaining.
       79% completed,  00:25:28 (hh:mm:ss) est. time remaining.
       79% completed,  00:25:17 (hh:mm:ss) est. time remaining.
       79% completed,  00:25:07 (hh:mm:ss) est. time remaining.
       79% completed,  00:24:58 (hh:mm:ss) est. time remaining.
       79% completed,  00:24:47 (hh:mm:ss) est. time remaining.
       79% completed,  00:24:36 (hh:mm:ss) est. time remaining.
       79% completed,  00:24:29 (hh:mm:ss) est. time remaining.
       80% completed,  00:24:17 (hh:mm:ss) est. time remaining.
       80% completed,  00:24:10 (hh:mm:ss) est. time remaining.
       80% completed,  00:23:59 (hh:mm:ss) est. time remaining.
       80% completed,  00:23:48 (hh:mm:ss) est. time remaining.
       80% completed,  00:23:41 (hh:mm:ss) est. time remaining.
       80% completed,  00:23:30 (hh:mm:ss) est. time remaining.
       80% completed,  00:23:23 (hh:mm:ss) est. time remaining.
       80% completed,  00:23:11 (hh:mm:ss) est. time remaining.
       81% completed,  00:23:05 (hh:mm:ss) est. time remaining.
       81% completed,  00:22:53 (hh:mm:ss) est. time remaining.
       81% completed,  00:22:47 (hh:mm:ss) est. time remaining.
       81% completed,  00:22:35 (hh:mm:ss) est. time remaining.
       81% completed,  00:22:29 (hh:mm:ss) est. time remaining.
       81% completed,  00:22:18 (hh:mm:ss) est. time remaining.
       81% completed,  00:22:11 (hh:mm:ss) est. time remaining.
       81% completed,  00:22:00 (hh:mm:ss) est. time remaining.
       82% completed,  00:21:53 (hh:mm:ss) est. time remaining.
       82% completed,  00:21:42 (hh:mm:ss) est. time remaining.
       82% completed,  00:21:34 (hh:mm:ss) est. time remaining.
       82% completed,  00:21:25 (hh:mm:ss) est. time remaining.
       82% completed,  00:21:16 (hh:mm:ss) est. time remaining.
       82% completed,  00:21:08 (hh:mm:ss) est. time remaining.
       82% completed,  00:20:57 (hh:mm:ss) est. time remaining.
       82% completed,  00:20:50 (hh:mm:ss) est. time remaining.
       83% completed,  00:20:40 (hh:mm:ss) est. time remaining.
       83% completed,  00:20:33 (hh:mm:ss) est. time remaining.
       83% completed,  00:20:23 (hh:mm:ss) est. time remaining.
       83% completed,  00:20:16 (hh:mm:ss) est. time remaining.
       83% completed,  00:20:06 (hh:mm:ss) est. time remaining.
       83% completed,  00:19:59 (hh:mm:ss) est. time remaining.
       83% completed,  00:19:50 (hh:mm:ss) est. time remaining.
       83% completed,  00:19:42 (hh:mm:ss) est. time remaining.
       83% completed,  00:19:33 (hh:mm:ss) est. time remaining.
       84% completed,  00:19:25 (hh:mm:ss) est. time remaining.
       84% completed,  00:19:16 (hh:mm:ss) est. time remaining.
       84% completed,  00:19:09 (hh:mm:ss) est. time remaining.
       84% completed,  00:18:59 (hh:mm:ss) est. time remaining.
       84% completed,  00:18:52 (hh:mm:ss) est. time remaining.
       84% completed,  00:18:43 (hh:mm:ss) est. time remaining.
       84% completed,  00:18:36 (hh:mm:ss) est. time remaining.
       84% completed,  00:18:27 (hh:mm:ss) est. time remaining.
       84% completed,  00:18:19 (hh:mm:ss) est. time remaining.
       85% completed,  00:18:11 (hh:mm:ss) est. time remaining.
       85% completed,  00:18:04 (hh:mm:ss) est. time remaining.
       85% completed,  00:17:55 (hh:mm:ss) est. time remaining.
       85% completed,  00:17:47 (hh:mm:ss) est. time remaining.
       85% completed,  00:17:39 (hh:mm:ss) est. time remaining.
       85% completed,  00:17:31 (hh:mm:ss) est. time remaining.
       85% completed,  00:17:22 (hh:mm:ss) est. time remaining.
       85% completed,  00:17:15 (hh:mm:ss) est. time remaining.
       85% completed,  00:17:06 (hh:mm:ss) est. time remaining.
       86% completed,  00:16:59 (hh:mm:ss) est. time remaining.
       86% completed,  00:16:50 (hh:mm:ss) est. time remaining.
       86% completed,  00:16:43 (hh:mm:ss) est. time remaining.
       86% completed,  00:16:35 (hh:mm:ss) est. time remaining.
       86% completed,  00:16:27 (hh:mm:ss) est. time remaining.
       86% completed,  00:16:19 (hh:mm:ss) est. time remaining.
       86% completed,  00:16:12 (hh:mm:ss) est. time remaining.
       86% completed,  00:16:04 (hh:mm:ss) est. time remaining.
       86% completed,  00:15:57 (hh:mm:ss) est. time remaining.
       87% completed,  00:15:49 (hh:mm:ss) est. time remaining.
       87% completed,  00:15:42 (hh:mm:ss) est. time remaining.
       87% completed,  00:15:34 (hh:mm:ss) est. time remaining.
       87% completed,  00:15:27 (hh:mm:ss) est. time remaining.
       87% completed,  00:15:19 (hh:mm:ss) est. time remaining.
       87% completed,  00:15:12 (hh:mm:ss) est. time remaining.
       87% completed,  00:15:04 (hh:mm:ss) est. time remaining.
       87% completed,  00:14:57 (hh:mm:ss) est. time remaining.
       87% completed,  00:14:49 (hh:mm:ss) est. time remaining.
       87% completed,  00:14:42 (hh:mm:ss) est. time remaining.
       88% completed,  00:14:35 (hh:mm:ss) est. time remaining.
       88% completed,  00:14:28 (hh:mm:ss) est. time remaining.
       88% completed,  00:14:20 (hh:mm:ss) est. time remaining.
       88% completed,  00:14:13 (hh:mm:ss) est. time remaining.
       88% completed,  00:14:06 (hh:mm:ss) est. time remaining.
       88% completed,  00:13:59 (hh:mm:ss) est. time remaining.
       88% completed,  00:13:52 (hh:mm:ss) est. time remaining.
       88% completed,  00:13:45 (hh:mm:ss) est. time remaining.
       88% completed,  00:13:38 (hh:mm:ss) est. time remaining.
       88% completed,  00:13:31 (hh:mm:ss) est. time remaining.
       89% completed,  00:13:23 (hh:mm:ss) est. time remaining.
       89% completed,  00:13:17 (hh:mm:ss) est. time remaining.
       89% completed,  00:13:09 (hh:mm:ss) est. time remaining.
       89% completed,  00:13:03 (hh:mm:ss) est. time remaining.
       89% completed,  00:12:56 (hh:mm:ss) est. time remaining.
       89% completed,  00:12:49 (hh:mm:ss) est. time remaining.
       89% completed,  00:12:42 (hh:mm:ss) est. time remaining.
       89% completed,  00:12:36 (hh:mm:ss) est. time remaining.
       89% completed,  00:12:29 (hh:mm:ss) est. time remaining.
       89% completed,  00:12:22 (hh:mm:ss) est. time remaining.
       89% completed,  00:12:15 (hh:mm:ss) est. time remaining.
       90% completed,  00:12:09 (hh:mm:ss) est. time remaining.
       90% completed,  00:12:02 (hh:mm:ss) est. time remaining.
       90% completed,  00:11:56 (hh:mm:ss) est. time remaining.
       90% completed,  00:11:49 (hh:mm:ss) est. time remaining.
       90% completed,  00:11:43 (hh:mm:ss) est. time remaining.
       90% completed,  00:11:36 (hh:mm:ss) est. time remaining.
       90% completed,  00:11:30 (hh:mm:ss) est. time remaining.
       90% completed,  00:11:23 (hh:mm:ss) est. time remaining.
       90% completed,  00:11:17 (hh:mm:ss) est. time remaining.
       90% completed,  00:11:10 (hh:mm:ss) est. time remaining.
       90% completed,  00:11:04 (hh:mm:ss) est. time remaining.
       91% completed,  00:10:58 (hh:mm:ss) est. time remaining.
       91% completed,  00:10:51 (hh:mm:ss) est. time remaining.
       91% completed,  00:10:45 (hh:mm:ss) est. time remaining.
       91% completed,  00:10:38 (hh:mm:ss) est. time remaining.
       91% completed,  00:10:32 (hh:mm:ss) est. time remaining.
       91% completed,  00:10:26 (hh:mm:ss) est. time remaining.
       91% completed,  00:10:20 (hh:mm:ss) est. time remaining.
       91% completed,  00:10:14 (hh:mm:ss) est. time remaining.
       91% completed,  00:10:08 (hh:mm:ss) est. time remaining.
       91% completed,  00:10:02 (hh:mm:ss) est. time remaining.
       91% completed,  00:9:56 (hh:mm:ss) est. time remaining.
       91% completed,  00:9:50 (hh:mm:ss) est. time remaining.
       92% completed,  00:9:44 (hh:mm:ss) est. time remaining.
       92% completed,  00:9:38 (hh:mm:ss) est. time remaining.
       92% completed,  00:9:32 (hh:mm:ss) est. time remaining.
       92% completed,  00:9:26 (hh:mm:ss) est. time remaining.
       92% completed,  00:9:20 (hh:mm:ss) est. time remaining.
       92% completed,  00:9:14 (hh:mm:ss) est. time remaining.
       92% completed,  00:9:09 (hh:mm:ss) est. time remaining.
       92% completed,  00:9:03 (hh:mm:ss) est. time remaining.
       92% completed,  00:8:57 (hh:mm:ss) est. time remaining.
       92% completed,  00:8:52 (hh:mm:ss) est. time remaining.
       92% completed,  00:8:46 (hh:mm:ss) est. time remaining.
       92% completed,  00:8:40 (hh:mm:ss) est. time remaining.
       92% completed,  00:8:35 (hh:mm:ss) est. time remaining.
       93% completed,  00:8:29 (hh:mm:ss) est. time remaining.
       93% completed,  00:8:24 (hh:mm:ss) est. time remaining.
       93% completed,  00:8:18 (hh:mm:ss) est. time remaining.
       93% completed,  00:8:13 (hh:mm:ss) est. time remaining.
       93% completed,  00:8:07 (hh:mm:ss) est. time remaining.
       93% completed,  00:8:02 (hh:mm:ss) est. time remaining.
       93% completed,  00:7:56 (hh:mm:ss) est. time remaining.
       93% completed,  00:7:51 (hh:mm:ss) est. time remaining.
       93% completed,  00:7:45 (hh:mm:ss) est. time remaining.
       93% completed,  00:7:40 (hh:mm:ss) est. time remaining.
       93% completed,  00:7:35 (hh:mm:ss) est. time remaining.
       93% completed,  00:7:30 (hh:mm:ss) est. time remaining.
       93% completed,  00:7:25 (hh:mm:ss) est. time remaining.
       94% completed,  00:7:19 (hh:mm:ss) est. time remaining.
       94% completed,  00:7:14 (hh:mm:ss) est. time remaining.
       94% completed,  00:7:09 (hh:mm:ss) est. time remaining.
       94% completed,  00:7:04 (hh:mm:ss) est. time remaining.
       94% completed,  00:6:59 (hh:mm:ss) est. time remaining.
       94% completed,  00:6:54 (hh:mm:ss) est. time remaining.
       94% completed,  00:6:49 (hh:mm:ss) est. time remaining.
       94% completed,  00:6:44 (hh:mm:ss) est. time remaining.
       94% completed,  00:6:39 (hh:mm:ss) est. time remaining.
       94% completed,  00:6:34 (hh:mm:ss) est. time remaining.
       94% completed,  00:6:29 (hh:mm:ss) est. time remaining.
       94% completed,  00:6:24 (hh:mm:ss) est. time remaining.
       94% completed,  00:6:20 (hh:mm:ss) est. time remaining.
       94% completed,  00:6:15 (hh:mm:ss) est. time remaining.
       94% completed,  00:6:10 (hh:mm:ss) est. time remaining.
       95% completed,  00:6:05 (hh:mm:ss) est. time remaining.
       95% completed,  00:6:00 (hh:mm:ss) est. time remaining.
       95% completed,  00:5:56 (hh:mm:ss) est. time remaining.
       95% completed,  00:5:51 (hh:mm:ss) est. time remaining.
       95% completed,  00:5:47 (hh:mm:ss) est. time remaining.
       95% completed,  00:5:42 (hh:mm:ss) est. time remaining.
       95% completed,  00:5:37 (hh:mm:ss) est. time remaining.
       95% completed,  00:5:33 (hh:mm:ss) est. time remaining.
       95% completed,  00:5:28 (hh:mm:ss) est. time remaining.
       95% completed,  00:5:24 (hh:mm:ss) est. time remaining.
       95% completed,  00:5:19 (hh:mm:ss) est. time remaining.
       95% completed,  00:5:15 (hh:mm:ss) est. time remaining.
       95% completed,  00:5:11 (hh:mm:ss) est. time remaining.
       95% completed,  00:5:06 (hh:mm:ss) est. time remaining.
       95% completed,  00:5:02 (hh:mm:ss) est. time remaining.
       95% completed,  00:4:58 (hh:mm:ss) est. time remaining.
       96% completed,  00:4:53 (hh:mm:ss) est. time remaining.
       96% completed,  00:4:49 (hh:mm:ss) est. time remaining.
       96% completed,  00:4:45 (hh:mm:ss) est. time remaining.
       96% completed,  00:4:41 (hh:mm:ss) est. time remaining.
       96% completed,  00:4:37 (hh:mm:ss) est. time remaining.
       96% completed,  00:4:33 (hh:mm:ss) est. time remaining.
       96% completed,  00:4:28 (hh:mm:ss) est. time remaining.
       96% completed,  00:4:25 (hh:mm:ss) est. time remaining.
       96% completed,  00:4:20 (hh:mm:ss) est. time remaining.
       96% completed,  00:4:17 (hh:mm:ss) est. time remaining.
       96% completed,  00:4:12 (hh:mm:ss) est. time remaining.
       96% completed,  00:4:09 (hh:mm:ss) est. time remaining.
       96% completed,  00:4:05 (hh:mm:ss) est. time remaining.
       96% completed,  00:4:01 (hh:mm:ss) est. time remaining.
       96% completed,  00:3:57 (hh:mm:ss) est. time remaining.
       96% completed,  00:3:53 (hh:mm:ss) est. time remaining.
       96% completed,  00:3:49 (hh:mm:ss) est. time remaining.
       96% completed,  00:3:46 (hh:mm:ss) est. time remaining.
       96% completed,  00:3:42 (hh:mm:ss) est. time remaining.
       97% completed,  00:3:38 (hh:mm:ss) est. time remaining.
       97% completed,  00:3:35 (hh:mm:ss) est. time remaining.
       97% completed,  00:3:31 (hh:mm:ss) est. time remaining.
       97% completed,  00:3:28 (hh:mm:ss) est. time remaining.
       97% completed,  00:3:24 (hh:mm:ss) est. time remaining.
       97% completed,  00:3:20 (hh:mm:ss) est. time remaining.
       97% completed,  00:3:17 (hh:mm:ss) est. time remaining.
       97% completed,  00:3:14 (hh:mm:ss) est. time remaining.
       97% completed,  00:3:10 (hh:mm:ss) est. time remaining.
       97% completed,  00:3:07 (hh:mm:ss) est. time remaining.
       97% completed,  00:3:03 (hh:mm:ss) est. time remaining.
       97% completed,  00:3:00 (hh:mm:ss) est. time remaining.
       97% completed,  00:2:57 (hh:mm:ss) est. time remaining.
       97% completed,  00:2:53 (hh:mm:ss) est. time remaining.
       97% completed,  00:2:50 (hh:mm:ss) est. time remaining.
       97% completed,  00:2:47 (hh:mm:ss) est. time remaining.
       97% completed,  00:2:44 (hh:mm:ss) est. time remaining.
       97% completed,  00:2:41 (hh:mm:ss) est. time remaining.
       97% completed,  00:2:37 (hh:mm:ss) est. time remaining.
       97% completed,  00:2:34 (hh:mm:ss) est. time remaining.
       97% completed,  00:2:31 (hh:mm:ss) est. time remaining.
       97% completed,  00:2:28 (hh:mm:ss) est. time remaining.
       98% completed,  00:2:25 (hh:mm:ss) est. time remaining.
       98% completed,  00:2:22 (hh:mm:ss) est. time remaining.
       98% completed,  00:2:19 (hh:mm:ss) est. time remaining.
       98% completed,  00:2:16 (hh:mm:ss) est. time remaining.
       98% completed,  00:2:13 (hh:mm:ss) est. time remaining.
       98% completed,  00:2:11 (hh:mm:ss) est. time remaining.
       98% completed,  00:2:08 (hh:mm:ss) est. time remaining.
       98% completed,  00:2:05 (hh:mm:ss) est. time remaining.
       98% completed,  00:2:02 (hh:mm:ss) est. time remaining.
       98% completed,  00:2:00 (hh:mm:ss) est. time remaining.
       98% completed,  00:1:57 (hh:mm:ss) est. time remaining.
       98% completed,  00:1:54 (hh:mm:ss) est. time remaining.
       98% completed,  00:1:52 (hh:mm:ss) est. time remaining.
       98% completed,  00:1:49 (hh:mm:ss) est. time remaining.
       98% completed,  00:1:46 (hh:mm:ss) est. time remaining.
       98% completed,  00:1:44 (hh:mm:ss) est. time remaining.
       98% completed,  00:1:41 (hh:mm:ss) est. time remaining.
       98% completed,  00:1:39 (hh:mm:ss) est. time remaining.
       98% completed,  00:1:36 (hh:mm:ss) est. time remaining.
       98% completed,  00:1:34 (hh:mm:ss) est. time remaining.
       98% completed,  00:1:32 (hh:mm:ss) est. time remaining.
       98% completed,  00:1:29 (hh:mm:ss) est. time remaining.
       98% completed,  00:1:27 (hh:mm:ss) est. time remaining.
       98% completed,  00:1:25 (hh:mm:ss) est. time remaining.
       98% completed,  00:1:22 (hh:mm:ss) est. time remaining.
       98% completed,  00:1:20 (hh:mm:ss) est. time remaining.
       98% completed,  00:1:18 (hh:mm:ss) est. time remaining.
       98% completed,  00:1:16 (hh:mm:ss) est. time remaining.
       98% completed,  00:1:14 (hh:mm:ss) est. time remaining.
       99% completed,  00:1:11 (hh:mm:ss) est. time remaining.
       99% completed,  00:1:09 (hh:mm:ss) est. time remaining.
       99% completed,  00:1:07 (hh:mm:ss) est. time remaining.
       99% completed,  00:1:05 (hh:mm:ss) est. time remaining.
       99% completed,  00:1:03 (hh:mm:ss) est. time remaining.
       99% completed,  00:1:01 (hh:mm:ss) est. time remaining.
       99% completed,  00:0:59 (hh:mm:ss) est. time remaining.
       99% completed,  00:0:58 (hh:mm:ss) est. time remaining.
       99% completed,  00:0:56 (hh:mm:ss) est. time remaining.
       99% completed,  00:0:54 (hh:mm:ss) est. time remaining.
       99% completed,  00:0:52 (hh:mm:ss) est. time remaining.
       99% completed,  00:0:50 (hh:mm:ss) est. time remaining.
       99% completed,  00:0:48 (hh:mm:ss) est. time remaining.
       99% completed,  00:0:47 (hh:mm:ss) est. time remaining.
       99% completed,  00:0:45 (hh:mm:ss) est. time remaining.
       99% completed,  00:0:43 (hh:mm:ss) est. time remaining.
       99% completed,  00:0:42 (hh:mm:ss) est. time remaining.
       99% completed,  00:0:40 (hh:mm:ss) est. time remaining.
       99% completed,  00:0:39 (hh:mm:ss) est. time remaining.
       99% completed,  00:0:37 (hh:mm:ss) est. time remaining.
       99% completed,  00:0:36 (hh:mm:ss) est. time remaining.
       99% completed,  00:0:34 (hh:mm:ss) est. time remaining.
       99% completed,  00:0:33 (hh:mm:ss) est. time remaining.
       99% completed,  00:0:31 (hh:mm:ss) est. time remaining.
       99% completed,  00:0:30 (hh:mm:ss) est. time remaining.
       99% completed,  00:0:29 (hh:mm:ss) est. time remaining.
       99% completed,  00:0:27 (hh:mm:ss) est. time remaining.
       99% completed,  00:0:26 (hh:mm:ss) est. time remaining.
       99% completed,  00:0:25 (hh:mm:ss) est. time remaining.
       99% completed,  00:0:23 (hh:mm:ss) est. time remaining.
       99% completed,  00:0:22 (hh:mm:ss) est. time remaining.
       99% completed,  00:0:21 (hh:mm:ss) est. time remaining.
       99% completed,  00:0:20 (hh:mm:ss) est. time remaining.
       99% completed,  00:0:19 (hh:mm:ss) est. time remaining.
       99% completed,  00:0:18 (hh:mm:ss) est. time remaining.
       99% completed,  00:0:17 (hh:mm:ss) est. time remaining.
       99% completed,  00:0:16 (hh:mm:ss) est. time remaining.
       99% completed,  00:0:15 (hh:mm:ss) est. time remaining.
       99% completed,  00:0:14 (hh:mm:ss) est. time remaining.
       99% completed,  00:0:13 (hh:mm:ss) est. time remaining.
       99% completed,  00:0:12 (hh:mm:ss) est. time remaining.
       99% completed,  00:0:11 (hh:mm:ss) est. time remaining.
       99% completed,  00:0:10 (hh:mm:ss) est. time remaining.
       99% completed,  00:0:09 (hh:mm:ss) est. time remaining.
       99% completed,  00:0:09 (hh:mm:ss) est. time remaining.
       99% completed,  00:0:08 (hh:mm:ss) est. time remaining.
       99% completed,  00:0:07 (hh:mm:ss) est. time remaining.
       99% completed,  00:0:07 (hh:mm:ss) est. time remaining.
       99% completed,  00:0:06 (hh:mm:ss) est. time remaining.
       99% completed,  00:0:05 (hh:mm:ss) est. time remaining.
       99% completed,  00:0:05 (hh:mm:ss) est. time remaining.
       99% completed,  00:0:04 (hh:mm:ss) est. time remaining.
       99% completed,  00:0:04 (hh:mm:ss) est. time remaining.
       99% completed,  00:0:03 (hh:mm:ss) est. time remaining.
       99% completed,  00:0:03 (hh:mm:ss) est. time remaining.
       99% completed,  00:0:02 (hh:mm:ss) est. time remaining.
       99% completed,  00:0:02 (hh:mm:ss) est. time remaining.
       99% completed,  00:0:02 (hh:mm:ss) est. time remaining.
       99% completed,  00:0:01 (hh:mm:ss) est. time remaining.
       99% completed,  00:0:01 (hh:mm:ss) est. time remaining.
       99% completed,  00:0:01 (hh:mm:ss) est. time remaining.
       99% completed,  00:0:00 (hh:mm:ss) est. time remaining.
       99% completed,  00:0:00 (hh:mm:ss) est. time remaining.
       99% completed,  00:0:00 (hh:mm:ss) est. time remaining.
       99% completed,  00:0:00 (hh:mm:ss) est. time remaining.
       99% completed,  00:0:00 (hh:mm:ss) est. time remaining.
       99% completed,  00:0:00 (hh:mm:ss) est. time remaining.
       99% completed,  00:0:00 (hh:mm:ss) est. time remaining.
      100% completed,  00:0:00 (hh:mm:ss) est. time remaining.
Comparison Time: 02:02:45 (hh:mm:ss) Elapsed Time, 12583 HSPs Collected
  - RECON: Running imagespread..
RECON Elapsed: 00:00:00 (hh:mm:ss) Elapsed Time
  - RECON: Running initial definition of elements ( eledef )..
RECON Elapsed: 00:00:19 (hh:mm:ss) Elapsed Time
  - RECON: Running re-definition of elements ( eleredef )..
RECON Elapsed: 00:00:46 (hh:mm:ss) Elapsed Time
  - RECON: Running re-definition of edges ( edgeredef )..
RECON Elapsed: 00:01:02 (hh:mm:ss) Elapsed Time
  - RECON: Running family definition ( famdef )..
RECON Elapsed: 00:00:02 (hh:mm:ss) Elapsed Time
  - Obtaining element sequences
Number of families returned by RECON: 2972
Processing families with greater than 15 elements

Processing RECON family: 462
  - Saving 74 elements
  - Refining family-462 model...

Processing RECON family: 651
  - Saving 41 elements
  - Refining family-651 model...

Processing RECON family: 1283
  - Saving 41 elements
  - Refining family-1283 model...

Processing RECON family: 1918
  - Saving 37 elements
  - Refining family-1918 model...

Processing RECON family: 818
  - Saving 31 elements
  - Refining family-818 model...

Processing RECON family: 186
  - Saving 26 elements
  - Refining family-186 model...

Processing RECON family: 666
  - Saving 24 elements
  - Refining family-666 model...

Processing RECON family: 515
  - Saving 24 elements
  - Refining family-515 model...

Processing RECON family: 577
  - Saving 22 elements
  - Refining family-577 model...

Processing RECON family: 133
  - Saving 21 elements
  - Refining family-133 model...

Processing RECON family: 791
  - Saving 21 elements
  - Refining family-791 model...

Processing RECON family: 949
  - Saving 18 elements
  - Refining family-949 model...

Processing RECON family: 1714
  - Saving 18 elements
  - Refining family-1714 model...

Processing RECON family: 597
  - Saving 17 elements
  - Refining family-597 model...

Processing RECON family: 541
  - Saving 16 elements
  - Refining family-541 model...

Processing RECON family: 463
  - Saving 16 elements
  - Refining family-463 model...

Processing RECON family: 19
  - Saving 16 elements
  - Refining family-19 model...
Family Refinement: 00:01:08 (hh:mm:ss) Elapsed Time
Round Time: 02:07:53 (hh:mm:ss) Elapsed Time
   - Increasing sample size to include end piece now = 91195761


RepeatModeler Round # 5
========================
Searching for Repeats
 -- Sampling from the database...
   - Gathering up to 91195761 bp
   - Sequence extraction : 00:00:01 (hh:mm:ss) Elapsed Time
 -- Running TRFMask on the sequence...
       233 Tandem Repeats Masked
   - TRFMask time 00:00:11 (hh:mm:ss) Elapsed Time
 -- Masking repeats from the previous rounds...
  - Masking 1 - 5 of 260
  - Masking 16 - 30 of 260
  - Masking 41 - 65 of 260
  - Masking 76 - 110 of 260
  - Masking 121 - 165 of 260
  - Masking 176 - 230 of 260
  - Masking 241 - 260 of 260
   - TE Masking time 00:00:19 (hh:mm:ss) Elapsed Time
 -- Sample Stats:
       Sample Size 10188320 bp
       Num Contigs Represented = 29
       Non ambiguous bp:
             Initial: 10188320 bp
             After Masking: 9863274 bp
             Masked: 3.19 % 
 -- Input Database Coverage: 49247896 bp out of 49247973 bp ( 100.00 % )
Sampling Time: 00:00:31 (hh:mm:ss) Elapsed Time
Running all-by-other comparisons...
        0% completed,  00:36:33 (hh:mm:ss) est. time remaining.
        1% completed,  00:18:10 (hh:mm:ss) est. time remaining.
        2% completed,  00:17:00 (hh:mm:ss) est. time remaining.
        3% completed,  00:17:57 (hh:mm:ss) est. time remaining.
        3% completed,  00:16:22 (hh:mm:ss) est. time remaining.
        4% completed,  00:17:44 (hh:mm:ss) est. time remaining.
        5% completed,  00:16:36 (hh:mm:ss) est. time remaining.
        6% completed,  00:16:14 (hh:mm:ss) est. time remaining.
        6% completed,  00:16:37 (hh:mm:ss) est. time remaining.
        7% completed,  00:16:18 (hh:mm:ss) est. time remaining.
        8% completed,  00:15:06 (hh:mm:ss) est. time remaining.
        9% completed,  00:14:35 (hh:mm:ss) est. time remaining.
        9% completed,  00:15:05 (hh:mm:ss) est. time remaining.
       10% completed,  00:14:29 (hh:mm:ss) est. time remaining.
       11% completed,  00:15:09 (hh:mm:ss) est. time remaining.
       11% completed,  00:14:21 (hh:mm:ss) est. time remaining.
       12% completed,  00:14:48 (hh:mm:ss) est. time remaining.
       13% completed,  00:14:13 (hh:mm:ss) est. time remaining.
       14% completed,  00:14:30 (hh:mm:ss) est. time remaining.
       14% completed,  00:14:04 (hh:mm:ss) est. time remaining.
       15% completed,  00:14:35 (hh:mm:ss) est. time remaining.
       16% completed,  00:13:55 (hh:mm:ss) est. time remaining.
       16% completed,  00:14:22 (hh:mm:ss) est. time remaining.
       17% completed,  00:13:46 (hh:mm:ss) est. time remaining.
       18% completed,  00:14:06 (hh:mm:ss) est. time remaining.
       19% completed,  00:13:36 (hh:mm:ss) est. time remaining.
       19% completed,  00:13:54 (hh:mm:ss) est. time remaining.
       20% completed,  00:13:30 (hh:mm:ss) est. time remaining.
       21% completed,  00:13:42 (hh:mm:ss) est. time remaining.
       21% completed,  00:13:20 (hh:mm:ss) est. time remaining.
       22% completed,  00:13:31 (hh:mm:ss) est. time remaining.
       23% completed,  00:13:13 (hh:mm:ss) est. time remaining.
       23% completed,  00:12:57 (hh:mm:ss) est. time remaining.
       24% completed,  00:12:38 (hh:mm:ss) est. time remaining.
       25% completed,  00:12:44 (hh:mm:ss) est. time remaining.
       25% completed,  00:12:32 (hh:mm:ss) est. time remaining.
       26% completed,  00:12:35 (hh:mm:ss) est. time remaining.
       27% completed,  00:12:15 (hh:mm:ss) est. time remaining.
       27% completed,  00:12:22 (hh:mm:ss) est. time remaining.
       28% completed,  00:12:09 (hh:mm:ss) est. time remaining.
       29% completed,  00:12:13 (hh:mm:ss) est. time remaining.
       29% completed,  00:11:57 (hh:mm:ss) est. time remaining.
       30% completed,  00:11:59 (hh:mm:ss) est. time remaining.
       31% completed,  00:11:42 (hh:mm:ss) est. time remaining.
       31% completed,  00:11:47 (hh:mm:ss) est. time remaining.
       32% completed,  00:11:31 (hh:mm:ss) est. time remaining.
       32% completed,  00:11:32 (hh:mm:ss) est. time remaining.
       33% completed,  00:11:24 (hh:mm:ss) est. time remaining.
       34% completed,  00:11:19 (hh:mm:ss) est. time remaining.
       34% completed,  00:11:15 (hh:mm:ss) est. time remaining.
       35% completed,  00:11:06 (hh:mm:ss) est. time remaining.
       36% completed,  00:11:03 (hh:mm:ss) est. time remaining.
       36% completed,  00:10:50 (hh:mm:ss) est. time remaining.
       37% completed,  00:10:35 (hh:mm:ss) est. time remaining.
       37% completed,  00:10:37 (hh:mm:ss) est. time remaining.
       38% completed,  00:10:24 (hh:mm:ss) est. time remaining.
       39% completed,  00:10:27 (hh:mm:ss) est. time remaining.
       39% completed,  00:10:16 (hh:mm:ss) est. time remaining.
       40% completed,  00:10:16 (hh:mm:ss) est. time remaining.
       40% completed,  00:10:04 (hh:mm:ss) est. time remaining.
       41% completed,  00:10:03 (hh:mm:ss) est. time remaining.
       42% completed,  00:9:53 (hh:mm:ss) est. time remaining.
       42% completed,  00:9:52 (hh:mm:ss) est. time remaining.
       43% completed,  00:9:42 (hh:mm:ss) est. time remaining.
       43% completed,  00:9:43 (hh:mm:ss) est. time remaining.
       44% completed,  00:9:31 (hh:mm:ss) est. time remaining.
       44% completed,  00:9:31 (hh:mm:ss) est. time remaining.
       45% completed,  00:9:20 (hh:mm:ss) est. time remaining.
       46% completed,  00:9:19 (hh:mm:ss) est. time remaining.
       46% completed,  00:9:10 (hh:mm:ss) est. time remaining.
       47% completed,  00:9:08 (hh:mm:ss) est. time remaining.
       47% completed,  00:9:00 (hh:mm:ss) est. time remaining.
       48% completed,  00:8:58 (hh:mm:ss) est. time remaining.
       48% completed,  00:8:48 (hh:mm:ss) est. time remaining.
       49% completed,  00:8:49 (hh:mm:ss) est. time remaining.
       49% completed,  00:8:39 (hh:mm:ss) est. time remaining.
       50% completed,  00:8:36 (hh:mm:ss) est. time remaining.
       51% completed,  00:8:27 (hh:mm:ss) est. time remaining.
       51% completed,  00:8:16 (hh:mm:ss) est. time remaining.
       52% completed,  00:8:16 (hh:mm:ss) est. time remaining.
       52% completed,  00:8:05 (hh:mm:ss) est. time remaining.
       53% completed,  00:8:06 (hh:mm:ss) est. time remaining.
       53% completed,  00:7:56 (hh:mm:ss) est. time remaining.
       54% completed,  00:7:55 (hh:mm:ss) est. time remaining.
       54% completed,  00:7:46 (hh:mm:ss) est. time remaining.
       55% completed,  00:7:44 (hh:mm:ss) est. time remaining.
       55% completed,  00:7:35 (hh:mm:ss) est. time remaining.
       56% completed,  00:7:34 (hh:mm:ss) est. time remaining.
       56% completed,  00:7:25 (hh:mm:ss) est. time remaining.
       57% completed,  00:7:23 (hh:mm:ss) est. time remaining.
       57% completed,  00:7:15 (hh:mm:ss) est. time remaining.
       58% completed,  00:7:12 (hh:mm:ss) est. time remaining.
       58% completed,  00:7:06 (hh:mm:ss) est. time remaining.
       59% completed,  00:7:03 (hh:mm:ss) est. time remaining.
       59% completed,  00:6:56 (hh:mm:ss) est. time remaining.
       60% completed,  00:6:53 (hh:mm:ss) est. time remaining.
       60% completed,  00:6:46 (hh:mm:ss) est. time remaining.
       61% completed,  00:6:44 (hh:mm:ss) est. time remaining.
       61% completed,  00:6:36 (hh:mm:ss) est. time remaining.
       62% completed,  00:6:34 (hh:mm:ss) est. time remaining.
       62% completed,  00:6:26 (hh:mm:ss) est. time remaining.
       63% completed,  00:6:24 (hh:mm:ss) est. time remaining.
       63% completed,  00:6:17 (hh:mm:ss) est. time remaining.
       64% completed,  00:6:15 (hh:mm:ss) est. time remaining.
       64% completed,  00:6:08 (hh:mm:ss) est. time remaining.
       65% completed,  00:6:05 (hh:mm:ss) est. time remaining.
       65% completed,  00:5:59 (hh:mm:ss) est. time remaining.
       65% completed,  00:5:56 (hh:mm:ss) est. time remaining.
       66% completed,  00:5:50 (hh:mm:ss) est. time remaining.
       66% completed,  00:5:46 (hh:mm:ss) est. time remaining.
       67% completed,  00:5:41 (hh:mm:ss) est. time remaining.
       67% completed,  00:5:38 (hh:mm:ss) est. time remaining.
       68% completed,  00:5:32 (hh:mm:ss) est. time remaining.
       68% completed,  00:5:29 (hh:mm:ss) est. time remaining.
       68% completed,  00:5:24 (hh:mm:ss) est. time remaining.
       69% completed,  00:5:20 (hh:mm:ss) est. time remaining.
       69% completed,  00:5:15 (hh:mm:ss) est. time remaining.
       70% completed,  00:5:11 (hh:mm:ss) est. time remaining.
       70% completed,  00:5:06 (hh:mm:ss) est. time remaining.
       71% completed,  00:5:02 (hh:mm:ss) est. time remaining.
       71% completed,  00:4:56 (hh:mm:ss) est. time remaining.
       71% completed,  00:4:53 (hh:mm:ss) est. time remaining.
       72% completed,  00:4:48 (hh:mm:ss) est. time remaining.
       72% completed,  00:4:44 (hh:mm:ss) est. time remaining.
       73% completed,  00:4:39 (hh:mm:ss) est. time remaining.
       73% completed,  00:4:36 (hh:mm:ss) est. time remaining.
       73% completed,  00:4:32 (hh:mm:ss) est. time remaining.
       74% completed,  00:4:28 (hh:mm:ss) est. time remaining.
       74% completed,  00:4:24 (hh:mm:ss) est. time remaining.
       75% completed,  00:4:19 (hh:mm:ss) est. time remaining.
       75% completed,  00:4:15 (hh:mm:ss) est. time remaining.
       75% completed,  00:4:12 (hh:mm:ss) est. time remaining.
       76% completed,  00:4:07 (hh:mm:ss) est. time remaining.
       76% completed,  00:4:03 (hh:mm:ss) est. time remaining.
       76% completed,  00:3:59 (hh:mm:ss) est. time remaining.
       77% completed,  00:3:55 (hh:mm:ss) est. time remaining.
       77% completed,  00:3:51 (hh:mm:ss) est. time remaining.
       78% completed,  00:3:47 (hh:mm:ss) est. time remaining.
       78% completed,  00:3:44 (hh:mm:ss) est. time remaining.
       78% completed,  00:3:40 (hh:mm:ss) est. time remaining.
       79% completed,  00:3:37 (hh:mm:ss) est. time remaining.
       79% completed,  00:3:33 (hh:mm:ss) est. time remaining.
       79% completed,  00:3:30 (hh:mm:ss) est. time remaining.
       80% completed,  00:3:26 (hh:mm:ss) est. time remaining.
       80% completed,  00:3:23 (hh:mm:ss) est. time remaining.
       80% completed,  00:3:19 (hh:mm:ss) est. time remaining.
       81% completed,  00:3:16 (hh:mm:ss) est. time remaining.
       81% completed,  00:3:12 (hh:mm:ss) est. time remaining.
       81% completed,  00:3:09 (hh:mm:ss) est. time remaining.
       82% completed,  00:3:06 (hh:mm:ss) est. time remaining.
       82% completed,  00:3:01 (hh:mm:ss) est. time remaining.
       82% completed,  00:2:59 (hh:mm:ss) est. time remaining.
       83% completed,  00:2:55 (hh:mm:ss) est. time remaining.
       83% completed,  00:2:52 (hh:mm:ss) est. time remaining.
       83% completed,  00:2:49 (hh:mm:ss) est. time remaining.
       84% completed,  00:2:46 (hh:mm:ss) est. time remaining.
       84% completed,  00:2:42 (hh:mm:ss) est. time remaining.
       84% completed,  00:2:39 (hh:mm:ss) est. time remaining.
       85% completed,  00:2:36 (hh:mm:ss) est. time remaining.
       85% completed,  00:2:33 (hh:mm:ss) est. time remaining.
       85% completed,  00:2:30 (hh:mm:ss) est. time remaining.
       85% completed,  00:2:27 (hh:mm:ss) est. time remaining.
       86% completed,  00:2:24 (hh:mm:ss) est. time remaining.
       86% completed,  00:2:21 (hh:mm:ss) est. time remaining.
       86% completed,  00:2:18 (hh:mm:ss) est. time remaining.
       87% completed,  00:2:15 (hh:mm:ss) est. time remaining.
       87% completed,  00:2:12 (hh:mm:ss) est. time remaining.
       87% completed,  00:2:10 (hh:mm:ss) est. time remaining.
       87% completed,  00:2:07 (hh:mm:ss) est. time remaining.
       88% completed,  00:2:04 (hh:mm:ss) est. time remaining.
       88% completed,  00:2:01 (hh:mm:ss) est. time remaining.
       88% completed,  00:1:58 (hh:mm:ss) est. time remaining.
       88% completed,  00:1:56 (hh:mm:ss) est. time remaining.
       89% completed,  00:1:53 (hh:mm:ss) est. time remaining.
       89% completed,  00:1:51 (hh:mm:ss) est. time remaining.
       89% completed,  00:1:48 (hh:mm:ss) est. time remaining.
       89% completed,  00:1:45 (hh:mm:ss) est. time remaining.
       90% completed,  00:1:43 (hh:mm:ss) est. time remaining.
       90% completed,  00:1:40 (hh:mm:ss) est. time remaining.
       90% completed,  00:1:38 (hh:mm:ss) est. time remaining.
       90% completed,  00:1:35 (hh:mm:ss) est. time remaining.
       91% completed,  00:1:33 (hh:mm:ss) est. time remaining.
       91% completed,  00:1:31 (hh:mm:ss) est. time remaining.
       91% completed,  00:1:28 (hh:mm:ss) est. time remaining.
       91% completed,  00:1:26 (hh:mm:ss) est. time remaining.
       91% completed,  00:1:24 (hh:mm:ss) est. time remaining.
       92% completed,  00:1:21 (hh:mm:ss) est. time remaining.
       92% completed,  00:1:19 (hh:mm:ss) est. time remaining.
       92% completed,  00:1:17 (hh:mm:ss) est. time remaining.
       92% completed,  00:1:15 (hh:mm:ss) est. time remaining.
       93% completed,  00:1:13 (hh:mm:ss) est. time remaining.
       93% completed,  00:1:10 (hh:mm:ss) est. time remaining.
       93% completed,  00:1:08 (hh:mm:ss) est. time remaining.
       93% completed,  00:1:06 (hh:mm:ss) est. time remaining.
       93% completed,  00:1:04 (hh:mm:ss) est. time remaining.
       94% completed,  00:1:02 (hh:mm:ss) est. time remaining.
       94% completed,  00:1:00 (hh:mm:ss) est. time remaining.
       94% completed,  00:0:58 (hh:mm:ss) est. time remaining.
       94% completed,  00:0:56 (hh:mm:ss) est. time remaining.
       94% completed,  00:0:55 (hh:mm:ss) est. time remaining.
       94% completed,  00:0:53 (hh:mm:ss) est. time remaining.
       95% completed,  00:0:51 (hh:mm:ss) est. time remaining.
       95% completed,  00:0:49 (hh:mm:ss) est. time remaining.
       95% completed,  00:0:47 (hh:mm:ss) est. time remaining.
       95% completed,  00:0:46 (hh:mm:ss) est. time remaining.
       95% completed,  00:0:44 (hh:mm:ss) est. time remaining.
       95% completed,  00:0:42 (hh:mm:ss) est. time remaining.
       96% completed,  00:0:41 (hh:mm:ss) est. time remaining.
       96% completed,  00:0:39 (hh:mm:ss) est. time remaining.
       96% completed,  00:0:38 (hh:mm:ss) est. time remaining.
       96% completed,  00:0:36 (hh:mm:ss) est. time remaining.
       96% completed,  00:0:35 (hh:mm:ss) est. time remaining.
       96% completed,  00:0:33 (hh:mm:ss) est. time remaining.
       96% completed,  00:0:32 (hh:mm:ss) est. time remaining.
       97% completed,  00:0:30 (hh:mm:ss) est. time remaining.
       97% completed,  00:0:29 (hh:mm:ss) est. time remaining.
       97% completed,  00:0:28 (hh:mm:ss) est. time remaining.
       97% completed,  00:0:26 (hh:mm:ss) est. time remaining.
       97% completed,  00:0:25 (hh:mm:ss) est. time remaining.
       97% completed,  00:0:24 (hh:mm:ss) est. time remaining.
       97% completed,  00:0:23 (hh:mm:ss) est. time remaining.
       97% completed,  00:0:21 (hh:mm:ss) est. time remaining.
       98% completed,  00:0:20 (hh:mm:ss) est. time remaining.
       98% completed,  00:0:19 (hh:mm:ss) est. time remaining.
       98% completed,  00:0:18 (hh:mm:ss) est. time remaining.
       98% completed,  00:0:17 (hh:mm:ss) est. time remaining.
       98% completed,  00:0:16 (hh:mm:ss) est. time remaining.
       98% completed,  00:0:15 (hh:mm:ss) est. time remaining.
       98% completed,  00:0:14 (hh:mm:ss) est. time remaining.
       98% completed,  00:0:13 (hh:mm:ss) est. time remaining.
       98% completed,  00:0:12 (hh:mm:ss) est. time remaining.
       98% completed,  00:0:11 (hh:mm:ss) est. time remaining.
       98% completed,  00:0:10 (hh:mm:ss) est. time remaining.
       99% completed,  00:0:10 (hh:mm:ss) est. time remaining.
       99% completed,  00:0:09 (hh:mm:ss) est. time remaining.
       99% completed,  00:0:08 (hh:mm:ss) est. time remaining.
       99% completed,  00:0:07 (hh:mm:ss) est. time remaining.
       99% completed,  00:0:07 (hh:mm:ss) est. time remaining.
       99% completed,  00:0:06 (hh:mm:ss) est. time remaining.
       99% completed,  00:0:05 (hh:mm:ss) est. time remaining.
       99% completed,  00:0:05 (hh:mm:ss) est. time remaining.
       99% completed,  00:0:04 (hh:mm:ss) est. time remaining.
       99% completed,  00:0:04 (hh:mm:ss) est. time remaining.
       99% completed,  00:0:03 (hh:mm:ss) est. time remaining.
       99% completed,  00:0:03 (hh:mm:ss) est. time remaining.
       99% completed,  00:0:02 (hh:mm:ss) est. time remaining.
       99% completed,  00:0:02 (hh:mm:ss) est. time remaining.
       99% completed,  00:0:02 (hh:mm:ss) est. time remaining.
       99% completed,  00:0:01 (hh:mm:ss) est. time remaining.
       99% completed,  00:0:01 (hh:mm:ss) est. time remaining.
       99% completed,  00:0:01 (hh:mm:ss) est. time remaining.
       99% completed,  00:0:00 (hh:mm:ss) est. time remaining.
       99% completed,  00:0:00 (hh:mm:ss) est. time remaining.
       99% completed,  00:0:00 (hh:mm:ss) est. time remaining.
       99% completed,  00:0:00 (hh:mm:ss) est. time remaining.
       99% completed,  00:0:00 (hh:mm:ss) est. time remaining.
       99% completed,  00:0:00 (hh:mm:ss) est. time remaining.
       99% completed,  00:0:00 (hh:mm:ss) est. time remaining.
      100% completed,  00:0:00 (hh:mm:ss) est. time remaining.
Comparison Time: 00:17:36 (hh:mm:ss) Elapsed Time, 1373 HSPs Collected
  - RECON: Running imagespread..
RECON Elapsed: 00:00:00 (hh:mm:ss) Elapsed Time
  - RECON: Running initial definition of elements ( eledef )..
RECON Elapsed: 00:00:03 (hh:mm:ss) Elapsed Time
  - RECON: Running re-definition of elements ( eleredef )..
RECON Elapsed: 00:00:05 (hh:mm:ss) Elapsed Time
  - RECON: Running re-definition of edges ( edgeredef )..
RECON Elapsed: 00:00:08 (hh:mm:ss) Elapsed Time
  - RECON: Running family definition ( famdef )..
RECON Elapsed: 00:00:01 (hh:mm:ss) Elapsed Time
  - Obtaining element sequences
Number of families returned by RECON: 616
Processing families with greater than 15 elements

Processing RECON family: 191
  - Saving 20 elements
  - Refining family-191 model...
Family Refinement: 00:00:16 (hh:mm:ss) Elapsed Time
Round Time: 00:18:47 (hh:mm:ss) Elapsed Time

RepeatScout/RECON discovery complete: 76 families found


RepeatClassifier Version 2.0.1
======================================
Search Engine = rmblast
  - Looking for Simple and Low Complexity sequences..
  - Looking for similarity to known repeat proteins..
Missing /hpc/group/vilgalyslab/yk158/miniconda3/envs/repeatmasker/share/RepeatMasker/Libraries/RepeatMasker.lib.nsq!
Please rerun the configure program in the RepeatModeler directory
before running this script.
  - Looking for similarity to known repeat consensi..
Classification Time: 00:02:14 (hh:mm:ss) Elapsed Time


Program Time: 03:10:27 (hh:mm:ss) Elapsed Time
Working directory:  /work/yk158/pmiEndo/repeatmodeler/RM_23586.TueAug181843162020
may be deleted unless there were problems with the run.

The results have been saved to:
  CodFL1790_1-families.fa  - Consensus sequences for each family identified.
  CodFL1790_1-families.stk - Seed alignments for each family identified.

The RepeatModeler stockholm file is formatted so that it can
easily be submitted to the Dfam database.  Please consider contributing
curated families to this open database and be a part of this growing
community resource.  For more information contact help@dfam.org.


