RepeatModeler Version 2.0.1
===========================
Search Engine = rmblast 2.9.0+
Dependencies: TRF 4.09, RECON , RepeatScout 1.0.6, RepeatMasker 
LTR Structural Analysis: Disabled [use -LTRStruct to enable]
Random Number Seed: 1597790520
Database = Conlig1 .
  - Sequences = 135
  - Bases = 42382780
  - N50 = 2941810
  - Contig Histogram:
  Size(bp)                                                        Count
  -----------------------------------------------------------------------
  4330807-4640074 |                                                   [ 1 ]
  4021541-4330807 |                                                   [ 1 ]
  3712275-4021541 |                                                   [ 1 ]
  3403009-3712275 |                                                   [  ]
  3093743-3403009 |*                                                  [ 3 ]
  2784477-3093743 |                                                   [ 2 ]
  2475211-2784477 |                                                   [  ]
  2165944-2475210 |                                                   [  ]
  1856678-2165944 |                                                   [ 2 ]
  1547412-1856678 |                                                   [  ]
  1238146-1547412 |                                                   [ 1 ]
  928880-1238146  |*                                                  [ 3 ]
  619614-928880   |                                                   [ 2 ]
  310348-619614   |*                                                  [ 4 ]
  1082-310348     |************************************************** [ 115 ]

Using output directory = /work/yk158/pmiEndo/repeatmodeler/RM_119185.TueAug181842022020
Storage Throughput = fair ( 347.09 MB/s )

Ready to start the sampling process.
INFO: The runtime of RepeatModeler heavily depends on the quality of the assembly
      and the repetitive content of the sequences.  It is not imperative
      that RepeatModeler completes all rounds in order to obtain useful
      results.  At the completion of each round, the files ( consensi.fa, and
      families.stk ) found in:
      /work/yk158/pmiEndo/repeatmodeler/RM_119185.TueAug181842022020/ 
      will contain all results produced thus far. These files may be 
      manually copied and run through RepeatClassifier should the program
      be terminated early.


RepeatModeler Round # 1
========================
Searching for Repeats
 -- Sampling from the database...
   - Gathering up to 40000000 bp
   - Final Sample Size = 40068318 bp ( 40013208 non ambiguous )
   - Num Contigs Represented = 129
   - Sequence extraction : 00:00:05 (hh:mm:ss) Elapsed Time
 -- Running RepeatScout on the sequences...
   - RepeatScout: Running build_lmer_table ( l = 14 )..
   - RepeatScout: Running RepeatScout.. : 315 raw families identified
   - RepeatScout: Running filtering stage.. 293 families remaining
   - RepeatScout: 00:10:56 (hh:mm:ss) Elapsed Time
   - Large Satellite Filtering.. : 1 found in 00:00:20 (hh:mm:ss) Elapsed Time
   - Collecting repeat instances...
 -- Refining Family R=133 / 0 ( RS Elements: 350, Using 100 )
 -- Refining Family R=4 / 1 ( RS Elements: 339, Using 100 )
 -- Refining Family R=129 / 2 ( RS Elements: 337, Using 100 )
 -- Refining Family R=1 / 3 ( RS Elements: 310, Using 100 )
 -- Refining Family R=73 / 4 ( RS Elements: 310, Using 100 )
 -- Refining Family R=16 / 5 ( RS Elements: 291, Using 100 )
 -- Refining Family R=32 / 6 ( RS Elements: 286, Using 100 )
 -- Refining Family R=123 / 7 ( RS Elements: 262, Using 100 )
 -- Refining Family R=0 / 8 ( RS Elements: 255, Using 100 )
 -- Refining Family R=85 / 9 ( RS Elements: 246, Using 100 )
 -- Refining Family R=8 / 10 ( RS Elements: 228, Using 100 )
 -- Refining Family R=135 / 11 ( RS Elements: 221, Using 100 )
 -- Refining Family R=38 / 12 ( RS Elements: 219, Using 100 )
 -- Refining Family R=23 / 13 ( RS Elements: 213, Using 100 )
 -- Refining Family R=41 / 14 ( RS Elements: 211, Using 100 )
 -- Refining Family R=269 / 15 ( RS Elements: 208, Using 100 )
 -- Refining Family R=182 / 16 ( RS Elements: 208, Using 100 )
 -- Refining Family R=20 / 17 ( RS Elements: 204, Using 100 )
 -- Refining Family R=100 / 18 ( RS Elements: 202, Using 100 )
 -- Refining Family R=74 / 19 ( RS Elements: 190, Using 100 )
 -- Refining Family R=72 / 20 ( RS Elements: 184, Using 100 )
 -- Refining Family R=162 / 21 ( RS Elements: 177, Using 100 )
 -- Refining Family R=94 / 22 ( RS Elements: 171, Using 100 )
 -- Refining Family R=71 / 23 ( RS Elements: 168, Using 100 )
 -- Refining Family R=97 / 24 ( RS Elements: 163, Using 100 )
 -- Refining Family R=141 / 25 ( RS Elements: 157, Using 100 )
 -- Refining Family R=308 / 26 ( RS Elements: 152, Using 100 )
 -- Refining Family R=18 / 27 ( RS Elements: 148, Using 100 )
 -- Refining Family R=48 / 28 ( RS Elements: 147, Using 100 )
 -- Refining Family R=9 / 29 ( RS Elements: 147, Using 100 )
 -- Refining Family R=181 / 30 ( RS Elements: 147, Using 100 )
 -- Refining Family R=289 / 31 ( RS Elements: 145, Using 100 )
 -- Refining Family R=142 / 32 ( RS Elements: 144, Using 100 )
 -- Refining Family R=144 / 33 ( RS Elements: 140, Using 100 )
 -- Refining Family R=7 / 34 ( RS Elements: 135, Using 100 )
 -- Refining Family R=155 / 35 ( RS Elements: 130, Using 100 )
 -- Refining Family R=293 / 36 ( RS Elements: 127, Using 100 )
 -- Refining Family R=84 / 37 ( RS Elements: 127, Using 100 )
 -- Refining Family R=110 / 38 ( RS Elements: 125, Using 100 )
 -- Refining Family R=108 / 39 ( RS Elements: 118, Using 100 )
 -- Refining Family R=126 / 40 ( RS Elements: 111, Using 100 )
 -- Refining Family R=25 / 41 ( RS Elements: 109, Using 100 )
 -- Refining Family R=214 / 42 ( RS Elements: 101, Using 100 )
 -- Refining Family R=5 / 43 ( RS Elements: 101, Using 100 )
 -- Refining Family R=170 / 44 ( RS Elements: 100, Using 100 )
 -- Refining Family R=140 / 45 ( RS Elements: 100, Using 100 )
 -- Refining Family R=67 / 46 ( RS Elements: 99, Using 99 )
 -- Refining Family R=68 / 47 ( RS Elements: 98, Using 98 )
 -- Refining Family R=277 / 48 ( RS Elements: 97, Using 97 )
 -- Refining Family R=93 / 49 ( RS Elements: 93, Using 93 )
 -- Refining Family R=230 / 50 ( RS Elements: 91, Using 91 )
 -- Refining Family R=37 / 51 ( RS Elements: 87, Using 87 )
 -- Refining Family R=44 / 52 ( RS Elements: 83, Using 83 )
 -- Refining Family R=217 / 53 ( RS Elements: 83, Using 83 )
 -- Refining Family R=43 / 54 ( RS Elements: 78, Using 78 )
 -- Refining Family R=272 / 55 ( RS Elements: 77, Using 77 )
 -- Refining Family R=49 / 56 ( RS Elements: 75, Using 75 )
 -- Refining Family R=22 / 57 ( RS Elements: 75, Using 75 )
 -- Refining Family R=80 / 58 ( RS Elements: 74, Using 74 )
 -- Refining Family R=26 / 59 ( RS Elements: 72, Using 72 )
 -- Refining Family R=148 / 60 ( RS Elements: 71, Using 71 )
 -- Refining Family R=101 / 61 ( RS Elements: 71, Using 71 )
 -- Refining Family R=6 / 62 ( RS Elements: 70, Using 70 )
 -- Refining Family R=206 / 63 ( RS Elements: 69, Using 69 )
 -- Refining Family R=207 / 64 ( RS Elements: 68, Using 68 )
 -- Refining Family R=28 / 65 ( RS Elements: 66, Using 66 )
 -- Refining Family R=50 / 66 ( RS Elements: 64, Using 64 )
 -- Refining Family R=158 / 67 ( RS Elements: 63, Using 63 )
 -- Refining Family R=244 / 68 ( RS Elements: 60, Using 60 )
 -- Refining Family R=268 / 69 ( RS Elements: 59, Using 59 )
 -- Refining Family R=87 / 70 ( RS Elements: 59, Using 59 )
 -- Refining Family R=185 / 71 ( RS Elements: 57, Using 57 )
 -- Refining Family R=120 / 72 ( RS Elements: 57, Using 57 )
 -- Refining Family R=46 / 73 ( RS Elements: 55, Using 55 )
 -- Refining Family R=132 / 74 ( RS Elements: 55, Using 55 )
 -- Refining Family R=130 / 75 ( RS Elements: 54, Using 54 )
 -- Refining Family R=143 / 76 ( RS Elements: 54, Using 54 )
 -- Refining Family R=90 / 77 ( RS Elements: 53, Using 53 )
 -- Refining Family R=198 / 78 ( RS Elements: 53, Using 53 )
 -- Refining Family R=11 / 79 ( RS Elements: 53, Using 53 )
 -- Refining Family R=64 / 80 ( RS Elements: 52, Using 52 )
 -- Refining Family R=83 / 81 ( RS Elements: 52, Using 52 )
 -- Refining Family R=31 / 82 ( RS Elements: 51, Using 51 )
 -- Refining Family R=17 / 83 ( RS Elements: 49, Using 49 )
 -- Refining Family R=69 / 84 ( RS Elements: 49, Using 49 )
 -- Refining Family R=266 / 85 ( RS Elements: 49, Using 49 )
 -- Refining Family R=184 / 86 ( RS Elements: 48, Using 48 )
 -- Refining Family R=203 / 87 ( RS Elements: 48, Using 48 )
 -- Refining Family R=54 / 88 ( RS Elements: 47, Using 47 )
 -- Refining Family R=192 / 89 ( RS Elements: 44, Using 44 )
 -- Refining Family R=193 / 90 ( RS Elements: 43, Using 43 )
 -- Refining Family R=34 / 91 ( RS Elements: 42, Using 42 )
 -- Refining Family R=104 / 92 ( RS Elements: 40, Using 40 )
 -- Refining Family R=95 / 93 ( RS Elements: 39, Using 39 )
 -- Refining Family R=234 / 94 ( RS Elements: 39, Using 39 )
 -- Refining Family R=98 / 95 ( RS Elements: 38, Using 38 )
 -- Refining Family R=58 / 96 ( RS Elements: 37, Using 37 )
 -- Refining Family R=19 / 97 ( RS Elements: 37, Using 37 )
 -- Refining Family R=103 / 98 ( RS Elements: 36, Using 36 )
 -- Refining Family R=105 / 99 ( RS Elements: 36, Using 36 )
 -- Refining Family R=12 / 100 ( RS Elements: 35, Using 35 )
 -- Refining Family R=174 / 101 ( RS Elements: 35, Using 35 )
 -- Refining Family R=47 / 102 ( RS Elements: 34, Using 34 )
 -- Refining Family R=279 / 103 ( RS Elements: 34, Using 34 )
 -- Refining Family R=307 / 104 ( RS Elements: 33, Using 33 )
 -- Refining Family R=173 / 105 ( RS Elements: 33, Using 33 )
 -- Refining Family R=282 / 106 ( RS Elements: 33, Using 33 )
 -- Refining Family R=39 / 107 ( RS Elements: 33, Using 33 )
 -- Refining Family R=119 / 108 ( RS Elements: 31, Using 31 )
 -- Refining Family R=42 / 109 ( RS Elements: 31, Using 31 )
 -- Refining Family R=124 / 110 ( RS Elements: 31, Using 31 )
 -- Refining Family R=78 / 111 ( RS Elements: 29, Using 29 )
 -- Refining Family R=283 / 112 ( RS Elements: 28, Using 28 )
 -- Refining Family R=225 / 113 ( RS Elements: 28, Using 28 )
 -- Refining Family R=51 / 114 ( RS Elements: 28, Using 28 )
 -- Refining Family R=154 / 115 ( RS Elements: 28, Using 28 )
 -- Refining Family R=112 / 116 ( RS Elements: 27, Using 27 )
 -- Refining Family R=151 / 117 ( RS Elements: 27, Using 27 )
 -- Refining Family R=75 / 118 ( RS Elements: 27, Using 27 )
 -- Refining Family R=53 / 119 ( RS Elements: 25, Using 25 )
 -- Refining Family R=125 / 120 ( RS Elements: 24, Using 24 )
 -- Refining Family R=229 / 121 ( RS Elements: 24, Using 24 )
 -- Refining Family R=35 / 122 ( RS Elements: 24, Using 24 )
 -- Refining Family R=210 / 123 ( RS Elements: 24, Using 24 )
 -- Refining Family R=137 / 124 ( RS Elements: 24, Using 24 )
 -- Refining Family R=56 / 125 ( RS Elements: 24, Using 24 )
 -- Refining Family R=128 / 126 ( RS Elements: 24, Using 24 )
 -- Refining Family R=204 / 127 ( RS Elements: 24, Using 24 )
 -- Refining Family R=186 / 128 ( RS Elements: 23, Using 23 )
 -- Refining Family R=59 / 129 ( RS Elements: 23, Using 23 )
 -- Refining Family R=195 / 130 ( RS Elements: 23, Using 23 )
 -- Refining Family R=114 / 131 ( RS Elements: 23, Using 23 )
 -- Refining Family R=196 / 132 ( RS Elements: 23, Using 23 )
 -- Refining Family R=27 / 133 ( RS Elements: 23, Using 23 )
 -- Refining Family R=40 / 134 ( RS Elements: 22, Using 22 )
 -- Refining Family R=70 / 135 ( RS Elements: 22, Using 22 )
 -- Refining Family R=258 / 136 ( RS Elements: 22, Using 22 )
 -- Refining Family R=248 / 137 ( RS Elements: 21, Using 21 )
 -- Refining Family R=79 / 138 ( RS Elements: 21, Using 21 )
 -- Refining Family R=106 / 139 ( RS Elements: 21, Using 21 )
 -- Refining Family R=263 / 140 ( RS Elements: 21, Using 21 )
 -- Refining Family R=172 / 141 ( RS Elements: 20, Using 20 )
 -- Refining Family R=89 / 142 ( RS Elements: 20, Using 20 )
 -- Refining Family R=224 / 143 ( RS Elements: 20, Using 20 )
 -- Refining Family R=221 / 144 ( RS Elements: 20, Using 20 )
 -- Refining Family R=213 / 145 ( RS Elements: 19, Using 19 )
 -- Refining Family R=201 / 146 ( RS Elements: 19, Using 19 )
 -- Refining Family R=171 / 147 ( RS Elements: 19, Using 19 )
 -- Refining Family R=219 / 148 ( RS Elements: 19, Using 19 )
 -- Refining Family R=65 / 149 ( RS Elements: 18, Using 18 )
 -- Refining Family R=77 / 150 ( RS Elements: 18, Using 18 )
 -- Refining Family R=21 / 151 ( RS Elements: 18, Using 18 )
 -- Refining Family R=191 / 152 ( RS Elements: 18, Using 18 )
 -- Refining Family R=249 / 153 ( RS Elements: 18, Using 18 )
 -- Refining Family R=168 / 154 ( RS Elements: 17, Using 17 )
 -- Refining Family R=76 / 155 ( RS Elements: 17, Using 17 )
 -- Refining Family R=276 / 156 ( RS Elements: 17, Using 17 )
 -- Refining Family R=257 / 157 ( RS Elements: 17, Using 17 )
 -- Refining Family R=88 / 158 ( RS Elements: 17, Using 17 )
 -- Refining Family R=107 / 159 ( RS Elements: 17, Using 17 )
 -- Refining Family R=161 / 160 ( RS Elements: 17, Using 17 )
 -- Refining Family R=82 / 161 ( RS Elements: 16, Using 16 )
 -- Refining Family R=127 / 162 ( RS Elements: 16, Using 16 )
 -- Refining Family R=116 / 163 ( RS Elements: 16, Using 16 )
 -- Refining Family R=243 / 164 ( RS Elements: 16, Using 16 )
 -- Refining Family R=62 / 165 ( RS Elements: 16, Using 16 )
 -- Refining Family R=134 / 166 ( RS Elements: 16, Using 16 )
Family Refinement: 02:19:58 (hh:mm:ss) Elapsed Time


RepeatModeler Round # 2
========================
Searching for Repeats
 -- Sampling from the database...
   - Gathering up to 3000000 bp
   - Sequence extraction : 00:00:01 (hh:mm:ss) Elapsed Time
 -- Running TRFMask on the sequence...
       99 Tandem Repeats Masked
   - TRFMask time 00:00:05 (hh:mm:ss) Elapsed Time
 -- Masking repeats from the previous rounds...
  - Masking 1 - 5 of 81
  - Masking 16 - 30 of 81
  - Masking 41 - 65 of 81
  - Masking 76 - 81 of 81
   - TE Masking time 00:00:14 (hh:mm:ss) Elapsed Time
 -- Sample Stats:
       Sample Size 3035281 bp
       Num Contigs Represented = 25
       Non ambiguous bp:
             Initial: 3034251 bp
             After Masking: 2903595 bp
             Masked: 4.31 % 
 -- Input Database Coverage: 3035281 bp out of 42382780 bp ( 7.16 % )
Sampling Time: 00:00:20 (hh:mm:ss) Elapsed Time
Running all-by-other comparisons...
        2% completed,  00:4:00 (hh:mm:ss) est. time remaining.
        4% completed,  00:3:16 (hh:mm:ss) est. time remaining.
        7% completed,  00:2:19 (hh:mm:ss) est. time remaining.
        9% completed,  00:2:10 (hh:mm:ss) est. time remaining.
       12% completed,  00:1:56 (hh:mm:ss) est. time remaining.
       14% completed,  00:1:59 (hh:mm:ss) est. time remaining.
       16% completed,  00:1:45 (hh:mm:ss) est. time remaining.
       18% completed,  00:1:43 (hh:mm:ss) est. time remaining.
       21% completed,  00:1:48 (hh:mm:ss) est. time remaining.
       23% completed,  00:1:35 (hh:mm:ss) est. time remaining.
       25% completed,  00:1:42 (hh:mm:ss) est. time remaining.
       27% completed,  00:1:31 (hh:mm:ss) est. time remaining.
       29% completed,  00:1:25 (hh:mm:ss) est. time remaining.
       31% completed,  00:1:21 (hh:mm:ss) est. time remaining.
       33% completed,  00:1:20 (hh:mm:ss) est. time remaining.
       35% completed,  00:1:15 (hh:mm:ss) est. time remaining.
       37% completed,  00:1:14 (hh:mm:ss) est. time remaining.
       39% completed,  00:1:11 (hh:mm:ss) est. time remaining.
       41% completed,  00:1:07 (hh:mm:ss) est. time remaining.
       43% completed,  00:1:04 (hh:mm:ss) est. time remaining.
       45% completed,  00:1:02 (hh:mm:ss) est. time remaining.
       47% completed,  00:1:00 (hh:mm:ss) est. time remaining.
       48% completed,  00:0:57 (hh:mm:ss) est. time remaining.
       50% completed,  00:0:56 (hh:mm:ss) est. time remaining.
       52% completed,  00:0:53 (hh:mm:ss) est. time remaining.
       54% completed,  00:0:52 (hh:mm:ss) est. time remaining.
       55% completed,  00:0:50 (hh:mm:ss) est. time remaining.
       57% completed,  00:0:48 (hh:mm:ss) est. time remaining.
       59% completed,  00:0:46 (hh:mm:ss) est. time remaining.
       60% completed,  00:0:44 (hh:mm:ss) est. time remaining.
       62% completed,  00:0:43 (hh:mm:ss) est. time remaining.
       63% completed,  00:0:41 (hh:mm:ss) est. time remaining.
       65% completed,  00:0:39 (hh:mm:ss) est. time remaining.
       66% completed,  00:0:38 (hh:mm:ss) est. time remaining.
       68% completed,  00:0:36 (hh:mm:ss) est. time remaining.
       69% completed,  00:0:34 (hh:mm:ss) est. time remaining.
       70% completed,  00:0:33 (hh:mm:ss) est. time remaining.
       72% completed,  00:0:31 (hh:mm:ss) est. time remaining.
       73% completed,  00:0:30 (hh:mm:ss) est. time remaining.
       74% completed,  00:0:28 (hh:mm:ss) est. time remaining.
       75% completed,  00:0:27 (hh:mm:ss) est. time remaining.
       77% completed,  00:0:25 (hh:mm:ss) est. time remaining.
       78% completed,  00:0:24 (hh:mm:ss) est. time remaining.
       79% completed,  00:0:23 (hh:mm:ss) est. time remaining.
       80% completed,  00:0:22 (hh:mm:ss) est. time remaining.
       81% completed,  00:0:20 (hh:mm:ss) est. time remaining.
       82% completed,  00:0:19 (hh:mm:ss) est. time remaining.
       84% completed,  00:0:17 (hh:mm:ss) est. time remaining.
       85% completed,  00:0:16 (hh:mm:ss) est. time remaining.
       86% completed,  00:0:15 (hh:mm:ss) est. time remaining.
       87% completed,  00:0:14 (hh:mm:ss) est. time remaining.
       88% completed,  00:0:13 (hh:mm:ss) est. time remaining.
       89% completed,  00:0:12 (hh:mm:ss) est. time remaining.
       89% completed,  00:0:11 (hh:mm:ss) est. time remaining.
       90% completed,  00:0:10 (hh:mm:ss) est. time remaining.
       91% completed,  00:0:09 (hh:mm:ss) est. time remaining.
       92% completed,  00:0:08 (hh:mm:ss) est. time remaining.
       92% completed,  00:0:08 (hh:mm:ss) est. time remaining.
       93% completed,  00:0:07 (hh:mm:ss) est. time remaining.
       94% completed,  00:0:05 (hh:mm:ss) est. time remaining.
       95% completed,  00:0:05 (hh:mm:ss) est. time remaining.
       95% completed,  00:0:04 (hh:mm:ss) est. time remaining.
       96% completed,  00:0:04 (hh:mm:ss) est. time remaining.
       96% completed,  00:0:03 (hh:mm:ss) est. time remaining.
       97% completed,  00:0:03 (hh:mm:ss) est. time remaining.
       97% completed,  00:0:02 (hh:mm:ss) est. time remaining.
       98% completed,  00:0:01 (hh:mm:ss) est. time remaining.
       98% completed,  00:0:01 (hh:mm:ss) est. time remaining.
       98% completed,  00:0:01 (hh:mm:ss) est. time remaining.
       99% completed,  00:0:00 (hh:mm:ss) est. time remaining.
       99% completed,  00:0:00 (hh:mm:ss) est. time remaining.
       99% completed,  00:0:00 (hh:mm:ss) est. time remaining.
       99% completed,  00:0:00 (hh:mm:ss) est. time remaining.
       99% completed,  00:0:00 (hh:mm:ss) est. time remaining.
       99% completed,  00:0:00 (hh:mm:ss) est. time remaining.
       99% completed,  00:0:00 (hh:mm:ss) est. time remaining.
      100% completed,  00:0:00 (hh:mm:ss) est. time remaining.
Comparison Time: 00:01:55 (hh:mm:ss) Elapsed Time, 310 HSPs Collected
  - RECON: Running imagespread..
RECON Elapsed: 00:00:00 (hh:mm:ss) Elapsed Time
  - RECON: Running initial definition of elements ( eledef )..
RECON Elapsed: 00:00:01 (hh:mm:ss) Elapsed Time
  - RECON: Running re-definition of elements ( eleredef )..
RECON Elapsed: 00:00:01 (hh:mm:ss) Elapsed Time
  - RECON: Running re-definition of edges ( edgeredef )..
RECON Elapsed: 00:00:01 (hh:mm:ss) Elapsed Time
  - RECON: Running family definition ( famdef )..
RECON Elapsed: 00:00:00 (hh:mm:ss) Elapsed Time
  - Obtaining element sequences
Number of families returned by RECON: 146
Processing families with greater than 15 elements
Family Refinement: 00:00:00 (hh:mm:ss) Elapsed Time
Round Time: 00:02:20 (hh:mm:ss) Elapsed Time


RepeatModeler Round # 3
========================
Searching for Repeats
 -- Sampling from the database...
   - Gathering up to 9000000 bp
   - Sequence extraction : 00:00:01 (hh:mm:ss) Elapsed Time
 -- Running TRFMask on the sequence...
       361 Tandem Repeats Masked
   - TRFMask time 00:00:17 (hh:mm:ss) Elapsed Time
 -- Masking repeats from the previous rounds...
  - Masking 1 - 5 of 245
  - Masking 16 - 30 of 245
  - Masking 41 - 65 of 245
  - Masking 76 - 110 of 245
  - Masking 121 - 165 of 245
  - Masking 176 - 230 of 245
  - Masking 241 - 245 of 245
   - TE Masking time 00:01:02 (hh:mm:ss) Elapsed Time
 -- Sample Stats:
       Sample Size 9016644 bp
       Num Contigs Represented = 48
       Non ambiguous bp:
             Initial: 9006589 bp
             After Masking: 8330071 bp
             Masked: 7.51 % 
 -- Input Database Coverage: 12051925 bp out of 42382780 bp ( 28.44 % )
Sampling Time: 00:01:20 (hh:mm:ss) Elapsed Time
Running all-by-other comparisons...
        0% completed,  00:32:24 (hh:mm:ss) est. time remaining.
        1% completed,  00:19:07 (hh:mm:ss) est. time remaining.
        2% completed,  00:19:20 (hh:mm:ss) est. time remaining.
        3% completed,  00:17:23 (hh:mm:ss) est. time remaining.
        4% completed,  00:17:22 (hh:mm:ss) est. time remaining.
        4% completed,  00:20:57 (hh:mm:ss) est. time remaining.
        5% completed,  00:25:39 (hh:mm:ss) est. time remaining.
        6% completed,  00:25:28 (hh:mm:ss) est. time remaining.
        7% completed,  00:24:52 (hh:mm:ss) est. time remaining.
        7% completed,  00:24:32 (hh:mm:ss) est. time remaining.
        8% completed,  00:23:09 (hh:mm:ss) est. time remaining.
        9% completed,  00:21:33 (hh:mm:ss) est. time remaining.
       10% completed,  00:21:47 (hh:mm:ss) est. time remaining.
       11% completed,  00:20:14 (hh:mm:ss) est. time remaining.
       11% completed,  00:20:37 (hh:mm:ss) est. time remaining.
       12% completed,  00:20:21 (hh:mm:ss) est. time remaining.
       13% completed,  00:19:28 (hh:mm:ss) est. time remaining.
       14% completed,  00:20:05 (hh:mm:ss) est. time remaining.
       14% completed,  00:20:31 (hh:mm:ss) est. time remaining.
       15% completed,  00:20:37 (hh:mm:ss) est. time remaining.
       16% completed,  00:20:27 (hh:mm:ss) est. time remaining.
       17% completed,  00:20:06 (hh:mm:ss) est. time remaining.
       17% completed,  00:19:52 (hh:mm:ss) est. time remaining.
       18% completed,  00:19:34 (hh:mm:ss) est. time remaining.
       19% completed,  00:19:21 (hh:mm:ss) est. time remaining.
       20% completed,  00:18:30 (hh:mm:ss) est. time remaining.
       20% completed,  00:17:57 (hh:mm:ss) est. time remaining.
       21% completed,  00:17:26 (hh:mm:ss) est. time remaining.
       22% completed,  00:16:53 (hh:mm:ss) est. time remaining.
       23% completed,  00:16:49 (hh:mm:ss) est. time remaining.
       23% completed,  00:16:19 (hh:mm:ss) est. time remaining.
       24% completed,  00:16:25 (hh:mm:ss) est. time remaining.
       25% completed,  00:15:57 (hh:mm:ss) est. time remaining.
       25% completed,  00:15:53 (hh:mm:ss) est. time remaining.
       26% completed,  00:16:04 (hh:mm:ss) est. time remaining.
       27% completed,  00:15:59 (hh:mm:ss) est. time remaining.
       27% completed,  00:15:26 (hh:mm:ss) est. time remaining.
       28% completed,  00:15:28 (hh:mm:ss) est. time remaining.
       29% completed,  00:15:02 (hh:mm:ss) est. time remaining.
       30% completed,  00:14:37 (hh:mm:ss) est. time remaining.
       30% completed,  00:14:46 (hh:mm:ss) est. time remaining.
       31% completed,  00:14:58 (hh:mm:ss) est. time remaining.
       32% completed,  00:14:49 (hh:mm:ss) est. time remaining.
       32% completed,  00:15:10 (hh:mm:ss) est. time remaining.
       33% completed,  00:15:35 (hh:mm:ss) est. time remaining.
       34% completed,  00:15:34 (hh:mm:ss) est. time remaining.
       34% completed,  00:15:32 (hh:mm:ss) est. time remaining.
       35% completed,  00:15:29 (hh:mm:ss) est. time remaining.
       36% completed,  00:15:26 (hh:mm:ss) est. time remaining.
       36% completed,  00:15:18 (hh:mm:ss) est. time remaining.
       37% completed,  00:14:56 (hh:mm:ss) est. time remaining.
       38% completed,  00:14:40 (hh:mm:ss) est. time remaining.
       38% completed,  00:14:29 (hh:mm:ss) est. time remaining.
       39% completed,  00:14:15 (hh:mm:ss) est. time remaining.
       39% completed,  00:13:58 (hh:mm:ss) est. time remaining.
       40% completed,  00:13:37 (hh:mm:ss) est. time remaining.
       41% completed,  00:13:39 (hh:mm:ss) est. time remaining.
       41% completed,  00:13:28 (hh:mm:ss) est. time remaining.
       42% completed,  00:13:12 (hh:mm:ss) est. time remaining.
       43% completed,  00:13:04 (hh:mm:ss) est. time remaining.
       43% completed,  00:12:49 (hh:mm:ss) est. time remaining.
       44% completed,  00:12:32 (hh:mm:ss) est. time remaining.
       44% completed,  00:12:23 (hh:mm:ss) est. time remaining.
       45% completed,  00:12:08 (hh:mm:ss) est. time remaining.
       46% completed,  00:12:07 (hh:mm:ss) est. time remaining.
       46% completed,  00:11:53 (hh:mm:ss) est. time remaining.
       47% completed,  00:11:51 (hh:mm:ss) est. time remaining.
       47% completed,  00:11:38 (hh:mm:ss) est. time remaining.
       48% completed,  00:11:26 (hh:mm:ss) est. time remaining.
       49% completed,  00:11:17 (hh:mm:ss) est. time remaining.
       49% completed,  00:11:16 (hh:mm:ss) est. time remaining.
       50% completed,  00:10:46 (hh:mm:ss) est. time remaining.
       51% completed,  00:10:39 (hh:mm:ss) est. time remaining.
       51% completed,  00:10:28 (hh:mm:ss) est. time remaining.
       52% completed,  00:10:22 (hh:mm:ss) est. time remaining.
       53% completed,  00:10:08 (hh:mm:ss) est. time remaining.
       53% completed,  00:10:01 (hh:mm:ss) est. time remaining.
       54% completed,  00:9:48 (hh:mm:ss) est. time remaining.
       54% completed,  00:9:43 (hh:mm:ss) est. time remaining.
       55% completed,  00:9:35 (hh:mm:ss) est. time remaining.
       55% completed,  00:9:24 (hh:mm:ss) est. time remaining.
       56% completed,  00:9:18 (hh:mm:ss) est. time remaining.
       56% completed,  00:9:08 (hh:mm:ss) est. time remaining.
       57% completed,  00:9:01 (hh:mm:ss) est. time remaining.
       57% completed,  00:8:52 (hh:mm:ss) est. time remaining.
       58% completed,  00:8:45 (hh:mm:ss) est. time remaining.
       59% completed,  00:8:41 (hh:mm:ss) est. time remaining.
       59% completed,  00:8:30 (hh:mm:ss) est. time remaining.
       60% completed,  00:8:19 (hh:mm:ss) est. time remaining.
       60% completed,  00:8:13 (hh:mm:ss) est. time remaining.
       61% completed,  00:8:04 (hh:mm:ss) est. time remaining.
       61% completed,  00:7:59 (hh:mm:ss) est. time remaining.
       62% completed,  00:7:50 (hh:mm:ss) est. time remaining.
       62% completed,  00:7:40 (hh:mm:ss) est. time remaining.
       63% completed,  00:7:37 (hh:mm:ss) est. time remaining.
       63% completed,  00:7:35 (hh:mm:ss) est. time remaining.
       64% completed,  00:7:32 (hh:mm:ss) est. time remaining.
       64% completed,  00:7:28 (hh:mm:ss) est. time remaining.
       65% completed,  00:7:22 (hh:mm:ss) est. time remaining.
       65% completed,  00:7:16 (hh:mm:ss) est. time remaining.
       66% completed,  00:7:09 (hh:mm:ss) est. time remaining.
       66% completed,  00:7:02 (hh:mm:ss) est. time remaining.
       66% completed,  00:6:54 (hh:mm:ss) est. time remaining.
       67% completed,  00:6:46 (hh:mm:ss) est. time remaining.
       67% completed,  00:6:40 (hh:mm:ss) est. time remaining.
       68% completed,  00:6:33 (hh:mm:ss) est. time remaining.
       68% completed,  00:6:28 (hh:mm:ss) est. time remaining.
       69% completed,  00:6:21 (hh:mm:ss) est. time remaining.
       69% completed,  00:6:17 (hh:mm:ss) est. time remaining.
       70% completed,  00:6:09 (hh:mm:ss) est. time remaining.
       70% completed,  00:6:04 (hh:mm:ss) est. time remaining.
       71% completed,  00:5:57 (hh:mm:ss) est. time remaining.
       71% completed,  00:5:53 (hh:mm:ss) est. time remaining.
       71% completed,  00:5:45 (hh:mm:ss) est. time remaining.
       72% completed,  00:5:41 (hh:mm:ss) est. time remaining.
       72% completed,  00:5:34 (hh:mm:ss) est. time remaining.
       73% completed,  00:5:30 (hh:mm:ss) est. time remaining.
       73% completed,  00:5:23 (hh:mm:ss) est. time remaining.
       74% completed,  00:5:19 (hh:mm:ss) est. time remaining.
       74% completed,  00:5:12 (hh:mm:ss) est. time remaining.
       74% completed,  00:5:08 (hh:mm:ss) est. time remaining.
       75% completed,  00:5:01 (hh:mm:ss) est. time remaining.
       75% completed,  00:4:57 (hh:mm:ss) est. time remaining.
       76% completed,  00:4:50 (hh:mm:ss) est. time remaining.
       76% completed,  00:4:47 (hh:mm:ss) est. time remaining.
       76% completed,  00:4:40 (hh:mm:ss) est. time remaining.
       77% completed,  00:4:36 (hh:mm:ss) est. time remaining.
       77% completed,  00:4:30 (hh:mm:ss) est. time remaining.
       78% completed,  00:4:26 (hh:mm:ss) est. time remaining.
       78% completed,  00:4:21 (hh:mm:ss) est. time remaining.
       78% completed,  00:4:16 (hh:mm:ss) est. time remaining.
       79% completed,  00:4:11 (hh:mm:ss) est. time remaining.
       79% completed,  00:4:06 (hh:mm:ss) est. time remaining.
       79% completed,  00:4:01 (hh:mm:ss) est. time remaining.
       80% completed,  00:3:57 (hh:mm:ss) est. time remaining.
       80% completed,  00:3:51 (hh:mm:ss) est. time remaining.
       81% completed,  00:3:48 (hh:mm:ss) est. time remaining.
       81% completed,  00:3:44 (hh:mm:ss) est. time remaining.
       81% completed,  00:3:39 (hh:mm:ss) est. time remaining.
       82% completed,  00:3:34 (hh:mm:ss) est. time remaining.
       82% completed,  00:3:30 (hh:mm:ss) est. time remaining.
       82% completed,  00:3:25 (hh:mm:ss) est. time remaining.
       83% completed,  00:3:21 (hh:mm:ss) est. time remaining.
       83% completed,  00:3:16 (hh:mm:ss) est. time remaining.
       83% completed,  00:3:13 (hh:mm:ss) est. time remaining.
       84% completed,  00:3:08 (hh:mm:ss) est. time remaining.
       84% completed,  00:3:04 (hh:mm:ss) est. time remaining.
       84% completed,  00:3:00 (hh:mm:ss) est. time remaining.
       85% completed,  00:2:56 (hh:mm:ss) est. time remaining.
       85% completed,  00:2:52 (hh:mm:ss) est. time remaining.
       85% completed,  00:2:48 (hh:mm:ss) est. time remaining.
       85% completed,  00:2:44 (hh:mm:ss) est. time remaining.
       86% completed,  00:2:40 (hh:mm:ss) est. time remaining.
       86% completed,  00:2:37 (hh:mm:ss) est. time remaining.
       86% completed,  00:2:33 (hh:mm:ss) est. time remaining.
       87% completed,  00:2:29 (hh:mm:ss) est. time remaining.
       87% completed,  00:2:26 (hh:mm:ss) est. time remaining.
       87% completed,  00:2:22 (hh:mm:ss) est. time remaining.
       88% completed,  00:2:19 (hh:mm:ss) est. time remaining.
       88% completed,  00:2:15 (hh:mm:ss) est. time remaining.
       88% completed,  00:2:12 (hh:mm:ss) est. time remaining.
       88% completed,  00:2:09 (hh:mm:ss) est. time remaining.
       89% completed,  00:2:06 (hh:mm:ss) est. time remaining.
       89% completed,  00:2:02 (hh:mm:ss) est. time remaining.
       89% completed,  00:2:00 (hh:mm:ss) est. time remaining.
       89% completed,  00:1:57 (hh:mm:ss) est. time remaining.
       90% completed,  00:1:54 (hh:mm:ss) est. time remaining.
       90% completed,  00:1:51 (hh:mm:ss) est. time remaining.
       90% completed,  00:1:48 (hh:mm:ss) est. time remaining.
       90% completed,  00:1:45 (hh:mm:ss) est. time remaining.
       91% completed,  00:1:42 (hh:mm:ss) est. time remaining.
       91% completed,  00:1:39 (hh:mm:ss) est. time remaining.
       91% completed,  00:1:36 (hh:mm:ss) est. time remaining.
       91% completed,  00:1:34 (hh:mm:ss) est. time remaining.
       92% completed,  00:1:31 (hh:mm:ss) est. time remaining.
       92% completed,  00:1:28 (hh:mm:ss) est. time remaining.
       92% completed,  00:1:26 (hh:mm:ss) est. time remaining.
       92% completed,  00:1:23 (hh:mm:ss) est. time remaining.
       93% completed,  00:1:20 (hh:mm:ss) est. time remaining.
       93% completed,  00:1:18 (hh:mm:ss) est. time remaining.
       93% completed,  00:1:15 (hh:mm:ss) est. time remaining.
       93% completed,  00:1:10 (hh:mm:ss) est. time remaining.
       94% completed,  00:1:08 (hh:mm:ss) est. time remaining.
       94% completed,  00:1:06 (hh:mm:ss) est. time remaining.
       94% completed,  00:1:03 (hh:mm:ss) est. time remaining.
       94% completed,  00:1:01 (hh:mm:ss) est. time remaining.
       94% completed,  00:0:59 (hh:mm:ss) est. time remaining.
       95% completed,  00:0:57 (hh:mm:ss) est. time remaining.
       95% completed,  00:0:55 (hh:mm:ss) est. time remaining.
       95% completed,  00:0:52 (hh:mm:ss) est. time remaining.
       95% completed,  00:0:50 (hh:mm:ss) est. time remaining.
       95% completed,  00:0:48 (hh:mm:ss) est. time remaining.
       95% completed,  00:0:47 (hh:mm:ss) est. time remaining.
       96% completed,  00:0:45 (hh:mm:ss) est. time remaining.
       96% completed,  00:0:43 (hh:mm:ss) est. time remaining.
       96% completed,  00:0:41 (hh:mm:ss) est. time remaining.
       96% completed,  00:0:39 (hh:mm:ss) est. time remaining.
       96% completed,  00:0:37 (hh:mm:ss) est. time remaining.
       96% completed,  00:0:36 (hh:mm:ss) est. time remaining.
       96% completed,  00:0:34 (hh:mm:ss) est. time remaining.
       97% completed,  00:0:33 (hh:mm:ss) est. time remaining.
       97% completed,  00:0:31 (hh:mm:ss) est. time remaining.
       97% completed,  00:0:29 (hh:mm:ss) est. time remaining.
       97% completed,  00:0:28 (hh:mm:ss) est. time remaining.
       97% completed,  00:0:26 (hh:mm:ss) est. time remaining.
       97% completed,  00:0:25 (hh:mm:ss) est. time remaining.
       97% completed,  00:0:24 (hh:mm:ss) est. time remaining.
       98% completed,  00:0:22 (hh:mm:ss) est. time remaining.
       98% completed,  00:0:21 (hh:mm:ss) est. time remaining.
       98% completed,  00:0:20 (hh:mm:ss) est. time remaining.
       98% completed,  00:0:18 (hh:mm:ss) est. time remaining.
       98% completed,  00:0:17 (hh:mm:ss) est. time remaining.
       98% completed,  00:0:16 (hh:mm:ss) est. time remaining.
       98% completed,  00:0:15 (hh:mm:ss) est. time remaining.
       98% completed,  00:0:14 (hh:mm:ss) est. time remaining.
       98% completed,  00:0:13 (hh:mm:ss) est. time remaining.
       98% completed,  00:0:12 (hh:mm:ss) est. time remaining.
       98% completed,  00:0:11 (hh:mm:ss) est. time remaining.
       99% completed,  00:0:10 (hh:mm:ss) est. time remaining.
       99% completed,  00:0:09 (hh:mm:ss) est. time remaining.
       99% completed,  00:0:08 (hh:mm:ss) est. time remaining.
       99% completed,  00:0:08 (hh:mm:ss) est. time remaining.
       99% completed,  00:0:07 (hh:mm:ss) est. time remaining.
       99% completed,  00:0:06 (hh:mm:ss) est. time remaining.
       99% completed,  00:0:05 (hh:mm:ss) est. time remaining.
       99% completed,  00:0:05 (hh:mm:ss) est. time remaining.
       99% completed,  00:0:04 (hh:mm:ss) est. time remaining.
       99% completed,  00:0:04 (hh:mm:ss) est. time remaining.
       99% completed,  00:0:03 (hh:mm:ss) est. time remaining.
       99% completed,  00:0:02 (hh:mm:ss) est. time remaining.
       99% completed,  00:0:02 (hh:mm:ss) est. time remaining.
       99% completed,  00:0:02 (hh:mm:ss) est. time remaining.
       99% completed,  00:0:01 (hh:mm:ss) est. time remaining.
       99% completed,  00:0:01 (hh:mm:ss) est. time remaining.
       99% completed,  00:0:01 (hh:mm:ss) est. time remaining.
       99% completed,  00:0:00 (hh:mm:ss) est. time remaining.
       99% completed,  00:0:00 (hh:mm:ss) est. time remaining.
       99% completed,  00:0:00 (hh:mm:ss) est. time remaining.
       99% completed,  00:0:00 (hh:mm:ss) est. time remaining.
       99% completed,  00:0:00 (hh:mm:ss) est. time remaining.
       99% completed,  00:0:00 (hh:mm:ss) est. time remaining.
      100% completed,  00:0:00 (hh:mm:ss) est. time remaining.
Comparison Time: 00:19:04 (hh:mm:ss) Elapsed Time, 2853 HSPs Collected
  - RECON: Running imagespread..
RECON Elapsed: 00:00:00 (hh:mm:ss) Elapsed Time
  - RECON: Running initial definition of elements ( eledef )..
RECON Elapsed: 00:00:06 (hh:mm:ss) Elapsed Time
  - RECON: Running re-definition of elements ( eleredef )..
RECON Elapsed: 00:00:09 (hh:mm:ss) Elapsed Time
  - RECON: Running re-definition of edges ( edgeredef )..
RECON Elapsed: 00:00:12 (hh:mm:ss) Elapsed Time
  - RECON: Running family definition ( famdef )..
RECON Elapsed: 00:00:01 (hh:mm:ss) Elapsed Time
  - Obtaining element sequences
Number of families returned by RECON: 939
Processing families with greater than 15 elements

Processing RECON family: 83
  - Saving 32 elements
  - Refining family-83 model...

Processing RECON family: 67
  - Saving 26 elements
  - Refining family-67 model...

Processing RECON family: 30
  - Saving 22 elements
  - Refining family-30 model...

Processing RECON family: 4
  - Saving 17 elements
  - Refining family-4 model...

Processing RECON family: 9
  - Saving 17 elements
  - Refining family-9 model...

Processing RECON family: 303
  - Saving 16 elements
  - Refining family-303 model...

Processing RECON family: 91
  - Saving 16 elements
  - Refining family-91 model...
Family Refinement: 00:01:11 (hh:mm:ss) Elapsed Time
Round Time: 00:22:14 (hh:mm:ss) Elapsed Time


RepeatModeler Round # 4
========================
Searching for Repeats
 -- Sampling from the database...
   - Gathering up to 27000000 bp
   - Sequence extraction : 00:00:04 (hh:mm:ss) Elapsed Time
 -- Running TRFMask on the sequence...
       970 Tandem Repeats Masked
   - TRFMask time 00:00:48 (hh:mm:ss) Elapsed Time
 -- Masking repeats from the previous rounds...
  - Masking 1 - 5 of 740
  - Masking 16 - 30 of 740
  - Masking 41 - 65 of 740
  - Masking 76 - 110 of 740
  - Masking 121 - 165 of 740
  - Masking 176 - 230 of 740
  - Masking 241 - 305 of 740
  - Masking 316 - 390 of 740
  - Masking 401 - 485 of 740
  - Masking 496 - 590 of 740
  - Masking 596 - 695 of 740
  - Masking 696 - 740 of 740
   - TE Masking time 00:03:08 (hh:mm:ss) Elapsed Time
 -- Sample Stats:
       Sample Size 27047271 bp
       Num Contigs Represented = 97
       Non ambiguous bp:
             Initial: 27003539 bp
             After Masking: 25117926 bp
             Masked: 6.98 % 
 -- Input Database Coverage: 39099196 bp out of 42382780 bp ( 92.25 % )
Sampling Time: 00:04:02 (hh:mm:ss) Elapsed Time
Running all-by-other comparisons...
        0% completed,  04:55:36 (hh:mm:ss) est. time remaining.
        0% completed,  02:33:26 (hh:mm:ss) est. time remaining.
        0% completed,  02:43:20 (hh:mm:ss) est. time remaining.
        1% completed,  02:25:10 (hh:mm:ss) est. time remaining.
        1% completed,  02:36:09 (hh:mm:ss) est. time remaining.
        1% completed,  02:22:02 (hh:mm:ss) est. time remaining.
        1% completed,  02:31:00 (hh:mm:ss) est. time remaining.
        2% completed,  02:22:28 (hh:mm:ss) est. time remaining.
        2% completed,  02:27:13 (hh:mm:ss) est. time remaining.
        2% completed,  02:21:17 (hh:mm:ss) est. time remaining.
        2% completed,  02:25:09 (hh:mm:ss) est. time remaining.
        3% completed,  02:19:48 (hh:mm:ss) est. time remaining.
        3% completed,  02:25:51 (hh:mm:ss) est. time remaining.
        3% completed,  02:20:17 (hh:mm:ss) est. time remaining.
        4% completed,  02:25:48 (hh:mm:ss) est. time remaining.
        4% completed,  02:19:23 (hh:mm:ss) est. time remaining.
        4% completed,  02:24:34 (hh:mm:ss) est. time remaining.
        4% completed,  02:18:53 (hh:mm:ss) est. time remaining.
        5% completed,  02:16:55 (hh:mm:ss) est. time remaining.
        5% completed,  02:17:47 (hh:mm:ss) est. time remaining.
        5% completed,  02:17:24 (hh:mm:ss) est. time remaining.
        5% completed,  02:17:19 (hh:mm:ss) est. time remaining.
        6% completed,  02:17:12 (hh:mm:ss) est. time remaining.
        6% completed,  02:17:48 (hh:mm:ss) est. time remaining.
        6% completed,  02:12:29 (hh:mm:ss) est. time remaining.
        6% completed,  02:12:44 (hh:mm:ss) est. time remaining.
        7% completed,  02:11:13 (hh:mm:ss) est. time remaining.
        7% completed,  02:12:42 (hh:mm:ss) est. time remaining.
        7% completed,  02:10:39 (hh:mm:ss) est. time remaining.
        7% completed,  02:12:12 (hh:mm:ss) est. time remaining.
        8% completed,  02:10:39 (hh:mm:ss) est. time remaining.
        8% completed,  02:11:31 (hh:mm:ss) est. time remaining.
        8% completed,  02:10:24 (hh:mm:ss) est. time remaining.
        8% completed,  02:11:21 (hh:mm:ss) est. time remaining.
        9% completed,  02:9:57 (hh:mm:ss) est. time remaining.
        9% completed,  02:10:12 (hh:mm:ss) est. time remaining.
        9% completed,  02:9:20 (hh:mm:ss) est. time remaining.
       10% completed,  02:12:42 (hh:mm:ss) est. time remaining.
       10% completed,  02:17:46 (hh:mm:ss) est. time remaining.
       10% completed,  02:21:41 (hh:mm:ss) est. time remaining.
       10% completed,  02:23:02 (hh:mm:ss) est. time remaining.
       11% completed,  02:23:14 (hh:mm:ss) est. time remaining.
       11% completed,  02:20:53 (hh:mm:ss) est. time remaining.
       11% completed,  02:18:09 (hh:mm:ss) est. time remaining.
       11% completed,  02:17:16 (hh:mm:ss) est. time remaining.
       12% completed,  02:15:42 (hh:mm:ss) est. time remaining.
       12% completed,  02:12:53 (hh:mm:ss) est. time remaining.
       12% completed,  02:12:50 (hh:mm:ss) est. time remaining.
       12% completed,  02:11:33 (hh:mm:ss) est. time remaining.
       13% completed,  02:12:37 (hh:mm:ss) est. time remaining.
       13% completed,  02:10:36 (hh:mm:ss) est. time remaining.
       13% completed,  02:11:38 (hh:mm:ss) est. time remaining.
       13% completed,  02:9:54 (hh:mm:ss) est. time remaining.
       14% completed,  02:7:25 (hh:mm:ss) est. time remaining.
       14% completed,  02:5:38 (hh:mm:ss) est. time remaining.
       14% completed,  02:5:27 (hh:mm:ss) est. time remaining.
       14% completed,  02:4:53 (hh:mm:ss) est. time remaining.
       15% completed,  02:3:52 (hh:mm:ss) est. time remaining.
       15% completed,  02:3:04 (hh:mm:ss) est. time remaining.
       15% completed,  02:2:39 (hh:mm:ss) est. time remaining.
       15% completed,  02:2:29 (hh:mm:ss) est. time remaining.
       16% completed,  01:59:01 (hh:mm:ss) est. time remaining.
       16% completed,  01:57:34 (hh:mm:ss) est. time remaining.
       16% completed,  01:58:08 (hh:mm:ss) est. time remaining.
       17% completed,  01:56:58 (hh:mm:ss) est. time remaining.
       17% completed,  01:57:45 (hh:mm:ss) est. time remaining.
       17% completed,  01:56:18 (hh:mm:ss) est. time remaining.
       17% completed,  01:56:59 (hh:mm:ss) est. time remaining.
       18% completed,  01:55:16 (hh:mm:ss) est. time remaining.
       18% completed,  01:56:09 (hh:mm:ss) est. time remaining.
       18% completed,  01:54:43 (hh:mm:ss) est. time remaining.
       18% completed,  01:55:03 (hh:mm:ss) est. time remaining.
       19% completed,  01:55:56 (hh:mm:ss) est. time remaining.
       19% completed,  01:54:45 (hh:mm:ss) est. time remaining.
       19% completed,  01:54:54 (hh:mm:ss) est. time remaining.
       19% completed,  01:54:14 (hh:mm:ss) est. time remaining.
       19% completed,  01:52:43 (hh:mm:ss) est. time remaining.
       20% completed,  01:53:40 (hh:mm:ss) est. time remaining.
       20% completed,  01:51:59 (hh:mm:ss) est. time remaining.
       20% completed,  01:53:01 (hh:mm:ss) est. time remaining.
       20% completed,  01:51:27 (hh:mm:ss) est. time remaining.
       21% completed,  01:52:23 (hh:mm:ss) est. time remaining.
       21% completed,  01:49:28 (hh:mm:ss) est. time remaining.
       21% completed,  01:50:16 (hh:mm:ss) est. time remaining.
       22% completed,  01:49:02 (hh:mm:ss) est. time remaining.
       22% completed,  01:49:34 (hh:mm:ss) est. time remaining.
       22% completed,  01:48:36 (hh:mm:ss) est. time remaining.
       22% completed,  01:48:59 (hh:mm:ss) est. time remaining.
       23% completed,  01:47:59 (hh:mm:ss) est. time remaining.
       23% completed,  01:46:33 (hh:mm:ss) est. time remaining.
       23% completed,  01:45:19 (hh:mm:ss) est. time remaining.
       23% completed,  01:45:59 (hh:mm:ss) est. time remaining.
       24% completed,  01:44:43 (hh:mm:ss) est. time remaining.
       24% completed,  01:43:35 (hh:mm:ss) est. time remaining.
       24% completed,  01:44:05 (hh:mm:ss) est. time remaining.
       24% completed,  01:43:07 (hh:mm:ss) est. time remaining.
       24% completed,  01:42:05 (hh:mm:ss) est. time remaining.
       25% completed,  01:42:33 (hh:mm:ss) est. time remaining.
       25% completed,  01:40:30 (hh:mm:ss) est. time remaining.
       25% completed,  01:40:54 (hh:mm:ss) est. time remaining.
       26% completed,  01:39:41 (hh:mm:ss) est. time remaining.
       26% completed,  01:38:44 (hh:mm:ss) est. time remaining.
       26% completed,  01:39:10 (hh:mm:ss) est. time remaining.
       26% completed,  01:38:28 (hh:mm:ss) est. time remaining.
       27% completed,  01:37:27 (hh:mm:ss) est. time remaining.
       27% completed,  01:37:33 (hh:mm:ss) est. time remaining.
       27% completed,  01:37:03 (hh:mm:ss) est. time remaining.
       27% completed,  01:37:07 (hh:mm:ss) est. time remaining.
       27% completed,  01:36:39 (hh:mm:ss) est. time remaining.
       28% completed,  01:36:45 (hh:mm:ss) est. time remaining.
       28% completed,  01:36:10 (hh:mm:ss) est. time remaining.
       28% completed,  01:35:26 (hh:mm:ss) est. time remaining.
       28% completed,  01:35:51 (hh:mm:ss) est. time remaining.
       29% completed,  01:35:24 (hh:mm:ss) est. time remaining.
       29% completed,  01:35:09 (hh:mm:ss) est. time remaining.
       29% completed,  01:34:52 (hh:mm:ss) est. time remaining.
       29% completed,  01:34:47 (hh:mm:ss) est. time remaining.
       30% completed,  01:34:12 (hh:mm:ss) est. time remaining.
       30% completed,  01:33:37 (hh:mm:ss) est. time remaining.
       30% completed,  01:33:14 (hh:mm:ss) est. time remaining.
       30% completed,  01:33:02 (hh:mm:ss) est. time remaining.
       30% completed,  01:32:51 (hh:mm:ss) est. time remaining.
       31% completed,  01:32:37 (hh:mm:ss) est. time remaining.
       31% completed,  01:32:29 (hh:mm:ss) est. time remaining.
       31% completed,  01:32:32 (hh:mm:ss) est. time remaining.
       31% completed,  01:32:03 (hh:mm:ss) est. time remaining.
       32% completed,  01:31:58 (hh:mm:ss) est. time remaining.
       32% completed,  01:31:35 (hh:mm:ss) est. time remaining.
       32% completed,  01:31:34 (hh:mm:ss) est. time remaining.
       32% completed,  01:30:43 (hh:mm:ss) est. time remaining.
       32% completed,  01:31:14 (hh:mm:ss) est. time remaining.
       33% completed,  01:30:29 (hh:mm:ss) est. time remaining.
       33% completed,  01:30:02 (hh:mm:ss) est. time remaining.
       33% completed,  01:29:40 (hh:mm:ss) est. time remaining.
       33% completed,  01:28:51 (hh:mm:ss) est. time remaining.
       34% completed,  01:28:47 (hh:mm:ss) est. time remaining.
       34% completed,  01:28:15 (hh:mm:ss) est. time remaining.
       34% completed,  01:28:09 (hh:mm:ss) est. time remaining.
       34% completed,  01:27:24 (hh:mm:ss) est. time remaining.
       34% completed,  01:27:41 (hh:mm:ss) est. time remaining.
       35% completed,  01:26:54 (hh:mm:ss) est. time remaining.
       35% completed,  01:27:09 (hh:mm:ss) est. time remaining.
       35% completed,  01:26:25 (hh:mm:ss) est. time remaining.
       35% completed,  01:25:38 (hh:mm:ss) est. time remaining.
       36% completed,  01:25:43 (hh:mm:ss) est. time remaining.
       36% completed,  01:25:06 (hh:mm:ss) est. time remaining.
       36% completed,  01:25:16 (hh:mm:ss) est. time remaining.
       36% completed,  01:24:41 (hh:mm:ss) est. time remaining.
       36% completed,  01:24:54 (hh:mm:ss) est. time remaining.
       37% completed,  01:24:19 (hh:mm:ss) est. time remaining.
       37% completed,  01:24:20 (hh:mm:ss) est. time remaining.
       37% completed,  01:23:45 (hh:mm:ss) est. time remaining.
       37% completed,  01:23:44 (hh:mm:ss) est. time remaining.
       37% completed,  01:23:01 (hh:mm:ss) est. time remaining.
       38% completed,  01:23:11 (hh:mm:ss) est. time remaining.
       38% completed,  01:22:33 (hh:mm:ss) est. time remaining.
       38% completed,  01:22:47 (hh:mm:ss) est. time remaining.
       38% completed,  01:22:06 (hh:mm:ss) est. time remaining.
       39% completed,  01:21:28 (hh:mm:ss) est. time remaining.
       39% completed,  01:21:34 (hh:mm:ss) est. time remaining.
       39% completed,  01:21:02 (hh:mm:ss) est. time remaining.
       39% completed,  01:20:28 (hh:mm:ss) est. time remaining.
       39% completed,  01:20:30 (hh:mm:ss) est. time remaining.
       40% completed,  01:20:00 (hh:mm:ss) est. time remaining.
       40% completed,  01:19:54 (hh:mm:ss) est. time remaining.
       40% completed,  01:19:27 (hh:mm:ss) est. time remaining.
       40% completed,  01:19:27 (hh:mm:ss) est. time remaining.
       40% completed,  01:18:56 (hh:mm:ss) est. time remaining.
       41% completed,  01:18:59 (hh:mm:ss) est. time remaining.
       41% completed,  01:18:30 (hh:mm:ss) est. time remaining.
       41% completed,  01:18:29 (hh:mm:ss) est. time remaining.
       41% completed,  01:18:03 (hh:mm:ss) est. time remaining.
       41% completed,  01:18:06 (hh:mm:ss) est. time remaining.
       42% completed,  01:17:35 (hh:mm:ss) est. time remaining.
       42% completed,  01:17:38 (hh:mm:ss) est. time remaining.
       42% completed,  01:17:32 (hh:mm:ss) est. time remaining.
       42% completed,  01:16:54 (hh:mm:ss) est. time remaining.
       42% completed,  01:17:01 (hh:mm:ss) est. time remaining.
       43% completed,  01:16:24 (hh:mm:ss) est. time remaining.
       43% completed,  01:16:27 (hh:mm:ss) est. time remaining.
       43% completed,  01:15:58 (hh:mm:ss) est. time remaining.
       43% completed,  01:15:59 (hh:mm:ss) est. time remaining.
       43% completed,  01:15:32 (hh:mm:ss) est. time remaining.
       44% completed,  01:15:08 (hh:mm:ss) est. time remaining.
       44% completed,  01:15:05 (hh:mm:ss) est. time remaining.
       44% completed,  01:14:49 (hh:mm:ss) est. time remaining.
       44% completed,  01:14:32 (hh:mm:ss) est. time remaining.
       44% completed,  01:14:18 (hh:mm:ss) est. time remaining.
       45% completed,  01:14:10 (hh:mm:ss) est. time remaining.
       45% completed,  01:13:54 (hh:mm:ss) est. time remaining.
       45% completed,  01:13:41 (hh:mm:ss) est. time remaining.
       45% completed,  01:13:24 (hh:mm:ss) est. time remaining.
       45% completed,  01:13:10 (hh:mm:ss) est. time remaining.
       46% completed,  01:12:41 (hh:mm:ss) est. time remaining.
       46% completed,  01:12:11 (hh:mm:ss) est. time remaining.
       46% completed,  01:11:44 (hh:mm:ss) est. time remaining.
       46% completed,  01:11:38 (hh:mm:ss) est. time remaining.
       46% completed,  01:11:08 (hh:mm:ss) est. time remaining.
       47% completed,  01:10:44 (hh:mm:ss) est. time remaining.
       47% completed,  01:10:33 (hh:mm:ss) est. time remaining.
       47% completed,  01:10:18 (hh:mm:ss) est. time remaining.
       47% completed,  01:10:09 (hh:mm:ss) est. time remaining.
       47% completed,  01:9:49 (hh:mm:ss) est. time remaining.
       48% completed,  01:9:29 (hh:mm:ss) est. time remaining.
       48% completed,  01:9:22 (hh:mm:ss) est. time remaining.
       48% completed,  01:9:34 (hh:mm:ss) est. time remaining.
       48% completed,  01:9:36 (hh:mm:ss) est. time remaining.
       48% completed,  01:9:12 (hh:mm:ss) est. time remaining.
       49% completed,  01:9:03 (hh:mm:ss) est. time remaining.
       49% completed,  01:8:46 (hh:mm:ss) est. time remaining.
       49% completed,  01:8:38 (hh:mm:ss) est. time remaining.
       49% completed,  01:8:20 (hh:mm:ss) est. time remaining.
       49% completed,  01:8:12 (hh:mm:ss) est. time remaining.
       50% completed,  01:7:52 (hh:mm:ss) est. time remaining.
       50% completed,  01:7:27 (hh:mm:ss) est. time remaining.
       50% completed,  01:7:14 (hh:mm:ss) est. time remaining.
       50% completed,  01:6:59 (hh:mm:ss) est. time remaining.
       50% completed,  01:6:49 (hh:mm:ss) est. time remaining.
       51% completed,  01:6:30 (hh:mm:ss) est. time remaining.
       51% completed,  01:6:06 (hh:mm:ss) est. time remaining.
       51% completed,  01:5:39 (hh:mm:ss) est. time remaining.
       51% completed,  01:5:41 (hh:mm:ss) est. time remaining.
       51% completed,  01:5:12 (hh:mm:ss) est. time remaining.
       51% completed,  01:5:12 (hh:mm:ss) est. time remaining.
       52% completed,  01:4:44 (hh:mm:ss) est. time remaining.
       52% completed,  01:4:42 (hh:mm:ss) est. time remaining.
       52% completed,  01:4:14 (hh:mm:ss) est. time remaining.
       52% completed,  01:4:13 (hh:mm:ss) est. time remaining.
       52% completed,  01:3:47 (hh:mm:ss) est. time remaining.
       53% completed,  01:3:43 (hh:mm:ss) est. time remaining.
       53% completed,  01:3:16 (hh:mm:ss) est. time remaining.
       53% completed,  01:3:14 (hh:mm:ss) est. time remaining.
       53% completed,  01:2:47 (hh:mm:ss) est. time remaining.
       53% completed,  01:2:37 (hh:mm:ss) est. time remaining.
       54% completed,  01:2:16 (hh:mm:ss) est. time remaining.
       54% completed,  01:2:12 (hh:mm:ss) est. time remaining.
       54% completed,  01:1:47 (hh:mm:ss) est. time remaining.
       54% completed,  01:1:21 (hh:mm:ss) est. time remaining.
       54% completed,  01:1:22 (hh:mm:ss) est. time remaining.
       54% completed,  01:0:56 (hh:mm:ss) est. time remaining.
       55% completed,  01:0:56 (hh:mm:ss) est. time remaining.
       55% completed,  01:0:30 (hh:mm:ss) est. time remaining.
       55% completed,  01:0:29 (hh:mm:ss) est. time remaining.
       55% completed,  01:0:05 (hh:mm:ss) est. time remaining.
       55% completed,  01:0:01 (hh:mm:ss) est. time remaining.
       56% completed,  00:59:42 (hh:mm:ss) est. time remaining.
       56% completed,  00:59:31 (hh:mm:ss) est. time remaining.
       56% completed,  00:59:19 (hh:mm:ss) est. time remaining.
       56% completed,  00:59:06 (hh:mm:ss) est. time remaining.
       56% completed,  00:58:54 (hh:mm:ss) est. time remaining.
       56% completed,  00:58:41 (hh:mm:ss) est. time remaining.
       57% completed,  00:58:21 (hh:mm:ss) est. time remaining.
       57% completed,  00:58:15 (hh:mm:ss) est. time remaining.
       57% completed,  00:57:54 (hh:mm:ss) est. time remaining.
       57% completed,  00:57:47 (hh:mm:ss) est. time remaining.
       57% completed,  00:57:27 (hh:mm:ss) est. time remaining.
       57% completed,  00:57:19 (hh:mm:ss) est. time remaining.
       58% completed,  00:57:01 (hh:mm:ss) est. time remaining.
       58% completed,  00:56:48 (hh:mm:ss) est. time remaining.
       58% completed,  00:56:30 (hh:mm:ss) est. time remaining.
       58% completed,  00:56:07 (hh:mm:ss) est. time remaining.
       58% completed,  00:56:07 (hh:mm:ss) est. time remaining.
       59% completed,  00:55:30 (hh:mm:ss) est. time remaining.
       59% completed,  00:55:15 (hh:mm:ss) est. time remaining.
       59% completed,  00:55:03 (hh:mm:ss) est. time remaining.
       59% completed,  00:54:51 (hh:mm:ss) est. time remaining.
       59% completed,  00:54:34 (hh:mm:ss) est. time remaining.
       60% completed,  00:54:26 (hh:mm:ss) est. time remaining.
       60% completed,  00:54:06 (hh:mm:ss) est. time remaining.
       60% completed,  00:54:00 (hh:mm:ss) est. time remaining.
       60% completed,  00:53:39 (hh:mm:ss) est. time remaining.
       60% completed,  00:53:38 (hh:mm:ss) est. time remaining.
       61% completed,  00:52:56 (hh:mm:ss) est. time remaining.
       61% completed,  00:52:48 (hh:mm:ss) est. time remaining.
       61% completed,  00:52:30 (hh:mm:ss) est. time remaining.
       61% completed,  00:52:16 (hh:mm:ss) est. time remaining.
       61% completed,  00:52:06 (hh:mm:ss) est. time remaining.
       61% completed,  00:51:51 (hh:mm:ss) est. time remaining.
       62% completed,  00:51:41 (hh:mm:ss) est. time remaining.
       62% completed,  00:51:23 (hh:mm:ss) est. time remaining.
       62% completed,  00:51:02 (hh:mm:ss) est. time remaining.
       62% completed,  00:50:55 (hh:mm:ss) est. time remaining.
       62% completed,  00:50:37 (hh:mm:ss) est. time remaining.
       62% completed,  00:50:32 (hh:mm:ss) est. time remaining.
       63% completed,  00:50:12 (hh:mm:ss) est. time remaining.
       63% completed,  00:49:53 (hh:mm:ss) est. time remaining.
       63% completed,  00:49:45 (hh:mm:ss) est. time remaining.
       63% completed,  00:49:34 (hh:mm:ss) est. time remaining.
       63% completed,  00:49:28 (hh:mm:ss) est. time remaining.
       63% completed,  00:49:08 (hh:mm:ss) est. time remaining.
       64% completed,  00:49:02 (hh:mm:ss) est. time remaining.
       64% completed,  00:48:43 (hh:mm:ss) est. time remaining.
       64% completed,  00:48:34 (hh:mm:ss) est. time remaining.
       64% completed,  00:48:18 (hh:mm:ss) est. time remaining.
       64% completed,  00:48:09 (hh:mm:ss) est. time remaining.
       64% completed,  00:47:51 (hh:mm:ss) est. time remaining.
       64% completed,  00:47:31 (hh:mm:ss) est. time remaining.
       65% completed,  00:47:21 (hh:mm:ss) est. time remaining.
       65% completed,  00:47:07 (hh:mm:ss) est. time remaining.
       65% completed,  00:46:57 (hh:mm:ss) est. time remaining.
       65% completed,  00:46:42 (hh:mm:ss) est. time remaining.
       65% completed,  00:46:32 (hh:mm:ss) est. time remaining.
       65% completed,  00:46:18 (hh:mm:ss) est. time remaining.
       66% completed,  00:46:08 (hh:mm:ss) est. time remaining.
       66% completed,  00:45:56 (hh:mm:ss) est. time remaining.
       66% completed,  00:45:43 (hh:mm:ss) est. time remaining.
       66% completed,  00:45:32 (hh:mm:ss) est. time remaining.
       66% completed,  00:45:19 (hh:mm:ss) est. time remaining.
       66% completed,  00:45:07 (hh:mm:ss) est. time remaining.
       67% completed,  00:44:55 (hh:mm:ss) est. time remaining.
       67% completed,  00:44:42 (hh:mm:ss) est. time remaining.
       67% completed,  00:44:32 (hh:mm:ss) est. time remaining.
       67% completed,  00:44:19 (hh:mm:ss) est. time remaining.
       67% completed,  00:44:01 (hh:mm:ss) est. time remaining.
       67% completed,  00:43:54 (hh:mm:ss) est. time remaining.
       67% completed,  00:43:36 (hh:mm:ss) est. time remaining.
       68% completed,  00:43:29 (hh:mm:ss) est. time remaining.
       68% completed,  00:43:13 (hh:mm:ss) est. time remaining.
       68% completed,  00:43:04 (hh:mm:ss) est. time remaining.
       68% completed,  00:42:49 (hh:mm:ss) est. time remaining.
       68% completed,  00:42:32 (hh:mm:ss) est. time remaining.
       68% completed,  00:42:20 (hh:mm:ss) est. time remaining.
       69% completed,  00:42:09 (hh:mm:ss) est. time remaining.
       69% completed,  00:41:53 (hh:mm:ss) est. time remaining.
       69% completed,  00:41:37 (hh:mm:ss) est. time remaining.
       69% completed,  00:41:21 (hh:mm:ss) est. time remaining.
       69% completed,  00:41:13 (hh:mm:ss) est. time remaining.
       69% completed,  00:40:59 (hh:mm:ss) est. time remaining.
       69% completed,  00:40:45 (hh:mm:ss) est. time remaining.
       70% completed,  00:40:33 (hh:mm:ss) est. time remaining.
       70% completed,  00:40:23 (hh:mm:ss) est. time remaining.
       70% completed,  00:40:06 (hh:mm:ss) est. time remaining.
       70% completed,  00:39:59 (hh:mm:ss) est. time remaining.
       70% completed,  00:39:42 (hh:mm:ss) est. time remaining.
       70% completed,  00:39:27 (hh:mm:ss) est. time remaining.
       70% completed,  00:39:20 (hh:mm:ss) est. time remaining.
       71% completed,  00:39:05 (hh:mm:ss) est. time remaining.
       71% completed,  00:38:58 (hh:mm:ss) est. time remaining.
       71% completed,  00:38:43 (hh:mm:ss) est. time remaining.
       71% completed,  00:38:29 (hh:mm:ss) est. time remaining.
       71% completed,  00:38:18 (hh:mm:ss) est. time remaining.
       71% completed,  00:38:04 (hh:mm:ss) est. time remaining.
       71% completed,  00:37:49 (hh:mm:ss) est. time remaining.
       72% completed,  00:37:38 (hh:mm:ss) est. time remaining.
       72% completed,  00:37:26 (hh:mm:ss) est. time remaining.
       72% completed,  00:37:18 (hh:mm:ss) est. time remaining.
       72% completed,  00:37:03 (hh:mm:ss) est. time remaining.
       72% completed,  00:36:56 (hh:mm:ss) est. time remaining.
       72% completed,  00:36:42 (hh:mm:ss) est. time remaining.
       72% completed,  00:36:35 (hh:mm:ss) est. time remaining.
       73% completed,  00:36:20 (hh:mm:ss) est. time remaining.
       73% completed,  00:36:12 (hh:mm:ss) est. time remaining.
       73% completed,  00:35:58 (hh:mm:ss) est. time remaining.
       73% completed,  00:35:50 (hh:mm:ss) est. time remaining.
       73% completed,  00:35:35 (hh:mm:ss) est. time remaining.
       73% completed,  00:35:29 (hh:mm:ss) est. time remaining.
       73% completed,  00:35:14 (hh:mm:ss) est. time remaining.
       74% completed,  00:35:06 (hh:mm:ss) est. time remaining.
       74% completed,  00:34:52 (hh:mm:ss) est. time remaining.
       74% completed,  00:34:45 (hh:mm:ss) est. time remaining.
       74% completed,  00:34:31 (hh:mm:ss) est. time remaining.
       74% completed,  00:34:23 (hh:mm:ss) est. time remaining.
       74% completed,  00:34:10 (hh:mm:ss) est. time remaining.
       74% completed,  00:34:00 (hh:mm:ss) est. time remaining.
       75% completed,  00:33:47 (hh:mm:ss) est. time remaining.
       75% completed,  00:33:36 (hh:mm:ss) est. time remaining.
       75% completed,  00:33:23 (hh:mm:ss) est. time remaining.
       75% completed,  00:33:09 (hh:mm:ss) est. time remaining.
       75% completed,  00:32:59 (hh:mm:ss) est. time remaining.
       75% completed,  00:32:48 (hh:mm:ss) est. time remaining.
       75% completed,  00:32:39 (hh:mm:ss) est. time remaining.
       75% completed,  00:32:30 (hh:mm:ss) est. time remaining.
       76% completed,  00:32:17 (hh:mm:ss) est. time remaining.
       76% completed,  00:32:07 (hh:mm:ss) est. time remaining.
       76% completed,  00:31:55 (hh:mm:ss) est. time remaining.
       76% completed,  00:31:46 (hh:mm:ss) est. time remaining.
       76% completed,  00:31:33 (hh:mm:ss) est. time remaining.
       76% completed,  00:31:25 (hh:mm:ss) est. time remaining.
       76% completed,  00:31:11 (hh:mm:ss) est. time remaining.
       77% completed,  00:31:05 (hh:mm:ss) est. time remaining.
       77% completed,  00:30:51 (hh:mm:ss) est. time remaining.
       77% completed,  00:30:40 (hh:mm:ss) est. time remaining.
       77% completed,  00:30:28 (hh:mm:ss) est. time remaining.
       77% completed,  00:30:04 (hh:mm:ss) est. time remaining.
       77% completed,  00:29:41 (hh:mm:ss) est. time remaining.
       78% completed,  00:29:31 (hh:mm:ss) est. time remaining.
       78% completed,  00:29:22 (hh:mm:ss) est. time remaining.
       78% completed,  00:29:11 (hh:mm:ss) est. time remaining.
       78% completed,  00:29:04 (hh:mm:ss) est. time remaining.
       78% completed,  00:28:51 (hh:mm:ss) est. time remaining.
       78% completed,  00:28:44 (hh:mm:ss) est. time remaining.
       78% completed,  00:28:33 (hh:mm:ss) est. time remaining.
       78% completed,  00:28:24 (hh:mm:ss) est. time remaining.
       79% completed,  00:28:14 (hh:mm:ss) est. time remaining.
       79% completed,  00:28:06 (hh:mm:ss) est. time remaining.
       79% completed,  00:27:55 (hh:mm:ss) est. time remaining.
       79% completed,  00:27:47 (hh:mm:ss) est. time remaining.
       79% completed,  00:27:35 (hh:mm:ss) est. time remaining.
       79% completed,  00:27:27 (hh:mm:ss) est. time remaining.
       79% completed,  00:27:16 (hh:mm:ss) est. time remaining.
       79% completed,  00:27:05 (hh:mm:ss) est. time remaining.
       80% completed,  00:26:55 (hh:mm:ss) est. time remaining.
       80% completed,  00:26:44 (hh:mm:ss) est. time remaining.
       80% completed,  00:26:33 (hh:mm:ss) est. time remaining.
       80% completed,  00:26:25 (hh:mm:ss) est. time remaining.
       80% completed,  00:26:14 (hh:mm:ss) est. time remaining.
       80% completed,  00:26:07 (hh:mm:ss) est. time remaining.
       80% completed,  00:25:56 (hh:mm:ss) est. time remaining.
       80% completed,  00:25:48 (hh:mm:ss) est. time remaining.
       80% completed,  00:25:37 (hh:mm:ss) est. time remaining.
       81% completed,  00:25:26 (hh:mm:ss) est. time remaining.
       81% completed,  00:25:17 (hh:mm:ss) est. time remaining.
       81% completed,  00:25:05 (hh:mm:ss) est. time remaining.
       81% completed,  00:24:54 (hh:mm:ss) est. time remaining.
       81% completed,  00:24:47 (hh:mm:ss) est. time remaining.
       81% completed,  00:24:36 (hh:mm:ss) est. time remaining.
       81% completed,  00:24:29 (hh:mm:ss) est. time remaining.
       81% completed,  00:24:18 (hh:mm:ss) est. time remaining.
       82% completed,  00:24:07 (hh:mm:ss) est. time remaining.
       82% completed,  00:24:00 (hh:mm:ss) est. time remaining.
       82% completed,  00:23:49 (hh:mm:ss) est. time remaining.
       82% completed,  00:23:42 (hh:mm:ss) est. time remaining.
       82% completed,  00:23:32 (hh:mm:ss) est. time remaining.
       82% completed,  00:23:23 (hh:mm:ss) est. time remaining.
       82% completed,  00:23:13 (hh:mm:ss) est. time remaining.
       82% completed,  00:23:06 (hh:mm:ss) est. time remaining.
       82% completed,  00:22:55 (hh:mm:ss) est. time remaining.
       83% completed,  00:22:48 (hh:mm:ss) est. time remaining.
       83% completed,  00:22:38 (hh:mm:ss) est. time remaining.
       83% completed,  00:22:31 (hh:mm:ss) est. time remaining.
       83% completed,  00:22:21 (hh:mm:ss) est. time remaining.
       83% completed,  00:22:13 (hh:mm:ss) est. time remaining.
       83% completed,  00:22:03 (hh:mm:ss) est. time remaining.
       83% completed,  00:21:55 (hh:mm:ss) est. time remaining.
       83% completed,  00:21:44 (hh:mm:ss) est. time remaining.
       83% completed,  00:21:37 (hh:mm:ss) est. time remaining.
       84% completed,  00:21:27 (hh:mm:ss) est. time remaining.
       84% completed,  00:21:20 (hh:mm:ss) est. time remaining.
       84% completed,  00:21:10 (hh:mm:ss) est. time remaining.
       84% completed,  00:21:00 (hh:mm:ss) est. time remaining.
       84% completed,  00:20:52 (hh:mm:ss) est. time remaining.
       84% completed,  00:20:43 (hh:mm:ss) est. time remaining.
       84% completed,  00:20:36 (hh:mm:ss) est. time remaining.
       84% completed,  00:20:27 (hh:mm:ss) est. time remaining.
       84% completed,  00:20:18 (hh:mm:ss) est. time remaining.
       84% completed,  00:20:10 (hh:mm:ss) est. time remaining.
       85% completed,  00:20:01 (hh:mm:ss) est. time remaining.
       85% completed,  00:19:51 (hh:mm:ss) est. time remaining.
       85% completed,  00:19:42 (hh:mm:ss) est. time remaining.
       85% completed,  00:19:35 (hh:mm:ss) est. time remaining.
       85% completed,  00:19:26 (hh:mm:ss) est. time remaining.
       85% completed,  00:19:19 (hh:mm:ss) est. time remaining.
       85% completed,  00:19:10 (hh:mm:ss) est. time remaining.
       85% completed,  00:19:03 (hh:mm:ss) est. time remaining.
       85% completed,  00:18:54 (hh:mm:ss) est. time remaining.
       86% completed,  00:18:47 (hh:mm:ss) est. time remaining.
       86% completed,  00:18:38 (hh:mm:ss) est. time remaining.
       86% completed,  00:18:30 (hh:mm:ss) est. time remaining.
       86% completed,  00:18:22 (hh:mm:ss) est. time remaining.
       86% completed,  00:18:14 (hh:mm:ss) est. time remaining.
       86% completed,  00:18:06 (hh:mm:ss) est. time remaining.
       86% completed,  00:17:58 (hh:mm:ss) est. time remaining.
       86% completed,  00:17:51 (hh:mm:ss) est. time remaining.
       86% completed,  00:17:42 (hh:mm:ss) est. time remaining.
       86% completed,  00:17:35 (hh:mm:ss) est. time remaining.
       87% completed,  00:17:27 (hh:mm:ss) est. time remaining.
       87% completed,  00:17:18 (hh:mm:ss) est. time remaining.
       87% completed,  00:17:12 (hh:mm:ss) est. time remaining.
       87% completed,  00:17:03 (hh:mm:ss) est. time remaining.
       87% completed,  00:16:56 (hh:mm:ss) est. time remaining.
       87% completed,  00:16:47 (hh:mm:ss) est. time remaining.
       87% completed,  00:16:41 (hh:mm:ss) est. time remaining.
       87% completed,  00:16:32 (hh:mm:ss) est. time remaining.
       87% completed,  00:16:25 (hh:mm:ss) est. time remaining.
       87% completed,  00:16:17 (hh:mm:ss) est. time remaining.
       87% completed,  00:16:10 (hh:mm:ss) est. time remaining.
       88% completed,  00:16:03 (hh:mm:ss) est. time remaining.
       88% completed,  00:15:55 (hh:mm:ss) est. time remaining.
       88% completed,  00:15:48 (hh:mm:ss) est. time remaining.
       88% completed,  00:15:42 (hh:mm:ss) est. time remaining.
       88% completed,  00:15:35 (hh:mm:ss) est. time remaining.
       88% completed,  00:15:28 (hh:mm:ss) est. time remaining.
       88% completed,  00:15:19 (hh:mm:ss) est. time remaining.
       88% completed,  00:15:13 (hh:mm:ss) est. time remaining.
       88% completed,  00:15:05 (hh:mm:ss) est. time remaining.
       88% completed,  00:14:57 (hh:mm:ss) est. time remaining.
       88% completed,  00:14:51 (hh:mm:ss) est. time remaining.
       89% completed,  00:14:43 (hh:mm:ss) est. time remaining.
       89% completed,  00:14:35 (hh:mm:ss) est. time remaining.
       89% completed,  00:14:29 (hh:mm:ss) est. time remaining.
       89% completed,  00:14:21 (hh:mm:ss) est. time remaining.
       89% completed,  00:14:15 (hh:mm:ss) est. time remaining.
       89% completed,  00:14:07 (hh:mm:ss) est. time remaining.
       89% completed,  00:14:01 (hh:mm:ss) est. time remaining.
       89% completed,  00:13:54 (hh:mm:ss) est. time remaining.
       89% completed,  00:13:47 (hh:mm:ss) est. time remaining.
       89% completed,  00:13:40 (hh:mm:ss) est. time remaining.
       89% completed,  00:13:33 (hh:mm:ss) est. time remaining.
       90% completed,  00:13:25 (hh:mm:ss) est. time remaining.
       90% completed,  00:13:19 (hh:mm:ss) est. time remaining.
       90% completed,  00:13:12 (hh:mm:ss) est. time remaining.
       90% completed,  00:13:06 (hh:mm:ss) est. time remaining.
       90% completed,  00:12:58 (hh:mm:ss) est. time remaining.
       90% completed,  00:12:52 (hh:mm:ss) est. time remaining.
       90% completed,  00:12:45 (hh:mm:ss) est. time remaining.
       90% completed,  00:12:39 (hh:mm:ss) est. time remaining.
       90% completed,  00:12:32 (hh:mm:ss) est. time remaining.
       90% completed,  00:12:26 (hh:mm:ss) est. time remaining.
       90% completed,  00:12:19 (hh:mm:ss) est. time remaining.
       90% completed,  00:12:13 (hh:mm:ss) est. time remaining.
       91% completed,  00:12:06 (hh:mm:ss) est. time remaining.
       91% completed,  00:11:59 (hh:mm:ss) est. time remaining.
       91% completed,  00:11:53 (hh:mm:ss) est. time remaining.
       91% completed,  00:11:47 (hh:mm:ss) est. time remaining.
       91% completed,  00:11:40 (hh:mm:ss) est. time remaining.
       91% completed,  00:11:33 (hh:mm:ss) est. time remaining.
       91% completed,  00:11:26 (hh:mm:ss) est. time remaining.
       91% completed,  00:11:21 (hh:mm:ss) est. time remaining.
       91% completed,  00:11:14 (hh:mm:ss) est. time remaining.
       91% completed,  00:11:08 (hh:mm:ss) est. time remaining.
       91% completed,  00:11:01 (hh:mm:ss) est. time remaining.
       91% completed,  00:10:55 (hh:mm:ss) est. time remaining.
       91% completed,  00:10:49 (hh:mm:ss) est. time remaining.
       92% completed,  00:10:43 (hh:mm:ss) est. time remaining.
       92% completed,  00:10:37 (hh:mm:ss) est. time remaining.
       92% completed,  00:10:31 (hh:mm:ss) est. time remaining.
       92% completed,  00:10:25 (hh:mm:ss) est. time remaining.
       92% completed,  00:10:18 (hh:mm:ss) est. time remaining.
       92% completed,  00:10:13 (hh:mm:ss) est. time remaining.
       92% completed,  00:10:06 (hh:mm:ss) est. time remaining.
       92% completed,  00:10:01 (hh:mm:ss) est. time remaining.
       92% completed,  00:9:55 (hh:mm:ss) est. time remaining.
       92% completed,  00:9:49 (hh:mm:ss) est. time remaining.
       92% completed,  00:9:42 (hh:mm:ss) est. time remaining.
       92% completed,  00:9:37 (hh:mm:ss) est. time remaining.
       92% completed,  00:9:31 (hh:mm:ss) est. time remaining.
       93% completed,  00:9:25 (hh:mm:ss) est. time remaining.
       93% completed,  00:9:19 (hh:mm:ss) est. time remaining.
       93% completed,  00:9:14 (hh:mm:ss) est. time remaining.
       93% completed,  00:9:09 (hh:mm:ss) est. time remaining.
       93% completed,  00:9:03 (hh:mm:ss) est. time remaining.
       93% completed,  00:8:57 (hh:mm:ss) est. time remaining.
       93% completed,  00:8:52 (hh:mm:ss) est. time remaining.
       93% completed,  00:8:46 (hh:mm:ss) est. time remaining.
       93% completed,  00:8:40 (hh:mm:ss) est. time remaining.
       93% completed,  00:8:35 (hh:mm:ss) est. time remaining.
       93% completed,  00:8:30 (hh:mm:ss) est. time remaining.
       93% completed,  00:8:24 (hh:mm:ss) est. time remaining.
       93% completed,  00:8:19 (hh:mm:ss) est. time remaining.
       93% completed,  00:8:14 (hh:mm:ss) est. time remaining.
       93% completed,  00:8:08 (hh:mm:ss) est. time remaining.
       94% completed,  00:8:03 (hh:mm:ss) est. time remaining.
       94% completed,  00:7:58 (hh:mm:ss) est. time remaining.
       94% completed,  00:7:52 (hh:mm:ss) est. time remaining.
       94% completed,  00:7:47 (hh:mm:ss) est. time remaining.
       94% completed,  00:7:42 (hh:mm:ss) est. time remaining.
       94% completed,  00:7:37 (hh:mm:ss) est. time remaining.
       94% completed,  00:7:31 (hh:mm:ss) est. time remaining.
       94% completed,  00:7:26 (hh:mm:ss) est. time remaining.
       94% completed,  00:7:21 (hh:mm:ss) est. time remaining.
       94% completed,  00:7:16 (hh:mm:ss) est. time remaining.
       94% completed,  00:7:11 (hh:mm:ss) est. time remaining.
       94% completed,  00:7:06 (hh:mm:ss) est. time remaining.
       94% completed,  00:7:01 (hh:mm:ss) est. time remaining.
       94% completed,  00:6:56 (hh:mm:ss) est. time remaining.
       94% completed,  00:6:51 (hh:mm:ss) est. time remaining.
       94% completed,  00:6:46 (hh:mm:ss) est. time remaining.
       95% completed,  00:6:41 (hh:mm:ss) est. time remaining.
       95% completed,  00:6:36 (hh:mm:ss) est. time remaining.
       95% completed,  00:6:32 (hh:mm:ss) est. time remaining.
       95% completed,  00:6:27 (hh:mm:ss) est. time remaining.
       95% completed,  00:6:22 (hh:mm:ss) est. time remaining.
       95% completed,  00:6:17 (hh:mm:ss) est. time remaining.
       95% completed,  00:6:12 (hh:mm:ss) est. time remaining.
       95% completed,  00:6:08 (hh:mm:ss) est. time remaining.
       95% completed,  00:6:03 (hh:mm:ss) est. time remaining.
       95% completed,  00:5:59 (hh:mm:ss) est. time remaining.
       95% completed,  00:5:54 (hh:mm:ss) est. time remaining.
       95% completed,  00:5:49 (hh:mm:ss) est. time remaining.
       95% completed,  00:5:45 (hh:mm:ss) est. time remaining.
       95% completed,  00:5:40 (hh:mm:ss) est. time remaining.
       95% completed,  00:5:36 (hh:mm:ss) est. time remaining.
       95% completed,  00:5:31 (hh:mm:ss) est. time remaining.
       95% completed,  00:5:27 (hh:mm:ss) est. time remaining.
       96% completed,  00:5:23 (hh:mm:ss) est. time remaining.
       96% completed,  00:5:18 (hh:mm:ss) est. time remaining.
       96% completed,  00:5:14 (hh:mm:ss) est. time remaining.
       96% completed,  00:5:10 (hh:mm:ss) est. time remaining.
       96% completed,  00:5:06 (hh:mm:ss) est. time remaining.
       96% completed,  00:5:01 (hh:mm:ss) est. time remaining.
       96% completed,  00:4:57 (hh:mm:ss) est. time remaining.
       96% completed,  00:4:53 (hh:mm:ss) est. time remaining.
       96% completed,  00:4:49 (hh:mm:ss) est. time remaining.
       96% completed,  00:4:45 (hh:mm:ss) est. time remaining.
       96% completed,  00:4:40 (hh:mm:ss) est. time remaining.
       96% completed,  00:4:36 (hh:mm:ss) est. time remaining.
       96% completed,  00:4:32 (hh:mm:ss) est. time remaining.
       96% completed,  00:4:28 (hh:mm:ss) est. time remaining.
       96% completed,  00:4:24 (hh:mm:ss) est. time remaining.
       96% completed,  00:4:21 (hh:mm:ss) est. time remaining.
       96% completed,  00:4:16 (hh:mm:ss) est. time remaining.
       96% completed,  00:4:13 (hh:mm:ss) est. time remaining.
       96% completed,  00:4:09 (hh:mm:ss) est. time remaining.
       96% completed,  00:4:05 (hh:mm:ss) est. time remaining.
       97% completed,  00:4:01 (hh:mm:ss) est. time remaining.
       97% completed,  00:3:57 (hh:mm:ss) est. time remaining.
       97% completed,  00:3:54 (hh:mm:ss) est. time remaining.
       97% completed,  00:3:50 (hh:mm:ss) est. time remaining.
       97% completed,  00:3:46 (hh:mm:ss) est. time remaining.
       97% completed,  00:3:43 (hh:mm:ss) est. time remaining.
       97% completed,  00:3:39 (hh:mm:ss) est. time remaining.
       97% completed,  00:3:35 (hh:mm:ss) est. time remaining.
       97% completed,  00:3:32 (hh:mm:ss) est. time remaining.
       97% completed,  00:3:28 (hh:mm:ss) est. time remaining.
       97% completed,  00:3:25 (hh:mm:ss) est. time remaining.
       97% completed,  00:3:21 (hh:mm:ss) est. time remaining.
       97% completed,  00:3:18 (hh:mm:ss) est. time remaining.
       97% completed,  00:3:11 (hh:mm:ss) est. time remaining.
       97% completed,  00:3:08 (hh:mm:ss) est. time remaining.
       97% completed,  00:3:04 (hh:mm:ss) est. time remaining.
       97% completed,  00:3:01 (hh:mm:ss) est. time remaining.
       97% completed,  00:2:58 (hh:mm:ss) est. time remaining.
       97% completed,  00:2:54 (hh:mm:ss) est. time remaining.
       97% completed,  00:2:51 (hh:mm:ss) est. time remaining.
       97% completed,  00:2:48 (hh:mm:ss) est. time remaining.
       97% completed,  00:2:45 (hh:mm:ss) est. time remaining.
       98% completed,  00:2:42 (hh:mm:ss) est. time remaining.
       98% completed,  00:2:39 (hh:mm:ss) est. time remaining.
       98% completed,  00:2:36 (hh:mm:ss) est. time remaining.
       98% completed,  00:2:33 (hh:mm:ss) est. time remaining.
       98% completed,  00:2:30 (hh:mm:ss) est. time remaining.
       98% completed,  00:2:27 (hh:mm:ss) est. time remaining.
       98% completed,  00:2:24 (hh:mm:ss) est. time remaining.
       98% completed,  00:2:21 (hh:mm:ss) est. time remaining.
       98% completed,  00:2:18 (hh:mm:ss) est. time remaining.
       98% completed,  00:2:15 (hh:mm:ss) est. time remaining.
       98% completed,  00:2:12 (hh:mm:ss) est. time remaining.
       98% completed,  00:2:09 (hh:mm:ss) est. time remaining.
       98% completed,  00:2:07 (hh:mm:ss) est. time remaining.
       98% completed,  00:2:04 (hh:mm:ss) est. time remaining.
       98% completed,  00:2:01 (hh:mm:ss) est. time remaining.
       98% completed,  00:1:59 (hh:mm:ss) est. time remaining.
       98% completed,  00:1:56 (hh:mm:ss) est. time remaining.
       98% completed,  00:1:53 (hh:mm:ss) est. time remaining.
       98% completed,  00:1:51 (hh:mm:ss) est. time remaining.
       98% completed,  00:1:48 (hh:mm:ss) est. time remaining.
       98% completed,  00:1:46 (hh:mm:ss) est. time remaining.
       98% completed,  00:1:43 (hh:mm:ss) est. time remaining.
       98% completed,  00:1:41 (hh:mm:ss) est. time remaining.
       98% completed,  00:1:38 (hh:mm:ss) est. time remaining.
       98% completed,  00:1:36 (hh:mm:ss) est. time remaining.
       98% completed,  00:1:34 (hh:mm:ss) est. time remaining.
       98% completed,  00:1:31 (hh:mm:ss) est. time remaining.
       98% completed,  00:1:29 (hh:mm:ss) est. time remaining.
       98% completed,  00:1:27 (hh:mm:ss) est. time remaining.
       98% completed,  00:1:24 (hh:mm:ss) est. time remaining.
       98% completed,  00:1:22 (hh:mm:ss) est. time remaining.
       99% completed,  00:1:20 (hh:mm:ss) est. time remaining.
       99% completed,  00:1:18 (hh:mm:ss) est. time remaining.
       99% completed,  00:1:16 (hh:mm:ss) est. time remaining.
       99% completed,  00:1:13 (hh:mm:ss) est. time remaining.
       99% completed,  00:1:11 (hh:mm:ss) est. time remaining.
       99% completed,  00:1:09 (hh:mm:ss) est. time remaining.
       99% completed,  00:1:07 (hh:mm:ss) est. time remaining.
       99% completed,  00:1:05 (hh:mm:ss) est. time remaining.
       99% completed,  00:1:03 (hh:mm:ss) est. time remaining.
       99% completed,  00:1:01 (hh:mm:ss) est. time remaining.
       99% completed,  00:0:59 (hh:mm:ss) est. time remaining.
       99% completed,  00:0:58 (hh:mm:ss) est. time remaining.
       99% completed,  00:0:56 (hh:mm:ss) est. time remaining.
       99% completed,  00:0:54 (hh:mm:ss) est. time remaining.
       99% completed,  00:0:52 (hh:mm:ss) est. time remaining.
       99% completed,  00:0:50 (hh:mm:ss) est. time remaining.
       99% completed,  00:0:49 (hh:mm:ss) est. time remaining.
       99% completed,  00:0:47 (hh:mm:ss) est. time remaining.
       99% completed,  00:0:45 (hh:mm:ss) est. time remaining.
       99% completed,  00:0:44 (hh:mm:ss) est. time remaining.
       99% completed,  00:0:42 (hh:mm:ss) est. time remaining.
       99% completed,  00:0:41 (hh:mm:ss) est. time remaining.
       99% completed,  00:0:39 (hh:mm:ss) est. time remaining.
       99% completed,  00:0:37 (hh:mm:ss) est. time remaining.
       99% completed,  00:0:36 (hh:mm:ss) est. time remaining.
       99% completed,  00:0:34 (hh:mm:ss) est. time remaining.
       99% completed,  00:0:33 (hh:mm:ss) est. time remaining.
       99% completed,  00:0:32 (hh:mm:ss) est. time remaining.
       99% completed,  00:0:30 (hh:mm:ss) est. time remaining.
       99% completed,  00:0:29 (hh:mm:ss) est. time remaining.
       99% completed,  00:0:28 (hh:mm:ss) est. time remaining.
       99% completed,  00:0:26 (hh:mm:ss) est. time remaining.
       99% completed,  00:0:25 (hh:mm:ss) est. time remaining.
       99% completed,  00:0:24 (hh:mm:ss) est. time remaining.
       99% completed,  00:0:23 (hh:mm:ss) est. time remaining.
       99% completed,  00:0:22 (hh:mm:ss) est. time remaining.
       99% completed,  00:0:20 (hh:mm:ss) est. time remaining.
       99% completed,  00:0:19 (hh:mm:ss) est. time remaining.
       99% completed,  00:0:18 (hh:mm:ss) est. time remaining.
       99% completed,  00:0:17 (hh:mm:ss) est. time remaining.
       99% completed,  00:0:16 (hh:mm:ss) est. time remaining.
       99% completed,  00:0:15 (hh:mm:ss) est. time remaining.
       99% completed,  00:0:14 (hh:mm:ss) est. time remaining.
       99% completed,  00:0:13 (hh:mm:ss) est. time remaining.
       99% completed,  00:0:12 (hh:mm:ss) est. time remaining.
       99% completed,  00:0:12 (hh:mm:ss) est. time remaining.
       99% completed,  00:0:11 (hh:mm:ss) est. time remaining.
       99% completed,  00:0:10 (hh:mm:ss) est. time remaining.
       99% completed,  00:0:09 (hh:mm:ss) est. time remaining.
       99% completed,  00:0:08 (hh:mm:ss) est. time remaining.
       99% completed,  00:0:08 (hh:mm:ss) est. time remaining.
       99% completed,  00:0:07 (hh:mm:ss) est. time remaining.
       99% completed,  00:0:06 (hh:mm:ss) est. time remaining.
       99% completed,  00:0:06 (hh:mm:ss) est. time remaining.
       99% completed,  00:0:05 (hh:mm:ss) est. time remaining.
       99% completed,  00:0:05 (hh:mm:ss) est. time remaining.
       99% completed,  00:0:04 (hh:mm:ss) est. time remaining.
       99% completed,  00:0:04 (hh:mm:ss) est. time remaining.
       99% completed,  00:0:03 (hh:mm:ss) est. time remaining.
       99% completed,  00:0:03 (hh:mm:ss) est. time remaining.
       99% completed,  00:0:02 (hh:mm:ss) est. time remaining.
       99% completed,  00:0:02 (hh:mm:ss) est. time remaining.
       99% completed,  00:0:01 (hh:mm:ss) est. time remaining.
       99% completed,  00:0:01 (hh:mm:ss) est. time remaining.
       99% completed,  00:0:01 (hh:mm:ss) est. time remaining.
       99% completed,  00:0:01 (hh:mm:ss) est. time remaining.
       99% completed,  00:0:00 (hh:mm:ss) est. time remaining.
       99% completed,  00:0:00 (hh:mm:ss) est. time remaining.
       99% completed,  00:0:00 (hh:mm:ss) est. time remaining.
       99% completed,  00:0:00 (hh:mm:ss) est. time remaining.
       99% completed,  00:0:00 (hh:mm:ss) est. time remaining.
       99% completed,  00:0:00 (hh:mm:ss) est. time remaining.
       99% completed,  00:0:00 (hh:mm:ss) est. time remaining.
      100% completed,  00:0:00 (hh:mm:ss) est. time remaining.
Comparison Time: 02:15:40 (hh:mm:ss) Elapsed Time, 14457 HSPs Collected
  - RECON: Running imagespread..
RECON Elapsed: 00:00:00 (hh:mm:ss) Elapsed Time
  - RECON: Running initial definition of elements ( eledef )..
RECON Elapsed: 00:00:24 (hh:mm:ss) Elapsed Time
  - RECON: Running re-definition of elements ( eleredef )..
RECON Elapsed: 00:00:48 (hh:mm:ss) Elapsed Time
  - RECON: Running re-definition of edges ( edgeredef )..
RECON Elapsed: 00:01:24 (hh:mm:ss) Elapsed Time
  - RECON: Running family definition ( famdef )..
RECON Elapsed: 00:00:04 (hh:mm:ss) Elapsed Time
  - Obtaining element sequences
Number of families returned by RECON: 4324
Processing families with greater than 15 elements

Processing RECON family: 918
  - Saving 48 elements
  - Refining family-918 model...

Processing RECON family: 82
  - Saving 37 elements
  - Refining family-82 model...

Processing RECON family: 112
  - Saving 32 elements
  - Refining family-112 model...

Processing RECON family: 774
  - Saving 27 elements
  - Refining family-774 model...

Processing RECON family: 659
  - Saving 24 elements
  - Refining family-659 model...

Processing RECON family: 975
  - Saving 22 elements
  - Refining family-975 model...

Processing RECON family: 1914
  - Saving 21 elements
  - Refining family-1914 model...

Processing RECON family: 570
  - Saving 21 elements
  - Refining family-570 model...

Processing RECON family: 1895
  - Saving 20 elements
  - Refining family-1895 model...

Processing RECON family: 101
  - Saving 19 elements
  - Refining family-101 model...

Processing RECON family: 1823
  - Saving 19 elements
  - Refining family-1823 model...

Processing RECON family: 198
  - Saving 18 elements
  - Refining family-198 model...

Processing RECON family: 1466
  - Saving 17 elements
  - Refining family-1466 model...

Processing RECON family: 1357
  - Saving 16 elements
  - Refining family-1357 model...

Processing RECON family: 558
  - Saving 16 elements
  - Refining family-558 model...

Processing RECON family: 190
  - Saving 16 elements
  - Refining family-190 model...
Family Refinement: 00:03:27 (hh:mm:ss) Elapsed Time
Round Time: 02:26:42 (hh:mm:ss) Elapsed Time
   - Increasing sample size to include end piece now = 84330855


RepeatModeler Round # 5
========================
Searching for Repeats
 -- Sampling from the database...
   - Gathering up to 84330855 bp
   - Sequence extraction : 00:00:00 (hh:mm:ss) Elapsed Time
 -- Running TRFMask on the sequence...
       149 Tandem Repeats Masked
   - TRFMask time 00:00:06 (hh:mm:ss) Elapsed Time
 -- Masking repeats from the previous rounds...
  - Masking 1 - 5 of 89
  - Masking 16 - 30 of 89
  - Masking 41 - 65 of 89
  - Masking 76 - 89 of 89
   - TE Masking time 00:00:21 (hh:mm:ss) Elapsed Time
 -- Sample Stats:
       Sample Size 3283248 bp
       Num Contigs Represented = 28
       Non ambiguous bp:
             Initial: 3280576 bp
             After Masking: 3069971 bp
             Masked: 6.42 % 
 -- Input Database Coverage: 42382444 bp out of 42382780 bp ( 100.00 % )
Sampling Time: 00:00:28 (hh:mm:ss) Elapsed Time
Running all-by-other comparisons...
        2% completed,  00:1:30 (hh:mm:ss) est. time remaining.
        8% completed,  00:0:51 (hh:mm:ss) est. time remaining.
       10% completed,  00:1:04 (hh:mm:ss) est. time remaining.
       13% completed,  00:1:19 (hh:mm:ss) est. time remaining.
       15% completed,  00:1:18 (hh:mm:ss) est. time remaining.
       17% completed,  00:1:16 (hh:mm:ss) est. time remaining.
       19% completed,  00:1:19 (hh:mm:ss) est. time remaining.
       21% completed,  00:1:21 (hh:mm:ss) est. time remaining.
       23% completed,  00:1:25 (hh:mm:ss) est. time remaining.
       25% completed,  00:1:19 (hh:mm:ss) est. time remaining.
       27% completed,  00:1:22 (hh:mm:ss) est. time remaining.
       29% completed,  00:1:17 (hh:mm:ss) est. time remaining.
       31% completed,  00:1:20 (hh:mm:ss) est. time remaining.
       32% completed,  00:1:15 (hh:mm:ss) est. time remaining.
       34% completed,  00:1:15 (hh:mm:ss) est. time remaining.
       36% completed,  00:1:14 (hh:mm:ss) est. time remaining.
       38% completed,  00:1:12 (hh:mm:ss) est. time remaining.
       40% completed,  00:1:10 (hh:mm:ss) est. time remaining.
       41% completed,  00:1:08 (hh:mm:ss) est. time remaining.
       43% completed,  00:1:07 (hh:mm:ss) est. time remaining.
       45% completed,  00:1:04 (hh:mm:ss) est. time remaining.
       46% completed,  00:1:04 (hh:mm:ss) est. time remaining.
       48% completed,  00:1:01 (hh:mm:ss) est. time remaining.
       50% completed,  00:0:59 (hh:mm:ss) est. time remaining.
       51% completed,  00:0:57 (hh:mm:ss) est. time remaining.
       53% completed,  00:0:56 (hh:mm:ss) est. time remaining.
       54% completed,  00:0:54 (hh:mm:ss) est. time remaining.
       56% completed,  00:0:53 (hh:mm:ss) est. time remaining.
       57% completed,  00:0:51 (hh:mm:ss) est. time remaining.
       59% completed,  00:0:49 (hh:mm:ss) est. time remaining.
       60% completed,  00:0:46 (hh:mm:ss) est. time remaining.
       62% completed,  00:0:46 (hh:mm:ss) est. time remaining.
       63% completed,  00:0:43 (hh:mm:ss) est. time remaining.
       64% completed,  00:0:43 (hh:mm:ss) est. time remaining.
       66% completed,  00:0:40 (hh:mm:ss) est. time remaining.
       67% completed,  00:0:39 (hh:mm:ss) est. time remaining.
       68% completed,  00:0:38 (hh:mm:ss) est. time remaining.
       69% completed,  00:0:36 (hh:mm:ss) est. time remaining.
       71% completed,  00:0:35 (hh:mm:ss) est. time remaining.
       72% completed,  00:0:33 (hh:mm:ss) est. time remaining.
       73% completed,  00:0:32 (hh:mm:ss) est. time remaining.
       74% completed,  00:0:30 (hh:mm:ss) est. time remaining.
       75% completed,  00:0:29 (hh:mm:ss) est. time remaining.
       76% completed,  00:0:28 (hh:mm:ss) est. time remaining.
       78% completed,  00:0:27 (hh:mm:ss) est. time remaining.
       79% completed,  00:0:25 (hh:mm:ss) est. time remaining.
       80% completed,  00:0:24 (hh:mm:ss) est. time remaining.
       81% completed,  00:0:24 (hh:mm:ss) est. time remaining.
       82% completed,  00:0:22 (hh:mm:ss) est. time remaining.
       82% completed,  00:0:21 (hh:mm:ss) est. time remaining.
       83% completed,  00:0:20 (hh:mm:ss) est. time remaining.
       84% completed,  00:0:19 (hh:mm:ss) est. time remaining.
       85% completed,  00:0:18 (hh:mm:ss) est. time remaining.
       86% completed,  00:0:17 (hh:mm:ss) est. time remaining.
       87% completed,  00:0:16 (hh:mm:ss) est. time remaining.
       88% completed,  00:0:14 (hh:mm:ss) est. time remaining.
       88% completed,  00:0:13 (hh:mm:ss) est. time remaining.
       89% completed,  00:0:13 (hh:mm:ss) est. time remaining.
       90% completed,  00:0:12 (hh:mm:ss) est. time remaining.
       91% completed,  00:0:11 (hh:mm:ss) est. time remaining.
       91% completed,  00:0:10 (hh:mm:ss) est. time remaining.
       92% completed,  00:0:09 (hh:mm:ss) est. time remaining.
       92% completed,  00:0:08 (hh:mm:ss) est. time remaining.
       93% completed,  00:0:08 (hh:mm:ss) est. time remaining.
       94% completed,  00:0:07 (hh:mm:ss) est. time remaining.
       94% completed,  00:0:06 (hh:mm:ss) est. time remaining.
       95% completed,  00:0:06 (hh:mm:ss) est. time remaining.
       95% completed,  00:0:05 (hh:mm:ss) est. time remaining.
       96% completed,  00:0:05 (hh:mm:ss) est. time remaining.
       96% completed,  00:0:04 (hh:mm:ss) est. time remaining.
       96% completed,  00:0:04 (hh:mm:ss) est. time remaining.
       97% completed,  00:0:03 (hh:mm:ss) est. time remaining.
       97% completed,  00:0:03 (hh:mm:ss) est. time remaining.
       97% completed,  00:0:02 (hh:mm:ss) est. time remaining.
       98% completed,  00:0:02 (hh:mm:ss) est. time remaining.
       98% completed,  00:0:02 (hh:mm:ss) est. time remaining.
       98% completed,  00:0:01 (hh:mm:ss) est. time remaining.
       98% completed,  00:0:01 (hh:mm:ss) est. time remaining.
       98% completed,  00:0:01 (hh:mm:ss) est. time remaining.
       99% completed,  00:0:01 (hh:mm:ss) est. time remaining.
       99% completed,  00:0:01 (hh:mm:ss) est. time remaining.
       99% completed,  00:0:00 (hh:mm:ss) est. time remaining.
       99% completed,  00:0:00 (hh:mm:ss) est. time remaining.
       99% completed,  00:0:00 (hh:mm:ss) est. time remaining.
       99% completed,  00:0:00 (hh:mm:ss) est. time remaining.
      100% completed,  00:0:00 (hh:mm:ss) est. time remaining.
Comparison Time: 00:02:14 (hh:mm:ss) Elapsed Time, 297 HSPs Collected
  - RECON: Running imagespread..
RECON Elapsed: 00:00:00 (hh:mm:ss) Elapsed Time
  - RECON: Running initial definition of elements ( eledef )..
RECON Elapsed: 00:00:01 (hh:mm:ss) Elapsed Time
  - RECON: Running re-definition of elements ( eleredef )..
RECON Elapsed: 00:00:01 (hh:mm:ss) Elapsed Time
  - RECON: Running re-definition of edges ( edgeredef )..
RECON Elapsed: 00:00:01 (hh:mm:ss) Elapsed Time
  - RECON: Running family definition ( famdef )..
RECON Elapsed: 00:00:00 (hh:mm:ss) Elapsed Time
  - Obtaining element sequences
Number of families returned by RECON: 141
Processing families with greater than 15 elements
Family Refinement: 00:00:00 (hh:mm:ss) Elapsed Time
Round Time: 00:02:47 (hh:mm:ss) Elapsed Time

RepeatScout/RECON discovery complete: 187 families found


RepeatClassifier Version 2.0.1
======================================
Search Engine = rmblast
  - Looking for Simple and Low Complexity sequences..
  - Looking for similarity to known repeat proteins..
Missing /hpc/group/vilgalyslab/yk158/miniconda3/envs/repeatmasker/share/RepeatMasker/Libraries/RepeatMasker.lib.nsq!
Please rerun the configure program in the RepeatModeler directory
before running this script.
  - Looking for similarity to known repeat consensi..
Classification Time: 00:04:58 (hh:mm:ss) Elapsed Time


Program Time: 05:39:02 (hh:mm:ss) Elapsed Time
Working directory:  /work/yk158/pmiEndo/repeatmodeler/RM_119185.TueAug181842022020
may be deleted unless there were problems with the run.

The results have been saved to:
  Conlig1-families.fa  - Consensus sequences for each family identified.
  Conlig1-families.stk - Seed alignments for each family identified.

The RepeatModeler stockholm file is formatted so that it can
easily be submitted to the Dfam database.  Please consider contributing
curated families to this open database and be a part of this growing
community resource.  For more information contact help@dfam.org.


