RepeatModeler Version 2.0.1
===========================
Search Engine = rmblast 2.9.0+
Dependencies: TRF 4.09, RECON , RepeatScout 1.0.6, RepeatMasker 
LTR Structural Analysis: Disabled [use -LTRStruct to enable]
Random Number Seed: 1597790520
Database = ConPMI546 .
  - Sequences = 37
  - Bases = 33513814
Using output directory = /work/yk158/pmiEndo/repeatmodeler/RM_15349.TueAug181842012020
Storage Throughput = poor ( 186.61 MB/s )
  - NOTE: Poor storage througput will have a large impact on RepeatModeler
          performance.  The low throughput observed above may be due to
          transient usage patterns on the system and may not reflect the
          actual system performance. Whenever possible run RepeatModeler
          in a directory stored on a fast local disk and not over a
          network filesytem.

Ready to start the sampling process.
INFO: The runtime of RepeatModeler heavily depends on the quality of the assembly
      and the repetitive content of the sequences.  It is not imperative
      that RepeatModeler completes all rounds in order to obtain useful
      results.  At the completion of each round, the files ( consensi.fa, and
      families.stk ) found in:
      /work/yk158/pmiEndo/repeatmodeler/RM_15349.TueAug181842012020/ 
      will contain all results produced thus far. These files may be 
      manually copied and run through RepeatClassifier should the program
      be terminated early.


RepeatModeler Round # 1
========================
Searching for Repeats
 -- Sampling from the database...
   - Gathering up to 40000000 bp
   - Final Sample Size = 33513765 bp ( 33494090 non ambiguous )
   - Num Contigs Represented = 37
   - Sequence extraction : 00:00:04 (hh:mm:ss) Elapsed Time
 -- Running RepeatScout on the sequences...
   - RepeatScout: Running build_lmer_table ( l = 14 )..
   - RepeatScout: Running RepeatScout.. : 67 raw families identified
   - RepeatScout: Running filtering stage.. 63 families remaining
   - RepeatScout: 00:08:06 (hh:mm:ss) Elapsed Time
   - Large Satellite Filtering.. : 1 found in 00:00:02 (hh:mm:ss) Elapsed Time
   - Collecting repeat instances...
 -- Refining Family R=2 / 0 ( RS Elements: 610, Using 100 )
 -- Refining Family R=7 / 1 ( RS Elements: 442, Using 100 )
 -- Refining Family R=9 / 2 ( RS Elements: 422, Using 100 )
 -- Refining Family R=52 / 3 ( RS Elements: 185, Using 100 )
 -- Refining Family R=35 / 4 ( RS Elements: 152, Using 100 )
 -- Refining Family R=1 / 5 ( RS Elements: 78, Using 78 )
 -- Refining Family R=4 / 6 ( RS Elements: 77, Using 77 )
 -- Refining Family R=29 / 7 ( RS Elements: 57, Using 57 )
 -- Refining Family R=57 / 8 ( RS Elements: 49, Using 49 )
 -- Refining Family R=40 / 9 ( RS Elements: 38, Using 38 )
 -- Refining Family R=28 / 10 ( RS Elements: 38, Using 38 )
 -- Refining Family R=6 / 11 ( RS Elements: 38, Using 38 )
 -- Refining Family R=8 / 12 ( RS Elements: 34, Using 34 )
 -- Refining Family R=11 / 13 ( RS Elements: 30, Using 30 )
 -- Refining Family R=16 / 14 ( RS Elements: 25, Using 25 )
 -- Refining Family R=17 / 15 ( RS Elements: 24, Using 24 )
 -- Refining Family R=14 / 16 ( RS Elements: 24, Using 24 )
 -- Refining Family R=18 / 17 ( RS Elements: 24, Using 24 )
 -- Refining Family R=23 / 18 ( RS Elements: 21, Using 21 )
 -- Refining Family R=20 / 19 ( RS Elements: 19, Using 19 )
 -- Refining Family R=27 / 20 ( RS Elements: 18, Using 18 )
 -- Refining Family R=36 / 21 ( RS Elements: 17, Using 17 )
 -- Refining Family R=10 / 22 ( RS Elements: 16, Using 16 )
Family Refinement: 00:27:48 (hh:mm:ss) Elapsed Time


RepeatModeler Round # 2
========================
Searching for Repeats
 -- Sampling from the database...
   - Gathering up to 3000000 bp
   - Sequence extraction : 00:00:00 (hh:mm:ss) Elapsed Time
 -- Running TRFMask on the sequence...
       56 Tandem Repeats Masked
   - TRFMask time 00:00:04 (hh:mm:ss) Elapsed Time
 -- Masking repeats from the previous rounds...
  - Masking 1 - 5 of 78
  - Masking 6 - 10 of 78
  - Masking 21 - 35 of 78
  - Masking 46 - 70 of 78
   - TE Masking time 00:00:03 (hh:mm:ss) Elapsed Time
 -- Sample Stats:
       Sample Size 3029728 bp
       Num Contigs Represented = 21
       Non ambiguous bp:
             Initial: 3029464 bp
             After Masking: 2947770 bp
             Masked: 2.70 % 
 -- Input Database Coverage: 3029728 bp out of 33513814 bp ( 9.04 % )
Sampling Time: 00:00:08 (hh:mm:ss) Elapsed Time
Running all-by-other comparisons...
        2% completed,  00:3:12 (hh:mm:ss) est. time remaining.
        5% completed,  00:1:33 (hh:mm:ss) est. time remaining.
        7% completed,  00:2:01 (hh:mm:ss) est. time remaining.
       10% completed,  00:1:29 (hh:mm:ss) est. time remaining.
       12% completed,  00:1:52 (hh:mm:ss) est. time remaining.
       14% completed,  00:1:31 (hh:mm:ss) est. time remaining.
       17% completed,  00:1:21 (hh:mm:ss) est. time remaining.
       19% completed,  00:1:18 (hh:mm:ss) est. time remaining.
       21% completed,  00:1:11 (hh:mm:ss) est. time remaining.
       24% completed,  00:1:09 (hh:mm:ss) est. time remaining.
       26% completed,  00:1:09 (hh:mm:ss) est. time remaining.
       28% completed,  00:1:12 (hh:mm:ss) est. time remaining.
       30% completed,  00:1:05 (hh:mm:ss) est. time remaining.
       32% completed,  00:1:07 (hh:mm:ss) est. time remaining.
       34% completed,  00:1:03 (hh:mm:ss) est. time remaining.
       37% completed,  00:1:04 (hh:mm:ss) est. time remaining.
       39% completed,  00:0:59 (hh:mm:ss) est. time remaining.
       41% completed,  00:1:00 (hh:mm:ss) est. time remaining.
       43% completed,  00:0:55 (hh:mm:ss) est. time remaining.
       44% completed,  00:0:56 (hh:mm:ss) est. time remaining.
       46% completed,  00:0:52 (hh:mm:ss) est. time remaining.
       48% completed,  00:0:52 (hh:mm:ss) est. time remaining.
       50% completed,  00:0:48 (hh:mm:ss) est. time remaining.
       52% completed,  00:0:49 (hh:mm:ss) est. time remaining.
       54% completed,  00:0:46 (hh:mm:ss) est. time remaining.
       55% completed,  00:0:45 (hh:mm:ss) est. time remaining.
       57% completed,  00:0:42 (hh:mm:ss) est. time remaining.
       59% completed,  00:0:42 (hh:mm:ss) est. time remaining.
       60% completed,  00:0:39 (hh:mm:ss) est. time remaining.
       62% completed,  00:0:39 (hh:mm:ss) est. time remaining.
       64% completed,  00:0:36 (hh:mm:ss) est. time remaining.
       65% completed,  00:0:35 (hh:mm:ss) est. time remaining.
       67% completed,  00:0:33 (hh:mm:ss) est. time remaining.
       68% completed,  00:0:33 (hh:mm:ss) est. time remaining.
       69% completed,  00:0:30 (hh:mm:ss) est. time remaining.
       71% completed,  00:0:30 (hh:mm:ss) est. time remaining.
       72% completed,  00:0:28 (hh:mm:ss) est. time remaining.
       74% completed,  00:0:27 (hh:mm:ss) est. time remaining.
       75% completed,  00:0:25 (hh:mm:ss) est. time remaining.
       76% completed,  00:0:24 (hh:mm:ss) est. time remaining.
       77% completed,  00:0:23 (hh:mm:ss) est. time remaining.
       79% completed,  00:0:21 (hh:mm:ss) est. time remaining.
       80% completed,  00:0:21 (hh:mm:ss) est. time remaining.
       81% completed,  00:0:19 (hh:mm:ss) est. time remaining.
       82% completed,  00:0:18 (hh:mm:ss) est. time remaining.
       83% completed,  00:0:17 (hh:mm:ss) est. time remaining.
       84% completed,  00:0:16 (hh:mm:ss) est. time remaining.
       85% completed,  00:0:15 (hh:mm:ss) est. time remaining.
       86% completed,  00:0:14 (hh:mm:ss) est. time remaining.
       87% completed,  00:0:13 (hh:mm:ss) est. time remaining.
       88% completed,  00:0:12 (hh:mm:ss) est. time remaining.
       89% completed,  00:0:11 (hh:mm:ss) est. time remaining.
       89% completed,  00:0:10 (hh:mm:ss) est. time remaining.
       90% completed,  00:0:09 (hh:mm:ss) est. time remaining.
       91% completed,  00:0:08 (hh:mm:ss) est. time remaining.
       92% completed,  00:0:08 (hh:mm:ss) est. time remaining.
       93% completed,  00:0:07 (hh:mm:ss) est. time remaining.
       93% completed,  00:0:06 (hh:mm:ss) est. time remaining.
       94% completed,  00:0:05 (hh:mm:ss) est. time remaining.
       94% completed,  00:0:05 (hh:mm:ss) est. time remaining.
       95% completed,  00:0:04 (hh:mm:ss) est. time remaining.
       96% completed,  00:0:04 (hh:mm:ss) est. time remaining.
       96% completed,  00:0:03 (hh:mm:ss) est. time remaining.
       96% completed,  00:0:03 (hh:mm:ss) est. time remaining.
       97% completed,  00:0:02 (hh:mm:ss) est. time remaining.
       97% completed,  00:0:02 (hh:mm:ss) est. time remaining.
       98% completed,  00:0:01 (hh:mm:ss) est. time remaining.
       98% completed,  00:0:01 (hh:mm:ss) est. time remaining.
       98% completed,  00:0:01 (hh:mm:ss) est. time remaining.
       99% completed,  00:0:00 (hh:mm:ss) est. time remaining.
       99% completed,  00:0:00 (hh:mm:ss) est. time remaining.
       99% completed,  00:0:00 (hh:mm:ss) est. time remaining.
       99% completed,  00:0:00 (hh:mm:ss) est. time remaining.
       99% completed,  00:0:00 (hh:mm:ss) est. time remaining.
       99% completed,  00:0:00 (hh:mm:ss) est. time remaining.
       99% completed,  00:0:00 (hh:mm:ss) est. time remaining.
      100% completed,  00:0:00 (hh:mm:ss) est. time remaining.
Comparison Time: 00:01:46 (hh:mm:ss) Elapsed Time, 105 HSPs Collected
  - RECON: Running imagespread..
RECON Elapsed: 00:00:00 (hh:mm:ss) Elapsed Time
  - RECON: Running initial definition of elements ( eledef )..
RECON Elapsed: 00:00:01 (hh:mm:ss) Elapsed Time
  - RECON: Running re-definition of elements ( eleredef )..
RECON Elapsed: 00:00:00 (hh:mm:ss) Elapsed Time
  - RECON: Running re-definition of edges ( edgeredef )..
RECON Elapsed: 00:00:01 (hh:mm:ss) Elapsed Time
  - RECON: Running family definition ( famdef )..
RECON Elapsed: 00:00:00 (hh:mm:ss) Elapsed Time
  - Obtaining element sequences
Number of families returned by RECON: 76
Processing families with greater than 15 elements
Family Refinement: 00:00:00 (hh:mm:ss) Elapsed Time
Round Time: 00:01:57 (hh:mm:ss) Elapsed Time


RepeatModeler Round # 3
========================
Searching for Repeats
 -- Sampling from the database...
   - Gathering up to 9000000 bp
   - Sequence extraction : 00:00:01 (hh:mm:ss) Elapsed Time
 -- Running TRFMask on the sequence...
       210 Tandem Repeats Masked
   - TRFMask time 00:00:10 (hh:mm:ss) Elapsed Time
 -- Masking repeats from the previous rounds...
  - Masking 1 - 5 of 235
  - Masking 16 - 30 of 235
  - Masking 41 - 65 of 235
  - Masking 76 - 110 of 235
  - Masking 121 - 165 of 235
  - Masking 176 - 230 of 235
   - TE Masking time 00:00:11 (hh:mm:ss) Elapsed Time
 -- Sample Stats:
       Sample Size 9012445 bp
       Num Contigs Represented = 28
       Non ambiguous bp:
             Initial: 9010905 bp
             After Masking: 8588344 bp
             Masked: 4.69 % 
 -- Input Database Coverage: 12042173 bp out of 33513814 bp ( 35.93 % )
Sampling Time: 00:00:23 (hh:mm:ss) Elapsed Time
Running all-by-other comparisons...
        0% completed,  00:31:04 (hh:mm:ss) est. time remaining.
        1% completed,  00:15:26 (hh:mm:ss) est. time remaining.
        2% completed,  00:17:54 (hh:mm:ss) est. time remaining.
        3% completed,  00:14:45 (hh:mm:ss) est. time remaining.
        4% completed,  00:16:38 (hh:mm:ss) est. time remaining.
        5% completed,  00:14:24 (hh:mm:ss) est. time remaining.
        5% completed,  00:15:44 (hh:mm:ss) est. time remaining.
        6% completed,  00:14:08 (hh:mm:ss) est. time remaining.
        7% completed,  00:15:21 (hh:mm:ss) est. time remaining.
        8% completed,  00:13:54 (hh:mm:ss) est. time remaining.
        9% completed,  00:14:42 (hh:mm:ss) est. time remaining.
        9% completed,  00:13:59 (hh:mm:ss) est. time remaining.
       10% completed,  00:14:04 (hh:mm:ss) est. time remaining.
       11% completed,  00:13:06 (hh:mm:ss) est. time remaining.
       12% completed,  00:12:51 (hh:mm:ss) est. time remaining.
       13% completed,  00:12:37 (hh:mm:ss) est. time remaining.
       13% completed,  00:12:55 (hh:mm:ss) est. time remaining.
       14% completed,  00:12:19 (hh:mm:ss) est. time remaining.
       15% completed,  00:12:51 (hh:mm:ss) est. time remaining.
       16% completed,  00:12:12 (hh:mm:ss) est. time remaining.
       17% completed,  00:12:26 (hh:mm:ss) est. time remaining.
       17% completed,  00:12:05 (hh:mm:ss) est. time remaining.
       18% completed,  00:12:12 (hh:mm:ss) est. time remaining.
       19% completed,  00:11:49 (hh:mm:ss) est. time remaining.
       20% completed,  00:11:59 (hh:mm:ss) est. time remaining.
       20% completed,  00:11:38 (hh:mm:ss) est. time remaining.
       21% completed,  00:11:14 (hh:mm:ss) est. time remaining.
       22% completed,  00:11:09 (hh:mm:ss) est. time remaining.
       23% completed,  00:10:55 (hh:mm:ss) est. time remaining.
       23% completed,  00:11:00 (hh:mm:ss) est. time remaining.
       24% completed,  00:10:43 (hh:mm:ss) est. time remaining.
       25% completed,  00:10:45 (hh:mm:ss) est. time remaining.
       26% completed,  00:10:26 (hh:mm:ss) est. time remaining.
       26% completed,  00:10:27 (hh:mm:ss) est. time remaining.
       27% completed,  00:10:18 (hh:mm:ss) est. time remaining.
       28% completed,  00:10:16 (hh:mm:ss) est. time remaining.
       29% completed,  00:10:10 (hh:mm:ss) est. time remaining.
       29% completed,  00:10:08 (hh:mm:ss) est. time remaining.
       30% completed,  00:10:01 (hh:mm:ss) est. time remaining.
       31% completed,  00:9:55 (hh:mm:ss) est. time remaining.
       31% completed,  00:9:48 (hh:mm:ss) est. time remaining.
       32% completed,  00:9:42 (hh:mm:ss) est. time remaining.
       33% completed,  00:9:36 (hh:mm:ss) est. time remaining.
       34% completed,  00:9:18 (hh:mm:ss) est. time remaining.
       34% completed,  00:9:24 (hh:mm:ss) est. time remaining.
       35% completed,  00:9:11 (hh:mm:ss) est. time remaining.
       36% completed,  00:9:14 (hh:mm:ss) est. time remaining.
       36% completed,  00:9:00 (hh:mm:ss) est. time remaining.
       37% completed,  00:9:01 (hh:mm:ss) est. time remaining.
       38% completed,  00:8:48 (hh:mm:ss) est. time remaining.
       38% completed,  00:8:36 (hh:mm:ss) est. time remaining.
       39% completed,  00:8:37 (hh:mm:ss) est. time remaining.
       40% completed,  00:8:25 (hh:mm:ss) est. time remaining.
       40% completed,  00:8:27 (hh:mm:ss) est. time remaining.
       41% completed,  00:8:13 (hh:mm:ss) est. time remaining.
       42% completed,  00:8:18 (hh:mm:ss) est. time remaining.
       42% completed,  00:8:05 (hh:mm:ss) est. time remaining.
       43% completed,  00:8:08 (hh:mm:ss) est. time remaining.
       43% completed,  00:7:56 (hh:mm:ss) est. time remaining.
       44% completed,  00:7:56 (hh:mm:ss) est. time remaining.
       45% completed,  00:7:44 (hh:mm:ss) est. time remaining.
       45% completed,  00:7:38 (hh:mm:ss) est. time remaining.
       46% completed,  00:7:30 (hh:mm:ss) est. time remaining.
       47% completed,  00:7:26 (hh:mm:ss) est. time remaining.
       47% completed,  00:7:16 (hh:mm:ss) est. time remaining.
       48% completed,  00:7:17 (hh:mm:ss) est. time remaining.
       48% completed,  00:7:08 (hh:mm:ss) est. time remaining.
       49% completed,  00:7:08 (hh:mm:ss) est. time remaining.
       50% completed,  00:6:58 (hh:mm:ss) est. time remaining.
       50% completed,  00:6:50 (hh:mm:ss) est. time remaining.
       51% completed,  00:6:45 (hh:mm:ss) est. time remaining.
       51% completed,  00:6:40 (hh:mm:ss) est. time remaining.
       52% completed,  00:6:36 (hh:mm:ss) est. time remaining.
       53% completed,  00:6:33 (hh:mm:ss) est. time remaining.
       53% completed,  00:6:26 (hh:mm:ss) est. time remaining.
       54% completed,  00:6:17 (hh:mm:ss) est. time remaining.
       54% completed,  00:6:18 (hh:mm:ss) est. time remaining.
       55% completed,  00:6:09 (hh:mm:ss) est. time remaining.
       56% completed,  00:6:08 (hh:mm:ss) est. time remaining.
       56% completed,  00:6:01 (hh:mm:ss) est. time remaining.
       57% completed,  00:5:59 (hh:mm:ss) est. time remaining.
       57% completed,  00:5:52 (hh:mm:ss) est. time remaining.
       58% completed,  00:5:52 (hh:mm:ss) est. time remaining.
       58% completed,  00:5:44 (hh:mm:ss) est. time remaining.
       59% completed,  00:5:43 (hh:mm:ss) est. time remaining.
       59% completed,  00:5:36 (hh:mm:ss) est. time remaining.
       60% completed,  00:5:34 (hh:mm:ss) est. time remaining.
       60% completed,  00:5:27 (hh:mm:ss) est. time remaining.
       61% completed,  00:5:24 (hh:mm:ss) est. time remaining.
       62% completed,  00:5:18 (hh:mm:ss) est. time remaining.
       62% completed,  00:5:17 (hh:mm:ss) est. time remaining.
       63% completed,  00:5:10 (hh:mm:ss) est. time remaining.
       63% completed,  00:5:04 (hh:mm:ss) est. time remaining.
       64% completed,  00:5:01 (hh:mm:ss) est. time remaining.
       64% completed,  00:4:54 (hh:mm:ss) est. time remaining.
       65% completed,  00:4:53 (hh:mm:ss) est. time remaining.
       65% completed,  00:4:47 (hh:mm:ss) est. time remaining.
       66% completed,  00:4:45 (hh:mm:ss) est. time remaining.
       66% completed,  00:4:39 (hh:mm:ss) est. time remaining.
       67% completed,  00:4:37 (hh:mm:ss) est. time remaining.
       67% completed,  00:4:31 (hh:mm:ss) est. time remaining.
       68% completed,  00:4:29 (hh:mm:ss) est. time remaining.
       68% completed,  00:4:24 (hh:mm:ss) est. time remaining.
       69% completed,  00:4:22 (hh:mm:ss) est. time remaining.
       69% completed,  00:4:16 (hh:mm:ss) est. time remaining.
       69% completed,  00:4:11 (hh:mm:ss) est. time remaining.
       70% completed,  00:4:08 (hh:mm:ss) est. time remaining.
       70% completed,  00:4:05 (hh:mm:ss) est. time remaining.
       71% completed,  00:4:00 (hh:mm:ss) est. time remaining.
       71% completed,  00:3:55 (hh:mm:ss) est. time remaining.
       72% completed,  00:3:53 (hh:mm:ss) est. time remaining.
       72% completed,  00:3:48 (hh:mm:ss) est. time remaining.
       73% completed,  00:3:45 (hh:mm:ss) est. time remaining.
       73% completed,  00:3:41 (hh:mm:ss) est. time remaining.
       74% completed,  00:3:38 (hh:mm:ss) est. time remaining.
       74% completed,  00:3:34 (hh:mm:ss) est. time remaining.
       74% completed,  00:3:31 (hh:mm:ss) est. time remaining.
       75% completed,  00:3:27 (hh:mm:ss) est. time remaining.
       75% completed,  00:3:24 (hh:mm:ss) est. time remaining.
       76% completed,  00:3:20 (hh:mm:ss) est. time remaining.
       76% completed,  00:3:18 (hh:mm:ss) est. time remaining.
       76% completed,  00:3:14 (hh:mm:ss) est. time remaining.
       77% completed,  00:3:11 (hh:mm:ss) est. time remaining.
       77% completed,  00:3:07 (hh:mm:ss) est. time remaining.
       78% completed,  00:3:04 (hh:mm:ss) est. time remaining.
       78% completed,  00:3:01 (hh:mm:ss) est. time remaining.
       78% completed,  00:2:57 (hh:mm:ss) est. time remaining.
       79% completed,  00:2:54 (hh:mm:ss) est. time remaining.
       79% completed,  00:2:51 (hh:mm:ss) est. time remaining.
       80% completed,  00:2:48 (hh:mm:ss) est. time remaining.
       80% completed,  00:2:44 (hh:mm:ss) est. time remaining.
       80% completed,  00:2:41 (hh:mm:ss) est. time remaining.
       81% completed,  00:2:38 (hh:mm:ss) est. time remaining.
       81% completed,  00:2:35 (hh:mm:ss) est. time remaining.
       81% completed,  00:2:32 (hh:mm:ss) est. time remaining.
       82% completed,  00:2:29 (hh:mm:ss) est. time remaining.
       82% completed,  00:2:26 (hh:mm:ss) est. time remaining.
       83% completed,  00:2:23 (hh:mm:ss) est. time remaining.
       83% completed,  00:2:20 (hh:mm:ss) est. time remaining.
       83% completed,  00:2:17 (hh:mm:ss) est. time remaining.
       84% completed,  00:2:14 (hh:mm:ss) est. time remaining.
       84% completed,  00:2:11 (hh:mm:ss) est. time remaining.
       84% completed,  00:2:08 (hh:mm:ss) est. time remaining.
       85% completed,  00:2:05 (hh:mm:ss) est. time remaining.
       85% completed,  00:2:02 (hh:mm:ss) est. time remaining.
       85% completed,  00:2:00 (hh:mm:ss) est. time remaining.
       86% completed,  00:1:57 (hh:mm:ss) est. time remaining.
       86% completed,  00:1:54 (hh:mm:ss) est. time remaining.
       86% completed,  00:1:52 (hh:mm:ss) est. time remaining.
       87% completed,  00:1:49 (hh:mm:ss) est. time remaining.
       87% completed,  00:1:47 (hh:mm:ss) est. time remaining.
       87% completed,  00:1:44 (hh:mm:ss) est. time remaining.
       87% completed,  00:1:42 (hh:mm:ss) est. time remaining.
       88% completed,  00:1:39 (hh:mm:ss) est. time remaining.
       88% completed,  00:1:37 (hh:mm:ss) est. time remaining.
       88% completed,  00:1:34 (hh:mm:ss) est. time remaining.
       89% completed,  00:1:32 (hh:mm:ss) est. time remaining.
       89% completed,  00:1:30 (hh:mm:ss) est. time remaining.
       89% completed,  00:1:27 (hh:mm:ss) est. time remaining.
       89% completed,  00:1:25 (hh:mm:ss) est. time remaining.
       90% completed,  00:1:23 (hh:mm:ss) est. time remaining.
       90% completed,  00:1:20 (hh:mm:ss) est. time remaining.
       90% completed,  00:1:18 (hh:mm:ss) est. time remaining.
       90% completed,  00:1:16 (hh:mm:ss) est. time remaining.
       91% completed,  00:1:14 (hh:mm:ss) est. time remaining.
       91% completed,  00:1:12 (hh:mm:ss) est. time remaining.
       91% completed,  00:1:10 (hh:mm:ss) est. time remaining.
       91% completed,  00:1:08 (hh:mm:ss) est. time remaining.
       92% completed,  00:1:06 (hh:mm:ss) est. time remaining.
       92% completed,  00:1:04 (hh:mm:ss) est. time remaining.
       92% completed,  00:1:02 (hh:mm:ss) est. time remaining.
       92% completed,  00:1:00 (hh:mm:ss) est. time remaining.
       93% completed,  00:0:58 (hh:mm:ss) est. time remaining.
       93% completed,  00:0:56 (hh:mm:ss) est. time remaining.
       93% completed,  00:0:54 (hh:mm:ss) est. time remaining.
       93% completed,  00:0:52 (hh:mm:ss) est. time remaining.
       93% completed,  00:0:50 (hh:mm:ss) est. time remaining.
       94% completed,  00:0:49 (hh:mm:ss) est. time remaining.
       94% completed,  00:0:47 (hh:mm:ss) est. time remaining.
       94% completed,  00:0:45 (hh:mm:ss) est. time remaining.
       94% completed,  00:0:44 (hh:mm:ss) est. time remaining.
       94% completed,  00:0:42 (hh:mm:ss) est. time remaining.
       95% completed,  00:0:40 (hh:mm:ss) est. time remaining.
       95% completed,  00:0:39 (hh:mm:ss) est. time remaining.
       95% completed,  00:0:37 (hh:mm:ss) est. time remaining.
       95% completed,  00:0:36 (hh:mm:ss) est. time remaining.
       95% completed,  00:0:34 (hh:mm:ss) est. time remaining.
       96% completed,  00:0:33 (hh:mm:ss) est. time remaining.
       96% completed,  00:0:31 (hh:mm:ss) est. time remaining.
       96% completed,  00:0:30 (hh:mm:ss) est. time remaining.
       96% completed,  00:0:29 (hh:mm:ss) est. time remaining.
       96% completed,  00:0:27 (hh:mm:ss) est. time remaining.
       96% completed,  00:0:26 (hh:mm:ss) est. time remaining.
       97% completed,  00:0:25 (hh:mm:ss) est. time remaining.
       97% completed,  00:0:24 (hh:mm:ss) est. time remaining.
       97% completed,  00:0:22 (hh:mm:ss) est. time remaining.
       97% completed,  00:0:21 (hh:mm:ss) est. time remaining.
       97% completed,  00:0:20 (hh:mm:ss) est. time remaining.
       97% completed,  00:0:19 (hh:mm:ss) est. time remaining.
       97% completed,  00:0:18 (hh:mm:ss) est. time remaining.
       97% completed,  00:0:17 (hh:mm:ss) est. time remaining.
       98% completed,  00:0:16 (hh:mm:ss) est. time remaining.
       98% completed,  00:0:15 (hh:mm:ss) est. time remaining.
       98% completed,  00:0:14 (hh:mm:ss) est. time remaining.
       98% completed,  00:0:13 (hh:mm:ss) est. time remaining.
       98% completed,  00:0:12 (hh:mm:ss) est. time remaining.
       98% completed,  00:0:11 (hh:mm:ss) est. time remaining.
       98% completed,  00:0:10 (hh:mm:ss) est. time remaining.
       98% completed,  00:0:10 (hh:mm:ss) est. time remaining.
       98% completed,  00:0:09 (hh:mm:ss) est. time remaining.
       98% completed,  00:0:08 (hh:mm:ss) est. time remaining.
       99% completed,  00:0:07 (hh:mm:ss) est. time remaining.
       99% completed,  00:0:07 (hh:mm:ss) est. time remaining.
       99% completed,  00:0:06 (hh:mm:ss) est. time remaining.
       99% completed,  00:0:05 (hh:mm:ss) est. time remaining.
       99% completed,  00:0:05 (hh:mm:ss) est. time remaining.
       99% completed,  00:0:04 (hh:mm:ss) est. time remaining.
       99% completed,  00:0:04 (hh:mm:ss) est. time remaining.
       99% completed,  00:0:03 (hh:mm:ss) est. time remaining.
       99% completed,  00:0:03 (hh:mm:ss) est. time remaining.
       99% completed,  00:0:02 (hh:mm:ss) est. time remaining.
       99% completed,  00:0:02 (hh:mm:ss) est. time remaining.
       99% completed,  00:0:02 (hh:mm:ss) est. time remaining.
       99% completed,  00:0:01 (hh:mm:ss) est. time remaining.
       99% completed,  00:0:01 (hh:mm:ss) est. time remaining.
       99% completed,  00:0:01 (hh:mm:ss) est. time remaining.
       99% completed,  00:0:00 (hh:mm:ss) est. time remaining.
       99% completed,  00:0:00 (hh:mm:ss) est. time remaining.
       99% completed,  00:0:00 (hh:mm:ss) est. time remaining.
       99% completed,  00:0:00 (hh:mm:ss) est. time remaining.
       99% completed,  00:0:00 (hh:mm:ss) est. time remaining.
       99% completed,  00:0:00 (hh:mm:ss) est. time remaining.
       99% completed,  00:0:00 (hh:mm:ss) est. time remaining.
      100% completed,  00:0:00 (hh:mm:ss) est. time remaining.
Comparison Time: 00:14:13 (hh:mm:ss) Elapsed Time, 887 HSPs Collected
  - RECON: Running imagespread..
RECON Elapsed: 00:00:00 (hh:mm:ss) Elapsed Time
  - RECON: Running initial definition of elements ( eledef )..
RECON Elapsed: 00:00:02 (hh:mm:ss) Elapsed Time
  - RECON: Running re-definition of elements ( eleredef )..
RECON Elapsed: 00:00:03 (hh:mm:ss) Elapsed Time
  - RECON: Running re-definition of edges ( edgeredef )..
RECON Elapsed: 00:00:05 (hh:mm:ss) Elapsed Time
  - RECON: Running family definition ( famdef )..
RECON Elapsed: 00:00:00 (hh:mm:ss) Elapsed Time
  - Obtaining element sequences
Number of families returned by RECON: 399
Processing families with greater than 15 elements

Processing RECON family: 247
  - Saving 17 elements
  - Refining family-247 model...
Family Refinement: 00:00:17 (hh:mm:ss) Elapsed Time
Round Time: 00:15:06 (hh:mm:ss) Elapsed Time


RepeatModeler Round # 4
========================
Searching for Repeats
 -- Sampling from the database...
   - Gathering up to 27000000 bp
   - Sequence extraction : 00:00:03 (hh:mm:ss) Elapsed Time
 -- Running TRFMask on the sequence...
       380 Tandem Repeats Masked
   - TRFMask time 00:00:23 (hh:mm:ss) Elapsed Time
 -- Masking repeats from the previous rounds...
  - Masking 1 - 5 of 550
  - Masking 6 - 10 of 550
  - Masking 21 - 35 of 550
  - Masking 46 - 70 of 550
  - Masking 81 - 115 of 550
  - Masking 126 - 170 of 550
  - Masking 181 - 235 of 550
  - Masking 246 - 310 of 550
  - Masking 321 - 395 of 550
  - Masking 406 - 490 of 550
  - Masking 501 - 550 of 550
   - TE Masking time 00:00:25 (hh:mm:ss) Elapsed Time
 -- Sample Stats:
       Sample Size 21471451 bp
       Num Contigs Represented = 31
       Non ambiguous bp:
             Initial: 21453580 bp
             After Masking: 20943521 bp
             Masked: 2.38 % 
 -- Input Database Coverage: 33513624 bp out of 33513814 bp ( 100.00 % )
Sampling Time: 00:00:52 (hh:mm:ss) Elapsed Time
Running all-by-other comparisons...
        0% completed,  02:58:25 (hh:mm:ss) est. time remaining.
        0% completed,  01:31:05 (hh:mm:ss) est. time remaining.
        1% completed,  01:5:08 (hh:mm:ss) est. time remaining.
        1% completed,  01:26:03 (hh:mm:ss) est. time remaining.
        1% completed,  01:12:16 (hh:mm:ss) est. time remaining.
        2% completed,  01:23:19 (hh:mm:ss) est. time remaining.
        2% completed,  01:15:04 (hh:mm:ss) est. time remaining.
        2% completed,  01:25:06 (hh:mm:ss) est. time remaining.
        3% completed,  01:15:56 (hh:mm:ss) est. time remaining.
        3% completed,  01:24:11 (hh:mm:ss) est. time remaining.
        3% completed,  01:16:19 (hh:mm:ss) est. time remaining.
        4% completed,  01:18:15 (hh:mm:ss) est. time remaining.
        4% completed,  01:16:47 (hh:mm:ss) est. time remaining.
        5% completed,  01:18:20 (hh:mm:ss) est. time remaining.
        5% completed,  01:16:43 (hh:mm:ss) est. time remaining.
        5% completed,  01:18:17 (hh:mm:ss) est. time remaining.
        6% completed,  01:16:33 (hh:mm:ss) est. time remaining.
        6% completed,  01:17:25 (hh:mm:ss) est. time remaining.
        6% completed,  01:17:01 (hh:mm:ss) est. time remaining.
        7% completed,  01:17:44 (hh:mm:ss) est. time remaining.
        7% completed,  01:16:54 (hh:mm:ss) est. time remaining.
        7% completed,  01:17:54 (hh:mm:ss) est. time remaining.
        8% completed,  01:13:08 (hh:mm:ss) est. time remaining.
        8% completed,  01:14:47 (hh:mm:ss) est. time remaining.
        9% completed,  01:13:11 (hh:mm:ss) est. time remaining.
        9% completed,  01:12:09 (hh:mm:ss) est. time remaining.
        9% completed,  01:13:00 (hh:mm:ss) est. time remaining.
       10% completed,  01:12:01 (hh:mm:ss) est. time remaining.
       10% completed,  01:12:55 (hh:mm:ss) est. time remaining.
       10% completed,  01:12:24 (hh:mm:ss) est. time remaining.
       11% completed,  01:12:56 (hh:mm:ss) est. time remaining.
       11% completed,  01:12:02 (hh:mm:ss) est. time remaining.
       11% completed,  01:12:31 (hh:mm:ss) est. time remaining.
       12% completed,  01:11:47 (hh:mm:ss) est. time remaining.
       12% completed,  01:12:20 (hh:mm:ss) est. time remaining.
       13% completed,  01:10:31 (hh:mm:ss) est. time remaining.
       13% completed,  01:9:19 (hh:mm:ss) est. time remaining.
       13% completed,  01:10:11 (hh:mm:ss) est. time remaining.
       14% completed,  01:8:56 (hh:mm:ss) est. time remaining.
       14% completed,  01:9:44 (hh:mm:ss) est. time remaining.
       14% completed,  01:8:56 (hh:mm:ss) est. time remaining.
       15% completed,  01:9:18 (hh:mm:ss) est. time remaining.
       15% completed,  01:8:32 (hh:mm:ss) est. time remaining.
       15% completed,  01:9:02 (hh:mm:ss) est. time remaining.
       16% completed,  01:8:18 (hh:mm:ss) est. time remaining.
       16% completed,  01:8:36 (hh:mm:ss) est. time remaining.
       16% completed,  01:8:03 (hh:mm:ss) est. time remaining.
       17% completed,  01:8:09 (hh:mm:ss) est. time remaining.
       17% completed,  01:7:28 (hh:mm:ss) est. time remaining.
       17% completed,  01:7:57 (hh:mm:ss) est. time remaining.
       18% completed,  01:7:12 (hh:mm:ss) est. time remaining.
       18% completed,  01:7:39 (hh:mm:ss) est. time remaining.
       18% completed,  01:6:55 (hh:mm:ss) est. time remaining.
       19% completed,  01:7:17 (hh:mm:ss) est. time remaining.
       19% completed,  01:6:01 (hh:mm:ss) est. time remaining.
       19% completed,  01:6:54 (hh:mm:ss) est. time remaining.
       19% completed,  01:5:36 (hh:mm:ss) est. time remaining.
       20% completed,  01:5:56 (hh:mm:ss) est. time remaining.
       20% completed,  01:5:20 (hh:mm:ss) est. time remaining.
       20% completed,  01:5:34 (hh:mm:ss) est. time remaining.
       21% completed,  01:4:48 (hh:mm:ss) est. time remaining.
       21% completed,  01:5:05 (hh:mm:ss) est. time remaining.
       21% completed,  01:4:28 (hh:mm:ss) est. time remaining.
       22% completed,  01:4:43 (hh:mm:ss) est. time remaining.
       22% completed,  01:3:56 (hh:mm:ss) est. time remaining.
       22% completed,  01:4:11 (hh:mm:ss) est. time remaining.
       23% completed,  01:3:39 (hh:mm:ss) est. time remaining.
       23% completed,  01:3:43 (hh:mm:ss) est. time remaining.
       23% completed,  01:3:05 (hh:mm:ss) est. time remaining.
       24% completed,  01:3:18 (hh:mm:ss) est. time remaining.
       24% completed,  01:2:29 (hh:mm:ss) est. time remaining.
       24% completed,  01:2:39 (hh:mm:ss) est. time remaining.
       25% completed,  01:1:54 (hh:mm:ss) est. time remaining.
       25% completed,  01:2:09 (hh:mm:ss) est. time remaining.
       25% completed,  01:1:28 (hh:mm:ss) est. time remaining.
       26% completed,  01:2:02 (hh:mm:ss) est. time remaining.
       26% completed,  01:1:05 (hh:mm:ss) est. time remaining.
       26% completed,  01:1:32 (hh:mm:ss) est. time remaining.
       26% completed,  01:0:34 (hh:mm:ss) est. time remaining.
       27% completed,  01:0:44 (hh:mm:ss) est. time remaining.
       27% completed,  01:0:29 (hh:mm:ss) est. time remaining.
       27% completed,  01:0:20 (hh:mm:ss) est. time remaining.
       28% completed,  00:59:51 (hh:mm:ss) est. time remaining.
       28% completed,  00:59:59 (hh:mm:ss) est. time remaining.
       28% completed,  00:59:23 (hh:mm:ss) est. time remaining.
       29% completed,  00:59:33 (hh:mm:ss) est. time remaining.
       29% completed,  00:58:58 (hh:mm:ss) est. time remaining.
       29% completed,  00:59:05 (hh:mm:ss) est. time remaining.
       30% completed,  00:58:35 (hh:mm:ss) est. time remaining.
       30% completed,  00:58:42 (hh:mm:ss) est. time remaining.
       30% completed,  00:58:03 (hh:mm:ss) est. time remaining.
       30% completed,  00:58:14 (hh:mm:ss) est. time remaining.
       31% completed,  00:57:36 (hh:mm:ss) est. time remaining.
       31% completed,  00:57:45 (hh:mm:ss) est. time remaining.
       31% completed,  00:57:03 (hh:mm:ss) est. time remaining.
       32% completed,  00:57:15 (hh:mm:ss) est. time remaining.
       32% completed,  00:56:37 (hh:mm:ss) est. time remaining.
       32% completed,  00:56:43 (hh:mm:ss) est. time remaining.
       33% completed,  00:56:09 (hh:mm:ss) est. time remaining.
       33% completed,  00:56:14 (hh:mm:ss) est. time remaining.
       33% completed,  00:55:37 (hh:mm:ss) est. time remaining.
       33% completed,  00:55:44 (hh:mm:ss) est. time remaining.
       34% completed,  00:55:04 (hh:mm:ss) est. time remaining.
       34% completed,  00:55:09 (hh:mm:ss) est. time remaining.
       34% completed,  00:54:41 (hh:mm:ss) est. time remaining.
       35% completed,  00:54:36 (hh:mm:ss) est. time remaining.
       35% completed,  00:54:14 (hh:mm:ss) est. time remaining.
       35% completed,  00:54:02 (hh:mm:ss) est. time remaining.
       36% completed,  00:53:55 (hh:mm:ss) est. time remaining.
       36% completed,  00:53:37 (hh:mm:ss) est. time remaining.
       36% completed,  00:53:26 (hh:mm:ss) est. time remaining.
       36% completed,  00:53:02 (hh:mm:ss) est. time remaining.
       37% completed,  00:53:02 (hh:mm:ss) est. time remaining.
       37% completed,  00:52:33 (hh:mm:ss) est. time remaining.
       37% completed,  00:52:32 (hh:mm:ss) est. time remaining.
       38% completed,  00:52:04 (hh:mm:ss) est. time remaining.
       38% completed,  00:52:03 (hh:mm:ss) est. time remaining.
       38% completed,  00:51:37 (hh:mm:ss) est. time remaining.
       38% completed,  00:51:39 (hh:mm:ss) est. time remaining.
       39% completed,  00:51:10 (hh:mm:ss) est. time remaining.
       39% completed,  00:51:17 (hh:mm:ss) est. time remaining.
       39% completed,  00:50:41 (hh:mm:ss) est. time remaining.
       40% completed,  00:50:47 (hh:mm:ss) est. time remaining.
       40% completed,  00:50:13 (hh:mm:ss) est. time remaining.
       40% completed,  00:50:20 (hh:mm:ss) est. time remaining.
       40% completed,  00:49:46 (hh:mm:ss) est. time remaining.
       41% completed,  00:49:13 (hh:mm:ss) est. time remaining.
       41% completed,  00:49:16 (hh:mm:ss) est. time remaining.
       41% completed,  00:48:55 (hh:mm:ss) est. time remaining.
       41% completed,  00:48:26 (hh:mm:ss) est. time remaining.
       42% completed,  00:48:08 (hh:mm:ss) est. time remaining.
       42% completed,  00:47:59 (hh:mm:ss) est. time remaining.
       42% completed,  00:47:39 (hh:mm:ss) est. time remaining.
       43% completed,  00:47:35 (hh:mm:ss) est. time remaining.
       43% completed,  00:47:11 (hh:mm:ss) est. time remaining.
       43% completed,  00:47:12 (hh:mm:ss) est. time remaining.
       43% completed,  00:46:42 (hh:mm:ss) est. time remaining.
       44% completed,  00:46:13 (hh:mm:ss) est. time remaining.
       44% completed,  00:46:15 (hh:mm:ss) est. time remaining.
       44% completed,  00:45:47 (hh:mm:ss) est. time remaining.
       45% completed,  00:45:48 (hh:mm:ss) est. time remaining.
       45% completed,  00:45:22 (hh:mm:ss) est. time remaining.
       45% completed,  00:45:21 (hh:mm:ss) est. time remaining.
       45% completed,  00:44:54 (hh:mm:ss) est. time remaining.
       46% completed,  00:44:58 (hh:mm:ss) est. time remaining.
       46% completed,  00:44:35 (hh:mm:ss) est. time remaining.
       46% completed,  00:44:32 (hh:mm:ss) est. time remaining.
       46% completed,  00:44:07 (hh:mm:ss) est. time remaining.
       47% completed,  00:43:49 (hh:mm:ss) est. time remaining.
       47% completed,  00:43:34 (hh:mm:ss) est. time remaining.
       47% completed,  00:43:22 (hh:mm:ss) est. time remaining.
       47% completed,  00:43:09 (hh:mm:ss) est. time remaining.
       48% completed,  00:43:02 (hh:mm:ss) est. time remaining.
       48% completed,  00:42:42 (hh:mm:ss) est. time remaining.
       48% completed,  00:42:35 (hh:mm:ss) est. time remaining.
       48% completed,  00:42:22 (hh:mm:ss) est. time remaining.
       49% completed,  00:42:08 (hh:mm:ss) est. time remaining.
       49% completed,  00:41:58 (hh:mm:ss) est. time remaining.
       49% completed,  00:41:43 (hh:mm:ss) est. time remaining.
       50% completed,  00:41:32 (hh:mm:ss) est. time remaining.
       50% completed,  00:41:18 (hh:mm:ss) est. time remaining.
       50% completed,  00:41:07 (hh:mm:ss) est. time remaining.
       50% completed,  00:40:53 (hh:mm:ss) est. time remaining.
       51% completed,  00:40:42 (hh:mm:ss) est. time remaining.
       51% completed,  00:40:29 (hh:mm:ss) est. time remaining.
       51% completed,  00:40:17 (hh:mm:ss) est. time remaining.
       51% completed,  00:40:02 (hh:mm:ss) est. time remaining.
       52% completed,  00:39:53 (hh:mm:ss) est. time remaining.
       52% completed,  00:39:41 (hh:mm:ss) est. time remaining.
       52% completed,  00:39:29 (hh:mm:ss) est. time remaining.
       52% completed,  00:39:16 (hh:mm:ss) est. time remaining.
       53% completed,  00:38:56 (hh:mm:ss) est. time remaining.
       53% completed,  00:38:50 (hh:mm:ss) est. time remaining.
       53% completed,  00:38:30 (hh:mm:ss) est. time remaining.
       53% completed,  00:38:07 (hh:mm:ss) est. time remaining.
       54% completed,  00:38:00 (hh:mm:ss) est. time remaining.
       54% completed,  00:37:47 (hh:mm:ss) est. time remaining.
       54% completed,  00:37:28 (hh:mm:ss) est. time remaining.
       54% completed,  00:37:22 (hh:mm:ss) est. time remaining.
       55% completed,  00:37:05 (hh:mm:ss) est. time remaining.
       55% completed,  00:36:57 (hh:mm:ss) est. time remaining.
       55% completed,  00:36:42 (hh:mm:ss) est. time remaining.
       55% completed,  00:36:33 (hh:mm:ss) est. time remaining.
       55% completed,  00:36:20 (hh:mm:ss) est. time remaining.
       56% completed,  00:36:11 (hh:mm:ss) est. time remaining.
       56% completed,  00:35:55 (hh:mm:ss) est. time remaining.
       56% completed,  00:35:50 (hh:mm:ss) est. time remaining.
       56% completed,  00:35:30 (hh:mm:ss) est. time remaining.
       57% completed,  00:35:16 (hh:mm:ss) est. time remaining.
       57% completed,  00:35:09 (hh:mm:ss) est. time remaining.
       57% completed,  00:34:54 (hh:mm:ss) est. time remaining.
       57% completed,  00:34:45 (hh:mm:ss) est. time remaining.
       58% completed,  00:34:31 (hh:mm:ss) est. time remaining.
       58% completed,  00:34:23 (hh:mm:ss) est. time remaining.
       58% completed,  00:34:11 (hh:mm:ss) est. time remaining.
       58% completed,  00:33:59 (hh:mm:ss) est. time remaining.
       59% completed,  00:33:48 (hh:mm:ss) est. time remaining.
       59% completed,  00:33:36 (hh:mm:ss) est. time remaining.
       59% completed,  00:33:26 (hh:mm:ss) est. time remaining.
       59% completed,  00:33:17 (hh:mm:ss) est. time remaining.
       60% completed,  00:33:02 (hh:mm:ss) est. time remaining.
       60% completed,  00:32:54 (hh:mm:ss) est. time remaining.
       60% completed,  00:32:41 (hh:mm:ss) est. time remaining.
       60% completed,  00:32:31 (hh:mm:ss) est. time remaining.
       60% completed,  00:32:18 (hh:mm:ss) est. time remaining.
       61% completed,  00:32:10 (hh:mm:ss) est. time remaining.
       61% completed,  00:31:59 (hh:mm:ss) est. time remaining.
       61% completed,  00:31:47 (hh:mm:ss) est. time remaining.
       61% completed,  00:31:37 (hh:mm:ss) est. time remaining.
       62% completed,  00:31:25 (hh:mm:ss) est. time remaining.
       62% completed,  00:31:17 (hh:mm:ss) est. time remaining.
       62% completed,  00:31:04 (hh:mm:ss) est. time remaining.
       62% completed,  00:30:56 (hh:mm:ss) est. time remaining.
       62% completed,  00:30:38 (hh:mm:ss) est. time remaining.
       63% completed,  00:30:33 (hh:mm:ss) est. time remaining.
       63% completed,  00:30:16 (hh:mm:ss) est. time remaining.
       63% completed,  00:30:12 (hh:mm:ss) est. time remaining.
       63% completed,  00:29:56 (hh:mm:ss) est. time remaining.
       64% completed,  00:29:50 (hh:mm:ss) est. time remaining.
       64% completed,  00:29:34 (hh:mm:ss) est. time remaining.
       64% completed,  00:29:31 (hh:mm:ss) est. time remaining.
       64% completed,  00:29:14 (hh:mm:ss) est. time remaining.
       64% completed,  00:29:09 (hh:mm:ss) est. time remaining.
       65% completed,  00:28:57 (hh:mm:ss) est. time remaining.
       65% completed,  00:28:46 (hh:mm:ss) est. time remaining.
       65% completed,  00:28:38 (hh:mm:ss) est. time remaining.
       65% completed,  00:28:24 (hh:mm:ss) est. time remaining.
       65% completed,  00:28:18 (hh:mm:ss) est. time remaining.
       66% completed,  00:28:02 (hh:mm:ss) est. time remaining.
       66% completed,  00:27:47 (hh:mm:ss) est. time remaining.
       66% completed,  00:27:42 (hh:mm:ss) est. time remaining.
       66% completed,  00:27:27 (hh:mm:ss) est. time remaining.
       67% completed,  00:27:21 (hh:mm:ss) est. time remaining.
       67% completed,  00:27:06 (hh:mm:ss) est. time remaining.
       67% completed,  00:27:00 (hh:mm:ss) est. time remaining.
       67% completed,  00:26:46 (hh:mm:ss) est. time remaining.
       67% completed,  00:26:40 (hh:mm:ss) est. time remaining.
       68% completed,  00:26:25 (hh:mm:ss) est. time remaining.
       68% completed,  00:26:20 (hh:mm:ss) est. time remaining.
       68% completed,  00:26:06 (hh:mm:ss) est. time remaining.
       68% completed,  00:26:00 (hh:mm:ss) est. time remaining.
       68% completed,  00:25:47 (hh:mm:ss) est. time remaining.
       69% completed,  00:25:41 (hh:mm:ss) est. time remaining.
       69% completed,  00:25:28 (hh:mm:ss) est. time remaining.
       69% completed,  00:25:21 (hh:mm:ss) est. time remaining.
       69% completed,  00:25:09 (hh:mm:ss) est. time remaining.
       69% completed,  00:25:00 (hh:mm:ss) est. time remaining.
       70% completed,  00:24:47 (hh:mm:ss) est. time remaining.
       70% completed,  00:24:40 (hh:mm:ss) est. time remaining.
       70% completed,  00:24:28 (hh:mm:ss) est. time remaining.
       70% completed,  00:24:21 (hh:mm:ss) est. time remaining.
       70% completed,  00:24:11 (hh:mm:ss) est. time remaining.
       71% completed,  00:24:01 (hh:mm:ss) est. time remaining.
       71% completed,  00:23:51 (hh:mm:ss) est. time remaining.
       71% completed,  00:23:39 (hh:mm:ss) est. time remaining.
       71% completed,  00:23:30 (hh:mm:ss) est. time remaining.
       71% completed,  00:23:20 (hh:mm:ss) est. time remaining.
       72% completed,  00:23:11 (hh:mm:ss) est. time remaining.
       72% completed,  00:23:00 (hh:mm:ss) est. time remaining.
       72% completed,  00:22:52 (hh:mm:ss) est. time remaining.
       72% completed,  00:22:41 (hh:mm:ss) est. time remaining.
       72% completed,  00:22:31 (hh:mm:ss) est. time remaining.
       73% completed,  00:22:22 (hh:mm:ss) est. time remaining.
       73% completed,  00:22:14 (hh:mm:ss) est. time remaining.
       73% completed,  00:22:04 (hh:mm:ss) est. time remaining.
       73% completed,  00:21:55 (hh:mm:ss) est. time remaining.
       73% completed,  00:21:46 (hh:mm:ss) est. time remaining.
       73% completed,  00:21:36 (hh:mm:ss) est. time remaining.
       74% completed,  00:21:27 (hh:mm:ss) est. time remaining.
       74% completed,  00:21:19 (hh:mm:ss) est. time remaining.
       74% completed,  00:21:09 (hh:mm:ss) est. time remaining.
       74% completed,  00:21:01 (hh:mm:ss) est. time remaining.
       74% completed,  00:20:52 (hh:mm:ss) est. time remaining.
       75% completed,  00:20:43 (hh:mm:ss) est. time remaining.
       75% completed,  00:20:33 (hh:mm:ss) est. time remaining.
       75% completed,  00:20:25 (hh:mm:ss) est. time remaining.
       75% completed,  00:20:15 (hh:mm:ss) est. time remaining.
       75% completed,  00:20:04 (hh:mm:ss) est. time remaining.
       75% completed,  00:19:57 (hh:mm:ss) est. time remaining.
       76% completed,  00:19:46 (hh:mm:ss) est. time remaining.
       76% completed,  00:19:37 (hh:mm:ss) est. time remaining.
       76% completed,  00:19:27 (hh:mm:ss) est. time remaining.
       76% completed,  00:19:20 (hh:mm:ss) est. time remaining.
       76% completed,  00:19:08 (hh:mm:ss) est. time remaining.
       77% completed,  00:19:02 (hh:mm:ss) est. time remaining.
       77% completed,  00:18:52 (hh:mm:ss) est. time remaining.
       77% completed,  00:18:43 (hh:mm:ss) est. time remaining.
       77% completed,  00:18:35 (hh:mm:ss) est. time remaining.
       77% completed,  00:18:26 (hh:mm:ss) est. time remaining.
       77% completed,  00:18:19 (hh:mm:ss) est. time remaining.
       78% completed,  00:18:09 (hh:mm:ss) est. time remaining.
       78% completed,  00:18:02 (hh:mm:ss) est. time remaining.
       78% completed,  00:17:53 (hh:mm:ss) est. time remaining.
       78% completed,  00:17:43 (hh:mm:ss) est. time remaining.
       78% completed,  00:17:34 (hh:mm:ss) est. time remaining.
       78% completed,  00:17:26 (hh:mm:ss) est. time remaining.
       79% completed,  00:17:17 (hh:mm:ss) est. time remaining.
       79% completed,  00:17:10 (hh:mm:ss) est. time remaining.
       79% completed,  00:17:01 (hh:mm:ss) est. time remaining.
       79% completed,  00:16:54 (hh:mm:ss) est. time remaining.
       79% completed,  00:16:46 (hh:mm:ss) est. time remaining.
       79% completed,  00:16:38 (hh:mm:ss) est. time remaining.
       80% completed,  00:16:29 (hh:mm:ss) est. time remaining.
       80% completed,  00:16:23 (hh:mm:ss) est. time remaining.
       80% completed,  00:16:13 (hh:mm:ss) est. time remaining.
       80% completed,  00:16:07 (hh:mm:ss) est. time remaining.
       80% completed,  00:15:58 (hh:mm:ss) est. time remaining.
       80% completed,  00:15:52 (hh:mm:ss) est. time remaining.
       81% completed,  00:15:42 (hh:mm:ss) est. time remaining.
       81% completed,  00:15:36 (hh:mm:ss) est. time remaining.
       81% completed,  00:15:26 (hh:mm:ss) est. time remaining.
       81% completed,  00:15:20 (hh:mm:ss) est. time remaining.
       81% completed,  00:15:11 (hh:mm:ss) est. time remaining.
       81% completed,  00:15:05 (hh:mm:ss) est. time remaining.
       81% completed,  00:14:55 (hh:mm:ss) est. time remaining.
       82% completed,  00:14:50 (hh:mm:ss) est. time remaining.
       82% completed,  00:14:40 (hh:mm:ss) est. time remaining.
       82% completed,  00:14:34 (hh:mm:ss) est. time remaining.
       82% completed,  00:14:25 (hh:mm:ss) est. time remaining.
       82% completed,  00:14:19 (hh:mm:ss) est. time remaining.
       82% completed,  00:14:10 (hh:mm:ss) est. time remaining.
       83% completed,  00:14:05 (hh:mm:ss) est. time remaining.
       83% completed,  00:13:56 (hh:mm:ss) est. time remaining.
       83% completed,  00:13:50 (hh:mm:ss) est. time remaining.
       83% completed,  00:13:41 (hh:mm:ss) est. time remaining.
       83% completed,  00:13:35 (hh:mm:ss) est. time remaining.
       83% completed,  00:13:27 (hh:mm:ss) est. time remaining.
       83% completed,  00:13:19 (hh:mm:ss) est. time remaining.
       84% completed,  00:13:12 (hh:mm:ss) est. time remaining.
       84% completed,  00:13:05 (hh:mm:ss) est. time remaining.
       84% completed,  00:12:58 (hh:mm:ss) est. time remaining.
       84% completed,  00:12:51 (hh:mm:ss) est. time remaining.
       84% completed,  00:12:44 (hh:mm:ss) est. time remaining.
       84% completed,  00:12:36 (hh:mm:ss) est. time remaining.
       84% completed,  00:12:29 (hh:mm:ss) est. time remaining.
       85% completed,  00:12:22 (hh:mm:ss) est. time remaining.
       85% completed,  00:12:14 (hh:mm:ss) est. time remaining.
       85% completed,  00:12:06 (hh:mm:ss) est. time remaining.
       85% completed,  00:12:01 (hh:mm:ss) est. time remaining.
       85% completed,  00:11:53 (hh:mm:ss) est. time remaining.
       85% completed,  00:11:47 (hh:mm:ss) est. time remaining.
       85% completed,  00:11:39 (hh:mm:ss) est. time remaining.
       86% completed,  00:11:34 (hh:mm:ss) est. time remaining.
       86% completed,  00:11:26 (hh:mm:ss) est. time remaining.
       86% completed,  00:11:20 (hh:mm:ss) est. time remaining.
       86% completed,  00:11:13 (hh:mm:ss) est. time remaining.
       86% completed,  00:11:07 (hh:mm:ss) est. time remaining.
       86% completed,  00:11:00 (hh:mm:ss) est. time remaining.
       86% completed,  00:10:54 (hh:mm:ss) est. time remaining.
       86% completed,  00:10:47 (hh:mm:ss) est. time remaining.
       87% completed,  00:10:41 (hh:mm:ss) est. time remaining.
       87% completed,  00:10:34 (hh:mm:ss) est. time remaining.
       87% completed,  00:10:28 (hh:mm:ss) est. time remaining.
       87% completed,  00:10:21 (hh:mm:ss) est. time remaining.
       87% completed,  00:10:16 (hh:mm:ss) est. time remaining.
       87% completed,  00:10:09 (hh:mm:ss) est. time remaining.
       87% completed,  00:10:03 (hh:mm:ss) est. time remaining.
       87% completed,  00:9:56 (hh:mm:ss) est. time remaining.
       88% completed,  00:9:51 (hh:mm:ss) est. time remaining.
       88% completed,  00:9:44 (hh:mm:ss) est. time remaining.
       88% completed,  00:9:37 (hh:mm:ss) est. time remaining.
       88% completed,  00:9:31 (hh:mm:ss) est. time remaining.
       88% completed,  00:9:25 (hh:mm:ss) est. time remaining.
       88% completed,  00:9:19 (hh:mm:ss) est. time remaining.
       88% completed,  00:9:13 (hh:mm:ss) est. time remaining.
       88% completed,  00:9:07 (hh:mm:ss) est. time remaining.
       89% completed,  00:9:01 (hh:mm:ss) est. time remaining.
       89% completed,  00:8:55 (hh:mm:ss) est. time remaining.
       89% completed,  00:8:49 (hh:mm:ss) est. time remaining.
       89% completed,  00:8:44 (hh:mm:ss) est. time remaining.
       89% completed,  00:8:38 (hh:mm:ss) est. time remaining.
       89% completed,  00:8:32 (hh:mm:ss) est. time remaining.
       89% completed,  00:8:26 (hh:mm:ss) est. time remaining.
       89% completed,  00:8:21 (hh:mm:ss) est. time remaining.
       90% completed,  00:8:15 (hh:mm:ss) est. time remaining.
       90% completed,  00:8:09 (hh:mm:ss) est. time remaining.
       90% completed,  00:8:03 (hh:mm:ss) est. time remaining.
       90% completed,  00:7:57 (hh:mm:ss) est. time remaining.
       90% completed,  00:7:52 (hh:mm:ss) est. time remaining.
       90% completed,  00:7:46 (hh:mm:ss) est. time remaining.
       90% completed,  00:7:41 (hh:mm:ss) est. time remaining.
       90% completed,  00:7:35 (hh:mm:ss) est. time remaining.
       90% completed,  00:7:30 (hh:mm:ss) est. time remaining.
       91% completed,  00:7:25 (hh:mm:ss) est. time remaining.
       91% completed,  00:7:19 (hh:mm:ss) est. time remaining.
       91% completed,  00:7:14 (hh:mm:ss) est. time remaining.
       91% completed,  00:7:09 (hh:mm:ss) est. time remaining.
       91% completed,  00:7:04 (hh:mm:ss) est. time remaining.
       91% completed,  00:6:58 (hh:mm:ss) est. time remaining.
       91% completed,  00:6:53 (hh:mm:ss) est. time remaining.
       91% completed,  00:6:48 (hh:mm:ss) est. time remaining.
       91% completed,  00:6:43 (hh:mm:ss) est. time remaining.
       91% completed,  00:6:38 (hh:mm:ss) est. time remaining.
       92% completed,  00:6:32 (hh:mm:ss) est. time remaining.
       92% completed,  00:6:28 (hh:mm:ss) est. time remaining.
       92% completed,  00:6:22 (hh:mm:ss) est. time remaining.
       92% completed,  00:6:18 (hh:mm:ss) est. time remaining.
       92% completed,  00:6:13 (hh:mm:ss) est. time remaining.
       92% completed,  00:6:08 (hh:mm:ss) est. time remaining.
       92% completed,  00:6:03 (hh:mm:ss) est. time remaining.
       92% completed,  00:5:58 (hh:mm:ss) est. time remaining.
       92% completed,  00:5:53 (hh:mm:ss) est. time remaining.
       92% completed,  00:5:48 (hh:mm:ss) est. time remaining.
       93% completed,  00:5:43 (hh:mm:ss) est. time remaining.
       93% completed,  00:5:39 (hh:mm:ss) est. time remaining.
       93% completed,  00:5:34 (hh:mm:ss) est. time remaining.
       93% completed,  00:5:29 (hh:mm:ss) est. time remaining.
       93% completed,  00:5:25 (hh:mm:ss) est. time remaining.
       93% completed,  00:5:20 (hh:mm:ss) est. time remaining.
       93% completed,  00:5:15 (hh:mm:ss) est. time remaining.
       93% completed,  00:5:11 (hh:mm:ss) est. time remaining.
       93% completed,  00:5:06 (hh:mm:ss) est. time remaining.
       93% completed,  00:5:02 (hh:mm:ss) est. time remaining.
       94% completed,  00:4:57 (hh:mm:ss) est. time remaining.
       94% completed,  00:4:53 (hh:mm:ss) est. time remaining.
       94% completed,  00:4:49 (hh:mm:ss) est. time remaining.
       94% completed,  00:4:44 (hh:mm:ss) est. time remaining.
       94% completed,  00:4:40 (hh:mm:ss) est. time remaining.
       94% completed,  00:4:36 (hh:mm:ss) est. time remaining.
       94% completed,  00:4:31 (hh:mm:ss) est. time remaining.
       94% completed,  00:4:27 (hh:mm:ss) est. time remaining.
       94% completed,  00:4:23 (hh:mm:ss) est. time remaining.
       94% completed,  00:4:19 (hh:mm:ss) est. time remaining.
       94% completed,  00:4:15 (hh:mm:ss) est. time remaining.
       94% completed,  00:4:11 (hh:mm:ss) est. time remaining.
       95% completed,  00:4:07 (hh:mm:ss) est. time remaining.
       95% completed,  00:4:03 (hh:mm:ss) est. time remaining.
       95% completed,  00:3:59 (hh:mm:ss) est. time remaining.
       95% completed,  00:3:55 (hh:mm:ss) est. time remaining.
       95% completed,  00:3:51 (hh:mm:ss) est. time remaining.
       95% completed,  00:3:47 (hh:mm:ss) est. time remaining.
       95% completed,  00:3:43 (hh:mm:ss) est. time remaining.
       95% completed,  00:3:39 (hh:mm:ss) est. time remaining.
       95% completed,  00:3:36 (hh:mm:ss) est. time remaining.
       95% completed,  00:3:32 (hh:mm:ss) est. time remaining.
       95% completed,  00:3:28 (hh:mm:ss) est. time remaining.
       95% completed,  00:3:25 (hh:mm:ss) est. time remaining.
       95% completed,  00:3:21 (hh:mm:ss) est. time remaining.
       96% completed,  00:3:17 (hh:mm:ss) est. time remaining.
       96% completed,  00:3:13 (hh:mm:ss) est. time remaining.
       96% completed,  00:3:10 (hh:mm:ss) est. time remaining.
       96% completed,  00:3:06 (hh:mm:ss) est. time remaining.
       96% completed,  00:3:03 (hh:mm:ss) est. time remaining.
       96% completed,  00:2:59 (hh:mm:ss) est. time remaining.
       96% completed,  00:2:56 (hh:mm:ss) est. time remaining.
       96% completed,  00:2:53 (hh:mm:ss) est. time remaining.
       96% completed,  00:2:49 (hh:mm:ss) est. time remaining.
       96% completed,  00:2:46 (hh:mm:ss) est. time remaining.
       96% completed,  00:2:43 (hh:mm:ss) est. time remaining.
       96% completed,  00:2:40 (hh:mm:ss) est. time remaining.
       96% completed,  00:2:36 (hh:mm:ss) est. time remaining.
       96% completed,  00:2:33 (hh:mm:ss) est. time remaining.
       96% completed,  00:2:30 (hh:mm:ss) est. time remaining.
       97% completed,  00:2:27 (hh:mm:ss) est. time remaining.
       97% completed,  00:2:24 (hh:mm:ss) est. time remaining.
       97% completed,  00:2:21 (hh:mm:ss) est. time remaining.
       97% completed,  00:2:18 (hh:mm:ss) est. time remaining.
       97% completed,  00:2:15 (hh:mm:ss) est. time remaining.
       97% completed,  00:2:12 (hh:mm:ss) est. time remaining.
       97% completed,  00:2:09 (hh:mm:ss) est. time remaining.
       97% completed,  00:2:06 (hh:mm:ss) est. time remaining.
       97% completed,  00:2:03 (hh:mm:ss) est. time remaining.
       97% completed,  00:2:00 (hh:mm:ss) est. time remaining.
       97% completed,  00:1:57 (hh:mm:ss) est. time remaining.
       97% completed,  00:1:55 (hh:mm:ss) est. time remaining.
       97% completed,  00:1:52 (hh:mm:ss) est. time remaining.
       97% completed,  00:1:49 (hh:mm:ss) est. time remaining.
       97% completed,  00:1:46 (hh:mm:ss) est. time remaining.
       97% completed,  00:1:44 (hh:mm:ss) est. time remaining.
       97% completed,  00:1:41 (hh:mm:ss) est. time remaining.
       98% completed,  00:1:39 (hh:mm:ss) est. time remaining.
       98% completed,  00:1:36 (hh:mm:ss) est. time remaining.
       98% completed,  00:1:34 (hh:mm:ss) est. time remaining.
       98% completed,  00:1:31 (hh:mm:ss) est. time remaining.
       98% completed,  00:1:29 (hh:mm:ss) est. time remaining.
       98% completed,  00:1:26 (hh:mm:ss) est. time remaining.
       98% completed,  00:1:24 (hh:mm:ss) est. time remaining.
       98% completed,  00:1:21 (hh:mm:ss) est. time remaining.
       98% completed,  00:1:19 (hh:mm:ss) est. time remaining.
       98% completed,  00:1:17 (hh:mm:ss) est. time remaining.
       98% completed,  00:1:15 (hh:mm:ss) est. time remaining.
       98% completed,  00:1:12 (hh:mm:ss) est. time remaining.
       98% completed,  00:1:10 (hh:mm:ss) est. time remaining.
       98% completed,  00:1:08 (hh:mm:ss) est. time remaining.
       98% completed,  00:1:06 (hh:mm:ss) est. time remaining.
       98% completed,  00:1:04 (hh:mm:ss) est. time remaining.
       98% completed,  00:1:02 (hh:mm:ss) est. time remaining.
       98% completed,  00:1:00 (hh:mm:ss) est. time remaining.
       98% completed,  00:0:58 (hh:mm:ss) est. time remaining.
       98% completed,  00:0:56 (hh:mm:ss) est. time remaining.
       98% completed,  00:0:54 (hh:mm:ss) est. time remaining.
       98% completed,  00:0:52 (hh:mm:ss) est. time remaining.
       98% completed,  00:0:50 (hh:mm:ss) est. time remaining.
       99% completed,  00:0:49 (hh:mm:ss) est. time remaining.
       99% completed,  00:0:47 (hh:mm:ss) est. time remaining.
       99% completed,  00:0:45 (hh:mm:ss) est. time remaining.
       99% completed,  00:0:43 (hh:mm:ss) est. time remaining.
       99% completed,  00:0:42 (hh:mm:ss) est. time remaining.
       99% completed,  00:0:40 (hh:mm:ss) est. time remaining.
       99% completed,  00:0:38 (hh:mm:ss) est. time remaining.
       99% completed,  00:0:37 (hh:mm:ss) est. time remaining.
       99% completed,  00:0:35 (hh:mm:ss) est. time remaining.
       99% completed,  00:0:34 (hh:mm:ss) est. time remaining.
       99% completed,  00:0:32 (hh:mm:ss) est. time remaining.
       99% completed,  00:0:31 (hh:mm:ss) est. time remaining.
       99% completed,  00:0:29 (hh:mm:ss) est. time remaining.
       99% completed,  00:0:28 (hh:mm:ss) est. time remaining.
       99% completed,  00:0:27 (hh:mm:ss) est. time remaining.
       99% completed,  00:0:25 (hh:mm:ss) est. time remaining.
       99% completed,  00:0:24 (hh:mm:ss) est. time remaining.
       99% completed,  00:0:23 (hh:mm:ss) est. time remaining.
       99% completed,  00:0:21 (hh:mm:ss) est. time remaining.
       99% completed,  00:0:20 (hh:mm:ss) est. time remaining.
       99% completed,  00:0:19 (hh:mm:ss) est. time remaining.
       99% completed,  00:0:18 (hh:mm:ss) est. time remaining.
       99% completed,  00:0:17 (hh:mm:ss) est. time remaining.
       99% completed,  00:0:16 (hh:mm:ss) est. time remaining.
       99% completed,  00:0:15 (hh:mm:ss) est. time remaining.
       99% completed,  00:0:14 (hh:mm:ss) est. time remaining.
       99% completed,  00:0:13 (hh:mm:ss) est. time remaining.
       99% completed,  00:0:12 (hh:mm:ss) est. time remaining.
       99% completed,  00:0:11 (hh:mm:ss) est. time remaining.
       99% completed,  00:0:10 (hh:mm:ss) est. time remaining.
       99% completed,  00:0:09 (hh:mm:ss) est. time remaining.
       99% completed,  00:0:09 (hh:mm:ss) est. time remaining.
       99% completed,  00:0:08 (hh:mm:ss) est. time remaining.
       99% completed,  00:0:07 (hh:mm:ss) est. time remaining.
       99% completed,  00:0:06 (hh:mm:ss) est. time remaining.
       99% completed,  00:0:06 (hh:mm:ss) est. time remaining.
       99% completed,  00:0:05 (hh:mm:ss) est. time remaining.
       99% completed,  00:0:05 (hh:mm:ss) est. time remaining.
       99% completed,  00:0:04 (hh:mm:ss) est. time remaining.
       99% completed,  00:0:03 (hh:mm:ss) est. time remaining.
       99% completed,  00:0:03 (hh:mm:ss) est. time remaining.
       99% completed,  00:0:03 (hh:mm:ss) est. time remaining.
       99% completed,  00:0:02 (hh:mm:ss) est. time remaining.
       99% completed,  00:0:02 (hh:mm:ss) est. time remaining.
       99% completed,  00:0:01 (hh:mm:ss) est. time remaining.
       99% completed,  00:0:01 (hh:mm:ss) est. time remaining.
       99% completed,  00:0:01 (hh:mm:ss) est. time remaining.
       99% completed,  00:0:00 (hh:mm:ss) est. time remaining.
       99% completed,  00:0:00 (hh:mm:ss) est. time remaining.
       99% completed,  00:0:00 (hh:mm:ss) est. time remaining.
       99% completed,  00:0:00 (hh:mm:ss) est. time remaining.
       99% completed,  00:0:00 (hh:mm:ss) est. time remaining.
       99% completed,  00:0:00 (hh:mm:ss) est. time remaining.
       99% completed,  00:0:00 (hh:mm:ss) est. time remaining.
      100% completed,  00:0:00 (hh:mm:ss) est. time remaining.
Comparison Time: 01:23:08 (hh:mm:ss) Elapsed Time, 4630 HSPs Collected
  - RECON: Running imagespread..
RECON Elapsed: 00:00:01 (hh:mm:ss) Elapsed Time
  - RECON: Running initial definition of elements ( eledef )..
RECON Elapsed: 00:00:07 (hh:mm:ss) Elapsed Time
  - RECON: Running re-definition of elements ( eleredef )..
RECON Elapsed: 00:00:13 (hh:mm:ss) Elapsed Time
  - RECON: Running re-definition of edges ( edgeredef )..
RECON Elapsed: 00:00:20 (hh:mm:ss) Elapsed Time
  - RECON: Running family definition ( famdef )..
RECON Elapsed: 00:00:02 (hh:mm:ss) Elapsed Time
  - Obtaining element sequences
Number of families returned by RECON: 1593
Processing families with greater than 15 elements

Processing RECON family: 451
  - Saving 29 elements
  - Refining family-451 model...
Family Refinement: 00:00:37 (hh:mm:ss) Elapsed Time
Round Time: 01:25:37 (hh:mm:ss) Elapsed Time

RepeatScout/RECON discovery complete: 25 families found


RepeatClassifier Version 2.0.1
======================================
Search Engine = rmblast
  - Looking for Simple and Low Complexity sequences..
  - Looking for similarity to known repeat proteins..
Missing /hpc/group/vilgalyslab/yk158/miniconda3/envs/repeatmasker/share/RepeatMasker/Libraries/RepeatMasker.lib.nsq!
Please rerun the configure program in the RepeatModeler directory
before running this script.
  - Looking for similarity to known repeat consensi..
Classification Time: 00:01:15 (hh:mm:ss) Elapsed Time


Program Time: 02:20:41 (hh:mm:ss) Elapsed Time
Working directory:  /work/yk158/pmiEndo/repeatmodeler/RM_15349.TueAug181842012020
may be deleted unless there were problems with the run.

The results have been saved to:
  ConPMI546-families.fa  - Consensus sequences for each family identified.
  ConPMI546-families.stk - Seed alignments for each family identified.

The RepeatModeler stockholm file is formatted so that it can
easily be submitted to the Dfam database.  Please consider contributing
curated families to this open database and be a part of this growing
community resource.  For more information contact help@dfam.org.


