RepeatModeler Version 2.0.1
===========================
Search Engine = rmblast 2.9.0+
Dependencies: TRF 4.09, RECON , RepeatScout 1.0.6, RepeatMasker 
LTR Structural Analysis: Disabled [use -LTRStruct to enable]
Random Number Seed: 1597790694
Database = Glalo1 .
  - Sequences = 22
  - Bases = 39509734
Using output directory = /work/yk158/pmiEndo/repeatmodeler/RM_31726.TueAug181844572020
Storage Throughput = fair ( 305.85 MB/s )

Ready to start the sampling process.
INFO: The runtime of RepeatModeler heavily depends on the quality of the assembly
      and the repetitive content of the sequences.  It is not imperative
      that RepeatModeler completes all rounds in order to obtain useful
      results.  At the completion of each round, the files ( consensi.fa, and
      families.stk ) found in:
      /work/yk158/pmiEndo/repeatmodeler/RM_31726.TueAug181844572020/ 
      will contain all results produced thus far. These files may be 
      manually copied and run through RepeatClassifier should the program
      be terminated early.


RepeatModeler Round # 1
========================
Searching for Repeats
 -- Sampling from the database...
   - Gathering up to 40000000 bp
   - Final Sample Size = 39509578 bp ( 39168471 non ambiguous )
   - Num Contigs Represented = 22
   - Sequence extraction : 00:00:08 (hh:mm:ss) Elapsed Time
 -- Running RepeatScout on the sequences...
   - RepeatScout: Running build_lmer_table ( l = 14 )..
   - RepeatScout: Running RepeatScout.. : 75 raw families identified
   - RepeatScout: Running filtering stage.. 73 families remaining
   - RepeatScout: 00:14:58 (hh:mm:ss) Elapsed Time
   - Large Satellite Filtering.. : 1 found in 00:00:08 (hh:mm:ss) Elapsed Time
   - Collecting repeat instances...
 -- Refining Family R=11 / 0 ( RS Elements: 520, Using 100 )
 -- Refining Family R=1 / 1 ( RS Elements: 499, Using 100 )
 -- Refining Family R=25 / 2 ( RS Elements: 373, Using 100 )
 -- Refining Family R=6 / 3 ( RS Elements: 332, Using 100 )
 -- Refining Family R=39 / 4 ( RS Elements: 308, Using 100 )
 -- Refining Family R=24 / 5 ( RS Elements: 295, Using 100 )
 -- Refining Family R=29 / 6 ( RS Elements: 288, Using 100 )
 -- Refining Family R=34 / 7 ( RS Elements: 233, Using 100 )
 -- Refining Family R=59 / 8 ( RS Elements: 231, Using 100 )
 -- Refining Family R=44 / 9 ( RS Elements: 229, Using 100 )
 -- Refining Family R=50 / 10 ( RS Elements: 225, Using 100 )
 -- Refining Family R=35 / 11 ( RS Elements: 184, Using 100 )
 -- Refining Family R=17 / 12 ( RS Elements: 153, Using 100 )
 -- Refining Family R=23 / 13 ( RS Elements: 99, Using 99 )
 -- Refining Family R=19 / 14 ( RS Elements: 58, Using 58 )
 -- Refining Family R=16 / 15 ( RS Elements: 56, Using 56 )
 -- Refining Family R=14 / 16 ( RS Elements: 49, Using 49 )
 -- Refining Family R=31 / 17 ( RS Elements: 37, Using 37 )
 -- Refining Family R=33 / 18 ( RS Elements: 35, Using 35 )
 -- Refining Family R=20 / 19 ( RS Elements: 35, Using 35 )
 -- Refining Family R=60 / 20 ( RS Elements: 34, Using 34 )
 -- Refining Family R=10 / 21 ( RS Elements: 34, Using 34 )
 -- Refining Family R=3 / 22 ( RS Elements: 34, Using 34 )
 -- Refining Family R=4 / 23 ( RS Elements: 32, Using 32 )
 -- Refining Family R=13 / 24 ( RS Elements: 30, Using 30 )
 -- Refining Family R=52 / 25 ( RS Elements: 30, Using 30 )
 -- Refining Family R=18 / 26 ( RS Elements: 28, Using 28 )
 -- Refining Family R=5 / 27 ( RS Elements: 27, Using 27 )
 -- Refining Family R=12 / 28 ( RS Elements: 27, Using 27 )
 -- Refining Family R=21 / 29 ( RS Elements: 26, Using 26 )
 -- Refining Family R=7 / 30 ( RS Elements: 26, Using 26 )
 -- Refining Family R=27 / 31 ( RS Elements: 26, Using 26 )
 -- Refining Family R=38 / 32 ( RS Elements: 25, Using 25 )
 -- Refining Family R=8 / 33 ( RS Elements: 23, Using 23 )
 -- Refining Family R=28 / 34 ( RS Elements: 23, Using 23 )
 -- Refining Family R=37 / 35 ( RS Elements: 21, Using 21 )
 -- Refining Family R=9 / 36 ( RS Elements: 21, Using 21 )
 -- Refining Family R=61 / 37 ( RS Elements: 21, Using 21 )
 -- Refining Family R=36 / 38 ( RS Elements: 20, Using 20 )
 -- Refining Family R=22 / 39 ( RS Elements: 20, Using 20 )
 -- Refining Family R=42 / 40 ( RS Elements: 19, Using 19 )
 -- Refining Family R=54 / 41 ( RS Elements: 17, Using 17 )
 -- Refining Family R=53 / 42 ( RS Elements: 17, Using 17 )
 -- Refining Family R=41 / 43 ( RS Elements: 17, Using 17 )
 -- Refining Family R=32 / 44 ( RS Elements: 16, Using 16 )
 -- Refining Family R=51 / 45 ( RS Elements: 16, Using 16 )
 -- Refining Family R=71 / 46 ( RS Elements: 16, Using 16 )
 -- Refining Family R=26 / 47 ( RS Elements: 16, Using 16 )
Family Refinement: 01:29:31 (hh:mm:ss) Elapsed Time


RepeatModeler Round # 2
========================
Searching for Repeats
 -- Sampling from the database...
   - Gathering up to 3000000 bp
   - Sequence extraction : 00:00:01 (hh:mm:ss) Elapsed Time
 -- Running TRFMask on the sequence...
       30 Tandem Repeats Masked
   - TRFMask time 00:00:05 (hh:mm:ss) Elapsed Time
 -- Masking repeats from the previous rounds...
  - Masking 1 - 5 of 77
  - Masking 16 - 30 of 77
  - Masking 41 - 65 of 77
  - Masking 76 - 77 of 77
   - TE Masking time 00:00:09 (hh:mm:ss) Elapsed Time
 -- Sample Stats:
       Sample Size 3050464 bp
       Num Contigs Represented = 19
       Non ambiguous bp:
             Initial: 3031313 bp
             After Masking: 2994981 bp
             Masked: 1.20 % 
 -- Input Database Coverage: 3050464 bp out of 39509734 bp ( 7.72 % )
Sampling Time: 00:00:15 (hh:mm:ss) Elapsed Time
Running all-by-other comparisons...
        2% completed,  00:5:04 (hh:mm:ss) est. time remaining.
        5% completed,  00:2:45 (hh:mm:ss) est. time remaining.
        7% completed,  00:3:00 (hh:mm:ss) est. time remaining.
       10% completed,  00:2:21 (hh:mm:ss) est. time remaining.
       12% completed,  00:2:38 (hh:mm:ss) est. time remaining.
       15% completed,  00:2:15 (hh:mm:ss) est. time remaining.
       17% completed,  00:2:26 (hh:mm:ss) est. time remaining.
       19% completed,  00:2:13 (hh:mm:ss) est. time remaining.
       22% completed,  00:2:17 (hh:mm:ss) est. time remaining.
       24% completed,  00:2:06 (hh:mm:ss) est. time remaining.
       26% completed,  00:2:09 (hh:mm:ss) est. time remaining.
       28% completed,  00:1:58 (hh:mm:ss) est. time remaining.
       31% completed,  00:1:57 (hh:mm:ss) est. time remaining.
       33% completed,  00:1:50 (hh:mm:ss) est. time remaining.
       35% completed,  00:1:49 (hh:mm:ss) est. time remaining.
       37% completed,  00:1:41 (hh:mm:ss) est. time remaining.
       39% completed,  00:1:41 (hh:mm:ss) est. time remaining.
       41% completed,  00:1:35 (hh:mm:ss) est. time remaining.
       43% completed,  00:1:34 (hh:mm:ss) est. time remaining.
       45% completed,  00:1:28 (hh:mm:ss) est. time remaining.
       47% completed,  00:1:27 (hh:mm:ss) est. time remaining.
       49% completed,  00:1:23 (hh:mm:ss) est. time remaining.
       51% completed,  00:1:20 (hh:mm:ss) est. time remaining.
       52% completed,  00:1:17 (hh:mm:ss) est. time remaining.
       54% completed,  00:1:15 (hh:mm:ss) est. time remaining.
       56% completed,  00:1:11 (hh:mm:ss) est. time remaining.
       58% completed,  00:1:08 (hh:mm:ss) est. time remaining.
       59% completed,  00:1:05 (hh:mm:ss) est. time remaining.
       61% completed,  00:1:03 (hh:mm:ss) est. time remaining.
       63% completed,  00:1:00 (hh:mm:ss) est. time remaining.
       64% completed,  00:0:58 (hh:mm:ss) est. time remaining.
       66% completed,  00:0:55 (hh:mm:ss) est. time remaining.
       67% completed,  00:0:53 (hh:mm:ss) est. time remaining.
       69% completed,  00:0:50 (hh:mm:ss) est. time remaining.
       70% completed,  00:0:48 (hh:mm:ss) est. time remaining.
       71% completed,  00:0:46 (hh:mm:ss) est. time remaining.
       73% completed,  00:0:44 (hh:mm:ss) est. time remaining.
       74% completed,  00:0:42 (hh:mm:ss) est. time remaining.
       75% completed,  00:0:39 (hh:mm:ss) est. time remaining.
       77% completed,  00:0:37 (hh:mm:ss) est. time remaining.
       78% completed,  00:0:35 (hh:mm:ss) est. time remaining.
       79% completed,  00:0:33 (hh:mm:ss) est. time remaining.
       80% completed,  00:0:32 (hh:mm:ss) est. time remaining.
       81% completed,  00:0:30 (hh:mm:ss) est. time remaining.
       83% completed,  00:0:28 (hh:mm:ss) est. time remaining.
       84% completed,  00:0:26 (hh:mm:ss) est. time remaining.
       85% completed,  00:0:24 (hh:mm:ss) est. time remaining.
       86% completed,  00:0:23 (hh:mm:ss) est. time remaining.
       87% completed,  00:0:21 (hh:mm:ss) est. time remaining.
       88% completed,  00:0:20 (hh:mm:ss) est. time remaining.
       88% completed,  00:0:18 (hh:mm:ss) est. time remaining.
       89% completed,  00:0:17 (hh:mm:ss) est. time remaining.
       90% completed,  00:0:15 (hh:mm:ss) est. time remaining.
       91% completed,  00:0:14 (hh:mm:ss) est. time remaining.
       92% completed,  00:0:13 (hh:mm:ss) est. time remaining.
       92% completed,  00:0:12 (hh:mm:ss) est. time remaining.
       93% completed,  00:0:11 (hh:mm:ss) est. time remaining.
       94% completed,  00:0:09 (hh:mm:ss) est. time remaining.
       94% completed,  00:0:08 (hh:mm:ss) est. time remaining.
       95% completed,  00:0:07 (hh:mm:ss) est. time remaining.
       95% completed,  00:0:06 (hh:mm:ss) est. time remaining.
       96% completed,  00:0:06 (hh:mm:ss) est. time remaining.
       96% completed,  00:0:05 (hh:mm:ss) est. time remaining.
       97% completed,  00:0:04 (hh:mm:ss) est. time remaining.
       97% completed,  00:0:03 (hh:mm:ss) est. time remaining.
       98% completed,  00:0:03 (hh:mm:ss) est. time remaining.
       98% completed,  00:0:02 (hh:mm:ss) est. time remaining.
       98% completed,  00:0:02 (hh:mm:ss) est. time remaining.
       99% completed,  00:0:01 (hh:mm:ss) est. time remaining.
       99% completed,  00:0:01 (hh:mm:ss) est. time remaining.
       99% completed,  00:0:00 (hh:mm:ss) est. time remaining.
       99% completed,  00:0:00 (hh:mm:ss) est. time remaining.
       99% completed,  00:0:00 (hh:mm:ss) est. time remaining.
       99% completed,  00:0:00 (hh:mm:ss) est. time remaining.
       99% completed,  00:0:00 (hh:mm:ss) est. time remaining.
      100% completed,  00:0:00 (hh:mm:ss) est. time remaining.
Comparison Time: 00:02:54 (hh:mm:ss) Elapsed Time, 200 HSPs Collected
  - RECON: Running imagespread..
RECON Elapsed: 00:00:00 (hh:mm:ss) Elapsed Time
  - RECON: Running initial definition of elements ( eledef )..
RECON Elapsed: 00:00:01 (hh:mm:ss) Elapsed Time
  - RECON: Running re-definition of elements ( eleredef )..
RECON Elapsed: 00:00:01 (hh:mm:ss) Elapsed Time
  - RECON: Running re-definition of edges ( edgeredef )..
RECON Elapsed: 00:00:02 (hh:mm:ss) Elapsed Time
  - RECON: Running family definition ( famdef )..
RECON Elapsed: 00:00:00 (hh:mm:ss) Elapsed Time
  - Obtaining element sequences
Number of families returned by RECON: 84
Processing families with greater than 15 elements

Processing RECON family: 5
  - Saving 22 elements
  - Refining family-5 model...
Family Refinement: 00:00:06 (hh:mm:ss) Elapsed Time
Round Time: 00:03:21 (hh:mm:ss) Elapsed Time


RepeatModeler Round # 3
========================
Searching for Repeats
 -- Sampling from the database...
   - Gathering up to 9000000 bp
   - Sequence extraction : 00:00:02 (hh:mm:ss) Elapsed Time
 -- Running TRFMask on the sequence...
       94 Tandem Repeats Masked
   - TRFMask time 00:00:14 (hh:mm:ss) Elapsed Time
 -- Masking repeats from the previous rounds...
  - Masking 1 - 5 of 227
  - Masking 16 - 30 of 227
  - Masking 41 - 65 of 227
  - Masking 76 - 110 of 227
  - Masking 121 - 165 of 227
  - Masking 176 - 227 of 227
   - TE Masking time 00:00:33 (hh:mm:ss) Elapsed Time
 -- Sample Stats:
       Sample Size 9087499 bp
       Num Contigs Represented = 22
       Non ambiguous bp:
             Initial: 9007769 bp
             After Masking: 8832948 bp
             Masked: 1.94 % 
 -- Input Database Coverage: 12137963 bp out of 39509734 bp ( 30.72 % )
Sampling Time: 00:00:51 (hh:mm:ss) Elapsed Time
Running all-by-other comparisons...
        0% completed,  00:45:00 (hh:mm:ss) est. time remaining.
        1% completed,  00:22:21 (hh:mm:ss) est. time remaining.
        2% completed,  00:30:50 (hh:mm:ss) est. time remaining.
        3% completed,  00:22:58 (hh:mm:ss) est. time remaining.
        4% completed,  00:23:43 (hh:mm:ss) est. time remaining.
        5% completed,  00:21:45 (hh:mm:ss) est. time remaining.
        6% completed,  00:22:53 (hh:mm:ss) est. time remaining.
        6% completed,  00:21:40 (hh:mm:ss) est. time remaining.
        7% completed,  00:22:17 (hh:mm:ss) est. time remaining.
        8% completed,  00:20:59 (hh:mm:ss) est. time remaining.
        9% completed,  00:21:48 (hh:mm:ss) est. time remaining.
       10% completed,  00:20:34 (hh:mm:ss) est. time remaining.
       11% completed,  00:21:07 (hh:mm:ss) est. time remaining.
       11% completed,  00:20:04 (hh:mm:ss) est. time remaining.
       12% completed,  00:20:25 (hh:mm:ss) est. time remaining.
       13% completed,  00:19:45 (hh:mm:ss) est. time remaining.
       14% completed,  00:20:07 (hh:mm:ss) est. time remaining.
       15% completed,  00:19:25 (hh:mm:ss) est. time remaining.
       16% completed,  00:19:34 (hh:mm:ss) est. time remaining.
       16% completed,  00:19:02 (hh:mm:ss) est. time remaining.
       17% completed,  00:19:00 (hh:mm:ss) est. time remaining.
       18% completed,  00:18:49 (hh:mm:ss) est. time remaining.
       19% completed,  00:18:37 (hh:mm:ss) est. time remaining.
       20% completed,  00:18:23 (hh:mm:ss) est. time remaining.
       20% completed,  00:18:16 (hh:mm:ss) est. time remaining.
       21% completed,  00:18:02 (hh:mm:ss) est. time remaining.
       22% completed,  00:17:38 (hh:mm:ss) est. time remaining.
       23% completed,  00:17:32 (hh:mm:ss) est. time remaining.
       23% completed,  00:17:26 (hh:mm:ss) est. time remaining.
       24% completed,  00:17:17 (hh:mm:ss) est. time remaining.
       25% completed,  00:17:05 (hh:mm:ss) est. time remaining.
       26% completed,  00:16:59 (hh:mm:ss) est. time remaining.
       27% completed,  00:16:44 (hh:mm:ss) est. time remaining.
       27% completed,  00:16:41 (hh:mm:ss) est. time remaining.
       28% completed,  00:16:32 (hh:mm:ss) est. time remaining.
       29% completed,  00:16:14 (hh:mm:ss) est. time remaining.
       30% completed,  00:16:15 (hh:mm:ss) est. time remaining.
       30% completed,  00:15:55 (hh:mm:ss) est. time remaining.
       31% completed,  00:15:55 (hh:mm:ss) est. time remaining.
       32% completed,  00:15:32 (hh:mm:ss) est. time remaining.
       32% completed,  00:15:37 (hh:mm:ss) est. time remaining.
       33% completed,  00:15:11 (hh:mm:ss) est. time remaining.
       34% completed,  00:15:09 (hh:mm:ss) est. time remaining.
       35% completed,  00:14:50 (hh:mm:ss) est. time remaining.
       35% completed,  00:14:48 (hh:mm:ss) est. time remaining.
       36% completed,  00:14:31 (hh:mm:ss) est. time remaining.
       37% completed,  00:14:29 (hh:mm:ss) est. time remaining.
       37% completed,  00:14:08 (hh:mm:ss) est. time remaining.
       38% completed,  00:14:08 (hh:mm:ss) est. time remaining.
       39% completed,  00:13:48 (hh:mm:ss) est. time remaining.
       39% completed,  00:13:38 (hh:mm:ss) est. time remaining.
       40% completed,  00:13:29 (hh:mm:ss) est. time remaining.
       41% completed,  00:13:19 (hh:mm:ss) est. time remaining.
       41% completed,  00:13:08 (hh:mm:ss) est. time remaining.
       42% completed,  00:12:59 (hh:mm:ss) est. time remaining.
       43% completed,  00:12:50 (hh:mm:ss) est. time remaining.
       43% completed,  00:12:41 (hh:mm:ss) est. time remaining.
       44% completed,  00:12:31 (hh:mm:ss) est. time remaining.
       45% completed,  00:12:23 (hh:mm:ss) est. time remaining.
       45% completed,  00:12:13 (hh:mm:ss) est. time remaining.
       46% completed,  00:12:03 (hh:mm:ss) est. time remaining.
       47% completed,  00:11:55 (hh:mm:ss) est. time remaining.
       47% completed,  00:11:45 (hh:mm:ss) est. time remaining.
       48% completed,  00:11:38 (hh:mm:ss) est. time remaining.
       49% completed,  00:11:20 (hh:mm:ss) est. time remaining.
       49% completed,  00:11:20 (hh:mm:ss) est. time remaining.
       50% completed,  00:11:03 (hh:mm:ss) est. time remaining.
       51% completed,  00:11:06 (hh:mm:ss) est. time remaining.
       51% completed,  00:10:50 (hh:mm:ss) est. time remaining.
       52% completed,  00:10:47 (hh:mm:ss) est. time remaining.
       52% completed,  00:10:32 (hh:mm:ss) est. time remaining.
       53% completed,  00:10:32 (hh:mm:ss) est. time remaining.
       54% completed,  00:10:22 (hh:mm:ss) est. time remaining.
       54% completed,  00:10:12 (hh:mm:ss) est. time remaining.
       55% completed,  00:10:04 (hh:mm:ss) est. time remaining.
       55% completed,  00:9:55 (hh:mm:ss) est. time remaining.
       56% completed,  00:9:46 (hh:mm:ss) est. time remaining.
       57% completed,  00:9:39 (hh:mm:ss) est. time remaining.
       57% completed,  00:9:32 (hh:mm:ss) est. time remaining.
       58% completed,  00:9:23 (hh:mm:ss) est. time remaining.
       58% completed,  00:9:17 (hh:mm:ss) est. time remaining.
       59% completed,  00:9:08 (hh:mm:ss) est. time remaining.
       59% completed,  00:9:01 (hh:mm:ss) est. time remaining.
       60% completed,  00:8:53 (hh:mm:ss) est. time remaining.
       60% completed,  00:8:46 (hh:mm:ss) est. time remaining.
       61% completed,  00:8:39 (hh:mm:ss) est. time remaining.
       62% completed,  00:8:32 (hh:mm:ss) est. time remaining.
       62% completed,  00:8:25 (hh:mm:ss) est. time remaining.
       63% completed,  00:8:17 (hh:mm:ss) est. time remaining.
       63% completed,  00:8:11 (hh:mm:ss) est. time remaining.
       64% completed,  00:8:03 (hh:mm:ss) est. time remaining.
       64% completed,  00:7:58 (hh:mm:ss) est. time remaining.
       65% completed,  00:7:48 (hh:mm:ss) est. time remaining.
       65% completed,  00:7:45 (hh:mm:ss) est. time remaining.
       66% completed,  00:7:36 (hh:mm:ss) est. time remaining.
       66% completed,  00:7:31 (hh:mm:ss) est. time remaining.
       67% completed,  00:7:22 (hh:mm:ss) est. time remaining.
       67% completed,  00:7:18 (hh:mm:ss) est. time remaining.
       68% completed,  00:7:09 (hh:mm:ss) est. time remaining.
       68% completed,  00:7:04 (hh:mm:ss) est. time remaining.
       69% completed,  00:6:55 (hh:mm:ss) est. time remaining.
       69% completed,  00:6:51 (hh:mm:ss) est. time remaining.
       70% completed,  00:6:45 (hh:mm:ss) est. time remaining.
       70% completed,  00:6:37 (hh:mm:ss) est. time remaining.
       71% completed,  00:6:33 (hh:mm:ss) est. time remaining.
       71% completed,  00:6:24 (hh:mm:ss) est. time remaining.
       72% completed,  00:6:20 (hh:mm:ss) est. time remaining.
       72% completed,  00:6:12 (hh:mm:ss) est. time remaining.
       73% completed,  00:6:07 (hh:mm:ss) est. time remaining.
       73% completed,  00:5:59 (hh:mm:ss) est. time remaining.
       73% completed,  00:5:55 (hh:mm:ss) est. time remaining.
       74% completed,  00:5:47 (hh:mm:ss) est. time remaining.
       74% completed,  00:5:43 (hh:mm:ss) est. time remaining.
       75% completed,  00:5:35 (hh:mm:ss) est. time remaining.
       75% completed,  00:5:31 (hh:mm:ss) est. time remaining.
       76% completed,  00:5:23 (hh:mm:ss) est. time remaining.
       76% completed,  00:5:19 (hh:mm:ss) est. time remaining.
       77% completed,  00:5:11 (hh:mm:ss) est. time remaining.
       77% completed,  00:5:07 (hh:mm:ss) est. time remaining.
       77% completed,  00:5:00 (hh:mm:ss) est. time remaining.
       78% completed,  00:4:56 (hh:mm:ss) est. time remaining.
       78% completed,  00:4:49 (hh:mm:ss) est. time remaining.
       79% completed,  00:4:45 (hh:mm:ss) est. time remaining.
       79% completed,  00:4:38 (hh:mm:ss) est. time remaining.
       79% completed,  00:4:34 (hh:mm:ss) est. time remaining.
       80% completed,  00:4:28 (hh:mm:ss) est. time remaining.
       80% completed,  00:4:24 (hh:mm:ss) est. time remaining.
       81% completed,  00:4:17 (hh:mm:ss) est. time remaining.
       81% completed,  00:4:13 (hh:mm:ss) est. time remaining.
       81% completed,  00:4:07 (hh:mm:ss) est. time remaining.
       82% completed,  00:4:03 (hh:mm:ss) est. time remaining.
       82% completed,  00:3:57 (hh:mm:ss) est. time remaining.
       82% completed,  00:3:53 (hh:mm:ss) est. time remaining.
       83% completed,  00:3:47 (hh:mm:ss) est. time remaining.
       83% completed,  00:3:43 (hh:mm:ss) est. time remaining.
       84% completed,  00:3:37 (hh:mm:ss) est. time remaining.
       84% completed,  00:3:33 (hh:mm:ss) est. time remaining.
       84% completed,  00:3:28 (hh:mm:ss) est. time remaining.
       85% completed,  00:3:24 (hh:mm:ss) est. time remaining.
       85% completed,  00:3:19 (hh:mm:ss) est. time remaining.
       85% completed,  00:3:14 (hh:mm:ss) est. time remaining.
       86% completed,  00:3:09 (hh:mm:ss) est. time remaining.
       86% completed,  00:3:05 (hh:mm:ss) est. time remaining.
       86% completed,  00:3:01 (hh:mm:ss) est. time remaining.
       87% completed,  00:2:56 (hh:mm:ss) est. time remaining.
       87% completed,  00:2:52 (hh:mm:ss) est. time remaining.
       87% completed,  00:2:48 (hh:mm:ss) est. time remaining.
       87% completed,  00:2:43 (hh:mm:ss) est. time remaining.
       88% completed,  00:2:39 (hh:mm:ss) est. time remaining.
       88% completed,  00:2:35 (hh:mm:ss) est. time remaining.
       88% completed,  00:2:31 (hh:mm:ss) est. time remaining.
       89% completed,  00:2:27 (hh:mm:ss) est. time remaining.
       89% completed,  00:2:23 (hh:mm:ss) est. time remaining.
       89% completed,  00:2:19 (hh:mm:ss) est. time remaining.
       90% completed,  00:2:16 (hh:mm:ss) est. time remaining.
       90% completed,  00:2:12 (hh:mm:ss) est. time remaining.
       90% completed,  00:2:08 (hh:mm:ss) est. time remaining.
       90% completed,  00:2:05 (hh:mm:ss) est. time remaining.
       91% completed,  00:2:01 (hh:mm:ss) est. time remaining.
       91% completed,  00:1:57 (hh:mm:ss) est. time remaining.
       91% completed,  00:1:54 (hh:mm:ss) est. time remaining.
       91% completed,  00:1:50 (hh:mm:ss) est. time remaining.
       92% completed,  00:1:47 (hh:mm:ss) est. time remaining.
       92% completed,  00:1:44 (hh:mm:ss) est. time remaining.
       92% completed,  00:1:40 (hh:mm:ss) est. time remaining.
       92% completed,  00:1:37 (hh:mm:ss) est. time remaining.
       93% completed,  00:1:34 (hh:mm:ss) est. time remaining.
       93% completed,  00:1:31 (hh:mm:ss) est. time remaining.
       93% completed,  00:1:28 (hh:mm:ss) est. time remaining.
       93% completed,  00:1:25 (hh:mm:ss) est. time remaining.
       93% completed,  00:1:22 (hh:mm:ss) est. time remaining.
       94% completed,  00:1:19 (hh:mm:ss) est. time remaining.
       94% completed,  00:1:16 (hh:mm:ss) est. time remaining.
       94% completed,  00:1:13 (hh:mm:ss) est. time remaining.
       94% completed,  00:1:10 (hh:mm:ss) est. time remaining.
       95% completed,  00:1:07 (hh:mm:ss) est. time remaining.
       95% completed,  00:1:05 (hh:mm:ss) est. time remaining.
       95% completed,  00:1:02 (hh:mm:ss) est. time remaining.
       95% completed,  00:1:00 (hh:mm:ss) est. time remaining.
       95% completed,  00:0:57 (hh:mm:ss) est. time remaining.
       95% completed,  00:0:55 (hh:mm:ss) est. time remaining.
       96% completed,  00:0:52 (hh:mm:ss) est. time remaining.
       96% completed,  00:0:50 (hh:mm:ss) est. time remaining.
       96% completed,  00:0:48 (hh:mm:ss) est. time remaining.
       96% completed,  00:0:46 (hh:mm:ss) est. time remaining.
       96% completed,  00:0:43 (hh:mm:ss) est. time remaining.
       96% completed,  00:0:41 (hh:mm:ss) est. time remaining.
       97% completed,  00:0:39 (hh:mm:ss) est. time remaining.
       97% completed,  00:0:37 (hh:mm:ss) est. time remaining.
       97% completed,  00:0:35 (hh:mm:ss) est. time remaining.
       97% completed,  00:0:33 (hh:mm:ss) est. time remaining.
       97% completed,  00:0:31 (hh:mm:ss) est. time remaining.
       97% completed,  00:0:30 (hh:mm:ss) est. time remaining.
       97% completed,  00:0:28 (hh:mm:ss) est. time remaining.
       98% completed,  00:0:26 (hh:mm:ss) est. time remaining.
       98% completed,  00:0:24 (hh:mm:ss) est. time remaining.
       98% completed,  00:0:23 (hh:mm:ss) est. time remaining.
       98% completed,  00:0:21 (hh:mm:ss) est. time remaining.
       98% completed,  00:0:20 (hh:mm:ss) est. time remaining.
       98% completed,  00:0:18 (hh:mm:ss) est. time remaining.
       98% completed,  00:0:17 (hh:mm:ss) est. time remaining.
       98% completed,  00:0:16 (hh:mm:ss) est. time remaining.
       98% completed,  00:0:14 (hh:mm:ss) est. time remaining.
       99% completed,  00:0:13 (hh:mm:ss) est. time remaining.
       99% completed,  00:0:12 (hh:mm:ss) est. time remaining.
       99% completed,  00:0:11 (hh:mm:ss) est. time remaining.
       99% completed,  00:0:10 (hh:mm:ss) est. time remaining.
       99% completed,  00:0:09 (hh:mm:ss) est. time remaining.
       99% completed,  00:0:08 (hh:mm:ss) est. time remaining.
       99% completed,  00:0:07 (hh:mm:ss) est. time remaining.
       99% completed,  00:0:06 (hh:mm:ss) est. time remaining.
       99% completed,  00:0:05 (hh:mm:ss) est. time remaining.
       99% completed,  00:0:04 (hh:mm:ss) est. time remaining.
       99% completed,  00:0:04 (hh:mm:ss) est. time remaining.
       99% completed,  00:0:03 (hh:mm:ss) est. time remaining.
       99% completed,  00:0:02 (hh:mm:ss) est. time remaining.
       99% completed,  00:0:02 (hh:mm:ss) est. time remaining.
       99% completed,  00:0:01 (hh:mm:ss) est. time remaining.
       99% completed,  00:0:01 (hh:mm:ss) est. time remaining.
       99% completed,  00:0:01 (hh:mm:ss) est. time remaining.
       99% completed,  00:0:00 (hh:mm:ss) est. time remaining.
       99% completed,  00:0:00 (hh:mm:ss) est. time remaining.
       99% completed,  00:0:00 (hh:mm:ss) est. time remaining.
       99% completed,  00:0:00 (hh:mm:ss) est. time remaining.
       99% completed,  00:0:00 (hh:mm:ss) est. time remaining.
      100% completed,  00:0:00 (hh:mm:ss) est. time remaining.
Comparison Time: 00:23:02 (hh:mm:ss) Elapsed Time, 1068 HSPs Collected
  - RECON: Running imagespread..
RECON Elapsed: 00:00:00 (hh:mm:ss) Elapsed Time
  - RECON: Running initial definition of elements ( eledef )..
RECON Elapsed: 00:00:04 (hh:mm:ss) Elapsed Time
  - RECON: Running re-definition of elements ( eleredef )..
RECON Elapsed: 00:00:05 (hh:mm:ss) Elapsed Time
  - RECON: Running re-definition of edges ( edgeredef )..
RECON Elapsed: 00:00:08 (hh:mm:ss) Elapsed Time
  - RECON: Running family definition ( famdef )..
RECON Elapsed: 00:00:00 (hh:mm:ss) Elapsed Time
  - Obtaining element sequences
Number of families returned by RECON: 360
Processing families with greater than 15 elements

Processing RECON family: 39
  - Saving 37 elements
  - Refining family-39 model...

Processing RECON family: 13
  - Saving 18 elements
  - Refining family-13 model...
Family Refinement: 00:00:10 (hh:mm:ss) Elapsed Time
Round Time: 00:24:26 (hh:mm:ss) Elapsed Time


RepeatModeler Round # 4
========================
Searching for Repeats
 -- Sampling from the database...
   - Gathering up to 27000000 bp
   - Sequence extraction : 00:00:06 (hh:mm:ss) Elapsed Time
 -- Running TRFMask on the sequence...
       341 Tandem Repeats Masked
   - TRFMask time 00:00:46 (hh:mm:ss) Elapsed Time
 -- Masking repeats from the previous rounds...
  - Masking 1 - 5 of 693
  - Masking 16 - 30 of 693
  - Masking 41 - 65 of 693
  - Masking 76 - 110 of 693
  - Masking 121 - 165 of 693
  - Masking 176 - 230 of 693
  - Masking 241 - 305 of 693
  - Masking 316 - 390 of 693
  - Masking 401 - 485 of 693
  - Masking 496 - 590 of 693
  - Masking 596 - 693 of 693
   - TE Masking time 00:01:44 (hh:mm:ss) Elapsed Time
 -- Sample Stats:
       Sample Size 27251390 bp
       Num Contigs Represented = 22
       Non ambiguous bp:
             Initial: 27010484 bp
             After Masking: 26208085 bp
             Masked: 2.97 % 
 -- Input Database Coverage: 39389353 bp out of 39509734 bp ( 99.70 % )
Sampling Time: 00:02:40 (hh:mm:ss) Elapsed Time
Running all-by-other comparisons...
        0% completed,  06:49:26 (hh:mm:ss) est. time remaining.
        0% completed,  03:26:51 (hh:mm:ss) est. time remaining.
        0% completed,  04:29:28 (hh:mm:ss) est. time remaining.
        1% completed,  03:21:39 (hh:mm:ss) est. time remaining.
        1% completed,  04:4:19 (hh:mm:ss) est. time remaining.
        1% completed,  03:26:00 (hh:mm:ss) est. time remaining.
        2% completed,  03:48:09 (hh:mm:ss) est. time remaining.
        2% completed,  03:23:26 (hh:mm:ss) est. time remaining.
        2% completed,  03:38:10 (hh:mm:ss) est. time remaining.
        2% completed,  03:22:07 (hh:mm:ss) est. time remaining.
        3% completed,  03:35:06 (hh:mm:ss) est. time remaining.
        3% completed,  03:21:53 (hh:mm:ss) est. time remaining.
        3% completed,  03:31:24 (hh:mm:ss) est. time remaining.
        4% completed,  03:19:52 (hh:mm:ss) est. time remaining.
        4% completed,  03:28:28 (hh:mm:ss) est. time remaining.
        4% completed,  03:18:50 (hh:mm:ss) est. time remaining.
        4% completed,  03:24:42 (hh:mm:ss) est. time remaining.
        5% completed,  03:13:12 (hh:mm:ss) est. time remaining.
        5% completed,  03:22:44 (hh:mm:ss) est. time remaining.
        5% completed,  03:12:10 (hh:mm:ss) est. time remaining.
        5% completed,  03:20:59 (hh:mm:ss) est. time remaining.
        6% completed,  03:11:24 (hh:mm:ss) est. time remaining.
        6% completed,  03:18:24 (hh:mm:ss) est. time remaining.
        6% completed,  03:9:42 (hh:mm:ss) est. time remaining.
        7% completed,  03:16:47 (hh:mm:ss) est. time remaining.
        7% completed,  03:9:00 (hh:mm:ss) est. time remaining.
        7% completed,  03:14:40 (hh:mm:ss) est. time remaining.
        7% completed,  03:7:40 (hh:mm:ss) est. time remaining.
        8% completed,  03:13:51 (hh:mm:ss) est. time remaining.
        8% completed,  03:7:41 (hh:mm:ss) est. time remaining.
        8% completed,  03:12:10 (hh:mm:ss) est. time remaining.
        9% completed,  03:6:54 (hh:mm:ss) est. time remaining.
        9% completed,  03:10:44 (hh:mm:ss) est. time remaining.
        9% completed,  03:5:29 (hh:mm:ss) est. time remaining.
        9% completed,  03:10:00 (hh:mm:ss) est. time remaining.
       10% completed,  03:6:22 (hh:mm:ss) est. time remaining.
       10% completed,  03:7:13 (hh:mm:ss) est. time remaining.
       10% completed,  03:5:05 (hh:mm:ss) est. time remaining.
       10% completed,  03:6:01 (hh:mm:ss) est. time remaining.
       11% completed,  03:3:43 (hh:mm:ss) est. time remaining.
       11% completed,  03:4:36 (hh:mm:ss) est. time remaining.
       11% completed,  03:2:02 (hh:mm:ss) est. time remaining.
       12% completed,  03:3:29 (hh:mm:ss) est. time remaining.
       12% completed,  03:0:19 (hh:mm:ss) est. time remaining.
       12% completed,  03:2:37 (hh:mm:ss) est. time remaining.
       12% completed,  02:58:34 (hh:mm:ss) est. time remaining.
       13% completed,  03:1:12 (hh:mm:ss) est. time remaining.
       13% completed,  02:57:14 (hh:mm:ss) est. time remaining.
       13% completed,  02:55:32 (hh:mm:ss) est. time remaining.
       13% completed,  02:55:56 (hh:mm:ss) est. time remaining.
       14% completed,  02:53:05 (hh:mm:ss) est. time remaining.
       14% completed,  02:54:29 (hh:mm:ss) est. time remaining.
       14% completed,  02:51:57 (hh:mm:ss) est. time remaining.
       14% completed,  02:53:34 (hh:mm:ss) est. time remaining.
       15% completed,  02:51:18 (hh:mm:ss) est. time remaining.
       15% completed,  02:52:33 (hh:mm:ss) est. time remaining.
       15% completed,  02:50:22 (hh:mm:ss) est. time remaining.
       16% completed,  02:50:26 (hh:mm:ss) est. time remaining.
       16% completed,  02:50:18 (hh:mm:ss) est. time remaining.
       16% completed,  02:48:59 (hh:mm:ss) est. time remaining.
       16% completed,  02:49:16 (hh:mm:ss) est. time remaining.
       17% completed,  02:47:50 (hh:mm:ss) est. time remaining.
       17% completed,  02:48:02 (hh:mm:ss) est. time remaining.
       17% completed,  02:46:57 (hh:mm:ss) est. time remaining.
       17% completed,  02:47:07 (hh:mm:ss) est. time remaining.
       18% completed,  02:45:46 (hh:mm:ss) est. time remaining.
       18% completed,  02:46:04 (hh:mm:ss) est. time remaining.
       18% completed,  02:44:41 (hh:mm:ss) est. time remaining.
       18% completed,  02:44:58 (hh:mm:ss) est. time remaining.
       19% completed,  02:43:41 (hh:mm:ss) est. time remaining.
       19% completed,  02:43:57 (hh:mm:ss) est. time remaining.
       19% completed,  02:42:46 (hh:mm:ss) est. time remaining.
       19% completed,  02:42:57 (hh:mm:ss) est. time remaining.
       20% completed,  02:41:52 (hh:mm:ss) est. time remaining.
       20% completed,  02:42:05 (hh:mm:ss) est. time remaining.
       20% completed,  02:40:54 (hh:mm:ss) est. time remaining.
       21% completed,  02:40:55 (hh:mm:ss) est. time remaining.
       21% completed,  02:40:11 (hh:mm:ss) est. time remaining.
       21% completed,  02:39:50 (hh:mm:ss) est. time remaining.
       21% completed,  02:39:07 (hh:mm:ss) est. time remaining.
       22% completed,  02:39:00 (hh:mm:ss) est. time remaining.
       22% completed,  02:37:57 (hh:mm:ss) est. time remaining.
       22% completed,  02:37:54 (hh:mm:ss) est. time remaining.
       22% completed,  02:37:02 (hh:mm:ss) est. time remaining.
       23% completed,  02:36:51 (hh:mm:ss) est. time remaining.
       23% completed,  02:35:54 (hh:mm:ss) est. time remaining.
       23% completed,  02:35:50 (hh:mm:ss) est. time remaining.
       23% completed,  02:34:57 (hh:mm:ss) est. time remaining.
       24% completed,  02:34:33 (hh:mm:ss) est. time remaining.
       24% completed,  02:34:47 (hh:mm:ss) est. time remaining.
       24% completed,  02:32:57 (hh:mm:ss) est. time remaining.
       24% completed,  02:33:47 (hh:mm:ss) est. time remaining.
       25% completed,  02:31:53 (hh:mm:ss) est. time remaining.
       25% completed,  02:32:33 (hh:mm:ss) est. time remaining.
       25% completed,  02:30:42 (hh:mm:ss) est. time remaining.
       25% completed,  02:31:26 (hh:mm:ss) est. time remaining.
       26% completed,  02:29:52 (hh:mm:ss) est. time remaining.
       26% completed,  02:30:31 (hh:mm:ss) est. time remaining.
       26% completed,  02:28:50 (hh:mm:ss) est. time remaining.
       26% completed,  02:29:15 (hh:mm:ss) est. time remaining.
       27% completed,  02:27:53 (hh:mm:ss) est. time remaining.
       27% completed,  02:28:00 (hh:mm:ss) est. time remaining.
       27% completed,  02:26:40 (hh:mm:ss) est. time remaining.
       27% completed,  02:27:00 (hh:mm:ss) est. time remaining.
       28% completed,  02:25:44 (hh:mm:ss) est. time remaining.
       28% completed,  02:25:55 (hh:mm:ss) est. time remaining.
       28% completed,  02:24:36 (hh:mm:ss) est. time remaining.
       28% completed,  02:24:59 (hh:mm:ss) est. time remaining.
       29% completed,  02:23:46 (hh:mm:ss) est. time remaining.
       29% completed,  02:23:49 (hh:mm:ss) est. time remaining.
       29% completed,  02:23:06 (hh:mm:ss) est. time remaining.
       29% completed,  02:22:35 (hh:mm:ss) est. time remaining.
       29% completed,  02:22:17 (hh:mm:ss) est. time remaining.
       30% completed,  02:21:37 (hh:mm:ss) est. time remaining.
       30% completed,  02:21:20 (hh:mm:ss) est. time remaining.
       30% completed,  02:20:50 (hh:mm:ss) est. time remaining.
       30% completed,  02:20:25 (hh:mm:ss) est. time remaining.
       31% completed,  02:19:57 (hh:mm:ss) est. time remaining.
       31% completed,  02:19:28 (hh:mm:ss) est. time remaining.
       31% completed,  02:18:41 (hh:mm:ss) est. time remaining.
       31% completed,  02:18:20 (hh:mm:ss) est. time remaining.
       32% completed,  02:17:38 (hh:mm:ss) est. time remaining.
       32% completed,  02:17:18 (hh:mm:ss) est. time remaining.
       32% completed,  02:16:37 (hh:mm:ss) est. time remaining.
       32% completed,  02:15:34 (hh:mm:ss) est. time remaining.
       33% completed,  02:15:42 (hh:mm:ss) est. time remaining.
       33% completed,  02:14:40 (hh:mm:ss) est. time remaining.
       33% completed,  02:14:48 (hh:mm:ss) est. time remaining.
       33% completed,  02:13:45 (hh:mm:ss) est. time remaining.
       34% completed,  02:13:50 (hh:mm:ss) est. time remaining.
       34% completed,  02:12:58 (hh:mm:ss) est. time remaining.
       34% completed,  02:12:51 (hh:mm:ss) est. time remaining.
       34% completed,  02:12:05 (hh:mm:ss) est. time remaining.
       34% completed,  02:11:57 (hh:mm:ss) est. time remaining.
       35% completed,  02:10:36 (hh:mm:ss) est. time remaining.
       35% completed,  02:10:06 (hh:mm:ss) est. time remaining.
       35% completed,  02:9:38 (hh:mm:ss) est. time remaining.
       35% completed,  02:8:56 (hh:mm:ss) est. time remaining.
       36% completed,  02:8:41 (hh:mm:ss) est. time remaining.
       36% completed,  02:7:50 (hh:mm:ss) est. time remaining.
       36% completed,  02:6:41 (hh:mm:ss) est. time remaining.
       36% completed,  02:6:52 (hh:mm:ss) est. time remaining.
       37% completed,  02:5:55 (hh:mm:ss) est. time remaining.
       37% completed,  02:6:00 (hh:mm:ss) est. time remaining.
       37% completed,  02:5:03 (hh:mm:ss) est. time remaining.
       37% completed,  02:4:47 (hh:mm:ss) est. time remaining.
       37% completed,  02:3:56 (hh:mm:ss) est. time remaining.
       38% completed,  02:3:43 (hh:mm:ss) est. time remaining.
       38% completed,  02:2:59 (hh:mm:ss) est. time remaining.
       38% completed,  02:2:43 (hh:mm:ss) est. time remaining.
       38% completed,  02:2:00 (hh:mm:ss) est. time remaining.
       39% completed,  02:1:45 (hh:mm:ss) est. time remaining.
       39% completed,  02:1:01 (hh:mm:ss) est. time remaining.
       39% completed,  02:0:59 (hh:mm:ss) est. time remaining.
       39% completed,  02:0:13 (hh:mm:ss) est. time remaining.
       39% completed,  02:0:09 (hh:mm:ss) est. time remaining.
       40% completed,  01:59:08 (hh:mm:ss) est. time remaining.
       40% completed,  01:59:16 (hh:mm:ss) est. time remaining.
       40% completed,  01:58:20 (hh:mm:ss) est. time remaining.
       40% completed,  01:58:26 (hh:mm:ss) est. time remaining.
       41% completed,  01:57:31 (hh:mm:ss) est. time remaining.
       41% completed,  01:57:35 (hh:mm:ss) est. time remaining.
       41% completed,  01:56:42 (hh:mm:ss) est. time remaining.
       41% completed,  01:56:40 (hh:mm:ss) est. time remaining.
       41% completed,  01:55:50 (hh:mm:ss) est. time remaining.
       42% completed,  01:55:43 (hh:mm:ss) est. time remaining.
       42% completed,  01:54:56 (hh:mm:ss) est. time remaining.
       42% completed,  01:54:51 (hh:mm:ss) est. time remaining.
       42% completed,  01:54:01 (hh:mm:ss) est. time remaining.
       43% completed,  01:54:00 (hh:mm:ss) est. time remaining.
       43% completed,  01:53:10 (hh:mm:ss) est. time remaining.
       43% completed,  01:53:10 (hh:mm:ss) est. time remaining.
       43% completed,  01:52:15 (hh:mm:ss) est. time remaining.
       43% completed,  01:51:20 (hh:mm:ss) est. time remaining.
       44% completed,  01:51:27 (hh:mm:ss) est. time remaining.
       44% completed,  01:50:32 (hh:mm:ss) est. time remaining.
       44% completed,  01:50:17 (hh:mm:ss) est. time remaining.
       44% completed,  01:49:35 (hh:mm:ss) est. time remaining.
       45% completed,  01:49:29 (hh:mm:ss) est. time remaining.
       45% completed,  01:48:47 (hh:mm:ss) est. time remaining.
       45% completed,  01:48:36 (hh:mm:ss) est. time remaining.
       45% completed,  01:47:54 (hh:mm:ss) est. time remaining.
       45% completed,  01:47:42 (hh:mm:ss) est. time remaining.
       46% completed,  01:47:02 (hh:mm:ss) est. time remaining.
       46% completed,  01:46:49 (hh:mm:ss) est. time remaining.
       46% completed,  01:46:10 (hh:mm:ss) est. time remaining.
       46% completed,  01:45:56 (hh:mm:ss) est. time remaining.
       46% completed,  01:45:22 (hh:mm:ss) est. time remaining.
       47% completed,  01:45:05 (hh:mm:ss) est. time remaining.
       47% completed,  01:44:34 (hh:mm:ss) est. time remaining.
       47% completed,  01:44:15 (hh:mm:ss) est. time remaining.
       47% completed,  01:43:45 (hh:mm:ss) est. time remaining.
       47% completed,  01:43:26 (hh:mm:ss) est. time remaining.
       48% completed,  01:42:40 (hh:mm:ss) est. time remaining.
       48% completed,  01:42:05 (hh:mm:ss) est. time remaining.
       48% completed,  01:41:56 (hh:mm:ss) est. time remaining.
       48% completed,  01:41:20 (hh:mm:ss) est. time remaining.
       49% completed,  01:41:05 (hh:mm:ss) est. time remaining.
       49% completed,  01:40:35 (hh:mm:ss) est. time remaining.
       49% completed,  01:40:16 (hh:mm:ss) est. time remaining.
       49% completed,  01:39:48 (hh:mm:ss) est. time remaining.
       49% completed,  01:39:30 (hh:mm:ss) est. time remaining.
       50% completed,  01:38:43 (hh:mm:ss) est. time remaining.
       50% completed,  01:38:44 (hh:mm:ss) est. time remaining.
       50% completed,  01:37:59 (hh:mm:ss) est. time remaining.
       50% completed,  01:37:57 (hh:mm:ss) est. time remaining.
       50% completed,  01:37:12 (hh:mm:ss) est. time remaining.
       51% completed,  01:37:09 (hh:mm:ss) est. time remaining.
       51% completed,  01:36:24 (hh:mm:ss) est. time remaining.
       51% completed,  01:36:21 (hh:mm:ss) est. time remaining.
       51% completed,  01:35:39 (hh:mm:ss) est. time remaining.
       51% completed,  01:35:37 (hh:mm:ss) est. time remaining.
       52% completed,  01:34:56 (hh:mm:ss) est. time remaining.
       52% completed,  01:34:46 (hh:mm:ss) est. time remaining.
       52% completed,  01:34:05 (hh:mm:ss) est. time remaining.
       52% completed,  01:34:00 (hh:mm:ss) est. time remaining.
       52% completed,  01:33:19 (hh:mm:ss) est. time remaining.
       53% completed,  01:33:14 (hh:mm:ss) est. time remaining.
       53% completed,  01:32:31 (hh:mm:ss) est. time remaining.
       53% completed,  01:31:47 (hh:mm:ss) est. time remaining.
       53% completed,  01:31:46 (hh:mm:ss) est. time remaining.
       53% completed,  01:31:03 (hh:mm:ss) est. time remaining.
       54% completed,  01:30:59 (hh:mm:ss) est. time remaining.
       54% completed,  01:30:16 (hh:mm:ss) est. time remaining.
       54% completed,  01:30:00 (hh:mm:ss) est. time remaining.
       54% completed,  01:29:28 (hh:mm:ss) est. time remaining.
       54% completed,  01:29:13 (hh:mm:ss) est. time remaining.
       55% completed,  01:28:43 (hh:mm:ss) est. time remaining.
       55% completed,  01:28:26 (hh:mm:ss) est. time remaining.
       55% completed,  01:27:59 (hh:mm:ss) est. time remaining.
       55% completed,  01:27:43 (hh:mm:ss) est. time remaining.
       55% completed,  01:27:15 (hh:mm:ss) est. time remaining.
       55% completed,  01:26:59 (hh:mm:ss) est. time remaining.
       56% completed,  01:26:32 (hh:mm:ss) est. time remaining.
       56% completed,  01:26:15 (hh:mm:ss) est. time remaining.
       56% completed,  01:25:47 (hh:mm:ss) est. time remaining.
       56% completed,  01:25:30 (hh:mm:ss) est. time remaining.
       56% completed,  01:25:02 (hh:mm:ss) est. time remaining.
       57% completed,  01:24:43 (hh:mm:ss) est. time remaining.
       57% completed,  01:24:17 (hh:mm:ss) est. time remaining.
       57% completed,  01:23:42 (hh:mm:ss) est. time remaining.
       57% completed,  01:23:34 (hh:mm:ss) est. time remaining.
       57% completed,  01:22:59 (hh:mm:ss) est. time remaining.
       58% completed,  01:22:48 (hh:mm:ss) est. time remaining.
       58% completed,  01:22:10 (hh:mm:ss) est. time remaining.
       58% completed,  01:22:05 (hh:mm:ss) est. time remaining.
       58% completed,  01:21:28 (hh:mm:ss) est. time remaining.
       58% completed,  01:21:21 (hh:mm:ss) est. time remaining.
       58% completed,  01:20:45 (hh:mm:ss) est. time remaining.
       59% completed,  01:20:38 (hh:mm:ss) est. time remaining.
       59% completed,  01:20:04 (hh:mm:ss) est. time remaining.
       59% completed,  01:19:56 (hh:mm:ss) est. time remaining.
       59% completed,  01:19:22 (hh:mm:ss) est. time remaining.
       59% completed,  01:19:13 (hh:mm:ss) est. time remaining.
       60% completed,  01:18:40 (hh:mm:ss) est. time remaining.
       60% completed,  01:18:32 (hh:mm:ss) est. time remaining.
       60% completed,  01:17:59 (hh:mm:ss) est. time remaining.
       60% completed,  01:17:50 (hh:mm:ss) est. time remaining.
       60% completed,  01:17:17 (hh:mm:ss) est. time remaining.
       60% completed,  01:16:56 (hh:mm:ss) est. time remaining.
       61% completed,  01:16:31 (hh:mm:ss) est. time remaining.
       61% completed,  01:16:15 (hh:mm:ss) est. time remaining.
       61% completed,  01:15:51 (hh:mm:ss) est. time remaining.
       61% completed,  01:15:34 (hh:mm:ss) est. time remaining.
       61% completed,  01:15:09 (hh:mm:ss) est. time remaining.
       62% completed,  01:14:49 (hh:mm:ss) est. time remaining.
       62% completed,  01:14:28 (hh:mm:ss) est. time remaining.
       62% completed,  01:14:08 (hh:mm:ss) est. time remaining.
       62% completed,  01:13:45 (hh:mm:ss) est. time remaining.
       62% completed,  01:13:28 (hh:mm:ss) est. time remaining.
       62% completed,  01:13:03 (hh:mm:ss) est. time remaining.
       63% completed,  01:12:45 (hh:mm:ss) est. time remaining.
       63% completed,  01:12:25 (hh:mm:ss) est. time remaining.
       63% completed,  01:11:54 (hh:mm:ss) est. time remaining.
       63% completed,  01:11:43 (hh:mm:ss) est. time remaining.
       63% completed,  01:11:12 (hh:mm:ss) est. time remaining.
       64% completed,  01:11:01 (hh:mm:ss) est. time remaining.
       64% completed,  01:10:32 (hh:mm:ss) est. time remaining.
       64% completed,  01:10:02 (hh:mm:ss) est. time remaining.
       64% completed,  01:9:47 (hh:mm:ss) est. time remaining.
       64% completed,  01:9:22 (hh:mm:ss) est. time remaining.
       64% completed,  01:9:07 (hh:mm:ss) est. time remaining.
       65% completed,  01:8:41 (hh:mm:ss) est. time remaining.
       65% completed,  01:8:28 (hh:mm:ss) est. time remaining.
       65% completed,  01:8:01 (hh:mm:ss) est. time remaining.
       65% completed,  01:7:48 (hh:mm:ss) est. time remaining.
       65% completed,  01:7:22 (hh:mm:ss) est. time remaining.
       65% completed,  01:7:10 (hh:mm:ss) est. time remaining.
       66% completed,  01:6:40 (hh:mm:ss) est. time remaining.
       66% completed,  01:6:28 (hh:mm:ss) est. time remaining.
       66% completed,  01:6:03 (hh:mm:ss) est. time remaining.
       66% completed,  01:5:49 (hh:mm:ss) est. time remaining.
       66% completed,  01:5:21 (hh:mm:ss) est. time remaining.
       66% completed,  01:5:10 (hh:mm:ss) est. time remaining.
       67% completed,  01:4:42 (hh:mm:ss) est. time remaining.
       67% completed,  01:4:30 (hh:mm:ss) est. time remaining.
       67% completed,  01:4:04 (hh:mm:ss) est. time remaining.
       67% completed,  01:3:51 (hh:mm:ss) est. time remaining.
       67% completed,  01:3:26 (hh:mm:ss) est. time remaining.
       67% completed,  01:3:11 (hh:mm:ss) est. time remaining.
       68% completed,  01:2:46 (hh:mm:ss) est. time remaining.
       68% completed,  01:2:32 (hh:mm:ss) est. time remaining.
       68% completed,  01:2:08 (hh:mm:ss) est. time remaining.
       68% completed,  01:1:53 (hh:mm:ss) est. time remaining.
       68% completed,  01:1:29 (hh:mm:ss) est. time remaining.
       68% completed,  01:1:16 (hh:mm:ss) est. time remaining.
       69% completed,  01:0:54 (hh:mm:ss) est. time remaining.
       69% completed,  01:0:39 (hh:mm:ss) est. time remaining.
       69% completed,  01:0:16 (hh:mm:ss) est. time remaining.
       69% completed,  01:0:03 (hh:mm:ss) est. time remaining.
       69% completed,  00:59:39 (hh:mm:ss) est. time remaining.
       69% completed,  00:59:28 (hh:mm:ss) est. time remaining.
       69% completed,  00:59:02 (hh:mm:ss) est. time remaining.
       70% completed,  00:58:51 (hh:mm:ss) est. time remaining.
       70% completed,  00:58:25 (hh:mm:ss) est. time remaining.
       70% completed,  00:58:13 (hh:mm:ss) est. time remaining.
       70% completed,  00:57:48 (hh:mm:ss) est. time remaining.
       70% completed,  00:57:37 (hh:mm:ss) est. time remaining.
       70% completed,  00:57:12 (hh:mm:ss) est. time remaining.
       71% completed,  00:57:00 (hh:mm:ss) est. time remaining.
       71% completed,  00:56:36 (hh:mm:ss) est. time remaining.
       71% completed,  00:56:25 (hh:mm:ss) est. time remaining.
       71% completed,  00:56:01 (hh:mm:ss) est. time remaining.
       71% completed,  00:55:49 (hh:mm:ss) est. time remaining.
       71% completed,  00:55:25 (hh:mm:ss) est. time remaining.
       71% completed,  00:55:14 (hh:mm:ss) est. time remaining.
       72% completed,  00:54:50 (hh:mm:ss) est. time remaining.
       72% completed,  00:54:34 (hh:mm:ss) est. time remaining.
       72% completed,  00:54:15 (hh:mm:ss) est. time remaining.
       72% completed,  00:53:58 (hh:mm:ss) est. time remaining.
       72% completed,  00:53:40 (hh:mm:ss) est. time remaining.
       72% completed,  00:53:24 (hh:mm:ss) est. time remaining.
       73% completed,  00:53:05 (hh:mm:ss) est. time remaining.
       73% completed,  00:52:49 (hh:mm:ss) est. time remaining.
       73% completed,  00:52:30 (hh:mm:ss) est. time remaining.
       73% completed,  00:52:13 (hh:mm:ss) est. time remaining.
       73% completed,  00:51:51 (hh:mm:ss) est. time remaining.
       73% completed,  00:51:30 (hh:mm:ss) est. time remaining.
       73% completed,  00:51:16 (hh:mm:ss) est. time remaining.
       74% completed,  00:50:55 (hh:mm:ss) est. time remaining.
       74% completed,  00:50:42 (hh:mm:ss) est. time remaining.
       74% completed,  00:50:22 (hh:mm:ss) est. time remaining.
       74% completed,  00:50:09 (hh:mm:ss) est. time remaining.
       74% completed,  00:49:48 (hh:mm:ss) est. time remaining.
       74% completed,  00:49:32 (hh:mm:ss) est. time remaining.
       74% completed,  00:49:14 (hh:mm:ss) est. time remaining.
       75% completed,  00:48:58 (hh:mm:ss) est. time remaining.
       75% completed,  00:48:40 (hh:mm:ss) est. time remaining.
       75% completed,  00:48:24 (hh:mm:ss) est. time remaining.
       75% completed,  00:48:06 (hh:mm:ss) est. time remaining.
       75% completed,  00:47:52 (hh:mm:ss) est. time remaining.
       75% completed,  00:47:32 (hh:mm:ss) est. time remaining.
       75% completed,  00:47:18 (hh:mm:ss) est. time remaining.
       76% completed,  00:46:59 (hh:mm:ss) est. time remaining.
       76% completed,  00:46:44 (hh:mm:ss) est. time remaining.
       76% completed,  00:46:26 (hh:mm:ss) est. time remaining.
       76% completed,  00:46:11 (hh:mm:ss) est. time remaining.
       76% completed,  00:45:52 (hh:mm:ss) est. time remaining.
       76% completed,  00:45:38 (hh:mm:ss) est. time remaining.
       76% completed,  00:45:19 (hh:mm:ss) est. time remaining.
       77% completed,  00:44:59 (hh:mm:ss) est. time remaining.
       77% completed,  00:44:43 (hh:mm:ss) est. time remaining.
       77% completed,  00:44:24 (hh:mm:ss) est. time remaining.
       77% completed,  00:44:11 (hh:mm:ss) est. time remaining.
       77% completed,  00:43:51 (hh:mm:ss) est. time remaining.
       77% completed,  00:43:39 (hh:mm:ss) est. time remaining.
       77% completed,  00:43:19 (hh:mm:ss) est. time remaining.
       78% completed,  00:43:07 (hh:mm:ss) est. time remaining.
       78% completed,  00:42:48 (hh:mm:ss) est. time remaining.
       78% completed,  00:42:35 (hh:mm:ss) est. time remaining.
       78% completed,  00:42:17 (hh:mm:ss) est. time remaining.
       78% completed,  00:42:05 (hh:mm:ss) est. time remaining.
       78% completed,  00:41:46 (hh:mm:ss) est. time remaining.
       78% completed,  00:41:34 (hh:mm:ss) est. time remaining.
       78% completed,  00:41:15 (hh:mm:ss) est. time remaining.
       79% completed,  00:41:04 (hh:mm:ss) est. time remaining.
       79% completed,  00:40:45 (hh:mm:ss) est. time remaining.
       79% completed,  00:40:33 (hh:mm:ss) est. time remaining.
       79% completed,  00:40:15 (hh:mm:ss) est. time remaining.
       79% completed,  00:40:02 (hh:mm:ss) est. time remaining.
       79% completed,  00:39:44 (hh:mm:ss) est. time remaining.
       79% completed,  00:39:32 (hh:mm:ss) est. time remaining.
       80% completed,  00:39:13 (hh:mm:ss) est. time remaining.
       80% completed,  00:39:02 (hh:mm:ss) est. time remaining.
       80% completed,  00:38:43 (hh:mm:ss) est. time remaining.
       80% completed,  00:38:32 (hh:mm:ss) est. time remaining.
       80% completed,  00:38:14 (hh:mm:ss) est. time remaining.
       80% completed,  00:38:03 (hh:mm:ss) est. time remaining.
       80% completed,  00:37:44 (hh:mm:ss) est. time remaining.
       80% completed,  00:37:33 (hh:mm:ss) est. time remaining.
       81% completed,  00:37:15 (hh:mm:ss) est. time remaining.
       81% completed,  00:37:04 (hh:mm:ss) est. time remaining.
       81% completed,  00:36:46 (hh:mm:ss) est. time remaining.
       81% completed,  00:36:34 (hh:mm:ss) est. time remaining.
       81% completed,  00:36:17 (hh:mm:ss) est. time remaining.
       81% completed,  00:36:05 (hh:mm:ss) est. time remaining.
       81% completed,  00:35:48 (hh:mm:ss) est. time remaining.
       81% completed,  00:35:36 (hh:mm:ss) est. time remaining.
       82% completed,  00:35:20 (hh:mm:ss) est. time remaining.
       82% completed,  00:35:07 (hh:mm:ss) est. time remaining.
       82% completed,  00:34:52 (hh:mm:ss) est. time remaining.
       82% completed,  00:34:39 (hh:mm:ss) est. time remaining.
       82% completed,  00:34:23 (hh:mm:ss) est. time remaining.
       82% completed,  00:34:10 (hh:mm:ss) est. time remaining.
       82% completed,  00:33:55 (hh:mm:ss) est. time remaining.
       82% completed,  00:33:42 (hh:mm:ss) est. time remaining.
       83% completed,  00:33:26 (hh:mm:ss) est. time remaining.
       83% completed,  00:33:13 (hh:mm:ss) est. time remaining.
       83% completed,  00:32:58 (hh:mm:ss) est. time remaining.
       83% completed,  00:32:46 (hh:mm:ss) est. time remaining.
       83% completed,  00:32:30 (hh:mm:ss) est. time remaining.
       83% completed,  00:32:17 (hh:mm:ss) est. time remaining.
       83% completed,  00:32:01 (hh:mm:ss) est. time remaining.
       83% completed,  00:31:49 (hh:mm:ss) est. time remaining.
       83% completed,  00:31:34 (hh:mm:ss) est. time remaining.
       84% completed,  00:31:22 (hh:mm:ss) est. time remaining.
       84% completed,  00:31:07 (hh:mm:ss) est. time remaining.
       84% completed,  00:30:52 (hh:mm:ss) est. time remaining.
       84% completed,  00:30:38 (hh:mm:ss) est. time remaining.
       84% completed,  00:30:25 (hh:mm:ss) est. time remaining.
       84% completed,  00:30:10 (hh:mm:ss) est. time remaining.
       84% completed,  00:29:58 (hh:mm:ss) est. time remaining.
       84% completed,  00:29:44 (hh:mm:ss) est. time remaining.
       84% completed,  00:29:31 (hh:mm:ss) est. time remaining.
       85% completed,  00:29:18 (hh:mm:ss) est. time remaining.
       85% completed,  00:29:05 (hh:mm:ss) est. time remaining.
       85% completed,  00:28:51 (hh:mm:ss) est. time remaining.
       85% completed,  00:28:39 (hh:mm:ss) est. time remaining.
       85% completed,  00:28:25 (hh:mm:ss) est. time remaining.
       85% completed,  00:28:13 (hh:mm:ss) est. time remaining.
       85% completed,  00:28:00 (hh:mm:ss) est. time remaining.
       85% completed,  00:27:48 (hh:mm:ss) est. time remaining.
       85% completed,  00:27:34 (hh:mm:ss) est. time remaining.
       86% completed,  00:27:22 (hh:mm:ss) est. time remaining.
       86% completed,  00:27:09 (hh:mm:ss) est. time remaining.
       86% completed,  00:26:57 (hh:mm:ss) est. time remaining.
       86% completed,  00:26:43 (hh:mm:ss) est. time remaining.
       86% completed,  00:26:32 (hh:mm:ss) est. time remaining.
       86% completed,  00:26:18 (hh:mm:ss) est. time remaining.
       86% completed,  00:26:07 (hh:mm:ss) est. time remaining.
       86% completed,  00:25:54 (hh:mm:ss) est. time remaining.
       86% completed,  00:25:42 (hh:mm:ss) est. time remaining.
       87% completed,  00:25:29 (hh:mm:ss) est. time remaining.
       87% completed,  00:25:15 (hh:mm:ss) est. time remaining.
       87% completed,  00:25:03 (hh:mm:ss) est. time remaining.
       87% completed,  00:24:51 (hh:mm:ss) est. time remaining.
       87% completed,  00:24:39 (hh:mm:ss) est. time remaining.
       87% completed,  00:24:27 (hh:mm:ss) est. time remaining.
       87% completed,  00:24:14 (hh:mm:ss) est. time remaining.
       87% completed,  00:24:01 (hh:mm:ss) est. time remaining.
       87% completed,  00:23:50 (hh:mm:ss) est. time remaining.
       87% completed,  00:23:37 (hh:mm:ss) est. time remaining.
       88% completed,  00:23:27 (hh:mm:ss) est. time remaining.
       88% completed,  00:23:14 (hh:mm:ss) est. time remaining.
       88% completed,  00:23:03 (hh:mm:ss) est. time remaining.
       88% completed,  00:22:50 (hh:mm:ss) est. time remaining.
       88% completed,  00:22:40 (hh:mm:ss) est. time remaining.
       88% completed,  00:22:27 (hh:mm:ss) est. time remaining.
       88% completed,  00:22:17 (hh:mm:ss) est. time remaining.
       88% completed,  00:22:05 (hh:mm:ss) est. time remaining.
       88% completed,  00:21:54 (hh:mm:ss) est. time remaining.
       88% completed,  00:21:42 (hh:mm:ss) est. time remaining.
       89% completed,  00:21:32 (hh:mm:ss) est. time remaining.
       89% completed,  00:21:19 (hh:mm:ss) est. time remaining.
       89% completed,  00:21:09 (hh:mm:ss) est. time remaining.
       89% completed,  00:20:57 (hh:mm:ss) est. time remaining.
       89% completed,  00:20:47 (hh:mm:ss) est. time remaining.
       89% completed,  00:20:35 (hh:mm:ss) est. time remaining.
       89% completed,  00:20:25 (hh:mm:ss) est. time remaining.
       89% completed,  00:20:13 (hh:mm:ss) est. time remaining.
       89% completed,  00:20:03 (hh:mm:ss) est. time remaining.
       89% completed,  00:19:51 (hh:mm:ss) est. time remaining.
       89% completed,  00:19:39 (hh:mm:ss) est. time remaining.
       90% completed,  00:19:30 (hh:mm:ss) est. time remaining.
       90% completed,  00:19:18 (hh:mm:ss) est. time remaining.
       90% completed,  00:19:08 (hh:mm:ss) est. time remaining.
       90% completed,  00:18:57 (hh:mm:ss) est. time remaining.
       90% completed,  00:18:48 (hh:mm:ss) est. time remaining.
       90% completed,  00:18:36 (hh:mm:ss) est. time remaining.
       90% completed,  00:18:27 (hh:mm:ss) est. time remaining.
       90% completed,  00:18:16 (hh:mm:ss) est. time remaining.
       90% completed,  00:18:06 (hh:mm:ss) est. time remaining.
       90% completed,  00:17:55 (hh:mm:ss) est. time remaining.
       90% completed,  00:17:46 (hh:mm:ss) est. time remaining.
       91% completed,  00:17:35 (hh:mm:ss) est. time remaining.
       91% completed,  00:17:26 (hh:mm:ss) est. time remaining.
       91% completed,  00:17:15 (hh:mm:ss) est. time remaining.
       91% completed,  00:17:06 (hh:mm:ss) est. time remaining.
       91% completed,  00:16:55 (hh:mm:ss) est. time remaining.
       91% completed,  00:16:46 (hh:mm:ss) est. time remaining.
       91% completed,  00:16:35 (hh:mm:ss) est. time remaining.
       91% completed,  00:16:26 (hh:mm:ss) est. time remaining.
       91% completed,  00:16:15 (hh:mm:ss) est. time remaining.
       91% completed,  00:16:06 (hh:mm:ss) est. time remaining.
       91% completed,  00:15:56 (hh:mm:ss) est. time remaining.
       91% completed,  00:15:47 (hh:mm:ss) est. time remaining.
       92% completed,  00:15:37 (hh:mm:ss) est. time remaining.
       92% completed,  00:15:28 (hh:mm:ss) est. time remaining.
       92% completed,  00:15:18 (hh:mm:ss) est. time remaining.
       92% completed,  00:15:09 (hh:mm:ss) est. time remaining.
       92% completed,  00:14:59 (hh:mm:ss) est. time remaining.
       92% completed,  00:14:50 (hh:mm:ss) est. time remaining.
       92% completed,  00:14:40 (hh:mm:ss) est. time remaining.
       92% completed,  00:14:32 (hh:mm:ss) est. time remaining.
       92% completed,  00:14:22 (hh:mm:ss) est. time remaining.
       92% completed,  00:14:13 (hh:mm:ss) est. time remaining.
       92% completed,  00:14:04 (hh:mm:ss) est. time remaining.
       92% completed,  00:13:55 (hh:mm:ss) est. time remaining.
       92% completed,  00:13:46 (hh:mm:ss) est. time remaining.
       93% completed,  00:13:37 (hh:mm:ss) est. time remaining.
       93% completed,  00:13:28 (hh:mm:ss) est. time remaining.
       93% completed,  00:13:19 (hh:mm:ss) est. time remaining.
       93% completed,  00:13:11 (hh:mm:ss) est. time remaining.
       93% completed,  00:13:02 (hh:mm:ss) est. time remaining.
       93% completed,  00:12:53 (hh:mm:ss) est. time remaining.
       93% completed,  00:12:44 (hh:mm:ss) est. time remaining.
       93% completed,  00:12:36 (hh:mm:ss) est. time remaining.
       93% completed,  00:12:27 (hh:mm:ss) est. time remaining.
       93% completed,  00:12:19 (hh:mm:ss) est. time remaining.
       93% completed,  00:12:10 (hh:mm:ss) est. time remaining.
       93% completed,  00:12:01 (hh:mm:ss) est. time remaining.
       93% completed,  00:11:53 (hh:mm:ss) est. time remaining.
       94% completed,  00:11:45 (hh:mm:ss) est. time remaining.
       94% completed,  00:11:37 (hh:mm:ss) est. time remaining.
       94% completed,  00:11:28 (hh:mm:ss) est. time remaining.
       94% completed,  00:11:20 (hh:mm:ss) est. time remaining.
       94% completed,  00:11:12 (hh:mm:ss) est. time remaining.
       94% completed,  00:11:03 (hh:mm:ss) est. time remaining.
       94% completed,  00:10:56 (hh:mm:ss) est. time remaining.
       94% completed,  00:10:48 (hh:mm:ss) est. time remaining.
       94% completed,  00:10:40 (hh:mm:ss) est. time remaining.
       94% completed,  00:10:32 (hh:mm:ss) est. time remaining.
       94% completed,  00:10:24 (hh:mm:ss) est. time remaining.
       94% completed,  00:10:16 (hh:mm:ss) est. time remaining.
       94% completed,  00:10:09 (hh:mm:ss) est. time remaining.
       94% completed,  00:10:01 (hh:mm:ss) est. time remaining.
       94% completed,  00:9:54 (hh:mm:ss) est. time remaining.
       95% completed,  00:9:46 (hh:mm:ss) est. time remaining.
       95% completed,  00:9:38 (hh:mm:ss) est. time remaining.
       95% completed,  00:9:30 (hh:mm:ss) est. time remaining.
       95% completed,  00:9:23 (hh:mm:ss) est. time remaining.
       95% completed,  00:9:15 (hh:mm:ss) est. time remaining.
       95% completed,  00:9:08 (hh:mm:ss) est. time remaining.
       95% completed,  00:9:01 (hh:mm:ss) est. time remaining.
       95% completed,  00:8:54 (hh:mm:ss) est. time remaining.
       95% completed,  00:8:46 (hh:mm:ss) est. time remaining.
       95% completed,  00:8:39 (hh:mm:ss) est. time remaining.
       95% completed,  00:8:32 (hh:mm:ss) est. time remaining.
       95% completed,  00:8:25 (hh:mm:ss) est. time remaining.
       95% completed,  00:8:18 (hh:mm:ss) est. time remaining.
       95% completed,  00:8:11 (hh:mm:ss) est. time remaining.
       95% completed,  00:8:04 (hh:mm:ss) est. time remaining.
       95% completed,  00:7:58 (hh:mm:ss) est. time remaining.
       96% completed,  00:7:50 (hh:mm:ss) est. time remaining.
       96% completed,  00:7:44 (hh:mm:ss) est. time remaining.
       96% completed,  00:7:37 (hh:mm:ss) est. time remaining.
       96% completed,  00:7:31 (hh:mm:ss) est. time remaining.
       96% completed,  00:7:24 (hh:mm:ss) est. time remaining.
       96% completed,  00:7:17 (hh:mm:ss) est. time remaining.
       96% completed,  00:7:11 (hh:mm:ss) est. time remaining.
       96% completed,  00:7:04 (hh:mm:ss) est. time remaining.
       96% completed,  00:6:58 (hh:mm:ss) est. time remaining.
       96% completed,  00:6:52 (hh:mm:ss) est. time remaining.
       96% completed,  00:6:45 (hh:mm:ss) est. time remaining.
       96% completed,  00:6:39 (hh:mm:ss) est. time remaining.
       96% completed,  00:6:33 (hh:mm:ss) est. time remaining.
       96% completed,  00:6:27 (hh:mm:ss) est. time remaining.
       96% completed,  00:6:20 (hh:mm:ss) est. time remaining.
       96% completed,  00:6:14 (hh:mm:ss) est. time remaining.
       96% completed,  00:6:08 (hh:mm:ss) est. time remaining.
       96% completed,  00:6:02 (hh:mm:ss) est. time remaining.
       96% completed,  00:5:56 (hh:mm:ss) est. time remaining.
       97% completed,  00:5:50 (hh:mm:ss) est. time remaining.
       97% completed,  00:5:44 (hh:mm:ss) est. time remaining.
       97% completed,  00:5:39 (hh:mm:ss) est. time remaining.
       97% completed,  00:5:33 (hh:mm:ss) est. time remaining.
       97% completed,  00:5:27 (hh:mm:ss) est. time remaining.
       97% completed,  00:5:22 (hh:mm:ss) est. time remaining.
       97% completed,  00:5:16 (hh:mm:ss) est. time remaining.
       97% completed,  00:5:11 (hh:mm:ss) est. time remaining.
       97% completed,  00:5:05 (hh:mm:ss) est. time remaining.
       97% completed,  00:5:00 (hh:mm:ss) est. time remaining.
       97% completed,  00:4:54 (hh:mm:ss) est. time remaining.
       97% completed,  00:4:49 (hh:mm:ss) est. time remaining.
       97% completed,  00:4:43 (hh:mm:ss) est. time remaining.
       97% completed,  00:4:38 (hh:mm:ss) est. time remaining.
       97% completed,  00:4:33 (hh:mm:ss) est. time remaining.
       97% completed,  00:4:28 (hh:mm:ss) est. time remaining.
       97% completed,  00:4:23 (hh:mm:ss) est. time remaining.
       97% completed,  00:4:18 (hh:mm:ss) est. time remaining.
       97% completed,  00:4:13 (hh:mm:ss) est. time remaining.
       97% completed,  00:4:08 (hh:mm:ss) est. time remaining.
       97% completed,  00:4:03 (hh:mm:ss) est. time remaining.
       97% completed,  00:3:58 (hh:mm:ss) est. time remaining.
       98% completed,  00:3:53 (hh:mm:ss) est. time remaining.
       98% completed,  00:3:48 (hh:mm:ss) est. time remaining.
       98% completed,  00:3:44 (hh:mm:ss) est. time remaining.
       98% completed,  00:3:39 (hh:mm:ss) est. time remaining.
       98% completed,  00:3:34 (hh:mm:ss) est. time remaining.
       98% completed,  00:3:30 (hh:mm:ss) est. time remaining.
       98% completed,  00:3:25 (hh:mm:ss) est. time remaining.
       98% completed,  00:3:21 (hh:mm:ss) est. time remaining.
       98% completed,  00:3:16 (hh:mm:ss) est. time remaining.
       98% completed,  00:3:12 (hh:mm:ss) est. time remaining.
       98% completed,  00:3:08 (hh:mm:ss) est. time remaining.
       98% completed,  00:3:03 (hh:mm:ss) est. time remaining.
       98% completed,  00:2:59 (hh:mm:ss) est. time remaining.
       98% completed,  00:2:55 (hh:mm:ss) est. time remaining.
       98% completed,  00:2:51 (hh:mm:ss) est. time remaining.
       98% completed,  00:2:47 (hh:mm:ss) est. time remaining.
       98% completed,  00:2:43 (hh:mm:ss) est. time remaining.
       98% completed,  00:2:39 (hh:mm:ss) est. time remaining.
       98% completed,  00:2:35 (hh:mm:ss) est. time remaining.
       98% completed,  00:2:31 (hh:mm:ss) est. time remaining.
       98% completed,  00:2:27 (hh:mm:ss) est. time remaining.
       98% completed,  00:2:23 (hh:mm:ss) est. time remaining.
       98% completed,  00:2:20 (hh:mm:ss) est. time remaining.
       98% completed,  00:2:16 (hh:mm:ss) est. time remaining.
       98% completed,  00:2:12 (hh:mm:ss) est. time remaining.
       98% completed,  00:2:09 (hh:mm:ss) est. time remaining.
       98% completed,  00:2:05 (hh:mm:ss) est. time remaining.
       98% completed,  00:2:02 (hh:mm:ss) est. time remaining.
       98% completed,  00:1:58 (hh:mm:ss) est. time remaining.
       99% completed,  00:1:55 (hh:mm:ss) est. time remaining.
       99% completed,  00:1:51 (hh:mm:ss) est. time remaining.
       99% completed,  00:1:48 (hh:mm:ss) est. time remaining.
       99% completed,  00:1:45 (hh:mm:ss) est. time remaining.
       99% completed,  00:1:42 (hh:mm:ss) est. time remaining.
       99% completed,  00:1:39 (hh:mm:ss) est. time remaining.
       99% completed,  00:1:35 (hh:mm:ss) est. time remaining.
       99% completed,  00:1:32 (hh:mm:ss) est. time remaining.
       99% completed,  00:1:29 (hh:mm:ss) est. time remaining.
       99% completed,  00:1:27 (hh:mm:ss) est. time remaining.
       99% completed,  00:1:24 (hh:mm:ss) est. time remaining.
       99% completed,  00:1:21 (hh:mm:ss) est. time remaining.
       99% completed,  00:1:18 (hh:mm:ss) est. time remaining.
       99% completed,  00:1:15 (hh:mm:ss) est. time remaining.
       99% completed,  00:1:13 (hh:mm:ss) est. time remaining.
       99% completed,  00:1:10 (hh:mm:ss) est. time remaining.
       99% completed,  00:1:07 (hh:mm:ss) est. time remaining.
       99% completed,  00:1:05 (hh:mm:ss) est. time remaining.
       99% completed,  00:1:02 (hh:mm:ss) est. time remaining.
       99% completed,  00:1:00 (hh:mm:ss) est. time remaining.
       99% completed,  00:0:57 (hh:mm:ss) est. time remaining.
       99% completed,  00:0:55 (hh:mm:ss) est. time remaining.
       99% completed,  00:0:53 (hh:mm:ss) est. time remaining.
       99% completed,  00:0:50 (hh:mm:ss) est. time remaining.
       99% completed,  00:0:48 (hh:mm:ss) est. time remaining.
       99% completed,  00:0:46 (hh:mm:ss) est. time remaining.
       99% completed,  00:0:44 (hh:mm:ss) est. time remaining.
       99% completed,  00:0:42 (hh:mm:ss) est. time remaining.
       99% completed,  00:0:40 (hh:mm:ss) est. time remaining.
       99% completed,  00:0:38 (hh:mm:ss) est. time remaining.
       99% completed,  00:0:36 (hh:mm:ss) est. time remaining.
       99% completed,  00:0:34 (hh:mm:ss) est. time remaining.
       99% completed,  00:0:32 (hh:mm:ss) est. time remaining.
       99% completed,  00:0:30 (hh:mm:ss) est. time remaining.
       99% completed,  00:0:29 (hh:mm:ss) est. time remaining.
       99% completed,  00:0:27 (hh:mm:ss) est. time remaining.
       99% completed,  00:0:25 (hh:mm:ss) est. time remaining.
       99% completed,  00:0:24 (hh:mm:ss) est. time remaining.
       99% completed,  00:0:22 (hh:mm:ss) est. time remaining.
       99% completed,  00:0:21 (hh:mm:ss) est. time remaining.
       99% completed,  00:0:19 (hh:mm:ss) est. time remaining.
       99% completed,  00:0:18 (hh:mm:ss) est. time remaining.
       99% completed,  00:0:17 (hh:mm:ss) est. time remaining.
       99% completed,  00:0:15 (hh:mm:ss) est. time remaining.
       99% completed,  00:0:14 (hh:mm:ss) est. time remaining.
       99% completed,  00:0:13 (hh:mm:ss) est. time remaining.
       99% completed,  00:0:12 (hh:mm:ss) est. time remaining.
       99% completed,  00:0:11 (hh:mm:ss) est. time remaining.
       99% completed,  00:0:10 (hh:mm:ss) est. time remaining.
       99% completed,  00:0:09 (hh:mm:ss) est. time remaining.
       99% completed,  00:0:08 (hh:mm:ss) est. time remaining.
       99% completed,  00:0:07 (hh:mm:ss) est. time remaining.
       99% completed,  00:0:05 (hh:mm:ss) est. time remaining.
       99% completed,  00:0:05 (hh:mm:ss) est. time remaining.
       99% completed,  00:0:04 (hh:mm:ss) est. time remaining.
       99% completed,  00:0:03 (hh:mm:ss) est. time remaining.
       99% completed,  00:0:03 (hh:mm:ss) est. time remaining.
       99% completed,  00:0:02 (hh:mm:ss) est. time remaining.
       99% completed,  00:0:02 (hh:mm:ss) est. time remaining.
       99% completed,  00:0:01 (hh:mm:ss) est. time remaining.
       99% completed,  00:0:01 (hh:mm:ss) est. time remaining.
       99% completed,  00:0:01 (hh:mm:ss) est. time remaining.
       99% completed,  00:0:00 (hh:mm:ss) est. time remaining.
       99% completed,  00:0:00 (hh:mm:ss) est. time remaining.
       99% completed,  00:0:00 (hh:mm:ss) est. time remaining.
       99% completed,  00:0:00 (hh:mm:ss) est. time remaining.
       99% completed,  00:0:00 (hh:mm:ss) est. time remaining.
      100% completed,  00:0:00 (hh:mm:ss) est. time remaining.
Comparison Time: 03:16:39 (hh:mm:ss) Elapsed Time, 8715 HSPs Collected
  - RECON: Running imagespread..
RECON Elapsed: 00:00:00 (hh:mm:ss) Elapsed Time
  - RECON: Running initial definition of elements ( eledef )..
RECON Elapsed: 00:00:17 (hh:mm:ss) Elapsed Time
  - RECON: Running re-definition of elements ( eleredef )..
RECON Elapsed: 00:00:46 (hh:mm:ss) Elapsed Time
  - RECON: Running re-definition of edges ( edgeredef )..
RECON Elapsed: 00:00:55 (hh:mm:ss) Elapsed Time
  - RECON: Running family definition ( famdef )..
RECON Elapsed: 00:00:02 (hh:mm:ss) Elapsed Time
  - Obtaining element sequences
Number of families returned by RECON: 2312
Processing families with greater than 15 elements

Processing RECON family: 121
  - Saving 78 elements
  - Refining family-121 model...

Processing RECON family: 166
  - Saving 50 elements
  - Refining family-166 model...

Processing RECON family: 120
  - Saving 33 elements
  - Refining family-120 model...

Processing RECON family: 104
  - Saving 33 elements
  - Refining family-104 model...

Processing RECON family: 235
  - Saving 30 elements
  - Refining family-235 model...

Processing RECON family: 878
  - Saving 23 elements
  - Refining family-878 model...

Processing RECON family: 234
  - Saving 17 elements
  - Refining family-234 model...

Processing RECON family: 288
  - Saving 16 elements
  - Refining family-288 model...

Processing RECON family: 421
  - Saving 16 elements
  - Refining family-421 model...
Family Refinement: 00:02:36 (hh:mm:ss) Elapsed Time
Round Time: 03:24:36 (hh:mm:ss) Elapsed Time
   - Increasing sample size to include end piece now = 81371771


RepeatModeler Round # 5
========================
Searching for Repeats
 -- Sampling from the database...
   - Gathering up to 81371771 bp
   - Sequence extraction : 00:00:00 (hh:mm:ss) Elapsed Time
 -- Running TRFMask on the sequence...
       2 Tandem Repeats Masked
   - TRFMask time 00:00:01 (hh:mm:ss) Elapsed Time
 -- Masking repeats from the previous rounds...
  - Masking 1 - 3 of 3
   - TE Masking time 00:00:01 (hh:mm:ss) Elapsed Time
 -- Sample Stats:
       Sample Size 120033 bp
       Num Contigs Represented = 3
       Non ambiguous bp:
             Initial: 118713 bp
             After Masking: 118338 bp
             Masked: 0.32 % 
 -- Input Database Coverage: 39509386 bp out of 39509734 bp ( 100.00 % )
Sampling Time: 00:00:02 (hh:mm:ss) Elapsed Time
Running all-by-other comparisons...
       66% completed,  00:0:00 (hh:mm:ss) est. time remaining.
      100% completed,  00:0:00 (hh:mm:ss) est. time remaining.
Comparison Time: 00:00:01 (hh:mm:ss) Elapsed Time, 0 HSPs Collected
Round Time: 00:00:03 (hh:mm:ss) Elapsed Time

RepeatScout/RECON discovery complete: 59 families found


RepeatClassifier Version 2.0.1
======================================
Search Engine = rmblast
  - Looking for Simple and Low Complexity sequences..
  - Looking for similarity to known repeat proteins..
Missing /hpc/group/vilgalyslab/yk158/miniconda3/envs/repeatmasker/share/RepeatMasker/Libraries/RepeatMasker.lib.nsq!
Please rerun the configure program in the RepeatModeler directory
before running this script.
  - Looking for similarity to known repeat consensi..
Classification Time: 00:02:24 (hh:mm:ss) Elapsed Time


Program Time: 05:43:06 (hh:mm:ss) Elapsed Time
Working directory:  /work/yk158/pmiEndo/repeatmodeler/RM_31726.TueAug181844572020
may be deleted unless there were problems with the run.

The results have been saved to:
  Glalo1-families.fa  - Consensus sequences for each family identified.
  Glalo1-families.stk - Seed alignments for each family identified.

The RepeatModeler stockholm file is formatted so that it can
easily be submitted to the Dfam database.  Please consider contributing
curated families to this open database and be a part of this growing
community resource.  For more information contact help@dfam.org.


