RepeatModeler Version 2.0.1
===========================
Search Engine = rmblast 2.9.0+
Dependencies: TRF 4.09, RECON , RepeatScout 1.0.6, RepeatMasker 
LTR Structural Analysis: Disabled [use -LTRStruct to enable]
Random Number Seed: 1597790693
Database = Lorju1 .
  - Sequences = 58
  - Bases = 42679920
Using output directory = /work/yk158/pmiEndo/repeatmodeler/RM_1312.TueAug181844542020
Storage Throughput = poor ( 191.71 MB/s )
  - NOTE: Poor storage througput will have a large impact on RepeatModeler
          performance.  The low throughput observed above may be due to
          transient usage patterns on the system and may not reflect the
          actual system performance. Whenever possible run RepeatModeler
          in a directory stored on a fast local disk and not over a
          network filesytem.

Ready to start the sampling process.
INFO: The runtime of RepeatModeler heavily depends on the quality of the assembly
      and the repetitive content of the sequences.  It is not imperative
      that RepeatModeler completes all rounds in order to obtain useful
      results.  At the completion of each round, the files ( consensi.fa, and
      families.stk ) found in:
      /work/yk158/pmiEndo/repeatmodeler/RM_1312.TueAug181844542020/ 
      will contain all results produced thus far. These files may be 
      manually copied and run through RepeatClassifier should the program
      be terminated early.


RepeatModeler Round # 1
========================
Searching for Repeats
 -- Sampling from the database...
   - Gathering up to 40000000 bp
   - Final Sample Size = 40198318 bp ( 40009219 non ambiguous )
   - Num Contigs Represented = 54
   - Sequence extraction : 00:00:05 (hh:mm:ss) Elapsed Time
 -- Running RepeatScout on the sequences...
   - RepeatScout: Running build_lmer_table ( l = 14 )..
   - RepeatScout: Running RepeatScout.. : 314 raw families identified
   - RepeatScout: Running filtering stage.. 308 families remaining
   - RepeatScout: 00:12:16 (hh:mm:ss) Elapsed Time
   - Large Satellite Filtering.. : 0 found in 00:00:05 (hh:mm:ss) Elapsed Time
   - Collecting repeat instances...
 -- Refining Family R=67 / 0 ( RS Elements: 885, Using 100 )
 -- Refining Family R=2 / 1 ( RS Elements: 623, Using 100 )
 -- Refining Family R=34 / 2 ( RS Elements: 603, Using 100 )
 -- Refining Family R=80 / 3 ( RS Elements: 601, Using 100 )
 -- Refining Family R=141 / 4 ( RS Elements: 599, Using 100 )
 -- Refining Family R=56 / 5 ( RS Elements: 597, Using 100 )
 -- Refining Family R=31 / 6 ( RS Elements: 591, Using 100 )
 -- Refining Family R=36 / 7 ( RS Elements: 588, Using 100 )
 -- Refining Family R=122 / 8 ( RS Elements: 585, Using 100 )
 -- Refining Family R=89 / 9 ( RS Elements: 582, Using 100 )
 -- Refining Family R=85 / 10 ( RS Elements: 579, Using 100 )
 -- Refining Family R=97 / 11 ( RS Elements: 579, Using 100 )
 -- Refining Family R=0 / 12 ( RS Elements: 578, Using 100 )
 -- Refining Family R=230 / 13 ( RS Elements: 495, Using 100 )
 -- Refining Family R=268 / 14 ( RS Elements: 493, Using 100 )
 -- Refining Family R=200 / 15 ( RS Elements: 485, Using 100 )
 -- Refining Family R=40 / 16 ( RS Elements: 482, Using 100 )
 -- Refining Family R=164 / 17 ( RS Elements: 479, Using 100 )
 -- Refining Family R=150 / 18 ( RS Elements: 469, Using 100 )
 -- Refining Family R=233 / 19 ( RS Elements: 439, Using 100 )
 -- Refining Family R=112 / 20 ( RS Elements: 438, Using 100 )
 -- Refining Family R=63 / 21 ( RS Elements: 429, Using 100 )
 -- Refining Family R=52 / 22 ( RS Elements: 414, Using 100 )
 -- Refining Family R=155 / 23 ( RS Elements: 414, Using 100 )
 -- Refining Family R=62 / 24 ( RS Elements: 396, Using 100 )
 -- Refining Family R=111 / 25 ( RS Elements: 376, Using 100 )
 -- Refining Family R=1 / 26 ( RS Elements: 371, Using 100 )
 -- Refining Family R=6 / 27 ( RS Elements: 364, Using 100 )
 -- Refining Family R=7 / 28 ( RS Elements: 357, Using 100 )
 -- Refining Family R=30 / 29 ( RS Elements: 341, Using 100 )
 -- Refining Family R=254 / 30 ( RS Elements: 340, Using 100 )
 -- Refining Family R=104 / 31 ( RS Elements: 338, Using 100 )
 -- Refining Family R=16 / 32 ( RS Elements: 331, Using 100 )
 -- Refining Family R=167 / 33 ( RS Elements: 227, Using 100 )
 -- Refining Family R=3 / 34 ( RS Elements: 222, Using 100 )
 -- Refining Family R=75 / 35 ( RS Elements: 220, Using 100 )
 -- Refining Family R=291 / 36 ( RS Elements: 217, Using 100 )
 -- Refining Family R=17 / 37 ( RS Elements: 214, Using 100 )
 -- Refining Family R=84 / 38 ( RS Elements: 214, Using 100 )
 -- Refining Family R=5 / 39 ( RS Elements: 213, Using 100 )
 -- Refining Family R=217 / 40 ( RS Elements: 205, Using 100 )
 -- Refining Family R=55 / 41 ( RS Elements: 203, Using 100 )
 -- Refining Family R=38 / 42 ( RS Elements: 201, Using 100 )
 -- Refining Family R=35 / 43 ( RS Elements: 201, Using 100 )
 -- Refining Family R=41 / 44 ( RS Elements: 196, Using 100 )
 -- Refining Family R=54 / 45 ( RS Elements: 192, Using 100 )
 -- Refining Family R=4 / 46 ( RS Elements: 188, Using 100 )
 -- Refining Family R=123 / 47 ( RS Elements: 186, Using 100 )
 -- Refining Family R=98 / 48 ( RS Elements: 174, Using 100 )
 -- Refining Family R=82 / 49 ( RS Elements: 166, Using 100 )
 -- Refining Family R=64 / 50 ( RS Elements: 155, Using 100 )
 -- Refining Family R=66 / 51 ( RS Elements: 152, Using 100 )
 -- Refining Family R=99 / 52 ( RS Elements: 145, Using 100 )
 -- Refining Family R=22 / 53 ( RS Elements: 145, Using 100 )
 -- Refining Family R=168 / 54 ( RS Elements: 138, Using 100 )
 -- Refining Family R=9 / 55 ( RS Elements: 135, Using 100 )
 -- Refining Family R=142 / 56 ( RS Elements: 135, Using 100 )
 -- Refining Family R=49 / 57 ( RS Elements: 124, Using 100 )
 -- Refining Family R=32 / 58 ( RS Elements: 111, Using 100 )
 -- Refining Family R=39 / 59 ( RS Elements: 110, Using 100 )
 -- Refining Family R=46 / 60 ( RS Elements: 108, Using 100 )
 -- Refining Family R=24 / 61 ( RS Elements: 107, Using 100 )
 -- Refining Family R=10 / 62 ( RS Elements: 104, Using 100 )
 -- Refining Family R=77 / 63 ( RS Elements: 103, Using 100 )
 -- Refining Family R=11 / 64 ( RS Elements: 96, Using 96 )
 -- Refining Family R=160 / 65 ( RS Elements: 96, Using 96 )
 -- Refining Family R=143 / 66 ( RS Elements: 95, Using 95 )
 -- Refining Family R=170 / 67 ( RS Elements: 93, Using 93 )
 -- Refining Family R=29 / 68 ( RS Elements: 91, Using 91 )
 -- Refining Family R=15 / 69 ( RS Elements: 89, Using 89 )
 -- Refining Family R=222 / 70 ( RS Elements: 87, Using 87 )
 -- Refining Family R=8 / 71 ( RS Elements: 87, Using 87 )
 -- Refining Family R=14 / 72 ( RS Elements: 76, Using 76 )
 -- Refining Family R=20 / 73 ( RS Elements: 76, Using 76 )
 -- Refining Family R=87 / 74 ( RS Elements: 76, Using 76 )
 -- Refining Family R=95 / 75 ( RS Elements: 75, Using 75 )
 -- Refining Family R=134 / 76 ( RS Elements: 74, Using 74 )
 -- Refining Family R=13 / 77 ( RS Elements: 73, Using 73 )
 -- Refining Family R=267 / 78 ( RS Elements: 73, Using 73 )
 -- Refining Family R=250 / 79 ( RS Elements: 70, Using 70 )
 -- Refining Family R=23 / 80 ( RS Elements: 69, Using 69 )
 -- Refining Family R=65 / 81 ( RS Elements: 68, Using 68 )
 -- Refining Family R=12 / 82 ( RS Elements: 66, Using 66 )
 -- Refining Family R=18 / 83 ( RS Elements: 66, Using 66 )
 -- Refining Family R=114 / 84 ( RS Elements: 64, Using 64 )
 -- Refining Family R=59 / 85 ( RS Elements: 64, Using 64 )
 -- Refining Family R=93 / 86 ( RS Elements: 63, Using 63 )
 -- Refining Family R=103 / 87 ( RS Elements: 62, Using 62 )
 -- Refining Family R=116 / 88 ( RS Elements: 60, Using 60 )
 -- Refining Family R=113 / 89 ( RS Elements: 60, Using 60 )
 -- Refining Family R=229 / 90 ( RS Elements: 60, Using 60 )
 -- Refining Family R=53 / 91 ( RS Elements: 60, Using 60 )
 -- Refining Family R=60 / 92 ( RS Elements: 59, Using 59 )
 -- Refining Family R=136 / 93 ( RS Elements: 57, Using 57 )
 -- Refining Family R=201 / 94 ( RS Elements: 56, Using 56 )
 -- Refining Family R=264 / 95 ( RS Elements: 53, Using 53 )
 -- Refining Family R=78 / 96 ( RS Elements: 52, Using 52 )
 -- Refining Family R=21 / 97 ( RS Elements: 52, Using 52 )
 -- Refining Family R=120 / 98 ( RS Elements: 51, Using 51 )
 -- Refining Family R=79 / 99 ( RS Elements: 49, Using 49 )
 -- Refining Family R=135 / 100 ( RS Elements: 49, Using 49 )
 -- Refining Family R=211 / 101 ( RS Elements: 49, Using 49 )
 -- Refining Family R=50 / 102 ( RS Elements: 48, Using 48 )
 -- Refining Family R=27 / 103 ( RS Elements: 47, Using 47 )
 -- Refining Family R=42 / 104 ( RS Elements: 47, Using 47 )
 -- Refining Family R=19 / 105 ( RS Elements: 47, Using 47 )
 -- Refining Family R=91 / 106 ( RS Elements: 46, Using 46 )
 -- Refining Family R=105 / 107 ( RS Elements: 46, Using 46 )
 -- Refining Family R=161 / 108 ( RS Elements: 45, Using 45 )
 -- Refining Family R=71 / 109 ( RS Elements: 45, Using 45 )
 -- Refining Family R=28 / 110 ( RS Elements: 44, Using 44 )
 -- Refining Family R=81 / 111 ( RS Elements: 43, Using 43 )
 -- Refining Family R=130 / 112 ( RS Elements: 43, Using 43 )
 -- Refining Family R=25 / 113 ( RS Elements: 42, Using 42 )
 -- Refining Family R=43 / 114 ( RS Elements: 41, Using 41 )
 -- Refining Family R=247 / 115 ( RS Elements: 41, Using 41 )
 -- Refining Family R=124 / 116 ( RS Elements: 41, Using 41 )
 -- Refining Family R=96 / 117 ( RS Elements: 38, Using 38 )
 -- Refining Family R=48 / 118 ( RS Elements: 38, Using 38 )
 -- Refining Family R=33 / 119 ( RS Elements: 37, Using 37 )
 -- Refining Family R=37 / 120 ( RS Elements: 36, Using 36 )
 -- Refining Family R=275 / 121 ( RS Elements: 34, Using 34 )
 -- Refining Family R=57 / 122 ( RS Elements: 30, Using 30 )
 -- Refining Family R=44 / 123 ( RS Elements: 29, Using 29 )
 -- Refining Family R=51 / 124 ( RS Elements: 28, Using 28 )
 -- Refining Family R=117 / 125 ( RS Elements: 27, Using 27 )
 -- Refining Family R=147 / 126 ( RS Elements: 26, Using 26 )
 -- Refining Family R=137 / 127 ( RS Elements: 26, Using 26 )
 -- Refining Family R=45 / 128 ( RS Elements: 26, Using 26 )
 -- Refining Family R=90 / 129 ( RS Elements: 25, Using 25 )
 -- Refining Family R=86 / 130 ( RS Elements: 25, Using 25 )
 -- Refining Family R=224 / 131 ( RS Elements: 25, Using 25 )
 -- Refining Family R=175 / 132 ( RS Elements: 24, Using 24 )
 -- Refining Family R=69 / 133 ( RS Elements: 23, Using 23 )
 -- Refining Family R=107 / 134 ( RS Elements: 23, Using 23 )
 -- Refining Family R=165 / 135 ( RS Elements: 23, Using 23 )
 -- Refining Family R=61 / 136 ( RS Elements: 22, Using 22 )
 -- Refining Family R=263 / 137 ( RS Elements: 22, Using 22 )
 -- Refining Family R=47 / 138 ( RS Elements: 22, Using 22 )
 -- Refining Family R=236 / 139 ( RS Elements: 21, Using 21 )
 -- Refining Family R=249 / 140 ( RS Elements: 21, Using 21 )
 -- Refining Family R=76 / 141 ( RS Elements: 21, Using 21 )
 -- Refining Family R=218 / 142 ( RS Elements: 20, Using 20 )
 -- Refining Family R=152 / 143 ( RS Elements: 20, Using 20 )
 -- Refining Family R=131 / 144 ( RS Elements: 19, Using 19 )
 -- Refining Family R=74 / 145 ( RS Elements: 19, Using 19 )
 -- Refining Family R=110 / 146 ( RS Elements: 19, Using 19 )
 -- Refining Family R=156 / 147 ( RS Elements: 18, Using 18 )
 -- Refining Family R=172 / 148 ( RS Elements: 18, Using 18 )
 -- Refining Family R=68 / 149 ( RS Elements: 18, Using 18 )
 -- Refining Family R=83 / 150 ( RS Elements: 17, Using 17 )
 -- Refining Family R=265 / 151 ( RS Elements: 16, Using 16 )
Family Refinement: 00:44:28 (hh:mm:ss) Elapsed Time


RepeatModeler Round # 2
========================
Searching for Repeats
 -- Sampling from the database...
   - Gathering up to 3000000 bp
   - Sequence extraction : 00:00:00 (hh:mm:ss) Elapsed Time
 -- Running TRFMask on the sequence...
       104 Tandem Repeats Masked
   - TRFMask time 00:00:05 (hh:mm:ss) Elapsed Time
 -- Masking repeats from the previous rounds...
  - Masking 1 - 5 of 76
  - Masking 16 - 30 of 76
  - Masking 41 - 65 of 76
  - Masking 76 - 76 of 76
   - TE Masking time 00:00:13 (hh:mm:ss) Elapsed Time
 -- Sample Stats:
       Sample Size 3043739 bp
       Num Contigs Represented = 26
       Non ambiguous bp:
             Initial: 3025994 bp
             After Masking: 2855062 bp
             Masked: 5.65 % 
 -- Input Database Coverage: 3043739 bp out of 42679920 bp ( 7.13 % )
Sampling Time: 00:00:19 (hh:mm:ss) Elapsed Time
Running all-by-other comparisons...
        2% completed,  00:3:42 (hh:mm:ss) est. time remaining.
        5% completed,  00:1:48 (hh:mm:ss) est. time remaining.
        7% completed,  00:2:33 (hh:mm:ss) est. time remaining.
       10% completed,  00:1:53 (hh:mm:ss) est. time remaining.
       12% completed,  00:1:42 (hh:mm:ss) est. time remaining.
       15% completed,  00:1:56 (hh:mm:ss) est. time remaining.
       17% completed,  00:1:47 (hh:mm:ss) est. time remaining.
       20% completed,  00:1:47 (hh:mm:ss) est. time remaining.
       22% completed,  00:1:43 (hh:mm:ss) est. time remaining.
       24% completed,  00:1:40 (hh:mm:ss) est. time remaining.
       27% completed,  00:1:34 (hh:mm:ss) est. time remaining.
       29% completed,  00:1:34 (hh:mm:ss) est. time remaining.
       31% completed,  00:1:29 (hh:mm:ss) est. time remaining.
       33% completed,  00:1:28 (hh:mm:ss) est. time remaining.
       35% completed,  00:1:24 (hh:mm:ss) est. time remaining.
       37% completed,  00:1:21 (hh:mm:ss) est. time remaining.
       39% completed,  00:1:18 (hh:mm:ss) est. time remaining.
       42% completed,  00:1:14 (hh:mm:ss) est. time remaining.
       44% completed,  00:1:11 (hh:mm:ss) est. time remaining.
       45% completed,  00:1:08 (hh:mm:ss) est. time remaining.
       47% completed,  00:1:06 (hh:mm:ss) est. time remaining.
       49% completed,  00:1:03 (hh:mm:ss) est. time remaining.
       51% completed,  00:1:00 (hh:mm:ss) est. time remaining.
       53% completed,  00:0:58 (hh:mm:ss) est. time remaining.
       55% completed,  00:0:56 (hh:mm:ss) est. time remaining.
       57% completed,  00:0:54 (hh:mm:ss) est. time remaining.
       58% completed,  00:0:51 (hh:mm:ss) est. time remaining.
       60% completed,  00:0:50 (hh:mm:ss) est. time remaining.
       62% completed,  00:0:47 (hh:mm:ss) est. time remaining.
       63% completed,  00:0:46 (hh:mm:ss) est. time remaining.
       65% completed,  00:0:43 (hh:mm:ss) est. time remaining.
       66% completed,  00:0:42 (hh:mm:ss) est. time remaining.
       68% completed,  00:0:40 (hh:mm:ss) est. time remaining.
       69% completed,  00:0:38 (hh:mm:ss) est. time remaining.
       71% completed,  00:0:36 (hh:mm:ss) est. time remaining.
       72% completed,  00:0:35 (hh:mm:ss) est. time remaining.
       74% completed,  00:0:33 (hh:mm:ss) est. time remaining.
       75% completed,  00:0:31 (hh:mm:ss) est. time remaining.
       76% completed,  00:0:29 (hh:mm:ss) est. time remaining.
       77% completed,  00:0:28 (hh:mm:ss) est. time remaining.
       79% completed,  00:0:26 (hh:mm:ss) est. time remaining.
       80% completed,  00:0:25 (hh:mm:ss) est. time remaining.
       81% completed,  00:0:23 (hh:mm:ss) est. time remaining.
       82% completed,  00:0:22 (hh:mm:ss) est. time remaining.
       83% completed,  00:0:21 (hh:mm:ss) est. time remaining.
       84% completed,  00:0:19 (hh:mm:ss) est. time remaining.
       85% completed,  00:0:18 (hh:mm:ss) est. time remaining.
       86% completed,  00:0:17 (hh:mm:ss) est. time remaining.
       87% completed,  00:0:15 (hh:mm:ss) est. time remaining.
       88% completed,  00:0:14 (hh:mm:ss) est. time remaining.
       89% completed,  00:0:13 (hh:mm:ss) est. time remaining.
       90% completed,  00:0:12 (hh:mm:ss) est. time remaining.
       91% completed,  00:0:11 (hh:mm:ss) est. time remaining.
       91% completed,  00:0:10 (hh:mm:ss) est. time remaining.
       92% completed,  00:0:09 (hh:mm:ss) est. time remaining.
       93% completed,  00:0:08 (hh:mm:ss) est. time remaining.
       94% completed,  00:0:07 (hh:mm:ss) est. time remaining.
       94% completed,  00:0:06 (hh:mm:ss) est. time remaining.
       95% completed,  00:0:06 (hh:mm:ss) est. time remaining.
       95% completed,  00:0:05 (hh:mm:ss) est. time remaining.
       96% completed,  00:0:04 (hh:mm:ss) est. time remaining.
       96% completed,  00:0:04 (hh:mm:ss) est. time remaining.
       97% completed,  00:0:03 (hh:mm:ss) est. time remaining.
       97% completed,  00:0:02 (hh:mm:ss) est. time remaining.
       98% completed,  00:0:02 (hh:mm:ss) est. time remaining.
       98% completed,  00:0:02 (hh:mm:ss) est. time remaining.
       98% completed,  00:0:01 (hh:mm:ss) est. time remaining.
       99% completed,  00:0:01 (hh:mm:ss) est. time remaining.
       99% completed,  00:0:00 (hh:mm:ss) est. time remaining.
       99% completed,  00:0:00 (hh:mm:ss) est. time remaining.
       99% completed,  00:0:00 (hh:mm:ss) est. time remaining.
       99% completed,  00:0:00 (hh:mm:ss) est. time remaining.
       99% completed,  00:0:00 (hh:mm:ss) est. time remaining.
       99% completed,  00:0:00 (hh:mm:ss) est. time remaining.
      100% completed,  00:0:00 (hh:mm:ss) est. time remaining.
Comparison Time: 00:02:11 (hh:mm:ss) Elapsed Time, 304 HSPs Collected
  - RECON: Running imagespread..
RECON Elapsed: 00:00:01 (hh:mm:ss) Elapsed Time
  - RECON: Running initial definition of elements ( eledef )..
RECON Elapsed: 00:00:00 (hh:mm:ss) Elapsed Time
  - RECON: Running re-definition of elements ( eleredef )..
RECON Elapsed: 00:00:02 (hh:mm:ss) Elapsed Time
  - RECON: Running re-definition of edges ( edgeredef )..
RECON Elapsed: 00:00:01 (hh:mm:ss) Elapsed Time
  - RECON: Running family definition ( famdef )..
RECON Elapsed: 00:00:00 (hh:mm:ss) Elapsed Time
  - Obtaining element sequences
Number of families returned by RECON: 127
Processing families with greater than 15 elements
Family Refinement: 00:00:00 (hh:mm:ss) Elapsed Time
Round Time: 00:02:36 (hh:mm:ss) Elapsed Time


RepeatModeler Round # 3
========================
Searching for Repeats
 -- Sampling from the database...
   - Gathering up to 9000000 bp
   - Sequence extraction : 00:00:01 (hh:mm:ss) Elapsed Time
 -- Running TRFMask on the sequence...
       357 Tandem Repeats Masked
   - TRFMask time 00:00:11 (hh:mm:ss) Elapsed Time
 -- Masking repeats from the previous rounds...
  - Masking 1 - 5 of 235
  - Masking 16 - 30 of 235
  - Masking 41 - 65 of 235
  - Masking 76 - 110 of 235
  - Masking 121 - 165 of 235
  - Masking 176 - 230 of 235
   - TE Masking time 00:00:39 (hh:mm:ss) Elapsed Time
 -- Sample Stats:
       Sample Size 9075436 bp
       Num Contigs Represented = 36
       Non ambiguous bp:
             Initial: 9038895 bp
             After Masking: 8525172 bp
             Masked: 5.68 % 
 -- Input Database Coverage: 12119175 bp out of 42679920 bp ( 28.40 % )
Sampling Time: 00:00:52 (hh:mm:ss) Elapsed Time
Running all-by-other comparisons...
        0% completed,  00:39:00 (hh:mm:ss) est. time remaining.
        1% completed,  00:19:17 (hh:mm:ss) est. time remaining.
        2% completed,  00:24:16 (hh:mm:ss) est. time remaining.
        3% completed,  00:18:34 (hh:mm:ss) est. time remaining.
        4% completed,  00:23:27 (hh:mm:ss) est. time remaining.
        5% completed,  00:19:44 (hh:mm:ss) est. time remaining.
        5% completed,  00:21:20 (hh:mm:ss) est. time remaining.
        6% completed,  00:19:14 (hh:mm:ss) est. time remaining.
        7% completed,  00:20:03 (hh:mm:ss) est. time remaining.
        8% completed,  00:18:29 (hh:mm:ss) est. time remaining.
        9% completed,  00:19:10 (hh:mm:ss) est. time remaining.
        9% completed,  00:18:03 (hh:mm:ss) est. time remaining.
       10% completed,  00:18:37 (hh:mm:ss) est. time remaining.
       11% completed,  00:17:33 (hh:mm:ss) est. time remaining.
       12% completed,  00:17:27 (hh:mm:ss) est. time remaining.
       13% completed,  00:16:28 (hh:mm:ss) est. time remaining.
       13% completed,  00:16:19 (hh:mm:ss) est. time remaining.
       14% completed,  00:15:35 (hh:mm:ss) est. time remaining.
       15% completed,  00:16:17 (hh:mm:ss) est. time remaining.
       16% completed,  00:15:27 (hh:mm:ss) est. time remaining.
       17% completed,  00:15:54 (hh:mm:ss) est. time remaining.
       17% completed,  00:15:18 (hh:mm:ss) est. time remaining.
       18% completed,  00:15:41 (hh:mm:ss) est. time remaining.
       19% completed,  00:15:00 (hh:mm:ss) est. time remaining.
       20% completed,  00:15:21 (hh:mm:ss) est. time remaining.
       20% completed,  00:14:50 (hh:mm:ss) est. time remaining.
       21% completed,  00:15:05 (hh:mm:ss) est. time remaining.
       22% completed,  00:14:44 (hh:mm:ss) est. time remaining.
       23% completed,  00:15:00 (hh:mm:ss) est. time remaining.
       23% completed,  00:14:33 (hh:mm:ss) est. time remaining.
       24% completed,  00:14:53 (hh:mm:ss) est. time remaining.
       25% completed,  00:14:25 (hh:mm:ss) est. time remaining.
       26% completed,  00:14:37 (hh:mm:ss) est. time remaining.
       26% completed,  00:14:10 (hh:mm:ss) est. time remaining.
       27% completed,  00:14:19 (hh:mm:ss) est. time remaining.
       28% completed,  00:13:54 (hh:mm:ss) est. time remaining.
       29% completed,  00:13:35 (hh:mm:ss) est. time remaining.
       29% completed,  00:13:21 (hh:mm:ss) est. time remaining.
       30% completed,  00:13:19 (hh:mm:ss) est. time remaining.
       31% completed,  00:13:11 (hh:mm:ss) est. time remaining.
       31% completed,  00:13:03 (hh:mm:ss) est. time remaining.
       32% completed,  00:12:56 (hh:mm:ss) est. time remaining.
       33% completed,  00:12:48 (hh:mm:ss) est. time remaining.
       34% completed,  00:12:29 (hh:mm:ss) est. time remaining.
       34% completed,  00:12:12 (hh:mm:ss) est. time remaining.
       35% completed,  00:12:08 (hh:mm:ss) est. time remaining.
       36% completed,  00:11:59 (hh:mm:ss) est. time remaining.
       36% completed,  00:11:59 (hh:mm:ss) est. time remaining.
       37% completed,  00:11:47 (hh:mm:ss) est. time remaining.
       38% completed,  00:11:46 (hh:mm:ss) est. time remaining.
       38% completed,  00:11:33 (hh:mm:ss) est. time remaining.
       39% completed,  00:11:35 (hh:mm:ss) est. time remaining.
       40% completed,  00:11:19 (hh:mm:ss) est. time remaining.
       40% completed,  00:11:21 (hh:mm:ss) est. time remaining.
       41% completed,  00:11:06 (hh:mm:ss) est. time remaining.
       42% completed,  00:11:09 (hh:mm:ss) est. time remaining.
       42% completed,  00:10:56 (hh:mm:ss) est. time remaining.
       43% completed,  00:10:45 (hh:mm:ss) est. time remaining.
       43% completed,  00:10:42 (hh:mm:ss) est. time remaining.
       44% completed,  00:10:36 (hh:mm:ss) est. time remaining.
       45% completed,  00:10:32 (hh:mm:ss) est. time remaining.
       45% completed,  00:10:22 (hh:mm:ss) est. time remaining.
       46% completed,  00:10:20 (hh:mm:ss) est. time remaining.
       47% completed,  00:10:07 (hh:mm:ss) est. time remaining.
       47% completed,  00:10:02 (hh:mm:ss) est. time remaining.
       48% completed,  00:9:56 (hh:mm:ss) est. time remaining.
       48% completed,  00:9:49 (hh:mm:ss) est. time remaining.
       49% completed,  00:9:44 (hh:mm:ss) est. time remaining.
       50% completed,  00:9:34 (hh:mm:ss) est. time remaining.
       50% completed,  00:9:30 (hh:mm:ss) est. time remaining.
       51% completed,  00:9:22 (hh:mm:ss) est. time remaining.
       51% completed,  00:9:18 (hh:mm:ss) est. time remaining.
       52% completed,  00:9:09 (hh:mm:ss) est. time remaining.
       53% completed,  00:9:00 (hh:mm:ss) est. time remaining.
       53% completed,  00:8:51 (hh:mm:ss) est. time remaining.
       54% completed,  00:8:46 (hh:mm:ss) est. time remaining.
       54% completed,  00:8:34 (hh:mm:ss) est. time remaining.
       55% completed,  00:8:31 (hh:mm:ss) est. time remaining.
       56% completed,  00:8:20 (hh:mm:ss) est. time remaining.
       56% completed,  00:8:18 (hh:mm:ss) est. time remaining.
       57% completed,  00:8:07 (hh:mm:ss) est. time remaining.
       57% completed,  00:8:06 (hh:mm:ss) est. time remaining.
       58% completed,  00:7:55 (hh:mm:ss) est. time remaining.
       58% completed,  00:7:54 (hh:mm:ss) est. time remaining.
       59% completed,  00:7:44 (hh:mm:ss) est. time remaining.
       59% completed,  00:7:40 (hh:mm:ss) est. time remaining.
       60% completed,  00:7:33 (hh:mm:ss) est. time remaining.
       60% completed,  00:7:28 (hh:mm:ss) est. time remaining.
       61% completed,  00:7:22 (hh:mm:ss) est. time remaining.
       62% completed,  00:7:14 (hh:mm:ss) est. time remaining.
       62% completed,  00:7:06 (hh:mm:ss) est. time remaining.
       63% completed,  00:7:03 (hh:mm:ss) est. time remaining.
       63% completed,  00:6:55 (hh:mm:ss) est. time remaining.
       64% completed,  00:6:48 (hh:mm:ss) est. time remaining.
       64% completed,  00:6:40 (hh:mm:ss) est. time remaining.
       65% completed,  00:6:36 (hh:mm:ss) est. time remaining.
       65% completed,  00:6:27 (hh:mm:ss) est. time remaining.
       66% completed,  00:6:20 (hh:mm:ss) est. time remaining.
       66% completed,  00:6:14 (hh:mm:ss) est. time remaining.
       67% completed,  00:6:08 (hh:mm:ss) est. time remaining.
       67% completed,  00:6:02 (hh:mm:ss) est. time remaining.
       68% completed,  00:5:55 (hh:mm:ss) est. time remaining.
       68% completed,  00:5:50 (hh:mm:ss) est. time remaining.
       69% completed,  00:5:44 (hh:mm:ss) est. time remaining.
       69% completed,  00:5:38 (hh:mm:ss) est. time remaining.
       69% completed,  00:5:33 (hh:mm:ss) est. time remaining.
       70% completed,  00:5:27 (hh:mm:ss) est. time remaining.
       70% completed,  00:5:22 (hh:mm:ss) est. time remaining.
       71% completed,  00:5:15 (hh:mm:ss) est. time remaining.
       71% completed,  00:5:10 (hh:mm:ss) est. time remaining.
       72% completed,  00:5:04 (hh:mm:ss) est. time remaining.
       72% completed,  00:4:59 (hh:mm:ss) est. time remaining.
       73% completed,  00:4:55 (hh:mm:ss) est. time remaining.
       73% completed,  00:4:49 (hh:mm:ss) est. time remaining.
       74% completed,  00:4:44 (hh:mm:ss) est. time remaining.
       74% completed,  00:4:39 (hh:mm:ss) est. time remaining.
       74% completed,  00:4:34 (hh:mm:ss) est. time remaining.
       75% completed,  00:4:28 (hh:mm:ss) est. time remaining.
       75% completed,  00:4:24 (hh:mm:ss) est. time remaining.
       76% completed,  00:4:18 (hh:mm:ss) est. time remaining.
       76% completed,  00:4:15 (hh:mm:ss) est. time remaining.
       76% completed,  00:4:09 (hh:mm:ss) est. time remaining.
       77% completed,  00:4:05 (hh:mm:ss) est. time remaining.
       77% completed,  00:4:00 (hh:mm:ss) est. time remaining.
       78% completed,  00:3:56 (hh:mm:ss) est. time remaining.
       78% completed,  00:3:51 (hh:mm:ss) est. time remaining.
       78% completed,  00:3:47 (hh:mm:ss) est. time remaining.
       79% completed,  00:3:42 (hh:mm:ss) est. time remaining.
       79% completed,  00:3:38 (hh:mm:ss) est. time remaining.
       80% completed,  00:3:34 (hh:mm:ss) est. time remaining.
       80% completed,  00:3:30 (hh:mm:ss) est. time remaining.
       80% completed,  00:3:25 (hh:mm:ss) est. time remaining.
       81% completed,  00:3:21 (hh:mm:ss) est. time remaining.
       81% completed,  00:3:17 (hh:mm:ss) est. time remaining.
       81% completed,  00:3:13 (hh:mm:ss) est. time remaining.
       82% completed,  00:3:10 (hh:mm:ss) est. time remaining.
       82% completed,  00:3:05 (hh:mm:ss) est. time remaining.
       83% completed,  00:3:02 (hh:mm:ss) est. time remaining.
       83% completed,  00:2:57 (hh:mm:ss) est. time remaining.
       83% completed,  00:2:54 (hh:mm:ss) est. time remaining.
       84% completed,  00:2:50 (hh:mm:ss) est. time remaining.
       84% completed,  00:2:46 (hh:mm:ss) est. time remaining.
       84% completed,  00:2:42 (hh:mm:ss) est. time remaining.
       85% completed,  00:2:39 (hh:mm:ss) est. time remaining.
       85% completed,  00:2:35 (hh:mm:ss) est. time remaining.
       85% completed,  00:2:32 (hh:mm:ss) est. time remaining.
       86% completed,  00:2:28 (hh:mm:ss) est. time remaining.
       86% completed,  00:2:24 (hh:mm:ss) est. time remaining.
       86% completed,  00:2:21 (hh:mm:ss) est. time remaining.
       87% completed,  00:2:17 (hh:mm:ss) est. time remaining.
       87% completed,  00:2:14 (hh:mm:ss) est. time remaining.
       87% completed,  00:2:11 (hh:mm:ss) est. time remaining.
       87% completed,  00:2:08 (hh:mm:ss) est. time remaining.
       88% completed,  00:2:04 (hh:mm:ss) est. time remaining.
       88% completed,  00:2:01 (hh:mm:ss) est. time remaining.
       88% completed,  00:1:58 (hh:mm:ss) est. time remaining.
       89% completed,  00:1:55 (hh:mm:ss) est. time remaining.
       89% completed,  00:1:52 (hh:mm:ss) est. time remaining.
       89% completed,  00:1:49 (hh:mm:ss) est. time remaining.
       89% completed,  00:1:46 (hh:mm:ss) est. time remaining.
       90% completed,  00:1:43 (hh:mm:ss) est. time remaining.
       90% completed,  00:1:41 (hh:mm:ss) est. time remaining.
       90% completed,  00:1:38 (hh:mm:ss) est. time remaining.
       90% completed,  00:1:35 (hh:mm:ss) est. time remaining.
       91% completed,  00:1:32 (hh:mm:ss) est. time remaining.
       91% completed,  00:1:30 (hh:mm:ss) est. time remaining.
       91% completed,  00:1:27 (hh:mm:ss) est. time remaining.
       91% completed,  00:1:24 (hh:mm:ss) est. time remaining.
       92% completed,  00:1:22 (hh:mm:ss) est. time remaining.
       92% completed,  00:1:19 (hh:mm:ss) est. time remaining.
       92% completed,  00:1:17 (hh:mm:ss) est. time remaining.
       92% completed,  00:1:14 (hh:mm:ss) est. time remaining.
       93% completed,  00:1:12 (hh:mm:ss) est. time remaining.
       93% completed,  00:1:10 (hh:mm:ss) est. time remaining.
       93% completed,  00:1:07 (hh:mm:ss) est. time remaining.
       93% completed,  00:1:05 (hh:mm:ss) est. time remaining.
       93% completed,  00:1:03 (hh:mm:ss) est. time remaining.
       94% completed,  00:1:01 (hh:mm:ss) est. time remaining.
       94% completed,  00:0:58 (hh:mm:ss) est. time remaining.
       94% completed,  00:0:56 (hh:mm:ss) est. time remaining.
       94% completed,  00:0:54 (hh:mm:ss) est. time remaining.
       94% completed,  00:0:52 (hh:mm:ss) est. time remaining.
       95% completed,  00:0:50 (hh:mm:ss) est. time remaining.
       95% completed,  00:0:48 (hh:mm:ss) est. time remaining.
       95% completed,  00:0:46 (hh:mm:ss) est. time remaining.
       95% completed,  00:0:44 (hh:mm:ss) est. time remaining.
       95% completed,  00:0:43 (hh:mm:ss) est. time remaining.
       96% completed,  00:0:41 (hh:mm:ss) est. time remaining.
       96% completed,  00:0:39 (hh:mm:ss) est. time remaining.
       96% completed,  00:0:37 (hh:mm:ss) est. time remaining.
       96% completed,  00:0:36 (hh:mm:ss) est. time remaining.
       96% completed,  00:0:34 (hh:mm:ss) est. time remaining.
       96% completed,  00:0:32 (hh:mm:ss) est. time remaining.
       97% completed,  00:0:31 (hh:mm:ss) est. time remaining.
       97% completed,  00:0:29 (hh:mm:ss) est. time remaining.
       97% completed,  00:0:28 (hh:mm:ss) est. time remaining.
       97% completed,  00:0:26 (hh:mm:ss) est. time remaining.
       97% completed,  00:0:25 (hh:mm:ss) est. time remaining.
       97% completed,  00:0:23 (hh:mm:ss) est. time remaining.
       97% completed,  00:0:22 (hh:mm:ss) est. time remaining.
       97% completed,  00:0:21 (hh:mm:ss) est. time remaining.
       98% completed,  00:0:20 (hh:mm:ss) est. time remaining.
       98% completed,  00:0:18 (hh:mm:ss) est. time remaining.
       98% completed,  00:0:17 (hh:mm:ss) est. time remaining.
       98% completed,  00:0:16 (hh:mm:ss) est. time remaining.
       98% completed,  00:0:15 (hh:mm:ss) est. time remaining.
       98% completed,  00:0:14 (hh:mm:ss) est. time remaining.
       98% completed,  00:0:13 (hh:mm:ss) est. time remaining.
       98% completed,  00:0:12 (hh:mm:ss) est. time remaining.
       98% completed,  00:0:11 (hh:mm:ss) est. time remaining.
       98% completed,  00:0:10 (hh:mm:ss) est. time remaining.
       99% completed,  00:0:09 (hh:mm:ss) est. time remaining.
       99% completed,  00:0:08 (hh:mm:ss) est. time remaining.
       99% completed,  00:0:07 (hh:mm:ss) est. time remaining.
       99% completed,  00:0:07 (hh:mm:ss) est. time remaining.
       99% completed,  00:0:06 (hh:mm:ss) est. time remaining.
       99% completed,  00:0:05 (hh:mm:ss) est. time remaining.
       99% completed,  00:0:05 (hh:mm:ss) est. time remaining.
       99% completed,  00:0:04 (hh:mm:ss) est. time remaining.
       99% completed,  00:0:03 (hh:mm:ss) est. time remaining.
       99% completed,  00:0:03 (hh:mm:ss) est. time remaining.
       99% completed,  00:0:02 (hh:mm:ss) est. time remaining.
       99% completed,  00:0:02 (hh:mm:ss) est. time remaining.
       99% completed,  00:0:02 (hh:mm:ss) est. time remaining.
       99% completed,  00:0:01 (hh:mm:ss) est. time remaining.
       99% completed,  00:0:01 (hh:mm:ss) est. time remaining.
       99% completed,  00:0:01 (hh:mm:ss) est. time remaining.
       99% completed,  00:0:00 (hh:mm:ss) est. time remaining.
       99% completed,  00:0:00 (hh:mm:ss) est. time remaining.
       99% completed,  00:0:00 (hh:mm:ss) est. time remaining.
       99% completed,  00:0:00 (hh:mm:ss) est. time remaining.
       99% completed,  00:0:00 (hh:mm:ss) est. time remaining.
       99% completed,  00:0:00 (hh:mm:ss) est. time remaining.
      100% completed,  00:0:00 (hh:mm:ss) est. time remaining.
Comparison Time: 00:17:28 (hh:mm:ss) Elapsed Time, 1870 HSPs Collected
  - RECON: Running imagespread..
RECON Elapsed: 00:00:00 (hh:mm:ss) Elapsed Time
  - RECON: Running initial definition of elements ( eledef )..
RECON Elapsed: 00:00:04 (hh:mm:ss) Elapsed Time
  - RECON: Running re-definition of elements ( eleredef )..
RECON Elapsed: 00:00:05 (hh:mm:ss) Elapsed Time
  - RECON: Running re-definition of edges ( edgeredef )..
RECON Elapsed: 00:00:08 (hh:mm:ss) Elapsed Time
  - RECON: Running family definition ( famdef )..
RECON Elapsed: 00:00:02 (hh:mm:ss) Elapsed Time
  - Obtaining element sequences
Number of families returned by RECON: 583
Processing families with greater than 15 elements

Processing RECON family: 540
  - Saving 30 elements
  - Refining family-540 model...

Processing RECON family: 65
  - Saving 20 elements
  - Refining family-65 model...
Family Refinement: 00:00:06 (hh:mm:ss) Elapsed Time
Round Time: 00:18:51 (hh:mm:ss) Elapsed Time


RepeatModeler Round # 4
========================
Searching for Repeats
 -- Sampling from the database...
   - Gathering up to 27000000 bp
   - Sequence extraction : 00:00:03 (hh:mm:ss) Elapsed Time
 -- Running TRFMask on the sequence...
       1105 Tandem Repeats Masked
   - TRFMask time 00:00:32 (hh:mm:ss) Elapsed Time
 -- Masking repeats from the previous rounds...
  - Masking 1 - 5 of 699
  - Masking 16 - 30 of 699
  - Masking 41 - 65 of 699
  - Masking 76 - 110 of 699
  - Masking 121 - 165 of 699
  - Masking 176 - 230 of 699
  - Masking 241 - 305 of 699
  - Masking 316 - 390 of 699
  - Masking 401 - 485 of 699
  - Masking 496 - 590 of 699
  - Masking 596 - 695 of 699
  - Masking 696 - 699 of 699
   - TE Masking time 00:01:39 (hh:mm:ss) Elapsed Time
 -- Sample Stats:
       Sample Size 27157107 bp
       Num Contigs Represented = 48
       Non ambiguous bp:
             Initial: 27024273 bp
             After Masking: 25222034 bp
             Masked: 6.67 % 
 -- Input Database Coverage: 39276282 bp out of 42679920 bp ( 92.03 % )
Sampling Time: 00:02:16 (hh:mm:ss) Elapsed Time
Running all-by-other comparisons...
        0% completed,  04:15:56 (hh:mm:ss) est. time remaining.
        0% completed,  02:7:30 (hh:mm:ss) est. time remaining.
        0% completed,  02:53:30 (hh:mm:ss) est. time remaining.
        1% completed,  02:9:50 (hh:mm:ss) est. time remaining.
        1% completed,  02:36:40 (hh:mm:ss) est. time remaining.
        1% completed,  02:11:11 (hh:mm:ss) est. time remaining.
        1% completed,  02:27:25 (hh:mm:ss) est. time remaining.
        2% completed,  02:10:09 (hh:mm:ss) est. time remaining.
        2% completed,  02:23:20 (hh:mm:ss) est. time remaining.
        2% completed,  02:10:26 (hh:mm:ss) est. time remaining.
        3% completed,  02:20:32 (hh:mm:ss) est. time remaining.
        3% completed,  02:9:29 (hh:mm:ss) est. time remaining.
        3% completed,  02:17:33 (hh:mm:ss) est. time remaining.
        3% completed,  02:8:15 (hh:mm:ss) est. time remaining.
        4% completed,  02:15:58 (hh:mm:ss) est. time remaining.
        4% completed,  02:7:33 (hh:mm:ss) est. time remaining.
        4% completed,  01:59:46 (hh:mm:ss) est. time remaining.
        5% completed,  02:6:33 (hh:mm:ss) est. time remaining.
        5% completed,  01:59:55 (hh:mm:ss) est. time remaining.
        5% completed,  02:3:41 (hh:mm:ss) est. time remaining.
        5% completed,  01:59:24 (hh:mm:ss) est. time remaining.
        6% completed,  02:3:02 (hh:mm:ss) est. time remaining.
        6% completed,  01:59:21 (hh:mm:ss) est. time remaining.
        6% completed,  02:2:38 (hh:mm:ss) est. time remaining.
        7% completed,  01:57:55 (hh:mm:ss) est. time remaining.
        7% completed,  02:1:47 (hh:mm:ss) est. time remaining.
        7% completed,  01:57:50 (hh:mm:ss) est. time remaining.
        7% completed,  01:58:39 (hh:mm:ss) est. time remaining.
        8% completed,  01:57:07 (hh:mm:ss) est. time remaining.
        8% completed,  01:54:57 (hh:mm:ss) est. time remaining.
        8% completed,  01:57:29 (hh:mm:ss) est. time remaining.
        8% completed,  01:54:45 (hh:mm:ss) est. time remaining.
        9% completed,  01:57:05 (hh:mm:ss) est. time remaining.
        9% completed,  01:54:10 (hh:mm:ss) est. time remaining.
        9% completed,  01:55:35 (hh:mm:ss) est. time remaining.
       10% completed,  01:53:37 (hh:mm:ss) est. time remaining.
       10% completed,  01:54:21 (hh:mm:ss) est. time remaining.
       10% completed,  01:52:55 (hh:mm:ss) est. time remaining.
       10% completed,  01:53:19 (hh:mm:ss) est. time remaining.
       11% completed,  01:52:38 (hh:mm:ss) est. time remaining.
       11% completed,  01:52:44 (hh:mm:ss) est. time remaining.
       11% completed,  01:52:05 (hh:mm:ss) est. time remaining.
       11% completed,  01:50:56 (hh:mm:ss) est. time remaining.
       12% completed,  01:51:31 (hh:mm:ss) est. time remaining.
       12% completed,  01:50:33 (hh:mm:ss) est. time remaining.
       12% completed,  01:51:26 (hh:mm:ss) est. time remaining.
       13% completed,  01:50:02 (hh:mm:ss) est. time remaining.
       13% completed,  01:50:52 (hh:mm:ss) est. time remaining.
       13% completed,  01:49:31 (hh:mm:ss) est. time remaining.
       13% completed,  01:50:18 (hh:mm:ss) est. time remaining.
       14% completed,  01:49:01 (hh:mm:ss) est. time remaining.
       14% completed,  01:49:57 (hh:mm:ss) est. time remaining.
       14% completed,  01:48:30 (hh:mm:ss) est. time remaining.
       14% completed,  01:47:23 (hh:mm:ss) est. time remaining.
       15% completed,  01:46:58 (hh:mm:ss) est. time remaining.
       15% completed,  01:47:00 (hh:mm:ss) est. time remaining.
       15% completed,  01:46:24 (hh:mm:ss) est. time remaining.
       15% completed,  01:46:15 (hh:mm:ss) est. time remaining.
       16% completed,  01:45:40 (hh:mm:ss) est. time remaining.
       16% completed,  01:45:47 (hh:mm:ss) est. time remaining.
       16% completed,  01:44:03 (hh:mm:ss) est. time remaining.
       16% completed,  01:43:06 (hh:mm:ss) est. time remaining.
       17% completed,  01:43:38 (hh:mm:ss) est. time remaining.
       17% completed,  01:42:43 (hh:mm:ss) est. time remaining.
       17% completed,  01:43:08 (hh:mm:ss) est. time remaining.
       18% completed,  01:42:23 (hh:mm:ss) est. time remaining.
       18% completed,  01:42:33 (hh:mm:ss) est. time remaining.
       18% completed,  01:41:54 (hh:mm:ss) est. time remaining.
       18% completed,  01:41:54 (hh:mm:ss) est. time remaining.
       19% completed,  01:41:33 (hh:mm:ss) est. time remaining.
       19% completed,  01:41:21 (hh:mm:ss) est. time remaining.
       19% completed,  01:41:08 (hh:mm:ss) est. time remaining.
       19% completed,  01:40:59 (hh:mm:ss) est. time remaining.
       20% completed,  01:40:47 (hh:mm:ss) est. time remaining.
       20% completed,  01:40:26 (hh:mm:ss) est. time remaining.
       20% completed,  01:40:25 (hh:mm:ss) est. time remaining.
       20% completed,  01:40:04 (hh:mm:ss) est. time remaining.
       21% completed,  01:39:40 (hh:mm:ss) est. time remaining.
       21% completed,  01:38:57 (hh:mm:ss) est. time remaining.
       21% completed,  01:39:07 (hh:mm:ss) est. time remaining.
       21% completed,  01:38:32 (hh:mm:ss) est. time remaining.
       22% completed,  01:38:45 (hh:mm:ss) est. time remaining.
       22% completed,  01:38:00 (hh:mm:ss) est. time remaining.
       22% completed,  01:38:12 (hh:mm:ss) est. time remaining.
       22% completed,  01:37:32 (hh:mm:ss) est. time remaining.
       23% completed,  01:37:16 (hh:mm:ss) est. time remaining.
       23% completed,  01:36:40 (hh:mm:ss) est. time remaining.
       23% completed,  01:36:47 (hh:mm:ss) est. time remaining.
       23% completed,  01:36:09 (hh:mm:ss) est. time remaining.
       24% completed,  01:34:54 (hh:mm:ss) est. time remaining.
       24% completed,  01:35:35 (hh:mm:ss) est. time remaining.
       24% completed,  01:34:21 (hh:mm:ss) est. time remaining.
       24% completed,  01:34:58 (hh:mm:ss) est. time remaining.
       25% completed,  01:33:58 (hh:mm:ss) est. time remaining.
       25% completed,  01:34:31 (hh:mm:ss) est. time remaining.
       25% completed,  01:33:26 (hh:mm:ss) est. time remaining.
       25% completed,  01:33:49 (hh:mm:ss) est. time remaining.
       26% completed,  01:32:40 (hh:mm:ss) est. time remaining.
       26% completed,  01:33:19 (hh:mm:ss) est. time remaining.
       26% completed,  01:32:11 (hh:mm:ss) est. time remaining.
       26% completed,  01:32:43 (hh:mm:ss) est. time remaining.
       27% completed,  01:31:40 (hh:mm:ss) est. time remaining.
       27% completed,  01:31:53 (hh:mm:ss) est. time remaining.
       27% completed,  01:30:56 (hh:mm:ss) est. time remaining.
       27% completed,  01:31:18 (hh:mm:ss) est. time remaining.
       28% completed,  01:30:28 (hh:mm:ss) est. time remaining.
       28% completed,  01:29:51 (hh:mm:ss) est. time remaining.
       28% completed,  01:29:37 (hh:mm:ss) est. time remaining.
       28% completed,  01:29:18 (hh:mm:ss) est. time remaining.
       29% completed,  01:28:53 (hh:mm:ss) est. time remaining.
       29% completed,  01:28:49 (hh:mm:ss) est. time remaining.
       29% completed,  01:28:26 (hh:mm:ss) est. time remaining.
       29% completed,  01:28:17 (hh:mm:ss) est. time remaining.
       29% completed,  01:28:03 (hh:mm:ss) est. time remaining.
       30% completed,  01:27:47 (hh:mm:ss) est. time remaining.
       30% completed,  01:27:31 (hh:mm:ss) est. time remaining.
       30% completed,  01:27:20 (hh:mm:ss) est. time remaining.
       30% completed,  01:27:00 (hh:mm:ss) est. time remaining.
       31% completed,  01:26:53 (hh:mm:ss) est. time remaining.
       31% completed,  01:26:20 (hh:mm:ss) est. time remaining.
       31% completed,  01:25:28 (hh:mm:ss) est. time remaining.
       31% completed,  01:25:30 (hh:mm:ss) est. time remaining.
       32% completed,  01:24:55 (hh:mm:ss) est. time remaining.
       32% completed,  01:24:59 (hh:mm:ss) est. time remaining.
       32% completed,  01:24:30 (hh:mm:ss) est. time remaining.
       32% completed,  01:24:21 (hh:mm:ss) est. time remaining.
       33% completed,  01:23:54 (hh:mm:ss) est. time remaining.
       33% completed,  01:23:55 (hh:mm:ss) est. time remaining.
       33% completed,  01:23:24 (hh:mm:ss) est. time remaining.
       33% completed,  01:22:42 (hh:mm:ss) est. time remaining.
       33% completed,  01:22:29 (hh:mm:ss) est. time remaining.
       34% completed,  01:22:11 (hh:mm:ss) est. time remaining.
       34% completed,  01:21:57 (hh:mm:ss) est. time remaining.
       34% completed,  01:21:44 (hh:mm:ss) est. time remaining.
       34% completed,  01:21:21 (hh:mm:ss) est. time remaining.
       35% completed,  01:21:16 (hh:mm:ss) est. time remaining.
       35% completed,  01:20:32 (hh:mm:ss) est. time remaining.
       35% completed,  01:19:55 (hh:mm:ss) est. time remaining.
       35% completed,  01:20:01 (hh:mm:ss) est. time remaining.
       36% completed,  01:19:20 (hh:mm:ss) est. time remaining.
       36% completed,  01:19:33 (hh:mm:ss) est. time remaining.
       36% completed,  01:18:52 (hh:mm:ss) est. time remaining.
       36% completed,  01:19:00 (hh:mm:ss) est. time remaining.
       36% completed,  01:18:21 (hh:mm:ss) est. time remaining.
       37% completed,  01:18:36 (hh:mm:ss) est. time remaining.
       37% completed,  01:17:52 (hh:mm:ss) est. time remaining.
       37% completed,  01:17:29 (hh:mm:ss) est. time remaining.
       37% completed,  01:17:08 (hh:mm:ss) est. time remaining.
       38% completed,  01:16:56 (hh:mm:ss) est. time remaining.
       38% completed,  01:16:27 (hh:mm:ss) est. time remaining.
       38% completed,  01:16:28 (hh:mm:ss) est. time remaining.
       38% completed,  01:15:56 (hh:mm:ss) est. time remaining.
       39% completed,  01:15:33 (hh:mm:ss) est. time remaining.
       39% completed,  01:15:27 (hh:mm:ss) est. time remaining.
       39% completed,  01:15:03 (hh:mm:ss) est. time remaining.
       39% completed,  01:14:53 (hh:mm:ss) est. time remaining.
       39% completed,  01:14:34 (hh:mm:ss) est. time remaining.
       40% completed,  01:14:02 (hh:mm:ss) est. time remaining.
       40% completed,  01:14:07 (hh:mm:ss) est. time remaining.
       40% completed,  01:13:33 (hh:mm:ss) est. time remaining.
       40% completed,  01:13:10 (hh:mm:ss) est. time remaining.
       41% completed,  01:13:05 (hh:mm:ss) est. time remaining.
       41% completed,  01:12:38 (hh:mm:ss) est. time remaining.
       41% completed,  01:12:27 (hh:mm:ss) est. time remaining.
       41% completed,  01:12:06 (hh:mm:ss) est. time remaining.
       41% completed,  01:11:56 (hh:mm:ss) est. time remaining.
       42% completed,  01:11:36 (hh:mm:ss) est. time remaining.
       42% completed,  01:11:24 (hh:mm:ss) est. time remaining.
       42% completed,  01:11:10 (hh:mm:ss) est. time remaining.
       42% completed,  01:10:39 (hh:mm:ss) est. time remaining.
       42% completed,  01:10:08 (hh:mm:ss) est. time remaining.
       43% completed,  01:10:13 (hh:mm:ss) est. time remaining.
       43% completed,  01:9:39 (hh:mm:ss) est. time remaining.
       43% completed,  01:9:44 (hh:mm:ss) est. time remaining.
       43% completed,  01:9:13 (hh:mm:ss) est. time remaining.
       44% completed,  01:9:16 (hh:mm:ss) est. time remaining.
       44% completed,  01:8:45 (hh:mm:ss) est. time remaining.
       44% completed,  01:8:11 (hh:mm:ss) est. time remaining.
       44% completed,  01:8:01 (hh:mm:ss) est. time remaining.
       44% completed,  01:7:40 (hh:mm:ss) est. time remaining.
       45% completed,  01:7:34 (hh:mm:ss) est. time remaining.
       45% completed,  01:7:13 (hh:mm:ss) est. time remaining.
       45% completed,  01:7:07 (hh:mm:ss) est. time remaining.
       45% completed,  01:6:46 (hh:mm:ss) est. time remaining.
       45% completed,  01:6:40 (hh:mm:ss) est. time remaining.
       46% completed,  01:6:16 (hh:mm:ss) est. time remaining.
       46% completed,  01:6:11 (hh:mm:ss) est. time remaining.
       46% completed,  01:5:43 (hh:mm:ss) est. time remaining.
       46% completed,  01:5:44 (hh:mm:ss) est. time remaining.
       47% completed,  01:5:12 (hh:mm:ss) est. time remaining.
       47% completed,  01:5:12 (hh:mm:ss) est. time remaining.
       47% completed,  01:4:43 (hh:mm:ss) est. time remaining.
       47% completed,  01:4:45 (hh:mm:ss) est. time remaining.
       47% completed,  01:4:15 (hh:mm:ss) est. time remaining.
       48% completed,  01:4:09 (hh:mm:ss) est. time remaining.
       48% completed,  01:3:45 (hh:mm:ss) est. time remaining.
       48% completed,  01:3:41 (hh:mm:ss) est. time remaining.
       48% completed,  01:3:14 (hh:mm:ss) est. time remaining.
       48% completed,  01:3:15 (hh:mm:ss) est. time remaining.
       49% completed,  01:2:48 (hh:mm:ss) est. time remaining.
       49% completed,  01:2:28 (hh:mm:ss) est. time remaining.
       49% completed,  01:2:11 (hh:mm:ss) est. time remaining.
       49% completed,  01:2:00 (hh:mm:ss) est. time remaining.
       49% completed,  01:1:45 (hh:mm:ss) est. time remaining.
       50% completed,  01:1:32 (hh:mm:ss) est. time remaining.
       50% completed,  01:1:19 (hh:mm:ss) est. time remaining.
       50% completed,  01:0:53 (hh:mm:ss) est. time remaining.
       50% completed,  01:0:50 (hh:mm:ss) est. time remaining.
       50% completed,  01:0:20 (hh:mm:ss) est. time remaining.
       51% completed,  01:0:04 (hh:mm:ss) est. time remaining.
       51% completed,  00:59:51 (hh:mm:ss) est. time remaining.
       51% completed,  00:59:37 (hh:mm:ss) est. time remaining.
       51% completed,  00:59:25 (hh:mm:ss) est. time remaining.
       51% completed,  00:59:00 (hh:mm:ss) est. time remaining.
       52% completed,  00:59:01 (hh:mm:ss) est. time remaining.
       52% completed,  00:58:34 (hh:mm:ss) est. time remaining.
       52% completed,  00:58:33 (hh:mm:ss) est. time remaining.
       52% completed,  00:58:08 (hh:mm:ss) est. time remaining.
       52% completed,  00:58:06 (hh:mm:ss) est. time remaining.
       53% completed,  00:57:40 (hh:mm:ss) est. time remaining.
       53% completed,  00:57:33 (hh:mm:ss) est. time remaining.
       53% completed,  00:57:20 (hh:mm:ss) est. time remaining.
       53% completed,  00:57:07 (hh:mm:ss) est. time remaining.
       53% completed,  00:56:54 (hh:mm:ss) est. time remaining.
       54% completed,  00:56:41 (hh:mm:ss) est. time remaining.
       54% completed,  00:56:29 (hh:mm:ss) est. time remaining.
       54% completed,  00:56:14 (hh:mm:ss) est. time remaining.
       54% completed,  00:56:03 (hh:mm:ss) est. time remaining.
       54% completed,  00:55:45 (hh:mm:ss) est. time remaining.
       55% completed,  00:55:33 (hh:mm:ss) est. time remaining.
       55% completed,  00:55:19 (hh:mm:ss) est. time remaining.
       55% completed,  00:55:07 (hh:mm:ss) est. time remaining.
       55% completed,  00:54:54 (hh:mm:ss) est. time remaining.
       55% completed,  00:54:41 (hh:mm:ss) est. time remaining.
       55% completed,  00:54:24 (hh:mm:ss) est. time remaining.
       56% completed,  00:54:14 (hh:mm:ss) est. time remaining.
       56% completed,  00:53:59 (hh:mm:ss) est. time remaining.
       56% completed,  00:53:48 (hh:mm:ss) est. time remaining.
       56% completed,  00:53:34 (hh:mm:ss) est. time remaining.
       56% completed,  00:53:23 (hh:mm:ss) est. time remaining.
       57% completed,  00:53:08 (hh:mm:ss) est. time remaining.
       57% completed,  00:52:54 (hh:mm:ss) est. time remaining.
       57% completed,  00:52:40 (hh:mm:ss) est. time remaining.
       57% completed,  00:52:17 (hh:mm:ss) est. time remaining.
       57% completed,  00:51:59 (hh:mm:ss) est. time remaining.
       58% completed,  00:51:45 (hh:mm:ss) est. time remaining.
       58% completed,  00:51:34 (hh:mm:ss) est. time remaining.
       58% completed,  00:51:18 (hh:mm:ss) est. time remaining.
       58% completed,  00:51:08 (hh:mm:ss) est. time remaining.
       58% completed,  00:50:50 (hh:mm:ss) est. time remaining.
       58% completed,  00:50:27 (hh:mm:ss) est. time remaining.
       59% completed,  00:50:06 (hh:mm:ss) est. time remaining.
       59% completed,  00:49:58 (hh:mm:ss) est. time remaining.
       59% completed,  00:49:42 (hh:mm:ss) est. time remaining.
       59% completed,  00:49:33 (hh:mm:ss) est. time remaining.
       59% completed,  00:49:17 (hh:mm:ss) est. time remaining.
       60% completed,  00:49:09 (hh:mm:ss) est. time remaining.
       60% completed,  00:48:52 (hh:mm:ss) est. time remaining.
       60% completed,  00:48:44 (hh:mm:ss) est. time remaining.
       60% completed,  00:48:26 (hh:mm:ss) est. time remaining.
       60% completed,  00:48:19 (hh:mm:ss) est. time remaining.
       60% completed,  00:48:01 (hh:mm:ss) est. time remaining.
       61% completed,  00:47:47 (hh:mm:ss) est. time remaining.
       61% completed,  00:47:36 (hh:mm:ss) est. time remaining.
       61% completed,  00:47:21 (hh:mm:ss) est. time remaining.
       61% completed,  00:47:11 (hh:mm:ss) est. time remaining.
       61% completed,  00:46:56 (hh:mm:ss) est. time remaining.
       62% completed,  00:46:47 (hh:mm:ss) est. time remaining.
       62% completed,  00:46:31 (hh:mm:ss) est. time remaining.
       62% completed,  00:46:18 (hh:mm:ss) est. time remaining.
       62% completed,  00:46:08 (hh:mm:ss) est. time remaining.
       62% completed,  00:45:54 (hh:mm:ss) est. time remaining.
       62% completed,  00:45:43 (hh:mm:ss) est. time remaining.
       63% completed,  00:45:28 (hh:mm:ss) est. time remaining.
       63% completed,  00:45:10 (hh:mm:ss) est. time remaining.
       63% completed,  00:44:57 (hh:mm:ss) est. time remaining.
       63% completed,  00:44:45 (hh:mm:ss) est. time remaining.
       63% completed,  00:44:34 (hh:mm:ss) est. time remaining.
       63% completed,  00:44:20 (hh:mm:ss) est. time remaining.
       64% completed,  00:44:10 (hh:mm:ss) est. time remaining.
       64% completed,  00:43:55 (hh:mm:ss) est. time remaining.
       64% completed,  00:43:45 (hh:mm:ss) est. time remaining.
       64% completed,  00:43:31 (hh:mm:ss) est. time remaining.
       64% completed,  00:43:19 (hh:mm:ss) est. time remaining.
       64% completed,  00:43:02 (hh:mm:ss) est. time remaining.
       65% completed,  00:42:55 (hh:mm:ss) est. time remaining.
       65% completed,  00:42:38 (hh:mm:ss) est. time remaining.
       65% completed,  00:42:26 (hh:mm:ss) est. time remaining.
       65% completed,  00:42:12 (hh:mm:ss) est. time remaining.
       65% completed,  00:41:59 (hh:mm:ss) est. time remaining.
       65% completed,  00:41:49 (hh:mm:ss) est. time remaining.
       66% completed,  00:41:36 (hh:mm:ss) est. time remaining.
       66% completed,  00:41:26 (hh:mm:ss) est. time remaining.
       66% completed,  00:41:13 (hh:mm:ss) est. time remaining.
       66% completed,  00:41:02 (hh:mm:ss) est. time remaining.
       66% completed,  00:40:50 (hh:mm:ss) est. time remaining.
       66% completed,  00:40:39 (hh:mm:ss) est. time remaining.
       67% completed,  00:40:26 (hh:mm:ss) est. time remaining.
       67% completed,  00:40:16 (hh:mm:ss) est. time remaining.
       67% completed,  00:39:59 (hh:mm:ss) est. time remaining.
       67% completed,  00:39:42 (hh:mm:ss) est. time remaining.
       67% completed,  00:39:34 (hh:mm:ss) est. time remaining.
       67% completed,  00:39:19 (hh:mm:ss) est. time remaining.
       68% completed,  00:39:11 (hh:mm:ss) est. time remaining.
       68% completed,  00:38:55 (hh:mm:ss) est. time remaining.
       68% completed,  00:38:33 (hh:mm:ss) est. time remaining.
       68% completed,  00:38:15 (hh:mm:ss) est. time remaining.
       68% completed,  00:38:10 (hh:mm:ss) est. time remaining.
       69% completed,  00:37:54 (hh:mm:ss) est. time remaining.
       69% completed,  00:37:46 (hh:mm:ss) est. time remaining.
       69% completed,  00:37:31 (hh:mm:ss) est. time remaining.
       69% completed,  00:37:24 (hh:mm:ss) est. time remaining.
       69% completed,  00:37:09 (hh:mm:ss) est. time remaining.
       69% completed,  00:37:02 (hh:mm:ss) est. time remaining.
       70% completed,  00:36:47 (hh:mm:ss) est. time remaining.
       70% completed,  00:36:40 (hh:mm:ss) est. time remaining.
       70% completed,  00:36:24 (hh:mm:ss) est. time remaining.
       70% completed,  00:36:16 (hh:mm:ss) est. time remaining.
       70% completed,  00:36:02 (hh:mm:ss) est. time remaining.
       70% completed,  00:35:50 (hh:mm:ss) est. time remaining.
       70% completed,  00:35:40 (hh:mm:ss) est. time remaining.
       71% completed,  00:35:28 (hh:mm:ss) est. time remaining.
       71% completed,  00:35:17 (hh:mm:ss) est. time remaining.
       71% completed,  00:35:05 (hh:mm:ss) est. time remaining.
       71% completed,  00:34:55 (hh:mm:ss) est. time remaining.
       71% completed,  00:34:44 (hh:mm:ss) est. time remaining.
       71% completed,  00:34:31 (hh:mm:ss) est. time remaining.
       72% completed,  00:34:20 (hh:mm:ss) est. time remaining.
       72% completed,  00:34:06 (hh:mm:ss) est. time remaining.
       72% completed,  00:33:53 (hh:mm:ss) est. time remaining.
       72% completed,  00:33:44 (hh:mm:ss) est. time remaining.
       72% completed,  00:33:32 (hh:mm:ss) est. time remaining.
       72% completed,  00:33:19 (hh:mm:ss) est. time remaining.
       72% completed,  00:33:07 (hh:mm:ss) est. time remaining.
       73% completed,  00:32:58 (hh:mm:ss) est. time remaining.
       73% completed,  00:32:45 (hh:mm:ss) est. time remaining.
       73% completed,  00:32:37 (hh:mm:ss) est. time remaining.
       73% completed,  00:32:25 (hh:mm:ss) est. time remaining.
       73% completed,  00:32:16 (hh:mm:ss) est. time remaining.
       73% completed,  00:32:04 (hh:mm:ss) est. time remaining.
       73% completed,  00:31:53 (hh:mm:ss) est. time remaining.
       74% completed,  00:31:40 (hh:mm:ss) est. time remaining.
       74% completed,  00:31:30 (hh:mm:ss) est. time remaining.
       74% completed,  00:31:17 (hh:mm:ss) est. time remaining.
       74% completed,  00:31:10 (hh:mm:ss) est. time remaining.
       74% completed,  00:30:56 (hh:mm:ss) est. time remaining.
       74% completed,  00:30:49 (hh:mm:ss) est. time remaining.
       74% completed,  00:30:36 (hh:mm:ss) est. time remaining.
       75% completed,  00:30:28 (hh:mm:ss) est. time remaining.
       75% completed,  00:30:15 (hh:mm:ss) est. time remaining.
       75% completed,  00:30:08 (hh:mm:ss) est. time remaining.
       75% completed,  00:29:56 (hh:mm:ss) est. time remaining.
       75% completed,  00:29:44 (hh:mm:ss) est. time remaining.
       75% completed,  00:29:31 (hh:mm:ss) est. time remaining.
       75% completed,  00:29:23 (hh:mm:ss) est. time remaining.
       76% completed,  00:29:11 (hh:mm:ss) est. time remaining.
       76% completed,  00:29:03 (hh:mm:ss) est. time remaining.
       76% completed,  00:28:50 (hh:mm:ss) est. time remaining.
       76% completed,  00:28:43 (hh:mm:ss) est. time remaining.
       76% completed,  00:28:31 (hh:mm:ss) est. time remaining.
       76% completed,  00:28:20 (hh:mm:ss) est. time remaining.
       76% completed,  00:28:12 (hh:mm:ss) est. time remaining.
       77% completed,  00:28:00 (hh:mm:ss) est. time remaining.
       77% completed,  00:27:50 (hh:mm:ss) est. time remaining.
       77% completed,  00:27:41 (hh:mm:ss) est. time remaining.
       77% completed,  00:27:30 (hh:mm:ss) est. time remaining.
       77% completed,  00:27:18 (hh:mm:ss) est. time remaining.
       77% completed,  00:27:11 (hh:mm:ss) est. time remaining.
       77% completed,  00:26:59 (hh:mm:ss) est. time remaining.
       78% completed,  00:26:52 (hh:mm:ss) est. time remaining.
       78% completed,  00:26:40 (hh:mm:ss) est. time remaining.
       78% completed,  00:26:33 (hh:mm:ss) est. time remaining.
       78% completed,  00:26:21 (hh:mm:ss) est. time remaining.
       78% completed,  00:26:14 (hh:mm:ss) est. time remaining.
       78% completed,  00:26:02 (hh:mm:ss) est. time remaining.
       78% completed,  00:25:55 (hh:mm:ss) est. time remaining.
       78% completed,  00:25:44 (hh:mm:ss) est. time remaining.
       79% completed,  00:25:35 (hh:mm:ss) est. time remaining.
       79% completed,  00:25:25 (hh:mm:ss) est. time remaining.
       79% completed,  00:25:16 (hh:mm:ss) est. time remaining.
       79% completed,  00:25:05 (hh:mm:ss) est. time remaining.
       79% completed,  00:24:54 (hh:mm:ss) est. time remaining.
       79% completed,  00:24:45 (hh:mm:ss) est. time remaining.
       79% completed,  00:24:34 (hh:mm:ss) est. time remaining.
       79% completed,  00:24:27 (hh:mm:ss) est. time remaining.
       80% completed,  00:24:15 (hh:mm:ss) est. time remaining.
       80% completed,  00:24:09 (hh:mm:ss) est. time remaining.
       80% completed,  00:23:57 (hh:mm:ss) est. time remaining.
       80% completed,  00:23:50 (hh:mm:ss) est. time remaining.
       80% completed,  00:23:39 (hh:mm:ss) est. time remaining.
       80% completed,  00:23:32 (hh:mm:ss) est. time remaining.
       80% completed,  00:23:22 (hh:mm:ss) est. time remaining.
       80% completed,  00:23:14 (hh:mm:ss) est. time remaining.
       81% completed,  00:23:04 (hh:mm:ss) est. time remaining.
       81% completed,  00:22:53 (hh:mm:ss) est. time remaining.
       81% completed,  00:22:46 (hh:mm:ss) est. time remaining.
       81% completed,  00:22:35 (hh:mm:ss) est. time remaining.
       81% completed,  00:22:28 (hh:mm:ss) est. time remaining.
       81% completed,  00:22:17 (hh:mm:ss) est. time remaining.
       81% completed,  00:22:10 (hh:mm:ss) est. time remaining.
       81% completed,  00:22:01 (hh:mm:ss) est. time remaining.
       82% completed,  00:21:52 (hh:mm:ss) est. time remaining.
       82% completed,  00:21:44 (hh:mm:ss) est. time remaining.
       82% completed,  00:21:33 (hh:mm:ss) est. time remaining.
       82% completed,  00:21:25 (hh:mm:ss) est. time remaining.
       82% completed,  00:21:16 (hh:mm:ss) est. time remaining.
       82% completed,  00:21:08 (hh:mm:ss) est. time remaining.
       82% completed,  00:20:59 (hh:mm:ss) est. time remaining.
       82% completed,  00:20:51 (hh:mm:ss) est. time remaining.
       83% completed,  00:20:42 (hh:mm:ss) est. time remaining.
       83% completed,  00:20:34 (hh:mm:ss) est. time remaining.
       83% completed,  00:20:25 (hh:mm:ss) est. time remaining.
       83% completed,  00:20:17 (hh:mm:ss) est. time remaining.
       83% completed,  00:20:08 (hh:mm:ss) est. time remaining.
       83% completed,  00:20:00 (hh:mm:ss) est. time remaining.
       83% completed,  00:19:52 (hh:mm:ss) est. time remaining.
       83% completed,  00:19:44 (hh:mm:ss) est. time remaining.
       83% completed,  00:19:35 (hh:mm:ss) est. time remaining.
       84% completed,  00:19:28 (hh:mm:ss) est. time remaining.
       84% completed,  00:19:18 (hh:mm:ss) est. time remaining.
       84% completed,  00:19:08 (hh:mm:ss) est. time remaining.
       84% completed,  00:19:01 (hh:mm:ss) est. time remaining.
       84% completed,  00:18:52 (hh:mm:ss) est. time remaining.
       84% completed,  00:18:45 (hh:mm:ss) est. time remaining.
       84% completed,  00:18:36 (hh:mm:ss) est. time remaining.
       84% completed,  00:18:29 (hh:mm:ss) est. time remaining.
       85% completed,  00:18:20 (hh:mm:ss) est. time remaining.
       85% completed,  00:18:13 (hh:mm:ss) est. time remaining.
       85% completed,  00:18:04 (hh:mm:ss) est. time remaining.
       85% completed,  00:17:57 (hh:mm:ss) est. time remaining.
       85% completed,  00:17:48 (hh:mm:ss) est. time remaining.
       85% completed,  00:17:40 (hh:mm:ss) est. time remaining.
       85% completed,  00:17:33 (hh:mm:ss) est. time remaining.
       85% completed,  00:17:25 (hh:mm:ss) est. time remaining.
       85% completed,  00:17:17 (hh:mm:ss) est. time remaining.
       85% completed,  00:17:08 (hh:mm:ss) est. time remaining.
       86% completed,  00:17:00 (hh:mm:ss) est. time remaining.
       86% completed,  00:16:53 (hh:mm:ss) est. time remaining.
       86% completed,  00:16:44 (hh:mm:ss) est. time remaining.
       86% completed,  00:16:37 (hh:mm:ss) est. time remaining.
       86% completed,  00:16:29 (hh:mm:ss) est. time remaining.
       86% completed,  00:16:22 (hh:mm:ss) est. time remaining.
       86% completed,  00:16:14 (hh:mm:ss) est. time remaining.
       86% completed,  00:16:07 (hh:mm:ss) est. time remaining.
       86% completed,  00:15:59 (hh:mm:ss) est. time remaining.
       87% completed,  00:15:53 (hh:mm:ss) est. time remaining.
       87% completed,  00:15:44 (hh:mm:ss) est. time remaining.
       87% completed,  00:15:38 (hh:mm:ss) est. time remaining.
       87% completed,  00:15:29 (hh:mm:ss) est. time remaining.
       87% completed,  00:15:23 (hh:mm:ss) est. time remaining.
       87% completed,  00:15:14 (hh:mm:ss) est. time remaining.
       87% completed,  00:15:08 (hh:mm:ss) est. time remaining.
       87% completed,  00:15:00 (hh:mm:ss) est. time remaining.
       87% completed,  00:14:54 (hh:mm:ss) est. time remaining.
       87% completed,  00:14:45 (hh:mm:ss) est. time remaining.
       88% completed,  00:14:37 (hh:mm:ss) est. time remaining.
       88% completed,  00:14:31 (hh:mm:ss) est. time remaining.
       88% completed,  00:14:23 (hh:mm:ss) est. time remaining.
       88% completed,  00:14:16 (hh:mm:ss) est. time remaining.
       88% completed,  00:14:09 (hh:mm:ss) est. time remaining.
       88% completed,  00:14:02 (hh:mm:ss) est. time remaining.
       88% completed,  00:13:55 (hh:mm:ss) est. time remaining.
       88% completed,  00:13:48 (hh:mm:ss) est. time remaining.
       88% completed,  00:13:41 (hh:mm:ss) est. time remaining.
       88% completed,  00:13:34 (hh:mm:ss) est. time remaining.
       89% completed,  00:13:27 (hh:mm:ss) est. time remaining.
       89% completed,  00:13:20 (hh:mm:ss) est. time remaining.
       89% completed,  00:13:13 (hh:mm:ss) est. time remaining.
       89% completed,  00:13:07 (hh:mm:ss) est. time remaining.
       89% completed,  00:12:59 (hh:mm:ss) est. time remaining.
       89% completed,  00:12:53 (hh:mm:ss) est. time remaining.
       89% completed,  00:12:46 (hh:mm:ss) est. time remaining.
       89% completed,  00:12:39 (hh:mm:ss) est. time remaining.
       89% completed,  00:12:32 (hh:mm:ss) est. time remaining.
       89% completed,  00:12:26 (hh:mm:ss) est. time remaining.
       89% completed,  00:12:19 (hh:mm:ss) est. time remaining.
       90% completed,  00:12:13 (hh:mm:ss) est. time remaining.
       90% completed,  00:12:06 (hh:mm:ss) est. time remaining.
       90% completed,  00:11:59 (hh:mm:ss) est. time remaining.
       90% completed,  00:11:53 (hh:mm:ss) est. time remaining.
       90% completed,  00:11:46 (hh:mm:ss) est. time remaining.
       90% completed,  00:11:40 (hh:mm:ss) est. time remaining.
       90% completed,  00:11:33 (hh:mm:ss) est. time remaining.
       90% completed,  00:11:28 (hh:mm:ss) est. time remaining.
       90% completed,  00:11:21 (hh:mm:ss) est. time remaining.
       90% completed,  00:11:15 (hh:mm:ss) est. time remaining.
       90% completed,  00:11:08 (hh:mm:ss) est. time remaining.
       91% completed,  00:11:02 (hh:mm:ss) est. time remaining.
       91% completed,  00:10:55 (hh:mm:ss) est. time remaining.
       91% completed,  00:10:50 (hh:mm:ss) est. time remaining.
       91% completed,  00:10:43 (hh:mm:ss) est. time remaining.
       91% completed,  00:10:37 (hh:mm:ss) est. time remaining.
       91% completed,  00:10:31 (hh:mm:ss) est. time remaining.
       91% completed,  00:10:25 (hh:mm:ss) est. time remaining.
       91% completed,  00:10:19 (hh:mm:ss) est. time remaining.
       91% completed,  00:10:13 (hh:mm:ss) est. time remaining.
       91% completed,  00:10:07 (hh:mm:ss) est. time remaining.
       91% completed,  00:10:01 (hh:mm:ss) est. time remaining.
       91% completed,  00:9:55 (hh:mm:ss) est. time remaining.
       92% completed,  00:9:49 (hh:mm:ss) est. time remaining.
       92% completed,  00:9:43 (hh:mm:ss) est. time remaining.
       92% completed,  00:9:37 (hh:mm:ss) est. time remaining.
       92% completed,  00:9:31 (hh:mm:ss) est. time remaining.
       92% completed,  00:9:26 (hh:mm:ss) est. time remaining.
       92% completed,  00:9:19 (hh:mm:ss) est. time remaining.
       92% completed,  00:9:14 (hh:mm:ss) est. time remaining.
       92% completed,  00:9:08 (hh:mm:ss) est. time remaining.
       92% completed,  00:9:03 (hh:mm:ss) est. time remaining.
       92% completed,  00:8:57 (hh:mm:ss) est. time remaining.
       92% completed,  00:8:51 (hh:mm:ss) est. time remaining.
       92% completed,  00:8:45 (hh:mm:ss) est. time remaining.
       92% completed,  00:8:40 (hh:mm:ss) est. time remaining.
       93% completed,  00:8:34 (hh:mm:ss) est. time remaining.
       93% completed,  00:8:29 (hh:mm:ss) est. time remaining.
       93% completed,  00:8:23 (hh:mm:ss) est. time remaining.
       93% completed,  00:8:18 (hh:mm:ss) est. time remaining.
       93% completed,  00:8:12 (hh:mm:ss) est. time remaining.
       93% completed,  00:8:06 (hh:mm:ss) est. time remaining.
       93% completed,  00:8:01 (hh:mm:ss) est. time remaining.
       93% completed,  00:7:55 (hh:mm:ss) est. time remaining.
       93% completed,  00:7:50 (hh:mm:ss) est. time remaining.
       93% completed,  00:7:45 (hh:mm:ss) est. time remaining.
       93% completed,  00:7:40 (hh:mm:ss) est. time remaining.
       93% completed,  00:7:34 (hh:mm:ss) est. time remaining.
       93% completed,  00:7:29 (hh:mm:ss) est. time remaining.
       93% completed,  00:7:24 (hh:mm:ss) est. time remaining.
       94% completed,  00:7:19 (hh:mm:ss) est. time remaining.
       94% completed,  00:7:14 (hh:mm:ss) est. time remaining.
       94% completed,  00:7:09 (hh:mm:ss) est. time remaining.
       94% completed,  00:7:04 (hh:mm:ss) est. time remaining.
       94% completed,  00:6:59 (hh:mm:ss) est. time remaining.
       94% completed,  00:6:53 (hh:mm:ss) est. time remaining.
       94% completed,  00:6:49 (hh:mm:ss) est. time remaining.
       94% completed,  00:6:44 (hh:mm:ss) est. time remaining.
       94% completed,  00:6:39 (hh:mm:ss) est. time remaining.
       94% completed,  00:6:34 (hh:mm:ss) est. time remaining.
       94% completed,  00:6:29 (hh:mm:ss) est. time remaining.
       94% completed,  00:6:24 (hh:mm:ss) est. time remaining.
       94% completed,  00:6:19 (hh:mm:ss) est. time remaining.
       94% completed,  00:6:14 (hh:mm:ss) est. time remaining.
       94% completed,  00:6:10 (hh:mm:ss) est. time remaining.
       95% completed,  00:6:05 (hh:mm:ss) est. time remaining.
       95% completed,  00:6:00 (hh:mm:ss) est. time remaining.
       95% completed,  00:5:56 (hh:mm:ss) est. time remaining.
       95% completed,  00:5:51 (hh:mm:ss) est. time remaining.
       95% completed,  00:5:46 (hh:mm:ss) est. time remaining.
       95% completed,  00:5:42 (hh:mm:ss) est. time remaining.
       95% completed,  00:5:37 (hh:mm:ss) est. time remaining.
       95% completed,  00:5:33 (hh:mm:ss) est. time remaining.
       95% completed,  00:5:29 (hh:mm:ss) est. time remaining.
       95% completed,  00:5:24 (hh:mm:ss) est. time remaining.
       95% completed,  00:5:20 (hh:mm:ss) est. time remaining.
       95% completed,  00:5:15 (hh:mm:ss) est. time remaining.
       95% completed,  00:5:11 (hh:mm:ss) est. time remaining.
       95% completed,  00:5:07 (hh:mm:ss) est. time remaining.
       95% completed,  00:5:02 (hh:mm:ss) est. time remaining.
       95% completed,  00:4:58 (hh:mm:ss) est. time remaining.
       96% completed,  00:4:54 (hh:mm:ss) est. time remaining.
       96% completed,  00:4:50 (hh:mm:ss) est. time remaining.
       96% completed,  00:4:46 (hh:mm:ss) est. time remaining.
       96% completed,  00:4:41 (hh:mm:ss) est. time remaining.
       96% completed,  00:4:37 (hh:mm:ss) est. time remaining.
       96% completed,  00:4:33 (hh:mm:ss) est. time remaining.
       96% completed,  00:4:29 (hh:mm:ss) est. time remaining.
       96% completed,  00:4:25 (hh:mm:ss) est. time remaining.
       96% completed,  00:4:21 (hh:mm:ss) est. time remaining.
       96% completed,  00:4:17 (hh:mm:ss) est. time remaining.
       96% completed,  00:4:13 (hh:mm:ss) est. time remaining.
       96% completed,  00:4:09 (hh:mm:ss) est. time remaining.
       96% completed,  00:4:06 (hh:mm:ss) est. time remaining.
       96% completed,  00:4:02 (hh:mm:ss) est. time remaining.
       96% completed,  00:3:58 (hh:mm:ss) est. time remaining.
       96% completed,  00:3:54 (hh:mm:ss) est. time remaining.
       96% completed,  00:3:50 (hh:mm:ss) est. time remaining.
       96% completed,  00:3:47 (hh:mm:ss) est. time remaining.
       96% completed,  00:3:43 (hh:mm:ss) est. time remaining.
       97% completed,  00:3:39 (hh:mm:ss) est. time remaining.
       97% completed,  00:3:36 (hh:mm:ss) est. time remaining.
       97% completed,  00:3:32 (hh:mm:ss) est. time remaining.
       97% completed,  00:3:29 (hh:mm:ss) est. time remaining.
       97% completed,  00:3:25 (hh:mm:ss) est. time remaining.
       97% completed,  00:3:22 (hh:mm:ss) est. time remaining.
       97% completed,  00:3:18 (hh:mm:ss) est. time remaining.
       97% completed,  00:3:15 (hh:mm:ss) est. time remaining.
       97% completed,  00:3:11 (hh:mm:ss) est. time remaining.
       97% completed,  00:3:08 (hh:mm:ss) est. time remaining.
       97% completed,  00:3:04 (hh:mm:ss) est. time remaining.
       97% completed,  00:3:01 (hh:mm:ss) est. time remaining.
       97% completed,  00:2:58 (hh:mm:ss) est. time remaining.
       97% completed,  00:2:54 (hh:mm:ss) est. time remaining.
       97% completed,  00:2:51 (hh:mm:ss) est. time remaining.
       97% completed,  00:2:48 (hh:mm:ss) est. time remaining.
       97% completed,  00:2:45 (hh:mm:ss) est. time remaining.
       97% completed,  00:2:42 (hh:mm:ss) est. time remaining.
       97% completed,  00:2:39 (hh:mm:ss) est. time remaining.
       97% completed,  00:2:36 (hh:mm:ss) est. time remaining.
       97% completed,  00:2:32 (hh:mm:ss) est. time remaining.
       97% completed,  00:2:29 (hh:mm:ss) est. time remaining.
       98% completed,  00:2:26 (hh:mm:ss) est. time remaining.
       98% completed,  00:2:23 (hh:mm:ss) est. time remaining.
       98% completed,  00:2:21 (hh:mm:ss) est. time remaining.
       98% completed,  00:2:18 (hh:mm:ss) est. time remaining.
       98% completed,  00:2:15 (hh:mm:ss) est. time remaining.
       98% completed,  00:2:12 (hh:mm:ss) est. time remaining.
       98% completed,  00:2:09 (hh:mm:ss) est. time remaining.
       98% completed,  00:2:06 (hh:mm:ss) est. time remaining.
       98% completed,  00:2:04 (hh:mm:ss) est. time remaining.
       98% completed,  00:2:01 (hh:mm:ss) est. time remaining.
       98% completed,  00:1:58 (hh:mm:ss) est. time remaining.
       98% completed,  00:1:56 (hh:mm:ss) est. time remaining.
       98% completed,  00:1:53 (hh:mm:ss) est. time remaining.
       98% completed,  00:1:50 (hh:mm:ss) est. time remaining.
       98% completed,  00:1:48 (hh:mm:ss) est. time remaining.
       98% completed,  00:1:45 (hh:mm:ss) est. time remaining.
       98% completed,  00:1:43 (hh:mm:ss) est. time remaining.
       98% completed,  00:1:40 (hh:mm:ss) est. time remaining.
       98% completed,  00:1:38 (hh:mm:ss) est. time remaining.
       98% completed,  00:1:35 (hh:mm:ss) est. time remaining.
       98% completed,  00:1:33 (hh:mm:ss) est. time remaining.
       98% completed,  00:1:30 (hh:mm:ss) est. time remaining.
       98% completed,  00:1:28 (hh:mm:ss) est. time remaining.
       98% completed,  00:1:26 (hh:mm:ss) est. time remaining.
       98% completed,  00:1:24 (hh:mm:ss) est. time remaining.
       98% completed,  00:1:21 (hh:mm:ss) est. time remaining.
       98% completed,  00:1:19 (hh:mm:ss) est. time remaining.
       98% completed,  00:1:17 (hh:mm:ss) est. time remaining.
       98% completed,  00:1:15 (hh:mm:ss) est. time remaining.
       99% completed,  00:1:13 (hh:mm:ss) est. time remaining.
       99% completed,  00:1:11 (hh:mm:ss) est. time remaining.
       99% completed,  00:1:09 (hh:mm:ss) est. time remaining.
       99% completed,  00:1:06 (hh:mm:ss) est. time remaining.
       99% completed,  00:1:04 (hh:mm:ss) est. time remaining.
       99% completed,  00:1:03 (hh:mm:ss) est. time remaining.
       99% completed,  00:1:01 (hh:mm:ss) est. time remaining.
       99% completed,  00:0:59 (hh:mm:ss) est. time remaining.
       99% completed,  00:0:57 (hh:mm:ss) est. time remaining.
       99% completed,  00:0:55 (hh:mm:ss) est. time remaining.
       99% completed,  00:0:53 (hh:mm:ss) est. time remaining.
       99% completed,  00:0:51 (hh:mm:ss) est. time remaining.
       99% completed,  00:0:50 (hh:mm:ss) est. time remaining.
       99% completed,  00:0:48 (hh:mm:ss) est. time remaining.
       99% completed,  00:0:46 (hh:mm:ss) est. time remaining.
       99% completed,  00:0:45 (hh:mm:ss) est. time remaining.
       99% completed,  00:0:43 (hh:mm:ss) est. time remaining.
       99% completed,  00:0:41 (hh:mm:ss) est. time remaining.
       99% completed,  00:0:40 (hh:mm:ss) est. time remaining.
       99% completed,  00:0:38 (hh:mm:ss) est. time remaining.
       99% completed,  00:0:37 (hh:mm:ss) est. time remaining.
       99% completed,  00:0:35 (hh:mm:ss) est. time remaining.
       99% completed,  00:0:34 (hh:mm:ss) est. time remaining.
       99% completed,  00:0:32 (hh:mm:ss) est. time remaining.
       99% completed,  00:0:31 (hh:mm:ss) est. time remaining.
       99% completed,  00:0:30 (hh:mm:ss) est. time remaining.
       99% completed,  00:0:28 (hh:mm:ss) est. time remaining.
       99% completed,  00:0:27 (hh:mm:ss) est. time remaining.
       99% completed,  00:0:26 (hh:mm:ss) est. time remaining.
       99% completed,  00:0:24 (hh:mm:ss) est. time remaining.
       99% completed,  00:0:23 (hh:mm:ss) est. time remaining.
       99% completed,  00:0:22 (hh:mm:ss) est. time remaining.
       99% completed,  00:0:21 (hh:mm:ss) est. time remaining.
       99% completed,  00:0:20 (hh:mm:ss) est. time remaining.
       99% completed,  00:0:19 (hh:mm:ss) est. time remaining.
       99% completed,  00:0:18 (hh:mm:ss) est. time remaining.
       99% completed,  00:0:17 (hh:mm:ss) est. time remaining.
       99% completed,  00:0:16 (hh:mm:ss) est. time remaining.
       99% completed,  00:0:15 (hh:mm:ss) est. time remaining.
       99% completed,  00:0:14 (hh:mm:ss) est. time remaining.
       99% completed,  00:0:13 (hh:mm:ss) est. time remaining.
       99% completed,  00:0:12 (hh:mm:ss) est. time remaining.
       99% completed,  00:0:11 (hh:mm:ss) est. time remaining.
       99% completed,  00:0:10 (hh:mm:ss) est. time remaining.
       99% completed,  00:0:09 (hh:mm:ss) est. time remaining.
       99% completed,  00:0:09 (hh:mm:ss) est. time remaining.
       99% completed,  00:0:08 (hh:mm:ss) est. time remaining.
       99% completed,  00:0:07 (hh:mm:ss) est. time remaining.
       99% completed,  00:0:07 (hh:mm:ss) est. time remaining.
       99% completed,  00:0:06 (hh:mm:ss) est. time remaining.
       99% completed,  00:0:05 (hh:mm:ss) est. time remaining.
       99% completed,  00:0:05 (hh:mm:ss) est. time remaining.
       99% completed,  00:0:04 (hh:mm:ss) est. time remaining.
       99% completed,  00:0:04 (hh:mm:ss) est. time remaining.
       99% completed,  00:0:03 (hh:mm:ss) est. time remaining.
       99% completed,  00:0:03 (hh:mm:ss) est. time remaining.
       99% completed,  00:0:02 (hh:mm:ss) est. time remaining.
       99% completed,  00:0:02 (hh:mm:ss) est. time remaining.
       99% completed,  00:0:02 (hh:mm:ss) est. time remaining.
       99% completed,  00:0:01 (hh:mm:ss) est. time remaining.
       99% completed,  00:0:01 (hh:mm:ss) est. time remaining.
       99% completed,  00:0:01 (hh:mm:ss) est. time remaining.
       99% completed,  00:0:00 (hh:mm:ss) est. time remaining.
       99% completed,  00:0:00 (hh:mm:ss) est. time remaining.
       99% completed,  00:0:00 (hh:mm:ss) est. time remaining.
       99% completed,  00:0:00 (hh:mm:ss) est. time remaining.
       99% completed,  00:0:00 (hh:mm:ss) est. time remaining.
       99% completed,  00:0:00 (hh:mm:ss) est. time remaining.
      100% completed,  00:0:00 (hh:mm:ss) est. time remaining.
Comparison Time: 02:03:21 (hh:mm:ss) Elapsed Time, 15185 HSPs Collected
  - RECON: Running imagespread..
RECON Elapsed: 00:00:00 (hh:mm:ss) Elapsed Time
  - RECON: Running initial definition of elements ( eledef )..
RECON Elapsed: 00:00:20 (hh:mm:ss) Elapsed Time
  - RECON: Running re-definition of elements ( eleredef )..
RECON Elapsed: 00:00:50 (hh:mm:ss) Elapsed Time
  - RECON: Running re-definition of edges ( edgeredef )..
RECON Elapsed: 00:01:19 (hh:mm:ss) Elapsed Time
  - RECON: Running family definition ( famdef )..
RECON Elapsed: 00:00:04 (hh:mm:ss) Elapsed Time
  - Obtaining element sequences
Number of families returned by RECON: 2868
Processing families with greater than 15 elements

Processing RECON family: 245
  - Saving 73 elements
  - Refining family-245 model...

Processing RECON family: 720
  - Saving 61 elements
  - Refining family-720 model...

Processing RECON family: 499
  - Saving 57 elements
  - Refining family-499 model...

Processing RECON family: 141
  - Saving 50 elements
  - Refining family-141 model...

Processing RECON family: 68
  - Saving 46 elements
  - Refining family-68 model...

Processing RECON family: 554
  - Saving 33 elements
  - Refining family-554 model...

Processing RECON family: 1465
  - Saving 31 elements
  - Refining family-1465 model...

Processing RECON family: 106
  - Saving 31 elements
  - Refining family-106 model...

Processing RECON family: 1815
  - Saving 28 elements
  - Refining family-1815 model...

Processing RECON family: 195
  - Saving 27 elements
  - Refining family-195 model...

Processing RECON family: 580
  - Saving 26 elements
  - Refining family-580 model...

Processing RECON family: 497
  - Saving 26 elements
  - Refining family-497 model...

Processing RECON family: 16
  - Saving 25 elements
  - Refining family-16 model...

Processing RECON family: 550
  - Saving 24 elements
  - Refining family-550 model...

Processing RECON family: 1254
  - Saving 24 elements
  - Refining family-1254 model...

Processing RECON family: 1117
  - Saving 21 elements
  - Refining family-1117 model...

Processing RECON family: 241
  - Saving 19 elements
  - Refining family-241 model...

Processing RECON family: 568
  - Saving 18 elements
  - Refining family-568 model...

Processing RECON family: 6
  - Saving 18 elements
  - Refining family-6 model...

Processing RECON family: 986
  - Saving 18 elements
  - Refining family-986 model...

Processing RECON family: 37
  - Saving 18 elements
  - Refining family-37 model...

Processing RECON family: 134
  - Saving 17 elements
  - Refining family-134 model...

Processing RECON family: 1299
  - Saving 16 elements
  - Refining family-1299 model...

Processing RECON family: 487
  - Saving 16 elements
  - Refining family-487 model...

Processing RECON family: 2007
  - Saving 16 elements
  - Refining family-2007 model...
Family Refinement: 00:01:44 (hh:mm:ss) Elapsed Time
Round Time: 02:10:38 (hh:mm:ss) Elapsed Time
   - Increasing sample size to include end piece now = 84560745


RepeatModeler Round # 5
========================
Searching for Repeats
 -- Sampling from the database...
   - Gathering up to 84560745 bp
   - Sequence extraction : 00:00:01 (hh:mm:ss) Elapsed Time
 -- Running TRFMask on the sequence...
       144 Tandem Repeats Masked
   - TRFMask time 00:00:04 (hh:mm:ss) Elapsed Time
 -- Masking repeats from the previous rounds...
  - Masking 1 - 5 of 90
  - Masking 16 - 30 of 90
  - Masking 41 - 65 of 90
  - Masking 76 - 90 of 90
   - TE Masking time 00:00:12 (hh:mm:ss) Elapsed Time
 -- Sample Stats:
       Sample Size 3403354 bp
       Num Contigs Represented = 30
       Non ambiguous bp:
             Initial: 3383466 bp
             After Masking: 3203175 bp
             Masked: 5.33 % 
 -- Input Database Coverage: 42679636 bp out of 42679920 bp ( 100.00 % )
Sampling Time: 00:00:17 (hh:mm:ss) Elapsed Time
Running all-by-other comparisons...
        2% completed,  00:4:27 (hh:mm:ss) est. time remaining.
        4% completed,  00:2:09 (hh:mm:ss) est. time remaining.
        6% completed,  00:2:50 (hh:mm:ss) est. time remaining.
        8% completed,  00:2:05 (hh:mm:ss) est. time remaining.
       10% completed,  00:2:19 (hh:mm:ss) est. time remaining.
       12% completed,  00:2:00 (hh:mm:ss) est. time remaining.
       15% completed,  00:2:04 (hh:mm:ss) est. time remaining.
       17% completed,  00:1:51 (hh:mm:ss) est. time remaining.
       19% completed,  00:1:54 (hh:mm:ss) est. time remaining.
       21% completed,  00:1:48 (hh:mm:ss) est. time remaining.
       23% completed,  00:1:46 (hh:mm:ss) est. time remaining.
       25% completed,  00:1:41 (hh:mm:ss) est. time remaining.
       26% completed,  00:1:40 (hh:mm:ss) est. time remaining.
       28% completed,  00:1:36 (hh:mm:ss) est. time remaining.
       30% completed,  00:1:34 (hh:mm:ss) est. time remaining.
       32% completed,  00:1:31 (hh:mm:ss) est. time remaining.
       34% completed,  00:1:29 (hh:mm:ss) est. time remaining.
       36% completed,  00:1:26 (hh:mm:ss) est. time remaining.
       37% completed,  00:1:25 (hh:mm:ss) est. time remaining.
       39% completed,  00:1:22 (hh:mm:ss) est. time remaining.
       41% completed,  00:1:20 (hh:mm:ss) est. time remaining.
       43% completed,  00:1:17 (hh:mm:ss) est. time remaining.
       44% completed,  00:1:15 (hh:mm:ss) est. time remaining.
       46% completed,  00:1:11 (hh:mm:ss) est. time remaining.
       48% completed,  00:1:10 (hh:mm:ss) est. time remaining.
       49% completed,  00:1:06 (hh:mm:ss) est. time remaining.
       51% completed,  00:1:05 (hh:mm:ss) est. time remaining.
       52% completed,  00:1:01 (hh:mm:ss) est. time remaining.
       54% completed,  00:0:59 (hh:mm:ss) est. time remaining.
       55% completed,  00:0:57 (hh:mm:ss) est. time remaining.
       57% completed,  00:0:55 (hh:mm:ss) est. time remaining.
       58% completed,  00:0:53 (hh:mm:ss) est. time remaining.
       60% completed,  00:0:51 (hh:mm:ss) est. time remaining.
       61% completed,  00:0:49 (hh:mm:ss) est. time remaining.
       62% completed,  00:0:48 (hh:mm:ss) est. time remaining.
       64% completed,  00:0:46 (hh:mm:ss) est. time remaining.
       65% completed,  00:0:45 (hh:mm:ss) est. time remaining.
       66% completed,  00:0:43 (hh:mm:ss) est. time remaining.
       68% completed,  00:0:41 (hh:mm:ss) est. time remaining.
       69% completed,  00:0:40 (hh:mm:ss) est. time remaining.
       70% completed,  00:0:37 (hh:mm:ss) est. time remaining.
       71% completed,  00:0:36 (hh:mm:ss) est. time remaining.
       73% completed,  00:0:34 (hh:mm:ss) est. time remaining.
       74% completed,  00:0:32 (hh:mm:ss) est. time remaining.
       75% completed,  00:0:31 (hh:mm:ss) est. time remaining.
       76% completed,  00:0:29 (hh:mm:ss) est. time remaining.
       77% completed,  00:0:28 (hh:mm:ss) est. time remaining.
       78% completed,  00:0:27 (hh:mm:ss) est. time remaining.
       79% completed,  00:0:26 (hh:mm:ss) est. time remaining.
       80% completed,  00:0:24 (hh:mm:ss) est. time remaining.
       81% completed,  00:0:23 (hh:mm:ss) est. time remaining.
       82% completed,  00:0:22 (hh:mm:ss) est. time remaining.
       83% completed,  00:0:20 (hh:mm:ss) est. time remaining.
       84% completed,  00:0:19 (hh:mm:ss) est. time remaining.
       85% completed,  00:0:18 (hh:mm:ss) est. time remaining.
       85% completed,  00:0:17 (hh:mm:ss) est. time remaining.
       86% completed,  00:0:16 (hh:mm:ss) est. time remaining.
       87% completed,  00:0:15 (hh:mm:ss) est. time remaining.
       88% completed,  00:0:14 (hh:mm:ss) est. time remaining.
       89% completed,  00:0:13 (hh:mm:ss) est. time remaining.
       89% completed,  00:0:12 (hh:mm:ss) est. time remaining.
       90% completed,  00:0:12 (hh:mm:ss) est. time remaining.
       91% completed,  00:0:11 (hh:mm:ss) est. time remaining.
       91% completed,  00:0:10 (hh:mm:ss) est. time remaining.
       92% completed,  00:0:09 (hh:mm:ss) est. time remaining.
       93% completed,  00:0:08 (hh:mm:ss) est. time remaining.
       93% completed,  00:0:08 (hh:mm:ss) est. time remaining.
       94% completed,  00:0:07 (hh:mm:ss) est. time remaining.
       94% completed,  00:0:06 (hh:mm:ss) est. time remaining.
       95% completed,  00:0:06 (hh:mm:ss) est. time remaining.
       95% completed,  00:0:05 (hh:mm:ss) est. time remaining.
       96% completed,  00:0:04 (hh:mm:ss) est. time remaining.
       96% completed,  00:0:04 (hh:mm:ss) est. time remaining.
       96% completed,  00:0:03 (hh:mm:ss) est. time remaining.
       97% completed,  00:0:03 (hh:mm:ss) est. time remaining.
       97% completed,  00:0:02 (hh:mm:ss) est. time remaining.
       98% completed,  00:0:02 (hh:mm:ss) est. time remaining.
       98% completed,  00:0:02 (hh:mm:ss) est. time remaining.
       98% completed,  00:0:01 (hh:mm:ss) est. time remaining.
       98% completed,  00:0:01 (hh:mm:ss) est. time remaining.
       99% completed,  00:0:01 (hh:mm:ss) est. time remaining.
       99% completed,  00:0:00 (hh:mm:ss) est. time remaining.
       99% completed,  00:0:00 (hh:mm:ss) est. time remaining.
       99% completed,  00:0:00 (hh:mm:ss) est. time remaining.
       99% completed,  00:0:00 (hh:mm:ss) est. time remaining.
       99% completed,  00:0:00 (hh:mm:ss) est. time remaining.
       99% completed,  00:0:00 (hh:mm:ss) est. time remaining.
       99% completed,  00:0:00 (hh:mm:ss) est. time remaining.
      100% completed,  00:0:00 (hh:mm:ss) est. time remaining.
Comparison Time: 00:02:10 (hh:mm:ss) Elapsed Time, 515 HSPs Collected
  - RECON: Running imagespread..
RECON Elapsed: 00:00:00 (hh:mm:ss) Elapsed Time
  - RECON: Running initial definition of elements ( eledef )..
RECON Elapsed: 00:00:01 (hh:mm:ss) Elapsed Time
  - RECON: Running re-definition of elements ( eleredef )..
RECON Elapsed: 00:00:02 (hh:mm:ss) Elapsed Time
  - RECON: Running re-definition of edges ( edgeredef )..
RECON Elapsed: 00:00:02 (hh:mm:ss) Elapsed Time
  - RECON: Running family definition ( famdef )..
RECON Elapsed: 00:00:00 (hh:mm:ss) Elapsed Time
  - Obtaining element sequences
Number of families returned by RECON: 144
Processing families with greater than 15 elements

Processing RECON family: 2
  - Saving 25 elements
  - Refining family-2 model...
Family Refinement: 00:00:03 (hh:mm:ss) Elapsed Time
Round Time: 00:02:37 (hh:mm:ss) Elapsed Time

RepeatScout/RECON discovery complete: 177 families found


RepeatClassifier Version 2.0.1
======================================
Search Engine = rmblast
  - Looking for Simple and Low Complexity sequences..
  - Looking for similarity to known repeat proteins..
Missing /hpc/group/vilgalyslab/yk158/miniconda3/envs/repeatmasker/share/RepeatMasker/Libraries/RepeatMasker.lib.nsq!
Please rerun the configure program in the RepeatModeler directory
before running this script.
  - Looking for similarity to known repeat consensi..
Classification Time: 00:05:11 (hh:mm:ss) Elapsed Time


Program Time: 03:41:17 (hh:mm:ss) Elapsed Time
Working directory:  /work/yk158/pmiEndo/repeatmodeler/RM_1312.TueAug181844542020
may be deleted unless there were problems with the run.

The results have been saved to:
  Lorju1-families.fa  - Consensus sequences for each family identified.
  Lorju1-families.stk - Seed alignments for each family identified.

The RepeatModeler stockholm file is formatted so that it can
easily be submitted to the Dfam database.  Please consider contributing
curated families to this open database and be a part of this growing
community resource.  For more information contact help@dfam.org.


