RepeatModeler Version 2.0.1
===========================
Search Engine = rmblast 2.9.0+
Dependencies: TRF 4.09, RECON , RepeatScout 1.0.6, RepeatMasker 
LTR Structural Analysis: Disabled [use -LTRStruct to enable]
Random Number Seed: 1597790596
Database = MarPMI226 .
  - Sequences = 35
  - Bases = 42252145
Using output directory = /work/yk158/pmiEndo/repeatmodeler/RM_40763.TueAug181843182020
Storage Throughput = poor ( 187.11 MB/s )
  - NOTE: Poor storage througput will have a large impact on RepeatModeler
          performance.  The low throughput observed above may be due to
          transient usage patterns on the system and may not reflect the
          actual system performance. Whenever possible run RepeatModeler
          in a directory stored on a fast local disk and not over a
          network filesytem.

Ready to start the sampling process.
INFO: The runtime of RepeatModeler heavily depends on the quality of the assembly
      and the repetitive content of the sequences.  It is not imperative
      that RepeatModeler completes all rounds in order to obtain useful
      results.  At the completion of each round, the files ( consensi.fa, and
      families.stk ) found in:
      /work/yk158/pmiEndo/repeatmodeler/RM_40763.TueAug181843182020/ 
      will contain all results produced thus far. These files may be 
      manually copied and run through RepeatClassifier should the program
      be terminated early.


RepeatModeler Round # 1
========================
Searching for Repeats
 -- Sampling from the database...
   - Gathering up to 40000000 bp
   - Final Sample Size = 40003437 bp ( 40003437 non ambiguous )
   - Num Contigs Represented = 35
   - Sequence extraction : 00:00:03 (hh:mm:ss) Elapsed Time
 -- Running RepeatScout on the sequences...
   - RepeatScout: Running build_lmer_table ( l = 14 )..
   - RepeatScout: Running RepeatScout.. : 261 raw families identified
   - RepeatScout: Running filtering stage.. 242 families remaining
   - RepeatScout: 00:10:11 (hh:mm:ss) Elapsed Time
   - Large Satellite Filtering.. : 0 found in 00:00:01 (hh:mm:ss) Elapsed Time
   - Collecting repeat instances...
 -- Refining Family R=85 / 0 ( RS Elements: 238, Using 100 )
 -- Refining Family R=0 / 1 ( RS Elements: 227, Using 100 )
 -- Refining Family R=51 / 2 ( RS Elements: 219, Using 100 )
 -- Refining Family R=179 / 3 ( RS Elements: 218, Using 100 )
 -- Refining Family R=141 / 4 ( RS Elements: 210, Using 100 )
 -- Refining Family R=27 / 5 ( RS Elements: 180, Using 100 )
 -- Refining Family R=2 / 6 ( RS Elements: 115, Using 100 )
 -- Refining Family R=247 / 7 ( RS Elements: 114, Using 100 )
 -- Refining Family R=1 / 8 ( RS Elements: 90, Using 90 )
 -- Refining Family R=197 / 9 ( RS Elements: 89, Using 89 )
 -- Refining Family R=3 / 10 ( RS Elements: 79, Using 79 )
 -- Refining Family R=46 / 11 ( RS Elements: 78, Using 78 )
 -- Refining Family R=21 / 12 ( RS Elements: 72, Using 72 )
 -- Refining Family R=28 / 13 ( RS Elements: 72, Using 72 )
 -- Refining Family R=29 / 14 ( RS Elements: 71, Using 71 )
 -- Refining Family R=32 / 15 ( RS Elements: 62, Using 62 )
 -- Refining Family R=14 / 16 ( RS Elements: 62, Using 62 )
 -- Refining Family R=20 / 17 ( RS Elements: 62, Using 62 )
 -- Refining Family R=250 / 18 ( RS Elements: 58, Using 58 )
 -- Refining Family R=74 / 19 ( RS Elements: 56, Using 56 )
 -- Refining Family R=5 / 20 ( RS Elements: 54, Using 54 )
 -- Refining Family R=15 / 21 ( RS Elements: 54, Using 54 )
 -- Refining Family R=7 / 22 ( RS Elements: 54, Using 54 )
 -- Refining Family R=16 / 23 ( RS Elements: 53, Using 53 )
 -- Refining Family R=13 / 24 ( RS Elements: 52, Using 52 )
 -- Refining Family R=104 / 25 ( RS Elements: 52, Using 52 )
 -- Refining Family R=34 / 26 ( RS Elements: 51, Using 51 )
 -- Refining Family R=174 / 27 ( RS Elements: 51, Using 51 )
 -- Refining Family R=59 / 28 ( RS Elements: 49, Using 49 )
 -- Refining Family R=190 / 29 ( RS Elements: 49, Using 49 )
 -- Refining Family R=107 / 30 ( RS Elements: 44, Using 44 )
 -- Refining Family R=136 / 31 ( RS Elements: 41, Using 41 )
 -- Refining Family R=96 / 32 ( RS Elements: 39, Using 39 )
 -- Refining Family R=10 / 33 ( RS Elements: 39, Using 39 )
 -- Refining Family R=80 / 34 ( RS Elements: 39, Using 39 )
 -- Refining Family R=60 / 35 ( RS Elements: 36, Using 36 )
 -- Refining Family R=71 / 36 ( RS Elements: 36, Using 36 )
 -- Refining Family R=9 / 37 ( RS Elements: 36, Using 36 )
 -- Refining Family R=73 / 38 ( RS Elements: 36, Using 36 )
 -- Refining Family R=97 / 39 ( RS Elements: 35, Using 35 )
 -- Refining Family R=24 / 40 ( RS Elements: 33, Using 33 )
 -- Refining Family R=62 / 41 ( RS Elements: 33, Using 33 )
 -- Refining Family R=40 / 42 ( RS Elements: 33, Using 33 )
 -- Refining Family R=58 / 43 ( RS Elements: 32, Using 32 )
 -- Refining Family R=39 / 44 ( RS Elements: 31, Using 31 )
 -- Refining Family R=23 / 45 ( RS Elements: 27, Using 27 )
 -- Refining Family R=149 / 46 ( RS Elements: 27, Using 27 )
 -- Refining Family R=36 / 47 ( RS Elements: 26, Using 26 )
 -- Refining Family R=78 / 48 ( RS Elements: 25, Using 25 )
 -- Refining Family R=92 / 49 ( RS Elements: 25, Using 25 )
 -- Refining Family R=69 / 50 ( RS Elements: 25, Using 25 )
 -- Refining Family R=11 / 51 ( RS Elements: 24, Using 24 )
 -- Refining Family R=143 / 52 ( RS Elements: 23, Using 23 )
 -- Refining Family R=57 / 53 ( RS Elements: 23, Using 23 )
 -- Refining Family R=204 / 54 ( RS Elements: 21, Using 21 )
 -- Refining Family R=100 / 55 ( RS Elements: 21, Using 21 )
 -- Refining Family R=239 / 56 ( RS Elements: 21, Using 21 )
 -- Refining Family R=124 / 57 ( RS Elements: 21, Using 21 )
 -- Refining Family R=75 / 58 ( RS Elements: 21, Using 21 )
 -- Refining Family R=128 / 59 ( RS Elements: 20, Using 20 )
 -- Refining Family R=33 / 60 ( RS Elements: 20, Using 20 )
 -- Refining Family R=177 / 61 ( RS Elements: 19, Using 19 )
 -- Refining Family R=133 / 62 ( RS Elements: 19, Using 19 )
 -- Refining Family R=41 / 63 ( RS Elements: 19, Using 19 )
 -- Refining Family R=135 / 64 ( RS Elements: 18, Using 18 )
 -- Refining Family R=45 / 65 ( RS Elements: 18, Using 18 )
 -- Refining Family R=248 / 66 ( RS Elements: 18, Using 18 )
 -- Refining Family R=64 / 67 ( RS Elements: 17, Using 17 )
 -- Refining Family R=8 / 68 ( RS Elements: 17, Using 17 )
 -- Refining Family R=105 / 69 ( RS Elements: 17, Using 17 )
 -- Refining Family R=251 / 70 ( RS Elements: 17, Using 17 )
 -- Refining Family R=99 / 71 ( RS Elements: 17, Using 17 )
 -- Refining Family R=22 / 72 ( RS Elements: 16, Using 16 )
 -- Refining Family R=30 / 73 ( RS Elements: 16, Using 16 )
 -- Refining Family R=66 / 74 ( RS Elements: 16, Using 16 )
 -- Refining Family R=163 / 75 ( RS Elements: 16, Using 16 )
 -- Refining Family R=17 / 76 ( RS Elements: 16, Using 16 )
Family Refinement: 00:12:50 (hh:mm:ss) Elapsed Time


RepeatModeler Round # 2
========================
Searching for Repeats
 -- Sampling from the database...
   - Gathering up to 3000000 bp
   - Sequence extraction : 00:00:00 (hh:mm:ss) Elapsed Time
 -- Running TRFMask on the sequence...
       141 Tandem Repeats Masked
   - TRFMask time 00:00:06 (hh:mm:ss) Elapsed Time
 -- Masking repeats from the previous rounds...
  - Masking 1 - 5 of 78
  - Masking 16 - 30 of 78
  - Masking 41 - 65 of 78
  - Masking 76 - 78 of 78
   - TE Masking time 00:00:05 (hh:mm:ss) Elapsed Time
 -- Sample Stats:
       Sample Size 3036446 bp
       Num Contigs Represented = 20
       Non ambiguous bp:
             Initial: 3036446 bp
             After Masking: 2968013 bp
             Masked: 2.25 % 
 -- Input Database Coverage: 3036446 bp out of 42252145 bp ( 7.19 % )
Sampling Time: 00:00:12 (hh:mm:ss) Elapsed Time
Running all-by-other comparisons...
        2% completed,  00:3:10 (hh:mm:ss) est. time remaining.
        5% completed,  00:1:33 (hh:mm:ss) est. time remaining.
        7% completed,  00:2:02 (hh:mm:ss) est. time remaining.
       10% completed,  00:1:29 (hh:mm:ss) est. time remaining.
       12% completed,  00:1:45 (hh:mm:ss) est. time remaining.
       14% completed,  00:1:25 (hh:mm:ss) est. time remaining.
       17% completed,  00:1:35 (hh:mm:ss) est. time remaining.
       19% completed,  00:1:22 (hh:mm:ss) est. time remaining.
       21% completed,  00:1:29 (hh:mm:ss) est. time remaining.
       24% completed,  00:1:18 (hh:mm:ss) est. time remaining.
       26% completed,  00:1:20 (hh:mm:ss) est. time remaining.
       28% completed,  00:1:15 (hh:mm:ss) est. time remaining.
       30% completed,  00:1:16 (hh:mm:ss) est. time remaining.
       32% completed,  00:1:09 (hh:mm:ss) est. time remaining.
       34% completed,  00:1:10 (hh:mm:ss) est. time remaining.
       37% completed,  00:1:04 (hh:mm:ss) est. time remaining.
       39% completed,  00:1:03 (hh:mm:ss) est. time remaining.
       41% completed,  00:1:00 (hh:mm:ss) est. time remaining.
       43% completed,  00:0:59 (hh:mm:ss) est. time remaining.
       44% completed,  00:0:56 (hh:mm:ss) est. time remaining.
       46% completed,  00:0:55 (hh:mm:ss) est. time remaining.
       48% completed,  00:0:52 (hh:mm:ss) est. time remaining.
       50% completed,  00:0:48 (hh:mm:ss) est. time remaining.
       52% completed,  00:0:47 (hh:mm:ss) est. time remaining.
       54% completed,  00:0:45 (hh:mm:ss) est. time remaining.
       55% completed,  00:0:44 (hh:mm:ss) est. time remaining.
       57% completed,  00:0:42 (hh:mm:ss) est. time remaining.
       59% completed,  00:0:40 (hh:mm:ss) est. time remaining.
       60% completed,  00:0:39 (hh:mm:ss) est. time remaining.
       62% completed,  00:0:37 (hh:mm:ss) est. time remaining.
       64% completed,  00:0:36 (hh:mm:ss) est. time remaining.
       65% completed,  00:0:34 (hh:mm:ss) est. time remaining.
       67% completed,  00:0:32 (hh:mm:ss) est. time remaining.
       68% completed,  00:0:31 (hh:mm:ss) est. time remaining.
       69% completed,  00:0:30 (hh:mm:ss) est. time remaining.
       71% completed,  00:0:28 (hh:mm:ss) est. time remaining.
       72% completed,  00:0:27 (hh:mm:ss) est. time remaining.
       74% completed,  00:0:26 (hh:mm:ss) est. time remaining.
       75% completed,  00:0:24 (hh:mm:ss) est. time remaining.
       76% completed,  00:0:23 (hh:mm:ss) est. time remaining.
       77% completed,  00:0:22 (hh:mm:ss) est. time remaining.
       79% completed,  00:0:21 (hh:mm:ss) est. time remaining.
       80% completed,  00:0:20 (hh:mm:ss) est. time remaining.
       81% completed,  00:0:19 (hh:mm:ss) est. time remaining.
       82% completed,  00:0:17 (hh:mm:ss) est. time remaining.
       83% completed,  00:0:16 (hh:mm:ss) est. time remaining.
       84% completed,  00:0:15 (hh:mm:ss) est. time remaining.
       85% completed,  00:0:14 (hh:mm:ss) est. time remaining.
       86% completed,  00:0:13 (hh:mm:ss) est. time remaining.
       87% completed,  00:0:12 (hh:mm:ss) est. time remaining.
       88% completed,  00:0:12 (hh:mm:ss) est. time remaining.
       89% completed,  00:0:11 (hh:mm:ss) est. time remaining.
       90% completed,  00:0:10 (hh:mm:ss) est. time remaining.
       90% completed,  00:0:09 (hh:mm:ss) est. time remaining.
       91% completed,  00:0:08 (hh:mm:ss) est. time remaining.
       92% completed,  00:0:07 (hh:mm:ss) est. time remaining.
       93% completed,  00:0:07 (hh:mm:ss) est. time remaining.
       93% completed,  00:0:06 (hh:mm:ss) est. time remaining.
       94% completed,  00:0:05 (hh:mm:ss) est. time remaining.
       94% completed,  00:0:05 (hh:mm:ss) est. time remaining.
       95% completed,  00:0:04 (hh:mm:ss) est. time remaining.
       96% completed,  00:0:04 (hh:mm:ss) est. time remaining.
       96% completed,  00:0:03 (hh:mm:ss) est. time remaining.
       96% completed,  00:0:03 (hh:mm:ss) est. time remaining.
       97% completed,  00:0:02 (hh:mm:ss) est. time remaining.
       97% completed,  00:0:02 (hh:mm:ss) est. time remaining.
       98% completed,  00:0:01 (hh:mm:ss) est. time remaining.
       98% completed,  00:0:01 (hh:mm:ss) est. time remaining.
       98% completed,  00:0:01 (hh:mm:ss) est. time remaining.
       99% completed,  00:0:00 (hh:mm:ss) est. time remaining.
       99% completed,  00:0:00 (hh:mm:ss) est. time remaining.
       99% completed,  00:0:00 (hh:mm:ss) est. time remaining.
       99% completed,  00:0:00 (hh:mm:ss) est. time remaining.
       99% completed,  00:0:00 (hh:mm:ss) est. time remaining.
       99% completed,  00:0:00 (hh:mm:ss) est. time remaining.
       99% completed,  00:0:00 (hh:mm:ss) est. time remaining.
      100% completed,  00:0:00 (hh:mm:ss) est. time remaining.
Comparison Time: 00:01:45 (hh:mm:ss) Elapsed Time, 85 HSPs Collected
  - RECON: Running imagespread..
RECON Elapsed: 00:00:00 (hh:mm:ss) Elapsed Time
  - RECON: Running initial definition of elements ( eledef )..
RECON Elapsed: 00:00:00 (hh:mm:ss) Elapsed Time
  - RECON: Running re-definition of elements ( eleredef )..
RECON Elapsed: 00:00:01 (hh:mm:ss) Elapsed Time
  - RECON: Running re-definition of edges ( edgeredef )..
RECON Elapsed: 00:00:00 (hh:mm:ss) Elapsed Time
  - RECON: Running family definition ( famdef )..
RECON Elapsed: 00:00:00 (hh:mm:ss) Elapsed Time
  - Obtaining element sequences
Number of families returned by RECON: 67
Processing families with greater than 15 elements
Family Refinement: 00:00:00 (hh:mm:ss) Elapsed Time
Round Time: 00:01:59 (hh:mm:ss) Elapsed Time


RepeatModeler Round # 3
========================
Searching for Repeats
 -- Sampling from the database...
   - Gathering up to 9000000 bp
   - Sequence extraction : 00:00:01 (hh:mm:ss) Elapsed Time
 -- Running TRFMask on the sequence...
       413 Tandem Repeats Masked
   - TRFMask time 00:00:16 (hh:mm:ss) Elapsed Time
 -- Masking repeats from the previous rounds...
  - Masking 1 - 5 of 232
  - Masking 6 - 10 of 232
  - Masking 21 - 35 of 232
  - Masking 46 - 70 of 232
  - Masking 81 - 115 of 232
  - Masking 126 - 170 of 232
  - Masking 181 - 232 of 232
   - TE Masking time 00:00:16 (hh:mm:ss) Elapsed Time
 -- Sample Stats:
       Sample Size 9039046 bp
       Num Contigs Represented = 27
       Non ambiguous bp:
             Initial: 9039046 bp
             After Masking: 8860949 bp
             Masked: 1.97 % 
 -- Input Database Coverage: 12075492 bp out of 42252145 bp ( 28.58 % )
Sampling Time: 00:00:34 (hh:mm:ss) Elapsed Time
Running all-by-other comparisons...
        0% completed,  00:28:45 (hh:mm:ss) est. time remaining.
        1% completed,  00:14:16 (hh:mm:ss) est. time remaining.
        2% completed,  00:18:17 (hh:mm:ss) est. time remaining.
        3% completed,  00:15:30 (hh:mm:ss) est. time remaining.
        4% completed,  00:16:48 (hh:mm:ss) est. time remaining.
        5% completed,  00:14:50 (hh:mm:ss) est. time remaining.
        5% completed,  00:15:47 (hh:mm:ss) est. time remaining.
        6% completed,  00:14:38 (hh:mm:ss) est. time remaining.
        7% completed,  00:15:20 (hh:mm:ss) est. time remaining.
        8% completed,  00:14:26 (hh:mm:ss) est. time remaining.
        9% completed,  00:14:40 (hh:mm:ss) est. time remaining.
       10% completed,  00:14:05 (hh:mm:ss) est. time remaining.
       10% completed,  00:14:25 (hh:mm:ss) est. time remaining.
       11% completed,  00:13:40 (hh:mm:ss) est. time remaining.
       12% completed,  00:14:03 (hh:mm:ss) est. time remaining.
       13% completed,  00:13:31 (hh:mm:ss) est. time remaining.
       14% completed,  00:15:22 (hh:mm:ss) est. time remaining.
       14% completed,  00:15:27 (hh:mm:ss) est. time remaining.
       15% completed,  00:15:21 (hh:mm:ss) est. time remaining.
       16% completed,  00:16:35 (hh:mm:ss) est. time remaining.
       17% completed,  00:16:14 (hh:mm:ss) est. time remaining.
       18% completed,  00:16:04 (hh:mm:ss) est. time remaining.
       18% completed,  00:15:50 (hh:mm:ss) est. time remaining.
       19% completed,  00:15:08 (hh:mm:ss) est. time remaining.
       20% completed,  00:14:57 (hh:mm:ss) est. time remaining.
       21% completed,  00:14:46 (hh:mm:ss) est. time remaining.
       21% completed,  00:14:39 (hh:mm:ss) est. time remaining.
       22% completed,  00:14:29 (hh:mm:ss) est. time remaining.
       23% completed,  00:14:15 (hh:mm:ss) est. time remaining.
       24% completed,  00:14:12 (hh:mm:ss) est. time remaining.
       24% completed,  00:14:02 (hh:mm:ss) est. time remaining.
       25% completed,  00:13:56 (hh:mm:ss) est. time remaining.
       26% completed,  00:13:47 (hh:mm:ss) est. time remaining.
       27% completed,  00:13:38 (hh:mm:ss) est. time remaining.
       27% completed,  00:13:32 (hh:mm:ss) est. time remaining.
       28% completed,  00:13:20 (hh:mm:ss) est. time remaining.
       29% completed,  00:13:12 (hh:mm:ss) est. time remaining.
       30% completed,  00:13:04 (hh:mm:ss) est. time remaining.
       30% completed,  00:12:37 (hh:mm:ss) est. time remaining.
       31% completed,  00:12:32 (hh:mm:ss) est. time remaining.
       32% completed,  00:12:14 (hh:mm:ss) est. time remaining.
       32% completed,  00:12:11 (hh:mm:ss) est. time remaining.
       33% completed,  00:11:52 (hh:mm:ss) est. time remaining.
       34% completed,  00:11:51 (hh:mm:ss) est. time remaining.
       35% completed,  00:11:33 (hh:mm:ss) est. time remaining.
       35% completed,  00:11:30 (hh:mm:ss) est. time remaining.
       36% completed,  00:11:13 (hh:mm:ss) est. time remaining.
       37% completed,  00:11:12 (hh:mm:ss) est. time remaining.
       37% completed,  00:10:58 (hh:mm:ss) est. time remaining.
       38% completed,  00:10:52 (hh:mm:ss) est. time remaining.
       39% completed,  00:10:41 (hh:mm:ss) est. time remaining.
       39% completed,  00:10:36 (hh:mm:ss) est. time remaining.
       40% completed,  00:10:23 (hh:mm:ss) est. time remaining.
       41% completed,  00:10:19 (hh:mm:ss) est. time remaining.
       41% completed,  00:10:09 (hh:mm:ss) est. time remaining.
       42% completed,  00:10:02 (hh:mm:ss) est. time remaining.
       43% completed,  00:9:53 (hh:mm:ss) est. time remaining.
       43% completed,  00:9:40 (hh:mm:ss) est. time remaining.
       44% completed,  00:9:30 (hh:mm:ss) est. time remaining.
       45% completed,  00:9:25 (hh:mm:ss) est. time remaining.
       45% completed,  00:9:15 (hh:mm:ss) est. time remaining.
       46% completed,  00:9:10 (hh:mm:ss) est. time remaining.
       47% completed,  00:9:01 (hh:mm:ss) est. time remaining.
       47% completed,  00:9:02 (hh:mm:ss) est. time remaining.
       48% completed,  00:8:59 (hh:mm:ss) est. time remaining.
       48% completed,  00:8:54 (hh:mm:ss) est. time remaining.
       49% completed,  00:8:48 (hh:mm:ss) est. time remaining.
       50% completed,  00:8:42 (hh:mm:ss) est. time remaining.
       50% completed,  00:8:37 (hh:mm:ss) est. time remaining.
       51% completed,  00:8:31 (hh:mm:ss) est. time remaining.
       51% completed,  00:8:18 (hh:mm:ss) est. time remaining.
       52% completed,  00:8:16 (hh:mm:ss) est. time remaining.
       53% completed,  00:8:04 (hh:mm:ss) est. time remaining.
       53% completed,  00:8:02 (hh:mm:ss) est. time remaining.
       54% completed,  00:7:51 (hh:mm:ss) est. time remaining.
       54% completed,  00:7:48 (hh:mm:ss) est. time remaining.
       55% completed,  00:7:38 (hh:mm:ss) est. time remaining.
       56% completed,  00:7:35 (hh:mm:ss) est. time remaining.
       56% completed,  00:7:25 (hh:mm:ss) est. time remaining.
       57% completed,  00:7:22 (hh:mm:ss) est. time remaining.
       57% completed,  00:7:12 (hh:mm:ss) est. time remaining.
       58% completed,  00:7:10 (hh:mm:ss) est. time remaining.
       58% completed,  00:7:00 (hh:mm:ss) est. time remaining.
       59% completed,  00:6:56 (hh:mm:ss) est. time remaining.
       59% completed,  00:6:48 (hh:mm:ss) est. time remaining.
       60% completed,  00:6:44 (hh:mm:ss) est. time remaining.
       61% completed,  00:6:37 (hh:mm:ss) est. time remaining.
       61% completed,  00:6:31 (hh:mm:ss) est. time remaining.
       62% completed,  00:6:25 (hh:mm:ss) est. time remaining.
       62% completed,  00:6:19 (hh:mm:ss) est. time remaining.
       63% completed,  00:6:14 (hh:mm:ss) est. time remaining.
       63% completed,  00:6:08 (hh:mm:ss) est. time remaining.
       64% completed,  00:6:03 (hh:mm:ss) est. time remaining.
       64% completed,  00:5:57 (hh:mm:ss) est. time remaining.
       65% completed,  00:5:52 (hh:mm:ss) est. time remaining.
       65% completed,  00:5:47 (hh:mm:ss) est. time remaining.
       66% completed,  00:5:41 (hh:mm:ss) est. time remaining.
       66% completed,  00:5:35 (hh:mm:ss) est. time remaining.
       67% completed,  00:5:30 (hh:mm:ss) est. time remaining.
       67% completed,  00:5:23 (hh:mm:ss) est. time remaining.
       68% completed,  00:5:20 (hh:mm:ss) est. time remaining.
       68% completed,  00:5:13 (hh:mm:ss) est. time remaining.
       69% completed,  00:5:10 (hh:mm:ss) est. time remaining.
       69% completed,  00:5:03 (hh:mm:ss) est. time remaining.
       70% completed,  00:4:59 (hh:mm:ss) est. time remaining.
       70% completed,  00:4:53 (hh:mm:ss) est. time remaining.
       71% completed,  00:4:49 (hh:mm:ss) est. time remaining.
       71% completed,  00:4:43 (hh:mm:ss) est. time remaining.
       71% completed,  00:4:40 (hh:mm:ss) est. time remaining.
       72% completed,  00:4:34 (hh:mm:ss) est. time remaining.
       72% completed,  00:4:30 (hh:mm:ss) est. time remaining.
       73% completed,  00:4:25 (hh:mm:ss) est. time remaining.
       73% completed,  00:4:21 (hh:mm:ss) est. time remaining.
       74% completed,  00:4:16 (hh:mm:ss) est. time remaining.
       74% completed,  00:4:12 (hh:mm:ss) est. time remaining.
       75% completed,  00:4:07 (hh:mm:ss) est. time remaining.
       75% completed,  00:4:03 (hh:mm:ss) est. time remaining.
       75% completed,  00:3:58 (hh:mm:ss) est. time remaining.
       76% completed,  00:3:53 (hh:mm:ss) est. time remaining.
       76% completed,  00:3:48 (hh:mm:ss) est. time remaining.
       77% completed,  00:3:44 (hh:mm:ss) est. time remaining.
       77% completed,  00:3:40 (hh:mm:ss) est. time remaining.
       78% completed,  00:3:36 (hh:mm:ss) est. time remaining.
       78% completed,  00:3:32 (hh:mm:ss) est. time remaining.
       78% completed,  00:3:28 (hh:mm:ss) est. time remaining.
       79% completed,  00:3:24 (hh:mm:ss) est. time remaining.
       79% completed,  00:3:19 (hh:mm:ss) est. time remaining.
       80% completed,  00:3:16 (hh:mm:ss) est. time remaining.
       80% completed,  00:3:12 (hh:mm:ss) est. time remaining.
       80% completed,  00:3:08 (hh:mm:ss) est. time remaining.
       81% completed,  00:3:04 (hh:mm:ss) est. time remaining.
       81% completed,  00:3:01 (hh:mm:ss) est. time remaining.
       81% completed,  00:2:57 (hh:mm:ss) est. time remaining.
       82% completed,  00:2:54 (hh:mm:ss) est. time remaining.
       82% completed,  00:2:49 (hh:mm:ss) est. time remaining.
       82% completed,  00:2:46 (hh:mm:ss) est. time remaining.
       83% completed,  00:2:42 (hh:mm:ss) est. time remaining.
       83% completed,  00:2:39 (hh:mm:ss) est. time remaining.
       84% completed,  00:2:35 (hh:mm:ss) est. time remaining.
       84% completed,  00:2:32 (hh:mm:ss) est. time remaining.
       84% completed,  00:2:29 (hh:mm:ss) est. time remaining.
       85% completed,  00:2:26 (hh:mm:ss) est. time remaining.
       85% completed,  00:2:22 (hh:mm:ss) est. time remaining.
       85% completed,  00:2:19 (hh:mm:ss) est. time remaining.
       86% completed,  00:2:15 (hh:mm:ss) est. time remaining.
       86% completed,  00:2:13 (hh:mm:ss) est. time remaining.
       86% completed,  00:2:09 (hh:mm:ss) est. time remaining.
       86% completed,  00:2:06 (hh:mm:ss) est. time remaining.
       87% completed,  00:2:03 (hh:mm:ss) est. time remaining.
       87% completed,  00:2:00 (hh:mm:ss) est. time remaining.
       87% completed,  00:1:57 (hh:mm:ss) est. time remaining.
       88% completed,  00:1:54 (hh:mm:ss) est. time remaining.
       88% completed,  00:1:51 (hh:mm:ss) est. time remaining.
       88% completed,  00:1:49 (hh:mm:ss) est. time remaining.
       89% completed,  00:1:46 (hh:mm:ss) est. time remaining.
       89% completed,  00:1:43 (hh:mm:ss) est. time remaining.
       89% completed,  00:1:40 (hh:mm:ss) est. time remaining.
       89% completed,  00:1:38 (hh:mm:ss) est. time remaining.
       90% completed,  00:1:35 (hh:mm:ss) est. time remaining.
       90% completed,  00:1:32 (hh:mm:ss) est. time remaining.
       90% completed,  00:1:29 (hh:mm:ss) est. time remaining.
       90% completed,  00:1:27 (hh:mm:ss) est. time remaining.
       91% completed,  00:1:24 (hh:mm:ss) est. time remaining.
       91% completed,  00:1:22 (hh:mm:ss) est. time remaining.
       91% completed,  00:1:20 (hh:mm:ss) est. time remaining.
       91% completed,  00:1:17 (hh:mm:ss) est. time remaining.
       92% completed,  00:1:15 (hh:mm:ss) est. time remaining.
       92% completed,  00:1:12 (hh:mm:ss) est. time remaining.
       92% completed,  00:1:10 (hh:mm:ss) est. time remaining.
       92% completed,  00:1:08 (hh:mm:ss) est. time remaining.
       93% completed,  00:1:06 (hh:mm:ss) est. time remaining.
       93% completed,  00:1:04 (hh:mm:ss) est. time remaining.
       93% completed,  00:1:01 (hh:mm:ss) est. time remaining.
       93% completed,  00:0:59 (hh:mm:ss) est. time remaining.
       94% completed,  00:0:57 (hh:mm:ss) est. time remaining.
       94% completed,  00:0:55 (hh:mm:ss) est. time remaining.
       94% completed,  00:0:53 (hh:mm:ss) est. time remaining.
       94% completed,  00:0:51 (hh:mm:ss) est. time remaining.
       94% completed,  00:0:49 (hh:mm:ss) est. time remaining.
       95% completed,  00:0:47 (hh:mm:ss) est. time remaining.
       95% completed,  00:0:46 (hh:mm:ss) est. time remaining.
       95% completed,  00:0:44 (hh:mm:ss) est. time remaining.
       95% completed,  00:0:42 (hh:mm:ss) est. time remaining.
       95% completed,  00:0:40 (hh:mm:ss) est. time remaining.
       95% completed,  00:0:39 (hh:mm:ss) est. time remaining.
       96% completed,  00:0:37 (hh:mm:ss) est. time remaining.
       96% completed,  00:0:35 (hh:mm:ss) est. time remaining.
       96% completed,  00:0:34 (hh:mm:ss) est. time remaining.
       96% completed,  00:0:32 (hh:mm:ss) est. time remaining.
       96% completed,  00:0:31 (hh:mm:ss) est. time remaining.
       96% completed,  00:0:29 (hh:mm:ss) est. time remaining.
       97% completed,  00:0:28 (hh:mm:ss) est. time remaining.
       97% completed,  00:0:26 (hh:mm:ss) est. time remaining.
       97% completed,  00:0:25 (hh:mm:ss) est. time remaining.
       97% completed,  00:0:24 (hh:mm:ss) est. time remaining.
       97% completed,  00:0:22 (hh:mm:ss) est. time remaining.
       97% completed,  00:0:21 (hh:mm:ss) est. time remaining.
       97% completed,  00:0:20 (hh:mm:ss) est. time remaining.
       98% completed,  00:0:19 (hh:mm:ss) est. time remaining.
       98% completed,  00:0:17 (hh:mm:ss) est. time remaining.
       98% completed,  00:0:16 (hh:mm:ss) est. time remaining.
       98% completed,  00:0:15 (hh:mm:ss) est. time remaining.
       98% completed,  00:0:14 (hh:mm:ss) est. time remaining.
       98% completed,  00:0:13 (hh:mm:ss) est. time remaining.
       98% completed,  00:0:12 (hh:mm:ss) est. time remaining.
       98% completed,  00:0:11 (hh:mm:ss) est. time remaining.
       98% completed,  00:0:10 (hh:mm:ss) est. time remaining.
       98% completed,  00:0:09 (hh:mm:ss) est. time remaining.
       99% completed,  00:0:09 (hh:mm:ss) est. time remaining.
       99% completed,  00:0:08 (hh:mm:ss) est. time remaining.
       99% completed,  00:0:07 (hh:mm:ss) est. time remaining.
       99% completed,  00:0:06 (hh:mm:ss) est. time remaining.
       99% completed,  00:0:06 (hh:mm:ss) est. time remaining.
       99% completed,  00:0:05 (hh:mm:ss) est. time remaining.
       99% completed,  00:0:04 (hh:mm:ss) est. time remaining.
       99% completed,  00:0:04 (hh:mm:ss) est. time remaining.
       99% completed,  00:0:03 (hh:mm:ss) est. time remaining.
       99% completed,  00:0:03 (hh:mm:ss) est. time remaining.
       99% completed,  00:0:02 (hh:mm:ss) est. time remaining.
       99% completed,  00:0:02 (hh:mm:ss) est. time remaining.
       99% completed,  00:0:01 (hh:mm:ss) est. time remaining.
       99% completed,  00:0:01 (hh:mm:ss) est. time remaining.
       99% completed,  00:0:01 (hh:mm:ss) est. time remaining.
       99% completed,  00:0:01 (hh:mm:ss) est. time remaining.
       99% completed,  00:0:00 (hh:mm:ss) est. time remaining.
       99% completed,  00:0:00 (hh:mm:ss) est. time remaining.
       99% completed,  00:0:00 (hh:mm:ss) est. time remaining.
       99% completed,  00:0:00 (hh:mm:ss) est. time remaining.
       99% completed,  00:0:00 (hh:mm:ss) est. time remaining.
       99% completed,  00:0:00 (hh:mm:ss) est. time remaining.
      100% completed,  00:0:00 (hh:mm:ss) est. time remaining.
Comparison Time: 00:16:07 (hh:mm:ss) Elapsed Time, 952 HSPs Collected
  - RECON: Running imagespread..
RECON Elapsed: 00:00:00 (hh:mm:ss) Elapsed Time
  - RECON: Running initial definition of elements ( eledef )..
RECON Elapsed: 00:00:03 (hh:mm:ss) Elapsed Time
  - RECON: Running re-definition of elements ( eleredef )..
RECON Elapsed: 00:00:03 (hh:mm:ss) Elapsed Time
  - RECON: Running re-definition of edges ( edgeredef )..
RECON Elapsed: 00:00:05 (hh:mm:ss) Elapsed Time
  - RECON: Running family definition ( famdef )..
RECON Elapsed: 00:00:01 (hh:mm:ss) Elapsed Time
  - Obtaining element sequences
Number of families returned by RECON: 485
Processing families with greater than 15 elements
Family Refinement: 00:00:00 (hh:mm:ss) Elapsed Time
Round Time: 00:16:57 (hh:mm:ss) Elapsed Time


RepeatModeler Round # 4
========================
Searching for Repeats
 -- Sampling from the database...
   - Gathering up to 27000000 bp
   - Sequence extraction : 00:00:02 (hh:mm:ss) Elapsed Time
 -- Running TRFMask on the sequence...
       1342 Tandem Repeats Masked
   - TRFMask time 00:00:41 (hh:mm:ss) Elapsed Time
 -- Masking repeats from the previous rounds...
  - Masking 1 - 5 of 688
  - Masking 16 - 30 of 688
  - Masking 41 - 65 of 688
  - Masking 76 - 110 of 688
  - Masking 121 - 165 of 688
  - Masking 176 - 230 of 688
  - Masking 241 - 305 of 688
  - Masking 316 - 390 of 688
  - Masking 401 - 485 of 688
  - Masking 496 - 590 of 688
  - Masking 596 - 688 of 688
   - TE Masking time 00:00:47 (hh:mm:ss) Elapsed Time
 -- Sample Stats:
       Sample Size 27004905 bp
       Num Contigs Represented = 30
       Non ambiguous bp:
             Initial: 27004905 bp
             After Masking: 26399224 bp
             Masked: 2.24 % 
 -- Input Database Coverage: 39080397 bp out of 42252145 bp ( 92.49 % )
Sampling Time: 00:01:32 (hh:mm:ss) Elapsed Time
Running all-by-other comparisons...
        0% completed,  04:22:58 (hh:mm:ss) est. time remaining.
        0% completed,  02:11:11 (hh:mm:ss) est. time remaining.
        0% completed,  02:26:09 (hh:mm:ss) est. time remaining.
        1% completed,  02:9:12 (hh:mm:ss) est. time remaining.
        1% completed,  02:17:08 (hh:mm:ss) est. time remaining.
        1% completed,  02:8:09 (hh:mm:ss) est. time remaining.
        2% completed,  02:16:12 (hh:mm:ss) est. time remaining.
        2% completed,  02:5:15 (hh:mm:ss) est. time remaining.
        2% completed,  02:14:48 (hh:mm:ss) est. time remaining.
        2% completed,  02:4:25 (hh:mm:ss) est. time remaining.
        3% completed,  02:15:13 (hh:mm:ss) est. time remaining.
        3% completed,  02:6:28 (hh:mm:ss) est. time remaining.
        3% completed,  02:11:53 (hh:mm:ss) est. time remaining.
        4% completed,  02:10:32 (hh:mm:ss) est. time remaining.
        4% completed,  02:7:50 (hh:mm:ss) est. time remaining.
        4% completed,  02:9:15 (hh:mm:ss) est. time remaining.
        4% completed,  02:7:52 (hh:mm:ss) est. time remaining.
        5% completed,  02:7:50 (hh:mm:ss) est. time remaining.
        5% completed,  02:7:46 (hh:mm:ss) est. time remaining.
        5% completed,  02:6:52 (hh:mm:ss) est. time remaining.
        6% completed,  02:5:45 (hh:mm:ss) est. time remaining.
        6% completed,  02:6:13 (hh:mm:ss) est. time remaining.
        6% completed,  02:5:11 (hh:mm:ss) est. time remaining.
        6% completed,  02:5:35 (hh:mm:ss) est. time remaining.
        7% completed,  02:4:24 (hh:mm:ss) est. time remaining.
        7% completed,  02:3:55 (hh:mm:ss) est. time remaining.
        7% completed,  02:3:15 (hh:mm:ss) est. time remaining.
        7% completed,  02:4:09 (hh:mm:ss) est. time remaining.
        8% completed,  02:2:45 (hh:mm:ss) est. time remaining.
        8% completed,  02:2:51 (hh:mm:ss) est. time remaining.
        8% completed,  02:1:43 (hh:mm:ss) est. time remaining.
        9% completed,  02:1:18 (hh:mm:ss) est. time remaining.
        9% completed,  02:0:44 (hh:mm:ss) est. time remaining.
        9% completed,  02:0:49 (hh:mm:ss) est. time remaining.
        9% completed,  02:0:16 (hh:mm:ss) est. time remaining.
       10% completed,  02:0:11 (hh:mm:ss) est. time remaining.
       10% completed,  01:59:39 (hh:mm:ss) est. time remaining.
       10% completed,  01:59:09 (hh:mm:ss) est. time remaining.
       11% completed,  01:58:30 (hh:mm:ss) est. time remaining.
       11% completed,  02:0:31 (hh:mm:ss) est. time remaining.
       11% completed,  02:2:01 (hh:mm:ss) est. time remaining.
       11% completed,  02:3:40 (hh:mm:ss) est. time remaining.
       12% completed,  02:4:45 (hh:mm:ss) est. time remaining.
       12% completed,  02:4:21 (hh:mm:ss) est. time remaining.
       12% completed,  02:1:37 (hh:mm:ss) est. time remaining.
       12% completed,  02:2:03 (hh:mm:ss) est. time remaining.
       13% completed,  01:59:57 (hh:mm:ss) est. time remaining.
       13% completed,  02:1:08 (hh:mm:ss) est. time remaining.
       13% completed,  01:59:12 (hh:mm:ss) est. time remaining.
       14% completed,  02:0:01 (hh:mm:ss) est. time remaining.
       14% completed,  01:58:11 (hh:mm:ss) est. time remaining.
       14% completed,  01:58:23 (hh:mm:ss) est. time remaining.
       14% completed,  01:57:01 (hh:mm:ss) est. time remaining.
       15% completed,  01:57:34 (hh:mm:ss) est. time remaining.
       15% completed,  01:55:59 (hh:mm:ss) est. time remaining.
       15% completed,  01:54:06 (hh:mm:ss) est. time remaining.
       15% completed,  01:54:07 (hh:mm:ss) est. time remaining.
       16% completed,  01:53:21 (hh:mm:ss) est. time remaining.
       16% completed,  01:53:11 (hh:mm:ss) est. time remaining.
       16% completed,  01:53:02 (hh:mm:ss) est. time remaining.
       16% completed,  01:51:43 (hh:mm:ss) est. time remaining.
       17% completed,  01:52:13 (hh:mm:ss) est. time remaining.
       17% completed,  01:50:48 (hh:mm:ss) est. time remaining.
       17% completed,  01:51:35 (hh:mm:ss) est. time remaining.
       18% completed,  01:49:54 (hh:mm:ss) est. time remaining.
       18% completed,  01:50:43 (hh:mm:ss) est. time remaining.
       18% completed,  01:49:06 (hh:mm:ss) est. time remaining.
       18% completed,  01:49:53 (hh:mm:ss) est. time remaining.
       19% completed,  01:48:10 (hh:mm:ss) est. time remaining.
       19% completed,  01:49:09 (hh:mm:ss) est. time remaining.
       19% completed,  01:47:29 (hh:mm:ss) est. time remaining.
       19% completed,  01:48:17 (hh:mm:ss) est. time remaining.
       20% completed,  01:46:48 (hh:mm:ss) est. time remaining.
       20% completed,  01:47:18 (hh:mm:ss) est. time remaining.
       20% completed,  01:45:48 (hh:mm:ss) est. time remaining.
       20% completed,  01:46:33 (hh:mm:ss) est. time remaining.
       21% completed,  01:45:17 (hh:mm:ss) est. time remaining.
       21% completed,  01:45:52 (hh:mm:ss) est. time remaining.
       21% completed,  01:44:34 (hh:mm:ss) est. time remaining.
       21% completed,  01:45:08 (hh:mm:ss) est. time remaining.
       22% completed,  01:43:56 (hh:mm:ss) est. time remaining.
       22% completed,  01:44:25 (hh:mm:ss) est. time remaining.
       22% completed,  01:43:21 (hh:mm:ss) est. time remaining.
       22% completed,  01:43:50 (hh:mm:ss) est. time remaining.
       23% completed,  01:42:31 (hh:mm:ss) est. time remaining.
       23% completed,  01:43:08 (hh:mm:ss) est. time remaining.
       23% completed,  01:41:51 (hh:mm:ss) est. time remaining.
       23% completed,  01:42:33 (hh:mm:ss) est. time remaining.
       24% completed,  01:41:08 (hh:mm:ss) est. time remaining.
       24% completed,  01:41:39 (hh:mm:ss) est. time remaining.
       24% completed,  01:40:20 (hh:mm:ss) est. time remaining.
       24% completed,  01:40:38 (hh:mm:ss) est. time remaining.
       25% completed,  01:39:39 (hh:mm:ss) est. time remaining.
       25% completed,  01:39:56 (hh:mm:ss) est. time remaining.
       25% completed,  01:39:01 (hh:mm:ss) est. time remaining.
       25% completed,  01:39:12 (hh:mm:ss) est. time remaining.
       26% completed,  01:38:15 (hh:mm:ss) est. time remaining.
       26% completed,  01:38:37 (hh:mm:ss) est. time remaining.
       26% completed,  01:37:44 (hh:mm:ss) est. time remaining.
       26% completed,  01:37:43 (hh:mm:ss) est. time remaining.
       27% completed,  01:37:10 (hh:mm:ss) est. time remaining.
       27% completed,  01:36:56 (hh:mm:ss) est. time remaining.
       27% completed,  01:36:39 (hh:mm:ss) est. time remaining.
       27% completed,  01:36:14 (hh:mm:ss) est. time remaining.
       28% completed,  01:35:55 (hh:mm:ss) est. time remaining.
       28% completed,  01:34:58 (hh:mm:ss) est. time remaining.
       28% completed,  01:35:19 (hh:mm:ss) est. time remaining.
       28% completed,  01:34:24 (hh:mm:ss) est. time remaining.
       29% completed,  01:34:39 (hh:mm:ss) est. time remaining.
       29% completed,  01:33:49 (hh:mm:ss) est. time remaining.
       29% completed,  01:34:02 (hh:mm:ss) est. time remaining.
       29% completed,  01:33:08 (hh:mm:ss) est. time remaining.
       30% completed,  01:33:11 (hh:mm:ss) est. time remaining.
       30% completed,  01:32:23 (hh:mm:ss) est. time remaining.
       30% completed,  01:32:26 (hh:mm:ss) est. time remaining.
       30% completed,  01:31:43 (hh:mm:ss) est. time remaining.
       31% completed,  01:31:41 (hh:mm:ss) est. time remaining.
       31% completed,  01:31:04 (hh:mm:ss) est. time remaining.
       31% completed,  01:30:57 (hh:mm:ss) est. time remaining.
       31% completed,  01:30:25 (hh:mm:ss) est. time remaining.
       32% completed,  01:30:14 (hh:mm:ss) est. time remaining.
       32% completed,  01:29:46 (hh:mm:ss) est. time remaining.
       32% completed,  01:29:13 (hh:mm:ss) est. time remaining.
       32% completed,  01:29:12 (hh:mm:ss) est. time remaining.
       33% completed,  01:28:33 (hh:mm:ss) est. time remaining.
       33% completed,  01:28:30 (hh:mm:ss) est. time remaining.
       33% completed,  01:27:56 (hh:mm:ss) est. time remaining.
       33% completed,  01:27:53 (hh:mm:ss) est. time remaining.
       34% completed,  01:27:25 (hh:mm:ss) est. time remaining.
       34% completed,  01:27:24 (hh:mm:ss) est. time remaining.
       34% completed,  01:26:43 (hh:mm:ss) est. time remaining.
       34% completed,  01:26:45 (hh:mm:ss) est. time remaining.
       34% completed,  01:26:08 (hh:mm:ss) est. time remaining.
       35% completed,  01:26:07 (hh:mm:ss) est. time remaining.
       35% completed,  01:25:29 (hh:mm:ss) est. time remaining.
       35% completed,  01:24:46 (hh:mm:ss) est. time remaining.
       35% completed,  01:24:57 (hh:mm:ss) est. time remaining.
       36% completed,  01:24:17 (hh:mm:ss) est. time remaining.
       36% completed,  01:24:20 (hh:mm:ss) est. time remaining.
       36% completed,  01:23:37 (hh:mm:ss) est. time remaining.
       36% completed,  01:23:42 (hh:mm:ss) est. time remaining.
       37% completed,  01:23:06 (hh:mm:ss) est. time remaining.
       37% completed,  01:23:02 (hh:mm:ss) est. time remaining.
       37% completed,  01:22:29 (hh:mm:ss) est. time remaining.
       37% completed,  01:22:30 (hh:mm:ss) est. time remaining.
       37% completed,  01:21:53 (hh:mm:ss) est. time remaining.
       38% completed,  01:21:35 (hh:mm:ss) est. time remaining.
       38% completed,  01:21:15 (hh:mm:ss) est. time remaining.
       38% completed,  01:21:00 (hh:mm:ss) est. time remaining.
       38% completed,  01:20:41 (hh:mm:ss) est. time remaining.
       39% completed,  01:20:26 (hh:mm:ss) est. time remaining.
       39% completed,  01:19:58 (hh:mm:ss) est. time remaining.
       39% completed,  01:19:47 (hh:mm:ss) est. time remaining.
       39% completed,  01:19:22 (hh:mm:ss) est. time remaining.
       40% completed,  01:19:10 (hh:mm:ss) est. time remaining.
       40% completed,  01:18:45 (hh:mm:ss) est. time remaining.
       40% completed,  01:18:30 (hh:mm:ss) est. time remaining.
       40% completed,  01:18:09 (hh:mm:ss) est. time remaining.
       40% completed,  01:17:47 (hh:mm:ss) est. time remaining.
       41% completed,  01:17:33 (hh:mm:ss) est. time remaining.
       41% completed,  01:17:07 (hh:mm:ss) est. time remaining.
       41% completed,  01:16:53 (hh:mm:ss) est. time remaining.
       41% completed,  01:16:31 (hh:mm:ss) est. time remaining.
       42% completed,  01:16:14 (hh:mm:ss) est. time remaining.
       42% completed,  01:15:56 (hh:mm:ss) est. time remaining.
       42% completed,  01:15:38 (hh:mm:ss) est. time remaining.
       42% completed,  01:15:14 (hh:mm:ss) est. time remaining.
       42% completed,  01:15:03 (hh:mm:ss) est. time remaining.
       43% completed,  01:14:42 (hh:mm:ss) est. time remaining.
       43% completed,  01:14:28 (hh:mm:ss) est. time remaining.
       43% completed,  01:14:05 (hh:mm:ss) est. time remaining.
       43% completed,  01:13:54 (hh:mm:ss) est. time remaining.
       43% completed,  01:13:29 (hh:mm:ss) est. time remaining.
       44% completed,  01:13:17 (hh:mm:ss) est. time remaining.
       44% completed,  01:12:52 (hh:mm:ss) est. time remaining.
       44% completed,  01:12:37 (hh:mm:ss) est. time remaining.
       44% completed,  01:12:12 (hh:mm:ss) est. time remaining.
       45% completed,  01:12:03 (hh:mm:ss) est. time remaining.
       45% completed,  01:11:38 (hh:mm:ss) est. time remaining.
       45% completed,  01:11:33 (hh:mm:ss) est. time remaining.
       45% completed,  01:11:08 (hh:mm:ss) est. time remaining.
       45% completed,  01:10:55 (hh:mm:ss) est. time remaining.
       46% completed,  01:10:33 (hh:mm:ss) est. time remaining.
       46% completed,  01:10:21 (hh:mm:ss) est. time remaining.
       46% completed,  01:10:00 (hh:mm:ss) est. time remaining.
       46% completed,  01:9:48 (hh:mm:ss) est. time remaining.
       47% completed,  01:9:27 (hh:mm:ss) est. time remaining.
       47% completed,  01:9:13 (hh:mm:ss) est. time remaining.
       47% completed,  01:8:56 (hh:mm:ss) est. time remaining.
       47% completed,  01:8:40 (hh:mm:ss) est. time remaining.
       47% completed,  01:8:12 (hh:mm:ss) est. time remaining.
       48% completed,  01:8:02 (hh:mm:ss) est. time remaining.
       48% completed,  01:7:31 (hh:mm:ss) est. time remaining.
       48% completed,  01:7:29 (hh:mm:ss) est. time remaining.
       48% completed,  01:6:58 (hh:mm:ss) est. time remaining.
       48% completed,  01:6:57 (hh:mm:ss) est. time remaining.
       49% completed,  01:6:25 (hh:mm:ss) est. time remaining.
       49% completed,  01:6:26 (hh:mm:ss) est. time remaining.
       49% completed,  01:5:54 (hh:mm:ss) est. time remaining.
       49% completed,  01:5:49 (hh:mm:ss) est. time remaining.
       49% completed,  01:5:19 (hh:mm:ss) est. time remaining.
       50% completed,  01:4:50 (hh:mm:ss) est. time remaining.
       50% completed,  01:4:42 (hh:mm:ss) est. time remaining.
       50% completed,  01:4:18 (hh:mm:ss) est. time remaining.
       50% completed,  01:4:08 (hh:mm:ss) est. time remaining.
       50% completed,  01:3:44 (hh:mm:ss) est. time remaining.
       51% completed,  01:3:36 (hh:mm:ss) est. time remaining.
       51% completed,  01:3:11 (hh:mm:ss) est. time remaining.
       51% completed,  01:3:04 (hh:mm:ss) est. time remaining.
       51% completed,  01:2:40 (hh:mm:ss) est. time remaining.
       51% completed,  01:2:25 (hh:mm:ss) est. time remaining.
       52% completed,  01:2:01 (hh:mm:ss) est. time remaining.
       52% completed,  01:1:53 (hh:mm:ss) est. time remaining.
       52% completed,  01:1:28 (hh:mm:ss) est. time remaining.
       52% completed,  01:1:23 (hh:mm:ss) est. time remaining.
       52% completed,  01:0:56 (hh:mm:ss) est. time remaining.
       53% completed,  01:0:55 (hh:mm:ss) est. time remaining.
       53% completed,  01:0:26 (hh:mm:ss) est. time remaining.
       53% completed,  01:0:20 (hh:mm:ss) est. time remaining.
       53% completed,  00:59:59 (hh:mm:ss) est. time remaining.
       53% completed,  00:59:37 (hh:mm:ss) est. time remaining.
       54% completed,  00:59:18 (hh:mm:ss) est. time remaining.
       54% completed,  00:59:06 (hh:mm:ss) est. time remaining.
       54% completed,  00:58:47 (hh:mm:ss) est. time remaining.
       54% completed,  00:58:35 (hh:mm:ss) est. time remaining.
       54% completed,  00:58:16 (hh:mm:ss) est. time remaining.
       55% completed,  00:58:06 (hh:mm:ss) est. time remaining.
       55% completed,  00:57:45 (hh:mm:ss) est. time remaining.
       55% completed,  00:57:38 (hh:mm:ss) est. time remaining.
       55% completed,  00:57:12 (hh:mm:ss) est. time remaining.
       55% completed,  00:57:05 (hh:mm:ss) est. time remaining.
       56% completed,  00:56:44 (hh:mm:ss) est. time remaining.
       56% completed,  00:56:33 (hh:mm:ss) est. time remaining.
       56% completed,  00:56:15 (hh:mm:ss) est. time remaining.
       56% completed,  00:56:05 (hh:mm:ss) est. time remaining.
       56% completed,  00:55:47 (hh:mm:ss) est. time remaining.
       57% completed,  00:55:35 (hh:mm:ss) est. time remaining.
       57% completed,  00:55:18 (hh:mm:ss) est. time remaining.
       57% completed,  00:55:02 (hh:mm:ss) est. time remaining.
       57% completed,  00:54:48 (hh:mm:ss) est. time remaining.
       57% completed,  00:54:32 (hh:mm:ss) est. time remaining.
       58% completed,  00:54:18 (hh:mm:ss) est. time remaining.
       58% completed,  00:54:03 (hh:mm:ss) est. time remaining.
       58% completed,  00:53:47 (hh:mm:ss) est. time remaining.
       58% completed,  00:53:24 (hh:mm:ss) est. time remaining.
       58% completed,  00:53:07 (hh:mm:ss) est. time remaining.
       58% completed,  00:52:55 (hh:mm:ss) est. time remaining.
       59% completed,  00:52:39 (hh:mm:ss) est. time remaining.
       59% completed,  00:52:25 (hh:mm:ss) est. time remaining.
       59% completed,  00:52:09 (hh:mm:ss) est. time remaining.
       59% completed,  00:51:52 (hh:mm:ss) est. time remaining.
       59% completed,  00:51:40 (hh:mm:ss) est. time remaining.
       60% completed,  00:51:25 (hh:mm:ss) est. time remaining.
       60% completed,  00:51:14 (hh:mm:ss) est. time remaining.
       60% completed,  00:50:57 (hh:mm:ss) est. time remaining.
       60% completed,  00:50:44 (hh:mm:ss) est. time remaining.
       60% completed,  00:50:28 (hh:mm:ss) est. time remaining.
       60% completed,  00:50:16 (hh:mm:ss) est. time remaining.
       61% completed,  00:50:01 (hh:mm:ss) est. time remaining.
       61% completed,  00:49:46 (hh:mm:ss) est. time remaining.
       61% completed,  00:49:32 (hh:mm:ss) est. time remaining.
       61% completed,  00:49:17 (hh:mm:ss) est. time remaining.
       61% completed,  00:49:04 (hh:mm:ss) est. time remaining.
       62% completed,  00:48:50 (hh:mm:ss) est. time remaining.
       62% completed,  00:48:32 (hh:mm:ss) est. time remaining.
       62% completed,  00:48:22 (hh:mm:ss) est. time remaining.
       62% completed,  00:48:06 (hh:mm:ss) est. time remaining.
       62% completed,  00:48:02 (hh:mm:ss) est. time remaining.
       62% completed,  00:47:42 (hh:mm:ss) est. time remaining.
       63% completed,  00:47:21 (hh:mm:ss) est. time remaining.
       63% completed,  00:47:15 (hh:mm:ss) est. time remaining.
       63% completed,  00:46:56 (hh:mm:ss) est. time remaining.
       63% completed,  00:46:48 (hh:mm:ss) est. time remaining.
       63% completed,  00:46:29 (hh:mm:ss) est. time remaining.
       64% completed,  00:46:23 (hh:mm:ss) est. time remaining.
       64% completed,  00:46:04 (hh:mm:ss) est. time remaining.
       64% completed,  00:45:55 (hh:mm:ss) est. time remaining.
       64% completed,  00:45:39 (hh:mm:ss) est. time remaining.
       64% completed,  00:45:26 (hh:mm:ss) est. time remaining.
       64% completed,  00:45:14 (hh:mm:ss) est. time remaining.
       65% completed,  00:44:58 (hh:mm:ss) est. time remaining.
       65% completed,  00:44:47 (hh:mm:ss) est. time remaining.
       65% completed,  00:44:32 (hh:mm:ss) est. time remaining.
       65% completed,  00:44:20 (hh:mm:ss) est. time remaining.
       65% completed,  00:44:07 (hh:mm:ss) est. time remaining.
       65% completed,  00:43:53 (hh:mm:ss) est. time remaining.
       66% completed,  00:43:40 (hh:mm:ss) est. time remaining.
       66% completed,  00:43:29 (hh:mm:ss) est. time remaining.
       66% completed,  00:43:14 (hh:mm:ss) est. time remaining.
       66% completed,  00:42:55 (hh:mm:ss) est. time remaining.
       66% completed,  00:42:47 (hh:mm:ss) est. time remaining.
       66% completed,  00:42:29 (hh:mm:ss) est. time remaining.
       67% completed,  00:42:20 (hh:mm:ss) est. time remaining.
       67% completed,  00:42:07 (hh:mm:ss) est. time remaining.
       67% completed,  00:41:54 (hh:mm:ss) est. time remaining.
       67% completed,  00:41:40 (hh:mm:ss) est. time remaining.
       67% completed,  00:41:29 (hh:mm:ss) est. time remaining.
       67% completed,  00:41:15 (hh:mm:ss) est. time remaining.
       68% completed,  00:41:02 (hh:mm:ss) est. time remaining.
       68% completed,  00:40:53 (hh:mm:ss) est. time remaining.
       68% completed,  00:40:38 (hh:mm:ss) est. time remaining.
       68% completed,  00:40:26 (hh:mm:ss) est. time remaining.
       68% completed,  00:40:14 (hh:mm:ss) est. time remaining.
       68% completed,  00:40:00 (hh:mm:ss) est. time remaining.
       69% completed,  00:39:47 (hh:mm:ss) est. time remaining.
       69% completed,  00:39:37 (hh:mm:ss) est. time remaining.
       69% completed,  00:39:23 (hh:mm:ss) est. time remaining.
       69% completed,  00:39:18 (hh:mm:ss) est. time remaining.
       69% completed,  00:39:12 (hh:mm:ss) est. time remaining.
       69% completed,  00:39:05 (hh:mm:ss) est. time remaining.
       70% completed,  00:38:54 (hh:mm:ss) est. time remaining.
       70% completed,  00:38:43 (hh:mm:ss) est. time remaining.
       70% completed,  00:38:32 (hh:mm:ss) est. time remaining.
       70% completed,  00:38:22 (hh:mm:ss) est. time remaining.
       70% completed,  00:38:05 (hh:mm:ss) est. time remaining.
       70% completed,  00:37:56 (hh:mm:ss) est. time remaining.
       70% completed,  00:37:41 (hh:mm:ss) est. time remaining.
       71% completed,  00:37:30 (hh:mm:ss) est. time remaining.
       71% completed,  00:37:16 (hh:mm:ss) est. time remaining.
       71% completed,  00:37:07 (hh:mm:ss) est. time remaining.
       71% completed,  00:36:56 (hh:mm:ss) est. time remaining.
       71% completed,  00:36:43 (hh:mm:ss) est. time remaining.
       71% completed,  00:36:32 (hh:mm:ss) est. time remaining.
       72% completed,  00:36:17 (hh:mm:ss) est. time remaining.
       72% completed,  00:36:03 (hh:mm:ss) est. time remaining.
       72% completed,  00:35:52 (hh:mm:ss) est. time remaining.
       72% completed,  00:35:41 (hh:mm:ss) est. time remaining.
       72% completed,  00:35:28 (hh:mm:ss) est. time remaining.
       72% completed,  00:35:19 (hh:mm:ss) est. time remaining.
       72% completed,  00:35:05 (hh:mm:ss) est. time remaining.
       73% completed,  00:34:56 (hh:mm:ss) est. time remaining.
       73% completed,  00:34:43 (hh:mm:ss) est. time remaining.
       73% completed,  00:34:31 (hh:mm:ss) est. time remaining.
       73% completed,  00:34:25 (hh:mm:ss) est. time remaining.
       73% completed,  00:34:16 (hh:mm:ss) est. time remaining.
       73% completed,  00:34:02 (hh:mm:ss) est. time remaining.
       74% completed,  00:33:52 (hh:mm:ss) est. time remaining.
       74% completed,  00:33:39 (hh:mm:ss) est. time remaining.
       74% completed,  00:33:29 (hh:mm:ss) est. time remaining.
       74% completed,  00:33:16 (hh:mm:ss) est. time remaining.
       74% completed,  00:33:06 (hh:mm:ss) est. time remaining.
       74% completed,  00:32:52 (hh:mm:ss) est. time remaining.
       74% completed,  00:32:43 (hh:mm:ss) est. time remaining.
       75% completed,  00:32:29 (hh:mm:ss) est. time remaining.
       75% completed,  00:32:20 (hh:mm:ss) est. time remaining.
       75% completed,  00:32:07 (hh:mm:ss) est. time remaining.
       75% completed,  00:31:53 (hh:mm:ss) est. time remaining.
       75% completed,  00:31:42 (hh:mm:ss) est. time remaining.
       75% completed,  00:31:30 (hh:mm:ss) est. time remaining.
       75% completed,  00:31:19 (hh:mm:ss) est. time remaining.
       76% completed,  00:31:08 (hh:mm:ss) est. time remaining.
       76% completed,  00:30:58 (hh:mm:ss) est. time remaining.
       76% completed,  00:30:45 (hh:mm:ss) est. time remaining.
       76% completed,  00:30:36 (hh:mm:ss) est. time remaining.
       76% completed,  00:30:23 (hh:mm:ss) est. time remaining.
       76% completed,  00:30:14 (hh:mm:ss) est. time remaining.
       76% completed,  00:30:01 (hh:mm:ss) est. time remaining.
       77% completed,  00:29:50 (hh:mm:ss) est. time remaining.
       77% completed,  00:29:39 (hh:mm:ss) est. time remaining.
       77% completed,  00:29:28 (hh:mm:ss) est. time remaining.
       77% completed,  00:29:18 (hh:mm:ss) est. time remaining.
       77% completed,  00:29:06 (hh:mm:ss) est. time remaining.
       77% completed,  00:28:57 (hh:mm:ss) est. time remaining.
       77% completed,  00:28:45 (hh:mm:ss) est. time remaining.
       77% completed,  00:28:35 (hh:mm:ss) est. time remaining.
       78% completed,  00:28:24 (hh:mm:ss) est. time remaining.
       78% completed,  00:28:14 (hh:mm:ss) est. time remaining.
       78% completed,  00:28:03 (hh:mm:ss) est. time remaining.
       78% completed,  00:27:53 (hh:mm:ss) est. time remaining.
       78% completed,  00:27:42 (hh:mm:ss) est. time remaining.
       78% completed,  00:27:33 (hh:mm:ss) est. time remaining.
       78% completed,  00:27:22 (hh:mm:ss) est. time remaining.
       79% completed,  00:27:11 (hh:mm:ss) est. time remaining.
       79% completed,  00:27:01 (hh:mm:ss) est. time remaining.
       79% completed,  00:26:51 (hh:mm:ss) est. time remaining.
       79% completed,  00:26:41 (hh:mm:ss) est. time remaining.
       79% completed,  00:26:31 (hh:mm:ss) est. time remaining.
       79% completed,  00:26:21 (hh:mm:ss) est. time remaining.
       79% completed,  00:26:10 (hh:mm:ss) est. time remaining.
       79% completed,  00:26:01 (hh:mm:ss) est. time remaining.
       80% completed,  00:25:51 (hh:mm:ss) est. time remaining.
       80% completed,  00:25:40 (hh:mm:ss) est. time remaining.
       80% completed,  00:25:31 (hh:mm:ss) est. time remaining.
       80% completed,  00:25:20 (hh:mm:ss) est. time remaining.
       80% completed,  00:25:10 (hh:mm:ss) est. time remaining.
       80% completed,  00:25:00 (hh:mm:ss) est. time remaining.
       80% completed,  00:24:51 (hh:mm:ss) est. time remaining.
       81% completed,  00:24:40 (hh:mm:ss) est. time remaining.
       81% completed,  00:24:32 (hh:mm:ss) est. time remaining.
       81% completed,  00:24:21 (hh:mm:ss) est. time remaining.
       81% completed,  00:24:12 (hh:mm:ss) est. time remaining.
       81% completed,  00:24:01 (hh:mm:ss) est. time remaining.
       81% completed,  00:23:53 (hh:mm:ss) est. time remaining.
       81% completed,  00:23:42 (hh:mm:ss) est. time remaining.
       81% completed,  00:23:34 (hh:mm:ss) est. time remaining.
       82% completed,  00:23:23 (hh:mm:ss) est. time remaining.
       82% completed,  00:23:14 (hh:mm:ss) est. time remaining.
       82% completed,  00:23:03 (hh:mm:ss) est. time remaining.
       82% completed,  00:22:55 (hh:mm:ss) est. time remaining.
       82% completed,  00:22:45 (hh:mm:ss) est. time remaining.
       82% completed,  00:22:36 (hh:mm:ss) est. time remaining.
       82% completed,  00:22:26 (hh:mm:ss) est. time remaining.
       82% completed,  00:22:17 (hh:mm:ss) est. time remaining.
       82% completed,  00:22:08 (hh:mm:ss) est. time remaining.
       83% completed,  00:21:58 (hh:mm:ss) est. time remaining.
       83% completed,  00:21:49 (hh:mm:ss) est. time remaining.
       83% completed,  00:21:39 (hh:mm:ss) est. time remaining.
       83% completed,  00:21:31 (hh:mm:ss) est. time remaining.
       83% completed,  00:21:20 (hh:mm:ss) est. time remaining.
       83% completed,  00:21:12 (hh:mm:ss) est. time remaining.
       83% completed,  00:21:02 (hh:mm:ss) est. time remaining.
       83% completed,  00:20:53 (hh:mm:ss) est. time remaining.
       84% completed,  00:20:44 (hh:mm:ss) est. time remaining.
       84% completed,  00:20:35 (hh:mm:ss) est. time remaining.
       84% completed,  00:20:26 (hh:mm:ss) est. time remaining.
       84% completed,  00:20:17 (hh:mm:ss) est. time remaining.
       84% completed,  00:20:08 (hh:mm:ss) est. time remaining.
       84% completed,  00:19:59 (hh:mm:ss) est. time remaining.
       84% completed,  00:19:50 (hh:mm:ss) est. time remaining.
       84% completed,  00:19:40 (hh:mm:ss) est. time remaining.
       84% completed,  00:19:33 (hh:mm:ss) est. time remaining.
       85% completed,  00:19:23 (hh:mm:ss) est. time remaining.
       85% completed,  00:19:15 (hh:mm:ss) est. time remaining.
       85% completed,  00:19:06 (hh:mm:ss) est. time remaining.
       85% completed,  00:18:57 (hh:mm:ss) est. time remaining.
       85% completed,  00:18:49 (hh:mm:ss) est. time remaining.
       85% completed,  00:18:40 (hh:mm:ss) est. time remaining.
       85% completed,  00:18:32 (hh:mm:ss) est. time remaining.
       85% completed,  00:18:23 (hh:mm:ss) est. time remaining.
       85% completed,  00:18:15 (hh:mm:ss) est. time remaining.
       86% completed,  00:18:05 (hh:mm:ss) est. time remaining.
       86% completed,  00:17:57 (hh:mm:ss) est. time remaining.
       86% completed,  00:17:49 (hh:mm:ss) est. time remaining.
       86% completed,  00:17:41 (hh:mm:ss) est. time remaining.
       86% completed,  00:17:32 (hh:mm:ss) est. time remaining.
       86% completed,  00:17:24 (hh:mm:ss) est. time remaining.
       86% completed,  00:17:15 (hh:mm:ss) est. time remaining.
       86% completed,  00:17:08 (hh:mm:ss) est. time remaining.
       86% completed,  00:16:59 (hh:mm:ss) est. time remaining.
       87% completed,  00:16:51 (hh:mm:ss) est. time remaining.
       87% completed,  00:16:43 (hh:mm:ss) est. time remaining.
       87% completed,  00:16:35 (hh:mm:ss) est. time remaining.
       87% completed,  00:16:26 (hh:mm:ss) est. time remaining.
       87% completed,  00:16:19 (hh:mm:ss) est. time remaining.
       87% completed,  00:16:11 (hh:mm:ss) est. time remaining.
       87% completed,  00:16:02 (hh:mm:ss) est. time remaining.
       87% completed,  00:15:54 (hh:mm:ss) est. time remaining.
       87% completed,  00:15:47 (hh:mm:ss) est. time remaining.
       87% completed,  00:15:38 (hh:mm:ss) est. time remaining.
       88% completed,  00:15:32 (hh:mm:ss) est. time remaining.
       88% completed,  00:15:23 (hh:mm:ss) est. time remaining.
       88% completed,  00:15:16 (hh:mm:ss) est. time remaining.
       88% completed,  00:15:07 (hh:mm:ss) est. time remaining.
       88% completed,  00:15:01 (hh:mm:ss) est. time remaining.
       88% completed,  00:14:52 (hh:mm:ss) est. time remaining.
       88% completed,  00:14:45 (hh:mm:ss) est. time remaining.
       88% completed,  00:14:37 (hh:mm:ss) est. time remaining.
       88% completed,  00:14:30 (hh:mm:ss) est. time remaining.
       88% completed,  00:14:22 (hh:mm:ss) est. time remaining.
       89% completed,  00:14:14 (hh:mm:ss) est. time remaining.
       89% completed,  00:14:06 (hh:mm:ss) est. time remaining.
       89% completed,  00:13:58 (hh:mm:ss) est. time remaining.
       89% completed,  00:13:51 (hh:mm:ss) est. time remaining.
       89% completed,  00:13:43 (hh:mm:ss) est. time remaining.
       89% completed,  00:13:36 (hh:mm:ss) est. time remaining.
       89% completed,  00:13:29 (hh:mm:ss) est. time remaining.
       89% completed,  00:13:21 (hh:mm:ss) est. time remaining.
       89% completed,  00:13:14 (hh:mm:ss) est. time remaining.
       89% completed,  00:13:07 (hh:mm:ss) est. time remaining.
       89% completed,  00:13:00 (hh:mm:ss) est. time remaining.
       90% completed,  00:12:53 (hh:mm:ss) est. time remaining.
       90% completed,  00:12:45 (hh:mm:ss) est. time remaining.
       90% completed,  00:12:37 (hh:mm:ss) est. time remaining.
       90% completed,  00:12:31 (hh:mm:ss) est. time remaining.
       90% completed,  00:12:23 (hh:mm:ss) est. time remaining.
       90% completed,  00:12:17 (hh:mm:ss) est. time remaining.
       90% completed,  00:12:09 (hh:mm:ss) est. time remaining.
       90% completed,  00:12:03 (hh:mm:ss) est. time remaining.
       90% completed,  00:11:56 (hh:mm:ss) est. time remaining.
       90% completed,  00:11:49 (hh:mm:ss) est. time remaining.
       90% completed,  00:11:42 (hh:mm:ss) est. time remaining.
       91% completed,  00:11:35 (hh:mm:ss) est. time remaining.
       91% completed,  00:11:28 (hh:mm:ss) est. time remaining.
       91% completed,  00:11:22 (hh:mm:ss) est. time remaining.
       91% completed,  00:11:15 (hh:mm:ss) est. time remaining.
       91% completed,  00:11:09 (hh:mm:ss) est. time remaining.
       91% completed,  00:11:02 (hh:mm:ss) est. time remaining.
       91% completed,  00:10:55 (hh:mm:ss) est. time remaining.
       91% completed,  00:10:49 (hh:mm:ss) est. time remaining.
       91% completed,  00:10:43 (hh:mm:ss) est. time remaining.
       91% completed,  00:10:36 (hh:mm:ss) est. time remaining.
       91% completed,  00:10:29 (hh:mm:ss) est. time remaining.
       91% completed,  00:10:23 (hh:mm:ss) est. time remaining.
       92% completed,  00:10:16 (hh:mm:ss) est. time remaining.
       92% completed,  00:10:10 (hh:mm:ss) est. time remaining.
       92% completed,  00:10:04 (hh:mm:ss) est. time remaining.
       92% completed,  00:9:57 (hh:mm:ss) est. time remaining.
       92% completed,  00:9:51 (hh:mm:ss) est. time remaining.
       92% completed,  00:9:45 (hh:mm:ss) est. time remaining.
       92% completed,  00:9:39 (hh:mm:ss) est. time remaining.
       92% completed,  00:9:33 (hh:mm:ss) est. time remaining.
       92% completed,  00:9:27 (hh:mm:ss) est. time remaining.
       92% completed,  00:9:20 (hh:mm:ss) est. time remaining.
       92% completed,  00:9:14 (hh:mm:ss) est. time remaining.
       92% completed,  00:9:08 (hh:mm:ss) est. time remaining.
       93% completed,  00:9:02 (hh:mm:ss) est. time remaining.
       93% completed,  00:8:56 (hh:mm:ss) est. time remaining.
       93% completed,  00:8:51 (hh:mm:ss) est. time remaining.
       93% completed,  00:8:45 (hh:mm:ss) est. time remaining.
       93% completed,  00:8:39 (hh:mm:ss) est. time remaining.
       93% completed,  00:8:33 (hh:mm:ss) est. time remaining.
       93% completed,  00:8:27 (hh:mm:ss) est. time remaining.
       93% completed,  00:8:21 (hh:mm:ss) est. time remaining.
       93% completed,  00:8:16 (hh:mm:ss) est. time remaining.
       93% completed,  00:8:10 (hh:mm:ss) est. time remaining.
       93% completed,  00:8:04 (hh:mm:ss) est. time remaining.
       93% completed,  00:7:59 (hh:mm:ss) est. time remaining.
       93% completed,  00:7:53 (hh:mm:ss) est. time remaining.
       93% completed,  00:7:47 (hh:mm:ss) est. time remaining.
       94% completed,  00:7:42 (hh:mm:ss) est. time remaining.
       94% completed,  00:7:36 (hh:mm:ss) est. time remaining.
       94% completed,  00:7:31 (hh:mm:ss) est. time remaining.
       94% completed,  00:7:25 (hh:mm:ss) est. time remaining.
       94% completed,  00:7:20 (hh:mm:ss) est. time remaining.
       94% completed,  00:7:15 (hh:mm:ss) est. time remaining.
       94% completed,  00:7:09 (hh:mm:ss) est. time remaining.
       94% completed,  00:7:04 (hh:mm:ss) est. time remaining.
       94% completed,  00:6:59 (hh:mm:ss) est. time remaining.
       94% completed,  00:6:54 (hh:mm:ss) est. time remaining.
       94% completed,  00:6:48 (hh:mm:ss) est. time remaining.
       94% completed,  00:6:43 (hh:mm:ss) est. time remaining.
       94% completed,  00:6:38 (hh:mm:ss) est. time remaining.
       94% completed,  00:6:33 (hh:mm:ss) est. time remaining.
       95% completed,  00:6:28 (hh:mm:ss) est. time remaining.
       95% completed,  00:6:23 (hh:mm:ss) est. time remaining.
       95% completed,  00:6:18 (hh:mm:ss) est. time remaining.
       95% completed,  00:6:13 (hh:mm:ss) est. time remaining.
       95% completed,  00:6:08 (hh:mm:ss) est. time remaining.
       95% completed,  00:6:03 (hh:mm:ss) est. time remaining.
       95% completed,  00:5:58 (hh:mm:ss) est. time remaining.
       95% completed,  00:5:53 (hh:mm:ss) est. time remaining.
       95% completed,  00:5:48 (hh:mm:ss) est. time remaining.
       95% completed,  00:5:43 (hh:mm:ss) est. time remaining.
       95% completed,  00:5:39 (hh:mm:ss) est. time remaining.
       95% completed,  00:5:34 (hh:mm:ss) est. time remaining.
       95% completed,  00:5:29 (hh:mm:ss) est. time remaining.
       95% completed,  00:5:25 (hh:mm:ss) est. time remaining.
       95% completed,  00:5:20 (hh:mm:ss) est. time remaining.
       95% completed,  00:5:16 (hh:mm:ss) est. time remaining.
       96% completed,  00:5:11 (hh:mm:ss) est. time remaining.
       96% completed,  00:5:07 (hh:mm:ss) est. time remaining.
       96% completed,  00:5:02 (hh:mm:ss) est. time remaining.
       96% completed,  00:4:58 (hh:mm:ss) est. time remaining.
       96% completed,  00:4:53 (hh:mm:ss) est. time remaining.
       96% completed,  00:4:49 (hh:mm:ss) est. time remaining.
       96% completed,  00:4:45 (hh:mm:ss) est. time remaining.
       96% completed,  00:4:40 (hh:mm:ss) est. time remaining.
       96% completed,  00:4:36 (hh:mm:ss) est. time remaining.
       96% completed,  00:4:32 (hh:mm:ss) est. time remaining.
       96% completed,  00:4:28 (hh:mm:ss) est. time remaining.
       96% completed,  00:4:23 (hh:mm:ss) est. time remaining.
       96% completed,  00:4:19 (hh:mm:ss) est. time remaining.
       96% completed,  00:4:15 (hh:mm:ss) est. time remaining.
       96% completed,  00:4:11 (hh:mm:ss) est. time remaining.
       96% completed,  00:4:07 (hh:mm:ss) est. time remaining.
       96% completed,  00:4:03 (hh:mm:ss) est. time remaining.
       96% completed,  00:3:59 (hh:mm:ss) est. time remaining.
       96% completed,  00:3:55 (hh:mm:ss) est. time remaining.
       97% completed,  00:3:51 (hh:mm:ss) est. time remaining.
       97% completed,  00:3:47 (hh:mm:ss) est. time remaining.
       97% completed,  00:3:43 (hh:mm:ss) est. time remaining.
       97% completed,  00:3:40 (hh:mm:ss) est. time remaining.
       97% completed,  00:3:36 (hh:mm:ss) est. time remaining.
       97% completed,  00:3:32 (hh:mm:ss) est. time remaining.
       97% completed,  00:3:28 (hh:mm:ss) est. time remaining.
       97% completed,  00:3:25 (hh:mm:ss) est. time remaining.
       97% completed,  00:3:21 (hh:mm:ss) est. time remaining.
       97% completed,  00:3:17 (hh:mm:ss) est. time remaining.
       97% completed,  00:3:14 (hh:mm:ss) est. time remaining.
       97% completed,  00:3:10 (hh:mm:ss) est. time remaining.
       97% completed,  00:3:07 (hh:mm:ss) est. time remaining.
       97% completed,  00:3:03 (hh:mm:ss) est. time remaining.
       97% completed,  00:3:00 (hh:mm:ss) est. time remaining.
       97% completed,  00:2:56 (hh:mm:ss) est. time remaining.
       97% completed,  00:2:53 (hh:mm:ss) est. time remaining.
       97% completed,  00:2:49 (hh:mm:ss) est. time remaining.
       97% completed,  00:2:46 (hh:mm:ss) est. time remaining.
       97% completed,  00:2:43 (hh:mm:ss) est. time remaining.
       97% completed,  00:2:39 (hh:mm:ss) est. time remaining.
       97% completed,  00:2:36 (hh:mm:ss) est. time remaining.
       98% completed,  00:2:33 (hh:mm:ss) est. time remaining.
       98% completed,  00:2:30 (hh:mm:ss) est. time remaining.
       98% completed,  00:2:27 (hh:mm:ss) est. time remaining.
       98% completed,  00:2:24 (hh:mm:ss) est. time remaining.
       98% completed,  00:2:21 (hh:mm:ss) est. time remaining.
       98% completed,  00:2:18 (hh:mm:ss) est. time remaining.
       98% completed,  00:2:15 (hh:mm:ss) est. time remaining.
       98% completed,  00:2:12 (hh:mm:ss) est. time remaining.
       98% completed,  00:2:09 (hh:mm:ss) est. time remaining.
       98% completed,  00:2:06 (hh:mm:ss) est. time remaining.
       98% completed,  00:2:03 (hh:mm:ss) est. time remaining.
       98% completed,  00:2:00 (hh:mm:ss) est. time remaining.
       98% completed,  00:1:57 (hh:mm:ss) est. time remaining.
       98% completed,  00:1:54 (hh:mm:ss) est. time remaining.
       98% completed,  00:1:52 (hh:mm:ss) est. time remaining.
       98% completed,  00:1:49 (hh:mm:ss) est. time remaining.
       98% completed,  00:1:46 (hh:mm:ss) est. time remaining.
       98% completed,  00:1:44 (hh:mm:ss) est. time remaining.
       98% completed,  00:1:41 (hh:mm:ss) est. time remaining.
       98% completed,  00:1:39 (hh:mm:ss) est. time remaining.
       98% completed,  00:1:36 (hh:mm:ss) est. time remaining.
       98% completed,  00:1:34 (hh:mm:ss) est. time remaining.
       98% completed,  00:1:31 (hh:mm:ss) est. time remaining.
       98% completed,  00:1:29 (hh:mm:ss) est. time remaining.
       98% completed,  00:1:26 (hh:mm:ss) est. time remaining.
       98% completed,  00:1:24 (hh:mm:ss) est. time remaining.
       98% completed,  00:1:21 (hh:mm:ss) est. time remaining.
       98% completed,  00:1:19 (hh:mm:ss) est. time remaining.
       99% completed,  00:1:17 (hh:mm:ss) est. time remaining.
       99% completed,  00:1:15 (hh:mm:ss) est. time remaining.
       99% completed,  00:1:13 (hh:mm:ss) est. time remaining.
       99% completed,  00:1:10 (hh:mm:ss) est. time remaining.
       99% completed,  00:1:08 (hh:mm:ss) est. time remaining.
       99% completed,  00:1:06 (hh:mm:ss) est. time remaining.
       99% completed,  00:1:04 (hh:mm:ss) est. time remaining.
       99% completed,  00:1:02 (hh:mm:ss) est. time remaining.
       99% completed,  00:1:00 (hh:mm:ss) est. time remaining.
       99% completed,  00:0:58 (hh:mm:ss) est. time remaining.
       99% completed,  00:0:56 (hh:mm:ss) est. time remaining.
       99% completed,  00:0:54 (hh:mm:ss) est. time remaining.
       99% completed,  00:0:52 (hh:mm:ss) est. time remaining.
       99% completed,  00:0:50 (hh:mm:ss) est. time remaining.
       99% completed,  00:0:49 (hh:mm:ss) est. time remaining.
       99% completed,  00:0:47 (hh:mm:ss) est. time remaining.
       99% completed,  00:0:45 (hh:mm:ss) est. time remaining.
       99% completed,  00:0:43 (hh:mm:ss) est. time remaining.
       99% completed,  00:0:42 (hh:mm:ss) est. time remaining.
       99% completed,  00:0:40 (hh:mm:ss) est. time remaining.
       99% completed,  00:0:38 (hh:mm:ss) est. time remaining.
       99% completed,  00:0:37 (hh:mm:ss) est. time remaining.
       99% completed,  00:0:35 (hh:mm:ss) est. time remaining.
       99% completed,  00:0:34 (hh:mm:ss) est. time remaining.
       99% completed,  00:0:32 (hh:mm:ss) est. time remaining.
       99% completed,  00:0:31 (hh:mm:ss) est. time remaining.
       99% completed,  00:0:29 (hh:mm:ss) est. time remaining.
       99% completed,  00:0:28 (hh:mm:ss) est. time remaining.
       99% completed,  00:0:27 (hh:mm:ss) est. time remaining.
       99% completed,  00:0:25 (hh:mm:ss) est. time remaining.
       99% completed,  00:0:24 (hh:mm:ss) est. time remaining.
       99% completed,  00:0:23 (hh:mm:ss) est. time remaining.
       99% completed,  00:0:21 (hh:mm:ss) est. time remaining.
       99% completed,  00:0:20 (hh:mm:ss) est. time remaining.
       99% completed,  00:0:19 (hh:mm:ss) est. time remaining.
       99% completed,  00:0:18 (hh:mm:ss) est. time remaining.
       99% completed,  00:0:17 (hh:mm:ss) est. time remaining.
       99% completed,  00:0:16 (hh:mm:ss) est. time remaining.
       99% completed,  00:0:15 (hh:mm:ss) est. time remaining.
       99% completed,  00:0:14 (hh:mm:ss) est. time remaining.
       99% completed,  00:0:13 (hh:mm:ss) est. time remaining.
       99% completed,  00:0:12 (hh:mm:ss) est. time remaining.
       99% completed,  00:0:11 (hh:mm:ss) est. time remaining.
       99% completed,  00:0:10 (hh:mm:ss) est. time remaining.
       99% completed,  00:0:09 (hh:mm:ss) est. time remaining.
       99% completed,  00:0:09 (hh:mm:ss) est. time remaining.
       99% completed,  00:0:08 (hh:mm:ss) est. time remaining.
       99% completed,  00:0:07 (hh:mm:ss) est. time remaining.
       99% completed,  00:0:06 (hh:mm:ss) est. time remaining.
       99% completed,  00:0:06 (hh:mm:ss) est. time remaining.
       99% completed,  00:0:05 (hh:mm:ss) est. time remaining.
       99% completed,  00:0:05 (hh:mm:ss) est. time remaining.
       99% completed,  00:0:04 (hh:mm:ss) est. time remaining.
       99% completed,  00:0:03 (hh:mm:ss) est. time remaining.
       99% completed,  00:0:03 (hh:mm:ss) est. time remaining.
       99% completed,  00:0:03 (hh:mm:ss) est. time remaining.
       99% completed,  00:0:02 (hh:mm:ss) est. time remaining.
       99% completed,  00:0:02 (hh:mm:ss) est. time remaining.
       99% completed,  00:0:01 (hh:mm:ss) est. time remaining.
       99% completed,  00:0:01 (hh:mm:ss) est. time remaining.
       99% completed,  00:0:01 (hh:mm:ss) est. time remaining.
       99% completed,  00:0:00 (hh:mm:ss) est. time remaining.
       99% completed,  00:0:00 (hh:mm:ss) est. time remaining.
       99% completed,  00:0:00 (hh:mm:ss) est. time remaining.
       99% completed,  00:0:00 (hh:mm:ss) est. time remaining.
       99% completed,  00:0:00 (hh:mm:ss) est. time remaining.
       99% completed,  00:0:00 (hh:mm:ss) est. time remaining.
       99% completed,  00:0:00 (hh:mm:ss) est. time remaining.
      100% completed,  00:0:00 (hh:mm:ss) est. time remaining.
Comparison Time: 02:10:05 (hh:mm:ss) Elapsed Time, 9317 HSPs Collected
  - RECON: Running imagespread..
RECON Elapsed: 00:00:00 (hh:mm:ss) Elapsed Time
  - RECON: Running initial definition of elements ( eledef )..
RECON Elapsed: 00:00:15 (hh:mm:ss) Elapsed Time
  - RECON: Running re-definition of elements ( eleredef )..
RECON Elapsed: 00:00:29 (hh:mm:ss) Elapsed Time
  - RECON: Running re-definition of edges ( edgeredef )..
RECON Elapsed: 00:01:00 (hh:mm:ss) Elapsed Time
  - RECON: Running family definition ( famdef )..
RECON Elapsed: 00:00:03 (hh:mm:ss) Elapsed Time
  - Obtaining element sequences
Number of families returned by RECON: 2697
Processing families with greater than 15 elements

Processing RECON family: 1682
  - Saving 26 elements
  - Refining family-1682 model...

Processing RECON family: 912
  - Saving 20 elements
  - Refining family-912 model...

Processing RECON family: 1527
  - Saving 19 elements
  - Refining family-1527 model...

Processing RECON family: 447
  - Saving 19 elements
  - Refining family-447 model...

Processing RECON family: 132
  - Saving 16 elements
  - Refining family-132 model...

Processing RECON family: 1029
  - Saving 16 elements
  - Refining family-1029 model...

Processing RECON family: 470
  - Saving 16 elements
  - Refining family-470 model...

Processing RECON family: 826
  - Saving 16 elements
  - Refining family-826 model...
Family Refinement: 00:01:17 (hh:mm:ss) Elapsed Time
Round Time: 02:15:12 (hh:mm:ss) Elapsed Time
   - Increasing sample size to include end piece now = 84176653


RepeatModeler Round # 5
========================
Searching for Repeats
 -- Sampling from the database...
   - Gathering up to 84176653 bp
   - Sequence extraction : 00:00:01 (hh:mm:ss) Elapsed Time
 -- Running TRFMask on the sequence...
       152 Tandem Repeats Masked
   - TRFMask time 00:00:05 (hh:mm:ss) Elapsed Time
 -- Masking repeats from the previous rounds...
  - Masking 1 - 5 of 79
  - Masking 16 - 30 of 79
  - Masking 41 - 65 of 79
  - Masking 76 - 79 of 79
   - TE Masking time 00:00:05 (hh:mm:ss) Elapsed Time
 -- Sample Stats:
       Sample Size 3171521 bp
       Num Contigs Represented = 21
       Non ambiguous bp:
             Initial: 3171521 bp
             After Masking: 3116262 bp
             Masked: 1.74 % 
 -- Input Database Coverage: 42251918 bp out of 42252145 bp ( 100.00 % )
Sampling Time: 00:00:12 (hh:mm:ss) Elapsed Time
Running all-by-other comparisons...
        2% completed,  00:3:51 (hh:mm:ss) est. time remaining.
        5% completed,  00:1:53 (hh:mm:ss) est. time remaining.
        7% completed,  00:2:03 (hh:mm:ss) est. time remaining.
        9% completed,  00:1:39 (hh:mm:ss) est. time remaining.
       12% completed,  00:1:46 (hh:mm:ss) est. time remaining.
       14% completed,  00:1:32 (hh:mm:ss) est. time remaining.
       17% completed,  00:1:42 (hh:mm:ss) est. time remaining.
       19% completed,  00:1:27 (hh:mm:ss) est. time remaining.
       21% completed,  00:1:34 (hh:mm:ss) est. time remaining.
       23% completed,  00:1:22 (hh:mm:ss) est. time remaining.
       26% completed,  00:1:25 (hh:mm:ss) est. time remaining.
       28% completed,  00:1:18 (hh:mm:ss) est. time remaining.
       30% completed,  00:1:17 (hh:mm:ss) est. time remaining.
       32% completed,  00:1:14 (hh:mm:ss) est. time remaining.
       34% completed,  00:1:11 (hh:mm:ss) est. time remaining.
       36% completed,  00:1:09 (hh:mm:ss) est. time remaining.
       38% completed,  00:1:08 (hh:mm:ss) est. time remaining.
       40% completed,  00:1:05 (hh:mm:ss) est. time remaining.
       42% completed,  00:1:03 (hh:mm:ss) est. time remaining.
       44% completed,  00:1:01 (hh:mm:ss) est. time remaining.
       46% completed,  00:0:59 (hh:mm:ss) est. time remaining.
       48% completed,  00:0:56 (hh:mm:ss) est. time remaining.
       50% completed,  00:0:55 (hh:mm:ss) est. time remaining.
       51% completed,  00:0:53 (hh:mm:ss) est. time remaining.
       53% completed,  00:0:52 (hh:mm:ss) est. time remaining.
       55% completed,  00:0:51 (hh:mm:ss) est. time remaining.
       56% completed,  00:0:48 (hh:mm:ss) est. time remaining.
       58% completed,  00:0:47 (hh:mm:ss) est. time remaining.
       60% completed,  00:0:44 (hh:mm:ss) est. time remaining.
       61% completed,  00:0:43 (hh:mm:ss) est. time remaining.
       63% completed,  00:0:41 (hh:mm:ss) est. time remaining.
       64% completed,  00:0:40 (hh:mm:ss) est. time remaining.
       66% completed,  00:0:37 (hh:mm:ss) est. time remaining.
       67% completed,  00:0:36 (hh:mm:ss) est. time remaining.
       69% completed,  00:0:34 (hh:mm:ss) est. time remaining.
       70% completed,  00:0:32 (hh:mm:ss) est. time remaining.
       72% completed,  00:0:31 (hh:mm:ss) est. time remaining.
       73% completed,  00:0:30 (hh:mm:ss) est. time remaining.
       74% completed,  00:0:28 (hh:mm:ss) est. time remaining.
       75% completed,  00:0:26 (hh:mm:ss) est. time remaining.
       77% completed,  00:0:25 (hh:mm:ss) est. time remaining.
       78% completed,  00:0:24 (hh:mm:ss) est. time remaining.
       79% completed,  00:0:22 (hh:mm:ss) est. time remaining.
       80% completed,  00:0:21 (hh:mm:ss) est. time remaining.
       81% completed,  00:0:20 (hh:mm:ss) est. time remaining.
       82% completed,  00:0:19 (hh:mm:ss) est. time remaining.
       83% completed,  00:0:18 (hh:mm:ss) est. time remaining.
       84% completed,  00:0:16 (hh:mm:ss) est. time remaining.
       85% completed,  00:0:15 (hh:mm:ss) est. time remaining.
       86% completed,  00:0:14 (hh:mm:ss) est. time remaining.
       87% completed,  00:0:13 (hh:mm:ss) est. time remaining.
       88% completed,  00:0:12 (hh:mm:ss) est. time remaining.
       89% completed,  00:0:11 (hh:mm:ss) est. time remaining.
       90% completed,  00:0:10 (hh:mm:ss) est. time remaining.
       91% completed,  00:0:10 (hh:mm:ss) est. time remaining.
       91% completed,  00:0:09 (hh:mm:ss) est. time remaining.
       92% completed,  00:0:08 (hh:mm:ss) est. time remaining.
       93% completed,  00:0:07 (hh:mm:ss) est. time remaining.
       93% completed,  00:0:07 (hh:mm:ss) est. time remaining.
       94% completed,  00:0:06 (hh:mm:ss) est. time remaining.
       95% completed,  00:0:05 (hh:mm:ss) est. time remaining.
       95% completed,  00:0:04 (hh:mm:ss) est. time remaining.
       96% completed,  00:0:04 (hh:mm:ss) est. time remaining.
       96% completed,  00:0:03 (hh:mm:ss) est. time remaining.
       97% completed,  00:0:03 (hh:mm:ss) est. time remaining.
       97% completed,  00:0:02 (hh:mm:ss) est. time remaining.
       97% completed,  00:0:02 (hh:mm:ss) est. time remaining.
       98% completed,  00:0:02 (hh:mm:ss) est. time remaining.
       98% completed,  00:0:01 (hh:mm:ss) est. time remaining.
       98% completed,  00:0:01 (hh:mm:ss) est. time remaining.
       99% completed,  00:0:01 (hh:mm:ss) est. time remaining.
       99% completed,  00:0:00 (hh:mm:ss) est. time remaining.
       99% completed,  00:0:00 (hh:mm:ss) est. time remaining.
       99% completed,  00:0:00 (hh:mm:ss) est. time remaining.
       99% completed,  00:0:00 (hh:mm:ss) est. time remaining.
       99% completed,  00:0:00 (hh:mm:ss) est. time remaining.
       99% completed,  00:0:00 (hh:mm:ss) est. time remaining.
      100% completed,  00:0:00 (hh:mm:ss) est. time remaining.
Comparison Time: 00:01:54 (hh:mm:ss) Elapsed Time, 121 HSPs Collected
  - RECON: Running imagespread..
RECON Elapsed: 00:00:00 (hh:mm:ss) Elapsed Time
  - RECON: Running initial definition of elements ( eledef )..
RECON Elapsed: 00:00:01 (hh:mm:ss) Elapsed Time
  - RECON: Running re-definition of elements ( eleredef )..
RECON Elapsed: 00:00:00 (hh:mm:ss) Elapsed Time
  - RECON: Running re-definition of edges ( edgeredef )..
RECON Elapsed: 00:00:01 (hh:mm:ss) Elapsed Time
  - RECON: Running family definition ( famdef )..
RECON Elapsed: 00:00:00 (hh:mm:ss) Elapsed Time
  - Obtaining element sequences
Number of families returned by RECON: 88
Processing families with greater than 15 elements
Family Refinement: 00:00:00 (hh:mm:ss) Elapsed Time
Round Time: 00:02:09 (hh:mm:ss) Elapsed Time

RepeatScout/RECON discovery complete: 77 families found


RepeatClassifier Version 2.0.1
======================================
Search Engine = rmblast
  - Looking for Simple and Low Complexity sequences..
  - Looking for similarity to known repeat proteins..
Missing /hpc/group/vilgalyslab/yk158/miniconda3/envs/repeatmasker/share/RepeatMasker/Libraries/RepeatMasker.lib.nsq!
Please rerun the configure program in the RepeatModeler directory
before running this script.
  - Looking for similarity to known repeat consensi..
Classification Time: 00:01:54 (hh:mm:ss) Elapsed Time


Program Time: 03:03:20 (hh:mm:ss) Elapsed Time
Working directory:  /work/yk158/pmiEndo/repeatmodeler/RM_40763.TueAug181843182020
may be deleted unless there were problems with the run.

The results have been saved to:
  MarPMI226-families.fa  - Consensus sequences for each family identified.
  MarPMI226-families.stk - Seed alignments for each family identified.

The RepeatModeler stockholm file is formatted so that it can
easily be submitted to the Dfam database.  Please consider contributing
curated families to this open database and be a part of this growing
community resource.  For more information contact help@dfam.org.


