RepeatModeler Version 2.0.1
===========================
Search Engine = rmblast 2.9.0+
Dependencies: TRF 4.09, RECON , RepeatScout 1.0.6, RepeatMasker 
LTR Structural Analysis: Disabled [use -LTRStruct to enable]
Random Number Seed: 1597790520
Database = Ophpic1 .
  - Sequences = 45
  - Bases = 32840360
Using output directory = /work/yk158/pmiEndo/repeatmodeler/RM_35772.TueAug181842012020
Storage Throughput = fair ( 445.00 MB/s )

Ready to start the sampling process.
INFO: The runtime of RepeatModeler heavily depends on the quality of the assembly
      and the repetitive content of the sequences.  It is not imperative
      that RepeatModeler completes all rounds in order to obtain useful
      results.  At the completion of each round, the files ( consensi.fa, and
      families.stk ) found in:
      /work/yk158/pmiEndo/repeatmodeler/RM_35772.TueAug181842012020/ 
      will contain all results produced thus far. These files may be 
      manually copied and run through RepeatClassifier should the program
      be terminated early.


RepeatModeler Round # 1
========================
Searching for Repeats
 -- Sampling from the database...
   - Gathering up to 40000000 bp
   - Final Sample Size = 32840284 bp ( 32504190 non ambiguous )
   - Num Contigs Represented = 45
   - Sequence extraction : 00:00:04 (hh:mm:ss) Elapsed Time
 -- Running RepeatScout on the sequences...
   - RepeatScout: Running build_lmer_table ( l = 14 )..
   - RepeatScout: Running RepeatScout.. : 125 raw families identified
   - RepeatScout: Running filtering stage.. 119 families remaining
   - RepeatScout: 00:08:50 (hh:mm:ss) Elapsed Time
   - Large Satellite Filtering.. : 0 found in 00:00:01 (hh:mm:ss) Elapsed Time
   - Collecting repeat instances...
 -- Refining Family R=1 / 0 ( RS Elements: 61, Using 61 )
 -- Refining Family R=117 / 1 ( RS Elements: 53, Using 53 )
 -- Refining Family R=38 / 2 ( RS Elements: 46, Using 46 )
 -- Refining Family R=7 / 3 ( RS Elements: 41, Using 41 )
 -- Refining Family R=24 / 4 ( RS Elements: 41, Using 41 )
 -- Refining Family R=41 / 5 ( RS Elements: 38, Using 38 )
 -- Refining Family R=6 / 6 ( RS Elements: 36, Using 36 )
 -- Refining Family R=49 / 7 ( RS Elements: 34, Using 34 )
 -- Refining Family R=39 / 8 ( RS Elements: 34, Using 34 )
 -- Refining Family R=35 / 9 ( RS Elements: 33, Using 33 )
 -- Refining Family R=5 / 10 ( RS Elements: 33, Using 33 )
 -- Refining Family R=92 / 11 ( RS Elements: 32, Using 32 )
 -- Refining Family R=4 / 12 ( RS Elements: 32, Using 32 )
 -- Refining Family R=73 / 13 ( RS Elements: 31, Using 31 )
 -- Refining Family R=36 / 14 ( RS Elements: 31, Using 31 )
 -- Refining Family R=2 / 15 ( RS Elements: 29, Using 29 )
 -- Refining Family R=31 / 16 ( RS Elements: 29, Using 29 )
 -- Refining Family R=42 / 17 ( RS Elements: 28, Using 28 )
 -- Refining Family R=23 / 18 ( RS Elements: 27, Using 27 )
 -- Refining Family R=32 / 19 ( RS Elements: 25, Using 25 )
 -- Refining Family R=87 / 20 ( RS Elements: 25, Using 25 )
 -- Refining Family R=21 / 21 ( RS Elements: 24, Using 24 )
 -- Refining Family R=3 / 22 ( RS Elements: 24, Using 24 )
 -- Refining Family R=10 / 23 ( RS Elements: 21, Using 21 )
 -- Refining Family R=18 / 24 ( RS Elements: 21, Using 21 )
 -- Refining Family R=61 / 25 ( RS Elements: 21, Using 21 )
 -- Refining Family R=8 / 26 ( RS Elements: 21, Using 21 )
 -- Refining Family R=15 / 27 ( RS Elements: 18, Using 18 )
 -- Refining Family R=22 / 28 ( RS Elements: 17, Using 17 )
 -- Refining Family R=50 / 29 ( RS Elements: 17, Using 17 )
 -- Refining Family R=27 / 30 ( RS Elements: 17, Using 17 )
 -- Refining Family R=52 / 31 ( RS Elements: 17, Using 17 )
Family Refinement: 00:01:07 (hh:mm:ss) Elapsed Time


RepeatModeler Round # 2
========================
Searching for Repeats
 -- Sampling from the database...
   - Gathering up to 3000000 bp
   - Sequence extraction : 00:00:00 (hh:mm:ss) Elapsed Time
 -- Running TRFMask on the sequence...
       529 Tandem Repeats Masked
   - TRFMask time 00:00:06 (hh:mm:ss) Elapsed Time
 -- Masking repeats from the previous rounds...
  - Masking 1 - 5 of 76
  - Masking 16 - 30 of 76
  - Masking 41 - 65 of 76
  - Masking 76 - 76 of 76
   - TE Masking time 00:00:01 (hh:mm:ss) Elapsed Time
 -- Sample Stats:
       Sample Size 3020257 bp
       Num Contigs Represented = 29
       Non ambiguous bp:
             Initial: 3000544 bp
             After Masking: 2965516 bp
             Masked: 1.17 % 
 -- Input Database Coverage: 3020257 bp out of 32840360 bp ( 9.20 % )
Sampling Time: 00:00:07 (hh:mm:ss) Elapsed Time
Running all-by-other comparisons...
        2% completed,  00:4:22 (hh:mm:ss) est. time remaining.
        5% completed,  00:2:25 (hh:mm:ss) est. time remaining.
        7% completed,  00:2:33 (hh:mm:ss) est. time remaining.
       10% completed,  00:2:10 (hh:mm:ss) est. time remaining.
       12% completed,  00:2:09 (hh:mm:ss) est. time remaining.
       15% completed,  00:1:56 (hh:mm:ss) est. time remaining.
       17% completed,  00:1:51 (hh:mm:ss) est. time remaining.
       20% completed,  00:1:47 (hh:mm:ss) est. time remaining.
       22% completed,  00:1:40 (hh:mm:ss) est. time remaining.
       24% completed,  00:1:28 (hh:mm:ss) est. time remaining.
       27% completed,  00:1:31 (hh:mm:ss) est. time remaining.
       29% completed,  00:1:24 (hh:mm:ss) est. time remaining.
       31% completed,  00:1:27 (hh:mm:ss) est. time remaining.
       33% completed,  00:1:20 (hh:mm:ss) est. time remaining.
       35% completed,  00:1:20 (hh:mm:ss) est. time remaining.
       37% completed,  00:1:15 (hh:mm:ss) est. time remaining.
       39% completed,  00:1:13 (hh:mm:ss) est. time remaining.
       42% completed,  00:1:10 (hh:mm:ss) est. time remaining.
       44% completed,  00:1:08 (hh:mm:ss) est. time remaining.
       45% completed,  00:1:05 (hh:mm:ss) est. time remaining.
       47% completed,  00:1:04 (hh:mm:ss) est. time remaining.
       49% completed,  00:1:02 (hh:mm:ss) est. time remaining.
       51% completed,  00:0:58 (hh:mm:ss) est. time remaining.
       53% completed,  00:0:58 (hh:mm:ss) est. time remaining.
       55% completed,  00:0:54 (hh:mm:ss) est. time remaining.
       57% completed,  00:0:53 (hh:mm:ss) est. time remaining.
       58% completed,  00:0:50 (hh:mm:ss) est. time remaining.
       60% completed,  00:0:49 (hh:mm:ss) est. time remaining.
       62% completed,  00:0:46 (hh:mm:ss) est. time remaining.
       63% completed,  00:0:45 (hh:mm:ss) est. time remaining.
       65% completed,  00:0:43 (hh:mm:ss) est. time remaining.
       66% completed,  00:0:41 (hh:mm:ss) est. time remaining.
       68% completed,  00:0:39 (hh:mm:ss) est. time remaining.
       69% completed,  00:0:37 (hh:mm:ss) est. time remaining.
       71% completed,  00:0:35 (hh:mm:ss) est. time remaining.
       72% completed,  00:0:34 (hh:mm:ss) est. time remaining.
       74% completed,  00:0:32 (hh:mm:ss) est. time remaining.
       75% completed,  00:0:30 (hh:mm:ss) est. time remaining.
       76% completed,  00:0:28 (hh:mm:ss) est. time remaining.
       77% completed,  00:0:27 (hh:mm:ss) est. time remaining.
       79% completed,  00:0:25 (hh:mm:ss) est. time remaining.
       80% completed,  00:0:24 (hh:mm:ss) est. time remaining.
       81% completed,  00:0:23 (hh:mm:ss) est. time remaining.
       82% completed,  00:0:21 (hh:mm:ss) est. time remaining.
       83% completed,  00:0:20 (hh:mm:ss) est. time remaining.
       84% completed,  00:0:19 (hh:mm:ss) est. time remaining.
       85% completed,  00:0:17 (hh:mm:ss) est. time remaining.
       86% completed,  00:0:16 (hh:mm:ss) est. time remaining.
       87% completed,  00:0:15 (hh:mm:ss) est. time remaining.
       88% completed,  00:0:14 (hh:mm:ss) est. time remaining.
       89% completed,  00:0:13 (hh:mm:ss) est. time remaining.
       90% completed,  00:0:12 (hh:mm:ss) est. time remaining.
       91% completed,  00:0:11 (hh:mm:ss) est. time remaining.
       91% completed,  00:0:10 (hh:mm:ss) est. time remaining.
       92% completed,  00:0:09 (hh:mm:ss) est. time remaining.
       93% completed,  00:0:08 (hh:mm:ss) est. time remaining.
       94% completed,  00:0:07 (hh:mm:ss) est. time remaining.
       94% completed,  00:0:06 (hh:mm:ss) est. time remaining.
       95% completed,  00:0:06 (hh:mm:ss) est. time remaining.
       95% completed,  00:0:05 (hh:mm:ss) est. time remaining.
       96% completed,  00:0:04 (hh:mm:ss) est. time remaining.
       96% completed,  00:0:04 (hh:mm:ss) est. time remaining.
       97% completed,  00:0:03 (hh:mm:ss) est. time remaining.
       97% completed,  00:0:02 (hh:mm:ss) est. time remaining.
       98% completed,  00:0:02 (hh:mm:ss) est. time remaining.
       98% completed,  00:0:02 (hh:mm:ss) est. time remaining.
       98% completed,  00:0:01 (hh:mm:ss) est. time remaining.
       99% completed,  00:0:01 (hh:mm:ss) est. time remaining.
       99% completed,  00:0:00 (hh:mm:ss) est. time remaining.
       99% completed,  00:0:00 (hh:mm:ss) est. time remaining.
       99% completed,  00:0:00 (hh:mm:ss) est. time remaining.
       99% completed,  00:0:00 (hh:mm:ss) est. time remaining.
       99% completed,  00:0:00 (hh:mm:ss) est. time remaining.
       99% completed,  00:0:00 (hh:mm:ss) est. time remaining.
      100% completed,  00:0:00 (hh:mm:ss) est. time remaining.
Comparison Time: 00:02:09 (hh:mm:ss) Elapsed Time, 116 HSPs Collected
  - RECON: Running imagespread..
RECON Elapsed: 00:00:00 (hh:mm:ss) Elapsed Time
  - RECON: Running initial definition of elements ( eledef )..
RECON Elapsed: 00:00:00 (hh:mm:ss) Elapsed Time
  - RECON: Running re-definition of elements ( eleredef )..
RECON Elapsed: 00:00:01 (hh:mm:ss) Elapsed Time
  - RECON: Running re-definition of edges ( edgeredef )..
RECON Elapsed: 00:00:01 (hh:mm:ss) Elapsed Time
  - RECON: Running family definition ( famdef )..
RECON Elapsed: 00:00:00 (hh:mm:ss) Elapsed Time
  - Obtaining element sequences
Number of families returned by RECON: 76
Processing families with greater than 15 elements
Family Refinement: 00:00:00 (hh:mm:ss) Elapsed Time
Round Time: 00:02:19 (hh:mm:ss) Elapsed Time


RepeatModeler Round # 3
========================
Searching for Repeats
 -- Sampling from the database...
   - Gathering up to 9000000 bp
   - Sequence extraction : 00:00:01 (hh:mm:ss) Elapsed Time
 -- Running TRFMask on the sequence...
       1325 Tandem Repeats Masked
   - TRFMask time 00:00:15 (hh:mm:ss) Elapsed Time
 -- Masking repeats from the previous rounds...
  - Masking 1 - 5 of 236
  - Masking 16 - 30 of 236
  - Masking 41 - 65 of 236
  - Masking 76 - 110 of 236
  - Masking 121 - 165 of 236
  - Masking 176 - 230 of 236
   - TE Masking time 00:00:04 (hh:mm:ss) Elapsed Time
 -- Sample Stats:
       Sample Size 9112023 bp
       Num Contigs Represented = 39
       Non ambiguous bp:
             Initial: 9008511 bp
             After Masking: 8898995 bp
             Masked: 1.22 % 
 -- Input Database Coverage: 12132280 bp out of 32840360 bp ( 36.94 % )
Sampling Time: 00:00:20 (hh:mm:ss) Elapsed Time
Running all-by-other comparisons...
        0% completed,  00:39:10 (hh:mm:ss) est. time remaining.
        1% completed,  00:20:20 (hh:mm:ss) est. time remaining.
        2% completed,  00:25:40 (hh:mm:ss) est. time remaining.
        3% completed,  00:19:07 (hh:mm:ss) est. time remaining.
        4% completed,  00:22:02 (hh:mm:ss) est. time remaining.
        5% completed,  00:18:33 (hh:mm:ss) est. time remaining.
        5% completed,  00:20:37 (hh:mm:ss) est. time remaining.
        6% completed,  00:18:23 (hh:mm:ss) est. time remaining.
        7% completed,  00:18:55 (hh:mm:ss) est. time remaining.
        8% completed,  00:18:12 (hh:mm:ss) est. time remaining.
        9% completed,  00:18:25 (hh:mm:ss) est. time remaining.
        9% completed,  00:17:22 (hh:mm:ss) est. time remaining.
       10% completed,  00:17:52 (hh:mm:ss) est. time remaining.
       11% completed,  00:17:53 (hh:mm:ss) est. time remaining.
       12% completed,  00:17:03 (hh:mm:ss) est. time remaining.
       13% completed,  00:17:19 (hh:mm:ss) est. time remaining.
       13% completed,  00:16:35 (hh:mm:ss) est. time remaining.
       14% completed,  00:15:57 (hh:mm:ss) est. time remaining.
       15% completed,  00:15:49 (hh:mm:ss) est. time remaining.
       16% completed,  00:15:47 (hh:mm:ss) est. time remaining.
       17% completed,  00:15:49 (hh:mm:ss) est. time remaining.
       17% completed,  00:15:27 (hh:mm:ss) est. time remaining.
       18% completed,  00:15:29 (hh:mm:ss) est. time remaining.
       19% completed,  00:15:21 (hh:mm:ss) est. time remaining.
       20% completed,  00:14:54 (hh:mm:ss) est. time remaining.
       20% completed,  00:15:02 (hh:mm:ss) est. time remaining.
       21% completed,  00:14:30 (hh:mm:ss) est. time remaining.
       22% completed,  00:14:38 (hh:mm:ss) est. time remaining.
       23% completed,  00:14:01 (hh:mm:ss) est. time remaining.
       23% completed,  00:14:15 (hh:mm:ss) est. time remaining.
       24% completed,  00:13:41 (hh:mm:ss) est. time remaining.
       25% completed,  00:13:12 (hh:mm:ss) est. time remaining.
       26% completed,  00:13:17 (hh:mm:ss) est. time remaining.
       26% completed,  00:12:58 (hh:mm:ss) est. time remaining.
       27% completed,  00:13:07 (hh:mm:ss) est. time remaining.
       28% completed,  00:12:47 (hh:mm:ss) est. time remaining.
       28% completed,  00:12:55 (hh:mm:ss) est. time remaining.
       29% completed,  00:12:36 (hh:mm:ss) est. time remaining.
       30% completed,  00:12:31 (hh:mm:ss) est. time remaining.
       31% completed,  00:12:18 (hh:mm:ss) est. time remaining.
       31% completed,  00:12:20 (hh:mm:ss) est. time remaining.
       32% completed,  00:12:13 (hh:mm:ss) est. time remaining.
       33% completed,  00:12:06 (hh:mm:ss) est. time remaining.
       33% completed,  00:12:04 (hh:mm:ss) est. time remaining.
       34% completed,  00:12:05 (hh:mm:ss) est. time remaining.
       35% completed,  00:11:50 (hh:mm:ss) est. time remaining.
       35% completed,  00:11:49 (hh:mm:ss) est. time remaining.
       36% completed,  00:11:37 (hh:mm:ss) est. time remaining.
       37% completed,  00:11:34 (hh:mm:ss) est. time remaining.
       37% completed,  00:11:21 (hh:mm:ss) est. time remaining.
       38% completed,  00:11:16 (hh:mm:ss) est. time remaining.
       39% completed,  00:11:06 (hh:mm:ss) est. time remaining.
       39% completed,  00:11:01 (hh:mm:ss) est. time remaining.
       40% completed,  00:10:52 (hh:mm:ss) est. time remaining.
       41% completed,  00:10:39 (hh:mm:ss) est. time remaining.
       41% completed,  00:10:29 (hh:mm:ss) est. time remaining.
       42% completed,  00:10:27 (hh:mm:ss) est. time remaining.
       43% completed,  00:10:19 (hh:mm:ss) est. time remaining.
       43% completed,  00:10:12 (hh:mm:ss) est. time remaining.
       44% completed,  00:10:04 (hh:mm:ss) est. time remaining.
       45% completed,  00:9:57 (hh:mm:ss) est. time remaining.
       45% completed,  00:9:49 (hh:mm:ss) est. time remaining.
       46% completed,  00:9:45 (hh:mm:ss) est. time remaining.
       46% completed,  00:9:35 (hh:mm:ss) est. time remaining.
       47% completed,  00:9:35 (hh:mm:ss) est. time remaining.
       48% completed,  00:9:23 (hh:mm:ss) est. time remaining.
       48% completed,  00:9:20 (hh:mm:ss) est. time remaining.
       49% completed,  00:9:09 (hh:mm:ss) est. time remaining.
       50% completed,  00:9:07 (hh:mm:ss) est. time remaining.
       50% completed,  00:8:54 (hh:mm:ss) est. time remaining.
       51% completed,  00:8:53 (hh:mm:ss) est. time remaining.
       51% completed,  00:8:41 (hh:mm:ss) est. time remaining.
       52% completed,  00:8:41 (hh:mm:ss) est. time remaining.
       52% completed,  00:8:29 (hh:mm:ss) est. time remaining.
       53% completed,  00:8:29 (hh:mm:ss) est. time remaining.
       54% completed,  00:8:17 (hh:mm:ss) est. time remaining.
       54% completed,  00:8:15 (hh:mm:ss) est. time remaining.
       55% completed,  00:8:06 (hh:mm:ss) est. time remaining.
       55% completed,  00:8:00 (hh:mm:ss) est. time remaining.
       56% completed,  00:7:54 (hh:mm:ss) est. time remaining.
       56% completed,  00:7:49 (hh:mm:ss) est. time remaining.
       57% completed,  00:7:41 (hh:mm:ss) est. time remaining.
       58% completed,  00:7:38 (hh:mm:ss) est. time remaining.
       58% completed,  00:7:30 (hh:mm:ss) est. time remaining.
       59% completed,  00:7:26 (hh:mm:ss) est. time remaining.
       59% completed,  00:7:18 (hh:mm:ss) est. time remaining.
       60% completed,  00:7:14 (hh:mm:ss) est. time remaining.
       60% completed,  00:7:07 (hh:mm:ss) est. time remaining.
       61% completed,  00:7:02 (hh:mm:ss) est. time remaining.
       61% completed,  00:6:55 (hh:mm:ss) est. time remaining.
       62% completed,  00:6:50 (hh:mm:ss) est. time remaining.
       62% completed,  00:6:44 (hh:mm:ss) est. time remaining.
       63% completed,  00:6:39 (hh:mm:ss) est. time remaining.
       63% completed,  00:6:33 (hh:mm:ss) est. time remaining.
       64% completed,  00:6:28 (hh:mm:ss) est. time remaining.
       64% completed,  00:6:23 (hh:mm:ss) est. time remaining.
       65% completed,  00:6:17 (hh:mm:ss) est. time remaining.
       65% completed,  00:6:13 (hh:mm:ss) est. time remaining.
       66% completed,  00:6:06 (hh:mm:ss) est. time remaining.
       66% completed,  00:6:03 (hh:mm:ss) est. time remaining.
       67% completed,  00:5:56 (hh:mm:ss) est. time remaining.
       67% completed,  00:5:52 (hh:mm:ss) est. time remaining.
       68% completed,  00:5:45 (hh:mm:ss) est. time remaining.
       68% completed,  00:5:41 (hh:mm:ss) est. time remaining.
       69% completed,  00:5:35 (hh:mm:ss) est. time remaining.
       69% completed,  00:5:30 (hh:mm:ss) est. time remaining.
       70% completed,  00:5:26 (hh:mm:ss) est. time remaining.
       70% completed,  00:5:20 (hh:mm:ss) est. time remaining.
       71% completed,  00:5:16 (hh:mm:ss) est. time remaining.
       71% completed,  00:5:11 (hh:mm:ss) est. time remaining.
       72% completed,  00:5:05 (hh:mm:ss) est. time remaining.
       72% completed,  00:4:59 (hh:mm:ss) est. time remaining.
       72% completed,  00:4:55 (hh:mm:ss) est. time remaining.
       73% completed,  00:4:50 (hh:mm:ss) est. time remaining.
       73% completed,  00:4:46 (hh:mm:ss) est. time remaining.
       74% completed,  00:4:40 (hh:mm:ss) est. time remaining.
       74% completed,  00:4:36 (hh:mm:ss) est. time remaining.
       75% completed,  00:4:31 (hh:mm:ss) est. time remaining.
       75% completed,  00:4:27 (hh:mm:ss) est. time remaining.
       75% completed,  00:4:22 (hh:mm:ss) est. time remaining.
       76% completed,  00:4:19 (hh:mm:ss) est. time remaining.
       76% completed,  00:4:13 (hh:mm:ss) est. time remaining.
       77% completed,  00:4:10 (hh:mm:ss) est. time remaining.
       77% completed,  00:4:05 (hh:mm:ss) est. time remaining.
       77% completed,  00:4:01 (hh:mm:ss) est. time remaining.
       78% completed,  00:3:56 (hh:mm:ss) est. time remaining.
       78% completed,  00:3:53 (hh:mm:ss) est. time remaining.
       79% completed,  00:3:48 (hh:mm:ss) est. time remaining.
       79% completed,  00:3:44 (hh:mm:ss) est. time remaining.
       79% completed,  00:3:39 (hh:mm:ss) est. time remaining.
       80% completed,  00:3:36 (hh:mm:ss) est. time remaining.
       80% completed,  00:3:32 (hh:mm:ss) est. time remaining.
       81% completed,  00:3:28 (hh:mm:ss) est. time remaining.
       81% completed,  00:3:24 (hh:mm:ss) est. time remaining.
       81% completed,  00:3:19 (hh:mm:ss) est. time remaining.
       82% completed,  00:3:16 (hh:mm:ss) est. time remaining.
       82% completed,  00:3:12 (hh:mm:ss) est. time remaining.
       82% completed,  00:3:08 (hh:mm:ss) est. time remaining.
       83% completed,  00:3:03 (hh:mm:ss) est. time remaining.
       83% completed,  00:3:00 (hh:mm:ss) est. time remaining.
       83% completed,  00:2:56 (hh:mm:ss) est. time remaining.
       84% completed,  00:2:52 (hh:mm:ss) est. time remaining.
       84% completed,  00:2:48 (hh:mm:ss) est. time remaining.
       84% completed,  00:2:44 (hh:mm:ss) est. time remaining.
       85% completed,  00:2:41 (hh:mm:ss) est. time remaining.
       85% completed,  00:2:37 (hh:mm:ss) est. time remaining.
       85% completed,  00:2:34 (hh:mm:ss) est. time remaining.
       86% completed,  00:2:30 (hh:mm:ss) est. time remaining.
       86% completed,  00:2:27 (hh:mm:ss) est. time remaining.
       86% completed,  00:2:24 (hh:mm:ss) est. time remaining.
       87% completed,  00:2:20 (hh:mm:ss) est. time remaining.
       87% completed,  00:2:17 (hh:mm:ss) est. time remaining.
       87% completed,  00:2:14 (hh:mm:ss) est. time remaining.
       88% completed,  00:2:11 (hh:mm:ss) est. time remaining.
       88% completed,  00:2:07 (hh:mm:ss) est. time remaining.
       88% completed,  00:2:04 (hh:mm:ss) est. time remaining.
       88% completed,  00:2:01 (hh:mm:ss) est. time remaining.
       89% completed,  00:1:58 (hh:mm:ss) est. time remaining.
       89% completed,  00:1:55 (hh:mm:ss) est. time remaining.
       89% completed,  00:1:52 (hh:mm:ss) est. time remaining.
       89% completed,  00:1:49 (hh:mm:ss) est. time remaining.
       90% completed,  00:1:46 (hh:mm:ss) est. time remaining.
       90% completed,  00:1:43 (hh:mm:ss) est. time remaining.
       90% completed,  00:1:41 (hh:mm:ss) est. time remaining.
       91% completed,  00:1:37 (hh:mm:ss) est. time remaining.
       91% completed,  00:1:35 (hh:mm:ss) est. time remaining.
       91% completed,  00:1:32 (hh:mm:ss) est. time remaining.
       91% completed,  00:1:29 (hh:mm:ss) est. time remaining.
       92% completed,  00:1:27 (hh:mm:ss) est. time remaining.
       92% completed,  00:1:24 (hh:mm:ss) est. time remaining.
       92% completed,  00:1:21 (hh:mm:ss) est. time remaining.
       92% completed,  00:1:19 (hh:mm:ss) est. time remaining.
       92% completed,  00:1:16 (hh:mm:ss) est. time remaining.
       93% completed,  00:1:14 (hh:mm:ss) est. time remaining.
       93% completed,  00:1:12 (hh:mm:ss) est. time remaining.
       93% completed,  00:1:09 (hh:mm:ss) est. time remaining.
       93% completed,  00:1:07 (hh:mm:ss) est. time remaining.
       94% completed,  00:1:05 (hh:mm:ss) est. time remaining.
       94% completed,  00:1:02 (hh:mm:ss) est. time remaining.
       94% completed,  00:1:00 (hh:mm:ss) est. time remaining.
       94% completed,  00:0:58 (hh:mm:ss) est. time remaining.
       94% completed,  00:0:56 (hh:mm:ss) est. time remaining.
       95% completed,  00:0:54 (hh:mm:ss) est. time remaining.
       95% completed,  00:0:52 (hh:mm:ss) est. time remaining.
       95% completed,  00:0:50 (hh:mm:ss) est. time remaining.
       95% completed,  00:0:48 (hh:mm:ss) est. time remaining.
       95% completed,  00:0:46 (hh:mm:ss) est. time remaining.
       95% completed,  00:0:44 (hh:mm:ss) est. time remaining.
       96% completed,  00:0:42 (hh:mm:ss) est. time remaining.
       96% completed,  00:0:40 (hh:mm:ss) est. time remaining.
       96% completed,  00:0:39 (hh:mm:ss) est. time remaining.
       96% completed,  00:0:37 (hh:mm:ss) est. time remaining.
       96% completed,  00:0:35 (hh:mm:ss) est. time remaining.
       96% completed,  00:0:33 (hh:mm:ss) est. time remaining.
       97% completed,  00:0:32 (hh:mm:ss) est. time remaining.
       97% completed,  00:0:30 (hh:mm:ss) est. time remaining.
       97% completed,  00:0:29 (hh:mm:ss) est. time remaining.
       97% completed,  00:0:27 (hh:mm:ss) est. time remaining.
       97% completed,  00:0:26 (hh:mm:ss) est. time remaining.
       97% completed,  00:0:24 (hh:mm:ss) est. time remaining.
       97% completed,  00:0:23 (hh:mm:ss) est. time remaining.
       97% completed,  00:0:22 (hh:mm:ss) est. time remaining.
       98% completed,  00:0:20 (hh:mm:ss) est. time remaining.
       98% completed,  00:0:19 (hh:mm:ss) est. time remaining.
       98% completed,  00:0:18 (hh:mm:ss) est. time remaining.
       98% completed,  00:0:17 (hh:mm:ss) est. time remaining.
       98% completed,  00:0:16 (hh:mm:ss) est. time remaining.
       98% completed,  00:0:14 (hh:mm:ss) est. time remaining.
       98% completed,  00:0:13 (hh:mm:ss) est. time remaining.
       98% completed,  00:0:12 (hh:mm:ss) est. time remaining.
       98% completed,  00:0:11 (hh:mm:ss) est. time remaining.
       99% completed,  00:0:10 (hh:mm:ss) est. time remaining.
       99% completed,  00:0:09 (hh:mm:ss) est. time remaining.
       99% completed,  00:0:09 (hh:mm:ss) est. time remaining.
       99% completed,  00:0:07 (hh:mm:ss) est. time remaining.
       99% completed,  00:0:06 (hh:mm:ss) est. time remaining.
       99% completed,  00:0:06 (hh:mm:ss) est. time remaining.
       99% completed,  00:0:05 (hh:mm:ss) est. time remaining.
       99% completed,  00:0:04 (hh:mm:ss) est. time remaining.
       99% completed,  00:0:04 (hh:mm:ss) est. time remaining.
       99% completed,  00:0:03 (hh:mm:ss) est. time remaining.
       99% completed,  00:0:03 (hh:mm:ss) est. time remaining.
       99% completed,  00:0:02 (hh:mm:ss) est. time remaining.
       99% completed,  00:0:02 (hh:mm:ss) est. time remaining.
       99% completed,  00:0:01 (hh:mm:ss) est. time remaining.
       99% completed,  00:0:01 (hh:mm:ss) est. time remaining.
       99% completed,  00:0:01 (hh:mm:ss) est. time remaining.
       99% completed,  00:0:00 (hh:mm:ss) est. time remaining.
       99% completed,  00:0:00 (hh:mm:ss) est. time remaining.
       99% completed,  00:0:00 (hh:mm:ss) est. time remaining.
       99% completed,  00:0:00 (hh:mm:ss) est. time remaining.
       99% completed,  00:0:00 (hh:mm:ss) est. time remaining.
       99% completed,  00:0:00 (hh:mm:ss) est. time remaining.
      100% completed,  00:0:00 (hh:mm:ss) est. time remaining.
Comparison Time: 00:18:15 (hh:mm:ss) Elapsed Time, 1626 HSPs Collected
  - RECON: Running imagespread..
RECON Elapsed: 00:00:00 (hh:mm:ss) Elapsed Time
  - RECON: Running initial definition of elements ( eledef )..
RECON Elapsed: 00:00:03 (hh:mm:ss) Elapsed Time
  - RECON: Running re-definition of elements ( eleredef )..
RECON Elapsed: 00:00:05 (hh:mm:ss) Elapsed Time
  - RECON: Running re-definition of edges ( edgeredef )..
RECON Elapsed: 00:00:08 (hh:mm:ss) Elapsed Time
  - RECON: Running family definition ( famdef )..
RECON Elapsed: 00:00:00 (hh:mm:ss) Elapsed Time
  - Obtaining element sequences
Number of families returned by RECON: 513
Processing families with greater than 15 elements

Processing RECON family: 16
  - Saving 48 elements
  - Refining family-16 model...
Family Refinement: 00:00:09 (hh:mm:ss) Elapsed Time
Round Time: 00:19:05 (hh:mm:ss) Elapsed Time


RepeatModeler Round # 4
========================
Searching for Repeats
 -- Sampling from the database...
   - Gathering up to 27000000 bp
   - Sequence extraction : 00:00:02 (hh:mm:ss) Elapsed Time
 -- Running TRFMask on the sequence...
       3405 Tandem Repeats Masked
   - TRFMask time 00:00:52 (hh:mm:ss) Elapsed Time
 -- Masking repeats from the previous rounds...
  - Masking 1 - 5 of 533
  - Masking 16 - 30 of 533
  - Masking 41 - 65 of 533
  - Masking 76 - 110 of 533
  - Masking 121 - 165 of 533
  - Masking 176 - 230 of 533
  - Masking 241 - 305 of 533
  - Masking 316 - 390 of 533
  - Masking 401 - 485 of 533
  - Masking 496 - 533 of 533
   - TE Masking time 00:00:08 (hh:mm:ss) Elapsed Time
 -- Sample Stats:
       Sample Size 20707888 bp
       Num Contigs Represented = 44
       Non ambiguous bp:
             Initial: 20495019 bp
             After Masking: 20240343 bp
             Masked: 1.24 % 
 -- Input Database Coverage: 32840168 bp out of 32840360 bp ( 100.00 % )
Sampling Time: 00:01:03 (hh:mm:ss) Elapsed Time
Running all-by-other comparisons...
        0% completed,  03:1:25 (hh:mm:ss) est. time remaining.
        0% completed,  01:37:04 (hh:mm:ss) est. time remaining.
        1% completed,  02:7:36 (hh:mm:ss) est. time remaining.
        1% completed,  01:36:31 (hh:mm:ss) est. time remaining.
        1% completed,  01:28:24 (hh:mm:ss) est. time remaining.
        2% completed,  01:30:09 (hh:mm:ss) est. time remaining.
        2% completed,  01:32:35 (hh:mm:ss) est. time remaining.
        2% completed,  01:30:33 (hh:mm:ss) est. time remaining.
        3% completed,  01:33:42 (hh:mm:ss) est. time remaining.
        3% completed,  01:31:51 (hh:mm:ss) est. time remaining.
        4% completed,  01:34:13 (hh:mm:ss) est. time remaining.
        4% completed,  01:33:15 (hh:mm:ss) est. time remaining.
        4% completed,  01:33:04 (hh:mm:ss) est. time remaining.
        5% completed,  01:32:52 (hh:mm:ss) est. time remaining.
        5% completed,  01:32:57 (hh:mm:ss) est. time remaining.
        5% completed,  01:31:39 (hh:mm:ss) est. time remaining.
        6% completed,  01:32:13 (hh:mm:ss) est. time remaining.
        6% completed,  01:31:03 (hh:mm:ss) est. time remaining.
        7% completed,  01:30:13 (hh:mm:ss) est. time remaining.
        7% completed,  01:29:51 (hh:mm:ss) est. time remaining.
        7% completed,  01:30:05 (hh:mm:ss) est. time remaining.
        8% completed,  01:28:12 (hh:mm:ss) est. time remaining.
        8% completed,  01:29:32 (hh:mm:ss) est. time remaining.
        8% completed,  01:26:56 (hh:mm:ss) est. time remaining.
        9% completed,  01:29:19 (hh:mm:ss) est. time remaining.
        9% completed,  01:27:22 (hh:mm:ss) est. time remaining.
        9% completed,  01:30:15 (hh:mm:ss) est. time remaining.
       10% completed,  01:27:13 (hh:mm:ss) est. time remaining.
       10% completed,  01:29:01 (hh:mm:ss) est. time remaining.
       10% completed,  01:27:25 (hh:mm:ss) est. time remaining.
       11% completed,  01:25:54 (hh:mm:ss) est. time remaining.
       11% completed,  01:26:30 (hh:mm:ss) est. time remaining.
       12% completed,  01:25:06 (hh:mm:ss) est. time remaining.
       12% completed,  01:25:32 (hh:mm:ss) est. time remaining.
       12% completed,  01:24:54 (hh:mm:ss) est. time remaining.
       13% completed,  01:24:50 (hh:mm:ss) est. time remaining.
       13% completed,  01:24:20 (hh:mm:ss) est. time remaining.
       13% completed,  01:24:22 (hh:mm:ss) est. time remaining.
       14% completed,  01:23:35 (hh:mm:ss) est. time remaining.
       14% completed,  01:23:54 (hh:mm:ss) est. time remaining.
       14% completed,  01:22:57 (hh:mm:ss) est. time remaining.
       15% completed,  01:23:25 (hh:mm:ss) est. time remaining.
       15% completed,  01:22:08 (hh:mm:ss) est. time remaining.
       15% completed,  01:22:57 (hh:mm:ss) est. time remaining.
       16% completed,  01:21:07 (hh:mm:ss) est. time remaining.
       16% completed,  01:22:28 (hh:mm:ss) est. time remaining.
       16% completed,  01:20:27 (hh:mm:ss) est. time remaining.
       17% completed,  01:21:11 (hh:mm:ss) est. time remaining.
       17% completed,  01:19:21 (hh:mm:ss) est. time remaining.
       17% completed,  01:20:25 (hh:mm:ss) est. time remaining.
       18% completed,  01:18:36 (hh:mm:ss) est. time remaining.
       18% completed,  01:16:55 (hh:mm:ss) est. time remaining.
       18% completed,  01:18:01 (hh:mm:ss) est. time remaining.
       19% completed,  01:16:40 (hh:mm:ss) est. time remaining.
       19% completed,  01:17:14 (hh:mm:ss) est. time remaining.
       19% completed,  01:16:08 (hh:mm:ss) est. time remaining.
       20% completed,  01:16:24 (hh:mm:ss) est. time remaining.
       20% completed,  01:14:54 (hh:mm:ss) est. time remaining.
       20% completed,  01:15:32 (hh:mm:ss) est. time remaining.
       21% completed,  01:14:17 (hh:mm:ss) est. time remaining.
       21% completed,  01:15:04 (hh:mm:ss) est. time remaining.
       21% completed,  01:13:37 (hh:mm:ss) est. time remaining.
       22% completed,  01:14:50 (hh:mm:ss) est. time remaining.
       22% completed,  01:13:26 (hh:mm:ss) est. time remaining.
       22% completed,  01:14:08 (hh:mm:ss) est. time remaining.
       23% completed,  01:12:53 (hh:mm:ss) est. time remaining.
       23% completed,  01:13:30 (hh:mm:ss) est. time remaining.
       23% completed,  01:12:36 (hh:mm:ss) est. time remaining.
       24% completed,  01:13:02 (hh:mm:ss) est. time remaining.
       24% completed,  01:11:58 (hh:mm:ss) est. time remaining.
       24% completed,  01:12:31 (hh:mm:ss) est. time remaining.
       25% completed,  01:11:31 (hh:mm:ss) est. time remaining.
       25% completed,  01:11:58 (hh:mm:ss) est. time remaining.
       25% completed,  01:10:54 (hh:mm:ss) est. time remaining.
       26% completed,  01:11:21 (hh:mm:ss) est. time remaining.
       26% completed,  01:10:33 (hh:mm:ss) est. time remaining.
       26% completed,  01:10:32 (hh:mm:ss) est. time remaining.
       27% completed,  01:10:04 (hh:mm:ss) est. time remaining.
       27% completed,  01:10:08 (hh:mm:ss) est. time remaining.
       27% completed,  01:9:27 (hh:mm:ss) est. time remaining.
       28% completed,  01:9:23 (hh:mm:ss) est. time remaining.
       28% completed,  01:8:54 (hh:mm:ss) est. time remaining.
       28% completed,  01:8:20 (hh:mm:ss) est. time remaining.
       29% completed,  01:8:20 (hh:mm:ss) est. time remaining.
       29% completed,  01:7:35 (hh:mm:ss) est. time remaining.
       29% completed,  01:7:48 (hh:mm:ss) est. time remaining.
       30% completed,  01:7:01 (hh:mm:ss) est. time remaining.
       30% completed,  01:7:17 (hh:mm:ss) est. time remaining.
       30% completed,  01:6:43 (hh:mm:ss) est. time remaining.
       30% completed,  01:6:52 (hh:mm:ss) est. time remaining.
       31% completed,  01:5:56 (hh:mm:ss) est. time remaining.
       31% completed,  01:5:01 (hh:mm:ss) est. time remaining.
       31% completed,  01:5:23 (hh:mm:ss) est. time remaining.
       32% completed,  01:4:29 (hh:mm:ss) est. time remaining.
       32% completed,  01:4:29 (hh:mm:ss) est. time remaining.
       32% completed,  01:4:12 (hh:mm:ss) est. time remaining.
       33% completed,  01:3:55 (hh:mm:ss) est. time remaining.
       33% completed,  01:3:35 (hh:mm:ss) est. time remaining.
       33% completed,  01:3:20 (hh:mm:ss) est. time remaining.
       34% completed,  01:2:40 (hh:mm:ss) est. time remaining.
       34% completed,  01:2:30 (hh:mm:ss) est. time remaining.
       34% completed,  01:2:13 (hh:mm:ss) est. time remaining.
       34% completed,  01:2:03 (hh:mm:ss) est. time remaining.
       35% completed,  01:1:43 (hh:mm:ss) est. time remaining.
       35% completed,  01:1:38 (hh:mm:ss) est. time remaining.
       35% completed,  01:1:04 (hh:mm:ss) est. time remaining.
       36% completed,  01:1:04 (hh:mm:ss) est. time remaining.
       36% completed,  01:0:35 (hh:mm:ss) est. time remaining.
       36% completed,  00:59:53 (hh:mm:ss) est. time remaining.
       37% completed,  00:59:30 (hh:mm:ss) est. time remaining.
       37% completed,  00:59:21 (hh:mm:ss) est. time remaining.
       37% completed,  00:59:00 (hh:mm:ss) est. time remaining.
       37% completed,  00:58:51 (hh:mm:ss) est. time remaining.
       38% completed,  00:58:27 (hh:mm:ss) est. time remaining.
       38% completed,  00:58:12 (hh:mm:ss) est. time remaining.
       38% completed,  00:57:59 (hh:mm:ss) est. time remaining.
       39% completed,  00:57:44 (hh:mm:ss) est. time remaining.
       39% completed,  00:57:28 (hh:mm:ss) est. time remaining.
       39% completed,  00:57:15 (hh:mm:ss) est. time remaining.
       39% completed,  00:56:59 (hh:mm:ss) est. time remaining.
       40% completed,  00:56:48 (hh:mm:ss) est. time remaining.
       40% completed,  00:56:26 (hh:mm:ss) est. time remaining.
       40% completed,  00:56:19 (hh:mm:ss) est. time remaining.
       41% completed,  00:55:56 (hh:mm:ss) est. time remaining.
       41% completed,  00:55:47 (hh:mm:ss) est. time remaining.
       41% completed,  00:55:29 (hh:mm:ss) est. time remaining.
       42% completed,  00:55:16 (hh:mm:ss) est. time remaining.
       42% completed,  00:55:01 (hh:mm:ss) est. time remaining.
       42% completed,  00:54:46 (hh:mm:ss) est. time remaining.
       42% completed,  00:54:34 (hh:mm:ss) est. time remaining.
       43% completed,  00:54:15 (hh:mm:ss) est. time remaining.
       43% completed,  00:54:08 (hh:mm:ss) est. time remaining.
       43% completed,  00:53:49 (hh:mm:ss) est. time remaining.
       43% completed,  00:53:32 (hh:mm:ss) est. time remaining.
       44% completed,  00:53:20 (hh:mm:ss) est. time remaining.
       44% completed,  00:53:04 (hh:mm:ss) est. time remaining.
       44% completed,  00:52:51 (hh:mm:ss) est. time remaining.
       45% completed,  00:52:40 (hh:mm:ss) est. time remaining.
       45% completed,  00:52:17 (hh:mm:ss) est. time remaining.
       45% completed,  00:52:19 (hh:mm:ss) est. time remaining.
       45% completed,  00:51:48 (hh:mm:ss) est. time remaining.
       46% completed,  00:51:48 (hh:mm:ss) est. time remaining.
       46% completed,  00:51:22 (hh:mm:ss) est. time remaining.
       46% completed,  00:51:20 (hh:mm:ss) est. time remaining.
       47% completed,  00:50:51 (hh:mm:ss) est. time remaining.
       47% completed,  00:50:49 (hh:mm:ss) est. time remaining.
       47% completed,  00:50:17 (hh:mm:ss) est. time remaining.
       47% completed,  00:50:17 (hh:mm:ss) est. time remaining.
       48% completed,  00:49:44 (hh:mm:ss) est. time remaining.
       48% completed,  00:49:43 (hh:mm:ss) est. time remaining.
       48% completed,  00:49:12 (hh:mm:ss) est. time remaining.
       48% completed,  00:49:06 (hh:mm:ss) est. time remaining.
       49% completed,  00:48:39 (hh:mm:ss) est. time remaining.
       49% completed,  00:48:31 (hh:mm:ss) est. time remaining.
       49% completed,  00:48:00 (hh:mm:ss) est. time remaining.
       50% completed,  00:48:01 (hh:mm:ss) est. time remaining.
       50% completed,  00:47:32 (hh:mm:ss) est. time remaining.
       50% completed,  00:47:25 (hh:mm:ss) est. time remaining.
       50% completed,  00:47:06 (hh:mm:ss) est. time remaining.
       51% completed,  00:46:53 (hh:mm:ss) est. time remaining.
       51% completed,  00:46:37 (hh:mm:ss) est. time remaining.
       51% completed,  00:46:23 (hh:mm:ss) est. time remaining.
       51% completed,  00:46:03 (hh:mm:ss) est. time remaining.
       52% completed,  00:45:48 (hh:mm:ss) est. time remaining.
       52% completed,  00:45:33 (hh:mm:ss) est. time remaining.
       52% completed,  00:45:26 (hh:mm:ss) est. time remaining.
       52% completed,  00:45:03 (hh:mm:ss) est. time remaining.
       53% completed,  00:44:53 (hh:mm:ss) est. time remaining.
       53% completed,  00:44:35 (hh:mm:ss) est. time remaining.
       53% completed,  00:44:17 (hh:mm:ss) est. time remaining.
       53% completed,  00:44:10 (hh:mm:ss) est. time remaining.
       54% completed,  00:43:46 (hh:mm:ss) est. time remaining.
       54% completed,  00:43:43 (hh:mm:ss) est. time remaining.
       54% completed,  00:43:16 (hh:mm:ss) est. time remaining.
       54% completed,  00:43:11 (hh:mm:ss) est. time remaining.
       55% completed,  00:42:47 (hh:mm:ss) est. time remaining.
       55% completed,  00:42:24 (hh:mm:ss) est. time remaining.
       55% completed,  00:42:15 (hh:mm:ss) est. time remaining.
       55% completed,  00:41:54 (hh:mm:ss) est. time remaining.
       56% completed,  00:41:46 (hh:mm:ss) est. time remaining.
       56% completed,  00:41:27 (hh:mm:ss) est. time remaining.
       56% completed,  00:41:19 (hh:mm:ss) est. time remaining.
       56% completed,  00:41:01 (hh:mm:ss) est. time remaining.
       57% completed,  00:40:51 (hh:mm:ss) est. time remaining.
       57% completed,  00:40:35 (hh:mm:ss) est. time remaining.
       57% completed,  00:40:28 (hh:mm:ss) est. time remaining.
       57% completed,  00:40:08 (hh:mm:ss) est. time remaining.
       58% completed,  00:40:01 (hh:mm:ss) est. time remaining.
       58% completed,  00:39:39 (hh:mm:ss) est. time remaining.
       58% completed,  00:39:33 (hh:mm:ss) est. time remaining.
       58% completed,  00:39:15 (hh:mm:ss) est. time remaining.
       59% completed,  00:39:09 (hh:mm:ss) est. time remaining.
       59% completed,  00:38:48 (hh:mm:ss) est. time remaining.
       59% completed,  00:38:39 (hh:mm:ss) est. time remaining.
       59% completed,  00:38:22 (hh:mm:ss) est. time remaining.
       60% completed,  00:38:13 (hh:mm:ss) est. time remaining.
       60% completed,  00:37:57 (hh:mm:ss) est. time remaining.
       60% completed,  00:37:46 (hh:mm:ss) est. time remaining.
       60% completed,  00:37:29 (hh:mm:ss) est. time remaining.
       61% completed,  00:37:17 (hh:mm:ss) est. time remaining.
       61% completed,  00:37:04 (hh:mm:ss) est. time remaining.
       61% completed,  00:36:49 (hh:mm:ss) est. time remaining.
       61% completed,  00:36:38 (hh:mm:ss) est. time remaining.
       61% completed,  00:36:21 (hh:mm:ss) est. time remaining.
       62% completed,  00:36:11 (hh:mm:ss) est. time remaining.
       62% completed,  00:35:53 (hh:mm:ss) est. time remaining.
       62% completed,  00:35:45 (hh:mm:ss) est. time remaining.
       62% completed,  00:35:25 (hh:mm:ss) est. time remaining.
       63% completed,  00:35:19 (hh:mm:ss) est. time remaining.
       63% completed,  00:34:59 (hh:mm:ss) est. time remaining.
       63% completed,  00:34:54 (hh:mm:ss) est. time remaining.
       63% completed,  00:34:36 (hh:mm:ss) est. time remaining.
       64% completed,  00:34:26 (hh:mm:ss) est. time remaining.
       64% completed,  00:34:07 (hh:mm:ss) est. time remaining.
       64% completed,  00:33:58 (hh:mm:ss) est. time remaining.
       64% completed,  00:33:41 (hh:mm:ss) est. time remaining.
       64% completed,  00:33:35 (hh:mm:ss) est. time remaining.
       65% completed,  00:33:16 (hh:mm:ss) est. time remaining.
       65% completed,  00:33:08 (hh:mm:ss) est. time remaining.
       65% completed,  00:32:50 (hh:mm:ss) est. time remaining.
       65% completed,  00:32:39 (hh:mm:ss) est. time remaining.
       65% completed,  00:32:28 (hh:mm:ss) est. time remaining.
       66% completed,  00:32:15 (hh:mm:ss) est. time remaining.
       66% completed,  00:32:04 (hh:mm:ss) est. time remaining.
       66% completed,  00:31:49 (hh:mm:ss) est. time remaining.
       66% completed,  00:31:40 (hh:mm:ss) est. time remaining.
       67% completed,  00:31:24 (hh:mm:ss) est. time remaining.
       67% completed,  00:31:15 (hh:mm:ss) est. time remaining.
       67% completed,  00:31:01 (hh:mm:ss) est. time remaining.
       67% completed,  00:30:51 (hh:mm:ss) est. time remaining.
       67% completed,  00:30:36 (hh:mm:ss) est. time remaining.
       68% completed,  00:30:25 (hh:mm:ss) est. time remaining.
       68% completed,  00:30:13 (hh:mm:ss) est. time remaining.
       68% completed,  00:30:00 (hh:mm:ss) est. time remaining.
       68% completed,  00:29:48 (hh:mm:ss) est. time remaining.
       68% completed,  00:29:36 (hh:mm:ss) est. time remaining.
       69% completed,  00:29:21 (hh:mm:ss) est. time remaining.
       69% completed,  00:29:14 (hh:mm:ss) est. time remaining.
       69% completed,  00:28:57 (hh:mm:ss) est. time remaining.
       69% completed,  00:28:49 (hh:mm:ss) est. time remaining.
       70% completed,  00:28:33 (hh:mm:ss) est. time remaining.
       70% completed,  00:28:25 (hh:mm:ss) est. time remaining.
       70% completed,  00:28:11 (hh:mm:ss) est. time remaining.
       70% completed,  00:28:02 (hh:mm:ss) est. time remaining.
       70% completed,  00:27:49 (hh:mm:ss) est. time remaining.
       71% completed,  00:27:38 (hh:mm:ss) est. time remaining.
       71% completed,  00:27:23 (hh:mm:ss) est. time remaining.
       71% completed,  00:27:09 (hh:mm:ss) est. time remaining.
       71% completed,  00:27:01 (hh:mm:ss) est. time remaining.
       71% completed,  00:26:47 (hh:mm:ss) est. time remaining.
       72% completed,  00:26:40 (hh:mm:ss) est. time remaining.
       72% completed,  00:26:24 (hh:mm:ss) est. time remaining.
       72% completed,  00:26:16 (hh:mm:ss) est. time remaining.
       72% completed,  00:26:03 (hh:mm:ss) est. time remaining.
       72% completed,  00:25:52 (hh:mm:ss) est. time remaining.
       73% completed,  00:25:38 (hh:mm:ss) est. time remaining.
       73% completed,  00:25:25 (hh:mm:ss) est. time remaining.
       73% completed,  00:25:15 (hh:mm:ss) est. time remaining.
       73% completed,  00:25:03 (hh:mm:ss) est. time remaining.
       73% completed,  00:24:53 (hh:mm:ss) est. time remaining.
       74% completed,  00:24:41 (hh:mm:ss) est. time remaining.
       74% completed,  00:24:32 (hh:mm:ss) est. time remaining.
       74% completed,  00:24:19 (hh:mm:ss) est. time remaining.
       74% completed,  00:24:10 (hh:mm:ss) est. time remaining.
       74% completed,  00:23:57 (hh:mm:ss) est. time remaining.
       74% completed,  00:23:43 (hh:mm:ss) est. time remaining.
       75% completed,  00:23:34 (hh:mm:ss) est. time remaining.
       75% completed,  00:23:22 (hh:mm:ss) est. time remaining.
       75% completed,  00:23:09 (hh:mm:ss) est. time remaining.
       75% completed,  00:22:59 (hh:mm:ss) est. time remaining.
       75% completed,  00:22:49 (hh:mm:ss) est. time remaining.
       76% completed,  00:22:38 (hh:mm:ss) est. time remaining.
       76% completed,  00:22:29 (hh:mm:ss) est. time remaining.
       76% completed,  00:22:17 (hh:mm:ss) est. time remaining.
       76% completed,  00:22:08 (hh:mm:ss) est. time remaining.
       76% completed,  00:21:57 (hh:mm:ss) est. time remaining.
       76% completed,  00:21:48 (hh:mm:ss) est. time remaining.
       77% completed,  00:21:37 (hh:mm:ss) est. time remaining.
       77% completed,  00:21:29 (hh:mm:ss) est. time remaining.
       77% completed,  00:21:15 (hh:mm:ss) est. time remaining.
       77% completed,  00:21:09 (hh:mm:ss) est. time remaining.
       77% completed,  00:20:56 (hh:mm:ss) est. time remaining.
       78% completed,  00:20:48 (hh:mm:ss) est. time remaining.
       78% completed,  00:20:36 (hh:mm:ss) est. time remaining.
       78% completed,  00:20:29 (hh:mm:ss) est. time remaining.
       78% completed,  00:20:17 (hh:mm:ss) est. time remaining.
       78% completed,  00:20:10 (hh:mm:ss) est. time remaining.
       78% completed,  00:19:58 (hh:mm:ss) est. time remaining.
       79% completed,  00:19:49 (hh:mm:ss) est. time remaining.
       79% completed,  00:19:38 (hh:mm:ss) est. time remaining.
       79% completed,  00:19:30 (hh:mm:ss) est. time remaining.
       79% completed,  00:19:19 (hh:mm:ss) est. time remaining.
       79% completed,  00:19:11 (hh:mm:ss) est. time remaining.
       79% completed,  00:19:00 (hh:mm:ss) est. time remaining.
       80% completed,  00:18:53 (hh:mm:ss) est. time remaining.
       80% completed,  00:18:41 (hh:mm:ss) est. time remaining.
       80% completed,  00:18:34 (hh:mm:ss) est. time remaining.
       80% completed,  00:18:23 (hh:mm:ss) est. time remaining.
       80% completed,  00:18:15 (hh:mm:ss) est. time remaining.
       80% completed,  00:18:04 (hh:mm:ss) est. time remaining.
       81% completed,  00:17:57 (hh:mm:ss) est. time remaining.
       81% completed,  00:17:46 (hh:mm:ss) est. time remaining.
       81% completed,  00:17:37 (hh:mm:ss) est. time remaining.
       81% completed,  00:17:28 (hh:mm:ss) est. time remaining.
       81% completed,  00:17:19 (hh:mm:ss) est. time remaining.
       81% completed,  00:17:10 (hh:mm:ss) est. time remaining.
       82% completed,  00:17:01 (hh:mm:ss) est. time remaining.
       82% completed,  00:16:51 (hh:mm:ss) est. time remaining.
       82% completed,  00:16:44 (hh:mm:ss) est. time remaining.
       82% completed,  00:16:33 (hh:mm:ss) est. time remaining.
       82% completed,  00:16:26 (hh:mm:ss) est. time remaining.
       82% completed,  00:16:15 (hh:mm:ss) est. time remaining.
       83% completed,  00:16:09 (hh:mm:ss) est. time remaining.
       83% completed,  00:15:58 (hh:mm:ss) est. time remaining.
       83% completed,  00:15:48 (hh:mm:ss) est. time remaining.
       83% completed,  00:15:40 (hh:mm:ss) est. time remaining.
       83% completed,  00:15:30 (hh:mm:ss) est. time remaining.
       83% completed,  00:15:23 (hh:mm:ss) est. time remaining.
       83% completed,  00:15:13 (hh:mm:ss) est. time remaining.
       84% completed,  00:15:04 (hh:mm:ss) est. time remaining.
       84% completed,  00:14:55 (hh:mm:ss) est. time remaining.
       84% completed,  00:14:46 (hh:mm:ss) est. time remaining.
       84% completed,  00:14:38 (hh:mm:ss) est. time remaining.
       84% completed,  00:14:29 (hh:mm:ss) est. time remaining.
       84% completed,  00:14:19 (hh:mm:ss) est. time remaining.
       84% completed,  00:14:10 (hh:mm:ss) est. time remaining.
       85% completed,  00:14:02 (hh:mm:ss) est. time remaining.
       85% completed,  00:13:54 (hh:mm:ss) est. time remaining.
       85% completed,  00:13:46 (hh:mm:ss) est. time remaining.
       85% completed,  00:13:38 (hh:mm:ss) est. time remaining.
       85% completed,  00:13:30 (hh:mm:ss) est. time remaining.
       85% completed,  00:13:22 (hh:mm:ss) est. time remaining.
       85% completed,  00:13:14 (hh:mm:ss) est. time remaining.
       86% completed,  00:13:06 (hh:mm:ss) est. time remaining.
       86% completed,  00:12:58 (hh:mm:ss) est. time remaining.
       86% completed,  00:12:50 (hh:mm:ss) est. time remaining.
       86% completed,  00:12:43 (hh:mm:ss) est. time remaining.
       86% completed,  00:12:35 (hh:mm:ss) est. time remaining.
       86% completed,  00:12:29 (hh:mm:ss) est. time remaining.
       86% completed,  00:12:20 (hh:mm:ss) est. time remaining.
       87% completed,  00:12:13 (hh:mm:ss) est. time remaining.
       87% completed,  00:12:05 (hh:mm:ss) est. time remaining.
       87% completed,  00:11:58 (hh:mm:ss) est. time remaining.
       87% completed,  00:11:49 (hh:mm:ss) est. time remaining.
       87% completed,  00:11:43 (hh:mm:ss) est. time remaining.
       87% completed,  00:11:35 (hh:mm:ss) est. time remaining.
       87% completed,  00:11:27 (hh:mm:ss) est. time remaining.
       87% completed,  00:11:19 (hh:mm:ss) est. time remaining.
       88% completed,  00:11:12 (hh:mm:ss) est. time remaining.
       88% completed,  00:11:04 (hh:mm:ss) est. time remaining.
       88% completed,  00:10:58 (hh:mm:ss) est. time remaining.
       88% completed,  00:10:50 (hh:mm:ss) est. time remaining.
       88% completed,  00:10:44 (hh:mm:ss) est. time remaining.
       88% completed,  00:10:36 (hh:mm:ss) est. time remaining.
       88% completed,  00:10:30 (hh:mm:ss) est. time remaining.
       89% completed,  00:10:22 (hh:mm:ss) est. time remaining.
       89% completed,  00:10:16 (hh:mm:ss) est. time remaining.
       89% completed,  00:10:08 (hh:mm:ss) est. time remaining.
       89% completed,  00:10:02 (hh:mm:ss) est. time remaining.
       89% completed,  00:9:54 (hh:mm:ss) est. time remaining.
       89% completed,  00:9:48 (hh:mm:ss) est. time remaining.
       89% completed,  00:9:41 (hh:mm:ss) est. time remaining.
       89% completed,  00:9:34 (hh:mm:ss) est. time remaining.
       89% completed,  00:9:27 (hh:mm:ss) est. time remaining.
       90% completed,  00:9:21 (hh:mm:ss) est. time remaining.
       90% completed,  00:9:14 (hh:mm:ss) est. time remaining.
       90% completed,  00:9:07 (hh:mm:ss) est. time remaining.
       90% completed,  00:9:01 (hh:mm:ss) est. time remaining.
       90% completed,  00:8:54 (hh:mm:ss) est. time remaining.
       90% completed,  00:8:48 (hh:mm:ss) est. time remaining.
       90% completed,  00:8:41 (hh:mm:ss) est. time remaining.
       90% completed,  00:8:35 (hh:mm:ss) est. time remaining.
       91% completed,  00:8:28 (hh:mm:ss) est. time remaining.
       91% completed,  00:8:22 (hh:mm:ss) est. time remaining.
       91% completed,  00:8:16 (hh:mm:ss) est. time remaining.
       91% completed,  00:8:10 (hh:mm:ss) est. time remaining.
       91% completed,  00:8:03 (hh:mm:ss) est. time remaining.
       91% completed,  00:7:57 (hh:mm:ss) est. time remaining.
       91% completed,  00:7:50 (hh:mm:ss) est. time remaining.
       91% completed,  00:7:44 (hh:mm:ss) est. time remaining.
       91% completed,  00:7:38 (hh:mm:ss) est. time remaining.
       92% completed,  00:7:33 (hh:mm:ss) est. time remaining.
       92% completed,  00:7:26 (hh:mm:ss) est. time remaining.
       92% completed,  00:7:21 (hh:mm:ss) est. time remaining.
       92% completed,  00:7:14 (hh:mm:ss) est. time remaining.
       92% completed,  00:7:09 (hh:mm:ss) est. time remaining.
       92% completed,  00:7:03 (hh:mm:ss) est. time remaining.
       92% completed,  00:6:57 (hh:mm:ss) est. time remaining.
       92% completed,  00:6:51 (hh:mm:ss) est. time remaining.
       92% completed,  00:6:46 (hh:mm:ss) est. time remaining.
       92% completed,  00:6:40 (hh:mm:ss) est. time remaining.
       93% completed,  00:6:34 (hh:mm:ss) est. time remaining.
       93% completed,  00:6:29 (hh:mm:ss) est. time remaining.
       93% completed,  00:6:23 (hh:mm:ss) est. time remaining.
       93% completed,  00:6:18 (hh:mm:ss) est. time remaining.
       93% completed,  00:6:12 (hh:mm:ss) est. time remaining.
       93% completed,  00:6:07 (hh:mm:ss) est. time remaining.
       93% completed,  00:6:01 (hh:mm:ss) est. time remaining.
       93% completed,  00:5:56 (hh:mm:ss) est. time remaining.
       93% completed,  00:5:50 (hh:mm:ss) est. time remaining.
       93% completed,  00:5:45 (hh:mm:ss) est. time remaining.
       93% completed,  00:5:40 (hh:mm:ss) est. time remaining.
       94% completed,  00:5:35 (hh:mm:ss) est. time remaining.
       94% completed,  00:5:30 (hh:mm:ss) est. time remaining.
       94% completed,  00:5:25 (hh:mm:ss) est. time remaining.
       94% completed,  00:5:20 (hh:mm:ss) est. time remaining.
       94% completed,  00:5:14 (hh:mm:ss) est. time remaining.
       94% completed,  00:5:10 (hh:mm:ss) est. time remaining.
       94% completed,  00:5:05 (hh:mm:ss) est. time remaining.
       94% completed,  00:5:00 (hh:mm:ss) est. time remaining.
       94% completed,  00:4:55 (hh:mm:ss) est. time remaining.
       94% completed,  00:4:50 (hh:mm:ss) est. time remaining.
       94% completed,  00:4:45 (hh:mm:ss) est. time remaining.
       95% completed,  00:4:40 (hh:mm:ss) est. time remaining.
       95% completed,  00:4:36 (hh:mm:ss) est. time remaining.
       95% completed,  00:4:31 (hh:mm:ss) est. time remaining.
       95% completed,  00:4:26 (hh:mm:ss) est. time remaining.
       95% completed,  00:4:22 (hh:mm:ss) est. time remaining.
       95% completed,  00:4:17 (hh:mm:ss) est. time remaining.
       95% completed,  00:4:13 (hh:mm:ss) est. time remaining.
       95% completed,  00:4:08 (hh:mm:ss) est. time remaining.
       95% completed,  00:4:04 (hh:mm:ss) est. time remaining.
       95% completed,  00:4:00 (hh:mm:ss) est. time remaining.
       95% completed,  00:3:55 (hh:mm:ss) est. time remaining.
       95% completed,  00:3:51 (hh:mm:ss) est. time remaining.
       96% completed,  00:3:46 (hh:mm:ss) est. time remaining.
       96% completed,  00:3:42 (hh:mm:ss) est. time remaining.
       96% completed,  00:3:38 (hh:mm:ss) est. time remaining.
       96% completed,  00:3:34 (hh:mm:ss) est. time remaining.
       96% completed,  00:3:30 (hh:mm:ss) est. time remaining.
       96% completed,  00:3:26 (hh:mm:ss) est. time remaining.
       96% completed,  00:3:22 (hh:mm:ss) est. time remaining.
       96% completed,  00:3:18 (hh:mm:ss) est. time remaining.
       96% completed,  00:3:14 (hh:mm:ss) est. time remaining.
       96% completed,  00:3:10 (hh:mm:ss) est. time remaining.
       96% completed,  00:3:06 (hh:mm:ss) est. time remaining.
       96% completed,  00:3:02 (hh:mm:ss) est. time remaining.
       96% completed,  00:2:58 (hh:mm:ss) est. time remaining.
       96% completed,  00:2:54 (hh:mm:ss) est. time remaining.
       96% completed,  00:2:51 (hh:mm:ss) est. time remaining.
       97% completed,  00:2:47 (hh:mm:ss) est. time remaining.
       97% completed,  00:2:43 (hh:mm:ss) est. time remaining.
       97% completed,  00:2:40 (hh:mm:ss) est. time remaining.
       97% completed,  00:2:36 (hh:mm:ss) est. time remaining.
       97% completed,  00:2:33 (hh:mm:ss) est. time remaining.
       97% completed,  00:2:29 (hh:mm:ss) est. time remaining.
       97% completed,  00:2:26 (hh:mm:ss) est. time remaining.
       97% completed,  00:2:22 (hh:mm:ss) est. time remaining.
       97% completed,  00:2:19 (hh:mm:ss) est. time remaining.
       97% completed,  00:2:16 (hh:mm:ss) est. time remaining.
       97% completed,  00:2:12 (hh:mm:ss) est. time remaining.
       97% completed,  00:2:09 (hh:mm:ss) est. time remaining.
       97% completed,  00:2:06 (hh:mm:ss) est. time remaining.
       97% completed,  00:2:03 (hh:mm:ss) est. time remaining.
       97% completed,  00:2:00 (hh:mm:ss) est. time remaining.
       97% completed,  00:1:56 (hh:mm:ss) est. time remaining.
       97% completed,  00:1:53 (hh:mm:ss) est. time remaining.
       98% completed,  00:1:50 (hh:mm:ss) est. time remaining.
       98% completed,  00:1:47 (hh:mm:ss) est. time remaining.
       98% completed,  00:1:45 (hh:mm:ss) est. time remaining.
       98% completed,  00:1:42 (hh:mm:ss) est. time remaining.
       98% completed,  00:1:39 (hh:mm:ss) est. time remaining.
       98% completed,  00:1:36 (hh:mm:ss) est. time remaining.
       98% completed,  00:1:33 (hh:mm:ss) est. time remaining.
       98% completed,  00:1:31 (hh:mm:ss) est. time remaining.
       98% completed,  00:1:28 (hh:mm:ss) est. time remaining.
       98% completed,  00:1:25 (hh:mm:ss) est. time remaining.
       98% completed,  00:1:23 (hh:mm:ss) est. time remaining.
       98% completed,  00:1:20 (hh:mm:ss) est. time remaining.
       98% completed,  00:1:18 (hh:mm:ss) est. time remaining.
       98% completed,  00:1:15 (hh:mm:ss) est. time remaining.
       98% completed,  00:1:13 (hh:mm:ss) est. time remaining.
       98% completed,  00:1:10 (hh:mm:ss) est. time remaining.
       98% completed,  00:1:08 (hh:mm:ss) est. time remaining.
       98% completed,  00:1:06 (hh:mm:ss) est. time remaining.
       98% completed,  00:1:03 (hh:mm:ss) est. time remaining.
       98% completed,  00:1:01 (hh:mm:ss) est. time remaining.
       98% completed,  00:0:59 (hh:mm:ss) est. time remaining.
       98% completed,  00:0:57 (hh:mm:ss) est. time remaining.
       99% completed,  00:0:55 (hh:mm:ss) est. time remaining.
       99% completed,  00:0:53 (hh:mm:ss) est. time remaining.
       99% completed,  00:0:50 (hh:mm:ss) est. time remaining.
       99% completed,  00:0:48 (hh:mm:ss) est. time remaining.
       99% completed,  00:0:47 (hh:mm:ss) est. time remaining.
       99% completed,  00:0:45 (hh:mm:ss) est. time remaining.
       99% completed,  00:0:43 (hh:mm:ss) est. time remaining.
       99% completed,  00:0:41 (hh:mm:ss) est. time remaining.
       99% completed,  00:0:39 (hh:mm:ss) est. time remaining.
       99% completed,  00:0:37 (hh:mm:ss) est. time remaining.
       99% completed,  00:0:36 (hh:mm:ss) est. time remaining.
       99% completed,  00:0:34 (hh:mm:ss) est. time remaining.
       99% completed,  00:0:32 (hh:mm:ss) est. time remaining.
       99% completed,  00:0:31 (hh:mm:ss) est. time remaining.
       99% completed,  00:0:29 (hh:mm:ss) est. time remaining.
       99% completed,  00:0:28 (hh:mm:ss) est. time remaining.
       99% completed,  00:0:26 (hh:mm:ss) est. time remaining.
       99% completed,  00:0:25 (hh:mm:ss) est. time remaining.
       99% completed,  00:0:23 (hh:mm:ss) est. time remaining.
       99% completed,  00:0:22 (hh:mm:ss) est. time remaining.
       99% completed,  00:0:21 (hh:mm:ss) est. time remaining.
       99% completed,  00:0:19 (hh:mm:ss) est. time remaining.
       99% completed,  00:0:18 (hh:mm:ss) est. time remaining.
       99% completed,  00:0:17 (hh:mm:ss) est. time remaining.
       99% completed,  00:0:16 (hh:mm:ss) est. time remaining.
       99% completed,  00:0:15 (hh:mm:ss) est. time remaining.
       99% completed,  00:0:14 (hh:mm:ss) est. time remaining.
       99% completed,  00:0:12 (hh:mm:ss) est. time remaining.
       99% completed,  00:0:11 (hh:mm:ss) est. time remaining.
       99% completed,  00:0:11 (hh:mm:ss) est. time remaining.
       99% completed,  00:0:10 (hh:mm:ss) est. time remaining.
       99% completed,  00:0:09 (hh:mm:ss) est. time remaining.
       99% completed,  00:0:08 (hh:mm:ss) est. time remaining.
       99% completed,  00:0:07 (hh:mm:ss) est. time remaining.
       99% completed,  00:0:06 (hh:mm:ss) est. time remaining.
       99% completed,  00:0:06 (hh:mm:ss) est. time remaining.
       99% completed,  00:0:05 (hh:mm:ss) est. time remaining.
       99% completed,  00:0:04 (hh:mm:ss) est. time remaining.
       99% completed,  00:0:04 (hh:mm:ss) est. time remaining.
       99% completed,  00:0:03 (hh:mm:ss) est. time remaining.
       99% completed,  00:0:03 (hh:mm:ss) est. time remaining.
       99% completed,  00:0:02 (hh:mm:ss) est. time remaining.
       99% completed,  00:0:02 (hh:mm:ss) est. time remaining.
       99% completed,  00:0:01 (hh:mm:ss) est. time remaining.
       99% completed,  00:0:01 (hh:mm:ss) est. time remaining.
       99% completed,  00:0:01 (hh:mm:ss) est. time remaining.
       99% completed,  00:0:00 (hh:mm:ss) est. time remaining.
       99% completed,  00:0:00 (hh:mm:ss) est. time remaining.
       99% completed,  00:0:00 (hh:mm:ss) est. time remaining.
       99% completed,  00:0:00 (hh:mm:ss) est. time remaining.
       99% completed,  00:0:00 (hh:mm:ss) est. time remaining.
       99% completed,  00:0:00 (hh:mm:ss) est. time remaining.
      100% completed,  00:0:00 (hh:mm:ss) est. time remaining.
Comparison Time: 01:34:29 (hh:mm:ss) Elapsed Time, 6671 HSPs Collected
  - RECON: Running imagespread..
RECON Elapsed: 00:00:00 (hh:mm:ss) Elapsed Time
  - RECON: Running initial definition of elements ( eledef )..
RECON Elapsed: 00:00:10 (hh:mm:ss) Elapsed Time
  - RECON: Running re-definition of elements ( eleredef )..
RECON Elapsed: 00:00:29 (hh:mm:ss) Elapsed Time
  - RECON: Running re-definition of edges ( edgeredef )..
RECON Elapsed: 00:00:30 (hh:mm:ss) Elapsed Time
  - RECON: Running family definition ( famdef )..
RECON Elapsed: 00:00:02 (hh:mm:ss) Elapsed Time
  - Obtaining element sequences
Number of families returned by RECON: 1881
Processing families with greater than 15 elements

Processing RECON family: 63
  - Saving 41 elements
  - Refining family-63 model...

Processing RECON family: 14
  - Saving 31 elements
  - Refining family-14 model...

Processing RECON family: 80
  - Saving 30 elements
  - Refining family-80 model...

Processing RECON family: 318
  - Saving 24 elements
  - Refining family-318 model...

Processing RECON family: 1
  - Saving 23 elements
  - Refining family-1 model...

Processing RECON family: 243
  - Saving 20 elements
  - Refining family-243 model...

Processing RECON family: 293
  - Saving 17 elements
  - Refining family-293 model...

Processing RECON family: 368
  - Saving 16 elements
  - Refining family-368 model...
Family Refinement: 00:00:45 (hh:mm:ss) Elapsed Time
Round Time: 01:37:49 (hh:mm:ss) Elapsed Time

RepeatScout/RECON discovery complete: 41 families found


RepeatClassifier Version 2.0.1
======================================
Search Engine = rmblast
  - Looking for Simple and Low Complexity sequences..
  - Looking for similarity to known repeat proteins..
Missing /hpc/group/vilgalyslab/yk158/miniconda3/envs/repeatmasker/share/RepeatMasker/Libraries/RepeatMasker.lib.nsq!
Please rerun the configure program in the RepeatModeler directory
before running this script.
  - Looking for similarity to known repeat consensi..
Classification Time: 00:00:18 (hh:mm:ss) Elapsed Time


Program Time: 02:09:55 (hh:mm:ss) Elapsed Time
Working directory:  /work/yk158/pmiEndo/repeatmodeler/RM_35772.TueAug181842012020
may be deleted unless there were problems with the run.

The results have been saved to:
  Ophpic1-families.fa  - Consensus sequences for each family identified.
  Ophpic1-families.stk - Seed alignments for each family identified.

The RepeatModeler stockholm file is formatted so that it can
easily be submitted to the Dfam database.  Please consider contributing
curated families to this open database and be a part of this growing
community resource.  For more information contact help@dfam.org.


