RepeatModeler Version 2.0.1
===========================
Search Engine = rmblast 2.9.0+
Dependencies: TRF 4.09, RECON , RepeatScout 1.0.6, RepeatMasker 
LTR Structural Analysis: Disabled [use -LTRStruct to enable]
Random Number Seed: 1597790761
Database = Stano2 .
  - Sequences = 108
  - Bases = 37213987
  - N50 = 1021686
  - Contig Histogram:
  Size(bp)                                                        Count
  -----------------------------------------------------------------------
  2363286-2531949 |                                                   [  ]
  2194623-2363285 |                                                   [  ]
  2025960-2194622 |                                                   [  ]
  1857297-2025959 |                                                   [  ]
  1688634-1857296 |                                                   [  ]
  1519971-1688633 |***                                                [ 4 ]
  1351308-1519970 |**                                                 [ 3 ]
  1182645-1351307 |***                                                [ 4 ]
  1013982-1182644 |*                                                  [ 2 ]
  845319-1013981  |***                                                [ 4 ]
  676656-845318   |**                                                 [ 3 ]
  507993-676655   |**                                                 [ 3 ]
  339330-507992   |********                                           [ 11 ]
  170667-339329   |*******                                            [ 10 ]
  2005-170667     |************************************************** [ 63 ]

Using output directory = /work/yk158/pmiEndo/repeatmodeler/RM_69229.TueAug181846032020
Storage Throughput = fair ( 398.95 MB/s )

Ready to start the sampling process.
INFO: The runtime of RepeatModeler heavily depends on the quality of the assembly
      and the repetitive content of the sequences.  It is not imperative
      that RepeatModeler completes all rounds in order to obtain useful
      results.  At the completion of each round, the files ( consensi.fa, and
      families.stk ) found in:
      /work/yk158/pmiEndo/repeatmodeler/RM_69229.TueAug181846032020/ 
      will contain all results produced thus far. These files may be 
      manually copied and run through RepeatClassifier should the program
      be terminated early.


RepeatModeler Round # 1
========================
Searching for Repeats
 -- Sampling from the database...
   - Gathering up to 40000000 bp
   - Final Sample Size = 37213972 bp ( 37049584 non ambiguous )
   - Num Contigs Represented = 108
   - Sequence extraction : 00:00:04 (hh:mm:ss) Elapsed Time
 -- Running RepeatScout on the sequences...
   - RepeatScout: Running build_lmer_table ( l = 14 )..
   - RepeatScout: Running RepeatScout.. : 128 raw families identified
   - RepeatScout: Running filtering stage.. 121 families remaining
   - RepeatScout: 00:09:19 (hh:mm:ss) Elapsed Time
   - Large Satellite Filtering.. : 5 found in 00:00:28 (hh:mm:ss) Elapsed Time
   - Collecting repeat instances...
 -- Refining Family R=9 / 0 ( RS Elements: 952, Using 100 )
 -- Refining Family R=99 / 1 ( RS Elements: 406, Using 100 )
 -- Refining Family R=4 / 2 ( RS Elements: 317, Using 100 )
 -- Refining Family R=30 / 3 ( RS Elements: 204, Using 100 )
 -- Refining Family R=12 / 4 ( RS Elements: 197, Using 100 )
 -- Refining Family R=10 / 5 ( RS Elements: 172, Using 100 )
 -- Refining Family R=35 / 6 ( RS Elements: 167, Using 100 )
 -- Refining Family R=71 / 7 ( RS Elements: 165, Using 100 )
 -- Refining Family R=37 / 8 ( RS Elements: 153, Using 100 )
 -- Refining Family R=27 / 9 ( RS Elements: 142, Using 100 )
 -- Refining Family R=2 / 10 ( RS Elements: 138, Using 100 )
 -- Refining Family R=19 / 11 ( RS Elements: 135, Using 100 )
 -- Refining Family R=28 / 12 ( RS Elements: 128, Using 100 )
 -- Refining Family R=48 / 13 ( RS Elements: 124, Using 100 )
 -- Refining Family R=8 / 14 ( RS Elements: 118, Using 100 )
 -- Refining Family R=23 / 15 ( RS Elements: 107, Using 100 )
 -- Refining Family R=6 / 16 ( RS Elements: 98, Using 98 )
 -- Refining Family R=31 / 17 ( RS Elements: 83, Using 83 )
 -- Refining Family R=18 / 18 ( RS Elements: 80, Using 80 )
 -- Refining Family R=5 / 19 ( RS Elements: 78, Using 78 )
 -- Refining Family R=14 / 20 ( RS Elements: 76, Using 76 )
 -- Refining Family R=75 / 21 ( RS Elements: 67, Using 67 )
 -- Refining Family R=50 / 22 ( RS Elements: 64, Using 64 )
 -- Refining Family R=39 / 23 ( RS Elements: 60, Using 60 )
 -- Refining Family R=13 / 24 ( RS Elements: 57, Using 57 )
 -- Refining Family R=24 / 25 ( RS Elements: 56, Using 56 )
 -- Refining Family R=49 / 26 ( RS Elements: 55, Using 55 )
 -- Refining Family R=11 / 27 ( RS Elements: 51, Using 51 )
 -- Refining Family R=17 / 28 ( RS Elements: 46, Using 46 )
 -- Refining Family R=78 / 29 ( RS Elements: 43, Using 43 )
 -- Refining Family R=54 / 30 ( RS Elements: 42, Using 42 )
 -- Refining Family R=74 / 31 ( RS Elements: 41, Using 41 )
 -- Refining Family R=60 / 32 ( RS Elements: 39, Using 39 )
 -- Refining Family R=25 / 33 ( RS Elements: 37, Using 37 )
 -- Refining Family R=101 / 34 ( RS Elements: 37, Using 37 )
 -- Refining Family R=32 / 35 ( RS Elements: 36, Using 36 )
 -- Refining Family R=22 / 36 ( RS Elements: 36, Using 36 )
 -- Refining Family R=16 / 37 ( RS Elements: 31, Using 31 )
 -- Refining Family R=36 / 38 ( RS Elements: 30, Using 30 )
 -- Refining Family R=57 / 39 ( RS Elements: 30, Using 30 )
 -- Refining Family R=46 / 40 ( RS Elements: 30, Using 30 )
 -- Refining Family R=26 / 41 ( RS Elements: 29, Using 29 )
 -- Refining Family R=53 / 42 ( RS Elements: 29, Using 29 )
 -- Refining Family R=21 / 43 ( RS Elements: 28, Using 28 )
 -- Refining Family R=43 / 44 ( RS Elements: 26, Using 26 )
 -- Refining Family R=120 / 45 ( RS Elements: 26, Using 26 )
 -- Refining Family R=61 / 46 ( RS Elements: 25, Using 25 )
 -- Refining Family R=34 / 47 ( RS Elements: 25, Using 25 )
 -- Refining Family R=45 / 48 ( RS Elements: 24, Using 24 )
 -- Refining Family R=63 / 49 ( RS Elements: 23, Using 23 )
 -- Refining Family R=115 / 50 ( RS Elements: 23, Using 23 )
 -- Refining Family R=51 / 51 ( RS Elements: 22, Using 22 )
 -- Refining Family R=56 / 52 ( RS Elements: 22, Using 22 )
 -- Refining Family R=62 / 53 ( RS Elements: 21, Using 21 )
 -- Refining Family R=29 / 54 ( RS Elements: 21, Using 21 )
 -- Refining Family R=103 / 55 ( RS Elements: 20, Using 20 )
 -- Refining Family R=76 / 56 ( RS Elements: 20, Using 20 )
 -- Refining Family R=82 / 57 ( RS Elements: 20, Using 20 )
 -- Refining Family R=44 / 58 ( RS Elements: 20, Using 20 )
 -- Refining Family R=33 / 59 ( RS Elements: 19, Using 19 )
 -- Refining Family R=116 / 60 ( RS Elements: 19, Using 19 )
 -- Refining Family R=100 / 61 ( RS Elements: 18, Using 18 )
 -- Refining Family R=72 / 62 ( RS Elements: 18, Using 18 )
 -- Refining Family R=69 / 63 ( RS Elements: 18, Using 18 )
 -- Refining Family R=42 / 64 ( RS Elements: 18, Using 18 )
 -- Refining Family R=106 / 65 ( RS Elements: 18, Using 18 )
Family Refinement: 01:45:38 (hh:mm:ss) Elapsed Time


RepeatModeler Round # 2
========================
Searching for Repeats
 -- Sampling from the database...
   - Gathering up to 3000000 bp
   - Sequence extraction : 00:00:01 (hh:mm:ss) Elapsed Time
 -- Running TRFMask on the sequence...
       89 Tandem Repeats Masked
   - TRFMask time 00:00:04 (hh:mm:ss) Elapsed Time
 -- Masking repeats from the previous rounds...
  - Masking 1 - 5 of 81
  - Masking 16 - 30 of 81
  - Masking 41 - 65 of 81
  - Masking 76 - 81 of 81
   - TE Masking time 00:00:15 (hh:mm:ss) Elapsed Time
 -- Sample Stats:
       Sample Size 3043453 bp
       Num Contigs Represented = 37
       Non ambiguous bp:
             Initial: 3027709 bp
             After Masking: 2933087 bp
             Masked: 3.13 % 
 -- Input Database Coverage: 3043453 bp out of 37213987 bp ( 8.18 % )
Sampling Time: 00:00:21 (hh:mm:ss) Elapsed Time
Running all-by-other comparisons...
        2% completed,  00:3:20 (hh:mm:ss) est. time remaining.
        4% completed,  00:1:56 (hh:mm:ss) est. time remaining.
        7% completed,  00:1:28 (hh:mm:ss) est. time remaining.
        9% completed,  00:1:33 (hh:mm:ss) est. time remaining.
       12% completed,  00:1:27 (hh:mm:ss) est. time remaining.
       14% completed,  00:1:29 (hh:mm:ss) est. time remaining.
       16% completed,  00:1:25 (hh:mm:ss) est. time remaining.
       18% completed,  00:1:25 (hh:mm:ss) est. time remaining.
       21% completed,  00:1:22 (hh:mm:ss) est. time remaining.
       23% completed,  00:1:22 (hh:mm:ss) est. time remaining.
       25% completed,  00:1:19 (hh:mm:ss) est. time remaining.
       27% completed,  00:1:18 (hh:mm:ss) est. time remaining.
       29% completed,  00:1:15 (hh:mm:ss) est. time remaining.
       31% completed,  00:1:13 (hh:mm:ss) est. time remaining.
       33% completed,  00:1:14 (hh:mm:ss) est. time remaining.
       35% completed,  00:1:09 (hh:mm:ss) est. time remaining.
       37% completed,  00:1:07 (hh:mm:ss) est. time remaining.
       39% completed,  00:1:05 (hh:mm:ss) est. time remaining.
       41% completed,  00:1:04 (hh:mm:ss) est. time remaining.
       43% completed,  00:1:02 (hh:mm:ss) est. time remaining.
       45% completed,  00:1:00 (hh:mm:ss) est. time remaining.
       47% completed,  00:0:58 (hh:mm:ss) est. time remaining.
       48% completed,  00:0:56 (hh:mm:ss) est. time remaining.
       50% completed,  00:0:53 (hh:mm:ss) est. time remaining.
       52% completed,  00:0:51 (hh:mm:ss) est. time remaining.
       54% completed,  00:0:48 (hh:mm:ss) est. time remaining.
       55% completed,  00:0:48 (hh:mm:ss) est. time remaining.
       57% completed,  00:0:45 (hh:mm:ss) est. time remaining.
       59% completed,  00:0:44 (hh:mm:ss) est. time remaining.
       60% completed,  00:0:42 (hh:mm:ss) est. time remaining.
       62% completed,  00:0:40 (hh:mm:ss) est. time remaining.
       63% completed,  00:0:38 (hh:mm:ss) est. time remaining.
       65% completed,  00:0:36 (hh:mm:ss) est. time remaining.
       66% completed,  00:0:35 (hh:mm:ss) est. time remaining.
       68% completed,  00:0:33 (hh:mm:ss) est. time remaining.
       69% completed,  00:0:32 (hh:mm:ss) est. time remaining.
       70% completed,  00:0:31 (hh:mm:ss) est. time remaining.
       72% completed,  00:0:29 (hh:mm:ss) est. time remaining.
       73% completed,  00:0:28 (hh:mm:ss) est. time remaining.
       74% completed,  00:0:27 (hh:mm:ss) est. time remaining.
       75% completed,  00:0:26 (hh:mm:ss) est. time remaining.
       77% completed,  00:0:24 (hh:mm:ss) est. time remaining.
       78% completed,  00:0:22 (hh:mm:ss) est. time remaining.
       79% completed,  00:0:21 (hh:mm:ss) est. time remaining.
       80% completed,  00:0:20 (hh:mm:ss) est. time remaining.
       81% completed,  00:0:19 (hh:mm:ss) est. time remaining.
       82% completed,  00:0:18 (hh:mm:ss) est. time remaining.
       83% completed,  00:0:17 (hh:mm:ss) est. time remaining.
       84% completed,  00:0:16 (hh:mm:ss) est. time remaining.
       85% completed,  00:0:15 (hh:mm:ss) est. time remaining.
       86% completed,  00:0:14 (hh:mm:ss) est. time remaining.
       87% completed,  00:0:13 (hh:mm:ss) est. time remaining.
       88% completed,  00:0:12 (hh:mm:ss) est. time remaining.
       89% completed,  00:0:11 (hh:mm:ss) est. time remaining.
       89% completed,  00:0:10 (hh:mm:ss) est. time remaining.
       90% completed,  00:0:09 (hh:mm:ss) est. time remaining.
       91% completed,  00:0:09 (hh:mm:ss) est. time remaining.
       92% completed,  00:0:08 (hh:mm:ss) est. time remaining.
       92% completed,  00:0:07 (hh:mm:ss) est. time remaining.
       93% completed,  00:0:06 (hh:mm:ss) est. time remaining.
       94% completed,  00:0:06 (hh:mm:ss) est. time remaining.
       94% completed,  00:0:05 (hh:mm:ss) est. time remaining.
       95% completed,  00:0:05 (hh:mm:ss) est. time remaining.
       95% completed,  00:0:04 (hh:mm:ss) est. time remaining.
       96% completed,  00:0:04 (hh:mm:ss) est. time remaining.
       96% completed,  00:0:03 (hh:mm:ss) est. time remaining.
       97% completed,  00:0:03 (hh:mm:ss) est. time remaining.
       97% completed,  00:0:02 (hh:mm:ss) est. time remaining.
       97% completed,  00:0:02 (hh:mm:ss) est. time remaining.
       98% completed,  00:0:01 (hh:mm:ss) est. time remaining.
       98% completed,  00:0:01 (hh:mm:ss) est. time remaining.
       98% completed,  00:0:01 (hh:mm:ss) est. time remaining.
       99% completed,  00:0:00 (hh:mm:ss) est. time remaining.
       99% completed,  00:0:00 (hh:mm:ss) est. time remaining.
       99% completed,  00:0:00 (hh:mm:ss) est. time remaining.
       99% completed,  00:0:00 (hh:mm:ss) est. time remaining.
       99% completed,  00:0:00 (hh:mm:ss) est. time remaining.
       99% completed,  00:0:00 (hh:mm:ss) est. time remaining.
       99% completed,  00:0:00 (hh:mm:ss) est. time remaining.
      100% completed,  00:0:00 (hh:mm:ss) est. time remaining.
Comparison Time: 00:01:50 (hh:mm:ss) Elapsed Time, 171 HSPs Collected
  - RECON: Running imagespread..
RECON Elapsed: 00:00:00 (hh:mm:ss) Elapsed Time
  - RECON: Running initial definition of elements ( eledef )..
RECON Elapsed: 00:00:01 (hh:mm:ss) Elapsed Time
  - RECON: Running re-definition of elements ( eleredef )..
RECON Elapsed: 00:00:01 (hh:mm:ss) Elapsed Time
  - RECON: Running re-definition of edges ( edgeredef )..
RECON Elapsed: 00:00:01 (hh:mm:ss) Elapsed Time
  - RECON: Running family definition ( famdef )..
RECON Elapsed: 00:00:00 (hh:mm:ss) Elapsed Time
  - Obtaining element sequences
Number of families returned by RECON: 79
Processing families with greater than 15 elements
Family Refinement: 00:00:00 (hh:mm:ss) Elapsed Time
Round Time: 00:02:15 (hh:mm:ss) Elapsed Time


RepeatModeler Round # 3
========================
Searching for Repeats
 -- Sampling from the database...
   - Gathering up to 9000000 bp
   - Sequence extraction : 00:00:01 (hh:mm:ss) Elapsed Time
 -- Running TRFMask on the sequence...
       235 Tandem Repeats Masked
   - TRFMask time 00:00:12 (hh:mm:ss) Elapsed Time
 -- Masking repeats from the previous rounds...
  - Masking 1 - 5 of 237
  - Masking 16 - 30 of 237
  - Masking 41 - 65 of 237
  - Masking 76 - 110 of 237
  - Masking 121 - 165 of 237
  - Masking 176 - 230 of 237
   - TE Masking time 00:00:59 (hh:mm:ss) Elapsed Time
 -- Sample Stats:
       Sample Size 9049492 bp
       Num Contigs Represented = 58
       Non ambiguous bp:
             Initial: 9018260 bp
             After Masking: 8676950 bp
             Masked: 3.78 % 
 -- Input Database Coverage: 12092945 bp out of 37213987 bp ( 32.50 % )
Sampling Time: 00:01:13 (hh:mm:ss) Elapsed Time
Running all-by-other comparisons...
        0% completed,  00:27:32 (hh:mm:ss) est. time remaining.
        1% completed,  00:16:32 (hh:mm:ss) est. time remaining.
        2% completed,  00:18:02 (hh:mm:ss) est. time remaining.
        3% completed,  00:14:53 (hh:mm:ss) est. time remaining.
        4% completed,  00:16:47 (hh:mm:ss) est. time remaining.
        5% completed,  00:14:32 (hh:mm:ss) est. time remaining.
        5% completed,  00:15:52 (hh:mm:ss) est. time remaining.
        6% completed,  00:14:16 (hh:mm:ss) est. time remaining.
        7% completed,  00:15:41 (hh:mm:ss) est. time remaining.
        8% completed,  00:14:13 (hh:mm:ss) est. time remaining.
        9% completed,  00:16:00 (hh:mm:ss) est. time remaining.
        9% completed,  00:14:43 (hh:mm:ss) est. time remaining.
       10% completed,  00:15:02 (hh:mm:ss) est. time remaining.
       11% completed,  00:15:39 (hh:mm:ss) est. time remaining.
       12% completed,  00:14:38 (hh:mm:ss) est. time remaining.
       13% completed,  00:13:58 (hh:mm:ss) est. time remaining.
       13% completed,  00:13:59 (hh:mm:ss) est. time remaining.
       14% completed,  00:13:36 (hh:mm:ss) est. time remaining.
       15% completed,  00:13:42 (hh:mm:ss) est. time remaining.
       16% completed,  00:13:11 (hh:mm:ss) est. time remaining.
       16% completed,  00:12:33 (hh:mm:ss) est. time remaining.
       17% completed,  00:12:59 (hh:mm:ss) est. time remaining.
       18% completed,  00:12:24 (hh:mm:ss) est. time remaining.
       19% completed,  00:12:38 (hh:mm:ss) est. time remaining.
       20% completed,  00:12:14 (hh:mm:ss) est. time remaining.
       20% completed,  00:12:27 (hh:mm:ss) est. time remaining.
       21% completed,  00:12:08 (hh:mm:ss) est. time remaining.
       22% completed,  00:12:16 (hh:mm:ss) est. time remaining.
       23% completed,  00:11:52 (hh:mm:ss) est. time remaining.
       23% completed,  00:11:55 (hh:mm:ss) est. time remaining.
       24% completed,  00:11:39 (hh:mm:ss) est. time remaining.
       25% completed,  00:11:42 (hh:mm:ss) est. time remaining.
       25% completed,  00:11:33 (hh:mm:ss) est. time remaining.
       26% completed,  00:11:29 (hh:mm:ss) est. time remaining.
       27% completed,  00:11:44 (hh:mm:ss) est. time remaining.
       28% completed,  00:11:22 (hh:mm:ss) est. time remaining.
       28% completed,  00:11:23 (hh:mm:ss) est. time remaining.
       29% completed,  00:11:09 (hh:mm:ss) est. time remaining.
       30% completed,  00:11:08 (hh:mm:ss) est. time remaining.
       30% completed,  00:10:57 (hh:mm:ss) est. time remaining.
       31% completed,  00:10:53 (hh:mm:ss) est. time remaining.
       32% completed,  00:10:45 (hh:mm:ss) est. time remaining.
       33% completed,  00:10:39 (hh:mm:ss) est. time remaining.
       33% completed,  00:10:36 (hh:mm:ss) est. time remaining.
       34% completed,  00:10:26 (hh:mm:ss) est. time remaining.
       35% completed,  00:10:22 (hh:mm:ss) est. time remaining.
       35% completed,  00:10:16 (hh:mm:ss) est. time remaining.
       36% completed,  00:10:11 (hh:mm:ss) est. time remaining.
       37% completed,  00:10:05 (hh:mm:ss) est. time remaining.
       37% completed,  00:10:00 (hh:mm:ss) est. time remaining.
       38% completed,  00:9:53 (hh:mm:ss) est. time remaining.
       39% completed,  00:9:39 (hh:mm:ss) est. time remaining.
       39% completed,  00:9:39 (hh:mm:ss) est. time remaining.
       40% completed,  00:9:29 (hh:mm:ss) est. time remaining.
       41% completed,  00:9:24 (hh:mm:ss) est. time remaining.
       41% completed,  00:9:09 (hh:mm:ss) est. time remaining.
       42% completed,  00:9:11 (hh:mm:ss) est. time remaining.
       43% completed,  00:9:00 (hh:mm:ss) est. time remaining.
       43% completed,  00:9:00 (hh:mm:ss) est. time remaining.
       44% completed,  00:8:49 (hh:mm:ss) est. time remaining.
       44% completed,  00:8:48 (hh:mm:ss) est. time remaining.
       45% completed,  00:8:37 (hh:mm:ss) est. time remaining.
       46% completed,  00:8:36 (hh:mm:ss) est. time remaining.
       46% completed,  00:8:25 (hh:mm:ss) est. time remaining.
       47% completed,  00:8:13 (hh:mm:ss) est. time remaining.
       48% completed,  00:8:13 (hh:mm:ss) est. time remaining.
       48% completed,  00:8:01 (hh:mm:ss) est. time remaining.
       49% completed,  00:8:01 (hh:mm:ss) est. time remaining.
       49% completed,  00:7:52 (hh:mm:ss) est. time remaining.
       50% completed,  00:7:47 (hh:mm:ss) est. time remaining.
       51% completed,  00:7:38 (hh:mm:ss) est. time remaining.
       51% completed,  00:7:35 (hh:mm:ss) est. time remaining.
       52% completed,  00:7:29 (hh:mm:ss) est. time remaining.
       52% completed,  00:7:23 (hh:mm:ss) est. time remaining.
       53% completed,  00:7:17 (hh:mm:ss) est. time remaining.
       53% completed,  00:7:12 (hh:mm:ss) est. time remaining.
       54% completed,  00:7:07 (hh:mm:ss) est. time remaining.
       55% completed,  00:7:03 (hh:mm:ss) est. time remaining.
       55% completed,  00:6:56 (hh:mm:ss) est. time remaining.
       56% completed,  00:6:53 (hh:mm:ss) est. time remaining.
       56% completed,  00:6:46 (hh:mm:ss) est. time remaining.
       57% completed,  00:6:42 (hh:mm:ss) est. time remaining.
       57% completed,  00:6:40 (hh:mm:ss) est. time remaining.
       58% completed,  00:6:32 (hh:mm:ss) est. time remaining.
       58% completed,  00:6:23 (hh:mm:ss) est. time remaining.
       59% completed,  00:6:15 (hh:mm:ss) est. time remaining.
       60% completed,  00:6:11 (hh:mm:ss) est. time remaining.
       60% completed,  00:6:05 (hh:mm:ss) est. time remaining.
       61% completed,  00:6:00 (hh:mm:ss) est. time remaining.
       61% completed,  00:5:54 (hh:mm:ss) est. time remaining.
       62% completed,  00:5:50 (hh:mm:ss) est. time remaining.
       62% completed,  00:5:46 (hh:mm:ss) est. time remaining.
       63% completed,  00:5:40 (hh:mm:ss) est. time remaining.
       63% completed,  00:5:36 (hh:mm:ss) est. time remaining.
       64% completed,  00:5:32 (hh:mm:ss) est. time remaining.
       64% completed,  00:5:26 (hh:mm:ss) est. time remaining.
       65% completed,  00:5:22 (hh:mm:ss) est. time remaining.
       65% completed,  00:5:17 (hh:mm:ss) est. time remaining.
       66% completed,  00:5:14 (hh:mm:ss) est. time remaining.
       66% completed,  00:5:08 (hh:mm:ss) est. time remaining.
       67% completed,  00:5:04 (hh:mm:ss) est. time remaining.
       67% completed,  00:5:00 (hh:mm:ss) est. time remaining.
       68% completed,  00:4:56 (hh:mm:ss) est. time remaining.
       68% completed,  00:4:50 (hh:mm:ss) est. time remaining.
       69% completed,  00:4:47 (hh:mm:ss) est. time remaining.
       69% completed,  00:4:42 (hh:mm:ss) est. time remaining.
       70% completed,  00:4:38 (hh:mm:ss) est. time remaining.
       70% completed,  00:4:33 (hh:mm:ss) est. time remaining.
       70% completed,  00:4:30 (hh:mm:ss) est. time remaining.
       71% completed,  00:4:25 (hh:mm:ss) est. time remaining.
       71% completed,  00:4:21 (hh:mm:ss) est. time remaining.
       72% completed,  00:4:19 (hh:mm:ss) est. time remaining.
       72% completed,  00:4:14 (hh:mm:ss) est. time remaining.
       73% completed,  00:4:11 (hh:mm:ss) est. time remaining.
       73% completed,  00:4:06 (hh:mm:ss) est. time remaining.
       74% completed,  00:4:02 (hh:mm:ss) est. time remaining.
       74% completed,  00:3:58 (hh:mm:ss) est. time remaining.
       74% completed,  00:3:55 (hh:mm:ss) est. time remaining.
       75% completed,  00:3:51 (hh:mm:ss) est. time remaining.
       75% completed,  00:3:47 (hh:mm:ss) est. time remaining.
       76% completed,  00:3:43 (hh:mm:ss) est. time remaining.
       76% completed,  00:3:38 (hh:mm:ss) est. time remaining.
       76% completed,  00:3:35 (hh:mm:ss) est. time remaining.
       77% completed,  00:3:30 (hh:mm:ss) est. time remaining.
       77% completed,  00:3:28 (hh:mm:ss) est. time remaining.
       78% completed,  00:3:23 (hh:mm:ss) est. time remaining.
       78% completed,  00:3:20 (hh:mm:ss) est. time remaining.
       78% completed,  00:3:16 (hh:mm:ss) est. time remaining.
       79% completed,  00:3:13 (hh:mm:ss) est. time remaining.
       79% completed,  00:3:09 (hh:mm:ss) est. time remaining.
       80% completed,  00:3:06 (hh:mm:ss) est. time remaining.
       80% completed,  00:3:02 (hh:mm:ss) est. time remaining.
       80% completed,  00:2:59 (hh:mm:ss) est. time remaining.
       81% completed,  00:2:55 (hh:mm:ss) est. time remaining.
       81% completed,  00:2:52 (hh:mm:ss) est. time remaining.
       81% completed,  00:2:48 (hh:mm:ss) est. time remaining.
       82% completed,  00:2:45 (hh:mm:ss) est. time remaining.
       82% completed,  00:2:42 (hh:mm:ss) est. time remaining.
       83% completed,  00:2:39 (hh:mm:ss) est. time remaining.
       83% completed,  00:2:35 (hh:mm:ss) est. time remaining.
       83% completed,  00:2:32 (hh:mm:ss) est. time remaining.
       84% completed,  00:2:29 (hh:mm:ss) est. time remaining.
       84% completed,  00:2:26 (hh:mm:ss) est. time remaining.
       84% completed,  00:2:22 (hh:mm:ss) est. time remaining.
       85% completed,  00:2:20 (hh:mm:ss) est. time remaining.
       85% completed,  00:2:16 (hh:mm:ss) est. time remaining.
       85% completed,  00:2:13 (hh:mm:ss) est. time remaining.
       85% completed,  00:2:10 (hh:mm:ss) est. time remaining.
       86% completed,  00:2:07 (hh:mm:ss) est. time remaining.
       86% completed,  00:2:04 (hh:mm:ss) est. time remaining.
       86% completed,  00:2:01 (hh:mm:ss) est. time remaining.
       87% completed,  00:1:58 (hh:mm:ss) est. time remaining.
       87% completed,  00:1:56 (hh:mm:ss) est. time remaining.
       87% completed,  00:1:53 (hh:mm:ss) est. time remaining.
       88% completed,  00:1:50 (hh:mm:ss) est. time remaining.
       88% completed,  00:1:48 (hh:mm:ss) est. time remaining.
       88% completed,  00:1:45 (hh:mm:ss) est. time remaining.
       88% completed,  00:1:42 (hh:mm:ss) est. time remaining.
       89% completed,  00:1:40 (hh:mm:ss) est. time remaining.
       89% completed,  00:1:37 (hh:mm:ss) est. time remaining.
       89% completed,  00:1:35 (hh:mm:ss) est. time remaining.
       90% completed,  00:1:32 (hh:mm:ss) est. time remaining.
       90% completed,  00:1:30 (hh:mm:ss) est. time remaining.
       90% completed,  00:1:27 (hh:mm:ss) est. time remaining.
       90% completed,  00:1:25 (hh:mm:ss) est. time remaining.
       91% completed,  00:1:23 (hh:mm:ss) est. time remaining.
       91% completed,  00:1:21 (hh:mm:ss) est. time remaining.
       91% completed,  00:1:18 (hh:mm:ss) est. time remaining.
       91% completed,  00:1:16 (hh:mm:ss) est. time remaining.
       92% completed,  00:1:14 (hh:mm:ss) est. time remaining.
       92% completed,  00:1:11 (hh:mm:ss) est. time remaining.
       92% completed,  00:1:09 (hh:mm:ss) est. time remaining.
       92% completed,  00:1:07 (hh:mm:ss) est. time remaining.
       93% completed,  00:1:05 (hh:mm:ss) est. time remaining.
       93% completed,  00:1:03 (hh:mm:ss) est. time remaining.
       93% completed,  00:1:01 (hh:mm:ss) est. time remaining.
       93% completed,  00:0:59 (hh:mm:ss) est. time remaining.
       93% completed,  00:0:57 (hh:mm:ss) est. time remaining.
       94% completed,  00:0:55 (hh:mm:ss) est. time remaining.
       94% completed,  00:0:53 (hh:mm:ss) est. time remaining.
       94% completed,  00:0:51 (hh:mm:ss) est. time remaining.
       94% completed,  00:0:49 (hh:mm:ss) est. time remaining.
       94% completed,  00:0:47 (hh:mm:ss) est. time remaining.
       95% completed,  00:0:46 (hh:mm:ss) est. time remaining.
       95% completed,  00:0:44 (hh:mm:ss) est. time remaining.
       95% completed,  00:0:42 (hh:mm:ss) est. time remaining.
       95% completed,  00:0:40 (hh:mm:ss) est. time remaining.
       95% completed,  00:0:39 (hh:mm:ss) est. time remaining.
       95% completed,  00:0:37 (hh:mm:ss) est. time remaining.
       96% completed,  00:0:36 (hh:mm:ss) est. time remaining.
       96% completed,  00:0:34 (hh:mm:ss) est. time remaining.
       96% completed,  00:0:33 (hh:mm:ss) est. time remaining.
       96% completed,  00:0:31 (hh:mm:ss) est. time remaining.
       96% completed,  00:0:30 (hh:mm:ss) est. time remaining.
       96% completed,  00:0:28 (hh:mm:ss) est. time remaining.
       97% completed,  00:0:27 (hh:mm:ss) est. time remaining.
       97% completed,  00:0:26 (hh:mm:ss) est. time remaining.
       97% completed,  00:0:24 (hh:mm:ss) est. time remaining.
       97% completed,  00:0:23 (hh:mm:ss) est. time remaining.
       97% completed,  00:0:22 (hh:mm:ss) est. time remaining.
       97% completed,  00:0:21 (hh:mm:ss) est. time remaining.
       97% completed,  00:0:19 (hh:mm:ss) est. time remaining.
       97% completed,  00:0:18 (hh:mm:ss) est. time remaining.
       98% completed,  00:0:17 (hh:mm:ss) est. time remaining.
       98% completed,  00:0:16 (hh:mm:ss) est. time remaining.
       98% completed,  00:0:15 (hh:mm:ss) est. time remaining.
       98% completed,  00:0:14 (hh:mm:ss) est. time remaining.
       98% completed,  00:0:13 (hh:mm:ss) est. time remaining.
       98% completed,  00:0:12 (hh:mm:ss) est. time remaining.
       98% completed,  00:0:11 (hh:mm:ss) est. time remaining.
       98% completed,  00:0:10 (hh:mm:ss) est. time remaining.
       98% completed,  00:0:10 (hh:mm:ss) est. time remaining.
       99% completed,  00:0:09 (hh:mm:ss) est. time remaining.
       99% completed,  00:0:08 (hh:mm:ss) est. time remaining.
       99% completed,  00:0:07 (hh:mm:ss) est. time remaining.
       99% completed,  00:0:07 (hh:mm:ss) est. time remaining.
       99% completed,  00:0:06 (hh:mm:ss) est. time remaining.
       99% completed,  00:0:05 (hh:mm:ss) est. time remaining.
       99% completed,  00:0:05 (hh:mm:ss) est. time remaining.
       99% completed,  00:0:04 (hh:mm:ss) est. time remaining.
       99% completed,  00:0:04 (hh:mm:ss) est. time remaining.
       99% completed,  00:0:03 (hh:mm:ss) est. time remaining.
       99% completed,  00:0:03 (hh:mm:ss) est. time remaining.
       99% completed,  00:0:02 (hh:mm:ss) est. time remaining.
       99% completed,  00:0:02 (hh:mm:ss) est. time remaining.
       99% completed,  00:0:01 (hh:mm:ss) est. time remaining.
       99% completed,  00:0:01 (hh:mm:ss) est. time remaining.
       99% completed,  00:0:01 (hh:mm:ss) est. time remaining.
       99% completed,  00:0:00 (hh:mm:ss) est. time remaining.
       99% completed,  00:0:00 (hh:mm:ss) est. time remaining.
       99% completed,  00:0:00 (hh:mm:ss) est. time remaining.
       99% completed,  00:0:00 (hh:mm:ss) est. time remaining.
       99% completed,  00:0:00 (hh:mm:ss) est. time remaining.
       99% completed,  00:0:00 (hh:mm:ss) est. time remaining.
      100% completed,  00:0:00 (hh:mm:ss) est. time remaining.
Comparison Time: 00:15:39 (hh:mm:ss) Elapsed Time, 2174 HSPs Collected
  - RECON: Running imagespread..
RECON Elapsed: 00:00:00 (hh:mm:ss) Elapsed Time
  - RECON: Running initial definition of elements ( eledef )..
RECON Elapsed: 00:00:02 (hh:mm:ss) Elapsed Time
  - RECON: Running re-definition of elements ( eleredef )..
RECON Elapsed: 00:00:07 (hh:mm:ss) Elapsed Time
  - RECON: Running re-definition of edges ( edgeredef )..
RECON Elapsed: 00:00:09 (hh:mm:ss) Elapsed Time
  - RECON: Running family definition ( famdef )..
RECON Elapsed: 00:00:00 (hh:mm:ss) Elapsed Time
  - Obtaining element sequences
Number of families returned by RECON: 441
Processing families with greater than 15 elements

Processing RECON family: 62
  - Saving 22 elements
  - Refining family-62 model...

Processing RECON family: 5
  - Saving 21 elements
  - Refining family-5 model...

Processing RECON family: 24
  - Saving 16 elements
  - Refining family-24 model...
Family Refinement: 00:02:10 (hh:mm:ss) Elapsed Time
Round Time: 00:19:25 (hh:mm:ss) Elapsed Time


RepeatModeler Round # 4
========================
Searching for Repeats
 -- Sampling from the database...
   - Gathering up to 27000000 bp
   - Sequence extraction : 00:00:03 (hh:mm:ss) Elapsed Time
 -- Running TRFMask on the sequence...
       768 Tandem Repeats Masked
   - TRFMask time 00:00:36 (hh:mm:ss) Elapsed Time
 -- Masking repeats from the previous rounds...
  - Masking 1 - 5 of 682
  - Masking 16 - 30 of 682
  - Masking 41 - 65 of 682
  - Masking 76 - 110 of 682
  - Masking 121 - 165 of 682
  - Masking 176 - 230 of 682
  - Masking 241 - 305 of 682
  - Masking 316 - 390 of 682
  - Masking 401 - 485 of 682
  - Masking 496 - 590 of 682
  - Masking 596 - 682 of 682
   - TE Masking time 00:03:49 (hh:mm:ss) Elapsed Time
 -- Sample Stats:
       Sample Size 25120989 bp
       Num Contigs Represented = 94
       Non ambiguous bp:
             Initial: 25003577 bp
             After Masking: 23536993 bp
             Masked: 5.87 % 
 -- Input Database Coverage: 37213934 bp out of 37213987 bp ( 100.00 % )
Sampling Time: 00:04:31 (hh:mm:ss) Elapsed Time
Running all-by-other comparisons...
        0% completed,  03:58:00 (hh:mm:ss) est. time remaining.
        0% completed,  01:58:44 (hh:mm:ss) est. time remaining.
        0% completed,  02:28:33 (hh:mm:ss) est. time remaining.
        1% completed,  02:3:50 (hh:mm:ss) est. time remaining.
        1% completed,  01:51:12 (hh:mm:ss) est. time remaining.
        1% completed,  01:58:37 (hh:mm:ss) est. time remaining.
        2% completed,  01:59:01 (hh:mm:ss) est. time remaining.
        2% completed,  01:58:33 (hh:mm:ss) est. time remaining.
        2% completed,  01:59:22 (hh:mm:ss) est. time remaining.
        2% completed,  02:2:11 (hh:mm:ss) est. time remaining.
        3% completed,  02:0:24 (hh:mm:ss) est. time remaining.
        3% completed,  02:1:39 (hh:mm:ss) est. time remaining.
        3% completed,  02:0:06 (hh:mm:ss) est. time remaining.
        4% completed,  02:5:02 (hh:mm:ss) est. time remaining.
        4% completed,  02:0:49 (hh:mm:ss) est. time remaining.
        4% completed,  02:3:17 (hh:mm:ss) est. time remaining.
        4% completed,  02:0:55 (hh:mm:ss) est. time remaining.
        5% completed,  02:1:49 (hh:mm:ss) est. time remaining.
        5% completed,  02:0:36 (hh:mm:ss) est. time remaining.
        5% completed,  02:1:38 (hh:mm:ss) est. time remaining.
        6% completed,  01:59:27 (hh:mm:ss) est. time remaining.
        6% completed,  02:0:23 (hh:mm:ss) est. time remaining.
        6% completed,  01:57:00 (hh:mm:ss) est. time remaining.
        6% completed,  01:59:03 (hh:mm:ss) est. time remaining.
        7% completed,  01:57:27 (hh:mm:ss) est. time remaining.
        7% completed,  01:58:27 (hh:mm:ss) est. time remaining.
        7% completed,  01:54:36 (hh:mm:ss) est. time remaining.
        8% completed,  01:51:57 (hh:mm:ss) est. time remaining.
        8% completed,  01:53:32 (hh:mm:ss) est. time remaining.
        8% completed,  01:52:09 (hh:mm:ss) est. time remaining.
        8% completed,  01:52:53 (hh:mm:ss) est. time remaining.
        9% completed,  01:52:05 (hh:mm:ss) est. time remaining.
        9% completed,  01:52:54 (hh:mm:ss) est. time remaining.
        9% completed,  01:52:16 (hh:mm:ss) est. time remaining.
       10% completed,  01:53:09 (hh:mm:ss) est. time remaining.
       10% completed,  01:53:05 (hh:mm:ss) est. time remaining.
       10% completed,  01:50:03 (hh:mm:ss) est. time remaining.
       10% completed,  01:52:40 (hh:mm:ss) est. time remaining.
       11% completed,  01:49:47 (hh:mm:ss) est. time remaining.
       11% completed,  01:52:45 (hh:mm:ss) est. time remaining.
       11% completed,  01:51:30 (hh:mm:ss) est. time remaining.
       11% completed,  01:51:40 (hh:mm:ss) est. time remaining.
       12% completed,  01:49:46 (hh:mm:ss) est. time remaining.
       12% completed,  01:47:50 (hh:mm:ss) est. time remaining.
       12% completed,  01:45:25 (hh:mm:ss) est. time remaining.
       13% completed,  01:46:33 (hh:mm:ss) est. time remaining.
       13% completed,  01:44:47 (hh:mm:ss) est. time remaining.
       13% completed,  01:42:47 (hh:mm:ss) est. time remaining.
       13% completed,  01:44:23 (hh:mm:ss) est. time remaining.
       14% completed,  01:42:27 (hh:mm:ss) est. time remaining.
       14% completed,  01:43:52 (hh:mm:ss) est. time remaining.
       14% completed,  01:42:24 (hh:mm:ss) est. time remaining.
       14% completed,  01:43:44 (hh:mm:ss) est. time remaining.
       15% completed,  01:42:18 (hh:mm:ss) est. time remaining.
       15% completed,  01:43:17 (hh:mm:ss) est. time remaining.
       15% completed,  01:41:44 (hh:mm:ss) est. time remaining.
       16% completed,  01:42:56 (hh:mm:ss) est. time remaining.
       16% completed,  01:41:36 (hh:mm:ss) est. time remaining.
       16% completed,  01:42:34 (hh:mm:ss) est. time remaining.
       16% completed,  01:41:12 (hh:mm:ss) est. time remaining.
       17% completed,  01:42:02 (hh:mm:ss) est. time remaining.
       17% completed,  01:40:42 (hh:mm:ss) est. time remaining.
       17% completed,  01:41:21 (hh:mm:ss) est. time remaining.
       17% completed,  01:39:54 (hh:mm:ss) est. time remaining.
       18% completed,  01:39:42 (hh:mm:ss) est. time remaining.
       18% completed,  01:39:03 (hh:mm:ss) est. time remaining.
       18% completed,  01:39:09 (hh:mm:ss) est. time remaining.
       18% completed,  01:38:26 (hh:mm:ss) est. time remaining.
       19% completed,  01:38:19 (hh:mm:ss) est. time remaining.
       19% completed,  01:38:11 (hh:mm:ss) est. time remaining.
       19% completed,  01:37:42 (hh:mm:ss) est. time remaining.
       20% completed,  01:37:46 (hh:mm:ss) est. time remaining.
       20% completed,  01:37:22 (hh:mm:ss) est. time remaining.
       20% completed,  01:36:59 (hh:mm:ss) est. time remaining.
       20% completed,  01:36:47 (hh:mm:ss) est. time remaining.
       21% completed,  01:36:04 (hh:mm:ss) est. time remaining.
       21% completed,  01:35:31 (hh:mm:ss) est. time remaining.
       21% completed,  01:35:37 (hh:mm:ss) est. time remaining.
       21% completed,  01:35:04 (hh:mm:ss) est. time remaining.
       22% completed,  01:35:03 (hh:mm:ss) est. time remaining.
       22% completed,  01:33:45 (hh:mm:ss) est. time remaining.
       22% completed,  01:32:22 (hh:mm:ss) est. time remaining.
       22% completed,  01:33:03 (hh:mm:ss) est. time remaining.
       23% completed,  01:31:56 (hh:mm:ss) est. time remaining.
       23% completed,  01:30:43 (hh:mm:ss) est. time remaining.
       23% completed,  01:31:09 (hh:mm:ss) est. time remaining.
       23% completed,  01:30:28 (hh:mm:ss) est. time remaining.
       24% completed,  01:30:34 (hh:mm:ss) est. time remaining.
       24% completed,  01:30:08 (hh:mm:ss) est. time remaining.
       24% completed,  01:29:07 (hh:mm:ss) est. time remaining.
       24% completed,  01:28:45 (hh:mm:ss) est. time remaining.
       25% completed,  01:28:48 (hh:mm:ss) est. time remaining.
       25% completed,  01:28:15 (hh:mm:ss) est. time remaining.
       25% completed,  01:28:18 (hh:mm:ss) est. time remaining.
       25% completed,  01:27:57 (hh:mm:ss) est. time remaining.
       26% completed,  01:28:10 (hh:mm:ss) est. time remaining.
       26% completed,  01:27:32 (hh:mm:ss) est. time remaining.
       26% completed,  01:27:33 (hh:mm:ss) est. time remaining.
       26% completed,  01:27:07 (hh:mm:ss) est. time remaining.
       27% completed,  01:26:58 (hh:mm:ss) est. time remaining.
       27% completed,  01:26:16 (hh:mm:ss) est. time remaining.
       27% completed,  01:25:35 (hh:mm:ss) est. time remaining.
       27% completed,  01:25:34 (hh:mm:ss) est. time remaining.
       28% completed,  01:25:04 (hh:mm:ss) est. time remaining.
       28% completed,  01:23:41 (hh:mm:ss) est. time remaining.
       28% completed,  01:23:32 (hh:mm:ss) est. time remaining.
       29% completed,  01:23:21 (hh:mm:ss) est. time remaining.
       29% completed,  01:22:24 (hh:mm:ss) est. time remaining.
       29% completed,  01:22:58 (hh:mm:ss) est. time remaining.
       29% completed,  01:22:00 (hh:mm:ss) est. time remaining.
       30% completed,  01:22:29 (hh:mm:ss) est. time remaining.
       30% completed,  01:21:31 (hh:mm:ss) est. time remaining.
       30% completed,  01:22:04 (hh:mm:ss) est. time remaining.
       30% completed,  01:21:10 (hh:mm:ss) est. time remaining.
       31% completed,  01:21:34 (hh:mm:ss) est. time remaining.
       31% completed,  01:20:41 (hh:mm:ss) est. time remaining.
       31% completed,  01:20:52 (hh:mm:ss) est. time remaining.
       31% completed,  01:20:19 (hh:mm:ss) est. time remaining.
       32% completed,  01:20:29 (hh:mm:ss) est. time remaining.
       32% completed,  01:19:55 (hh:mm:ss) est. time remaining.
       32% completed,  01:19:54 (hh:mm:ss) est. time remaining.
       32% completed,  01:19:27 (hh:mm:ss) est. time remaining.
       33% completed,  01:19:26 (hh:mm:ss) est. time remaining.
       33% completed,  01:18:58 (hh:mm:ss) est. time remaining.
       33% completed,  01:18:49 (hh:mm:ss) est. time remaining.
       33% completed,  01:18:07 (hh:mm:ss) est. time remaining.
       34% completed,  01:17:25 (hh:mm:ss) est. time remaining.
       34% completed,  01:16:36 (hh:mm:ss) est. time remaining.
       34% completed,  01:16:52 (hh:mm:ss) est. time remaining.
       34% completed,  01:16:17 (hh:mm:ss) est. time remaining.
       34% completed,  01:16:15 (hh:mm:ss) est. time remaining.
       35% completed,  01:15:46 (hh:mm:ss) est. time remaining.
       35% completed,  01:15:03 (hh:mm:ss) est. time remaining.
       35% completed,  01:14:47 (hh:mm:ss) est. time remaining.
       35% completed,  01:14:07 (hh:mm:ss) est. time remaining.
       36% completed,  01:13:27 (hh:mm:ss) est. time remaining.
       36% completed,  01:13:09 (hh:mm:ss) est. time remaining.
       36% completed,  01:13:03 (hh:mm:ss) est. time remaining.
       36% completed,  01:12:23 (hh:mm:ss) est. time remaining.
       37% completed,  01:11:44 (hh:mm:ss) est. time remaining.
       37% completed,  01:11:50 (hh:mm:ss) est. time remaining.
       37% completed,  01:11:21 (hh:mm:ss) est. time remaining.
       37% completed,  01:11:22 (hh:mm:ss) est. time remaining.
       38% completed,  01:11:01 (hh:mm:ss) est. time remaining.
       38% completed,  01:10:54 (hh:mm:ss) est. time remaining.
       38% completed,  01:10:33 (hh:mm:ss) est. time remaining.
       38% completed,  01:10:30 (hh:mm:ss) est. time remaining.
       38% completed,  01:10:08 (hh:mm:ss) est. time remaining.
       39% completed,  01:10:02 (hh:mm:ss) est. time remaining.
       39% completed,  01:9:45 (hh:mm:ss) est. time remaining.
       39% completed,  01:9:38 (hh:mm:ss) est. time remaining.
       39% completed,  01:9:19 (hh:mm:ss) est. time remaining.
       40% completed,  01:9:16 (hh:mm:ss) est. time remaining.
       40% completed,  01:8:47 (hh:mm:ss) est. time remaining.
       40% completed,  01:8:16 (hh:mm:ss) est. time remaining.
       40% completed,  01:8:11 (hh:mm:ss) est. time remaining.
       41% completed,  01:6:31 (hh:mm:ss) est. time remaining.
       41% completed,  01:6:29 (hh:mm:ss) est. time remaining.
       41% completed,  01:6:04 (hh:mm:ss) est. time remaining.
       42% completed,  01:5:30 (hh:mm:ss) est. time remaining.
       42% completed,  01:4:56 (hh:mm:ss) est. time remaining.
       42% completed,  01:5:05 (hh:mm:ss) est. time remaining.
       42% completed,  01:4:31 (hh:mm:ss) est. time remaining.
       43% completed,  01:4:41 (hh:mm:ss) est. time remaining.
       43% completed,  01:4:10 (hh:mm:ss) est. time remaining.
       43% completed,  01:4:10 (hh:mm:ss) est. time remaining.
       43% completed,  01:3:51 (hh:mm:ss) est. time remaining.
       43% completed,  01:3:42 (hh:mm:ss) est. time remaining.
       44% completed,  01:3:27 (hh:mm:ss) est. time remaining.
       44% completed,  01:3:19 (hh:mm:ss) est. time remaining.
       44% completed,  01:3:02 (hh:mm:ss) est. time remaining.
       44% completed,  01:2:54 (hh:mm:ss) est. time remaining.
       44% completed,  01:2:32 (hh:mm:ss) est. time remaining.
       45% completed,  01:2:04 (hh:mm:ss) est. time remaining.
       45% completed,  01:2:02 (hh:mm:ss) est. time remaining.
       45% completed,  01:1:41 (hh:mm:ss) est. time remaining.
       45% completed,  01:1:13 (hh:mm:ss) est. time remaining.
       46% completed,  01:0:46 (hh:mm:ss) est. time remaining.
       46% completed,  01:0:26 (hh:mm:ss) est. time remaining.
       46% completed,  01:0:21 (hh:mm:ss) est. time remaining.
       46% completed,  01:0:03 (hh:mm:ss) est. time remaining.
       46% completed,  00:59:54 (hh:mm:ss) est. time remaining.
       47% completed,  00:59:34 (hh:mm:ss) est. time remaining.
       47% completed,  00:59:28 (hh:mm:ss) est. time remaining.
       47% completed,  00:58:57 (hh:mm:ss) est. time remaining.
       47% completed,  00:59:01 (hh:mm:ss) est. time remaining.
       47% completed,  00:58:32 (hh:mm:ss) est. time remaining.
       48% completed,  00:58:39 (hh:mm:ss) est. time remaining.
       48% completed,  00:58:10 (hh:mm:ss) est. time remaining.
       48% completed,  00:58:10 (hh:mm:ss) est. time remaining.
       48% completed,  00:57:49 (hh:mm:ss) est. time remaining.
       49% completed,  00:57:44 (hh:mm:ss) est. time remaining.
       49% completed,  00:57:28 (hh:mm:ss) est. time remaining.
       49% completed,  00:57:17 (hh:mm:ss) est. time remaining.
       49% completed,  00:57:04 (hh:mm:ss) est. time remaining.
       49% completed,  00:56:42 (hh:mm:ss) est. time remaining.
       50% completed,  00:56:39 (hh:mm:ss) est. time remaining.
       50% completed,  00:56:16 (hh:mm:ss) est. time remaining.
       50% completed,  00:56:13 (hh:mm:ss) est. time remaining.
       50% completed,  00:55:54 (hh:mm:ss) est. time remaining.
       50% completed,  00:55:49 (hh:mm:ss) est. time remaining.
       51% completed,  00:55:31 (hh:mm:ss) est. time remaining.
       51% completed,  00:55:22 (hh:mm:ss) est. time remaining.
       51% completed,  00:55:07 (hh:mm:ss) est. time remaining.
       51% completed,  00:54:58 (hh:mm:ss) est. time remaining.
       51% completed,  00:54:50 (hh:mm:ss) est. time remaining.
       52% completed,  00:54:33 (hh:mm:ss) est. time remaining.
       52% completed,  00:54:19 (hh:mm:ss) est. time remaining.
       52% completed,  00:54:09 (hh:mm:ss) est. time remaining.
       52% completed,  00:53:54 (hh:mm:ss) est. time remaining.
       52% completed,  00:53:43 (hh:mm:ss) est. time remaining.
       53% completed,  00:53:30 (hh:mm:ss) est. time remaining.
       53% completed,  00:53:22 (hh:mm:ss) est. time remaining.
       53% completed,  00:53:05 (hh:mm:ss) est. time remaining.
       53% completed,  00:52:57 (hh:mm:ss) est. time remaining.
       53% completed,  00:52:35 (hh:mm:ss) est. time remaining.
       54% completed,  00:52:15 (hh:mm:ss) est. time remaining.
       54% completed,  00:52:09 (hh:mm:ss) est. time remaining.
       54% completed,  00:51:52 (hh:mm:ss) est. time remaining.
       54% completed,  00:51:44 (hh:mm:ss) est. time remaining.
       54% completed,  00:51:29 (hh:mm:ss) est. time remaining.
       55% completed,  00:51:19 (hh:mm:ss) est. time remaining.
       55% completed,  00:51:05 (hh:mm:ss) est. time remaining.
       55% completed,  00:50:54 (hh:mm:ss) est. time remaining.
       55% completed,  00:50:35 (hh:mm:ss) est. time remaining.
       55% completed,  00:50:29 (hh:mm:ss) est. time remaining.
       56% completed,  00:50:13 (hh:mm:ss) est. time remaining.
       56% completed,  00:50:04 (hh:mm:ss) est. time remaining.
       56% completed,  00:49:48 (hh:mm:ss) est. time remaining.
       56% completed,  00:49:46 (hh:mm:ss) est. time remaining.
       56% completed,  00:49:23 (hh:mm:ss) est. time remaining.
       57% completed,  00:49:23 (hh:mm:ss) est. time remaining.
       57% completed,  00:49:00 (hh:mm:ss) est. time remaining.
       57% completed,  00:48:55 (hh:mm:ss) est. time remaining.
       57% completed,  00:48:37 (hh:mm:ss) est. time remaining.
       57% completed,  00:48:29 (hh:mm:ss) est. time remaining.
       58% completed,  00:48:15 (hh:mm:ss) est. time remaining.
       58% completed,  00:48:02 (hh:mm:ss) est. time remaining.
       58% completed,  00:47:49 (hh:mm:ss) est. time remaining.
       58% completed,  00:47:33 (hh:mm:ss) est. time remaining.
       58% completed,  00:47:26 (hh:mm:ss) est. time remaining.
       58% completed,  00:47:11 (hh:mm:ss) est. time remaining.
       59% completed,  00:46:50 (hh:mm:ss) est. time remaining.
       59% completed,  00:46:46 (hh:mm:ss) est. time remaining.
       59% completed,  00:46:26 (hh:mm:ss) est. time remaining.
       59% completed,  00:46:25 (hh:mm:ss) est. time remaining.
       59% completed,  00:46:03 (hh:mm:ss) est. time remaining.
       60% completed,  00:46:01 (hh:mm:ss) est. time remaining.
       60% completed,  00:45:40 (hh:mm:ss) est. time remaining.
       60% completed,  00:45:14 (hh:mm:ss) est. time remaining.
       60% completed,  00:44:56 (hh:mm:ss) est. time remaining.
       61% completed,  00:44:50 (hh:mm:ss) est. time remaining.
       61% completed,  00:44:34 (hh:mm:ss) est. time remaining.
       61% completed,  00:44:24 (hh:mm:ss) est. time remaining.
       61% completed,  00:44:13 (hh:mm:ss) est. time remaining.
       61% completed,  00:44:02 (hh:mm:ss) est. time remaining.
       61% completed,  00:43:48 (hh:mm:ss) est. time remaining.
       62% completed,  00:43:34 (hh:mm:ss) est. time remaining.
       62% completed,  00:43:24 (hh:mm:ss) est. time remaining.
       62% completed,  00:42:50 (hh:mm:ss) est. time remaining.
       62% completed,  00:42:38 (hh:mm:ss) est. time remaining.
       63% completed,  00:42:28 (hh:mm:ss) est. time remaining.
       63% completed,  00:42:17 (hh:mm:ss) est. time remaining.
       63% completed,  00:42:04 (hh:mm:ss) est. time remaining.
       63% completed,  00:41:53 (hh:mm:ss) est. time remaining.
       63% completed,  00:41:43 (hh:mm:ss) est. time remaining.
       63% completed,  00:41:30 (hh:mm:ss) est. time remaining.
       64% completed,  00:41:20 (hh:mm:ss) est. time remaining.
       64% completed,  00:41:07 (hh:mm:ss) est. time remaining.
       64% completed,  00:40:49 (hh:mm:ss) est. time remaining.
       64% completed,  00:40:38 (hh:mm:ss) est. time remaining.
       64% completed,  00:40:24 (hh:mm:ss) est. time remaining.
       64% completed,  00:40:09 (hh:mm:ss) est. time remaining.
       65% completed,  00:39:56 (hh:mm:ss) est. time remaining.
       65% completed,  00:39:46 (hh:mm:ss) est. time remaining.
       65% completed,  00:39:34 (hh:mm:ss) est. time remaining.
       65% completed,  00:39:24 (hh:mm:ss) est. time remaining.
       65% completed,  00:39:13 (hh:mm:ss) est. time remaining.
       65% completed,  00:39:02 (hh:mm:ss) est. time remaining.
       66% completed,  00:38:53 (hh:mm:ss) est. time remaining.
       66% completed,  00:38:39 (hh:mm:ss) est. time remaining.
       66% completed,  00:38:31 (hh:mm:ss) est. time remaining.
       66% completed,  00:38:18 (hh:mm:ss) est. time remaining.
       66% completed,  00:38:08 (hh:mm:ss) est. time remaining.
       66% completed,  00:37:58 (hh:mm:ss) est. time remaining.
       67% completed,  00:37:46 (hh:mm:ss) est. time remaining.
       67% completed,  00:37:35 (hh:mm:ss) est. time remaining.
       67% completed,  00:37:24 (hh:mm:ss) est. time remaining.
       67% completed,  00:37:07 (hh:mm:ss) est. time remaining.
       67% completed,  00:37:03 (hh:mm:ss) est. time remaining.
       68% completed,  00:36:46 (hh:mm:ss) est. time remaining.
       68% completed,  00:36:41 (hh:mm:ss) est. time remaining.
       68% completed,  00:36:24 (hh:mm:ss) est. time remaining.
       68% completed,  00:36:19 (hh:mm:ss) est. time remaining.
       68% completed,  00:36:03 (hh:mm:ss) est. time remaining.
       68% completed,  00:35:57 (hh:mm:ss) est. time remaining.
       68% completed,  00:35:43 (hh:mm:ss) est. time remaining.
       69% completed,  00:35:35 (hh:mm:ss) est. time remaining.
       69% completed,  00:35:22 (hh:mm:ss) est. time remaining.
       69% completed,  00:35:12 (hh:mm:ss) est. time remaining.
       69% completed,  00:35:00 (hh:mm:ss) est. time remaining.
       69% completed,  00:34:51 (hh:mm:ss) est. time remaining.
       69% completed,  00:34:38 (hh:mm:ss) est. time remaining.
       70% completed,  00:34:29 (hh:mm:ss) est. time remaining.
       70% completed,  00:34:17 (hh:mm:ss) est. time remaining.
       70% completed,  00:34:08 (hh:mm:ss) est. time remaining.
       70% completed,  00:33:56 (hh:mm:ss) est. time remaining.
       70% completed,  00:33:47 (hh:mm:ss) est. time remaining.
       70% completed,  00:33:35 (hh:mm:ss) est. time remaining.
       71% completed,  00:33:21 (hh:mm:ss) est. time remaining.
       71% completed,  00:33:10 (hh:mm:ss) est. time remaining.
       71% completed,  00:33:00 (hh:mm:ss) est. time remaining.
       71% completed,  00:32:50 (hh:mm:ss) est. time remaining.
       71% completed,  00:32:40 (hh:mm:ss) est. time remaining.
       71% completed,  00:32:29 (hh:mm:ss) est. time remaining.
       72% completed,  00:32:19 (hh:mm:ss) est. time remaining.
       72% completed,  00:32:08 (hh:mm:ss) est. time remaining.
       72% completed,  00:31:55 (hh:mm:ss) est. time remaining.
       72% completed,  00:31:46 (hh:mm:ss) est. time remaining.
       72% completed,  00:31:36 (hh:mm:ss) est. time remaining.
       72% completed,  00:31:25 (hh:mm:ss) est. time remaining.
       72% completed,  00:31:15 (hh:mm:ss) est. time remaining.
       73% completed,  00:31:01 (hh:mm:ss) est. time remaining.
       73% completed,  00:30:47 (hh:mm:ss) est. time remaining.
       73% completed,  00:30:40 (hh:mm:ss) est. time remaining.
       73% completed,  00:30:27 (hh:mm:ss) est. time remaining.
       73% completed,  00:30:19 (hh:mm:ss) est. time remaining.
       73% completed,  00:30:06 (hh:mm:ss) est. time remaining.
       73% completed,  00:29:59 (hh:mm:ss) est. time remaining.
       74% completed,  00:29:46 (hh:mm:ss) est. time remaining.
       74% completed,  00:29:38 (hh:mm:ss) est. time remaining.
       74% completed,  00:29:26 (hh:mm:ss) est. time remaining.
       74% completed,  00:29:14 (hh:mm:ss) est. time remaining.
       74% completed,  00:29:06 (hh:mm:ss) est. time remaining.
       74% completed,  00:28:54 (hh:mm:ss) est. time remaining.
       75% completed,  00:28:45 (hh:mm:ss) est. time remaining.
       75% completed,  00:28:36 (hh:mm:ss) est. time remaining.
       75% completed,  00:28:25 (hh:mm:ss) est. time remaining.
       75% completed,  00:28:16 (hh:mm:ss) est. time remaining.
       75% completed,  00:28:06 (hh:mm:ss) est. time remaining.
       75% completed,  00:27:54 (hh:mm:ss) est. time remaining.
       75% completed,  00:27:43 (hh:mm:ss) est. time remaining.
       76% completed,  00:27:34 (hh:mm:ss) est. time remaining.
       76% completed,  00:27:25 (hh:mm:ss) est. time remaining.
       76% completed,  00:27:15 (hh:mm:ss) est. time remaining.
       76% completed,  00:27:06 (hh:mm:ss) est. time remaining.
       76% completed,  00:26:56 (hh:mm:ss) est. time remaining.
       76% completed,  00:26:47 (hh:mm:ss) est. time remaining.
       76% completed,  00:26:35 (hh:mm:ss) est. time remaining.
       77% completed,  00:26:23 (hh:mm:ss) est. time remaining.
       77% completed,  00:26:14 (hh:mm:ss) est. time remaining.
       77% completed,  00:26:04 (hh:mm:ss) est. time remaining.
       77% completed,  00:25:55 (hh:mm:ss) est. time remaining.
       77% completed,  00:25:44 (hh:mm:ss) est. time remaining.
       77% completed,  00:25:33 (hh:mm:ss) est. time remaining.
       77% completed,  00:25:22 (hh:mm:ss) est. time remaining.
       78% completed,  00:25:13 (hh:mm:ss) est. time remaining.
       78% completed,  00:25:03 (hh:mm:ss) est. time remaining.
       78% completed,  00:24:54 (hh:mm:ss) est. time remaining.
       78% completed,  00:24:45 (hh:mm:ss) est. time remaining.
       78% completed,  00:24:36 (hh:mm:ss) est. time remaining.
       78% completed,  00:24:27 (hh:mm:ss) est. time remaining.
       78% completed,  00:24:18 (hh:mm:ss) est. time remaining.
       78% completed,  00:24:08 (hh:mm:ss) est. time remaining.
       79% completed,  00:24:00 (hh:mm:ss) est. time remaining.
       79% completed,  00:23:51 (hh:mm:ss) est. time remaining.
       79% completed,  00:23:40 (hh:mm:ss) est. time remaining.
       79% completed,  00:23:29 (hh:mm:ss) est. time remaining.
       79% completed,  00:23:22 (hh:mm:ss) est. time remaining.
       79% completed,  00:23:11 (hh:mm:ss) est. time remaining.
       79% completed,  00:23:04 (hh:mm:ss) est. time remaining.
       80% completed,  00:22:53 (hh:mm:ss) est. time remaining.
       80% completed,  00:22:46 (hh:mm:ss) est. time remaining.
       80% completed,  00:22:37 (hh:mm:ss) est. time remaining.
       80% completed,  00:22:29 (hh:mm:ss) est. time remaining.
       80% completed,  00:22:19 (hh:mm:ss) est. time remaining.
       80% completed,  00:22:08 (hh:mm:ss) est. time remaining.
       80% completed,  00:22:01 (hh:mm:ss) est. time remaining.
       80% completed,  00:21:53 (hh:mm:ss) est. time remaining.
       81% completed,  00:21:44 (hh:mm:ss) est. time remaining.
       81% completed,  00:21:33 (hh:mm:ss) est. time remaining.
       81% completed,  00:21:27 (hh:mm:ss) est. time remaining.
       81% completed,  00:21:17 (hh:mm:ss) est. time remaining.
       81% completed,  00:21:09 (hh:mm:ss) est. time remaining.
       81% completed,  00:21:00 (hh:mm:ss) est. time remaining.
       81% completed,  00:20:54 (hh:mm:ss) est. time remaining.
       81% completed,  00:20:44 (hh:mm:ss) est. time remaining.
       82% completed,  00:20:37 (hh:mm:ss) est. time remaining.
       82% completed,  00:20:27 (hh:mm:ss) est. time remaining.
       82% completed,  00:20:20 (hh:mm:ss) est. time remaining.
       82% completed,  00:20:10 (hh:mm:ss) est. time remaining.
       82% completed,  00:20:03 (hh:mm:ss) est. time remaining.
       82% completed,  00:19:54 (hh:mm:ss) est. time remaining.
       82% completed,  00:19:45 (hh:mm:ss) est. time remaining.
       82% completed,  00:19:36 (hh:mm:ss) est. time remaining.
       83% completed,  00:19:29 (hh:mm:ss) est. time remaining.
       83% completed,  00:19:20 (hh:mm:ss) est. time remaining.
       83% completed,  00:19:12 (hh:mm:ss) est. time remaining.
       83% completed,  00:19:04 (hh:mm:ss) est. time remaining.
       83% completed,  00:18:56 (hh:mm:ss) est. time remaining.
       83% completed,  00:18:48 (hh:mm:ss) est. time remaining.
       83% completed,  00:18:40 (hh:mm:ss) est. time remaining.
       83% completed,  00:18:31 (hh:mm:ss) est. time remaining.
       84% completed,  00:18:24 (hh:mm:ss) est. time remaining.
       84% completed,  00:18:15 (hh:mm:ss) est. time remaining.
       84% completed,  00:18:08 (hh:mm:ss) est. time remaining.
       84% completed,  00:17:59 (hh:mm:ss) est. time remaining.
       84% completed,  00:17:52 (hh:mm:ss) est. time remaining.
       84% completed,  00:17:43 (hh:mm:ss) est. time remaining.
       84% completed,  00:17:36 (hh:mm:ss) est. time remaining.
       84% completed,  00:17:28 (hh:mm:ss) est. time remaining.
       84% completed,  00:17:20 (hh:mm:ss) est. time remaining.
       85% completed,  00:17:11 (hh:mm:ss) est. time remaining.
       85% completed,  00:17:01 (hh:mm:ss) est. time remaining.
       85% completed,  00:16:55 (hh:mm:ss) est. time remaining.
       85% completed,  00:16:46 (hh:mm:ss) est. time remaining.
       85% completed,  00:16:39 (hh:mm:ss) est. time remaining.
       85% completed,  00:16:32 (hh:mm:ss) est. time remaining.
       85% completed,  00:16:24 (hh:mm:ss) est. time remaining.
       85% completed,  00:16:16 (hh:mm:ss) est. time remaining.
       85% completed,  00:16:10 (hh:mm:ss) est. time remaining.
       86% completed,  00:16:01 (hh:mm:ss) est. time remaining.
       86% completed,  00:15:54 (hh:mm:ss) est. time remaining.
       86% completed,  00:15:46 (hh:mm:ss) est. time remaining.
       86% completed,  00:15:39 (hh:mm:ss) est. time remaining.
       86% completed,  00:15:31 (hh:mm:ss) est. time remaining.
       86% completed,  00:15:23 (hh:mm:ss) est. time remaining.
       86% completed,  00:15:15 (hh:mm:ss) est. time remaining.
       86% completed,  00:15:07 (hh:mm:ss) est. time remaining.
       86% completed,  00:15:00 (hh:mm:ss) est. time remaining.
       87% completed,  00:14:53 (hh:mm:ss) est. time remaining.
       87% completed,  00:14:45 (hh:mm:ss) est. time remaining.
       87% completed,  00:14:37 (hh:mm:ss) est. time remaining.
       87% completed,  00:14:31 (hh:mm:ss) est. time remaining.
       87% completed,  00:14:23 (hh:mm:ss) est. time remaining.
       87% completed,  00:14:16 (hh:mm:ss) est. time remaining.
       87% completed,  00:14:09 (hh:mm:ss) est. time remaining.
       87% completed,  00:14:01 (hh:mm:ss) est. time remaining.
       87% completed,  00:13:54 (hh:mm:ss) est. time remaining.
       87% completed,  00:13:47 (hh:mm:ss) est. time remaining.
       88% completed,  00:13:39 (hh:mm:ss) est. time remaining.
       88% completed,  00:13:33 (hh:mm:ss) est. time remaining.
       88% completed,  00:13:26 (hh:mm:ss) est. time remaining.
       88% completed,  00:13:18 (hh:mm:ss) est. time remaining.
       88% completed,  00:13:10 (hh:mm:ss) est. time remaining.
       88% completed,  00:13:04 (hh:mm:ss) est. time remaining.
       88% completed,  00:12:57 (hh:mm:ss) est. time remaining.
       88% completed,  00:12:49 (hh:mm:ss) est. time remaining.
       88% completed,  00:12:42 (hh:mm:ss) est. time remaining.
       88% completed,  00:12:35 (hh:mm:ss) est. time remaining.
       89% completed,  00:12:28 (hh:mm:ss) est. time remaining.
       89% completed,  00:12:22 (hh:mm:ss) est. time remaining.
       89% completed,  00:12:15 (hh:mm:ss) est. time remaining.
       89% completed,  00:12:09 (hh:mm:ss) est. time remaining.
       89% completed,  00:12:02 (hh:mm:ss) est. time remaining.
       89% completed,  00:11:56 (hh:mm:ss) est. time remaining.
       89% completed,  00:11:49 (hh:mm:ss) est. time remaining.
       89% completed,  00:11:43 (hh:mm:ss) est. time remaining.
       89% completed,  00:11:37 (hh:mm:ss) est. time remaining.
       89% completed,  00:11:31 (hh:mm:ss) est. time remaining.
       90% completed,  00:11:24 (hh:mm:ss) est. time remaining.
       90% completed,  00:11:18 (hh:mm:ss) est. time remaining.
       90% completed,  00:11:11 (hh:mm:ss) est. time remaining.
       90% completed,  00:11:05 (hh:mm:ss) est. time remaining.
       90% completed,  00:10:59 (hh:mm:ss) est. time remaining.
       90% completed,  00:10:52 (hh:mm:ss) est. time remaining.
       90% completed,  00:10:46 (hh:mm:ss) est. time remaining.
       90% completed,  00:10:40 (hh:mm:ss) est. time remaining.
       90% completed,  00:10:34 (hh:mm:ss) est. time remaining.
       90% completed,  00:10:28 (hh:mm:ss) est. time remaining.
       90% completed,  00:10:22 (hh:mm:ss) est. time remaining.
       90% completed,  00:10:16 (hh:mm:ss) est. time remaining.
       91% completed,  00:10:10 (hh:mm:ss) est. time remaining.
       91% completed,  00:10:04 (hh:mm:ss) est. time remaining.
       91% completed,  00:9:58 (hh:mm:ss) est. time remaining.
       91% completed,  00:9:52 (hh:mm:ss) est. time remaining.
       91% completed,  00:9:46 (hh:mm:ss) est. time remaining.
       91% completed,  00:9:41 (hh:mm:ss) est. time remaining.
       91% completed,  00:9:35 (hh:mm:ss) est. time remaining.
       91% completed,  00:9:29 (hh:mm:ss) est. time remaining.
       91% completed,  00:9:24 (hh:mm:ss) est. time remaining.
       91% completed,  00:9:18 (hh:mm:ss) est. time remaining.
       91% completed,  00:9:12 (hh:mm:ss) est. time remaining.
       92% completed,  00:9:07 (hh:mm:ss) est. time remaining.
       92% completed,  00:9:01 (hh:mm:ss) est. time remaining.
       92% completed,  00:8:55 (hh:mm:ss) est. time remaining.
       92% completed,  00:8:50 (hh:mm:ss) est. time remaining.
       92% completed,  00:8:44 (hh:mm:ss) est. time remaining.
       92% completed,  00:8:39 (hh:mm:ss) est. time remaining.
       92% completed,  00:8:34 (hh:mm:ss) est. time remaining.
       92% completed,  00:8:28 (hh:mm:ss) est. time remaining.
       92% completed,  00:8:23 (hh:mm:ss) est. time remaining.
       92% completed,  00:8:17 (hh:mm:ss) est. time remaining.
       92% completed,  00:8:12 (hh:mm:ss) est. time remaining.
       92% completed,  00:8:07 (hh:mm:ss) est. time remaining.
       92% completed,  00:8:01 (hh:mm:ss) est. time remaining.
       93% completed,  00:7:56 (hh:mm:ss) est. time remaining.
       93% completed,  00:7:51 (hh:mm:ss) est. time remaining.
       93% completed,  00:7:45 (hh:mm:ss) est. time remaining.
       93% completed,  00:7:40 (hh:mm:ss) est. time remaining.
       93% completed,  00:7:35 (hh:mm:ss) est. time remaining.
       93% completed,  00:7:30 (hh:mm:ss) est. time remaining.
       93% completed,  00:7:25 (hh:mm:ss) est. time remaining.
       93% completed,  00:7:20 (hh:mm:ss) est. time remaining.
       93% completed,  00:7:14 (hh:mm:ss) est. time remaining.
       93% completed,  00:7:09 (hh:mm:ss) est. time remaining.
       93% completed,  00:7:04 (hh:mm:ss) est. time remaining.
       93% completed,  00:6:59 (hh:mm:ss) est. time remaining.
       93% completed,  00:6:54 (hh:mm:ss) est. time remaining.
       94% completed,  00:6:49 (hh:mm:ss) est. time remaining.
       94% completed,  00:6:44 (hh:mm:ss) est. time remaining.
       94% completed,  00:6:39 (hh:mm:ss) est. time remaining.
       94% completed,  00:6:34 (hh:mm:ss) est. time remaining.
       94% completed,  00:6:29 (hh:mm:ss) est. time remaining.
       94% completed,  00:6:25 (hh:mm:ss) est. time remaining.
       94% completed,  00:6:20 (hh:mm:ss) est. time remaining.
       94% completed,  00:6:15 (hh:mm:ss) est. time remaining.
       94% completed,  00:6:11 (hh:mm:ss) est. time remaining.
       94% completed,  00:6:06 (hh:mm:ss) est. time remaining.
       94% completed,  00:6:01 (hh:mm:ss) est. time remaining.
       94% completed,  00:5:57 (hh:mm:ss) est. time remaining.
       94% completed,  00:5:52 (hh:mm:ss) est. time remaining.
       94% completed,  00:5:48 (hh:mm:ss) est. time remaining.
       94% completed,  00:5:43 (hh:mm:ss) est. time remaining.
       95% completed,  00:5:39 (hh:mm:ss) est. time remaining.
       95% completed,  00:5:34 (hh:mm:ss) est. time remaining.
       95% completed,  00:5:30 (hh:mm:ss) est. time remaining.
       95% completed,  00:5:26 (hh:mm:ss) est. time remaining.
       95% completed,  00:5:21 (hh:mm:ss) est. time remaining.
       95% completed,  00:5:17 (hh:mm:ss) est. time remaining.
       95% completed,  00:5:13 (hh:mm:ss) est. time remaining.
       95% completed,  00:5:08 (hh:mm:ss) est. time remaining.
       95% completed,  00:5:04 (hh:mm:ss) est. time remaining.
       95% completed,  00:5:00 (hh:mm:ss) est. time remaining.
       95% completed,  00:4:56 (hh:mm:ss) est. time remaining.
       95% completed,  00:4:52 (hh:mm:ss) est. time remaining.
       95% completed,  00:4:48 (hh:mm:ss) est. time remaining.
       95% completed,  00:4:43 (hh:mm:ss) est. time remaining.
       95% completed,  00:4:39 (hh:mm:ss) est. time remaining.
       95% completed,  00:4:35 (hh:mm:ss) est. time remaining.
       96% completed,  00:4:31 (hh:mm:ss) est. time remaining.
       96% completed,  00:4:27 (hh:mm:ss) est. time remaining.
       96% completed,  00:4:23 (hh:mm:ss) est. time remaining.
       96% completed,  00:4:19 (hh:mm:ss) est. time remaining.
       96% completed,  00:4:15 (hh:mm:ss) est. time remaining.
       96% completed,  00:4:11 (hh:mm:ss) est. time remaining.
       96% completed,  00:4:08 (hh:mm:ss) est. time remaining.
       96% completed,  00:4:04 (hh:mm:ss) est. time remaining.
       96% completed,  00:4:00 (hh:mm:ss) est. time remaining.
       96% completed,  00:3:56 (hh:mm:ss) est. time remaining.
       96% completed,  00:3:53 (hh:mm:ss) est. time remaining.
       96% completed,  00:3:49 (hh:mm:ss) est. time remaining.
       96% completed,  00:3:45 (hh:mm:ss) est. time remaining.
       96% completed,  00:3:42 (hh:mm:ss) est. time remaining.
       96% completed,  00:3:38 (hh:mm:ss) est. time remaining.
       96% completed,  00:3:34 (hh:mm:ss) est. time remaining.
       96% completed,  00:3:31 (hh:mm:ss) est. time remaining.
       96% completed,  00:3:27 (hh:mm:ss) est. time remaining.
       97% completed,  00:3:24 (hh:mm:ss) est. time remaining.
       97% completed,  00:3:20 (hh:mm:ss) est. time remaining.
       97% completed,  00:3:17 (hh:mm:ss) est. time remaining.
       97% completed,  00:3:13 (hh:mm:ss) est. time remaining.
       97% completed,  00:3:10 (hh:mm:ss) est. time remaining.
       97% completed,  00:3:07 (hh:mm:ss) est. time remaining.
       97% completed,  00:3:03 (hh:mm:ss) est. time remaining.
       97% completed,  00:3:00 (hh:mm:ss) est. time remaining.
       97% completed,  00:2:57 (hh:mm:ss) est. time remaining.
       97% completed,  00:2:54 (hh:mm:ss) est. time remaining.
       97% completed,  00:2:50 (hh:mm:ss) est. time remaining.
       97% completed,  00:2:47 (hh:mm:ss) est. time remaining.
       97% completed,  00:2:44 (hh:mm:ss) est. time remaining.
       97% completed,  00:2:41 (hh:mm:ss) est. time remaining.
       97% completed,  00:2:38 (hh:mm:ss) est. time remaining.
       97% completed,  00:2:35 (hh:mm:ss) est. time remaining.
       97% completed,  00:2:32 (hh:mm:ss) est. time remaining.
       97% completed,  00:2:29 (hh:mm:ss) est. time remaining.
       97% completed,  00:2:26 (hh:mm:ss) est. time remaining.
       97% completed,  00:2:23 (hh:mm:ss) est. time remaining.
       97% completed,  00:2:20 (hh:mm:ss) est. time remaining.
       97% completed,  00:2:17 (hh:mm:ss) est. time remaining.
       98% completed,  00:2:14 (hh:mm:ss) est. time remaining.
       98% completed,  00:2:12 (hh:mm:ss) est. time remaining.
       98% completed,  00:2:09 (hh:mm:ss) est. time remaining.
       98% completed,  00:2:06 (hh:mm:ss) est. time remaining.
       98% completed,  00:2:03 (hh:mm:ss) est. time remaining.
       98% completed,  00:2:01 (hh:mm:ss) est. time remaining.
       98% completed,  00:1:58 (hh:mm:ss) est. time remaining.
       98% completed,  00:1:55 (hh:mm:ss) est. time remaining.
       98% completed,  00:1:53 (hh:mm:ss) est. time remaining.
       98% completed,  00:1:50 (hh:mm:ss) est. time remaining.
       98% completed,  00:1:48 (hh:mm:ss) est. time remaining.
       98% completed,  00:1:45 (hh:mm:ss) est. time remaining.
       98% completed,  00:1:43 (hh:mm:ss) est. time remaining.
       98% completed,  00:1:40 (hh:mm:ss) est. time remaining.
       98% completed,  00:1:38 (hh:mm:ss) est. time remaining.
       98% completed,  00:1:35 (hh:mm:ss) est. time remaining.
       98% completed,  00:1:33 (hh:mm:ss) est. time remaining.
       98% completed,  00:1:31 (hh:mm:ss) est. time remaining.
       98% completed,  00:1:28 (hh:mm:ss) est. time remaining.
       98% completed,  00:1:26 (hh:mm:ss) est. time remaining.
       98% completed,  00:1:24 (hh:mm:ss) est. time remaining.
       98% completed,  00:1:22 (hh:mm:ss) est. time remaining.
       98% completed,  00:1:19 (hh:mm:ss) est. time remaining.
       98% completed,  00:1:17 (hh:mm:ss) est. time remaining.
       98% completed,  00:1:15 (hh:mm:ss) est. time remaining.
       98% completed,  00:1:13 (hh:mm:ss) est. time remaining.
       98% completed,  00:1:11 (hh:mm:ss) est. time remaining.
       98% completed,  00:1:09 (hh:mm:ss) est. time remaining.
       99% completed,  00:1:07 (hh:mm:ss) est. time remaining.
       99% completed,  00:1:05 (hh:mm:ss) est. time remaining.
       99% completed,  00:1:03 (hh:mm:ss) est. time remaining.
       99% completed,  00:1:01 (hh:mm:ss) est. time remaining.
       99% completed,  00:0:59 (hh:mm:ss) est. time remaining.
       99% completed,  00:0:57 (hh:mm:ss) est. time remaining.
       99% completed,  00:0:55 (hh:mm:ss) est. time remaining.
       99% completed,  00:0:54 (hh:mm:ss) est. time remaining.
       99% completed,  00:0:52 (hh:mm:ss) est. time remaining.
       99% completed,  00:0:50 (hh:mm:ss) est. time remaining.
       99% completed,  00:0:48 (hh:mm:ss) est. time remaining.
       99% completed,  00:0:47 (hh:mm:ss) est. time remaining.
       99% completed,  00:0:45 (hh:mm:ss) est. time remaining.
       99% completed,  00:0:43 (hh:mm:ss) est. time remaining.
       99% completed,  00:0:42 (hh:mm:ss) est. time remaining.
       99% completed,  00:0:40 (hh:mm:ss) est. time remaining.
       99% completed,  00:0:39 (hh:mm:ss) est. time remaining.
       99% completed,  00:0:37 (hh:mm:ss) est. time remaining.
       99% completed,  00:0:36 (hh:mm:ss) est. time remaining.
       99% completed,  00:0:34 (hh:mm:ss) est. time remaining.
       99% completed,  00:0:33 (hh:mm:ss) est. time remaining.
       99% completed,  00:0:31 (hh:mm:ss) est. time remaining.
       99% completed,  00:0:30 (hh:mm:ss) est. time remaining.
       99% completed,  00:0:29 (hh:mm:ss) est. time remaining.
       99% completed,  00:0:27 (hh:mm:ss) est. time remaining.
       99% completed,  00:0:26 (hh:mm:ss) est. time remaining.
       99% completed,  00:0:25 (hh:mm:ss) est. time remaining.
       99% completed,  00:0:24 (hh:mm:ss) est. time remaining.
       99% completed,  00:0:23 (hh:mm:ss) est. time remaining.
       99% completed,  00:0:21 (hh:mm:ss) est. time remaining.
       99% completed,  00:0:20 (hh:mm:ss) est. time remaining.
       99% completed,  00:0:19 (hh:mm:ss) est. time remaining.
       99% completed,  00:0:18 (hh:mm:ss) est. time remaining.
       99% completed,  00:0:17 (hh:mm:ss) est. time remaining.
       99% completed,  00:0:16 (hh:mm:ss) est. time remaining.
       99% completed,  00:0:15 (hh:mm:ss) est. time remaining.
       99% completed,  00:0:14 (hh:mm:ss) est. time remaining.
       99% completed,  00:0:13 (hh:mm:ss) est. time remaining.
       99% completed,  00:0:12 (hh:mm:ss) est. time remaining.
       99% completed,  00:0:12 (hh:mm:ss) est. time remaining.
       99% completed,  00:0:11 (hh:mm:ss) est. time remaining.
       99% completed,  00:0:10 (hh:mm:ss) est. time remaining.
       99% completed,  00:0:09 (hh:mm:ss) est. time remaining.
       99% completed,  00:0:08 (hh:mm:ss) est. time remaining.
       99% completed,  00:0:08 (hh:mm:ss) est. time remaining.
       99% completed,  00:0:07 (hh:mm:ss) est. time remaining.
       99% completed,  00:0:06 (hh:mm:ss) est. time remaining.
       99% completed,  00:0:06 (hh:mm:ss) est. time remaining.
       99% completed,  00:0:05 (hh:mm:ss) est. time remaining.
       99% completed,  00:0:05 (hh:mm:ss) est. time remaining.
       99% completed,  00:0:04 (hh:mm:ss) est. time remaining.
       99% completed,  00:0:04 (hh:mm:ss) est. time remaining.
       99% completed,  00:0:03 (hh:mm:ss) est. time remaining.
       99% completed,  00:0:03 (hh:mm:ss) est. time remaining.
       99% completed,  00:0:02 (hh:mm:ss) est. time remaining.
       99% completed,  00:0:02 (hh:mm:ss) est. time remaining.
       99% completed,  00:0:01 (hh:mm:ss) est. time remaining.
       99% completed,  00:0:01 (hh:mm:ss) est. time remaining.
       99% completed,  00:0:01 (hh:mm:ss) est. time remaining.
       99% completed,  00:0:01 (hh:mm:ss) est. time remaining.
       99% completed,  00:0:00 (hh:mm:ss) est. time remaining.
       99% completed,  00:0:00 (hh:mm:ss) est. time remaining.
       99% completed,  00:0:00 (hh:mm:ss) est. time remaining.
       99% completed,  00:0:00 (hh:mm:ss) est. time remaining.
       99% completed,  00:0:00 (hh:mm:ss) est. time remaining.
       99% completed,  00:0:00 (hh:mm:ss) est. time remaining.
       99% completed,  00:0:00 (hh:mm:ss) est. time remaining.
      100% completed,  00:0:00 (hh:mm:ss) est. time remaining.
Comparison Time: 01:54:42 (hh:mm:ss) Elapsed Time, 9156 HSPs Collected
  - RECON: Running imagespread..
RECON Elapsed: 00:00:00 (hh:mm:ss) Elapsed Time
  - RECON: Running initial definition of elements ( eledef )..
RECON Elapsed: 00:00:13 (hh:mm:ss) Elapsed Time
  - RECON: Running re-definition of elements ( eleredef )..
RECON Elapsed: 00:00:27 (hh:mm:ss) Elapsed Time
  - RECON: Running re-definition of edges ( edgeredef )..
RECON Elapsed: 00:00:41 (hh:mm:ss) Elapsed Time
  - RECON: Running family definition ( famdef )..
RECON Elapsed: 00:00:02 (hh:mm:ss) Elapsed Time
  - Obtaining element sequences
Number of families returned by RECON: 2253
Processing families with greater than 15 elements

Processing RECON family: 212
  - Saving 55 elements
  - Refining family-212 model...

Processing RECON family: 744
  - Saving 35 elements
  - Refining family-744 model...

Processing RECON family: 90
  - Saving 28 elements
  - Refining family-90 model...

Processing RECON family: 32
  - Saving 26 elements
  - Refining family-32 model...

Processing RECON family: 480
  - Saving 23 elements
  - Refining family-480 model...

Processing RECON family: 269
  - Saving 21 elements
  - Refining family-269 model...

Processing RECON family: 1130
  - Saving 21 elements
  - Refining family-1130 model...

Processing RECON family: 1073
  - Saving 18 elements
  - Refining family-1073 model...

Processing RECON family: 316
  - Saving 17 elements
  - Refining family-316 model...

Processing RECON family: 1769
  - Saving 16 elements
  - Refining family-1769 model...

Processing RECON family: 19
  - Saving 16 elements
  - Refining family-19 model...
Family Refinement: 00:01:31 (hh:mm:ss) Elapsed Time
Round Time: 02:02:38 (hh:mm:ss) Elapsed Time

RepeatScout/RECON discovery complete: 79 families found


RepeatClassifier Version 2.0.1
======================================
Search Engine = rmblast
  - Looking for Simple and Low Complexity sequences..
  - Looking for similarity to known repeat proteins..
Missing /hpc/group/vilgalyslab/yk158/miniconda3/envs/repeatmasker/share/RepeatMasker/Libraries/RepeatMasker.lib.nsq!
Please rerun the configure program in the RepeatModeler directory
before running this script.
  - Looking for similarity to known repeat consensi..
Classification Time: 00:03:01 (hh:mm:ss) Elapsed Time


Program Time: 04:29:59 (hh:mm:ss) Elapsed Time
Working directory:  /work/yk158/pmiEndo/repeatmodeler/RM_69229.TueAug181846032020
may be deleted unless there were problems with the run.

The results have been saved to:
  Stano2-families.fa  - Consensus sequences for each family identified.
  Stano2-families.stk - Seed alignments for each family identified.

The RepeatModeler stockholm file is formatted so that it can
easily be submitted to the Dfam database.  Please consider contributing
curated families to this open database and be a part of this growing
community resource.  For more information contact help@dfam.org.


