RepeatModeler Version 2.0.1
===========================
Search Engine = rmblast 2.9.0+
Dependencies: TRF 4.09, RECON , RepeatScout 1.0.6, RepeatMasker 
LTR Structural Analysis: Disabled [use -LTRStruct to enable]
Random Number Seed: 1597790761
Database = Talpro1 .
  - Sequences = 30
  - Bases = 37611490
Using output directory = /work/yk158/pmiEndo/repeatmodeler/RM_36861.TueAug181846022020
Storage Throughput = poor ( 122.01 MB/s )
  - NOTE: Poor storage througput will have a large impact on RepeatModeler
          performance.  The low throughput observed above may be due to
          transient usage patterns on the system and may not reflect the
          actual system performance. Whenever possible run RepeatModeler
          in a directory stored on a fast local disk and not over a
          network filesytem.

Ready to start the sampling process.
INFO: The runtime of RepeatModeler heavily depends on the quality of the assembly
      and the repetitive content of the sequences.  It is not imperative
      that RepeatModeler completes all rounds in order to obtain useful
      results.  At the completion of each round, the files ( consensi.fa, and
      families.stk ) found in:
      /work/yk158/pmiEndo/repeatmodeler/RM_36861.TueAug181846022020/ 
      will contain all results produced thus far. These files may be 
      manually copied and run through RepeatClassifier should the program
      be terminated early.


RepeatModeler Round # 1
========================
Searching for Repeats
 -- Sampling from the database...
   - Gathering up to 40000000 bp
   - Final Sample Size = 37611359 bp ( 37611359 non ambiguous )
   - Num Contigs Represented = 30
   - Sequence extraction : 00:00:03 (hh:mm:ss) Elapsed Time
 -- Running RepeatScout on the sequences...
   - RepeatScout: Running build_lmer_table ( l = 14 )..
   - RepeatScout: Running RepeatScout.. : 100 raw families identified
   - RepeatScout: Running filtering stage.. 79 families remaining
   - RepeatScout: 00:09:04 (hh:mm:ss) Elapsed Time
   - Large Satellite Filtering.. : 1 found in 00:00:01 (hh:mm:ss) Elapsed Time
   - Collecting repeat instances...
 -- Refining Family R=84 / 0 ( RS Elements: 150, Using 100 )
 -- Refining Family R=27 / 1 ( RS Elements: 143, Using 100 )
 -- Refining Family R=9 / 2 ( RS Elements: 130, Using 100 )
 -- Refining Family R=1 / 3 ( RS Elements: 130, Using 100 )
 -- Refining Family R=5 / 4 ( RS Elements: 129, Using 100 )
 -- Refining Family R=14 / 5 ( RS Elements: 114, Using 100 )
 -- Refining Family R=58 / 6 ( RS Elements: 113, Using 100 )
 -- Refining Family R=47 / 7 ( RS Elements: 110, Using 100 )
 -- Refining Family R=13 / 8 ( RS Elements: 110, Using 100 )
 -- Refining Family R=8 / 9 ( RS Elements: 107, Using 100 )
 -- Refining Family R=7 / 10 ( RS Elements: 89, Using 89 )
 -- Refining Family R=53 / 11 ( RS Elements: 87, Using 87 )
 -- Refining Family R=20 / 12 ( RS Elements: 80, Using 80 )
 -- Refining Family R=90 / 13 ( RS Elements: 80, Using 80 )
 -- Refining Family R=10 / 14 ( RS Elements: 80, Using 80 )
 -- Refining Family R=51 / 15 ( RS Elements: 73, Using 73 )
 -- Refining Family R=11 / 16 ( RS Elements: 71, Using 71 )
 -- Refining Family R=6 / 17 ( RS Elements: 63, Using 63 )
 -- Refining Family R=18 / 18 ( RS Elements: 58, Using 58 )
 -- Refining Family R=55 / 19 ( RS Elements: 57, Using 57 )
 -- Refining Family R=17 / 20 ( RS Elements: 50, Using 50 )
 -- Refining Family R=30 / 21 ( RS Elements: 45, Using 45 )
 -- Refining Family R=74 / 22 ( RS Elements: 44, Using 44 )
 -- Refining Family R=87 / 23 ( RS Elements: 44, Using 44 )
 -- Refining Family R=73 / 24 ( RS Elements: 41, Using 41 )
 -- Refining Family R=29 / 25 ( RS Elements: 39, Using 39 )
 -- Refining Family R=25 / 26 ( RS Elements: 38, Using 38 )
 -- Refining Family R=26 / 27 ( RS Elements: 38, Using 38 )
 -- Refining Family R=37 / 28 ( RS Elements: 37, Using 37 )
 -- Refining Family R=43 / 29 ( RS Elements: 36, Using 36 )
 -- Refining Family R=57 / 30 ( RS Elements: 36, Using 36 )
 -- Refining Family R=44 / 31 ( RS Elements: 35, Using 35 )
 -- Refining Family R=75 / 32 ( RS Elements: 34, Using 34 )
 -- Refining Family R=41 / 33 ( RS Elements: 33, Using 33 )
 -- Refining Family R=49 / 34 ( RS Elements: 29, Using 29 )
 -- Refining Family R=15 / 35 ( RS Elements: 28, Using 28 )
 -- Refining Family R=89 / 36 ( RS Elements: 25, Using 25 )
 -- Refining Family R=64 / 37 ( RS Elements: 24, Using 24 )
 -- Refining Family R=40 / 38 ( RS Elements: 23, Using 23 )
 -- Refining Family R=76 / 39 ( RS Elements: 23, Using 23 )
 -- Refining Family R=50 / 40 ( RS Elements: 22, Using 22 )
 -- Refining Family R=34 / 41 ( RS Elements: 20, Using 20 )
 -- Refining Family R=69 / 42 ( RS Elements: 20, Using 20 )
 -- Refining Family R=42 / 43 ( RS Elements: 19, Using 19 )
 -- Refining Family R=83 / 44 ( RS Elements: 19, Using 19 )
 -- Refining Family R=63 / 45 ( RS Elements: 19, Using 19 )
 -- Refining Family R=46 / 46 ( RS Elements: 18, Using 18 )
 -- Refining Family R=36 / 47 ( RS Elements: 18, Using 18 )
 -- Refining Family R=32 / 48 ( RS Elements: 16, Using 16 )
Family Refinement: 00:09:28 (hh:mm:ss) Elapsed Time


RepeatModeler Round # 2
========================
Searching for Repeats
 -- Sampling from the database...
   - Gathering up to 3000000 bp
   - Sequence extraction : 00:00:00 (hh:mm:ss) Elapsed Time
 -- Running TRFMask on the sequence...
       85 Tandem Repeats Masked
   - TRFMask time 00:00:07 (hh:mm:ss) Elapsed Time
 -- Masking repeats from the previous rounds...
  - Masking 1 - 5 of 75
  - Masking 16 - 30 of 75
  - Masking 41 - 65 of 75
   - TE Masking time 00:00:09 (hh:mm:ss) Elapsed Time
 -- Sample Stats:
       Sample Size 3002924 bp
       Num Contigs Represented = 19
       Non ambiguous bp:
             Initial: 3002924 bp
             After Masking: 2975642 bp
             Masked: 0.91 % 
 -- Input Database Coverage: 3002924 bp out of 37611490 bp ( 7.98 % )
Sampling Time: 00:00:16 (hh:mm:ss) Elapsed Time
Running all-by-other comparisons...
        2% completed,  00:3:05 (hh:mm:ss) est. time remaining.
        5% completed,  00:1:29 (hh:mm:ss) est. time remaining.
        7% completed,  00:1:45 (hh:mm:ss) est. time remaining.
       10% completed,  00:1:25 (hh:mm:ss) est. time remaining.
       12% completed,  00:1:27 (hh:mm:ss) est. time remaining.
       15% completed,  00:1:22 (hh:mm:ss) est. time remaining.
       17% completed,  00:1:22 (hh:mm:ss) est. time remaining.
       20% completed,  00:4:14 (hh:mm:ss) est. time remaining.
       22% completed,  00:3:58 (hh:mm:ss) est. time remaining.
       24% completed,  00:3:42 (hh:mm:ss) est. time remaining.
       27% completed,  00:3:22 (hh:mm:ss) est. time remaining.
       29% completed,  00:3:09 (hh:mm:ss) est. time remaining.
       31% completed,  00:2:56 (hh:mm:ss) est. time remaining.
       33% completed,  00:2:44 (hh:mm:ss) est. time remaining.
       35% completed,  00:2:34 (hh:mm:ss) est. time remaining.
       38% completed,  00:2:24 (hh:mm:ss) est. time remaining.
       40% completed,  00:2:15 (hh:mm:ss) est. time remaining.
       42% completed,  00:2:09 (hh:mm:ss) est. time remaining.
       44% completed,  00:2:01 (hh:mm:ss) est. time remaining.
       46% completed,  00:1:54 (hh:mm:ss) est. time remaining.
       47% completed,  00:1:49 (hh:mm:ss) est. time remaining.
       49% completed,  00:1:43 (hh:mm:ss) est. time remaining.
       51% completed,  00:1:38 (hh:mm:ss) est. time remaining.
       53% completed,  00:1:33 (hh:mm:ss) est. time remaining.
       55% completed,  00:1:28 (hh:mm:ss) est. time remaining.
       56% completed,  00:1:24 (hh:mm:ss) est. time remaining.
       58% completed,  00:1:20 (hh:mm:ss) est. time remaining.
       60% completed,  00:1:45 (hh:mm:ss) est. time remaining.
       61% completed,  00:1:40 (hh:mm:ss) est. time remaining.
       63% completed,  00:1:35 (hh:mm:ss) est. time remaining.
       65% completed,  00:1:30 (hh:mm:ss) est. time remaining.
       66% completed,  00:1:25 (hh:mm:ss) est. time remaining.
       68% completed,  00:1:20 (hh:mm:ss) est. time remaining.
       69% completed,  00:1:15 (hh:mm:ss) est. time remaining.
       70% completed,  00:1:11 (hh:mm:ss) est. time remaining.
       72% completed,  00:1:07 (hh:mm:ss) est. time remaining.
       73% completed,  00:1:03 (hh:mm:ss) est. time remaining.
       74% completed,  00:1:00 (hh:mm:ss) est. time remaining.
       76% completed,  00:0:56 (hh:mm:ss) est. time remaining.
       77% completed,  00:0:53 (hh:mm:ss) est. time remaining.
       78% completed,  00:0:50 (hh:mm:ss) est. time remaining.
       79% completed,  00:0:47 (hh:mm:ss) est. time remaining.
       80% completed,  00:0:44 (hh:mm:ss) est. time remaining.
       81% completed,  00:0:41 (hh:mm:ss) est. time remaining.
       82% completed,  00:0:39 (hh:mm:ss) est. time remaining.
       84% completed,  00:0:36 (hh:mm:ss) est. time remaining.
       84% completed,  00:0:34 (hh:mm:ss) est. time remaining.
       87% completed,  00:0:30 (hh:mm:ss) est. time remaining.
       88% completed,  00:0:27 (hh:mm:ss) est. time remaining.
       89% completed,  00:0:25 (hh:mm:ss) est. time remaining.
       89% completed,  00:0:23 (hh:mm:ss) est. time remaining.
       90% completed,  00:0:21 (hh:mm:ss) est. time remaining.
       91% completed,  00:0:19 (hh:mm:ss) est. time remaining.
       92% completed,  00:0:18 (hh:mm:ss) est. time remaining.
       92% completed,  00:0:16 (hh:mm:ss) est. time remaining.
       93% completed,  00:0:15 (hh:mm:ss) est. time remaining.
       94% completed,  00:0:13 (hh:mm:ss) est. time remaining.
       95% completed,  00:0:11 (hh:mm:ss) est. time remaining.
       95% completed,  00:0:09 (hh:mm:ss) est. time remaining.
       96% completed,  00:0:08 (hh:mm:ss) est. time remaining.
       96% completed,  00:0:07 (hh:mm:ss) est. time remaining.
       97% completed,  00:0:06 (hh:mm:ss) est. time remaining.
       97% completed,  00:0:05 (hh:mm:ss) est. time remaining.
       98% completed,  00:0:04 (hh:mm:ss) est. time remaining.
       98% completed,  00:0:03 (hh:mm:ss) est. time remaining.
       98% completed,  00:0:03 (hh:mm:ss) est. time remaining.
       98% completed,  00:0:02 (hh:mm:ss) est. time remaining.
       99% completed,  00:0:01 (hh:mm:ss) est. time remaining.
       99% completed,  00:0:01 (hh:mm:ss) est. time remaining.
       99% completed,  00:0:00 (hh:mm:ss) est. time remaining.
       99% completed,  00:0:00 (hh:mm:ss) est. time remaining.
       99% completed,  00:0:00 (hh:mm:ss) est. time remaining.
       99% completed,  00:0:00 (hh:mm:ss) est. time remaining.
      100% completed,  00:0:00 (hh:mm:ss) est. time remaining.
Comparison Time: 00:03:45 (hh:mm:ss) Elapsed Time, 504 HSPs Collected
  - RECON: Running imagespread..
RECON Elapsed: 00:00:00 (hh:mm:ss) Elapsed Time
  - RECON: Running initial definition of elements ( eledef )..
RECON Elapsed: 00:00:01 (hh:mm:ss) Elapsed Time
  - RECON: Running re-definition of elements ( eleredef )..
RECON Elapsed: 00:00:02 (hh:mm:ss) Elapsed Time
  - RECON: Running re-definition of edges ( edgeredef )..
RECON Elapsed: 00:00:01 (hh:mm:ss) Elapsed Time
  - RECON: Running family definition ( famdef )..
RECON Elapsed: 00:00:00 (hh:mm:ss) Elapsed Time
  - Obtaining element sequences
Number of families returned by RECON: 141
Processing families with greater than 15 elements

Processing RECON family: 60
  - Saving 16 elements
  - Refining family-60 model...
Family Refinement: 00:01:35 (hh:mm:ss) Elapsed Time
Round Time: 00:05:41 (hh:mm:ss) Elapsed Time


RepeatModeler Round # 3
========================
Searching for Repeats
 -- Sampling from the database...
   - Gathering up to 9000000 bp
   - Sequence extraction : 00:00:01 (hh:mm:ss) Elapsed Time
 -- Running TRFMask on the sequence...
       213 Tandem Repeats Masked
   - TRFMask time 00:00:16 (hh:mm:ss) Elapsed Time
 -- Masking repeats from the previous rounds...
  - Masking 1 - 5 of 233
  - Masking 16 - 30 of 233
  - Masking 41 - 65 of 233
  - Masking 76 - 110 of 233
  - Masking 121 - 165 of 233
  - Masking 176 - 230 of 233
   - TE Masking time 00:00:20 (hh:mm:ss) Elapsed Time
 -- Sample Stats:
       Sample Size 9021992 bp
       Num Contigs Represented = 21
       Non ambiguous bp:
             Initial: 9021992 bp
             After Masking: 8892171 bp
             Masked: 1.44 % 
 -- Input Database Coverage: 12024916 bp out of 37611490 bp ( 31.97 % )
Sampling Time: 00:00:37 (hh:mm:ss) Elapsed Time
Running all-by-other comparisons...
        0% completed,  00:26:56 (hh:mm:ss) est. time remaining.
        1% completed,  00:13:23 (hh:mm:ss) est. time remaining.
        2% completed,  00:43:42 (hh:mm:ss) est. time remaining.
        3% completed,  00:35:23 (hh:mm:ss) est. time remaining.
        4% completed,  00:29:37 (hh:mm:ss) est. time remaining.
        5% completed,  00:27:37 (hh:mm:ss) est. time remaining.
        5% completed,  00:24:35 (hh:mm:ss) est. time remaining.
        6% completed,  00:21:36 (hh:mm:ss) est. time remaining.
        7% completed,  00:20:41 (hh:mm:ss) est. time remaining.
        8% completed,  00:19:35 (hh:mm:ss) est. time remaining.
        9% completed,  00:18:59 (hh:mm:ss) est. time remaining.
       10% completed,  00:18:02 (hh:mm:ss) est. time remaining.
       10% completed,  00:17:45 (hh:mm:ss) est. time remaining.
       11% completed,  00:16:53 (hh:mm:ss) est. time remaining.
       12% completed,  00:16:49 (hh:mm:ss) est. time remaining.
       13% completed,  00:16:05 (hh:mm:ss) est. time remaining.
       14% completed,  00:15:51 (hh:mm:ss) est. time remaining.
       14% completed,  00:16:18 (hh:mm:ss) est. time remaining.
       15% completed,  00:16:35 (hh:mm:ss) est. time remaining.
       16% completed,  00:16:35 (hh:mm:ss) est. time remaining.
       17% completed,  00:16:09 (hh:mm:ss) est. time remaining.
       18% completed,  00:15:54 (hh:mm:ss) est. time remaining.
       18% completed,  00:15:19 (hh:mm:ss) est. time remaining.
       19% completed,  00:15:24 (hh:mm:ss) est. time remaining.
       20% completed,  00:14:40 (hh:mm:ss) est. time remaining.
       21% completed,  00:14:49 (hh:mm:ss) est. time remaining.
       21% completed,  00:14:09 (hh:mm:ss) est. time remaining.
       22% completed,  00:14:17 (hh:mm:ss) est. time remaining.
       23% completed,  00:13:42 (hh:mm:ss) est. time remaining.
       24% completed,  00:13:49 (hh:mm:ss) est. time remaining.
       24% completed,  00:13:16 (hh:mm:ss) est. time remaining.
       25% completed,  00:13:20 (hh:mm:ss) est. time remaining.
       26% completed,  00:12:50 (hh:mm:ss) est. time remaining.
       27% completed,  00:12:54 (hh:mm:ss) est. time remaining.
       27% completed,  00:12:26 (hh:mm:ss) est. time remaining.
       28% completed,  00:12:30 (hh:mm:ss) est. time remaining.
       29% completed,  00:12:04 (hh:mm:ss) est. time remaining.
       30% completed,  00:12:09 (hh:mm:ss) est. time remaining.
       30% completed,  00:11:45 (hh:mm:ss) est. time remaining.
       31% completed,  00:11:46 (hh:mm:ss) est. time remaining.
       32% completed,  00:11:23 (hh:mm:ss) est. time remaining.
       32% completed,  00:11:26 (hh:mm:ss) est. time remaining.
       33% completed,  00:11:04 (hh:mm:ss) est. time remaining.
       34% completed,  00:11:05 (hh:mm:ss) est. time remaining.
       34% completed,  00:10:49 (hh:mm:ss) est. time remaining.
       35% completed,  00:10:47 (hh:mm:ss) est. time remaining.
       36% completed,  00:10:30 (hh:mm:ss) est. time remaining.
       37% completed,  00:10:29 (hh:mm:ss) est. time remaining.
       37% completed,  00:10:12 (hh:mm:ss) est. time remaining.
       38% completed,  00:10:09 (hh:mm:ss) est. time remaining.
       39% completed,  00:10:13 (hh:mm:ss) est. time remaining.
       39% completed,  00:9:59 (hh:mm:ss) est. time remaining.
       40% completed,  00:9:54 (hh:mm:ss) est. time remaining.
       41% completed,  00:9:41 (hh:mm:ss) est. time remaining.
       41% completed,  00:9:41 (hh:mm:ss) est. time remaining.
       42% completed,  00:9:25 (hh:mm:ss) est. time remaining.
       43% completed,  00:9:26 (hh:mm:ss) est. time remaining.
       43% completed,  00:9:30 (hh:mm:ss) est. time remaining.
       44% completed,  00:9:30 (hh:mm:ss) est. time remaining.
       44% completed,  00:9:22 (hh:mm:ss) est. time remaining.
       45% completed,  00:9:10 (hh:mm:ss) est. time remaining.
       46% completed,  00:9:06 (hh:mm:ss) est. time remaining.
       46% completed,  00:8:54 (hh:mm:ss) est. time remaining.
       47% completed,  00:8:41 (hh:mm:ss) est. time remaining.
       48% completed,  00:8:39 (hh:mm:ss) est. time remaining.
       48% completed,  00:8:27 (hh:mm:ss) est. time remaining.
       49% completed,  00:8:25 (hh:mm:ss) est. time remaining.
       49% completed,  00:8:18 (hh:mm:ss) est. time remaining.
       50% completed,  00:8:08 (hh:mm:ss) est. time remaining.
       51% completed,  00:7:56 (hh:mm:ss) est. time remaining.
       51% completed,  00:7:54 (hh:mm:ss) est. time remaining.
       52% completed,  00:7:53 (hh:mm:ss) est. time remaining.
       52% completed,  00:7:49 (hh:mm:ss) est. time remaining.
       53% completed,  00:7:46 (hh:mm:ss) est. time remaining.
       54% completed,  00:7:45 (hh:mm:ss) est. time remaining.
       54% completed,  00:7:44 (hh:mm:ss) est. time remaining.
       55% completed,  00:9:30 (hh:mm:ss) est. time remaining.
       55% completed,  00:9:22 (hh:mm:ss) est. time remaining.
       56% completed,  00:9:09 (hh:mm:ss) est. time remaining.
       56% completed,  00:9:04 (hh:mm:ss) est. time remaining.
       57% completed,  00:8:59 (hh:mm:ss) est. time remaining.
       58% completed,  00:8:52 (hh:mm:ss) est. time remaining.
       58% completed,  00:8:46 (hh:mm:ss) est. time remaining.
       59% completed,  00:8:43 (hh:mm:ss) est. time remaining.
       59% completed,  00:8:40 (hh:mm:ss) est. time remaining.
       60% completed,  00:8:36 (hh:mm:ss) est. time remaining.
       60% completed,  00:8:31 (hh:mm:ss) est. time remaining.
       61% completed,  00:8:26 (hh:mm:ss) est. time remaining.
       61% completed,  00:8:22 (hh:mm:ss) est. time remaining.
       62% completed,  00:8:17 (hh:mm:ss) est. time remaining.
       62% completed,  00:8:13 (hh:mm:ss) est. time remaining.
       63% completed,  00:8:07 (hh:mm:ss) est. time remaining.
       63% completed,  00:8:01 (hh:mm:ss) est. time remaining.
       64% completed,  00:7:54 (hh:mm:ss) est. time remaining.
       64% completed,  00:7:48 (hh:mm:ss) est. time remaining.
       65% completed,  00:7:42 (hh:mm:ss) est. time remaining.
       65% completed,  00:7:35 (hh:mm:ss) est. time remaining.
       66% completed,  00:7:29 (hh:mm:ss) est. time remaining.
       66% completed,  00:7:22 (hh:mm:ss) est. time remaining.
       67% completed,  00:7:16 (hh:mm:ss) est. time remaining.
       67% completed,  00:7:10 (hh:mm:ss) est. time remaining.
       68% completed,  00:7:01 (hh:mm:ss) est. time remaining.
       68% completed,  00:6:55 (hh:mm:ss) est. time remaining.
       69% completed,  00:6:46 (hh:mm:ss) est. time remaining.
       69% completed,  00:6:38 (hh:mm:ss) est. time remaining.
       70% completed,  00:6:31 (hh:mm:ss) est. time remaining.
       70% completed,  00:6:24 (hh:mm:ss) est. time remaining.
       71% completed,  00:6:17 (hh:mm:ss) est. time remaining.
       71% completed,  00:6:09 (hh:mm:ss) est. time remaining.
       72% completed,  00:6:03 (hh:mm:ss) est. time remaining.
       72% completed,  00:5:56 (hh:mm:ss) est. time remaining.
       73% completed,  00:5:50 (hh:mm:ss) est. time remaining.
       73% completed,  00:5:43 (hh:mm:ss) est. time remaining.
       74% completed,  00:5:37 (hh:mm:ss) est. time remaining.
       74% completed,  00:5:30 (hh:mm:ss) est. time remaining.
       74% completed,  00:5:25 (hh:mm:ss) est. time remaining.
       75% completed,  00:5:18 (hh:mm:ss) est. time remaining.
       75% completed,  00:5:12 (hh:mm:ss) est. time remaining.
       76% completed,  00:5:08 (hh:mm:ss) est. time remaining.
       76% completed,  00:5:03 (hh:mm:ss) est. time remaining.
       76% completed,  00:4:57 (hh:mm:ss) est. time remaining.
       77% completed,  00:4:52 (hh:mm:ss) est. time remaining.
       77% completed,  00:4:48 (hh:mm:ss) est. time remaining.
       78% completed,  00:4:44 (hh:mm:ss) est. time remaining.
       78% completed,  00:4:41 (hh:mm:ss) est. time remaining.
       78% completed,  00:4:37 (hh:mm:ss) est. time remaining.
       79% completed,  00:4:33 (hh:mm:ss) est. time remaining.
       79% completed,  00:4:28 (hh:mm:ss) est. time remaining.
       80% completed,  00:4:24 (hh:mm:ss) est. time remaining.
       80% completed,  00:4:43 (hh:mm:ss) est. time remaining.
       80% completed,  00:4:38 (hh:mm:ss) est. time remaining.
       81% completed,  00:4:33 (hh:mm:ss) est. time remaining.
       81% completed,  00:4:28 (hh:mm:ss) est. time remaining.
       82% completed,  00:4:23 (hh:mm:ss) est. time remaining.
       82% completed,  00:4:17 (hh:mm:ss) est. time remaining.
       82% completed,  00:4:12 (hh:mm:ss) est. time remaining.
       83% completed,  00:4:07 (hh:mm:ss) est. time remaining.
       83% completed,  00:4:01 (hh:mm:ss) est. time remaining.
       83% completed,  00:3:56 (hh:mm:ss) est. time remaining.
       84% completed,  00:3:51 (hh:mm:ss) est. time remaining.
       84% completed,  00:3:45 (hh:mm:ss) est. time remaining.
       84% completed,  00:3:40 (hh:mm:ss) est. time remaining.
       85% completed,  00:3:35 (hh:mm:ss) est. time remaining.
       85% completed,  00:3:30 (hh:mm:ss) est. time remaining.
       85% completed,  00:3:26 (hh:mm:ss) est. time remaining.
       86% completed,  00:3:21 (hh:mm:ss) est. time remaining.
       86% completed,  00:3:16 (hh:mm:ss) est. time remaining.
       86% completed,  00:3:11 (hh:mm:ss) est. time remaining.
       87% completed,  00:3:07 (hh:mm:ss) est. time remaining.
       87% completed,  00:3:02 (hh:mm:ss) est. time remaining.
       87% completed,  00:2:58 (hh:mm:ss) est. time remaining.
       87% completed,  00:2:53 (hh:mm:ss) est. time remaining.
       88% completed,  00:2:49 (hh:mm:ss) est. time remaining.
       88% completed,  00:2:45 (hh:mm:ss) est. time remaining.
       88% completed,  00:2:40 (hh:mm:ss) est. time remaining.
       89% completed,  00:2:36 (hh:mm:ss) est. time remaining.
       89% completed,  00:2:32 (hh:mm:ss) est. time remaining.
       89% completed,  00:2:28 (hh:mm:ss) est. time remaining.
       89% completed,  00:2:24 (hh:mm:ss) est. time remaining.
       90% completed,  00:2:20 (hh:mm:ss) est. time remaining.
       90% completed,  00:2:16 (hh:mm:ss) est. time remaining.
       90% completed,  00:2:13 (hh:mm:ss) est. time remaining.
       90% completed,  00:2:09 (hh:mm:ss) est. time remaining.
       91% completed,  00:2:05 (hh:mm:ss) est. time remaining.
       91% completed,  00:2:02 (hh:mm:ss) est. time remaining.
       91% completed,  00:1:58 (hh:mm:ss) est. time remaining.
       91% completed,  00:1:55 (hh:mm:ss) est. time remaining.
       92% completed,  00:1:50 (hh:mm:ss) est. time remaining.
       92% completed,  00:1:47 (hh:mm:ss) est. time remaining.
       92% completed,  00:1:44 (hh:mm:ss) est. time remaining.
       92% completed,  00:1:40 (hh:mm:ss) est. time remaining.
       93% completed,  00:1:37 (hh:mm:ss) est. time remaining.
       93% completed,  00:1:34 (hh:mm:ss) est. time remaining.
       93% completed,  00:1:31 (hh:mm:ss) est. time remaining.
       93% completed,  00:1:28 (hh:mm:ss) est. time remaining.
       94% completed,  00:1:25 (hh:mm:ss) est. time remaining.
       94% completed,  00:1:22 (hh:mm:ss) est. time remaining.
       94% completed,  00:1:20 (hh:mm:ss) est. time remaining.
       94% completed,  00:1:17 (hh:mm:ss) est. time remaining.
       94% completed,  00:1:14 (hh:mm:ss) est. time remaining.
       95% completed,  00:1:11 (hh:mm:ss) est. time remaining.
       95% completed,  00:1:08 (hh:mm:ss) est. time remaining.
       95% completed,  00:1:06 (hh:mm:ss) est. time remaining.
       95% completed,  00:1:03 (hh:mm:ss) est. time remaining.
       95% completed,  00:1:01 (hh:mm:ss) est. time remaining.
       95% completed,  00:0:58 (hh:mm:ss) est. time remaining.
       96% completed,  00:0:56 (hh:mm:ss) est. time remaining.
       96% completed,  00:0:53 (hh:mm:ss) est. time remaining.
       96% completed,  00:0:51 (hh:mm:ss) est. time remaining.
       96% completed,  00:0:49 (hh:mm:ss) est. time remaining.
       96% completed,  00:0:47 (hh:mm:ss) est. time remaining.
       96% completed,  00:0:44 (hh:mm:ss) est. time remaining.
       97% completed,  00:0:42 (hh:mm:ss) est. time remaining.
       97% completed,  00:0:40 (hh:mm:ss) est. time remaining.
       97% completed,  00:0:38 (hh:mm:ss) est. time remaining.
       97% completed,  00:0:36 (hh:mm:ss) est. time remaining.
       97% completed,  00:0:35 (hh:mm:ss) est. time remaining.
       97% completed,  00:0:33 (hh:mm:ss) est. time remaining.
       97% completed,  00:0:30 (hh:mm:ss) est. time remaining.
       98% completed,  00:0:28 (hh:mm:ss) est. time remaining.
       98% completed,  00:0:26 (hh:mm:ss) est. time remaining.
       98% completed,  00:0:24 (hh:mm:ss) est. time remaining.
       98% completed,  00:0:23 (hh:mm:ss) est. time remaining.
       98% completed,  00:0:21 (hh:mm:ss) est. time remaining.
       98% completed,  00:0:20 (hh:mm:ss) est. time remaining.
       98% completed,  00:0:18 (hh:mm:ss) est. time remaining.
       98% completed,  00:0:17 (hh:mm:ss) est. time remaining.
       98% completed,  00:0:16 (hh:mm:ss) est. time remaining.
       98% completed,  00:0:14 (hh:mm:ss) est. time remaining.
       99% completed,  00:0:13 (hh:mm:ss) est. time remaining.
       99% completed,  00:0:12 (hh:mm:ss) est. time remaining.
       99% completed,  00:0:11 (hh:mm:ss) est. time remaining.
       99% completed,  00:0:10 (hh:mm:ss) est. time remaining.
       99% completed,  00:0:09 (hh:mm:ss) est. time remaining.
       99% completed,  00:0:08 (hh:mm:ss) est. time remaining.
       99% completed,  00:0:07 (hh:mm:ss) est. time remaining.
       99% completed,  00:0:06 (hh:mm:ss) est. time remaining.
       99% completed,  00:0:05 (hh:mm:ss) est. time remaining.
       99% completed,  00:0:04 (hh:mm:ss) est. time remaining.
       99% completed,  00:0:04 (hh:mm:ss) est. time remaining.
       99% completed,  00:0:03 (hh:mm:ss) est. time remaining.
       99% completed,  00:0:02 (hh:mm:ss) est. time remaining.
       99% completed,  00:0:02 (hh:mm:ss) est. time remaining.
       99% completed,  00:0:01 (hh:mm:ss) est. time remaining.
       99% completed,  00:0:01 (hh:mm:ss) est. time remaining.
       99% completed,  00:0:01 (hh:mm:ss) est. time remaining.
       99% completed,  00:0:00 (hh:mm:ss) est. time remaining.
       99% completed,  00:0:00 (hh:mm:ss) est. time remaining.
       99% completed,  00:0:00 (hh:mm:ss) est. time remaining.
       99% completed,  00:0:00 (hh:mm:ss) est. time remaining.
       99% completed,  00:0:00 (hh:mm:ss) est. time remaining.
      100% completed,  00:0:00 (hh:mm:ss) est. time remaining.
Comparison Time: 00:23:59 (hh:mm:ss) Elapsed Time, 3948 HSPs Collected
  - RECON: Running imagespread..
RECON Elapsed: 00:00:00 (hh:mm:ss) Elapsed Time
  - RECON: Running initial definition of elements ( eledef )..
RECON Elapsed: 00:00:04 (hh:mm:ss) Elapsed Time
  - RECON: Running re-definition of elements ( eleredef )..
RECON Elapsed: 00:00:10 (hh:mm:ss) Elapsed Time
  - RECON: Running re-definition of edges ( edgeredef )..
RECON Elapsed: 00:00:09 (hh:mm:ss) Elapsed Time
  - RECON: Running family definition ( famdef )..
RECON Elapsed: 00:00:00 (hh:mm:ss) Elapsed Time
  - Obtaining element sequences
Number of families returned by RECON: 699
Processing families with greater than 15 elements

Processing RECON family: 40
  - Saving 23 elements
  - Refining family-40 model...

Processing RECON family: 136
  - Saving 22 elements
  - Refining family-136 model...

Processing RECON family: 69
  - Saving 22 elements
  - Refining family-69 model...
Family Refinement: 00:26:56 (hh:mm:ss) Elapsed Time
Round Time: 00:52:01 (hh:mm:ss) Elapsed Time


RepeatModeler Round # 4
========================
Searching for Repeats
 -- Sampling from the database...
   - Gathering up to 27000000 bp
   - Sequence extraction : 00:00:02 (hh:mm:ss) Elapsed Time
 -- Running TRFMask on the sequence...
       577 Tandem Repeats Masked
   - TRFMask time 00:00:43 (hh:mm:ss) Elapsed Time
 -- Masking repeats from the previous rounds...
  - Masking 1 - 5 of 649
  - Masking 16 - 30 of 649
  - Masking 41 - 65 of 649
  - Masking 76 - 110 of 649
  - Masking 121 - 165 of 649
  - Masking 176 - 230 of 649
  - Masking 241 - 305 of 649
  - Masking 316 - 390 of 649
  - Masking 401 - 485 of 649
  - Masking 496 - 590 of 649
  - Masking 596 - 649 of 649
   - TE Masking time 00:07:55 (hh:mm:ss) Elapsed Time
 -- Sample Stats:
       Sample Size 25586306 bp
       Num Contigs Represented = 27
       Non ambiguous bp:
             Initial: 25586306 bp
             After Masking: 24971065 bp
             Masked: 2.40 % 
 -- Input Database Coverage: 37611222 bp out of 37611490 bp ( 100.00 % )
Sampling Time: 00:08:42 (hh:mm:ss) Elapsed Time
Running all-by-other comparisons...
        0% completed,  03:30:16 (hh:mm:ss) est. time remaining.
        0% completed,  01:44:53 (hh:mm:ss) est. time remaining.
        0% completed,  02:15:57 (hh:mm:ss) est. time remaining.
        1% completed,  01:47:05 (hh:mm:ss) est. time remaining.
        1% completed,  02:3:55 (hh:mm:ss) est. time remaining.
        1% completed,  01:45:41 (hh:mm:ss) est. time remaining.
        2% completed,  01:57:43 (hh:mm:ss) est. time remaining.
        2% completed,  01:44:45 (hh:mm:ss) est. time remaining.
        2% completed,  01:54:04 (hh:mm:ss) est. time remaining.
        3% completed,  01:44:00 (hh:mm:ss) est. time remaining.
        3% completed,  01:51:33 (hh:mm:ss) est. time remaining.
        3% completed,  01:43:20 (hh:mm:ss) est. time remaining.
        3% completed,  01:49:16 (hh:mm:ss) est. time remaining.
        4% completed,  01:42:21 (hh:mm:ss) est. time remaining.
        4% completed,  01:48:10 (hh:mm:ss) est. time remaining.
        4% completed,  01:42:08 (hh:mm:ss) est. time remaining.
        5% completed,  01:48:08 (hh:mm:ss) est. time remaining.
        5% completed,  01:51:05 (hh:mm:ss) est. time remaining.
        5% completed,  01:45:15 (hh:mm:ss) est. time remaining.
        6% completed,  01:49:17 (hh:mm:ss) est. time remaining.
        6% completed,  01:43:50 (hh:mm:ss) est. time remaining.
        6% completed,  01:39:21 (hh:mm:ss) est. time remaining.
        6% completed,  01:42:22 (hh:mm:ss) est. time remaining.
        7% completed,  01:38:55 (hh:mm:ss) est. time remaining.
        7% completed,  01:41:15 (hh:mm:ss) est. time remaining.
        7% completed,  01:38:06 (hh:mm:ss) est. time remaining.
        8% completed,  01:40:26 (hh:mm:ss) est. time remaining.
        8% completed,  01:37:31 (hh:mm:ss) est. time remaining.
        8% completed,  01:39:40 (hh:mm:ss) est. time remaining.
        9% completed,  01:36:57 (hh:mm:ss) est. time remaining.
        9% completed,  01:38:56 (hh:mm:ss) est. time remaining.
        9% completed,  02:8:28 (hh:mm:ss) est. time remaining.
        9% completed,  02:9:53 (hh:mm:ss) est. time remaining.
       10% completed,  02:10:09 (hh:mm:ss) est. time remaining.
       10% completed,  02:10:07 (hh:mm:ss) est. time remaining.
       10% completed,  02:9:21 (hh:mm:ss) est. time remaining.
       11% completed,  02:8:38 (hh:mm:ss) est. time remaining.
       11% completed,  02:5:17 (hh:mm:ss) est. time remaining.
       11% completed,  02:5:33 (hh:mm:ss) est. time remaining.
       11% completed,  02:7:09 (hh:mm:ss) est. time remaining.
       12% completed,  02:8:17 (hh:mm:ss) est. time remaining.
       12% completed,  02:9:28 (hh:mm:ss) est. time remaining.
       12% completed,  02:10:47 (hh:mm:ss) est. time remaining.
       13% completed,  02:11:55 (hh:mm:ss) est. time remaining.
       13% completed,  02:12:59 (hh:mm:ss) est. time remaining.
       13% completed,  02:13:33 (hh:mm:ss) est. time remaining.
       13% completed,  02:13:40 (hh:mm:ss) est. time remaining.
       14% completed,  02:13:40 (hh:mm:ss) est. time remaining.
       14% completed,  02:13:33 (hh:mm:ss) est. time remaining.
       14% completed,  02:12:02 (hh:mm:ss) est. time remaining.
       15% completed,  02:10:09 (hh:mm:ss) est. time remaining.
       15% completed,  02:9:42 (hh:mm:ss) est. time remaining.
       15% completed,  02:7:55 (hh:mm:ss) est. time remaining.
       15% completed,  02:7:25 (hh:mm:ss) est. time remaining.
       16% completed,  02:5:43 (hh:mm:ss) est. time remaining.
       16% completed,  02:5:16 (hh:mm:ss) est. time remaining.
       16% completed,  02:3:35 (hh:mm:ss) est. time remaining.
       17% completed,  02:3:19 (hh:mm:ss) est. time remaining.
       17% completed,  02:1:33 (hh:mm:ss) est. time remaining.
       17% completed,  02:1:19 (hh:mm:ss) est. time remaining.
       17% completed,  01:59:47 (hh:mm:ss) est. time remaining.
       18% completed,  01:59:34 (hh:mm:ss) est. time remaining.
       18% completed,  01:58:01 (hh:mm:ss) est. time remaining.
       18% completed,  01:57:45 (hh:mm:ss) est. time remaining.
       19% completed,  01:56:16 (hh:mm:ss) est. time remaining.
       19% completed,  01:56:10 (hh:mm:ss) est. time remaining.
       19% completed,  01:54:41 (hh:mm:ss) est. time remaining.
       19% completed,  01:54:30 (hh:mm:ss) est. time remaining.
       20% completed,  01:53:05 (hh:mm:ss) est. time remaining.
       20% completed,  01:53:03 (hh:mm:ss) est. time remaining.
       20% completed,  01:51:37 (hh:mm:ss) est. time remaining.
       20% completed,  01:51:39 (hh:mm:ss) est. time remaining.
       21% completed,  01:50:09 (hh:mm:ss) est. time remaining.
       21% completed,  01:50:41 (hh:mm:ss) est. time remaining.
       21% completed,  01:50:50 (hh:mm:ss) est. time remaining.
       22% completed,  01:51:12 (hh:mm:ss) est. time remaining.
       22% completed,  01:50:44 (hh:mm:ss) est. time remaining.
       22% completed,  01:49:04 (hh:mm:ss) est. time remaining.
       22% completed,  01:49:19 (hh:mm:ss) est. time remaining.
       23% completed,  01:47:43 (hh:mm:ss) est. time remaining.
       23% completed,  01:47:57 (hh:mm:ss) est. time remaining.
       23% completed,  01:46:24 (hh:mm:ss) est. time remaining.
       23% completed,  01:46:38 (hh:mm:ss) est. time remaining.
       24% completed,  01:45:08 (hh:mm:ss) est. time remaining.
       24% completed,  01:45:21 (hh:mm:ss) est. time remaining.
       24% completed,  01:43:57 (hh:mm:ss) est. time remaining.
       25% completed,  01:44:04 (hh:mm:ss) est. time remaining.
       25% completed,  01:42:39 (hh:mm:ss) est. time remaining.
       25% completed,  01:42:55 (hh:mm:ss) est. time remaining.
       25% completed,  01:41:30 (hh:mm:ss) est. time remaining.
       26% completed,  01:41:43 (hh:mm:ss) est. time remaining.
       26% completed,  01:40:20 (hh:mm:ss) est. time remaining.
       26% completed,  01:40:27 (hh:mm:ss) est. time remaining.
       26% completed,  01:39:22 (hh:mm:ss) est. time remaining.
       27% completed,  01:38:59 (hh:mm:ss) est. time remaining.
       27% completed,  01:38:26 (hh:mm:ss) est. time remaining.
       27% completed,  01:38:41 (hh:mm:ss) est. time remaining.
       27% completed,  01:37:26 (hh:mm:ss) est. time remaining.
       28% completed,  01:37:33 (hh:mm:ss) est. time remaining.
       28% completed,  01:36:25 (hh:mm:ss) est. time remaining.
       28% completed,  01:36:31 (hh:mm:ss) est. time remaining.
       28% completed,  01:35:23 (hh:mm:ss) est. time remaining.
       29% completed,  01:35:29 (hh:mm:ss) est. time remaining.
       29% completed,  01:34:23 (hh:mm:ss) est. time remaining.
       29% completed,  01:34:28 (hh:mm:ss) est. time remaining.
       30% completed,  01:33:21 (hh:mm:ss) est. time remaining.
       30% completed,  01:33:27 (hh:mm:ss) est. time remaining.
       30% completed,  01:32:24 (hh:mm:ss) est. time remaining.
       30% completed,  01:32:29 (hh:mm:ss) est. time remaining.
       31% completed,  01:31:27 (hh:mm:ss) est. time remaining.
       31% completed,  01:31:30 (hh:mm:ss) est. time remaining.
       31% completed,  01:30:30 (hh:mm:ss) est. time remaining.
       31% completed,  01:30:35 (hh:mm:ss) est. time remaining.
       32% completed,  01:29:34 (hh:mm:ss) est. time remaining.
       32% completed,  01:29:39 (hh:mm:ss) est. time remaining.
       32% completed,  01:28:39 (hh:mm:ss) est. time remaining.
       32% completed,  01:28:40 (hh:mm:ss) est. time remaining.
       33% completed,  01:27:47 (hh:mm:ss) est. time remaining.
       33% completed,  01:27:42 (hh:mm:ss) est. time remaining.
       33% completed,  01:26:56 (hh:mm:ss) est. time remaining.
       33% completed,  01:26:45 (hh:mm:ss) est. time remaining.
       34% completed,  01:26:06 (hh:mm:ss) est. time remaining.
       34% completed,  01:25:15 (hh:mm:ss) est. time remaining.
       34% completed,  01:24:45 (hh:mm:ss) est. time remaining.
       34% completed,  01:24:23 (hh:mm:ss) est. time remaining.
       35% completed,  01:23:50 (hh:mm:ss) est. time remaining.
       35% completed,  01:23:29 (hh:mm:ss) est. time remaining.
       35% completed,  01:22:59 (hh:mm:ss) est. time remaining.
       35% completed,  01:22:39 (hh:mm:ss) est. time remaining.
       36% completed,  01:22:11 (hh:mm:ss) est. time remaining.
       36% completed,  01:21:57 (hh:mm:ss) est. time remaining.
       36% completed,  01:21:18 (hh:mm:ss) est. time remaining.
       36% completed,  01:21:14 (hh:mm:ss) est. time remaining.
       37% completed,  01:20:34 (hh:mm:ss) est. time remaining.
       37% completed,  01:20:25 (hh:mm:ss) est. time remaining.
       37% completed,  01:19:47 (hh:mm:ss) est. time remaining.
       37% completed,  01:19:42 (hh:mm:ss) est. time remaining.
       38% completed,  01:18:58 (hh:mm:ss) est. time remaining.
       38% completed,  01:18:56 (hh:mm:ss) est. time remaining.
       38% completed,  01:18:11 (hh:mm:ss) est. time remaining.
       38% completed,  01:18:09 (hh:mm:ss) est. time remaining.
       38% completed,  01:17:27 (hh:mm:ss) est. time remaining.
       39% completed,  01:16:42 (hh:mm:ss) est. time remaining.
       39% completed,  01:16:37 (hh:mm:ss) est. time remaining.
       39% completed,  01:16:29 (hh:mm:ss) est. time remaining.
       39% completed,  01:15:48 (hh:mm:ss) est. time remaining.
       40% completed,  01:15:40 (hh:mm:ss) est. time remaining.
       40% completed,  01:15:06 (hh:mm:ss) est. time remaining.
       40% completed,  01:14:56 (hh:mm:ss) est. time remaining.
       40% completed,  01:14:23 (hh:mm:ss) est. time remaining.
       41% completed,  01:14:05 (hh:mm:ss) est. time remaining.
       41% completed,  01:13:39 (hh:mm:ss) est. time remaining.
       41% completed,  01:13:24 (hh:mm:ss) est. time remaining.
       41% completed,  01:12:57 (hh:mm:ss) est. time remaining.
       42% completed,  01:12:42 (hh:mm:ss) est. time remaining.
       42% completed,  01:12:16 (hh:mm:ss) est. time remaining.
       42% completed,  01:12:01 (hh:mm:ss) est. time remaining.
       42% completed,  01:11:34 (hh:mm:ss) est. time remaining.
       43% completed,  01:11:19 (hh:mm:ss) est. time remaining.
       43% completed,  01:10:53 (hh:mm:ss) est. time remaining.
       43% completed,  01:10:38 (hh:mm:ss) est. time remaining.
       43% completed,  01:10:13 (hh:mm:ss) est. time remaining.
       43% completed,  01:10:14 (hh:mm:ss) est. time remaining.
       44% completed,  01:9:52 (hh:mm:ss) est. time remaining.
       44% completed,  01:9:29 (hh:mm:ss) est. time remaining.
       44% completed,  01:9:10 (hh:mm:ss) est. time remaining.
       44% completed,  01:8:49 (hh:mm:ss) est. time remaining.
       45% completed,  01:8:29 (hh:mm:ss) est. time remaining.
       45% completed,  01:8:08 (hh:mm:ss) est. time remaining.
       45% completed,  01:7:50 (hh:mm:ss) est. time remaining.
       45% completed,  01:7:29 (hh:mm:ss) est. time remaining.
       46% completed,  01:7:10 (hh:mm:ss) est. time remaining.
       46% completed,  01:7:10 (hh:mm:ss) est. time remaining.
       46% completed,  01:7:06 (hh:mm:ss) est. time remaining.
       46% completed,  01:6:37 (hh:mm:ss) est. time remaining.
       46% completed,  01:6:02 (hh:mm:ss) est. time remaining.
       47% completed,  01:5:57 (hh:mm:ss) est. time remaining.
       47% completed,  01:5:24 (hh:mm:ss) est. time remaining.
       47% completed,  01:5:19 (hh:mm:ss) est. time remaining.
       47% completed,  01:4:47 (hh:mm:ss) est. time remaining.
       48% completed,  01:4:39 (hh:mm:ss) est. time remaining.
       48% completed,  01:4:08 (hh:mm:ss) est. time remaining.
       48% completed,  01:4:02 (hh:mm:ss) est. time remaining.
       48% completed,  01:3:30 (hh:mm:ss) est. time remaining.
       48% completed,  01:3:25 (hh:mm:ss) est. time remaining.
       49% completed,  01:2:53 (hh:mm:ss) est. time remaining.
       49% completed,  01:2:39 (hh:mm:ss) est. time remaining.
       49% completed,  01:2:10 (hh:mm:ss) est. time remaining.
       49% completed,  01:2:00 (hh:mm:ss) est. time remaining.
       50% completed,  01:1:36 (hh:mm:ss) est. time remaining.
       50% completed,  01:1:22 (hh:mm:ss) est. time remaining.
       50% completed,  01:0:59 (hh:mm:ss) est. time remaining.
       50% completed,  01:0:46 (hh:mm:ss) est. time remaining.
       50% completed,  01:0:23 (hh:mm:ss) est. time remaining.
       51% completed,  01:0:10 (hh:mm:ss) est. time remaining.
       51% completed,  00:59:47 (hh:mm:ss) est. time remaining.
       51% completed,  00:59:35 (hh:mm:ss) est. time remaining.
       51% completed,  00:59:11 (hh:mm:ss) est. time remaining.
       51% completed,  00:59:00 (hh:mm:ss) est. time remaining.
       52% completed,  00:58:36 (hh:mm:ss) est. time remaining.
       52% completed,  00:58:26 (hh:mm:ss) est. time remaining.
       52% completed,  00:58:00 (hh:mm:ss) est. time remaining.
       52% completed,  00:57:50 (hh:mm:ss) est. time remaining.
       53% completed,  00:57:26 (hh:mm:ss) est. time remaining.
       53% completed,  00:57:17 (hh:mm:ss) est. time remaining.
       53% completed,  00:56:51 (hh:mm:ss) est. time remaining.
       53% completed,  00:56:43 (hh:mm:ss) est. time remaining.
       53% completed,  00:56:16 (hh:mm:ss) est. time remaining.
       54% completed,  00:56:08 (hh:mm:ss) est. time remaining.
       54% completed,  00:55:40 (hh:mm:ss) est. time remaining.
       54% completed,  00:55:32 (hh:mm:ss) est. time remaining.
       54% completed,  00:55:07 (hh:mm:ss) est. time remaining.
       54% completed,  00:54:57 (hh:mm:ss) est. time remaining.
       55% completed,  00:54:31 (hh:mm:ss) est. time remaining.
       55% completed,  00:54:23 (hh:mm:ss) est. time remaining.
       55% completed,  00:53:58 (hh:mm:ss) est. time remaining.
       55% completed,  00:53:53 (hh:mm:ss) est. time remaining.
       55% completed,  00:53:27 (hh:mm:ss) est. time remaining.
       56% completed,  00:53:18 (hh:mm:ss) est. time remaining.
       56% completed,  00:52:54 (hh:mm:ss) est. time remaining.
       56% completed,  00:52:47 (hh:mm:ss) est. time remaining.
       56% completed,  00:52:22 (hh:mm:ss) est. time remaining.
       56% completed,  00:52:14 (hh:mm:ss) est. time remaining.
       57% completed,  00:51:51 (hh:mm:ss) est. time remaining.
       57% completed,  00:51:39 (hh:mm:ss) est. time remaining.
       57% completed,  00:51:21 (hh:mm:ss) est. time remaining.
       57% completed,  00:51:08 (hh:mm:ss) est. time remaining.
       57% completed,  00:50:49 (hh:mm:ss) est. time remaining.
       58% completed,  00:50:35 (hh:mm:ss) est. time remaining.
       58% completed,  00:50:28 (hh:mm:ss) est. time remaining.
       58% completed,  00:50:08 (hh:mm:ss) est. time remaining.
       58% completed,  00:49:55 (hh:mm:ss) est. time remaining.
       58% completed,  00:49:38 (hh:mm:ss) est. time remaining.
       59% completed,  00:49:23 (hh:mm:ss) est. time remaining.
       59% completed,  00:49:07 (hh:mm:ss) est. time remaining.
       59% completed,  00:48:53 (hh:mm:ss) est. time remaining.
       59% completed,  00:48:36 (hh:mm:ss) est. time remaining.
       59% completed,  00:48:23 (hh:mm:ss) est. time remaining.
       60% completed,  00:48:06 (hh:mm:ss) est. time remaining.
       60% completed,  00:47:53 (hh:mm:ss) est. time remaining.
       60% completed,  00:47:35 (hh:mm:ss) est. time remaining.
       60% completed,  00:47:23 (hh:mm:ss) est. time remaining.
       60% completed,  00:47:06 (hh:mm:ss) est. time remaining.
       61% completed,  00:46:54 (hh:mm:ss) est. time remaining.
       61% completed,  00:46:36 (hh:mm:ss) est. time remaining.
       61% completed,  00:46:25 (hh:mm:ss) est. time remaining.
       61% completed,  00:46:06 (hh:mm:ss) est. time remaining.
       61% completed,  00:45:56 (hh:mm:ss) est. time remaining.
       62% completed,  00:45:37 (hh:mm:ss) est. time remaining.
       62% completed,  00:45:27 (hh:mm:ss) est. time remaining.
       62% completed,  00:45:08 (hh:mm:ss) est. time remaining.
       62% completed,  00:44:57 (hh:mm:ss) est. time remaining.
       62% completed,  00:44:39 (hh:mm:ss) est. time remaining.
       62% completed,  00:44:28 (hh:mm:ss) est. time remaining.
       63% completed,  00:44:10 (hh:mm:ss) est. time remaining.
       63% completed,  00:44:00 (hh:mm:ss) est. time remaining.
       63% completed,  00:43:41 (hh:mm:ss) est. time remaining.
       63% completed,  00:43:29 (hh:mm:ss) est. time remaining.
       63% completed,  00:43:14 (hh:mm:ss) est. time remaining.
       64% completed,  00:43:01 (hh:mm:ss) est. time remaining.
       64% completed,  00:42:46 (hh:mm:ss) est. time remaining.
       64% completed,  00:42:28 (hh:mm:ss) est. time remaining.
       64% completed,  00:42:18 (hh:mm:ss) est. time remaining.
       64% completed,  00:42:01 (hh:mm:ss) est. time remaining.
       65% completed,  00:41:50 (hh:mm:ss) est. time remaining.
       65% completed,  00:41:42 (hh:mm:ss) est. time remaining.
       65% completed,  00:41:40 (hh:mm:ss) est. time remaining.
       65% completed,  00:41:20 (hh:mm:ss) est. time remaining.
       65% completed,  00:41:12 (hh:mm:ss) est. time remaining.
       65% completed,  00:40:52 (hh:mm:ss) est. time remaining.
       66% completed,  00:40:44 (hh:mm:ss) est. time remaining.
       66% completed,  00:40:25 (hh:mm:ss) est. time remaining.
       66% completed,  00:40:16 (hh:mm:ss) est. time remaining.
       66% completed,  00:39:58 (hh:mm:ss) est. time remaining.
       66% completed,  00:39:51 (hh:mm:ss) est. time remaining.
       67% completed,  00:39:44 (hh:mm:ss) est. time remaining.
       67% completed,  00:39:35 (hh:mm:ss) est. time remaining.
       67% completed,  00:39:20 (hh:mm:ss) est. time remaining.
       67% completed,  00:39:05 (hh:mm:ss) est. time remaining.
       67% completed,  00:38:54 (hh:mm:ss) est. time remaining.
       67% completed,  00:38:38 (hh:mm:ss) est. time remaining.
       68% completed,  00:38:27 (hh:mm:ss) est. time remaining.
       68% completed,  00:38:12 (hh:mm:ss) est. time remaining.
       68% completed,  00:38:01 (hh:mm:ss) est. time remaining.
       68% completed,  00:37:45 (hh:mm:ss) est. time remaining.
       68% completed,  00:37:34 (hh:mm:ss) est. time remaining.
       68% completed,  00:37:21 (hh:mm:ss) est. time remaining.
       69% completed,  00:37:04 (hh:mm:ss) est. time remaining.
       69% completed,  00:36:54 (hh:mm:ss) est. time remaining.
       69% completed,  00:36:37 (hh:mm:ss) est. time remaining.
       69% completed,  00:36:28 (hh:mm:ss) est. time remaining.
       69% completed,  00:36:11 (hh:mm:ss) est. time remaining.
       69% completed,  00:36:03 (hh:mm:ss) est. time remaining.
       70% completed,  00:35:47 (hh:mm:ss) est. time remaining.
       70% completed,  00:35:37 (hh:mm:ss) est. time remaining.
       70% completed,  00:35:21 (hh:mm:ss) est. time remaining.
       70% completed,  00:35:12 (hh:mm:ss) est. time remaining.
       70% completed,  00:34:56 (hh:mm:ss) est. time remaining.
       70% completed,  00:34:48 (hh:mm:ss) est. time remaining.
       71% completed,  00:34:31 (hh:mm:ss) est. time remaining.
       71% completed,  00:34:23 (hh:mm:ss) est. time remaining.
       71% completed,  00:34:06 (hh:mm:ss) est. time remaining.
       71% completed,  00:33:58 (hh:mm:ss) est. time remaining.
       71% completed,  00:33:42 (hh:mm:ss) est. time remaining.
       71% completed,  00:33:34 (hh:mm:ss) est. time remaining.
       72% completed,  00:33:18 (hh:mm:ss) est. time remaining.
       72% completed,  00:33:09 (hh:mm:ss) est. time remaining.
       72% completed,  00:32:54 (hh:mm:ss) est. time remaining.
       72% completed,  00:32:45 (hh:mm:ss) est. time remaining.
       72% completed,  00:32:30 (hh:mm:ss) est. time remaining.
       72% completed,  00:32:22 (hh:mm:ss) est. time remaining.
       73% completed,  00:32:14 (hh:mm:ss) est. time remaining.
       73% completed,  00:32:05 (hh:mm:ss) est. time remaining.
       73% completed,  00:31:55 (hh:mm:ss) est. time remaining.
       73% completed,  00:31:42 (hh:mm:ss) est. time remaining.
       73% completed,  00:31:26 (hh:mm:ss) est. time remaining.
       73% completed,  00:31:17 (hh:mm:ss) est. time remaining.
       74% completed,  00:31:03 (hh:mm:ss) est. time remaining.
       74% completed,  00:30:54 (hh:mm:ss) est. time remaining.
       74% completed,  00:30:43 (hh:mm:ss) est. time remaining.
       74% completed,  00:30:35 (hh:mm:ss) est. time remaining.
       74% completed,  00:30:26 (hh:mm:ss) est. time remaining.
       74% completed,  00:30:16 (hh:mm:ss) est. time remaining.
       74% completed,  00:30:02 (hh:mm:ss) est. time remaining.
       75% completed,  00:29:51 (hh:mm:ss) est. time remaining.
       75% completed,  00:29:40 (hh:mm:ss) est. time remaining.
       75% completed,  00:29:27 (hh:mm:ss) est. time remaining.
       75% completed,  00:29:17 (hh:mm:ss) est. time remaining.
       75% completed,  00:29:04 (hh:mm:ss) est. time remaining.
       75% completed,  00:28:54 (hh:mm:ss) est. time remaining.
       76% completed,  00:28:42 (hh:mm:ss) est. time remaining.
       76% completed,  00:28:32 (hh:mm:ss) est. time remaining.
       76% completed,  00:28:20 (hh:mm:ss) est. time remaining.
       76% completed,  00:28:10 (hh:mm:ss) est. time remaining.
       76% completed,  00:27:57 (hh:mm:ss) est. time remaining.
       76% completed,  00:27:48 (hh:mm:ss) est. time remaining.
       76% completed,  00:27:34 (hh:mm:ss) est. time remaining.
       77% completed,  00:27:26 (hh:mm:ss) est. time remaining.
       77% completed,  00:27:13 (hh:mm:ss) est. time remaining.
       77% completed,  00:27:05 (hh:mm:ss) est. time remaining.
       77% completed,  00:26:51 (hh:mm:ss) est. time remaining.
       77% completed,  00:26:43 (hh:mm:ss) est. time remaining.
       77% completed,  00:26:30 (hh:mm:ss) est. time remaining.
       77% completed,  00:26:21 (hh:mm:ss) est. time remaining.
       78% completed,  00:26:08 (hh:mm:ss) est. time remaining.
       78% completed,  00:26:00 (hh:mm:ss) est. time remaining.
       78% completed,  00:25:47 (hh:mm:ss) est. time remaining.
       78% completed,  00:25:40 (hh:mm:ss) est. time remaining.
       78% completed,  00:25:33 (hh:mm:ss) est. time remaining.
       78% completed,  00:25:23 (hh:mm:ss) est. time remaining.
       78% completed,  00:25:11 (hh:mm:ss) est. time remaining.
       79% completed,  00:25:02 (hh:mm:ss) est. time remaining.
       79% completed,  00:24:50 (hh:mm:ss) est. time remaining.
       79% completed,  00:24:41 (hh:mm:ss) est. time remaining.
       79% completed,  00:24:29 (hh:mm:ss) est. time remaining.
       79% completed,  00:24:21 (hh:mm:ss) est. time remaining.
       79% completed,  00:24:09 (hh:mm:ss) est. time remaining.
       79% completed,  00:24:01 (hh:mm:ss) est. time remaining.
       80% completed,  00:23:49 (hh:mm:ss) est. time remaining.
       80% completed,  00:23:41 (hh:mm:ss) est. time remaining.
       80% completed,  00:23:29 (hh:mm:ss) est. time remaining.
       80% completed,  00:23:20 (hh:mm:ss) est. time remaining.
       80% completed,  00:23:08 (hh:mm:ss) est. time remaining.
       80% completed,  00:22:59 (hh:mm:ss) est. time remaining.
       80% completed,  00:22:49 (hh:mm:ss) est. time remaining.
       81% completed,  00:22:40 (hh:mm:ss) est. time remaining.
       81% completed,  00:22:29 (hh:mm:ss) est. time remaining.
       81% completed,  00:22:21 (hh:mm:ss) est. time remaining.
       81% completed,  00:22:10 (hh:mm:ss) est. time remaining.
       81% completed,  00:22:01 (hh:mm:ss) est. time remaining.
       81% completed,  00:21:50 (hh:mm:ss) est. time remaining.
       81% completed,  00:21:41 (hh:mm:ss) est. time remaining.
       81% completed,  00:21:31 (hh:mm:ss) est. time remaining.
       82% completed,  00:21:22 (hh:mm:ss) est. time remaining.
       82% completed,  00:21:12 (hh:mm:ss) est. time remaining.
       82% completed,  00:21:03 (hh:mm:ss) est. time remaining.
       82% completed,  00:20:53 (hh:mm:ss) est. time remaining.
       82% completed,  00:20:44 (hh:mm:ss) est. time remaining.
       82% completed,  00:20:35 (hh:mm:ss) est. time remaining.
       82% completed,  00:20:24 (hh:mm:ss) est. time remaining.
       82% completed,  00:20:16 (hh:mm:ss) est. time remaining.
       83% completed,  00:20:06 (hh:mm:ss) est. time remaining.
       83% completed,  00:19:58 (hh:mm:ss) est. time remaining.
       83% completed,  00:19:47 (hh:mm:ss) est. time remaining.
       83% completed,  00:19:39 (hh:mm:ss) est. time remaining.
       83% completed,  00:19:29 (hh:mm:ss) est. time remaining.
       83% completed,  00:19:21 (hh:mm:ss) est. time remaining.
       83% completed,  00:19:11 (hh:mm:ss) est. time remaining.
       83% completed,  00:19:03 (hh:mm:ss) est. time remaining.
       84% completed,  00:18:53 (hh:mm:ss) est. time remaining.
       84% completed,  00:18:45 (hh:mm:ss) est. time remaining.
       84% completed,  00:18:36 (hh:mm:ss) est. time remaining.
       84% completed,  00:18:26 (hh:mm:ss) est. time remaining.
       84% completed,  00:18:20 (hh:mm:ss) est. time remaining.
       84% completed,  00:18:13 (hh:mm:ss) est. time remaining.
       84% completed,  00:18:05 (hh:mm:ss) est. time remaining.
       84% completed,  00:17:57 (hh:mm:ss) est. time remaining.
       85% completed,  00:17:49 (hh:mm:ss) est. time remaining.
       85% completed,  00:17:39 (hh:mm:ss) est. time remaining.
       85% completed,  00:17:30 (hh:mm:ss) est. time remaining.
       85% completed,  00:17:22 (hh:mm:ss) est. time remaining.
       85% completed,  00:17:13 (hh:mm:ss) est. time remaining.
       85% completed,  00:17:05 (hh:mm:ss) est. time remaining.
       85% completed,  00:16:56 (hh:mm:ss) est. time remaining.
       85% completed,  00:16:48 (hh:mm:ss) est. time remaining.
       86% completed,  00:16:39 (hh:mm:ss) est. time remaining.
       86% completed,  00:16:31 (hh:mm:ss) est. time remaining.
       86% completed,  00:16:23 (hh:mm:ss) est. time remaining.
       86% completed,  00:16:14 (hh:mm:ss) est. time remaining.
       86% completed,  00:16:06 (hh:mm:ss) est. time remaining.
       86% completed,  00:15:58 (hh:mm:ss) est. time remaining.
       86% completed,  00:15:50 (hh:mm:ss) est. time remaining.
       86% completed,  00:15:41 (hh:mm:ss) est. time remaining.
       86% completed,  00:15:34 (hh:mm:ss) est. time remaining.
       87% completed,  00:15:25 (hh:mm:ss) est. time remaining.
       87% completed,  00:15:18 (hh:mm:ss) est. time remaining.
       87% completed,  00:15:09 (hh:mm:ss) est. time remaining.
       87% completed,  00:15:02 (hh:mm:ss) est. time remaining.
       87% completed,  00:14:53 (hh:mm:ss) est. time remaining.
       87% completed,  00:14:46 (hh:mm:ss) est. time remaining.
       87% completed,  00:14:37 (hh:mm:ss) est. time remaining.
       87% completed,  00:14:30 (hh:mm:ss) est. time remaining.
       87% completed,  00:14:22 (hh:mm:ss) est. time remaining.
       88% completed,  00:14:14 (hh:mm:ss) est. time remaining.
       88% completed,  00:14:07 (hh:mm:ss) est. time remaining.
       88% completed,  00:13:59 (hh:mm:ss) est. time remaining.
       88% completed,  00:13:52 (hh:mm:ss) est. time remaining.
       88% completed,  00:13:44 (hh:mm:ss) est. time remaining.
       88% completed,  00:13:36 (hh:mm:ss) est. time remaining.
       88% completed,  00:13:29 (hh:mm:ss) est. time remaining.
       88% completed,  00:13:21 (hh:mm:ss) est. time remaining.
       88% completed,  00:13:13 (hh:mm:ss) est. time remaining.
       88% completed,  00:13:07 (hh:mm:ss) est. time remaining.
       89% completed,  00:12:59 (hh:mm:ss) est. time remaining.
       89% completed,  00:12:52 (hh:mm:ss) est. time remaining.
       89% completed,  00:12:44 (hh:mm:ss) est. time remaining.
       89% completed,  00:12:37 (hh:mm:ss) est. time remaining.
       89% completed,  00:12:30 (hh:mm:ss) est. time remaining.
       89% completed,  00:12:23 (hh:mm:ss) est. time remaining.
       89% completed,  00:12:16 (hh:mm:ss) est. time remaining.
       89% completed,  00:12:08 (hh:mm:ss) est. time remaining.
       89% completed,  00:12:02 (hh:mm:ss) est. time remaining.
       89% completed,  00:11:54 (hh:mm:ss) est. time remaining.
       90% completed,  00:11:48 (hh:mm:ss) est. time remaining.
       90% completed,  00:11:40 (hh:mm:ss) est. time remaining.
       90% completed,  00:11:32 (hh:mm:ss) est. time remaining.
       90% completed,  00:11:26 (hh:mm:ss) est. time remaining.
       90% completed,  00:11:19 (hh:mm:ss) est. time remaining.
       90% completed,  00:11:12 (hh:mm:ss) est. time remaining.
       90% completed,  00:11:05 (hh:mm:ss) est. time remaining.
       90% completed,  00:10:59 (hh:mm:ss) est. time remaining.
       90% completed,  00:10:52 (hh:mm:ss) est. time remaining.
       90% completed,  00:10:45 (hh:mm:ss) est. time remaining.
       91% completed,  00:10:38 (hh:mm:ss) est. time remaining.
       91% completed,  00:10:32 (hh:mm:ss) est. time remaining.
       91% completed,  00:10:25 (hh:mm:ss) est. time remaining.
       91% completed,  00:10:19 (hh:mm:ss) est. time remaining.
       91% completed,  00:10:12 (hh:mm:ss) est. time remaining.
       91% completed,  00:10:06 (hh:mm:ss) est. time remaining.
       91% completed,  00:9:59 (hh:mm:ss) est. time remaining.
       91% completed,  00:9:53 (hh:mm:ss) est. time remaining.
       91% completed,  00:9:46 (hh:mm:ss) est. time remaining.
       91% completed,  00:9:41 (hh:mm:ss) est. time remaining.
       91% completed,  00:9:34 (hh:mm:ss) est. time remaining.
       91% completed,  00:9:28 (hh:mm:ss) est. time remaining.
       92% completed,  00:9:21 (hh:mm:ss) est. time remaining.
       92% completed,  00:9:15 (hh:mm:ss) est. time remaining.
       92% completed,  00:9:09 (hh:mm:ss) est. time remaining.
       92% completed,  00:9:03 (hh:mm:ss) est. time remaining.
       92% completed,  00:8:57 (hh:mm:ss) est. time remaining.
       92% completed,  00:8:51 (hh:mm:ss) est. time remaining.
       92% completed,  00:8:45 (hh:mm:ss) est. time remaining.
       92% completed,  00:8:39 (hh:mm:ss) est. time remaining.
       92% completed,  00:8:33 (hh:mm:ss) est. time remaining.
       92% completed,  00:8:27 (hh:mm:ss) est. time remaining.
       92% completed,  00:8:21 (hh:mm:ss) est. time remaining.
       93% completed,  00:8:15 (hh:mm:ss) est. time remaining.
       93% completed,  00:8:10 (hh:mm:ss) est. time remaining.
       93% completed,  00:8:04 (hh:mm:ss) est. time remaining.
       93% completed,  00:7:59 (hh:mm:ss) est. time remaining.
       93% completed,  00:7:53 (hh:mm:ss) est. time remaining.
       93% completed,  00:7:47 (hh:mm:ss) est. time remaining.
       93% completed,  00:7:42 (hh:mm:ss) est. time remaining.
       93% completed,  00:7:36 (hh:mm:ss) est. time remaining.
       93% completed,  00:7:31 (hh:mm:ss) est. time remaining.
       93% completed,  00:7:25 (hh:mm:ss) est. time remaining.
       93% completed,  00:7:20 (hh:mm:ss) est. time remaining.
       93% completed,  00:7:14 (hh:mm:ss) est. time remaining.
       93% completed,  00:7:09 (hh:mm:ss) est. time remaining.
       94% completed,  00:7:03 (hh:mm:ss) est. time remaining.
       94% completed,  00:6:58 (hh:mm:ss) est. time remaining.
       94% completed,  00:6:53 (hh:mm:ss) est. time remaining.
       94% completed,  00:6:47 (hh:mm:ss) est. time remaining.
       94% completed,  00:6:42 (hh:mm:ss) est. time remaining.
       94% completed,  00:6:37 (hh:mm:ss) est. time remaining.
       94% completed,  00:6:32 (hh:mm:ss) est. time remaining.
       94% completed,  00:6:26 (hh:mm:ss) est. time remaining.
       94% completed,  00:6:22 (hh:mm:ss) est. time remaining.
       94% completed,  00:6:16 (hh:mm:ss) est. time remaining.
       94% completed,  00:6:11 (hh:mm:ss) est. time remaining.
       94% completed,  00:6:06 (hh:mm:ss) est. time remaining.
       94% completed,  00:6:01 (hh:mm:ss) est. time remaining.
       94% completed,  00:5:56 (hh:mm:ss) est. time remaining.
       95% completed,  00:5:51 (hh:mm:ss) est. time remaining.
       95% completed,  00:5:46 (hh:mm:ss) est. time remaining.
       95% completed,  00:5:42 (hh:mm:ss) est. time remaining.
       95% completed,  00:5:37 (hh:mm:ss) est. time remaining.
       95% completed,  00:5:32 (hh:mm:ss) est. time remaining.
       95% completed,  00:5:27 (hh:mm:ss) est. time remaining.
       95% completed,  00:5:23 (hh:mm:ss) est. time remaining.
       95% completed,  00:5:18 (hh:mm:ss) est. time remaining.
       95% completed,  00:5:13 (hh:mm:ss) est. time remaining.
       95% completed,  00:5:09 (hh:mm:ss) est. time remaining.
       95% completed,  00:5:04 (hh:mm:ss) est. time remaining.
       95% completed,  00:4:59 (hh:mm:ss) est. time remaining.
       95% completed,  00:4:55 (hh:mm:ss) est. time remaining.
       95% completed,  00:4:50 (hh:mm:ss) est. time remaining.
       95% completed,  00:4:46 (hh:mm:ss) est. time remaining.
       96% completed,  00:4:42 (hh:mm:ss) est. time remaining.
       96% completed,  00:4:37 (hh:mm:ss) est. time remaining.
       96% completed,  00:4:33 (hh:mm:ss) est. time remaining.
       96% completed,  00:4:29 (hh:mm:ss) est. time remaining.
       96% completed,  00:4:24 (hh:mm:ss) est. time remaining.
       96% completed,  00:4:20 (hh:mm:ss) est. time remaining.
       96% completed,  00:4:16 (hh:mm:ss) est. time remaining.
       96% completed,  00:4:12 (hh:mm:ss) est. time remaining.
       96% completed,  00:4:08 (hh:mm:ss) est. time remaining.
       96% completed,  00:4:04 (hh:mm:ss) est. time remaining.
       96% completed,  00:4:00 (hh:mm:ss) est. time remaining.
       96% completed,  00:3:56 (hh:mm:ss) est. time remaining.
       96% completed,  00:3:52 (hh:mm:ss) est. time remaining.
       96% completed,  00:3:48 (hh:mm:ss) est. time remaining.
       96% completed,  00:3:44 (hh:mm:ss) est. time remaining.
       96% completed,  00:3:40 (hh:mm:ss) est. time remaining.
       96% completed,  00:3:36 (hh:mm:ss) est. time remaining.
       96% completed,  00:3:32 (hh:mm:ss) est. time remaining.
       97% completed,  00:3:28 (hh:mm:ss) est. time remaining.
       97% completed,  00:3:25 (hh:mm:ss) est. time remaining.
       97% completed,  00:3:21 (hh:mm:ss) est. time remaining.
       97% completed,  00:3:17 (hh:mm:ss) est. time remaining.
       97% completed,  00:3:14 (hh:mm:ss) est. time remaining.
       97% completed,  00:3:10 (hh:mm:ss) est. time remaining.
       97% completed,  00:3:07 (hh:mm:ss) est. time remaining.
       97% completed,  00:3:03 (hh:mm:ss) est. time remaining.
       97% completed,  00:2:59 (hh:mm:ss) est. time remaining.
       97% completed,  00:2:56 (hh:mm:ss) est. time remaining.
       97% completed,  00:2:53 (hh:mm:ss) est. time remaining.
       97% completed,  00:2:49 (hh:mm:ss) est. time remaining.
       97% completed,  00:2:46 (hh:mm:ss) est. time remaining.
       97% completed,  00:2:42 (hh:mm:ss) est. time remaining.
       97% completed,  00:2:39 (hh:mm:ss) est. time remaining.
       97% completed,  00:2:36 (hh:mm:ss) est. time remaining.
       97% completed,  00:2:33 (hh:mm:ss) est. time remaining.
       97% completed,  00:2:29 (hh:mm:ss) est. time remaining.
       97% completed,  00:2:26 (hh:mm:ss) est. time remaining.
       97% completed,  00:2:23 (hh:mm:ss) est. time remaining.
       98% completed,  00:2:20 (hh:mm:ss) est. time remaining.
       98% completed,  00:2:17 (hh:mm:ss) est. time remaining.
       98% completed,  00:2:14 (hh:mm:ss) est. time remaining.
       98% completed,  00:2:11 (hh:mm:ss) est. time remaining.
       98% completed,  00:2:08 (hh:mm:ss) est. time remaining.
       98% completed,  00:2:05 (hh:mm:ss) est. time remaining.
       98% completed,  00:2:02 (hh:mm:ss) est. time remaining.
       98% completed,  00:1:59 (hh:mm:ss) est. time remaining.
       98% completed,  00:1:56 (hh:mm:ss) est. time remaining.
       98% completed,  00:1:54 (hh:mm:ss) est. time remaining.
       98% completed,  00:1:51 (hh:mm:ss) est. time remaining.
       98% completed,  00:1:48 (hh:mm:ss) est. time remaining.
       98% completed,  00:1:46 (hh:mm:ss) est. time remaining.
       98% completed,  00:1:43 (hh:mm:ss) est. time remaining.
       98% completed,  00:1:40 (hh:mm:ss) est. time remaining.
       98% completed,  00:1:38 (hh:mm:ss) est. time remaining.
       98% completed,  00:1:35 (hh:mm:ss) est. time remaining.
       98% completed,  00:1:33 (hh:mm:ss) est. time remaining.
       98% completed,  00:1:30 (hh:mm:ss) est. time remaining.
       98% completed,  00:1:28 (hh:mm:ss) est. time remaining.
       98% completed,  00:1:25 (hh:mm:ss) est. time remaining.
       98% completed,  00:1:23 (hh:mm:ss) est. time remaining.
       98% completed,  00:1:21 (hh:mm:ss) est. time remaining.
       98% completed,  00:1:18 (hh:mm:ss) est. time remaining.
       98% completed,  00:1:16 (hh:mm:ss) est. time remaining.
       98% completed,  00:1:14 (hh:mm:ss) est. time remaining.
       98% completed,  00:1:11 (hh:mm:ss) est. time remaining.
       99% completed,  00:1:09 (hh:mm:ss) est. time remaining.
       99% completed,  00:1:07 (hh:mm:ss) est. time remaining.
       99% completed,  00:1:05 (hh:mm:ss) est. time remaining.
       99% completed,  00:1:03 (hh:mm:ss) est. time remaining.
       99% completed,  00:1:01 (hh:mm:ss) est. time remaining.
       99% completed,  00:0:59 (hh:mm:ss) est. time remaining.
       99% completed,  00:0:57 (hh:mm:ss) est. time remaining.
       99% completed,  00:0:55 (hh:mm:ss) est. time remaining.
       99% completed,  00:0:53 (hh:mm:ss) est. time remaining.
       99% completed,  00:0:51 (hh:mm:ss) est. time remaining.
       99% completed,  00:0:49 (hh:mm:ss) est. time remaining.
       99% completed,  00:0:48 (hh:mm:ss) est. time remaining.
       99% completed,  00:0:46 (hh:mm:ss) est. time remaining.
       99% completed,  00:0:44 (hh:mm:ss) est. time remaining.
       99% completed,  00:0:42 (hh:mm:ss) est. time remaining.
       99% completed,  00:0:41 (hh:mm:ss) est. time remaining.
       99% completed,  00:0:39 (hh:mm:ss) est. time remaining.
       99% completed,  00:0:37 (hh:mm:ss) est. time remaining.
       99% completed,  00:0:36 (hh:mm:ss) est. time remaining.
       99% completed,  00:0:34 (hh:mm:ss) est. time remaining.
       99% completed,  00:0:33 (hh:mm:ss) est. time remaining.
       99% completed,  00:0:31 (hh:mm:ss) est. time remaining.
       99% completed,  00:0:30 (hh:mm:ss) est. time remaining.
       99% completed,  00:0:28 (hh:mm:ss) est. time remaining.
       99% completed,  00:0:27 (hh:mm:ss) est. time remaining.
       99% completed,  00:0:26 (hh:mm:ss) est. time remaining.
       99% completed,  00:0:24 (hh:mm:ss) est. time remaining.
       99% completed,  00:0:23 (hh:mm:ss) est. time remaining.
       99% completed,  00:0:22 (hh:mm:ss) est. time remaining.
       99% completed,  00:0:21 (hh:mm:ss) est. time remaining.
       99% completed,  00:0:19 (hh:mm:ss) est. time remaining.
       99% completed,  00:0:18 (hh:mm:ss) est. time remaining.
       99% completed,  00:0:17 (hh:mm:ss) est. time remaining.
       99% completed,  00:0:16 (hh:mm:ss) est. time remaining.
       99% completed,  00:0:15 (hh:mm:ss) est. time remaining.
       99% completed,  00:0:14 (hh:mm:ss) est. time remaining.
       99% completed,  00:0:13 (hh:mm:ss) est. time remaining.
       99% completed,  00:0:12 (hh:mm:ss) est. time remaining.
       99% completed,  00:0:11 (hh:mm:ss) est. time remaining.
       99% completed,  00:0:10 (hh:mm:ss) est. time remaining.
       99% completed,  00:0:10 (hh:mm:ss) est. time remaining.
       99% completed,  00:0:09 (hh:mm:ss) est. time remaining.
       99% completed,  00:0:08 (hh:mm:ss) est. time remaining.
       99% completed,  00:0:07 (hh:mm:ss) est. time remaining.
       99% completed,  00:0:07 (hh:mm:ss) est. time remaining.
       99% completed,  00:0:06 (hh:mm:ss) est. time remaining.
       99% completed,  00:0:05 (hh:mm:ss) est. time remaining.
       99% completed,  00:0:05 (hh:mm:ss) est. time remaining.
       99% completed,  00:0:04 (hh:mm:ss) est. time remaining.
       99% completed,  00:0:04 (hh:mm:ss) est. time remaining.
       99% completed,  00:0:03 (hh:mm:ss) est. time remaining.
       99% completed,  00:0:03 (hh:mm:ss) est. time remaining.
       99% completed,  00:0:02 (hh:mm:ss) est. time remaining.
       99% completed,  00:0:02 (hh:mm:ss) est. time remaining.
       99% completed,  00:0:01 (hh:mm:ss) est. time remaining.
       99% completed,  00:0:01 (hh:mm:ss) est. time remaining.
       99% completed,  00:0:01 (hh:mm:ss) est. time remaining.
       99% completed,  00:0:00 (hh:mm:ss) est. time remaining.
       99% completed,  00:0:00 (hh:mm:ss) est. time remaining.
       99% completed,  00:0:00 (hh:mm:ss) est. time remaining.
       99% completed,  00:0:00 (hh:mm:ss) est. time remaining.
       99% completed,  00:0:00 (hh:mm:ss) est. time remaining.
       99% completed,  00:0:00 (hh:mm:ss) est. time remaining.
       99% completed,  00:0:00 (hh:mm:ss) est. time remaining.
      100% completed,  00:0:00 (hh:mm:ss) est. time remaining.
Comparison Time: 01:57:36 (hh:mm:ss) Elapsed Time, 15589 HSPs Collected
  - RECON: Running imagespread..
RECON Elapsed: 00:00:00 (hh:mm:ss) Elapsed Time
  - RECON: Running initial definition of elements ( eledef )..
RECON Elapsed: 00:00:20 (hh:mm:ss) Elapsed Time
  - RECON: Running re-definition of elements ( eleredef )..
RECON Elapsed: 00:00:45 (hh:mm:ss) Elapsed Time
  - RECON: Running re-definition of edges ( edgeredef )..
RECON Elapsed: 00:01:04 (hh:mm:ss) Elapsed Time
  - RECON: Running family definition ( famdef )..
RECON Elapsed: 00:00:04 (hh:mm:ss) Elapsed Time
  - Obtaining element sequences
Number of families returned by RECON: 3331
Processing families with greater than 15 elements

Processing RECON family: 172
  - Saving 84 elements
  - Refining family-172 model...

Processing RECON family: 724
  - Saving 42 elements
  - Refining family-724 model...

Processing RECON family: 335
  - Saving 42 elements
  - Refining family-335 model...

Processing RECON family: 78
  - Saving 24 elements
  - Refining family-78 model...

Processing RECON family: 769
  - Saving 22 elements
  - Refining family-769 model...

Processing RECON family: 781
  - Saving 21 elements
  - Refining family-781 model...

Processing RECON family: 1832
  - Saving 20 elements
  - Refining family-1832 model...

Processing RECON family: 142
  - Saving 20 elements
  - Refining family-142 model...

Processing RECON family: 1196
  - Saving 19 elements
  - Refining family-1196 model...

Processing RECON family: 259
  - Saving 18 elements
  - Refining family-259 model...

Processing RECON family: 131
  - Saving 18 elements
  - Refining family-131 model...

Processing RECON family: 448
  - Saving 17 elements
  - Refining family-448 model...

Processing RECON family: 164
  - Saving 17 elements
  - Refining family-164 model...

Processing RECON family: 114
  - Saving 16 elements
  - Refining family-114 model...

Processing RECON family: 467
  - Saving 16 elements
  - Refining family-467 model...

Processing RECON family: 1485
  - Saving 16 elements
  - Refining family-1485 model...
Family Refinement: 00:18:20 (hh:mm:ss) Elapsed Time
Round Time: 02:27:33 (hh:mm:ss) Elapsed Time

RepeatScout/RECON discovery complete: 65 families found


RepeatClassifier Version 2.0.1
======================================
Search Engine = rmblast
  - Looking for Simple and Low Complexity sequences..
  - Looking for similarity to known repeat proteins..
Missing /hpc/group/vilgalyslab/yk158/miniconda3/envs/repeatmasker/share/RepeatMasker/Libraries/RepeatMasker.lib.nsq!
Please rerun the configure program in the RepeatModeler directory
before running this script.
  - Looking for similarity to known repeat consensi..
Classification Time: 00:01:17 (hh:mm:ss) Elapsed Time


Program Time: 03:47:18 (hh:mm:ss) Elapsed Time
Working directory:  /work/yk158/pmiEndo/repeatmodeler/RM_36861.TueAug181846022020
may be deleted unless there were problems with the run.

The results have been saved to:
  Talpro1-families.fa  - Consensus sequences for each family identified.
  Talpro1-families.stk - Seed alignments for each family identified.

The RepeatModeler stockholm file is formatted so that it can
easily be submitted to the Dfam database.  Please consider contributing
curated families to this open database and be a part of this growing
community resource.  For more information contact help@dfam.org.


