RepeatModeler Version 2.0.1
===========================
Search Engine = rmblast 2.9.0+
Dependencies: TRF 4.09, RECON , RepeatScout 1.0.6, RepeatMasker 
LTR Structural Analysis: Disabled [use -LTRStruct to enable]
Random Number Seed: 1597790692
Database = Truan1 .
  - Sequences = 17
  - Bases = 47102642
Using output directory = /work/yk158/pmiEndo/repeatmodeler/RM_38196.TueAug181844532020
Storage Throughput = fair ( 442.72 MB/s )

Ready to start the sampling process.
INFO: The runtime of RepeatModeler heavily depends on the quality of the assembly
      and the repetitive content of the sequences.  It is not imperative
      that RepeatModeler completes all rounds in order to obtain useful
      results.  At the completion of each round, the files ( consensi.fa, and
      families.stk ) found in:
      /work/yk158/pmiEndo/repeatmodeler/RM_38196.TueAug181844532020/ 
      will contain all results produced thus far. These files may be 
      manually copied and run through RepeatClassifier should the program
      be terminated early.


RepeatModeler Round # 1
========================
Searching for Repeats
 -- Sampling from the database...
   - Gathering up to 40000000 bp
   - Final Sample Size = 40037462 bp ( 40037462 non ambiguous )
   - Num Contigs Represented = 17
   - Sequence extraction : 00:00:06 (hh:mm:ss) Elapsed Time
 -- Running RepeatScout on the sequences...
   - RepeatScout: Running build_lmer_table ( l = 14 )..
   - RepeatScout: Running RepeatScout.. : 280 raw families identified
   - RepeatScout: Running filtering stage.. 268 families remaining
   - RepeatScout: 00:09:46 (hh:mm:ss) Elapsed Time
   - Large Satellite Filtering.. : 0 found in 00:00:02 (hh:mm:ss) Elapsed Time
   - Collecting repeat instances...
 -- Refining Family R=84 / 0 ( RS Elements: 192, Using 100 )
 -- Refining Family R=8 / 1 ( RS Elements: 149, Using 100 )
 -- Refining Family R=20 / 2 ( RS Elements: 140, Using 100 )
 -- Refining Family R=3 / 3 ( RS Elements: 138, Using 100 )
 -- Refining Family R=70 / 4 ( RS Elements: 123, Using 100 )
 -- Refining Family R=48 / 5 ( RS Elements: 122, Using 100 )
 -- Refining Family R=23 / 6 ( RS Elements: 114, Using 100 )
 -- Refining Family R=125 / 7 ( RS Elements: 105, Using 100 )
 -- Refining Family R=30 / 8 ( RS Elements: 101, Using 100 )
 -- Refining Family R=5 / 9 ( RS Elements: 99, Using 99 )
 -- Refining Family R=2 / 10 ( RS Elements: 99, Using 99 )
 -- Refining Family R=40 / 11 ( RS Elements: 95, Using 95 )
 -- Refining Family R=24 / 12 ( RS Elements: 93, Using 93 )
 -- Refining Family R=1 / 13 ( RS Elements: 92, Using 92 )
 -- Refining Family R=27 / 14 ( RS Elements: 92, Using 92 )
 -- Refining Family R=176 / 15 ( RS Elements: 92, Using 92 )
 -- Refining Family R=44 / 16 ( RS Elements: 82, Using 82 )
 -- Refining Family R=47 / 17 ( RS Elements: 82, Using 82 )
 -- Refining Family R=6 / 18 ( RS Elements: 79, Using 79 )
 -- Refining Family R=35 / 19 ( RS Elements: 79, Using 79 )
 -- Refining Family R=0 / 20 ( RS Elements: 79, Using 79 )
 -- Refining Family R=244 / 21 ( RS Elements: 78, Using 78 )
 -- Refining Family R=4 / 22 ( RS Elements: 75, Using 75 )
 -- Refining Family R=16 / 23 ( RS Elements: 71, Using 71 )
 -- Refining Family R=177 / 24 ( RS Elements: 69, Using 69 )
 -- Refining Family R=21 / 25 ( RS Elements: 61, Using 61 )
 -- Refining Family R=108 / 26 ( RS Elements: 61, Using 61 )
 -- Refining Family R=60 / 27 ( RS Elements: 59, Using 59 )
 -- Refining Family R=10 / 28 ( RS Elements: 59, Using 59 )
 -- Refining Family R=69 / 29 ( RS Elements: 58, Using 58 )
 -- Refining Family R=7 / 30 ( RS Elements: 57, Using 57 )
 -- Refining Family R=127 / 31 ( RS Elements: 57, Using 57 )
 -- Refining Family R=33 / 32 ( RS Elements: 55, Using 55 )
 -- Refining Family R=32 / 33 ( RS Elements: 49, Using 49 )
 -- Refining Family R=71 / 34 ( RS Elements: 49, Using 49 )
 -- Refining Family R=204 / 35 ( RS Elements: 48, Using 48 )
 -- Refining Family R=34 / 36 ( RS Elements: 48, Using 48 )
 -- Refining Family R=12 / 37 ( RS Elements: 45, Using 45 )
 -- Refining Family R=56 / 38 ( RS Elements: 44, Using 44 )
 -- Refining Family R=51 / 39 ( RS Elements: 44, Using 44 )
 -- Refining Family R=13 / 40 ( RS Elements: 44, Using 44 )
 -- Refining Family R=67 / 41 ( RS Elements: 42, Using 42 )
 -- Refining Family R=80 / 42 ( RS Elements: 42, Using 42 )
 -- Refining Family R=25 / 43 ( RS Elements: 42, Using 42 )
 -- Refining Family R=9 / 44 ( RS Elements: 41, Using 41 )
 -- Refining Family R=179 / 45 ( RS Elements: 40, Using 40 )
 -- Refining Family R=11 / 46 ( RS Elements: 40, Using 40 )
 -- Refining Family R=201 / 47 ( RS Elements: 40, Using 40 )
 -- Refining Family R=15 / 48 ( RS Elements: 39, Using 39 )
 -- Refining Family R=17 / 49 ( RS Elements: 38, Using 38 )
 -- Refining Family R=171 / 50 ( RS Elements: 38, Using 38 )
 -- Refining Family R=105 / 51 ( RS Elements: 35, Using 35 )
 -- Refining Family R=140 / 52 ( RS Elements: 35, Using 35 )
 -- Refining Family R=146 / 53 ( RS Elements: 35, Using 35 )
 -- Refining Family R=19 / 54 ( RS Elements: 34, Using 34 )
 -- Refining Family R=49 / 55 ( RS Elements: 33, Using 33 )
 -- Refining Family R=39 / 56 ( RS Elements: 33, Using 33 )
 -- Refining Family R=247 / 57 ( RS Elements: 33, Using 33 )
 -- Refining Family R=14 / 58 ( RS Elements: 32, Using 32 )
 -- Refining Family R=98 / 59 ( RS Elements: 32, Using 32 )
 -- Refining Family R=160 / 60 ( RS Elements: 30, Using 30 )
 -- Refining Family R=259 / 61 ( RS Elements: 28, Using 28 )
 -- Refining Family R=43 / 62 ( RS Elements: 28, Using 28 )
 -- Refining Family R=96 / 63 ( RS Elements: 28, Using 28 )
 -- Refining Family R=62 / 64 ( RS Elements: 27, Using 27 )
 -- Refining Family R=111 / 65 ( RS Elements: 26, Using 26 )
 -- Refining Family R=97 / 66 ( RS Elements: 24, Using 24 )
 -- Refining Family R=50 / 67 ( RS Elements: 24, Using 24 )
 -- Refining Family R=165 / 68 ( RS Elements: 24, Using 24 )
 -- Refining Family R=65 / 69 ( RS Elements: 23, Using 23 )
 -- Refining Family R=223 / 70 ( RS Elements: 22, Using 22 )
 -- Refining Family R=68 / 71 ( RS Elements: 21, Using 21 )
 -- Refining Family R=29 / 72 ( RS Elements: 21, Using 21 )
 -- Refining Family R=57 / 73 ( RS Elements: 21, Using 21 )
 -- Refining Family R=121 / 74 ( RS Elements: 21, Using 21 )
 -- Refining Family R=164 / 75 ( RS Elements: 20, Using 20 )
 -- Refining Family R=26 / 76 ( RS Elements: 20, Using 20 )
 -- Refining Family R=36 / 77 ( RS Elements: 20, Using 20 )
 -- Refining Family R=18 / 78 ( RS Elements: 20, Using 20 )
 -- Refining Family R=22 / 79 ( RS Elements: 19, Using 19 )
 -- Refining Family R=91 / 80 ( RS Elements: 19, Using 19 )
 -- Refining Family R=38 / 81 ( RS Elements: 19, Using 19 )
 -- Refining Family R=158 / 82 ( RS Elements: 19, Using 19 )
 -- Refining Family R=99 / 83 ( RS Elements: 19, Using 19 )
 -- Refining Family R=88 / 84 ( RS Elements: 19, Using 19 )
 -- Refining Family R=109 / 85 ( RS Elements: 19, Using 19 )
 -- Refining Family R=53 / 86 ( RS Elements: 19, Using 19 )
 -- Refining Family R=81 / 87 ( RS Elements: 17, Using 17 )
 -- Refining Family R=118 / 88 ( RS Elements: 17, Using 17 )
 -- Refining Family R=41 / 89 ( RS Elements: 17, Using 17 )
 -- Refining Family R=233 / 90 ( RS Elements: 17, Using 17 )
 -- Refining Family R=131 / 91 ( RS Elements: 17, Using 17 )
 -- Refining Family R=52 / 92 ( RS Elements: 16, Using 16 )
 -- Refining Family R=208 / 93 ( RS Elements: 16, Using 16 )
 -- Refining Family R=112 / 94 ( RS Elements: 16, Using 16 )
 -- Refining Family R=126 / 95 ( RS Elements: 16, Using 16 )
 -- Refining Family R=252 / 96 ( RS Elements: 16, Using 16 )
 -- Refining Family R=63 / 97 ( RS Elements: 16, Using 16 )
 -- Refining Family R=189 / 98 ( RS Elements: 16, Using 16 )
Family Refinement: 00:09:35 (hh:mm:ss) Elapsed Time


RepeatModeler Round # 2
========================
Searching for Repeats
 -- Sampling from the database...
   - Gathering up to 3000000 bp
   - Sequence extraction : 00:00:00 (hh:mm:ss) Elapsed Time
 -- Running TRFMask on the sequence...
       97 Tandem Repeats Masked
   - TRFMask time 00:00:03 (hh:mm:ss) Elapsed Time
 -- Masking repeats from the previous rounds...
  - Masking 1 - 5 of 76
  - Masking 16 - 30 of 76
  - Masking 41 - 65 of 76
  - Masking 76 - 76 of 76
   - TE Masking time 00:00:05 (hh:mm:ss) Elapsed Time
 -- Sample Stats:
       Sample Size 3004061 bp
       Num Contigs Represented = 12
       Non ambiguous bp:
             Initial: 3004061 bp
             After Masking: 2967528 bp
             Masked: 1.22 % 
 -- Input Database Coverage: 3004061 bp out of 47102642 bp ( 6.38 % )
Sampling Time: 00:00:08 (hh:mm:ss) Elapsed Time
Running all-by-other comparisons...
        2% completed,  00:3:07 (hh:mm:ss) est. time remaining.
        5% completed,  00:1:30 (hh:mm:ss) est. time remaining.
        7% completed,  00:1:58 (hh:mm:ss) est. time remaining.
       10% completed,  00:1:26 (hh:mm:ss) est. time remaining.
       12% completed,  00:1:35 (hh:mm:ss) est. time remaining.
       15% completed,  00:1:17 (hh:mm:ss) est. time remaining.
       17% completed,  00:1:28 (hh:mm:ss) est. time remaining.
       20% completed,  00:1:15 (hh:mm:ss) est. time remaining.
       22% completed,  00:1:19 (hh:mm:ss) est. time remaining.
       24% completed,  00:1:09 (hh:mm:ss) est. time remaining.
       27% completed,  00:1:12 (hh:mm:ss) est. time remaining.
       29% completed,  00:1:05 (hh:mm:ss) est. time remaining.
       31% completed,  00:1:07 (hh:mm:ss) est. time remaining.
       33% completed,  00:1:01 (hh:mm:ss) est. time remaining.
       35% completed,  00:1:02 (hh:mm:ss) est. time remaining.
       37% completed,  00:0:57 (hh:mm:ss) est. time remaining.
       39% completed,  00:0:58 (hh:mm:ss) est. time remaining.
       42% completed,  00:0:53 (hh:mm:ss) est. time remaining.
       44% completed,  00:0:54 (hh:mm:ss) est. time remaining.
       45% completed,  00:0:50 (hh:mm:ss) est. time remaining.
       47% completed,  00:0:50 (hh:mm:ss) est. time remaining.
       49% completed,  00:0:46 (hh:mm:ss) est. time remaining.
       51% completed,  00:0:45 (hh:mm:ss) est. time remaining.
       53% completed,  00:0:43 (hh:mm:ss) est. time remaining.
       55% completed,  00:0:42 (hh:mm:ss) est. time remaining.
       57% completed,  00:0:39 (hh:mm:ss) est. time remaining.
       58% completed,  00:0:38 (hh:mm:ss) est. time remaining.
       60% completed,  00:0:36 (hh:mm:ss) est. time remaining.
       62% completed,  00:0:35 (hh:mm:ss) est. time remaining.
       63% completed,  00:0:33 (hh:mm:ss) est. time remaining.
       65% completed,  00:0:32 (hh:mm:ss) est. time remaining.
       66% completed,  00:0:30 (hh:mm:ss) est. time remaining.
       68% completed,  00:0:29 (hh:mm:ss) est. time remaining.
       69% completed,  00:0:28 (hh:mm:ss) est. time remaining.
       71% completed,  00:0:27 (hh:mm:ss) est. time remaining.
       72% completed,  00:0:25 (hh:mm:ss) est. time remaining.
       74% completed,  00:0:24 (hh:mm:ss) est. time remaining.
       75% completed,  00:0:22 (hh:mm:ss) est. time remaining.
       76% completed,  00:0:21 (hh:mm:ss) est. time remaining.
       77% completed,  00:0:20 (hh:mm:ss) est. time remaining.
       79% completed,  00:0:19 (hh:mm:ss) est. time remaining.
       80% completed,  00:0:18 (hh:mm:ss) est. time remaining.
       81% completed,  00:0:17 (hh:mm:ss) est. time remaining.
       82% completed,  00:0:16 (hh:mm:ss) est. time remaining.
       83% completed,  00:0:15 (hh:mm:ss) est. time remaining.
       84% completed,  00:0:14 (hh:mm:ss) est. time remaining.
       85% completed,  00:0:13 (hh:mm:ss) est. time remaining.
       86% completed,  00:0:12 (hh:mm:ss) est. time remaining.
       87% completed,  00:0:11 (hh:mm:ss) est. time remaining.
       88% completed,  00:0:10 (hh:mm:ss) est. time remaining.
       89% completed,  00:0:09 (hh:mm:ss) est. time remaining.
       90% completed,  00:0:09 (hh:mm:ss) est. time remaining.
       91% completed,  00:0:08 (hh:mm:ss) est. time remaining.
       91% completed,  00:0:07 (hh:mm:ss) est. time remaining.
       92% completed,  00:0:06 (hh:mm:ss) est. time remaining.
       93% completed,  00:0:06 (hh:mm:ss) est. time remaining.
       94% completed,  00:0:05 (hh:mm:ss) est. time remaining.
       94% completed,  00:0:04 (hh:mm:ss) est. time remaining.
       95% completed,  00:0:04 (hh:mm:ss) est. time remaining.
       95% completed,  00:0:03 (hh:mm:ss) est. time remaining.
       96% completed,  00:0:03 (hh:mm:ss) est. time remaining.
       96% completed,  00:0:03 (hh:mm:ss) est. time remaining.
       97% completed,  00:0:02 (hh:mm:ss) est. time remaining.
       97% completed,  00:0:02 (hh:mm:ss) est. time remaining.
       98% completed,  00:0:01 (hh:mm:ss) est. time remaining.
       98% completed,  00:0:01 (hh:mm:ss) est. time remaining.
       98% completed,  00:0:01 (hh:mm:ss) est. time remaining.
       99% completed,  00:0:00 (hh:mm:ss) est. time remaining.
       99% completed,  00:0:00 (hh:mm:ss) est. time remaining.
       99% completed,  00:0:00 (hh:mm:ss) est. time remaining.
       99% completed,  00:0:00 (hh:mm:ss) est. time remaining.
       99% completed,  00:0:00 (hh:mm:ss) est. time remaining.
       99% completed,  00:0:00 (hh:mm:ss) est. time remaining.
       99% completed,  00:0:00 (hh:mm:ss) est. time remaining.
      100% completed,  00:0:00 (hh:mm:ss) est. time remaining.
Comparison Time: 00:01:37 (hh:mm:ss) Elapsed Time, 153 HSPs Collected
  - RECON: Running imagespread..
RECON Elapsed: 00:00:00 (hh:mm:ss) Elapsed Time
  - RECON: Running initial definition of elements ( eledef )..
RECON Elapsed: 00:00:01 (hh:mm:ss) Elapsed Time
  - RECON: Running re-definition of elements ( eleredef )..
RECON Elapsed: 00:00:00 (hh:mm:ss) Elapsed Time
  - RECON: Running re-definition of edges ( edgeredef )..
RECON Elapsed: 00:00:01 (hh:mm:ss) Elapsed Time
  - RECON: Running family definition ( famdef )..
RECON Elapsed: 00:00:00 (hh:mm:ss) Elapsed Time
  - Obtaining element sequences
Number of families returned by RECON: 106
Processing families with greater than 15 elements
Family Refinement: 00:00:00 (hh:mm:ss) Elapsed Time
Round Time: 00:01:48 (hh:mm:ss) Elapsed Time


RepeatModeler Round # 3
========================
Searching for Repeats
 -- Sampling from the database...
   - Gathering up to 9000000 bp
   - Sequence extraction : 00:00:01 (hh:mm:ss) Elapsed Time
 -- Running TRFMask on the sequence...
       307 Tandem Repeats Masked
   - TRFMask time 00:00:09 (hh:mm:ss) Elapsed Time
 -- Masking repeats from the previous rounds...
  - Masking 1 - 5 of 227
  - Masking 16 - 30 of 227
  - Masking 41 - 65 of 227
  - Masking 76 - 110 of 227
  - Masking 121 - 165 of 227
  - Masking 176 - 227 of 227
   - TE Masking time 00:00:18 (hh:mm:ss) Elapsed Time
 -- Sample Stats:
       Sample Size 9020881 bp
       Num Contigs Represented = 16
       Non ambiguous bp:
             Initial: 9020881 bp
             After Masking: 8829447 bp
             Masked: 2.12 % 
 -- Input Database Coverage: 12024942 bp out of 47102642 bp ( 25.53 % )
Sampling Time: 00:00:28 (hh:mm:ss) Elapsed Time
Running all-by-other comparisons...
        0% completed,  00:26:22 (hh:mm:ss) est. time remaining.
        1% completed,  00:13:02 (hh:mm:ss) est. time remaining.
        2% completed,  00:17:16 (hh:mm:ss) est. time remaining.
        3% completed,  00:12:51 (hh:mm:ss) est. time remaining.
        4% completed,  00:14:58 (hh:mm:ss) est. time remaining.
        5% completed,  00:12:41 (hh:mm:ss) est. time remaining.
        6% completed,  00:13:53 (hh:mm:ss) est. time remaining.
        6% completed,  00:12:30 (hh:mm:ss) est. time remaining.
        7% completed,  00:13:01 (hh:mm:ss) est. time remaining.
        8% completed,  00:12:10 (hh:mm:ss) est. time remaining.
        9% completed,  00:12:44 (hh:mm:ss) est. time remaining.
       10% completed,  00:12:01 (hh:mm:ss) est. time remaining.
       11% completed,  00:12:21 (hh:mm:ss) est. time remaining.
       11% completed,  00:11:45 (hh:mm:ss) est. time remaining.
       12% completed,  00:12:08 (hh:mm:ss) est. time remaining.
       13% completed,  00:11:30 (hh:mm:ss) est. time remaining.
       14% completed,  00:11:50 (hh:mm:ss) est. time remaining.
       15% completed,  00:11:22 (hh:mm:ss) est. time remaining.
       16% completed,  00:11:24 (hh:mm:ss) est. time remaining.
       16% completed,  00:11:09 (hh:mm:ss) est. time remaining.
       17% completed,  00:11:10 (hh:mm:ss) est. time remaining.
       18% completed,  00:10:57 (hh:mm:ss) est. time remaining.
       19% completed,  00:10:57 (hh:mm:ss) est. time remaining.
       20% completed,  00:10:45 (hh:mm:ss) est. time remaining.
       20% completed,  00:10:41 (hh:mm:ss) est. time remaining.
       21% completed,  00:10:33 (hh:mm:ss) est. time remaining.
       22% completed,  00:10:29 (hh:mm:ss) est. time remaining.
       23% completed,  00:10:19 (hh:mm:ss) est. time remaining.
       23% completed,  00:10:18 (hh:mm:ss) est. time remaining.
       24% completed,  00:10:02 (hh:mm:ss) est. time remaining.
       25% completed,  00:10:07 (hh:mm:ss) est. time remaining.
       26% completed,  00:9:52 (hh:mm:ss) est. time remaining.
       27% completed,  00:9:51 (hh:mm:ss) est. time remaining.
       27% completed,  00:9:40 (hh:mm:ss) est. time remaining.
       28% completed,  00:9:41 (hh:mm:ss) est. time remaining.
       29% completed,  00:9:28 (hh:mm:ss) est. time remaining.
       30% completed,  00:9:29 (hh:mm:ss) est. time remaining.
       30% completed,  00:9:14 (hh:mm:ss) est. time remaining.
       31% completed,  00:9:15 (hh:mm:ss) est. time remaining.
       32% completed,  00:9:03 (hh:mm:ss) est. time remaining.
       32% completed,  00:9:03 (hh:mm:ss) est. time remaining.
       33% completed,  00:8:52 (hh:mm:ss) est. time remaining.
       34% completed,  00:8:52 (hh:mm:ss) est. time remaining.
       35% completed,  00:8:40 (hh:mm:ss) est. time remaining.
       35% completed,  00:8:33 (hh:mm:ss) est. time remaining.
       36% completed,  00:8:23 (hh:mm:ss) est. time remaining.
       37% completed,  00:8:09 (hh:mm:ss) est. time remaining.
       37% completed,  00:8:08 (hh:mm:ss) est. time remaining.
       38% completed,  00:8:00 (hh:mm:ss) est. time remaining.
       39% completed,  00:7:59 (hh:mm:ss) est. time remaining.
       39% completed,  00:7:48 (hh:mm:ss) est. time remaining.
       40% completed,  00:7:47 (hh:mm:ss) est. time remaining.
       41% completed,  00:7:38 (hh:mm:ss) est. time remaining.
       41% completed,  00:7:37 (hh:mm:ss) est. time remaining.
       42% completed,  00:7:26 (hh:mm:ss) est. time remaining.
       43% completed,  00:7:25 (hh:mm:ss) est. time remaining.
       43% completed,  00:7:16 (hh:mm:ss) est. time remaining.
       44% completed,  00:7:14 (hh:mm:ss) est. time remaining.
       45% completed,  00:7:07 (hh:mm:ss) est. time remaining.
       45% completed,  00:7:05 (hh:mm:ss) est. time remaining.
       46% completed,  00:6:56 (hh:mm:ss) est. time remaining.
       47% completed,  00:6:55 (hh:mm:ss) est. time remaining.
       47% completed,  00:6:46 (hh:mm:ss) est. time remaining.
       48% completed,  00:6:44 (hh:mm:ss) est. time remaining.
       49% completed,  00:6:37 (hh:mm:ss) est. time remaining.
       49% completed,  00:6:35 (hh:mm:ss) est. time remaining.
       50% completed,  00:6:27 (hh:mm:ss) est. time remaining.
       51% completed,  00:6:25 (hh:mm:ss) est. time remaining.
       51% completed,  00:6:19 (hh:mm:ss) est. time remaining.
       52% completed,  00:6:15 (hh:mm:ss) est. time remaining.
       52% completed,  00:6:09 (hh:mm:ss) est. time remaining.
       53% completed,  00:6:06 (hh:mm:ss) est. time remaining.
       54% completed,  00:6:00 (hh:mm:ss) est. time remaining.
       54% completed,  00:5:57 (hh:mm:ss) est. time remaining.
       55% completed,  00:5:50 (hh:mm:ss) est. time remaining.
       55% completed,  00:5:47 (hh:mm:ss) est. time remaining.
       56% completed,  00:5:41 (hh:mm:ss) est. time remaining.
       57% completed,  00:5:39 (hh:mm:ss) est. time remaining.
       57% completed,  00:5:32 (hh:mm:ss) est. time remaining.
       58% completed,  00:5:28 (hh:mm:ss) est. time remaining.
       58% completed,  00:5:25 (hh:mm:ss) est. time remaining.
       59% completed,  00:5:19 (hh:mm:ss) est. time remaining.
       59% completed,  00:5:16 (hh:mm:ss) est. time remaining.
       60% completed,  00:5:11 (hh:mm:ss) est. time remaining.
       60% completed,  00:5:08 (hh:mm:ss) est. time remaining.
       61% completed,  00:5:02 (hh:mm:ss) est. time remaining.
       62% completed,  00:4:59 (hh:mm:ss) est. time remaining.
       62% completed,  00:4:54 (hh:mm:ss) est. time remaining.
       63% completed,  00:4:51 (hh:mm:ss) est. time remaining.
       63% completed,  00:4:45 (hh:mm:ss) est. time remaining.
       64% completed,  00:4:41 (hh:mm:ss) est. time remaining.
       64% completed,  00:4:37 (hh:mm:ss) est. time remaining.
       65% completed,  00:4:33 (hh:mm:ss) est. time remaining.
       65% completed,  00:4:29 (hh:mm:ss) est. time remaining.
       66% completed,  00:4:25 (hh:mm:ss) est. time remaining.
       66% completed,  00:4:21 (hh:mm:ss) est. time remaining.
       67% completed,  00:4:17 (hh:mm:ss) est. time remaining.
       67% completed,  00:4:13 (hh:mm:ss) est. time remaining.
       68% completed,  00:4:09 (hh:mm:ss) est. time remaining.
       68% completed,  00:4:05 (hh:mm:ss) est. time remaining.
       69% completed,  00:4:01 (hh:mm:ss) est. time remaining.
       69% completed,  00:3:57 (hh:mm:ss) est. time remaining.
       70% completed,  00:3:54 (hh:mm:ss) est. time remaining.
       70% completed,  00:3:50 (hh:mm:ss) est. time remaining.
       71% completed,  00:3:46 (hh:mm:ss) est. time remaining.
       71% completed,  00:3:42 (hh:mm:ss) est. time remaining.
       72% completed,  00:3:39 (hh:mm:ss) est. time remaining.
       72% completed,  00:3:35 (hh:mm:ss) est. time remaining.
       73% completed,  00:3:32 (hh:mm:ss) est. time remaining.
       73% completed,  00:3:28 (hh:mm:ss) est. time remaining.
       73% completed,  00:3:24 (hh:mm:ss) est. time remaining.
       74% completed,  00:3:21 (hh:mm:ss) est. time remaining.
       74% completed,  00:3:18 (hh:mm:ss) est. time remaining.
       75% completed,  00:3:14 (hh:mm:ss) est. time remaining.
       75% completed,  00:3:10 (hh:mm:ss) est. time remaining.
       76% completed,  00:3:07 (hh:mm:ss) est. time remaining.
       76% completed,  00:3:03 (hh:mm:ss) est. time remaining.
       77% completed,  00:3:01 (hh:mm:ss) est. time remaining.
       77% completed,  00:2:57 (hh:mm:ss) est. time remaining.
       77% completed,  00:2:54 (hh:mm:ss) est. time remaining.
       78% completed,  00:2:50 (hh:mm:ss) est. time remaining.
       78% completed,  00:2:47 (hh:mm:ss) est. time remaining.
       79% completed,  00:2:44 (hh:mm:ss) est. time remaining.
       79% completed,  00:2:41 (hh:mm:ss) est. time remaining.
       79% completed,  00:2:38 (hh:mm:ss) est. time remaining.
       80% completed,  00:2:35 (hh:mm:ss) est. time remaining.
       80% completed,  00:2:32 (hh:mm:ss) est. time remaining.
       81% completed,  00:2:29 (hh:mm:ss) est. time remaining.
       81% completed,  00:2:26 (hh:mm:ss) est. time remaining.
       81% completed,  00:2:23 (hh:mm:ss) est. time remaining.
       82% completed,  00:2:20 (hh:mm:ss) est. time remaining.
       82% completed,  00:2:17 (hh:mm:ss) est. time remaining.
       82% completed,  00:2:14 (hh:mm:ss) est. time remaining.
       83% completed,  00:2:11 (hh:mm:ss) est. time remaining.
       83% completed,  00:2:08 (hh:mm:ss) est. time remaining.
       84% completed,  00:2:05 (hh:mm:ss) est. time remaining.
       84% completed,  00:2:03 (hh:mm:ss) est. time remaining.
       84% completed,  00:2:00 (hh:mm:ss) est. time remaining.
       85% completed,  00:1:57 (hh:mm:ss) est. time remaining.
       85% completed,  00:1:55 (hh:mm:ss) est. time remaining.
       85% completed,  00:1:52 (hh:mm:ss) est. time remaining.
       86% completed,  00:1:49 (hh:mm:ss) est. time remaining.
       86% completed,  00:1:47 (hh:mm:ss) est. time remaining.
       86% completed,  00:1:44 (hh:mm:ss) est. time remaining.
       87% completed,  00:1:42 (hh:mm:ss) est. time remaining.
       87% completed,  00:1:39 (hh:mm:ss) est. time remaining.
       87% completed,  00:1:37 (hh:mm:ss) est. time remaining.
       87% completed,  00:1:34 (hh:mm:ss) est. time remaining.
       88% completed,  00:1:32 (hh:mm:ss) est. time remaining.
       88% completed,  00:1:30 (hh:mm:ss) est. time remaining.
       88% completed,  00:1:27 (hh:mm:ss) est. time remaining.
       89% completed,  00:1:25 (hh:mm:ss) est. time remaining.
       89% completed,  00:1:23 (hh:mm:ss) est. time remaining.
       89% completed,  00:1:20 (hh:mm:ss) est. time remaining.
       90% completed,  00:1:18 (hh:mm:ss) est. time remaining.
       90% completed,  00:1:16 (hh:mm:ss) est. time remaining.
       90% completed,  00:1:14 (hh:mm:ss) est. time remaining.
       90% completed,  00:1:12 (hh:mm:ss) est. time remaining.
       91% completed,  00:1:10 (hh:mm:ss) est. time remaining.
       91% completed,  00:1:08 (hh:mm:ss) est. time remaining.
       91% completed,  00:1:05 (hh:mm:ss) est. time remaining.
       91% completed,  00:1:03 (hh:mm:ss) est. time remaining.
       92% completed,  00:1:01 (hh:mm:ss) est. time remaining.
       92% completed,  00:0:59 (hh:mm:ss) est. time remaining.
       92% completed,  00:0:58 (hh:mm:ss) est. time remaining.
       92% completed,  00:0:56 (hh:mm:ss) est. time remaining.
       93% completed,  00:0:54 (hh:mm:ss) est. time remaining.
       93% completed,  00:0:52 (hh:mm:ss) est. time remaining.
       93% completed,  00:0:50 (hh:mm:ss) est. time remaining.
       93% completed,  00:0:49 (hh:mm:ss) est. time remaining.
       93% completed,  00:0:47 (hh:mm:ss) est. time remaining.
       94% completed,  00:0:45 (hh:mm:ss) est. time remaining.
       94% completed,  00:0:43 (hh:mm:ss) est. time remaining.
       94% completed,  00:0:42 (hh:mm:ss) est. time remaining.
       94% completed,  00:0:40 (hh:mm:ss) est. time remaining.
       95% completed,  00:0:39 (hh:mm:ss) est. time remaining.
       95% completed,  00:0:37 (hh:mm:ss) est. time remaining.
       95% completed,  00:0:36 (hh:mm:ss) est. time remaining.
       95% completed,  00:0:34 (hh:mm:ss) est. time remaining.
       95% completed,  00:0:33 (hh:mm:ss) est. time remaining.
       95% completed,  00:0:31 (hh:mm:ss) est. time remaining.
       96% completed,  00:0:30 (hh:mm:ss) est. time remaining.
       96% completed,  00:0:29 (hh:mm:ss) est. time remaining.
       96% completed,  00:0:27 (hh:mm:ss) est. time remaining.
       96% completed,  00:0:26 (hh:mm:ss) est. time remaining.
       96% completed,  00:0:25 (hh:mm:ss) est. time remaining.
       96% completed,  00:0:23 (hh:mm:ss) est. time remaining.
       97% completed,  00:0:22 (hh:mm:ss) est. time remaining.
       97% completed,  00:0:21 (hh:mm:ss) est. time remaining.
       97% completed,  00:0:20 (hh:mm:ss) est. time remaining.
       97% completed,  00:0:19 (hh:mm:ss) est. time remaining.
       97% completed,  00:0:18 (hh:mm:ss) est. time remaining.
       97% completed,  00:0:17 (hh:mm:ss) est. time remaining.
       97% completed,  00:0:16 (hh:mm:ss) est. time remaining.
       98% completed,  00:0:15 (hh:mm:ss) est. time remaining.
       98% completed,  00:0:14 (hh:mm:ss) est. time remaining.
       98% completed,  00:0:13 (hh:mm:ss) est. time remaining.
       98% completed,  00:0:12 (hh:mm:ss) est. time remaining.
       98% completed,  00:0:11 (hh:mm:ss) est. time remaining.
       98% completed,  00:0:10 (hh:mm:ss) est. time remaining.
       98% completed,  00:0:10 (hh:mm:ss) est. time remaining.
       98% completed,  00:0:09 (hh:mm:ss) est. time remaining.
       98% completed,  00:0:08 (hh:mm:ss) est. time remaining.
       99% completed,  00:0:07 (hh:mm:ss) est. time remaining.
       99% completed,  00:0:07 (hh:mm:ss) est. time remaining.
       99% completed,  00:0:06 (hh:mm:ss) est. time remaining.
       99% completed,  00:0:05 (hh:mm:ss) est. time remaining.
       99% completed,  00:0:05 (hh:mm:ss) est. time remaining.
       99% completed,  00:0:04 (hh:mm:ss) est. time remaining.
       99% completed,  00:0:04 (hh:mm:ss) est. time remaining.
       99% completed,  00:0:03 (hh:mm:ss) est. time remaining.
       99% completed,  00:0:03 (hh:mm:ss) est. time remaining.
       99% completed,  00:0:02 (hh:mm:ss) est. time remaining.
       99% completed,  00:0:02 (hh:mm:ss) est. time remaining.
       99% completed,  00:0:02 (hh:mm:ss) est. time remaining.
       99% completed,  00:0:01 (hh:mm:ss) est. time remaining.
       99% completed,  00:0:01 (hh:mm:ss) est. time remaining.
       99% completed,  00:0:01 (hh:mm:ss) est. time remaining.
       99% completed,  00:0:00 (hh:mm:ss) est. time remaining.
       99% completed,  00:0:00 (hh:mm:ss) est. time remaining.
       99% completed,  00:0:00 (hh:mm:ss) est. time remaining.
       99% completed,  00:0:00 (hh:mm:ss) est. time remaining.
       99% completed,  00:0:00 (hh:mm:ss) est. time remaining.
       99% completed,  00:0:00 (hh:mm:ss) est. time remaining.
       99% completed,  00:0:00 (hh:mm:ss) est. time remaining.
      100% completed,  00:0:00 (hh:mm:ss) est. time remaining.
Comparison Time: 00:13:13 (hh:mm:ss) Elapsed Time, 1420 HSPs Collected
  - RECON: Running imagespread..
RECON Elapsed: 00:00:00 (hh:mm:ss) Elapsed Time
  - RECON: Running initial definition of elements ( eledef )..
RECON Elapsed: 00:00:03 (hh:mm:ss) Elapsed Time
  - RECON: Running re-definition of elements ( eleredef )..
RECON Elapsed: 00:00:04 (hh:mm:ss) Elapsed Time
  - RECON: Running re-definition of edges ( edgeredef )..
RECON Elapsed: 00:00:07 (hh:mm:ss) Elapsed Time
  - RECON: Running family definition ( famdef )..
RECON Elapsed: 00:00:01 (hh:mm:ss) Elapsed Time
  - Obtaining element sequences
Number of families returned by RECON: 548
Processing families with greater than 15 elements

Processing RECON family: 288
  - Saving 43 elements
  - Refining family-288 model...
Family Refinement: 00:00:03 (hh:mm:ss) Elapsed Time
Round Time: 00:14:04 (hh:mm:ss) Elapsed Time


RepeatModeler Round # 4
========================
Searching for Repeats
 -- Sampling from the database...
   - Gathering up to 27000000 bp
   - Sequence extraction : 00:00:03 (hh:mm:ss) Elapsed Time
 -- Running TRFMask on the sequence...
       990 Tandem Repeats Masked
   - TRFMask time 00:00:25 (hh:mm:ss) Elapsed Time
 -- Masking repeats from the previous rounds...
  - Masking 1 - 5 of 680
  - Masking 16 - 30 of 680
  - Masking 41 - 65 of 680
  - Masking 76 - 110 of 680
  - Masking 121 - 165 of 680
  - Masking 176 - 230 of 680
  - Masking 241 - 305 of 680
  - Masking 316 - 390 of 680
  - Masking 401 - 485 of 680
  - Masking 496 - 590 of 680
  - Masking 596 - 680 of 680
   - TE Masking time 00:00:54 (hh:mm:ss) Elapsed Time
 -- Sample Stats:
       Sample Size 27022829 bp
       Num Contigs Represented = 16
       Non ambiguous bp:
             Initial: 27022829 bp
             After Masking: 26442247 bp
             Masked: 2.15 % 
 -- Input Database Coverage: 39047771 bp out of 47102642 bp ( 82.90 % )
Sampling Time: 00:01:24 (hh:mm:ss) Elapsed Time
Running all-by-other comparisons...
        0% completed,  03:51:59 (hh:mm:ss) est. time remaining.
        0% completed,  01:58:23 (hh:mm:ss) est. time remaining.
        0% completed,  02:33:45 (hh:mm:ss) est. time remaining.
        1% completed,  01:57:51 (hh:mm:ss) est. time remaining.
        1% completed,  02:18:52 (hh:mm:ss) est. time remaining.
        1% completed,  01:57:20 (hh:mm:ss) est. time remaining.
        2% completed,  02:11:24 (hh:mm:ss) est. time remaining.
        2% completed,  01:56:48 (hh:mm:ss) est. time remaining.
        2% completed,  02:7:02 (hh:mm:ss) est. time remaining.
        2% completed,  01:55:44 (hh:mm:ss) est. time remaining.
        3% completed,  02:4:34 (hh:mm:ss) est. time remaining.
        3% completed,  01:55:18 (hh:mm:ss) est. time remaining.
        3% completed,  02:2:16 (hh:mm:ss) est. time remaining.
        4% completed,  01:54:27 (hh:mm:ss) est. time remaining.
        4% completed,  02:0:06 (hh:mm:ss) est. time remaining.
        4% completed,  01:53:01 (hh:mm:ss) est. time remaining.
        4% completed,  01:58:38 (hh:mm:ss) est. time remaining.
        5% completed,  01:52:23 (hh:mm:ss) est. time remaining.
        5% completed,  01:57:39 (hh:mm:ss) est. time remaining.
        5% completed,  01:52:03 (hh:mm:ss) est. time remaining.
        6% completed,  01:56:15 (hh:mm:ss) est. time remaining.
        6% completed,  01:51:12 (hh:mm:ss) est. time remaining.
        6% completed,  01:55:00 (hh:mm:ss) est. time remaining.
        6% completed,  01:50:24 (hh:mm:ss) est. time remaining.
        7% completed,  01:54:06 (hh:mm:ss) est. time remaining.
        7% completed,  01:49:52 (hh:mm:ss) est. time remaining.
        7% completed,  01:53:03 (hh:mm:ss) est. time remaining.
        8% completed,  01:49:20 (hh:mm:ss) est. time remaining.
        8% completed,  01:52:05 (hh:mm:ss) est. time remaining.
        8% completed,  01:48:48 (hh:mm:ss) est. time remaining.
        8% completed,  01:51:20 (hh:mm:ss) est. time remaining.
        9% completed,  01:48:06 (hh:mm:ss) est. time remaining.
        9% completed,  01:51:07 (hh:mm:ss) est. time remaining.
        9% completed,  01:48:22 (hh:mm:ss) est. time remaining.
       10% completed,  01:49:39 (hh:mm:ss) est. time remaining.
       10% completed,  01:48:05 (hh:mm:ss) est. time remaining.
       10% completed,  01:48:35 (hh:mm:ss) est. time remaining.
       10% completed,  01:47:23 (hh:mm:ss) est. time remaining.
       11% completed,  01:47:42 (hh:mm:ss) est. time remaining.
       11% completed,  01:46:50 (hh:mm:ss) est. time remaining.
       11% completed,  01:47:00 (hh:mm:ss) est. time remaining.
       11% completed,  01:46:10 (hh:mm:ss) est. time remaining.
       12% completed,  01:45:57 (hh:mm:ss) est. time remaining.
       12% completed,  01:45:23 (hh:mm:ss) est. time remaining.
       12% completed,  01:44:03 (hh:mm:ss) est. time remaining.
       13% completed,  01:44:45 (hh:mm:ss) est. time remaining.
       13% completed,  01:43:28 (hh:mm:ss) est. time remaining.
       13% completed,  01:44:02 (hh:mm:ss) est. time remaining.
       13% completed,  01:42:54 (hh:mm:ss) est. time remaining.
       14% completed,  01:43:25 (hh:mm:ss) est. time remaining.
       14% completed,  01:42:08 (hh:mm:ss) est. time remaining.
       14% completed,  01:42:44 (hh:mm:ss) est. time remaining.
       14% completed,  01:41:35 (hh:mm:ss) est. time remaining.
       15% completed,  01:41:13 (hh:mm:ss) est. time remaining.
       15% completed,  01:40:52 (hh:mm:ss) est. time remaining.
       15% completed,  01:40:30 (hh:mm:ss) est. time remaining.
       16% completed,  01:40:09 (hh:mm:ss) est. time remaining.
       16% completed,  01:39:59 (hh:mm:ss) est. time remaining.
       16% completed,  01:39:38 (hh:mm:ss) est. time remaining.
       16% completed,  01:39:18 (hh:mm:ss) est. time remaining.
       17% completed,  01:39:02 (hh:mm:ss) est. time remaining.
       17% completed,  01:38:37 (hh:mm:ss) est. time remaining.
       17% completed,  01:38:13 (hh:mm:ss) est. time remaining.
       17% completed,  01:37:53 (hh:mm:ss) est. time remaining.
       18% completed,  01:37:43 (hh:mm:ss) est. time remaining.
       18% completed,  01:37:10 (hh:mm:ss) est. time remaining.
       18% completed,  01:37:09 (hh:mm:ss) est. time remaining.
       19% completed,  01:36:37 (hh:mm:ss) est. time remaining.
       19% completed,  01:36:31 (hh:mm:ss) est. time remaining.
       19% completed,  01:36:04 (hh:mm:ss) est. time remaining.
       19% completed,  01:35:45 (hh:mm:ss) est. time remaining.
       20% completed,  01:35:23 (hh:mm:ss) est. time remaining.
       20% completed,  01:35:12 (hh:mm:ss) est. time remaining.
       20% completed,  01:34:50 (hh:mm:ss) est. time remaining.
       20% completed,  01:34:25 (hh:mm:ss) est. time remaining.
       21% completed,  01:34:11 (hh:mm:ss) est. time remaining.
       21% completed,  01:33:46 (hh:mm:ss) est. time remaining.
       21% completed,  01:33:39 (hh:mm:ss) est. time remaining.
       21% completed,  01:33:04 (hh:mm:ss) est. time remaining.
       22% completed,  01:33:04 (hh:mm:ss) est. time remaining.
       22% completed,  01:32:30 (hh:mm:ss) est. time remaining.
       22% completed,  01:32:16 (hh:mm:ss) est. time remaining.
       22% completed,  01:32:06 (hh:mm:ss) est. time remaining.
       23% completed,  01:31:29 (hh:mm:ss) est. time remaining.
       23% completed,  01:31:13 (hh:mm:ss) est. time remaining.
       23% completed,  01:30:50 (hh:mm:ss) est. time remaining.
       23% completed,  01:30:46 (hh:mm:ss) est. time remaining.
       24% completed,  01:30:17 (hh:mm:ss) est. time remaining.
       24% completed,  01:29:58 (hh:mm:ss) est. time remaining.
       24% completed,  01:29:39 (hh:mm:ss) est. time remaining.
       24% completed,  01:29:23 (hh:mm:ss) est. time remaining.
       25% completed,  01:28:58 (hh:mm:ss) est. time remaining.
       25% completed,  01:28:43 (hh:mm:ss) est. time remaining.
       25% completed,  01:28:24 (hh:mm:ss) est. time remaining.
       26% completed,  01:28:09 (hh:mm:ss) est. time remaining.
       26% completed,  01:27:42 (hh:mm:ss) est. time remaining.
       26% completed,  01:27:32 (hh:mm:ss) est. time remaining.
       26% completed,  01:27:09 (hh:mm:ss) est. time remaining.
       27% completed,  01:26:56 (hh:mm:ss) est. time remaining.
       27% completed,  01:26:38 (hh:mm:ss) est. time remaining.
       27% completed,  01:26:20 (hh:mm:ss) est. time remaining.
       27% completed,  01:25:55 (hh:mm:ss) est. time remaining.
       28% completed,  01:25:43 (hh:mm:ss) est. time remaining.
       28% completed,  01:25:18 (hh:mm:ss) est. time remaining.
       28% completed,  01:25:06 (hh:mm:ss) est. time remaining.
       28% completed,  01:24:43 (hh:mm:ss) est. time remaining.
       29% completed,  01:24:34 (hh:mm:ss) est. time remaining.
       29% completed,  01:24:09 (hh:mm:ss) est. time remaining.
       29% completed,  01:24:00 (hh:mm:ss) est. time remaining.
       29% completed,  01:23:34 (hh:mm:ss) est. time remaining.
       30% completed,  01:23:26 (hh:mm:ss) est. time remaining.
       30% completed,  01:22:58 (hh:mm:ss) est. time remaining.
       30% completed,  01:22:53 (hh:mm:ss) est. time remaining.
       30% completed,  01:22:25 (hh:mm:ss) est. time remaining.
       30% completed,  01:22:22 (hh:mm:ss) est. time remaining.
       31% completed,  01:21:50 (hh:mm:ss) est. time remaining.
       31% completed,  01:21:47 (hh:mm:ss) est. time remaining.
       31% completed,  01:21:16 (hh:mm:ss) est. time remaining.
       31% completed,  01:21:13 (hh:mm:ss) est. time remaining.
       32% completed,  01:20:40 (hh:mm:ss) est. time remaining.
       32% completed,  01:20:20 (hh:mm:ss) est. time remaining.
       32% completed,  01:20:08 (hh:mm:ss) est. time remaining.
       32% completed,  01:19:49 (hh:mm:ss) est. time remaining.
       33% completed,  01:19:33 (hh:mm:ss) est. time remaining.
       33% completed,  01:19:16 (hh:mm:ss) est. time remaining.
       33% completed,  01:19:00 (hh:mm:ss) est. time remaining.
       33% completed,  01:18:41 (hh:mm:ss) est. time remaining.
       34% completed,  01:18:22 (hh:mm:ss) est. time remaining.
       34% completed,  01:18:08 (hh:mm:ss) est. time remaining.
       34% completed,  01:17:46 (hh:mm:ss) est. time remaining.
       34% completed,  01:17:16 (hh:mm:ss) est. time remaining.
       35% completed,  01:17:12 (hh:mm:ss) est. time remaining.
       35% completed,  01:16:41 (hh:mm:ss) est. time remaining.
       35% completed,  01:16:26 (hh:mm:ss) est. time remaining.
       35% completed,  01:16:06 (hh:mm:ss) est. time remaining.
       36% completed,  01:15:55 (hh:mm:ss) est. time remaining.
       36% completed,  01:15:33 (hh:mm:ss) est. time remaining.
       36% completed,  01:15:22 (hh:mm:ss) est. time remaining.
       36% completed,  01:14:59 (hh:mm:ss) est. time remaining.
       36% completed,  01:14:48 (hh:mm:ss) est. time remaining.
       37% completed,  01:14:29 (hh:mm:ss) est. time remaining.
       37% completed,  01:14:20 (hh:mm:ss) est. time remaining.
       37% completed,  01:13:56 (hh:mm:ss) est. time remaining.
       37% completed,  01:13:46 (hh:mm:ss) est. time remaining.
       38% completed,  01:13:19 (hh:mm:ss) est. time remaining.
       38% completed,  01:13:13 (hh:mm:ss) est. time remaining.
       38% completed,  01:12:47 (hh:mm:ss) est. time remaining.
       38% completed,  01:12:42 (hh:mm:ss) est. time remaining.
       39% completed,  01:12:16 (hh:mm:ss) est. time remaining.
       39% completed,  01:12:08 (hh:mm:ss) est. time remaining.
       39% completed,  01:11:42 (hh:mm:ss) est. time remaining.
       39% completed,  01:11:39 (hh:mm:ss) est. time remaining.
       39% completed,  01:11:11 (hh:mm:ss) est. time remaining.
       40% completed,  01:11:06 (hh:mm:ss) est. time remaining.
       40% completed,  01:10:39 (hh:mm:ss) est. time remaining.
       40% completed,  01:10:33 (hh:mm:ss) est. time remaining.
       40% completed,  01:9:55 (hh:mm:ss) est. time remaining.
       41% completed,  01:9:59 (hh:mm:ss) est. time remaining.
       41% completed,  01:9:23 (hh:mm:ss) est. time remaining.
       41% completed,  01:9:26 (hh:mm:ss) est. time remaining.
       41% completed,  01:8:52 (hh:mm:ss) est. time remaining.
       41% completed,  01:8:53 (hh:mm:ss) est. time remaining.
       42% completed,  01:8:21 (hh:mm:ss) est. time remaining.
       42% completed,  01:8:21 (hh:mm:ss) est. time remaining.
       42% completed,  01:7:49 (hh:mm:ss) est. time remaining.
       42% completed,  01:7:51 (hh:mm:ss) est. time remaining.
       43% completed,  01:7:14 (hh:mm:ss) est. time remaining.
       43% completed,  01:7:17 (hh:mm:ss) est. time remaining.
       43% completed,  01:6:45 (hh:mm:ss) est. time remaining.
       43% completed,  01:6:46 (hh:mm:ss) est. time remaining.
       43% completed,  01:6:13 (hh:mm:ss) est. time remaining.
       44% completed,  01:6:13 (hh:mm:ss) est. time remaining.
       44% completed,  01:5:42 (hh:mm:ss) est. time remaining.
       44% completed,  01:5:40 (hh:mm:ss) est. time remaining.
       44% completed,  01:5:11 (hh:mm:ss) est. time remaining.
       45% completed,  01:5:12 (hh:mm:ss) est. time remaining.
       45% completed,  01:4:40 (hh:mm:ss) est. time remaining.
       45% completed,  01:4:24 (hh:mm:ss) est. time remaining.
       45% completed,  01:4:10 (hh:mm:ss) est. time remaining.
       45% completed,  01:3:55 (hh:mm:ss) est. time remaining.
       46% completed,  01:3:39 (hh:mm:ss) est. time remaining.
       46% completed,  01:3:23 (hh:mm:ss) est. time remaining.
       46% completed,  01:3:10 (hh:mm:ss) est. time remaining.
       46% completed,  01:2:55 (hh:mm:ss) est. time remaining.
       47% completed,  01:2:39 (hh:mm:ss) est. time remaining.
       47% completed,  01:2:25 (hh:mm:ss) est. time remaining.
       47% completed,  01:2:09 (hh:mm:ss) est. time remaining.
       47% completed,  01:1:54 (hh:mm:ss) est. time remaining.
       47% completed,  01:1:40 (hh:mm:ss) est. time remaining.
       48% completed,  01:1:17 (hh:mm:ss) est. time remaining.
       48% completed,  01:1:11 (hh:mm:ss) est. time remaining.
       48% completed,  01:0:48 (hh:mm:ss) est. time remaining.
       48% completed,  01:0:41 (hh:mm:ss) est. time remaining.
       48% completed,  01:0:18 (hh:mm:ss) est. time remaining.
       49% completed,  01:0:10 (hh:mm:ss) est. time remaining.
       49% completed,  00:59:50 (hh:mm:ss) est. time remaining.
       49% completed,  00:59:41 (hh:mm:ss) est. time remaining.
       49% completed,  00:59:18 (hh:mm:ss) est. time remaining.
       49% completed,  00:59:11 (hh:mm:ss) est. time remaining.
       50% completed,  00:58:48 (hh:mm:ss) est. time remaining.
       50% completed,  00:58:41 (hh:mm:ss) est. time remaining.
       50% completed,  00:58:18 (hh:mm:ss) est. time remaining.
       50% completed,  00:58:11 (hh:mm:ss) est. time remaining.
       51% completed,  00:57:49 (hh:mm:ss) est. time remaining.
       51% completed,  00:57:42 (hh:mm:ss) est. time remaining.
       51% completed,  00:57:19 (hh:mm:ss) est. time remaining.
       51% completed,  00:57:14 (hh:mm:ss) est. time remaining.
       51% completed,  00:56:50 (hh:mm:ss) est. time remaining.
       52% completed,  00:56:46 (hh:mm:ss) est. time remaining.
       52% completed,  00:56:22 (hh:mm:ss) est. time remaining.
       52% completed,  00:56:18 (hh:mm:ss) est. time remaining.
       52% completed,  00:55:54 (hh:mm:ss) est. time remaining.
       52% completed,  00:55:49 (hh:mm:ss) est. time remaining.
       53% completed,  00:55:25 (hh:mm:ss) est. time remaining.
       53% completed,  00:55:20 (hh:mm:ss) est. time remaining.
       53% completed,  00:54:56 (hh:mm:ss) est. time remaining.
       53% completed,  00:54:51 (hh:mm:ss) est. time remaining.
       53% completed,  00:54:27 (hh:mm:ss) est. time remaining.
       54% completed,  00:54:25 (hh:mm:ss) est. time remaining.
       54% completed,  00:54:00 (hh:mm:ss) est. time remaining.
       54% completed,  00:53:56 (hh:mm:ss) est. time remaining.
       54% completed,  00:53:32 (hh:mm:ss) est. time remaining.
       54% completed,  00:53:28 (hh:mm:ss) est. time remaining.
       55% completed,  00:53:03 (hh:mm:ss) est. time remaining.
       55% completed,  00:52:55 (hh:mm:ss) est. time remaining.
       55% completed,  00:52:38 (hh:mm:ss) est. time remaining.
       55% completed,  00:52:26 (hh:mm:ss) est. time remaining.
       55% completed,  00:52:04 (hh:mm:ss) est. time remaining.
       56% completed,  00:51:55 (hh:mm:ss) est. time remaining.
       56% completed,  00:51:38 (hh:mm:ss) est. time remaining.
       56% completed,  00:51:28 (hh:mm:ss) est. time remaining.
       56% completed,  00:51:10 (hh:mm:ss) est. time remaining.
       56% completed,  00:51:00 (hh:mm:ss) est. time remaining.
       57% completed,  00:50:42 (hh:mm:ss) est. time remaining.
       57% completed,  00:50:32 (hh:mm:ss) est. time remaining.
       57% completed,  00:50:16 (hh:mm:ss) est. time remaining.
       57% completed,  00:50:06 (hh:mm:ss) est. time remaining.
       57% completed,  00:49:48 (hh:mm:ss) est. time remaining.
       57% completed,  00:49:45 (hh:mm:ss) est. time remaining.
       58% completed,  00:49:22 (hh:mm:ss) est. time remaining.
       58% completed,  00:49:15 (hh:mm:ss) est. time remaining.
       58% completed,  00:48:55 (hh:mm:ss) est. time remaining.
       58% completed,  00:48:50 (hh:mm:ss) est. time remaining.
       58% completed,  00:48:29 (hh:mm:ss) est. time remaining.
       59% completed,  00:48:22 (hh:mm:ss) est. time remaining.
       59% completed,  00:48:00 (hh:mm:ss) est. time remaining.
       59% completed,  00:47:55 (hh:mm:ss) est. time remaining.
       59% completed,  00:47:33 (hh:mm:ss) est. time remaining.
       59% completed,  00:47:29 (hh:mm:ss) est. time remaining.
       60% completed,  00:47:07 (hh:mm:ss) est. time remaining.
       60% completed,  00:46:59 (hh:mm:ss) est. time remaining.
       60% completed,  00:46:43 (hh:mm:ss) est. time remaining.
       60% completed,  00:46:33 (hh:mm:ss) est. time remaining.
       60% completed,  00:46:17 (hh:mm:ss) est. time remaining.
       60% completed,  00:46:06 (hh:mm:ss) est. time remaining.
       61% completed,  00:45:51 (hh:mm:ss) est. time remaining.
       61% completed,  00:45:40 (hh:mm:ss) est. time remaining.
       61% completed,  00:45:25 (hh:mm:ss) est. time remaining.
       61% completed,  00:45:12 (hh:mm:ss) est. time remaining.
       61% completed,  00:44:59 (hh:mm:ss) est. time remaining.
       62% completed,  00:44:46 (hh:mm:ss) est. time remaining.
       62% completed,  00:44:32 (hh:mm:ss) est. time remaining.
       62% completed,  00:44:21 (hh:mm:ss) est. time remaining.
       62% completed,  00:44:06 (hh:mm:ss) est. time remaining.
       62% completed,  00:43:57 (hh:mm:ss) est. time remaining.
       62% completed,  00:43:40 (hh:mm:ss) est. time remaining.
       63% completed,  00:43:31 (hh:mm:ss) est. time remaining.
       63% completed,  00:43:13 (hh:mm:ss) est. time remaining.
       63% completed,  00:43:04 (hh:mm:ss) est. time remaining.
       63% completed,  00:42:49 (hh:mm:ss) est. time remaining.
       63% completed,  00:42:38 (hh:mm:ss) est. time remaining.
       64% completed,  00:42:23 (hh:mm:ss) est. time remaining.
       64% completed,  00:42:12 (hh:mm:ss) est. time remaining.
       64% completed,  00:41:58 (hh:mm:ss) est. time remaining.
       64% completed,  00:41:48 (hh:mm:ss) est. time remaining.
       64% completed,  00:41:34 (hh:mm:ss) est. time remaining.
       64% completed,  00:41:22 (hh:mm:ss) est. time remaining.
       65% completed,  00:41:09 (hh:mm:ss) est. time remaining.
       65% completed,  00:40:57 (hh:mm:ss) est. time remaining.
       65% completed,  00:40:47 (hh:mm:ss) est. time remaining.
       65% completed,  00:40:33 (hh:mm:ss) est. time remaining.
       65% completed,  00:40:23 (hh:mm:ss) est. time remaining.
       65% completed,  00:40:08 (hh:mm:ss) est. time remaining.
       66% completed,  00:39:58 (hh:mm:ss) est. time remaining.
       66% completed,  00:39:44 (hh:mm:ss) est. time remaining.
       66% completed,  00:39:35 (hh:mm:ss) est. time remaining.
       66% completed,  00:39:20 (hh:mm:ss) est. time remaining.
       66% completed,  00:39:11 (hh:mm:ss) est. time remaining.
       66% completed,  00:38:56 (hh:mm:ss) est. time remaining.
       67% completed,  00:38:46 (hh:mm:ss) est. time remaining.
       67% completed,  00:38:33 (hh:mm:ss) est. time remaining.
       67% completed,  00:38:17 (hh:mm:ss) est. time remaining.
       67% completed,  00:38:03 (hh:mm:ss) est. time remaining.
       67% completed,  00:37:54 (hh:mm:ss) est. time remaining.
       67% completed,  00:37:39 (hh:mm:ss) est. time remaining.
       68% completed,  00:37:29 (hh:mm:ss) est. time remaining.
       68% completed,  00:37:16 (hh:mm:ss) est. time remaining.
       68% completed,  00:37:06 (hh:mm:ss) est. time remaining.
       68% completed,  00:36:53 (hh:mm:ss) est. time remaining.
       68% completed,  00:36:42 (hh:mm:ss) est. time remaining.
       68% completed,  00:36:30 (hh:mm:ss) est. time remaining.
       69% completed,  00:36:15 (hh:mm:ss) est. time remaining.
       69% completed,  00:36:01 (hh:mm:ss) est. time remaining.
       69% completed,  00:35:52 (hh:mm:ss) est. time remaining.
       69% completed,  00:35:39 (hh:mm:ss) est. time remaining.
       69% completed,  00:35:28 (hh:mm:ss) est. time remaining.
       69% completed,  00:35:16 (hh:mm:ss) est. time remaining.
       70% completed,  00:35:06 (hh:mm:ss) est. time remaining.
       70% completed,  00:34:54 (hh:mm:ss) est. time remaining.
       70% completed,  00:34:43 (hh:mm:ss) est. time remaining.
       70% completed,  00:34:32 (hh:mm:ss) est. time remaining.
       70% completed,  00:34:20 (hh:mm:ss) est. time remaining.
       70% completed,  00:34:10 (hh:mm:ss) est. time remaining.
       71% completed,  00:33:58 (hh:mm:ss) est. time remaining.
       71% completed,  00:33:48 (hh:mm:ss) est. time remaining.
       71% completed,  00:33:35 (hh:mm:ss) est. time remaining.
       71% completed,  00:33:26 (hh:mm:ss) est. time remaining.
       71% completed,  00:33:14 (hh:mm:ss) est. time remaining.
       71% completed,  00:33:04 (hh:mm:ss) est. time remaining.
       72% completed,  00:32:51 (hh:mm:ss) est. time remaining.
       72% completed,  00:32:41 (hh:mm:ss) est. time remaining.
       72% completed,  00:32:30 (hh:mm:ss) est. time remaining.
       72% completed,  00:32:19 (hh:mm:ss) est. time remaining.
       72% completed,  00:32:09 (hh:mm:ss) est. time remaining.
       72% completed,  00:31:58 (hh:mm:ss) est. time remaining.
       72% completed,  00:31:47 (hh:mm:ss) est. time remaining.
       73% completed,  00:31:36 (hh:mm:ss) est. time remaining.
       73% completed,  00:31:27 (hh:mm:ss) est. time remaining.
       73% completed,  00:31:15 (hh:mm:ss) est. time remaining.
       73% completed,  00:31:05 (hh:mm:ss) est. time remaining.
       73% completed,  00:30:54 (hh:mm:ss) est. time remaining.
       73% completed,  00:30:44 (hh:mm:ss) est. time remaining.
       73% completed,  00:30:33 (hh:mm:ss) est. time remaining.
       74% completed,  00:30:23 (hh:mm:ss) est. time remaining.
       74% completed,  00:30:10 (hh:mm:ss) est. time remaining.
       74% completed,  00:30:02 (hh:mm:ss) est. time remaining.
       74% completed,  00:29:50 (hh:mm:ss) est. time remaining.
       74% completed,  00:29:41 (hh:mm:ss) est. time remaining.
       74% completed,  00:29:29 (hh:mm:ss) est. time remaining.
       75% completed,  00:29:20 (hh:mm:ss) est. time remaining.
       75% completed,  00:29:08 (hh:mm:ss) est. time remaining.
       75% completed,  00:29:00 (hh:mm:ss) est. time remaining.
       75% completed,  00:28:47 (hh:mm:ss) est. time remaining.
       75% completed,  00:28:39 (hh:mm:ss) est. time remaining.
       75% completed,  00:28:27 (hh:mm:ss) est. time remaining.
       75% completed,  00:28:18 (hh:mm:ss) est. time remaining.
       76% completed,  00:28:07 (hh:mm:ss) est. time remaining.
       76% completed,  00:27:58 (hh:mm:ss) est. time remaining.
       76% completed,  00:27:47 (hh:mm:ss) est. time remaining.
       76% completed,  00:27:38 (hh:mm:ss) est. time remaining.
       76% completed,  00:27:27 (hh:mm:ss) est. time remaining.
       76% completed,  00:27:18 (hh:mm:ss) est. time remaining.
       76% completed,  00:27:07 (hh:mm:ss) est. time remaining.
       77% completed,  00:26:58 (hh:mm:ss) est. time remaining.
       77% completed,  00:26:48 (hh:mm:ss) est. time remaining.
       77% completed,  00:26:38 (hh:mm:ss) est. time remaining.
       77% completed,  00:26:28 (hh:mm:ss) est. time remaining.
       77% completed,  00:26:18 (hh:mm:ss) est. time remaining.
       77% completed,  00:26:08 (hh:mm:ss) est. time remaining.
       77% completed,  00:25:59 (hh:mm:ss) est. time remaining.
       78% completed,  00:25:48 (hh:mm:ss) est. time remaining.
       78% completed,  00:25:39 (hh:mm:ss) est. time remaining.
       78% completed,  00:25:29 (hh:mm:ss) est. time remaining.
       78% completed,  00:25:20 (hh:mm:ss) est. time remaining.
       78% completed,  00:25:10 (hh:mm:ss) est. time remaining.
       78% completed,  00:25:01 (hh:mm:ss) est. time remaining.
       78% completed,  00:24:51 (hh:mm:ss) est. time remaining.
       78% completed,  00:24:42 (hh:mm:ss) est. time remaining.
       79% completed,  00:24:31 (hh:mm:ss) est. time remaining.
       79% completed,  00:24:24 (hh:mm:ss) est. time remaining.
       79% completed,  00:24:12 (hh:mm:ss) est. time remaining.
       79% completed,  00:24:05 (hh:mm:ss) est. time remaining.
       79% completed,  00:23:53 (hh:mm:ss) est. time remaining.
       79% completed,  00:23:46 (hh:mm:ss) est. time remaining.
       79% completed,  00:23:35 (hh:mm:ss) est. time remaining.
       80% completed,  00:23:28 (hh:mm:ss) est. time remaining.
       80% completed,  00:23:17 (hh:mm:ss) est. time remaining.
       80% completed,  00:23:09 (hh:mm:ss) est. time remaining.
       80% completed,  00:22:58 (hh:mm:ss) est. time remaining.
       80% completed,  00:22:51 (hh:mm:ss) est. time remaining.
       80% completed,  00:22:40 (hh:mm:ss) est. time remaining.
       80% completed,  00:22:31 (hh:mm:ss) est. time remaining.
       80% completed,  00:22:21 (hh:mm:ss) est. time remaining.
       81% completed,  00:22:14 (hh:mm:ss) est. time remaining.
       81% completed,  00:22:03 (hh:mm:ss) est. time remaining.
       81% completed,  00:21:56 (hh:mm:ss) est. time remaining.
       81% completed,  00:21:45 (hh:mm:ss) est. time remaining.
       81% completed,  00:21:38 (hh:mm:ss) est. time remaining.
       81% completed,  00:21:28 (hh:mm:ss) est. time remaining.
       81% completed,  00:21:20 (hh:mm:ss) est. time remaining.
       81% completed,  00:21:10 (hh:mm:ss) est. time remaining.
       82% completed,  00:21:03 (hh:mm:ss) est. time remaining.
       82% completed,  00:20:52 (hh:mm:ss) est. time remaining.
       82% completed,  00:20:45 (hh:mm:ss) est. time remaining.
       82% completed,  00:20:35 (hh:mm:ss) est. time remaining.
       82% completed,  00:20:28 (hh:mm:ss) est. time remaining.
       82% completed,  00:20:18 (hh:mm:ss) est. time remaining.
       82% completed,  00:20:10 (hh:mm:ss) est. time remaining.
       82% completed,  00:20:01 (hh:mm:ss) est. time remaining.
       83% completed,  00:19:53 (hh:mm:ss) est. time remaining.
       83% completed,  00:19:44 (hh:mm:ss) est. time remaining.
       83% completed,  00:19:36 (hh:mm:ss) est. time remaining.
       83% completed,  00:19:27 (hh:mm:ss) est. time remaining.
       83% completed,  00:19:20 (hh:mm:ss) est. time remaining.
       83% completed,  00:19:10 (hh:mm:ss) est. time remaining.
       83% completed,  00:19:03 (hh:mm:ss) est. time remaining.
       83% completed,  00:18:53 (hh:mm:ss) est. time remaining.
       84% completed,  00:18:46 (hh:mm:ss) est. time remaining.
       84% completed,  00:18:37 (hh:mm:ss) est. time remaining.
       84% completed,  00:18:30 (hh:mm:ss) est. time remaining.
       84% completed,  00:18:20 (hh:mm:ss) est. time remaining.
       84% completed,  00:18:13 (hh:mm:ss) est. time remaining.
       84% completed,  00:18:04 (hh:mm:ss) est. time remaining.
       84% completed,  00:17:57 (hh:mm:ss) est. time remaining.
       84% completed,  00:17:48 (hh:mm:ss) est. time remaining.
       84% completed,  00:17:41 (hh:mm:ss) est. time remaining.
       85% completed,  00:17:32 (hh:mm:ss) est. time remaining.
       85% completed,  00:17:25 (hh:mm:ss) est. time remaining.
       85% completed,  00:17:16 (hh:mm:ss) est. time remaining.
       85% completed,  00:17:09 (hh:mm:ss) est. time remaining.
       85% completed,  00:16:59 (hh:mm:ss) est. time remaining.
       85% completed,  00:16:53 (hh:mm:ss) est. time remaining.
       85% completed,  00:16:44 (hh:mm:ss) est. time remaining.
       85% completed,  00:16:36 (hh:mm:ss) est. time remaining.
       85% completed,  00:16:28 (hh:mm:ss) est. time remaining.
       86% completed,  00:16:21 (hh:mm:ss) est. time remaining.
       86% completed,  00:16:13 (hh:mm:ss) est. time remaining.
       86% completed,  00:16:05 (hh:mm:ss) est. time remaining.
       86% completed,  00:15:57 (hh:mm:ss) est. time remaining.
       86% completed,  00:15:50 (hh:mm:ss) est. time remaining.
       86% completed,  00:15:42 (hh:mm:ss) est. time remaining.
       86% completed,  00:15:35 (hh:mm:ss) est. time remaining.
       86% completed,  00:15:27 (hh:mm:ss) est. time remaining.
       86% completed,  00:15:20 (hh:mm:ss) est. time remaining.
       87% completed,  00:15:12 (hh:mm:ss) est. time remaining.
       87% completed,  00:15:05 (hh:mm:ss) est. time remaining.
       87% completed,  00:14:57 (hh:mm:ss) est. time remaining.
       87% completed,  00:14:50 (hh:mm:ss) est. time remaining.
       87% completed,  00:14:42 (hh:mm:ss) est. time remaining.
       87% completed,  00:14:36 (hh:mm:ss) est. time remaining.
       87% completed,  00:14:28 (hh:mm:ss) est. time remaining.
       87% completed,  00:14:21 (hh:mm:ss) est. time remaining.
       87% completed,  00:14:13 (hh:mm:ss) est. time remaining.
       87% completed,  00:14:06 (hh:mm:ss) est. time remaining.
       88% completed,  00:13:59 (hh:mm:ss) est. time remaining.
       88% completed,  00:13:52 (hh:mm:ss) est. time remaining.
       88% completed,  00:13:45 (hh:mm:ss) est. time remaining.
       88% completed,  00:13:38 (hh:mm:ss) est. time remaining.
       88% completed,  00:13:31 (hh:mm:ss) est. time remaining.
       88% completed,  00:13:23 (hh:mm:ss) est. time remaining.
       88% completed,  00:13:17 (hh:mm:ss) est. time remaining.
       88% completed,  00:13:10 (hh:mm:ss) est. time remaining.
       88% completed,  00:13:03 (hh:mm:ss) est. time remaining.
       88% completed,  00:12:56 (hh:mm:ss) est. time remaining.
       89% completed,  00:12:49 (hh:mm:ss) est. time remaining.
       89% completed,  00:12:42 (hh:mm:ss) est. time remaining.
       89% completed,  00:12:35 (hh:mm:ss) est. time remaining.
       89% completed,  00:12:29 (hh:mm:ss) est. time remaining.
       89% completed,  00:12:22 (hh:mm:ss) est. time remaining.
       89% completed,  00:12:15 (hh:mm:ss) est. time remaining.
       89% completed,  00:12:09 (hh:mm:ss) est. time remaining.
       89% completed,  00:12:02 (hh:mm:ss) est. time remaining.
       89% completed,  00:11:55 (hh:mm:ss) est. time remaining.
       89% completed,  00:11:48 (hh:mm:ss) est. time remaining.
       90% completed,  00:11:42 (hh:mm:ss) est. time remaining.
       90% completed,  00:11:35 (hh:mm:ss) est. time remaining.
       90% completed,  00:11:29 (hh:mm:ss) est. time remaining.
       90% completed,  00:11:22 (hh:mm:ss) est. time remaining.
       90% completed,  00:11:16 (hh:mm:ss) est. time remaining.
       90% completed,  00:11:10 (hh:mm:ss) est. time remaining.
       90% completed,  00:11:03 (hh:mm:ss) est. time remaining.
       90% completed,  00:10:57 (hh:mm:ss) est. time remaining.
       90% completed,  00:10:51 (hh:mm:ss) est. time remaining.
       90% completed,  00:10:44 (hh:mm:ss) est. time remaining.
       90% completed,  00:10:38 (hh:mm:ss) est. time remaining.
       91% completed,  00:10:32 (hh:mm:ss) est. time remaining.
       91% completed,  00:10:26 (hh:mm:ss) est. time remaining.
       91% completed,  00:10:19 (hh:mm:ss) est. time remaining.
       91% completed,  00:10:13 (hh:mm:ss) est. time remaining.
       91% completed,  00:10:07 (hh:mm:ss) est. time remaining.
       91% completed,  00:10:01 (hh:mm:ss) est. time remaining.
       91% completed,  00:9:55 (hh:mm:ss) est. time remaining.
       91% completed,  00:9:49 (hh:mm:ss) est. time remaining.
       91% completed,  00:9:43 (hh:mm:ss) est. time remaining.
       91% completed,  00:9:37 (hh:mm:ss) est. time remaining.
       91% completed,  00:9:31 (hh:mm:ss) est. time remaining.
       91% completed,  00:9:25 (hh:mm:ss) est. time remaining.
       92% completed,  00:9:19 (hh:mm:ss) est. time remaining.
       92% completed,  00:9:13 (hh:mm:ss) est. time remaining.
       92% completed,  00:9:08 (hh:mm:ss) est. time remaining.
       92% completed,  00:9:02 (hh:mm:ss) est. time remaining.
       92% completed,  00:8:56 (hh:mm:ss) est. time remaining.
       92% completed,  00:8:51 (hh:mm:ss) est. time remaining.
       92% completed,  00:8:45 (hh:mm:ss) est. time remaining.
       92% completed,  00:8:39 (hh:mm:ss) est. time remaining.
       92% completed,  00:8:34 (hh:mm:ss) est. time remaining.
       92% completed,  00:8:28 (hh:mm:ss) est. time remaining.
       92% completed,  00:8:22 (hh:mm:ss) est. time remaining.
       92% completed,  00:8:17 (hh:mm:ss) est. time remaining.
       93% completed,  00:8:11 (hh:mm:ss) est. time remaining.
       93% completed,  00:8:06 (hh:mm:ss) est. time remaining.
       93% completed,  00:8:00 (hh:mm:ss) est. time remaining.
       93% completed,  00:7:55 (hh:mm:ss) est. time remaining.
       93% completed,  00:7:50 (hh:mm:ss) est. time remaining.
       93% completed,  00:7:44 (hh:mm:ss) est. time remaining.
       93% completed,  00:7:39 (hh:mm:ss) est. time remaining.
       93% completed,  00:7:34 (hh:mm:ss) est. time remaining.
       93% completed,  00:7:28 (hh:mm:ss) est. time remaining.
       93% completed,  00:7:23 (hh:mm:ss) est. time remaining.
       93% completed,  00:7:18 (hh:mm:ss) est. time remaining.
       93% completed,  00:7:13 (hh:mm:ss) est. time remaining.
       93% completed,  00:7:07 (hh:mm:ss) est. time remaining.
       93% completed,  00:7:02 (hh:mm:ss) est. time remaining.
       94% completed,  00:6:57 (hh:mm:ss) est. time remaining.
       94% completed,  00:6:52 (hh:mm:ss) est. time remaining.
       94% completed,  00:6:47 (hh:mm:ss) est. time remaining.
       94% completed,  00:6:42 (hh:mm:ss) est. time remaining.
       94% completed,  00:6:37 (hh:mm:ss) est. time remaining.
       94% completed,  00:6:32 (hh:mm:ss) est. time remaining.
       94% completed,  00:6:28 (hh:mm:ss) est. time remaining.
       94% completed,  00:6:23 (hh:mm:ss) est. time remaining.
       94% completed,  00:6:18 (hh:mm:ss) est. time remaining.
       94% completed,  00:6:13 (hh:mm:ss) est. time remaining.
       94% completed,  00:6:08 (hh:mm:ss) est. time remaining.
       94% completed,  00:6:04 (hh:mm:ss) est. time remaining.
       94% completed,  00:5:59 (hh:mm:ss) est. time remaining.
       94% completed,  00:5:54 (hh:mm:ss) est. time remaining.
       95% completed,  00:5:49 (hh:mm:ss) est. time remaining.
       95% completed,  00:5:45 (hh:mm:ss) est. time remaining.
       95% completed,  00:5:40 (hh:mm:ss) est. time remaining.
       95% completed,  00:5:36 (hh:mm:ss) est. time remaining.
       95% completed,  00:5:31 (hh:mm:ss) est. time remaining.
       95% completed,  00:5:27 (hh:mm:ss) est. time remaining.
       95% completed,  00:5:22 (hh:mm:ss) est. time remaining.
       95% completed,  00:5:18 (hh:mm:ss) est. time remaining.
       95% completed,  00:5:13 (hh:mm:ss) est. time remaining.
       95% completed,  00:5:09 (hh:mm:ss) est. time remaining.
       95% completed,  00:5:05 (hh:mm:ss) est. time remaining.
       95% completed,  00:5:00 (hh:mm:ss) est. time remaining.
       95% completed,  00:4:56 (hh:mm:ss) est. time remaining.
       95% completed,  00:4:52 (hh:mm:ss) est. time remaining.
       95% completed,  00:4:48 (hh:mm:ss) est. time remaining.
       95% completed,  00:4:44 (hh:mm:ss) est. time remaining.
       96% completed,  00:4:39 (hh:mm:ss) est. time remaining.
       96% completed,  00:4:35 (hh:mm:ss) est. time remaining.
       96% completed,  00:4:31 (hh:mm:ss) est. time remaining.
       96% completed,  00:4:27 (hh:mm:ss) est. time remaining.
       96% completed,  00:4:23 (hh:mm:ss) est. time remaining.
       96% completed,  00:4:19 (hh:mm:ss) est. time remaining.
       96% completed,  00:4:15 (hh:mm:ss) est. time remaining.
       96% completed,  00:4:11 (hh:mm:ss) est. time remaining.
       96% completed,  00:4:07 (hh:mm:ss) est. time remaining.
       96% completed,  00:4:03 (hh:mm:ss) est. time remaining.
       96% completed,  00:4:00 (hh:mm:ss) est. time remaining.
       96% completed,  00:3:56 (hh:mm:ss) est. time remaining.
       96% completed,  00:3:52 (hh:mm:ss) est. time remaining.
       96% completed,  00:3:48 (hh:mm:ss) est. time remaining.
       96% completed,  00:3:45 (hh:mm:ss) est. time remaining.
       96% completed,  00:3:41 (hh:mm:ss) est. time remaining.
       96% completed,  00:3:37 (hh:mm:ss) est. time remaining.
       96% completed,  00:3:34 (hh:mm:ss) est. time remaining.
       97% completed,  00:3:30 (hh:mm:ss) est. time remaining.
       97% completed,  00:3:26 (hh:mm:ss) est. time remaining.
       97% completed,  00:3:23 (hh:mm:ss) est. time remaining.
       97% completed,  00:3:19 (hh:mm:ss) est. time remaining.
       97% completed,  00:3:16 (hh:mm:ss) est. time remaining.
       97% completed,  00:3:12 (hh:mm:ss) est. time remaining.
       97% completed,  00:3:09 (hh:mm:ss) est. time remaining.
       97% completed,  00:3:06 (hh:mm:ss) est. time remaining.
       97% completed,  00:3:02 (hh:mm:ss) est. time remaining.
       97% completed,  00:2:59 (hh:mm:ss) est. time remaining.
       97% completed,  00:2:56 (hh:mm:ss) est. time remaining.
       97% completed,  00:2:52 (hh:mm:ss) est. time remaining.
       97% completed,  00:2:49 (hh:mm:ss) est. time remaining.
       97% completed,  00:2:46 (hh:mm:ss) est. time remaining.
       97% completed,  00:2:43 (hh:mm:ss) est. time remaining.
       97% completed,  00:2:40 (hh:mm:ss) est. time remaining.
       97% completed,  00:2:37 (hh:mm:ss) est. time remaining.
       97% completed,  00:2:33 (hh:mm:ss) est. time remaining.
       97% completed,  00:2:30 (hh:mm:ss) est. time remaining.
       97% completed,  00:2:27 (hh:mm:ss) est. time remaining.
       97% completed,  00:2:24 (hh:mm:ss) est. time remaining.
       97% completed,  00:2:21 (hh:mm:ss) est. time remaining.
       98% completed,  00:2:19 (hh:mm:ss) est. time remaining.
       98% completed,  00:2:16 (hh:mm:ss) est. time remaining.
       98% completed,  00:2:13 (hh:mm:ss) est. time remaining.
       98% completed,  00:2:10 (hh:mm:ss) est. time remaining.
       98% completed,  00:2:07 (hh:mm:ss) est. time remaining.
       98% completed,  00:2:04 (hh:mm:ss) est. time remaining.
       98% completed,  00:2:02 (hh:mm:ss) est. time remaining.
       98% completed,  00:1:59 (hh:mm:ss) est. time remaining.
       98% completed,  00:1:56 (hh:mm:ss) est. time remaining.
       98% completed,  00:1:54 (hh:mm:ss) est. time remaining.
       98% completed,  00:1:51 (hh:mm:ss) est. time remaining.
       98% completed,  00:1:48 (hh:mm:ss) est. time remaining.
       98% completed,  00:1:46 (hh:mm:ss) est. time remaining.
       98% completed,  00:1:43 (hh:mm:ss) est. time remaining.
       98% completed,  00:1:41 (hh:mm:ss) est. time remaining.
       98% completed,  00:1:38 (hh:mm:ss) est. time remaining.
       98% completed,  00:1:36 (hh:mm:ss) est. time remaining.
       98% completed,  00:1:33 (hh:mm:ss) est. time remaining.
       98% completed,  00:1:31 (hh:mm:ss) est. time remaining.
       98% completed,  00:1:29 (hh:mm:ss) est. time remaining.
       98% completed,  00:1:26 (hh:mm:ss) est. time remaining.
       98% completed,  00:1:24 (hh:mm:ss) est. time remaining.
       98% completed,  00:1:22 (hh:mm:ss) est. time remaining.
       98% completed,  00:1:20 (hh:mm:ss) est. time remaining.
       98% completed,  00:1:17 (hh:mm:ss) est. time remaining.
       98% completed,  00:1:15 (hh:mm:ss) est. time remaining.
       98% completed,  00:1:13 (hh:mm:ss) est. time remaining.
       98% completed,  00:1:11 (hh:mm:ss) est. time remaining.
       99% completed,  00:1:09 (hh:mm:ss) est. time remaining.
       99% completed,  00:1:07 (hh:mm:ss) est. time remaining.
       99% completed,  00:1:05 (hh:mm:ss) est. time remaining.
       99% completed,  00:1:03 (hh:mm:ss) est. time remaining.
       99% completed,  00:1:01 (hh:mm:ss) est. time remaining.
       99% completed,  00:0:59 (hh:mm:ss) est. time remaining.
       99% completed,  00:0:57 (hh:mm:ss) est. time remaining.
       99% completed,  00:0:55 (hh:mm:ss) est. time remaining.
       99% completed,  00:0:53 (hh:mm:ss) est. time remaining.
       99% completed,  00:0:52 (hh:mm:ss) est. time remaining.
       99% completed,  00:0:50 (hh:mm:ss) est. time remaining.
       99% completed,  00:0:48 (hh:mm:ss) est. time remaining.
       99% completed,  00:0:46 (hh:mm:ss) est. time remaining.
       99% completed,  00:0:45 (hh:mm:ss) est. time remaining.
       99% completed,  00:0:43 (hh:mm:ss) est. time remaining.
       99% completed,  00:0:42 (hh:mm:ss) est. time remaining.
       99% completed,  00:0:40 (hh:mm:ss) est. time remaining.
       99% completed,  00:0:38 (hh:mm:ss) est. time remaining.
       99% completed,  00:0:37 (hh:mm:ss) est. time remaining.
       99% completed,  00:0:35 (hh:mm:ss) est. time remaining.
       99% completed,  00:0:34 (hh:mm:ss) est. time remaining.
       99% completed,  00:0:32 (hh:mm:ss) est. time remaining.
       99% completed,  00:0:31 (hh:mm:ss) est. time remaining.
       99% completed,  00:0:30 (hh:mm:ss) est. time remaining.
       99% completed,  00:0:28 (hh:mm:ss) est. time remaining.
       99% completed,  00:0:27 (hh:mm:ss) est. time remaining.
       99% completed,  00:0:26 (hh:mm:ss) est. time remaining.
       99% completed,  00:0:24 (hh:mm:ss) est. time remaining.
       99% completed,  00:0:23 (hh:mm:ss) est. time remaining.
       99% completed,  00:0:22 (hh:mm:ss) est. time remaining.
       99% completed,  00:0:21 (hh:mm:ss) est. time remaining.
       99% completed,  00:0:20 (hh:mm:ss) est. time remaining.
       99% completed,  00:0:19 (hh:mm:ss) est. time remaining.
       99% completed,  00:0:18 (hh:mm:ss) est. time remaining.
       99% completed,  00:0:17 (hh:mm:ss) est. time remaining.
       99% completed,  00:0:16 (hh:mm:ss) est. time remaining.
       99% completed,  00:0:15 (hh:mm:ss) est. time remaining.
       99% completed,  00:0:14 (hh:mm:ss) est. time remaining.
       99% completed,  00:0:13 (hh:mm:ss) est. time remaining.
       99% completed,  00:0:12 (hh:mm:ss) est. time remaining.
       99% completed,  00:0:11 (hh:mm:ss) est. time remaining.
       99% completed,  00:0:10 (hh:mm:ss) est. time remaining.
       99% completed,  00:0:09 (hh:mm:ss) est. time remaining.
       99% completed,  00:0:09 (hh:mm:ss) est. time remaining.
       99% completed,  00:0:08 (hh:mm:ss) est. time remaining.
       99% completed,  00:0:07 (hh:mm:ss) est. time remaining.
       99% completed,  00:0:07 (hh:mm:ss) est. time remaining.
       99% completed,  00:0:06 (hh:mm:ss) est. time remaining.
       99% completed,  00:0:05 (hh:mm:ss) est. time remaining.
       99% completed,  00:0:05 (hh:mm:ss) est. time remaining.
       99% completed,  00:0:04 (hh:mm:ss) est. time remaining.
       99% completed,  00:0:04 (hh:mm:ss) est. time remaining.
       99% completed,  00:0:03 (hh:mm:ss) est. time remaining.
       99% completed,  00:0:03 (hh:mm:ss) est. time remaining.
       99% completed,  00:0:02 (hh:mm:ss) est. time remaining.
       99% completed,  00:0:02 (hh:mm:ss) est. time remaining.
       99% completed,  00:0:02 (hh:mm:ss) est. time remaining.
       99% completed,  00:0:01 (hh:mm:ss) est. time remaining.
       99% completed,  00:0:01 (hh:mm:ss) est. time remaining.
       99% completed,  00:0:01 (hh:mm:ss) est. time remaining.
       99% completed,  00:0:00 (hh:mm:ss) est. time remaining.
       99% completed,  00:0:00 (hh:mm:ss) est. time remaining.
       99% completed,  00:0:00 (hh:mm:ss) est. time remaining.
       99% completed,  00:0:00 (hh:mm:ss) est. time remaining.
       99% completed,  00:0:00 (hh:mm:ss) est. time remaining.
       99% completed,  00:0:00 (hh:mm:ss) est. time remaining.
       99% completed,  00:0:00 (hh:mm:ss) est. time remaining.
      100% completed,  00:0:00 (hh:mm:ss) est. time remaining.
Comparison Time: 01:57:19 (hh:mm:ss) Elapsed Time, 10935 HSPs Collected
  - RECON: Running imagespread..
RECON Elapsed: 00:00:00 (hh:mm:ss) Elapsed Time
  - RECON: Running initial definition of elements ( eledef )..
RECON Elapsed: 00:00:18 (hh:mm:ss) Elapsed Time
  - RECON: Running re-definition of elements ( eleredef )..
RECON Elapsed: 00:00:36 (hh:mm:ss) Elapsed Time
  - RECON: Running re-definition of edges ( edgeredef )..
RECON Elapsed: 00:00:53 (hh:mm:ss) Elapsed Time
  - RECON: Running family definition ( famdef )..
RECON Elapsed: 00:00:04 (hh:mm:ss) Elapsed Time
  - Obtaining element sequences
Number of families returned by RECON: 2946
Processing families with greater than 15 elements

Processing RECON family: 3
  - Saving 119 elements
  - Refining family-3 model...

Processing RECON family: 720
  - Saving 37 elements
  - Refining family-720 model...

Processing RECON family: 62
  - Saving 26 elements
  - Refining family-62 model...

Processing RECON family: 107
  - Saving 26 elements
  - Refining family-107 model...

Processing RECON family: 1
  - Saving 22 elements
  - Refining family-1 model...

Processing RECON family: 642
  - Saving 21 elements
  - Refining family-642 model...

Processing RECON family: 313
  - Saving 20 elements
  - Refining family-313 model...

Processing RECON family: 390
  - Saving 19 elements
  - Refining family-390 model...

Processing RECON family: 1701
  - Saving 18 elements
  - Refining family-1701 model...

Processing RECON family: 340
  - Saving 17 elements
  - Refining family-340 model...

Processing RECON family: 312
  - Saving 16 elements
  - Refining family-312 model...
Family Refinement: 00:01:07 (hh:mm:ss) Elapsed Time
Round Time: 02:02:17 (hh:mm:ss) Elapsed Time
   - Increasing sample size to include end piece now = 89077700


RepeatModeler Round # 5
========================
Searching for Repeats
 -- Sampling from the database...
   - Gathering up to 89077700 bp
   - Sequence extraction : 00:00:01 (hh:mm:ss) Elapsed Time
 -- Running TRFMask on the sequence...
       300 Tandem Repeats Masked
   - TRFMask time 00:00:08 (hh:mm:ss) Elapsed Time
 -- Masking repeats from the previous rounds...
  - Masking 1 - 5 of 203
  - Masking 16 - 30 of 203
  - Masking 41 - 65 of 203
  - Masking 76 - 110 of 203
  - Masking 121 - 165 of 203
  - Masking 176 - 203 of 203
   - TE Masking time 00:00:16 (hh:mm:ss) Elapsed Time
 -- Sample Stats:
       Sample Size 8054601 bp
       Num Contigs Represented = 15
       Non ambiguous bp:
             Initial: 8054601 bp
             After Masking: 7875940 bp
             Masked: 2.22 % 
 -- Input Database Coverage: 47102372 bp out of 47102642 bp ( 100.00 % )
Sampling Time: 00:00:26 (hh:mm:ss) Elapsed Time
Running all-by-other comparisons...
        0% completed,  00:20:06 (hh:mm:ss) est. time remaining.
        1% completed,  00:9:58 (hh:mm:ss) est. time remaining.
        2% completed,  00:12:39 (hh:mm:ss) est. time remaining.
        3% completed,  00:10:14 (hh:mm:ss) est. time remaining.
        4% completed,  00:10:04 (hh:mm:ss) est. time remaining.
        5% completed,  00:10:12 (hh:mm:ss) est. time remaining.
        6% completed,  00:9:08 (hh:mm:ss) est. time remaining.
        7% completed,  00:9:43 (hh:mm:ss) est. time remaining.
        8% completed,  00:9:16 (hh:mm:ss) est. time remaining.
        9% completed,  00:9:22 (hh:mm:ss) est. time remaining.
       10% completed,  00:9:09 (hh:mm:ss) est. time remaining.
       11% completed,  00:9:06 (hh:mm:ss) est. time remaining.
       12% completed,  00:9:02 (hh:mm:ss) est. time remaining.
       13% completed,  00:8:58 (hh:mm:ss) est. time remaining.
       14% completed,  00:8:48 (hh:mm:ss) est. time remaining.
       15% completed,  00:8:50 (hh:mm:ss) est. time remaining.
       16% completed,  00:8:41 (hh:mm:ss) est. time remaining.
       16% completed,  00:8:33 (hh:mm:ss) est. time remaining.
       17% completed,  00:8:29 (hh:mm:ss) est. time remaining.
       18% completed,  00:8:26 (hh:mm:ss) est. time remaining.
       19% completed,  00:8:22 (hh:mm:ss) est. time remaining.
       20% completed,  00:8:11 (hh:mm:ss) est. time remaining.
       21% completed,  00:8:11 (hh:mm:ss) est. time remaining.
       22% completed,  00:8:04 (hh:mm:ss) est. time remaining.
       23% completed,  00:8:00 (hh:mm:ss) est. time remaining.
       24% completed,  00:7:47 (hh:mm:ss) est. time remaining.
       24% completed,  00:7:26 (hh:mm:ss) est. time remaining.
       25% completed,  00:7:38 (hh:mm:ss) est. time remaining.
       26% completed,  00:7:18 (hh:mm:ss) est. time remaining.
       27% completed,  00:7:27 (hh:mm:ss) est. time remaining.
       28% completed,  00:7:11 (hh:mm:ss) est. time remaining.
       29% completed,  00:7:15 (hh:mm:ss) est. time remaining.
       29% completed,  00:7:03 (hh:mm:ss) est. time remaining.
       30% completed,  00:7:05 (hh:mm:ss) est. time remaining.
       31% completed,  00:6:55 (hh:mm:ss) est. time remaining.
       32% completed,  00:6:59 (hh:mm:ss) est. time remaining.
       33% completed,  00:6:46 (hh:mm:ss) est. time remaining.
       34% completed,  00:6:49 (hh:mm:ss) est. time remaining.
       34% completed,  00:6:38 (hh:mm:ss) est. time remaining.
       35% completed,  00:6:37 (hh:mm:ss) est. time remaining.
       36% completed,  00:6:29 (hh:mm:ss) est. time remaining.
       37% completed,  00:6:28 (hh:mm:ss) est. time remaining.
       37% completed,  00:6:20 (hh:mm:ss) est. time remaining.
       38% completed,  00:6:19 (hh:mm:ss) est. time remaining.
       39% completed,  00:6:12 (hh:mm:ss) est. time remaining.
       40% completed,  00:6:10 (hh:mm:ss) est. time remaining.
       41% completed,  00:6:03 (hh:mm:ss) est. time remaining.
       41% completed,  00:6:00 (hh:mm:ss) est. time remaining.
       42% completed,  00:5:55 (hh:mm:ss) est. time remaining.
       43% completed,  00:5:52 (hh:mm:ss) est. time remaining.
       44% completed,  00:5:45 (hh:mm:ss) est. time remaining.
       44% completed,  00:5:43 (hh:mm:ss) est. time remaining.
       45% completed,  00:5:36 (hh:mm:ss) est. time remaining.
       46% completed,  00:5:33 (hh:mm:ss) est. time remaining.
       46% completed,  00:5:25 (hh:mm:ss) est. time remaining.
       47% completed,  00:5:25 (hh:mm:ss) est. time remaining.
       48% completed,  00:5:18 (hh:mm:ss) est. time remaining.
       49% completed,  00:5:09 (hh:mm:ss) est. time remaining.
       49% completed,  00:5:09 (hh:mm:ss) est. time remaining.
       50% completed,  00:5:01 (hh:mm:ss) est. time remaining.
       51% completed,  00:4:59 (hh:mm:ss) est. time remaining.
       51% completed,  00:4:53 (hh:mm:ss) est. time remaining.
       52% completed,  00:4:52 (hh:mm:ss) est. time remaining.
       53% completed,  00:4:44 (hh:mm:ss) est. time remaining.
       53% completed,  00:4:44 (hh:mm:ss) est. time remaining.
       54% completed,  00:4:37 (hh:mm:ss) est. time remaining.
       55% completed,  00:4:35 (hh:mm:ss) est. time remaining.
       55% completed,  00:4:30 (hh:mm:ss) est. time remaining.
       56% completed,  00:4:27 (hh:mm:ss) est. time remaining.
       57% completed,  00:4:22 (hh:mm:ss) est. time remaining.
       57% completed,  00:4:20 (hh:mm:ss) est. time remaining.
       58% completed,  00:4:14 (hh:mm:ss) est. time remaining.
       59% completed,  00:4:13 (hh:mm:ss) est. time remaining.
       59% completed,  00:4:07 (hh:mm:ss) est. time remaining.
       60% completed,  00:4:05 (hh:mm:ss) est. time remaining.
       60% completed,  00:4:00 (hh:mm:ss) est. time remaining.
       61% completed,  00:3:57 (hh:mm:ss) est. time remaining.
       62% completed,  00:3:52 (hh:mm:ss) est. time remaining.
       62% completed,  00:3:50 (hh:mm:ss) est. time remaining.
       63% completed,  00:3:45 (hh:mm:ss) est. time remaining.
       64% completed,  00:3:42 (hh:mm:ss) est. time remaining.
       64% completed,  00:3:39 (hh:mm:ss) est. time remaining.
       65% completed,  00:3:35 (hh:mm:ss) est. time remaining.
       65% completed,  00:3:32 (hh:mm:ss) est. time remaining.
       66% completed,  00:3:28 (hh:mm:ss) est. time remaining.
       66% completed,  00:3:25 (hh:mm:ss) est. time remaining.
       67% completed,  00:3:21 (hh:mm:ss) est. time remaining.
       68% completed,  00:3:18 (hh:mm:ss) est. time remaining.
       68% completed,  00:3:14 (hh:mm:ss) est. time remaining.
       69% completed,  00:3:11 (hh:mm:ss) est. time remaining.
       69% completed,  00:3:07 (hh:mm:ss) est. time remaining.
       70% completed,  00:3:04 (hh:mm:ss) est. time remaining.
       70% completed,  00:3:01 (hh:mm:ss) est. time remaining.
       71% completed,  00:2:58 (hh:mm:ss) est. time remaining.
       71% completed,  00:2:55 (hh:mm:ss) est. time remaining.
       72% completed,  00:2:52 (hh:mm:ss) est. time remaining.
       72% completed,  00:2:48 (hh:mm:ss) est. time remaining.
       73% completed,  00:2:45 (hh:mm:ss) est. time remaining.
       73% completed,  00:2:42 (hh:mm:ss) est. time remaining.
       74% completed,  00:2:39 (hh:mm:ss) est. time remaining.
       74% completed,  00:2:36 (hh:mm:ss) est. time remaining.
       75% completed,  00:2:33 (hh:mm:ss) est. time remaining.
       75% completed,  00:2:30 (hh:mm:ss) est. time remaining.
       76% completed,  00:2:27 (hh:mm:ss) est. time remaining.
       76% completed,  00:2:24 (hh:mm:ss) est. time remaining.
       77% completed,  00:2:21 (hh:mm:ss) est. time remaining.
       77% completed,  00:2:18 (hh:mm:ss) est. time remaining.
       78% completed,  00:2:15 (hh:mm:ss) est. time remaining.
       78% completed,  00:2:12 (hh:mm:ss) est. time remaining.
       79% completed,  00:2:09 (hh:mm:ss) est. time remaining.
       79% completed,  00:2:07 (hh:mm:ss) est. time remaining.
       80% completed,  00:2:04 (hh:mm:ss) est. time remaining.
       80% completed,  00:2:01 (hh:mm:ss) est. time remaining.
       80% completed,  00:1:58 (hh:mm:ss) est. time remaining.
       81% completed,  00:1:56 (hh:mm:ss) est. time remaining.
       81% completed,  00:1:54 (hh:mm:ss) est. time remaining.
       82% completed,  00:1:51 (hh:mm:ss) est. time remaining.
       82% completed,  00:1:48 (hh:mm:ss) est. time remaining.
       82% completed,  00:1:46 (hh:mm:ss) est. time remaining.
       83% completed,  00:1:43 (hh:mm:ss) est. time remaining.
       83% completed,  00:1:41 (hh:mm:ss) est. time remaining.
       84% completed,  00:1:38 (hh:mm:ss) est. time remaining.
       84% completed,  00:1:36 (hh:mm:ss) est. time remaining.
       84% completed,  00:1:33 (hh:mm:ss) est. time remaining.
       85% completed,  00:1:31 (hh:mm:ss) est. time remaining.
       85% completed,  00:1:29 (hh:mm:ss) est. time remaining.
       86% completed,  00:1:26 (hh:mm:ss) est. time remaining.
       86% completed,  00:1:24 (hh:mm:ss) est. time remaining.
       86% completed,  00:1:22 (hh:mm:ss) est. time remaining.
       87% completed,  00:1:20 (hh:mm:ss) est. time remaining.
       87% completed,  00:1:17 (hh:mm:ss) est. time remaining.
       87% completed,  00:1:15 (hh:mm:ss) est. time remaining.
       88% completed,  00:1:13 (hh:mm:ss) est. time remaining.
       88% completed,  00:1:11 (hh:mm:ss) est. time remaining.
       88% completed,  00:1:09 (hh:mm:ss) est. time remaining.
       89% completed,  00:1:07 (hh:mm:ss) est. time remaining.
       89% completed,  00:1:05 (hh:mm:ss) est. time remaining.
       89% completed,  00:1:03 (hh:mm:ss) est. time remaining.
       90% completed,  00:1:01 (hh:mm:ss) est. time remaining.
       90% completed,  00:0:59 (hh:mm:ss) est. time remaining.
       90% completed,  00:0:57 (hh:mm:ss) est. time remaining.
       91% completed,  00:0:55 (hh:mm:ss) est. time remaining.
       91% completed,  00:0:53 (hh:mm:ss) est. time remaining.
       91% completed,  00:0:52 (hh:mm:ss) est. time remaining.
       91% completed,  00:0:50 (hh:mm:ss) est. time remaining.
       92% completed,  00:0:48 (hh:mm:ss) est. time remaining.
       92% completed,  00:0:47 (hh:mm:ss) est. time remaining.
       92% completed,  00:0:45 (hh:mm:ss) est. time remaining.
       93% completed,  00:0:43 (hh:mm:ss) est. time remaining.
       93% completed,  00:0:42 (hh:mm:ss) est. time remaining.
       93% completed,  00:0:40 (hh:mm:ss) est. time remaining.
       93% completed,  00:0:38 (hh:mm:ss) est. time remaining.
       94% completed,  00:0:37 (hh:mm:ss) est. time remaining.
       94% completed,  00:0:35 (hh:mm:ss) est. time remaining.
       94% completed,  00:0:34 (hh:mm:ss) est. time remaining.
       94% completed,  00:0:33 (hh:mm:ss) est. time remaining.
       94% completed,  00:0:31 (hh:mm:ss) est. time remaining.
       95% completed,  00:0:30 (hh:mm:ss) est. time remaining.
       95% completed,  00:0:28 (hh:mm:ss) est. time remaining.
       95% completed,  00:0:27 (hh:mm:ss) est. time remaining.
       95% completed,  00:0:26 (hh:mm:ss) est. time remaining.
       96% completed,  00:0:25 (hh:mm:ss) est. time remaining.
       96% completed,  00:0:23 (hh:mm:ss) est. time remaining.
       96% completed,  00:0:22 (hh:mm:ss) est. time remaining.
       96% completed,  00:0:21 (hh:mm:ss) est. time remaining.
       96% completed,  00:0:20 (hh:mm:ss) est. time remaining.
       96% completed,  00:0:19 (hh:mm:ss) est. time remaining.
       97% completed,  00:0:18 (hh:mm:ss) est. time remaining.
       97% completed,  00:0:17 (hh:mm:ss) est. time remaining.
       97% completed,  00:0:16 (hh:mm:ss) est. time remaining.
       97% completed,  00:0:15 (hh:mm:ss) est. time remaining.
       97% completed,  00:0:14 (hh:mm:ss) est. time remaining.
       97% completed,  00:0:13 (hh:mm:ss) est. time remaining.
       98% completed,  00:0:12 (hh:mm:ss) est. time remaining.
       98% completed,  00:0:11 (hh:mm:ss) est. time remaining.
       98% completed,  00:0:10 (hh:mm:ss) est. time remaining.
       98% completed,  00:0:09 (hh:mm:ss) est. time remaining.
       98% completed,  00:0:09 (hh:mm:ss) est. time remaining.
       98% completed,  00:0:08 (hh:mm:ss) est. time remaining.
       98% completed,  00:0:07 (hh:mm:ss) est. time remaining.
       98% completed,  00:0:07 (hh:mm:ss) est. time remaining.
       98% completed,  00:0:06 (hh:mm:ss) est. time remaining.
       99% completed,  00:0:05 (hh:mm:ss) est. time remaining.
       99% completed,  00:0:05 (hh:mm:ss) est. time remaining.
       99% completed,  00:0:04 (hh:mm:ss) est. time remaining.
       99% completed,  00:0:04 (hh:mm:ss) est. time remaining.
       99% completed,  00:0:03 (hh:mm:ss) est. time remaining.
       99% completed,  00:0:03 (hh:mm:ss) est. time remaining.
       99% completed,  00:0:02 (hh:mm:ss) est. time remaining.
       99% completed,  00:0:02 (hh:mm:ss) est. time remaining.
       99% completed,  00:0:02 (hh:mm:ss) est. time remaining.
       99% completed,  00:0:01 (hh:mm:ss) est. time remaining.
       99% completed,  00:0:01 (hh:mm:ss) est. time remaining.
       99% completed,  00:0:01 (hh:mm:ss) est. time remaining.
       99% completed,  00:0:00 (hh:mm:ss) est. time remaining.
       99% completed,  00:0:00 (hh:mm:ss) est. time remaining.
       99% completed,  00:0:00 (hh:mm:ss) est. time remaining.
       99% completed,  00:0:00 (hh:mm:ss) est. time remaining.
       99% completed,  00:0:00 (hh:mm:ss) est. time remaining.
       99% completed,  00:0:00 (hh:mm:ss) est. time remaining.
       99% completed,  00:0:00 (hh:mm:ss) est. time remaining.
      100% completed,  00:0:00 (hh:mm:ss) est. time remaining.
Comparison Time: 00:10:31 (hh:mm:ss) Elapsed Time, 788 HSPs Collected
  - RECON: Running imagespread..
RECON Elapsed: 00:00:00 (hh:mm:ss) Elapsed Time
  - RECON: Running initial definition of elements ( eledef )..
RECON Elapsed: 00:00:02 (hh:mm:ss) Elapsed Time
  - RECON: Running re-definition of elements ( eleredef )..
RECON Elapsed: 00:00:03 (hh:mm:ss) Elapsed Time
  - RECON: Running re-definition of edges ( edgeredef )..
RECON Elapsed: 00:00:05 (hh:mm:ss) Elapsed Time
  - RECON: Running family definition ( famdef )..
RECON Elapsed: 00:00:00 (hh:mm:ss) Elapsed Time
  - Obtaining element sequences
Number of families returned by RECON: 445
Processing families with greater than 15 elements
Family Refinement: 00:00:00 (hh:mm:ss) Elapsed Time
Round Time: 00:11:10 (hh:mm:ss) Elapsed Time

RepeatScout/RECON discovery complete: 109 families found


RepeatClassifier Version 2.0.1
======================================
Search Engine = rmblast
  - Looking for Simple and Low Complexity sequences..
  - Looking for similarity to known repeat proteins..
Missing /hpc/group/vilgalyslab/yk158/miniconda3/envs/repeatmasker/share/RepeatMasker/Libraries/RepeatMasker.lib.nsq!
Please rerun the configure program in the RepeatModeler directory
before running this script.
  - Looking for similarity to known repeat consensi..
Classification Time: 00:03:14 (hh:mm:ss) Elapsed Time


Program Time: 02:54:00 (hh:mm:ss) Elapsed Time
Working directory:  /work/yk158/pmiEndo/repeatmodeler/RM_38196.TueAug181844532020
may be deleted unless there were problems with the run.

The results have been saved to:
  Truan1-families.fa  - Consensus sequences for each family identified.
  Truan1-families.stk - Seed alignments for each family identified.

The RepeatModeler stockholm file is formatted so that it can
easily be submitted to the Dfam database.  Please consider contributing
curated families to this open database and be a part of this growing
community resource.  For more information contact help@dfam.org.


