RepeatModeler Version 2.0.1
===========================
Search Engine = rmblast 2.9.0+
Dependencies: TRF 4.09, RECON , RepeatScout 1.0.6, RepeatMasker 
LTR Structural Analysis: Disabled [use -LTRStruct to enable]
Random Number Seed: 1597790520
Database = Umbelo1 .
  - Sequences = 38
  - Bases = 24636683
Using output directory = /work/yk158/pmiEndo/repeatmodeler/RM_37678.TueAug181842012020
Storage Throughput = fair ( 418.69 MB/s )

Ready to start the sampling process.
INFO: The runtime of RepeatModeler heavily depends on the quality of the assembly
      and the repetitive content of the sequences.  It is not imperative
      that RepeatModeler completes all rounds in order to obtain useful
      results.  At the completion of each round, the files ( consensi.fa, and
      families.stk ) found in:
      /work/yk158/pmiEndo/repeatmodeler/RM_37678.TueAug181842012020/ 
      will contain all results produced thus far. These files may be 
      manually copied and run through RepeatClassifier should the program
      be terminated early.


RepeatModeler Round # 1
========================
Searching for Repeats
 -- Sampling from the database...
   - Gathering up to 40000000 bp
   - Final Sample Size = 24636654 bp ( 24636654 non ambiguous )
   - Num Contigs Represented = 38
   - Sequence extraction : 00:00:02 (hh:mm:ss) Elapsed Time
 -- Running RepeatScout on the sequences...
   - RepeatScout: Running build_lmer_table ( l = 14 )..
   - RepeatScout: Running RepeatScout.. : 208 raw families identified
   - RepeatScout: Running filtering stage.. 204 families remaining
   - RepeatScout: 00:05:33 (hh:mm:ss) Elapsed Time
   - Large Satellite Filtering.. : 1 found in 00:00:01 (hh:mm:ss) Elapsed Time
   - Collecting repeat instances...
 -- Refining Family R=11 / 0 ( RS Elements: 624, Using 100 )
 -- Refining Family R=6 / 1 ( RS Elements: 391, Using 100 )
 -- Refining Family R=10 / 2 ( RS Elements: 359, Using 100 )
 -- Refining Family R=4 / 3 ( RS Elements: 348, Using 100 )
 -- Refining Family R=7 / 4 ( RS Elements: 286, Using 100 )
 -- Refining Family R=5 / 5 ( RS Elements: 212, Using 100 )
 -- Refining Family R=0 / 6 ( RS Elements: 200, Using 100 )
 -- Refining Family R=2 / 7 ( RS Elements: 177, Using 100 )
 -- Refining Family R=47 / 8 ( RS Elements: 176, Using 100 )
 -- Refining Family R=52 / 9 ( RS Elements: 154, Using 100 )
 -- Refining Family R=33 / 10 ( RS Elements: 142, Using 100 )
 -- Refining Family R=76 / 11 ( RS Elements: 138, Using 100 )
 -- Refining Family R=97 / 12 ( RS Elements: 121, Using 100 )
 -- Refining Family R=3 / 13 ( RS Elements: 95, Using 95 )
 -- Refining Family R=111 / 14 ( RS Elements: 80, Using 80 )
 -- Refining Family R=18 / 15 ( RS Elements: 68, Using 68 )
 -- Refining Family R=27 / 16 ( RS Elements: 57, Using 57 )
 -- Refining Family R=1 / 17 ( RS Elements: 52, Using 52 )
 -- Refining Family R=178 / 18 ( RS Elements: 49, Using 49 )
 -- Refining Family R=9 / 19 ( RS Elements: 48, Using 48 )
 -- Refining Family R=125 / 20 ( RS Elements: 47, Using 47 )
 -- Refining Family R=16 / 21 ( RS Elements: 35, Using 35 )
 -- Refining Family R=13 / 22 ( RS Elements: 29, Using 29 )
 -- Refining Family R=15 / 23 ( RS Elements: 27, Using 27 )
 -- Refining Family R=139 / 24 ( RS Elements: 25, Using 25 )
 -- Refining Family R=24 / 25 ( RS Elements: 25, Using 25 )
 -- Refining Family R=93 / 26 ( RS Elements: 25, Using 25 )
 -- Refining Family R=23 / 27 ( RS Elements: 25, Using 25 )
 -- Refining Family R=127 / 28 ( RS Elements: 23, Using 23 )
 -- Refining Family R=74 / 29 ( RS Elements: 23, Using 23 )
 -- Refining Family R=100 / 30 ( RS Elements: 22, Using 22 )
 -- Refining Family R=55 / 31 ( RS Elements: 22, Using 22 )
 -- Refining Family R=28 / 32 ( RS Elements: 21, Using 21 )
 -- Refining Family R=54 / 33 ( RS Elements: 20, Using 20 )
 -- Refining Family R=51 / 34 ( RS Elements: 19, Using 19 )
 -- Refining Family R=40 / 35 ( RS Elements: 18, Using 18 )
 -- Refining Family R=37 / 36 ( RS Elements: 18, Using 18 )
 -- Refining Family R=21 / 37 ( RS Elements: 18, Using 18 )
 -- Refining Family R=56 / 38 ( RS Elements: 18, Using 18 )
 -- Refining Family R=42 / 39 ( RS Elements: 18, Using 18 )
 -- Refining Family R=17 / 40 ( RS Elements: 17, Using 17 )
 -- Refining Family R=25 / 41 ( RS Elements: 16, Using 16 )
 -- Refining Family R=82 / 42 ( RS Elements: 16, Using 16 )
 -- Refining Family R=64 / 43 ( RS Elements: 16, Using 16 )
 -- Refining Family R=102 / 44 ( RS Elements: 16, Using 16 )
Family Refinement: 00:09:25 (hh:mm:ss) Elapsed Time


RepeatModeler Round # 2
========================
Searching for Repeats
 -- Sampling from the database...
   - Gathering up to 3000000 bp
   - Sequence extraction : 00:00:00 (hh:mm:ss) Elapsed Time
 -- Running TRFMask on the sequence...
       62 Tandem Repeats Masked
   - TRFMask time 00:00:04 (hh:mm:ss) Elapsed Time
 -- Masking repeats from the previous rounds...
  - Masking 1 - 5 of 76
  - Masking 16 - 30 of 76
  - Masking 41 - 65 of 76
  - Masking 76 - 76 of 76
   - TE Masking time 00:00:05 (hh:mm:ss) Elapsed Time
 -- Sample Stats:
       Sample Size 3026640 bp
       Num Contigs Represented = 30
       Non ambiguous bp:
             Initial: 3026640 bp
             After Masking: 2954598 bp
             Masked: 2.38 % 
 -- Input Database Coverage: 3026640 bp out of 24636683 bp ( 12.29 % )
Sampling Time: 00:00:09 (hh:mm:ss) Elapsed Time
Running all-by-other comparisons...
        2% completed,  00:3:42 (hh:mm:ss) est. time remaining.
        5% completed,  00:1:48 (hh:mm:ss) est. time remaining.
        7% completed,  00:1:58 (hh:mm:ss) est. time remaining.
       10% completed,  00:1:35 (hh:mm:ss) est. time remaining.
       12% completed,  00:1:48 (hh:mm:ss) est. time remaining.
       15% completed,  00:1:34 (hh:mm:ss) est. time remaining.
       17% completed,  00:1:37 (hh:mm:ss) est. time remaining.
       20% completed,  00:1:31 (hh:mm:ss) est. time remaining.
       22% completed,  00:1:29 (hh:mm:ss) est. time remaining.
       24% completed,  00:1:25 (hh:mm:ss) est. time remaining.
       27% completed,  00:1:26 (hh:mm:ss) est. time remaining.
       29% completed,  00:1:22 (hh:mm:ss) est. time remaining.
       31% completed,  00:1:18 (hh:mm:ss) est. time remaining.
       33% completed,  00:1:16 (hh:mm:ss) est. time remaining.
       35% completed,  00:1:15 (hh:mm:ss) est. time remaining.
       37% completed,  00:1:12 (hh:mm:ss) est. time remaining.
       39% completed,  00:1:09 (hh:mm:ss) est. time remaining.
       42% completed,  00:1:06 (hh:mm:ss) est. time remaining.
       44% completed,  00:1:04 (hh:mm:ss) est. time remaining.
       45% completed,  00:1:01 (hh:mm:ss) est. time remaining.
       47% completed,  00:0:59 (hh:mm:ss) est. time remaining.
       49% completed,  00:0:57 (hh:mm:ss) est. time remaining.
       51% completed,  00:0:55 (hh:mm:ss) est. time remaining.
       53% completed,  00:0:53 (hh:mm:ss) est. time remaining.
       55% completed,  00:0:51 (hh:mm:ss) est. time remaining.
       57% completed,  00:0:49 (hh:mm:ss) est. time remaining.
       58% completed,  00:0:47 (hh:mm:ss) est. time remaining.
       60% completed,  00:0:45 (hh:mm:ss) est. time remaining.
       62% completed,  00:0:43 (hh:mm:ss) est. time remaining.
       63% completed,  00:0:41 (hh:mm:ss) est. time remaining.
       65% completed,  00:0:39 (hh:mm:ss) est. time remaining.
       66% completed,  00:0:38 (hh:mm:ss) est. time remaining.
       68% completed,  00:0:36 (hh:mm:ss) est. time remaining.
       69% completed,  00:0:35 (hh:mm:ss) est. time remaining.
       71% completed,  00:0:33 (hh:mm:ss) est. time remaining.
       72% completed,  00:0:31 (hh:mm:ss) est. time remaining.
       74% completed,  00:0:30 (hh:mm:ss) est. time remaining.
       75% completed,  00:0:28 (hh:mm:ss) est. time remaining.
       76% completed,  00:0:27 (hh:mm:ss) est. time remaining.
       77% completed,  00:0:25 (hh:mm:ss) est. time remaining.
       79% completed,  00:0:24 (hh:mm:ss) est. time remaining.
       80% completed,  00:0:23 (hh:mm:ss) est. time remaining.
       81% completed,  00:0:21 (hh:mm:ss) est. time remaining.
       82% completed,  00:0:20 (hh:mm:ss) est. time remaining.
       83% completed,  00:0:18 (hh:mm:ss) est. time remaining.
       84% completed,  00:0:17 (hh:mm:ss) est. time remaining.
       85% completed,  00:0:16 (hh:mm:ss) est. time remaining.
       86% completed,  00:0:15 (hh:mm:ss) est. time remaining.
       87% completed,  00:0:14 (hh:mm:ss) est. time remaining.
       88% completed,  00:0:13 (hh:mm:ss) est. time remaining.
       89% completed,  00:0:12 (hh:mm:ss) est. time remaining.
       90% completed,  00:0:11 (hh:mm:ss) est. time remaining.
       91% completed,  00:0:10 (hh:mm:ss) est. time remaining.
       91% completed,  00:0:09 (hh:mm:ss) est. time remaining.
       92% completed,  00:0:08 (hh:mm:ss) est. time remaining.
       93% completed,  00:0:07 (hh:mm:ss) est. time remaining.
       94% completed,  00:0:06 (hh:mm:ss) est. time remaining.
       94% completed,  00:0:06 (hh:mm:ss) est. time remaining.
       95% completed,  00:0:05 (hh:mm:ss) est. time remaining.
       95% completed,  00:0:04 (hh:mm:ss) est. time remaining.
       96% completed,  00:0:04 (hh:mm:ss) est. time remaining.
       96% completed,  00:0:03 (hh:mm:ss) est. time remaining.
       97% completed,  00:0:03 (hh:mm:ss) est. time remaining.
       97% completed,  00:0:02 (hh:mm:ss) est. time remaining.
       98% completed,  00:0:02 (hh:mm:ss) est. time remaining.
       98% completed,  00:0:01 (hh:mm:ss) est. time remaining.
       98% completed,  00:0:01 (hh:mm:ss) est. time remaining.
       99% completed,  00:0:01 (hh:mm:ss) est. time remaining.
       99% completed,  00:0:00 (hh:mm:ss) est. time remaining.
       99% completed,  00:0:00 (hh:mm:ss) est. time remaining.
       99% completed,  00:0:00 (hh:mm:ss) est. time remaining.
       99% completed,  00:0:00 (hh:mm:ss) est. time remaining.
       99% completed,  00:0:00 (hh:mm:ss) est. time remaining.
       99% completed,  00:0:00 (hh:mm:ss) est. time remaining.
      100% completed,  00:0:00 (hh:mm:ss) est. time remaining.
Comparison Time: 00:01:58 (hh:mm:ss) Elapsed Time, 229 HSPs Collected
  - RECON: Running imagespread..
RECON Elapsed: 00:00:00 (hh:mm:ss) Elapsed Time
  - RECON: Running initial definition of elements ( eledef )..
RECON Elapsed: 00:00:01 (hh:mm:ss) Elapsed Time
  - RECON: Running re-definition of elements ( eleredef )..
RECON Elapsed: 00:00:00 (hh:mm:ss) Elapsed Time
  - RECON: Running re-definition of edges ( edgeredef )..
RECON Elapsed: 00:00:02 (hh:mm:ss) Elapsed Time
  - RECON: Running family definition ( famdef )..
RECON Elapsed: 00:00:00 (hh:mm:ss) Elapsed Time
  - Obtaining element sequences
Number of families returned by RECON: 90
Processing families with greater than 15 elements
Family Refinement: 00:00:00 (hh:mm:ss) Elapsed Time
Round Time: 00:02:11 (hh:mm:ss) Elapsed Time


RepeatModeler Round # 3
========================
Searching for Repeats
 -- Sampling from the database...
   - Gathering up to 9000000 bp
   - Sequence extraction : 00:00:00 (hh:mm:ss) Elapsed Time
 -- Running TRFMask on the sequence...
       207 Tandem Repeats Masked
   - TRFMask time 00:00:10 (hh:mm:ss) Elapsed Time
 -- Masking repeats from the previous rounds...
  - Masking 1 - 5 of 230
  - Masking 16 - 30 of 230
  - Masking 41 - 65 of 230
  - Masking 76 - 110 of 230
  - Masking 121 - 165 of 230
  - Masking 176 - 230 of 230
   - TE Masking time 00:00:16 (hh:mm:ss) Elapsed Time
 -- Sample Stats:
       Sample Size 9032150 bp
       Num Contigs Represented = 36
       Non ambiguous bp:
             Initial: 9032150 bp
             After Masking: 8752206 bp
             Masked: 3.10 % 
 -- Input Database Coverage: 12058790 bp out of 24636683 bp ( 48.95 % )
Sampling Time: 00:00:26 (hh:mm:ss) Elapsed Time
Running all-by-other comparisons...
        0% completed,  00:30:24 (hh:mm:ss) est. time remaining.
        1% completed,  00:16:02 (hh:mm:ss) est. time remaining.
        2% completed,  00:20:37 (hh:mm:ss) est. time remaining.
        3% completed,  00:15:22 (hh:mm:ss) est. time remaining.
        4% completed,  00:18:31 (hh:mm:ss) est. time remaining.
        5% completed,  00:15:37 (hh:mm:ss) est. time remaining.
        6% completed,  00:17:28 (hh:mm:ss) est. time remaining.
        6% completed,  00:15:11 (hh:mm:ss) est. time remaining.
        7% completed,  00:16:24 (hh:mm:ss) est. time remaining.
        8% completed,  00:15:12 (hh:mm:ss) est. time remaining.
        9% completed,  00:15:49 (hh:mm:ss) est. time remaining.
       10% completed,  00:15:17 (hh:mm:ss) est. time remaining.
       11% completed,  00:15:29 (hh:mm:ss) est. time remaining.
       11% completed,  00:14:54 (hh:mm:ss) est. time remaining.
       12% completed,  00:15:11 (hh:mm:ss) est. time remaining.
       13% completed,  00:14:34 (hh:mm:ss) est. time remaining.
       14% completed,  00:14:55 (hh:mm:ss) est. time remaining.
       15% completed,  00:14:16 (hh:mm:ss) est. time remaining.
       15% completed,  00:14:34 (hh:mm:ss) est. time remaining.
       16% completed,  00:13:59 (hh:mm:ss) est. time remaining.
       17% completed,  00:14:20 (hh:mm:ss) est. time remaining.
       18% completed,  00:13:44 (hh:mm:ss) est. time remaining.
       19% completed,  00:13:53 (hh:mm:ss) est. time remaining.
       19% completed,  00:13:24 (hh:mm:ss) est. time remaining.
       20% completed,  00:13:37 (hh:mm:ss) est. time remaining.
       21% completed,  00:13:10 (hh:mm:ss) est. time remaining.
       22% completed,  00:13:18 (hh:mm:ss) est. time remaining.
       22% completed,  00:13:00 (hh:mm:ss) est. time remaining.
       23% completed,  00:13:13 (hh:mm:ss) est. time remaining.
       24% completed,  00:12:46 (hh:mm:ss) est. time remaining.
       25% completed,  00:12:55 (hh:mm:ss) est. time remaining.
       25% completed,  00:12:33 (hh:mm:ss) est. time remaining.
       26% completed,  00:12:40 (hh:mm:ss) est. time remaining.
       27% completed,  00:12:17 (hh:mm:ss) est. time remaining.
       28% completed,  00:12:24 (hh:mm:ss) est. time remaining.
       28% completed,  00:12:02 (hh:mm:ss) est. time remaining.
       29% completed,  00:12:06 (hh:mm:ss) est. time remaining.
       30% completed,  00:11:46 (hh:mm:ss) est. time remaining.
       31% completed,  00:11:51 (hh:mm:ss) est. time remaining.
       31% completed,  00:11:32 (hh:mm:ss) est. time remaining.
       32% completed,  00:11:34 (hh:mm:ss) est. time remaining.
       33% completed,  00:11:16 (hh:mm:ss) est. time remaining.
       33% completed,  00:11:16 (hh:mm:ss) est. time remaining.
       34% completed,  00:10:55 (hh:mm:ss) est. time remaining.
       35% completed,  00:11:01 (hh:mm:ss) est. time remaining.
       36% completed,  00:10:41 (hh:mm:ss) est. time remaining.
       36% completed,  00:10:46 (hh:mm:ss) est. time remaining.
       37% completed,  00:10:27 (hh:mm:ss) est. time remaining.
       38% completed,  00:10:32 (hh:mm:ss) est. time remaining.
       38% completed,  00:10:16 (hh:mm:ss) est. time remaining.
       39% completed,  00:10:07 (hh:mm:ss) est. time remaining.
       40% completed,  00:9:55 (hh:mm:ss) est. time remaining.
       40% completed,  00:9:53 (hh:mm:ss) est. time remaining.
       41% completed,  00:9:43 (hh:mm:ss) est. time remaining.
       42% completed,  00:9:42 (hh:mm:ss) est. time remaining.
       42% completed,  00:9:28 (hh:mm:ss) est. time remaining.
       43% completed,  00:9:28 (hh:mm:ss) est. time remaining.
       44% completed,  00:9:16 (hh:mm:ss) est. time remaining.
       44% completed,  00:9:15 (hh:mm:ss) est. time remaining.
       45% completed,  00:9:03 (hh:mm:ss) est. time remaining.
       46% completed,  00:8:59 (hh:mm:ss) est. time remaining.
       46% completed,  00:8:47 (hh:mm:ss) est. time remaining.
       47% completed,  00:8:46 (hh:mm:ss) est. time remaining.
       47% completed,  00:8:33 (hh:mm:ss) est. time remaining.
       48% completed,  00:8:32 (hh:mm:ss) est. time remaining.
       49% completed,  00:8:21 (hh:mm:ss) est. time remaining.
       49% completed,  00:8:19 (hh:mm:ss) est. time remaining.
       50% completed,  00:8:11 (hh:mm:ss) est. time remaining.
       51% completed,  00:8:07 (hh:mm:ss) est. time remaining.
       51% completed,  00:7:59 (hh:mm:ss) est. time remaining.
       52% completed,  00:7:55 (hh:mm:ss) est. time remaining.
       52% completed,  00:7:48 (hh:mm:ss) est. time remaining.
       53% completed,  00:7:44 (hh:mm:ss) est. time remaining.
       54% completed,  00:7:35 (hh:mm:ss) est. time remaining.
       54% completed,  00:7:27 (hh:mm:ss) est. time remaining.
       55% completed,  00:7:21 (hh:mm:ss) est. time remaining.
       55% completed,  00:7:14 (hh:mm:ss) est. time remaining.
       56% completed,  00:7:08 (hh:mm:ss) est. time remaining.
       56% completed,  00:7:01 (hh:mm:ss) est. time remaining.
       57% completed,  00:6:52 (hh:mm:ss) est. time remaining.
       58% completed,  00:6:50 (hh:mm:ss) est. time remaining.
       58% completed,  00:6:41 (hh:mm:ss) est. time remaining.
       59% completed,  00:6:39 (hh:mm:ss) est. time remaining.
       59% completed,  00:6:31 (hh:mm:ss) est. time remaining.
       60% completed,  00:6:28 (hh:mm:ss) est. time remaining.
       60% completed,  00:6:21 (hh:mm:ss) est. time remaining.
       61% completed,  00:6:17 (hh:mm:ss) est. time remaining.
       61% completed,  00:6:10 (hh:mm:ss) est. time remaining.
       62% completed,  00:6:06 (hh:mm:ss) est. time remaining.
       63% completed,  00:6:00 (hh:mm:ss) est. time remaining.
       63% completed,  00:5:56 (hh:mm:ss) est. time remaining.
       64% completed,  00:5:49 (hh:mm:ss) est. time remaining.
       64% completed,  00:5:46 (hh:mm:ss) est. time remaining.
       65% completed,  00:5:40 (hh:mm:ss) est. time remaining.
       65% completed,  00:5:36 (hh:mm:ss) est. time remaining.
       66% completed,  00:5:30 (hh:mm:ss) est. time remaining.
       66% completed,  00:5:26 (hh:mm:ss) est. time remaining.
       67% completed,  00:5:21 (hh:mm:ss) est. time remaining.
       67% completed,  00:5:16 (hh:mm:ss) est. time remaining.
       68% completed,  00:5:11 (hh:mm:ss) est. time remaining.
       68% completed,  00:5:08 (hh:mm:ss) est. time remaining.
       69% completed,  00:5:02 (hh:mm:ss) est. time remaining.
       69% completed,  00:4:58 (hh:mm:ss) est. time remaining.
       70% completed,  00:4:53 (hh:mm:ss) est. time remaining.
       70% completed,  00:4:49 (hh:mm:ss) est. time remaining.
       71% completed,  00:4:43 (hh:mm:ss) est. time remaining.
       71% completed,  00:4:40 (hh:mm:ss) est. time remaining.
       71% completed,  00:4:34 (hh:mm:ss) est. time remaining.
       72% completed,  00:4:30 (hh:mm:ss) est. time remaining.
       72% completed,  00:4:25 (hh:mm:ss) est. time remaining.
       73% completed,  00:4:22 (hh:mm:ss) est. time remaining.
       73% completed,  00:4:16 (hh:mm:ss) est. time remaining.
       74% completed,  00:4:13 (hh:mm:ss) est. time remaining.
       74% completed,  00:4:08 (hh:mm:ss) est. time remaining.
       75% completed,  00:4:05 (hh:mm:ss) est. time remaining.
       75% completed,  00:4:00 (hh:mm:ss) est. time remaining.
       75% completed,  00:3:56 (hh:mm:ss) est. time remaining.
       76% completed,  00:3:51 (hh:mm:ss) est. time remaining.
       76% completed,  00:3:48 (hh:mm:ss) est. time remaining.
       77% completed,  00:3:43 (hh:mm:ss) est. time remaining.
       77% completed,  00:3:39 (hh:mm:ss) est. time remaining.
       78% completed,  00:3:35 (hh:mm:ss) est. time remaining.
       78% completed,  00:3:32 (hh:mm:ss) est. time remaining.
       78% completed,  00:3:27 (hh:mm:ss) est. time remaining.
       79% completed,  00:3:24 (hh:mm:ss) est. time remaining.
       79% completed,  00:3:19 (hh:mm:ss) est. time remaining.
       80% completed,  00:3:16 (hh:mm:ss) est. time remaining.
       80% completed,  00:3:12 (hh:mm:ss) est. time remaining.
       80% completed,  00:3:08 (hh:mm:ss) est. time remaining.
       81% completed,  00:3:04 (hh:mm:ss) est. time remaining.
       81% completed,  00:3:01 (hh:mm:ss) est. time remaining.
       81% completed,  00:2:57 (hh:mm:ss) est. time remaining.
       82% completed,  00:2:54 (hh:mm:ss) est. time remaining.
       82% completed,  00:2:50 (hh:mm:ss) est. time remaining.
       83% completed,  00:2:47 (hh:mm:ss) est. time remaining.
       83% completed,  00:2:43 (hh:mm:ss) est. time remaining.
       83% completed,  00:2:40 (hh:mm:ss) est. time remaining.
       84% completed,  00:2:36 (hh:mm:ss) est. time remaining.
       84% completed,  00:2:33 (hh:mm:ss) est. time remaining.
       84% completed,  00:2:29 (hh:mm:ss) est. time remaining.
       85% completed,  00:2:26 (hh:mm:ss) est. time remaining.
       85% completed,  00:2:22 (hh:mm:ss) est. time remaining.
       85% completed,  00:2:19 (hh:mm:ss) est. time remaining.
       86% completed,  00:2:16 (hh:mm:ss) est. time remaining.
       86% completed,  00:2:13 (hh:mm:ss) est. time remaining.
       86% completed,  00:2:09 (hh:mm:ss) est. time remaining.
       87% completed,  00:2:07 (hh:mm:ss) est. time remaining.
       87% completed,  00:2:03 (hh:mm:ss) est. time remaining.
       87% completed,  00:2:00 (hh:mm:ss) est. time remaining.
       88% completed,  00:1:54 (hh:mm:ss) est. time remaining.
       88% completed,  00:1:51 (hh:mm:ss) est. time remaining.
       88% completed,  00:1:48 (hh:mm:ss) est. time remaining.
       89% completed,  00:1:45 (hh:mm:ss) est. time remaining.
       89% completed,  00:1:42 (hh:mm:ss) est. time remaining.
       89% completed,  00:1:40 (hh:mm:ss) est. time remaining.
       90% completed,  00:1:37 (hh:mm:ss) est. time remaining.
       90% completed,  00:1:34 (hh:mm:ss) est. time remaining.
       90% completed,  00:1:32 (hh:mm:ss) est. time remaining.
       90% completed,  00:1:29 (hh:mm:ss) est. time remaining.
       91% completed,  00:1:27 (hh:mm:ss) est. time remaining.
       91% completed,  00:1:24 (hh:mm:ss) est. time remaining.
       91% completed,  00:1:22 (hh:mm:ss) est. time remaining.
       91% completed,  00:1:19 (hh:mm:ss) est. time remaining.
       92% completed,  00:1:17 (hh:mm:ss) est. time remaining.
       92% completed,  00:1:14 (hh:mm:ss) est. time remaining.
       92% completed,  00:1:12 (hh:mm:ss) est. time remaining.
       92% completed,  00:1:10 (hh:mm:ss) est. time remaining.
       93% completed,  00:1:08 (hh:mm:ss) est. time remaining.
       93% completed,  00:1:05 (hh:mm:ss) est. time remaining.
       93% completed,  00:1:03 (hh:mm:ss) est. time remaining.
       93% completed,  00:1:01 (hh:mm:ss) est. time remaining.
       93% completed,  00:0:59 (hh:mm:ss) est. time remaining.
       94% completed,  00:0:57 (hh:mm:ss) est. time remaining.
       94% completed,  00:0:55 (hh:mm:ss) est. time remaining.
       94% completed,  00:0:53 (hh:mm:ss) est. time remaining.
       94% completed,  00:0:51 (hh:mm:ss) est. time remaining.
       94% completed,  00:0:49 (hh:mm:ss) est. time remaining.
       95% completed,  00:0:47 (hh:mm:ss) est. time remaining.
       95% completed,  00:0:45 (hh:mm:ss) est. time remaining.
       95% completed,  00:0:43 (hh:mm:ss) est. time remaining.
       95% completed,  00:0:42 (hh:mm:ss) est. time remaining.
       95% completed,  00:0:40 (hh:mm:ss) est. time remaining.
       96% completed,  00:0:38 (hh:mm:ss) est. time remaining.
       96% completed,  00:0:36 (hh:mm:ss) est. time remaining.
       96% completed,  00:0:35 (hh:mm:ss) est. time remaining.
       96% completed,  00:0:33 (hh:mm:ss) est. time remaining.
       96% completed,  00:0:32 (hh:mm:ss) est. time remaining.
       96% completed,  00:0:30 (hh:mm:ss) est. time remaining.
       97% completed,  00:0:29 (hh:mm:ss) est. time remaining.
       97% completed,  00:0:27 (hh:mm:ss) est. time remaining.
       97% completed,  00:0:26 (hh:mm:ss) est. time remaining.
       97% completed,  00:0:24 (hh:mm:ss) est. time remaining.
       97% completed,  00:0:23 (hh:mm:ss) est. time remaining.
       97% completed,  00:0:22 (hh:mm:ss) est. time remaining.
       97% completed,  00:0:20 (hh:mm:ss) est. time remaining.
       97% completed,  00:0:19 (hh:mm:ss) est. time remaining.
       98% completed,  00:0:18 (hh:mm:ss) est. time remaining.
       98% completed,  00:0:17 (hh:mm:ss) est. time remaining.
       98% completed,  00:0:16 (hh:mm:ss) est. time remaining.
       98% completed,  00:0:15 (hh:mm:ss) est. time remaining.
       98% completed,  00:0:14 (hh:mm:ss) est. time remaining.
       98% completed,  00:0:13 (hh:mm:ss) est. time remaining.
       98% completed,  00:0:12 (hh:mm:ss) est. time remaining.
       98% completed,  00:0:11 (hh:mm:ss) est. time remaining.
       98% completed,  00:0:10 (hh:mm:ss) est. time remaining.
       99% completed,  00:0:09 (hh:mm:ss) est. time remaining.
       99% completed,  00:0:08 (hh:mm:ss) est. time remaining.
       99% completed,  00:0:07 (hh:mm:ss) est. time remaining.
       99% completed,  00:0:07 (hh:mm:ss) est. time remaining.
       99% completed,  00:0:06 (hh:mm:ss) est. time remaining.
       99% completed,  00:0:05 (hh:mm:ss) est. time remaining.
       99% completed,  00:0:05 (hh:mm:ss) est. time remaining.
       99% completed,  00:0:04 (hh:mm:ss) est. time remaining.
       99% completed,  00:0:03 (hh:mm:ss) est. time remaining.
       99% completed,  00:0:03 (hh:mm:ss) est. time remaining.
       99% completed,  00:0:02 (hh:mm:ss) est. time remaining.
       99% completed,  00:0:02 (hh:mm:ss) est. time remaining.
       99% completed,  00:0:02 (hh:mm:ss) est. time remaining.
       99% completed,  00:0:01 (hh:mm:ss) est. time remaining.
       99% completed,  00:0:01 (hh:mm:ss) est. time remaining.
       99% completed,  00:0:01 (hh:mm:ss) est. time remaining.
       99% completed,  00:0:00 (hh:mm:ss) est. time remaining.
       99% completed,  00:0:00 (hh:mm:ss) est. time remaining.
       99% completed,  00:0:00 (hh:mm:ss) est. time remaining.
       99% completed,  00:0:00 (hh:mm:ss) est. time remaining.
       99% completed,  00:0:00 (hh:mm:ss) est. time remaining.
       99% completed,  00:0:00 (hh:mm:ss) est. time remaining.
      100% completed,  00:0:00 (hh:mm:ss) est. time remaining.
Comparison Time: 00:16:26 (hh:mm:ss) Elapsed Time, 2007 HSPs Collected
  - RECON: Running imagespread..
RECON Elapsed: 00:00:00 (hh:mm:ss) Elapsed Time
  - RECON: Running initial definition of elements ( eledef )..
RECON Elapsed: 00:00:05 (hh:mm:ss) Elapsed Time
  - RECON: Running re-definition of elements ( eleredef )..
RECON Elapsed: 00:00:07 (hh:mm:ss) Elapsed Time
  - RECON: Running re-definition of edges ( edgeredef )..
RECON Elapsed: 00:00:10 (hh:mm:ss) Elapsed Time
  - RECON: Running family definition ( famdef )..
RECON Elapsed: 00:00:02 (hh:mm:ss) Elapsed Time
  - Obtaining element sequences
Number of families returned by RECON: 859
Processing families with greater than 15 elements

Processing RECON family: 127
  - Saving 24 elements
  - Refining family-127 model...
Family Refinement: 00:00:04 (hh:mm:ss) Elapsed Time
Round Time: 00:17:28 (hh:mm:ss) Elapsed Time
   - Increasing sample size to include end piece now = 39610043


RepeatModeler Round # 4
========================
Searching for Repeats
 -- Sampling from the database...
   - Gathering up to 39610043 bp
   - Sequence extraction : 00:00:01 (hh:mm:ss) Elapsed Time
 -- Running TRFMask on the sequence...
       234 Tandem Repeats Masked
   - TRFMask time 00:00:12 (hh:mm:ss) Elapsed Time
 -- Masking repeats from the previous rounds...
  - Masking 1 - 5 of 330
  - Masking 16 - 30 of 330
  - Masking 41 - 65 of 330
  - Masking 76 - 110 of 330
  - Masking 121 - 165 of 330
  - Masking 176 - 230 of 330
  - Masking 241 - 305 of 330
  - Masking 316 - 330 of 330
   - TE Masking time 00:00:22 (hh:mm:ss) Elapsed Time
 -- Sample Stats:
       Sample Size 12577717 bp
       Num Contigs Represented = 36
       Non ambiguous bp:
             Initial: 12577717 bp
             After Masking: 12240298 bp
             Masked: 2.68 % 
 -- Input Database Coverage: 24636507 bp out of 24636683 bp ( 100.00 % )
Sampling Time: 00:00:36 (hh:mm:ss) Elapsed Time
Running all-by-other comparisons...
        0% completed,  00:54:40 (hh:mm:ss) est. time remaining.
        1% completed,  00:43:32 (hh:mm:ss) est. time remaining.
        1% completed,  00:37:55 (hh:mm:ss) est. time remaining.
        2% completed,  00:37:44 (hh:mm:ss) est. time remaining.
        3% completed,  00:36:29 (hh:mm:ss) est. time remaining.
        3% completed,  00:35:36 (hh:mm:ss) est. time remaining.
        4% completed,  00:35:19 (hh:mm:ss) est. time remaining.
        4% completed,  00:34:24 (hh:mm:ss) est. time remaining.
        5% completed,  00:34:31 (hh:mm:ss) est. time remaining.
        5% completed,  00:33:33 (hh:mm:ss) est. time remaining.
        6% completed,  00:33:26 (hh:mm:ss) est. time remaining.
        7% completed,  00:32:53 (hh:mm:ss) est. time remaining.
        7% completed,  00:32:48 (hh:mm:ss) est. time remaining.
        8% completed,  00:32:31 (hh:mm:ss) est. time remaining.
        8% completed,  00:30:43 (hh:mm:ss) est. time remaining.
        9% completed,  00:29:36 (hh:mm:ss) est. time remaining.
       10% completed,  00:30:16 (hh:mm:ss) est. time remaining.
       10% completed,  00:29:09 (hh:mm:ss) est. time remaining.
       11% completed,  00:29:51 (hh:mm:ss) est. time remaining.
       11% completed,  00:28:36 (hh:mm:ss) est. time remaining.
       12% completed,  00:29:28 (hh:mm:ss) est. time remaining.
       12% completed,  00:28:13 (hh:mm:ss) est. time remaining.
       13% completed,  00:29:06 (hh:mm:ss) est. time remaining.
       14% completed,  00:27:57 (hh:mm:ss) est. time remaining.
       14% completed,  00:28:34 (hh:mm:ss) est. time remaining.
       15% completed,  00:27:36 (hh:mm:ss) est. time remaining.
       15% completed,  00:28:14 (hh:mm:ss) est. time remaining.
       16% completed,  00:27:16 (hh:mm:ss) est. time remaining.
       16% completed,  00:26:11 (hh:mm:ss) est. time remaining.
       17% completed,  00:25:16 (hh:mm:ss) est. time remaining.
       17% completed,  00:25:51 (hh:mm:ss) est. time remaining.
       18% completed,  00:25:08 (hh:mm:ss) est. time remaining.
       19% completed,  00:25:36 (hh:mm:ss) est. time remaining.
       19% completed,  00:24:55 (hh:mm:ss) est. time remaining.
       20% completed,  00:25:24 (hh:mm:ss) est. time remaining.
       20% completed,  00:24:42 (hh:mm:ss) est. time remaining.
       21% completed,  00:25:09 (hh:mm:ss) est. time remaining.
       21% completed,  00:24:29 (hh:mm:ss) est. time remaining.
       22% completed,  00:24:57 (hh:mm:ss) est. time remaining.
       22% completed,  00:24:18 (hh:mm:ss) est. time remaining.
       23% completed,  00:24:38 (hh:mm:ss) est. time remaining.
       23% completed,  00:24:01 (hh:mm:ss) est. time remaining.
       24% completed,  00:24:16 (hh:mm:ss) est. time remaining.
       24% completed,  00:23:38 (hh:mm:ss) est. time remaining.
       25% completed,  00:23:55 (hh:mm:ss) est. time remaining.
       25% completed,  00:23:19 (hh:mm:ss) est. time remaining.
       26% completed,  00:23:29 (hh:mm:ss) est. time remaining.
       27% completed,  00:22:57 (hh:mm:ss) est. time remaining.
       27% completed,  00:23:09 (hh:mm:ss) est. time remaining.
       28% completed,  00:22:37 (hh:mm:ss) est. time remaining.
       28% completed,  00:22:45 (hh:mm:ss) est. time remaining.
       29% completed,  00:22:12 (hh:mm:ss) est. time remaining.
       29% completed,  00:22:27 (hh:mm:ss) est. time remaining.
       30% completed,  00:21:57 (hh:mm:ss) est. time remaining.
       30% completed,  00:22:06 (hh:mm:ss) est. time remaining.
       31% completed,  00:21:38 (hh:mm:ss) est. time remaining.
       31% completed,  00:21:49 (hh:mm:ss) est. time remaining.
       32% completed,  00:21:23 (hh:mm:ss) est. time remaining.
       32% completed,  00:21:35 (hh:mm:ss) est. time remaining.
       33% completed,  00:21:07 (hh:mm:ss) est. time remaining.
       33% completed,  00:21:04 (hh:mm:ss) est. time remaining.
       34% completed,  00:20:43 (hh:mm:ss) est. time remaining.
       34% completed,  00:20:48 (hh:mm:ss) est. time remaining.
       35% completed,  00:20:27 (hh:mm:ss) est. time remaining.
       35% completed,  00:20:32 (hh:mm:ss) est. time remaining.
       36% completed,  00:20:15 (hh:mm:ss) est. time remaining.
       36% completed,  00:20:12 (hh:mm:ss) est. time remaining.
       37% completed,  00:19:56 (hh:mm:ss) est. time remaining.
       37% completed,  00:19:56 (hh:mm:ss) est. time remaining.
       37% completed,  00:19:37 (hh:mm:ss) est. time remaining.
       38% completed,  00:19:15 (hh:mm:ss) est. time remaining.
       38% completed,  00:19:19 (hh:mm:ss) est. time remaining.
       39% completed,  00:19:01 (hh:mm:ss) est. time remaining.
       39% completed,  00:19:04 (hh:mm:ss) est. time remaining.
       40% completed,  00:18:48 (hh:mm:ss) est. time remaining.
       40% completed,  00:18:46 (hh:mm:ss) est. time remaining.
       41% completed,  00:18:32 (hh:mm:ss) est. time remaining.
       41% completed,  00:18:31 (hh:mm:ss) est. time remaining.
       42% completed,  00:18:18 (hh:mm:ss) est. time remaining.
       42% completed,  00:18:13 (hh:mm:ss) est. time remaining.
       43% completed,  00:18:02 (hh:mm:ss) est. time remaining.
       43% completed,  00:17:55 (hh:mm:ss) est. time remaining.
       44% completed,  00:17:46 (hh:mm:ss) est. time remaining.
       44% completed,  00:17:39 (hh:mm:ss) est. time remaining.
       44% completed,  00:17:32 (hh:mm:ss) est. time remaining.
       45% completed,  00:17:23 (hh:mm:ss) est. time remaining.
       45% completed,  00:17:17 (hh:mm:ss) est. time remaining.
       46% completed,  00:17:07 (hh:mm:ss) est. time remaining.
       46% completed,  00:17:02 (hh:mm:ss) est. time remaining.
       47% completed,  00:16:52 (hh:mm:ss) est. time remaining.
       47% completed,  00:16:44 (hh:mm:ss) est. time remaining.
       48% completed,  00:16:35 (hh:mm:ss) est. time remaining.
       48% completed,  00:16:28 (hh:mm:ss) est. time remaining.
       48% completed,  00:16:19 (hh:mm:ss) est. time remaining.
       49% completed,  00:16:13 (hh:mm:ss) est. time remaining.
       49% completed,  00:16:04 (hh:mm:ss) est. time remaining.
       50% completed,  00:15:57 (hh:mm:ss) est. time remaining.
       50% completed,  00:15:48 (hh:mm:ss) est. time remaining.
       51% completed,  00:15:42 (hh:mm:ss) est. time remaining.
       51% completed,  00:15:30 (hh:mm:ss) est. time remaining.
       51% completed,  00:15:28 (hh:mm:ss) est. time remaining.
       52% completed,  00:15:15 (hh:mm:ss) est. time remaining.
       52% completed,  00:15:12 (hh:mm:ss) est. time remaining.
       53% completed,  00:14:59 (hh:mm:ss) est. time remaining.
       53% completed,  00:14:56 (hh:mm:ss) est. time remaining.
       53% completed,  00:14:41 (hh:mm:ss) est. time remaining.
       54% completed,  00:14:40 (hh:mm:ss) est. time remaining.
       54% completed,  00:14:28 (hh:mm:ss) est. time remaining.
       55% completed,  00:14:25 (hh:mm:ss) est. time remaining.
       55% completed,  00:14:12 (hh:mm:ss) est. time remaining.
       56% completed,  00:14:01 (hh:mm:ss) est. time remaining.
       56% completed,  00:13:50 (hh:mm:ss) est. time remaining.
       56% completed,  00:13:38 (hh:mm:ss) est. time remaining.
       57% completed,  00:13:28 (hh:mm:ss) est. time remaining.
       57% completed,  00:13:20 (hh:mm:ss) est. time remaining.
       58% completed,  00:13:10 (hh:mm:ss) est. time remaining.
       58% completed,  00:13:06 (hh:mm:ss) est. time remaining.
       58% completed,  00:12:57 (hh:mm:ss) est. time remaining.
       59% completed,  00:12:52 (hh:mm:ss) est. time remaining.
       59% completed,  00:12:42 (hh:mm:ss) est. time remaining.
       59% completed,  00:12:39 (hh:mm:ss) est. time remaining.
       60% completed,  00:12:29 (hh:mm:ss) est. time remaining.
       60% completed,  00:12:25 (hh:mm:ss) est. time remaining.
       61% completed,  00:12:15 (hh:mm:ss) est. time remaining.
       61% completed,  00:12:11 (hh:mm:ss) est. time remaining.
       61% completed,  00:12:02 (hh:mm:ss) est. time remaining.
       62% completed,  00:11:56 (hh:mm:ss) est. time remaining.
       62% completed,  00:11:49 (hh:mm:ss) est. time remaining.
       62% completed,  00:11:43 (hh:mm:ss) est. time remaining.
       63% completed,  00:11:36 (hh:mm:ss) est. time remaining.
       63% completed,  00:11:29 (hh:mm:ss) est. time remaining.
       64% completed,  00:11:22 (hh:mm:ss) est. time remaining.
       64% completed,  00:11:15 (hh:mm:ss) est. time remaining.
       64% completed,  00:11:10 (hh:mm:ss) est. time remaining.
       65% completed,  00:11:02 (hh:mm:ss) est. time remaining.
       65% completed,  00:10:57 (hh:mm:ss) est. time remaining.
       65% completed,  00:10:49 (hh:mm:ss) est. time remaining.
       66% completed,  00:10:44 (hh:mm:ss) est. time remaining.
       66% completed,  00:10:35 (hh:mm:ss) est. time remaining.
       66% completed,  00:10:31 (hh:mm:ss) est. time remaining.
       67% completed,  00:10:22 (hh:mm:ss) est. time remaining.
       67% completed,  00:10:19 (hh:mm:ss) est. time remaining.
       67% completed,  00:10:09 (hh:mm:ss) est. time remaining.
       68% completed,  00:10:00 (hh:mm:ss) est. time remaining.
       68% completed,  00:9:57 (hh:mm:ss) est. time remaining.
       68% completed,  00:9:48 (hh:mm:ss) est. time remaining.
       69% completed,  00:9:44 (hh:mm:ss) est. time remaining.
       69% completed,  00:9:35 (hh:mm:ss) est. time remaining.
       69% completed,  00:9:32 (hh:mm:ss) est. time remaining.
       70% completed,  00:9:23 (hh:mm:ss) est. time remaining.
       70% completed,  00:9:19 (hh:mm:ss) est. time remaining.
       70% completed,  00:9:11 (hh:mm:ss) est. time remaining.
       71% completed,  00:9:07 (hh:mm:ss) est. time remaining.
       71% completed,  00:8:59 (hh:mm:ss) est. time remaining.
       71% completed,  00:8:55 (hh:mm:ss) est. time remaining.
       72% completed,  00:8:47 (hh:mm:ss) est. time remaining.
       72% completed,  00:8:39 (hh:mm:ss) est. time remaining.
       72% completed,  00:8:33 (hh:mm:ss) est. time remaining.
       73% completed,  00:8:27 (hh:mm:ss) est. time remaining.
       73% completed,  00:8:23 (hh:mm:ss) est. time remaining.
       73% completed,  00:8:16 (hh:mm:ss) est. time remaining.
       74% completed,  00:8:11 (hh:mm:ss) est. time remaining.
       74% completed,  00:8:04 (hh:mm:ss) est. time remaining.
       74% completed,  00:7:59 (hh:mm:ss) est. time remaining.
       75% completed,  00:7:53 (hh:mm:ss) est. time remaining.
       75% completed,  00:7:48 (hh:mm:ss) est. time remaining.
       75% completed,  00:7:42 (hh:mm:ss) est. time remaining.
       75% completed,  00:7:37 (hh:mm:ss) est. time remaining.
       76% completed,  00:7:30 (hh:mm:ss) est. time remaining.
       76% completed,  00:7:26 (hh:mm:ss) est. time remaining.
       76% completed,  00:7:19 (hh:mm:ss) est. time remaining.
       77% completed,  00:7:15 (hh:mm:ss) est. time remaining.
       77% completed,  00:7:09 (hh:mm:ss) est. time remaining.
       77% completed,  00:7:04 (hh:mm:ss) est. time remaining.
       78% completed,  00:6:58 (hh:mm:ss) est. time remaining.
       78% completed,  00:6:54 (hh:mm:ss) est. time remaining.
       78% completed,  00:6:47 (hh:mm:ss) est. time remaining.
       78% completed,  00:6:43 (hh:mm:ss) est. time remaining.
       79% completed,  00:6:37 (hh:mm:ss) est. time remaining.
       79% completed,  00:6:32 (hh:mm:ss) est. time remaining.
       79% completed,  00:6:27 (hh:mm:ss) est. time remaining.
       79% completed,  00:6:22 (hh:mm:ss) est. time remaining.
       80% completed,  00:6:17 (hh:mm:ss) est. time remaining.
       80% completed,  00:6:11 (hh:mm:ss) est. time remaining.
       80% completed,  00:6:06 (hh:mm:ss) est. time remaining.
       81% completed,  00:6:01 (hh:mm:ss) est. time remaining.
       81% completed,  00:5:56 (hh:mm:ss) est. time remaining.
       81% completed,  00:5:51 (hh:mm:ss) est. time remaining.
       81% completed,  00:5:46 (hh:mm:ss) est. time remaining.
       82% completed,  00:5:41 (hh:mm:ss) est. time remaining.
       82% completed,  00:5:37 (hh:mm:ss) est. time remaining.
       82% completed,  00:5:32 (hh:mm:ss) est. time remaining.
       82% completed,  00:5:27 (hh:mm:ss) est. time remaining.
       83% completed,  00:5:22 (hh:mm:ss) est. time remaining.
       83% completed,  00:5:18 (hh:mm:ss) est. time remaining.
       83% completed,  00:5:13 (hh:mm:ss) est. time remaining.
       83% completed,  00:5:08 (hh:mm:ss) est. time remaining.
       84% completed,  00:5:03 (hh:mm:ss) est. time remaining.
       84% completed,  00:4:59 (hh:mm:ss) est. time remaining.
       84% completed,  00:4:55 (hh:mm:ss) est. time remaining.
       84% completed,  00:4:50 (hh:mm:ss) est. time remaining.
       85% completed,  00:4:45 (hh:mm:ss) est. time remaining.
       85% completed,  00:4:41 (hh:mm:ss) est. time remaining.
       85% completed,  00:4:37 (hh:mm:ss) est. time remaining.
       85% completed,  00:4:32 (hh:mm:ss) est. time remaining.
       85% completed,  00:4:28 (hh:mm:ss) est. time remaining.
       86% completed,  00:4:23 (hh:mm:ss) est. time remaining.
       86% completed,  00:4:19 (hh:mm:ss) est. time remaining.
       86% completed,  00:4:15 (hh:mm:ss) est. time remaining.
       86% completed,  00:4:11 (hh:mm:ss) est. time remaining.
       87% completed,  00:4:06 (hh:mm:ss) est. time remaining.
       87% completed,  00:4:03 (hh:mm:ss) est. time remaining.
       87% completed,  00:3:58 (hh:mm:ss) est. time remaining.
       87% completed,  00:3:54 (hh:mm:ss) est. time remaining.
       87% completed,  00:3:50 (hh:mm:ss) est. time remaining.
       88% completed,  00:3:46 (hh:mm:ss) est. time remaining.
       88% completed,  00:3:42 (hh:mm:ss) est. time remaining.
       88% completed,  00:3:38 (hh:mm:ss) est. time remaining.
       88% completed,  00:3:34 (hh:mm:ss) est. time remaining.
       88% completed,  00:3:31 (hh:mm:ss) est. time remaining.
       89% completed,  00:3:26 (hh:mm:ss) est. time remaining.
       89% completed,  00:3:23 (hh:mm:ss) est. time remaining.
       89% completed,  00:3:19 (hh:mm:ss) est. time remaining.
       89% completed,  00:3:15 (hh:mm:ss) est. time remaining.
       89% completed,  00:3:11 (hh:mm:ss) est. time remaining.
       90% completed,  00:3:08 (hh:mm:ss) est. time remaining.
       90% completed,  00:3:04 (hh:mm:ss) est. time remaining.
       90% completed,  00:3:01 (hh:mm:ss) est. time remaining.
       90% completed,  00:2:57 (hh:mm:ss) est. time remaining.
       90% completed,  00:2:54 (hh:mm:ss) est. time remaining.
       91% completed,  00:2:50 (hh:mm:ss) est. time remaining.
       91% completed,  00:2:47 (hh:mm:ss) est. time remaining.
       91% completed,  00:2:43 (hh:mm:ss) est. time remaining.
       91% completed,  00:2:40 (hh:mm:ss) est. time remaining.
       91% completed,  00:2:37 (hh:mm:ss) est. time remaining.
       91% completed,  00:2:33 (hh:mm:ss) est. time remaining.
       92% completed,  00:2:30 (hh:mm:ss) est. time remaining.
       92% completed,  00:2:27 (hh:mm:ss) est. time remaining.
       92% completed,  00:2:24 (hh:mm:ss) est. time remaining.
       92% completed,  00:2:20 (hh:mm:ss) est. time remaining.
       92% completed,  00:2:17 (hh:mm:ss) est. time remaining.
       92% completed,  00:2:14 (hh:mm:ss) est. time remaining.
       93% completed,  00:2:11 (hh:mm:ss) est. time remaining.
       93% completed,  00:2:08 (hh:mm:ss) est. time remaining.
       93% completed,  00:2:05 (hh:mm:ss) est. time remaining.
       93% completed,  00:2:02 (hh:mm:ss) est. time remaining.
       93% completed,  00:1:59 (hh:mm:ss) est. time remaining.
       93% completed,  00:1:56 (hh:mm:ss) est. time remaining.
       94% completed,  00:1:53 (hh:mm:ss) est. time remaining.
       94% completed,  00:1:51 (hh:mm:ss) est. time remaining.
       94% completed,  00:1:48 (hh:mm:ss) est. time remaining.
       94% completed,  00:1:45 (hh:mm:ss) est. time remaining.
       94% completed,  00:1:42 (hh:mm:ss) est. time remaining.
       94% completed,  00:1:40 (hh:mm:ss) est. time remaining.
       94% completed,  00:1:37 (hh:mm:ss) est. time remaining.
       95% completed,  00:1:34 (hh:mm:ss) est. time remaining.
       95% completed,  00:1:32 (hh:mm:ss) est. time remaining.
       95% completed,  00:1:29 (hh:mm:ss) est. time remaining.
       95% completed,  00:1:27 (hh:mm:ss) est. time remaining.
       95% completed,  00:1:24 (hh:mm:ss) est. time remaining.
       95% completed,  00:1:22 (hh:mm:ss) est. time remaining.
       95% completed,  00:1:20 (hh:mm:ss) est. time remaining.
       95% completed,  00:1:17 (hh:mm:ss) est. time remaining.
       96% completed,  00:1:15 (hh:mm:ss) est. time remaining.
       96% completed,  00:1:13 (hh:mm:ss) est. time remaining.
       96% completed,  00:1:10 (hh:mm:ss) est. time remaining.
       96% completed,  00:1:08 (hh:mm:ss) est. time remaining.
       96% completed,  00:1:06 (hh:mm:ss) est. time remaining.
       96% completed,  00:1:04 (hh:mm:ss) est. time remaining.
       96% completed,  00:1:02 (hh:mm:ss) est. time remaining.
       96% completed,  00:1:00 (hh:mm:ss) est. time remaining.
       96% completed,  00:0:58 (hh:mm:ss) est. time remaining.
       97% completed,  00:0:56 (hh:mm:ss) est. time remaining.
       97% completed,  00:0:54 (hh:mm:ss) est. time remaining.
       97% completed,  00:0:52 (hh:mm:ss) est. time remaining.
       97% completed,  00:0:50 (hh:mm:ss) est. time remaining.
       97% completed,  00:0:48 (hh:mm:ss) est. time remaining.
       97% completed,  00:0:46 (hh:mm:ss) est. time remaining.
       97% completed,  00:0:44 (hh:mm:ss) est. time remaining.
       97% completed,  00:0:42 (hh:mm:ss) est. time remaining.
       97% completed,  00:0:41 (hh:mm:ss) est. time remaining.
       97% completed,  00:0:39 (hh:mm:ss) est. time remaining.
       98% completed,  00:0:37 (hh:mm:ss) est. time remaining.
       98% completed,  00:0:36 (hh:mm:ss) est. time remaining.
       98% completed,  00:0:34 (hh:mm:ss) est. time remaining.
       98% completed,  00:0:33 (hh:mm:ss) est. time remaining.
       98% completed,  00:0:31 (hh:mm:ss) est. time remaining.
       98% completed,  00:0:30 (hh:mm:ss) est. time remaining.
       98% completed,  00:0:28 (hh:mm:ss) est. time remaining.
       98% completed,  00:0:27 (hh:mm:ss) est. time remaining.
       98% completed,  00:0:26 (hh:mm:ss) est. time remaining.
       98% completed,  00:0:24 (hh:mm:ss) est. time remaining.
       98% completed,  00:0:23 (hh:mm:ss) est. time remaining.
       98% completed,  00:0:22 (hh:mm:ss) est. time remaining.
       98% completed,  00:0:20 (hh:mm:ss) est. time remaining.
       98% completed,  00:0:19 (hh:mm:ss) est. time remaining.
       99% completed,  00:0:18 (hh:mm:ss) est. time remaining.
       99% completed,  00:0:17 (hh:mm:ss) est. time remaining.
       99% completed,  00:0:16 (hh:mm:ss) est. time remaining.
       99% completed,  00:0:15 (hh:mm:ss) est. time remaining.
       99% completed,  00:0:14 (hh:mm:ss) est. time remaining.
       99% completed,  00:0:13 (hh:mm:ss) est. time remaining.
       99% completed,  00:0:12 (hh:mm:ss) est. time remaining.
       99% completed,  00:0:11 (hh:mm:ss) est. time remaining.
       99% completed,  00:0:10 (hh:mm:ss) est. time remaining.
       99% completed,  00:0:09 (hh:mm:ss) est. time remaining.
       99% completed,  00:0:08 (hh:mm:ss) est. time remaining.
       99% completed,  00:0:08 (hh:mm:ss) est. time remaining.
       99% completed,  00:0:07 (hh:mm:ss) est. time remaining.
       99% completed,  00:0:06 (hh:mm:ss) est. time remaining.
       99% completed,  00:0:05 (hh:mm:ss) est. time remaining.
       99% completed,  00:0:05 (hh:mm:ss) est. time remaining.
       99% completed,  00:0:04 (hh:mm:ss) est. time remaining.
       99% completed,  00:0:04 (hh:mm:ss) est. time remaining.
       99% completed,  00:0:03 (hh:mm:ss) est. time remaining.
       99% completed,  00:0:03 (hh:mm:ss) est. time remaining.
       99% completed,  00:0:02 (hh:mm:ss) est. time remaining.
       99% completed,  00:0:02 (hh:mm:ss) est. time remaining.
       99% completed,  00:0:01 (hh:mm:ss) est. time remaining.
       99% completed,  00:0:01 (hh:mm:ss) est. time remaining.
       99% completed,  00:0:01 (hh:mm:ss) est. time remaining.
       99% completed,  00:0:00 (hh:mm:ss) est. time remaining.
       99% completed,  00:0:00 (hh:mm:ss) est. time remaining.
       99% completed,  00:0:00 (hh:mm:ss) est. time remaining.
       99% completed,  00:0:00 (hh:mm:ss) est. time remaining.
       99% completed,  00:0:00 (hh:mm:ss) est. time remaining.
       99% completed,  00:0:00 (hh:mm:ss) est. time remaining.
       99% completed,  00:0:00 (hh:mm:ss) est. time remaining.
      100% completed,  00:0:00 (hh:mm:ss) est. time remaining.
Comparison Time: 00:31:44 (hh:mm:ss) Elapsed Time, 3290 HSPs Collected
  - RECON: Running imagespread..
RECON Elapsed: 00:00:01 (hh:mm:ss) Elapsed Time
  - RECON: Running initial definition of elements ( eledef )..
RECON Elapsed: 00:00:06 (hh:mm:ss) Elapsed Time
  - RECON: Running re-definition of elements ( eleredef )..
RECON Elapsed: 00:00:12 (hh:mm:ss) Elapsed Time
  - RECON: Running re-definition of edges ( edgeredef )..
RECON Elapsed: 00:00:18 (hh:mm:ss) Elapsed Time
  - RECON: Running family definition ( famdef )..
RECON Elapsed: 00:00:02 (hh:mm:ss) Elapsed Time
  - Obtaining element sequences
Number of families returned by RECON: 1314
Processing families with greater than 15 elements

Processing RECON family: 171
  - Saving 24 elements
  - Refining family-171 model...

Processing RECON family: 1270
  - Saving 18 elements
  - Refining family-1270 model...

Processing RECON family: 547
  - Saving 16 elements
  - Refining family-547 model...

Processing RECON family: 136
  - Saving 16 elements
  - Refining family-136 model...
Family Refinement: 00:00:09 (hh:mm:ss) Elapsed Time
Round Time: 00:33:21 (hh:mm:ss) Elapsed Time

RepeatScout/RECON discovery complete: 48 families found


RepeatClassifier Version 2.0.1
======================================
Search Engine = rmblast
  - Looking for Simple and Low Complexity sequences..
  - Looking for similarity to known repeat proteins..
Missing /hpc/group/vilgalyslab/yk158/miniconda3/envs/repeatmasker/share/RepeatMasker/Libraries/RepeatMasker.lib.nsq!
Please rerun the configure program in the RepeatModeler directory
before running this script.
  - Looking for similarity to known repeat consensi..
Classification Time: 00:01:52 (hh:mm:ss) Elapsed Time


Program Time: 01:11:12 (hh:mm:ss) Elapsed Time
Working directory:  /work/yk158/pmiEndo/repeatmodeler/RM_37678.TueAug181842012020
may be deleted unless there were problems with the run.

The results have been saved to:
  Umbelo1-families.fa  - Consensus sequences for each family identified.
  Umbelo1-families.stk - Seed alignments for each family identified.

The RepeatModeler stockholm file is formatted so that it can
easily be submitted to the Dfam database.  Please consider contributing
curated families to this open database and be a part of this growing
community resource.  For more information contact help@dfam.org.


